
#############   Shibboleth log  #################

15:11:46.750 - INFO [Shibboleth-Access:73] - 20101001T201146Z|216.147.179.14|saml.flexmls.com:80|/profile/SAML2/Redirect/SSO|
15:11:46.750 - DEBUG [edu.internet2.middleware.shibboleth.idp.profile.IdPProfileHandlerManager:85] - shibboleth.HandlerManager: Looking up profile handler for request path: /SAML2/Redirect/SSO
15:11:46.750 - DEBUG [edu.internet2.middleware.shibboleth.idp.profile.IdPProfileHandlerManager:93] - shibboleth.HandlerManager: Located profile handler of the following type for the request path: edu.internet2.middleware.shibboleth.idp.profile.saml2.SSOProfileHandler
15:11:46.750 - DEBUG [edu.internet2.middleware.shibboleth.idp.profile.saml2.SSOProfileHandler:145] - Incoming request does not contain a login context, processing as first leg of request
15:11:46.750 - DEBUG [edu.internet2.middleware.shibboleth.idp.profile.saml2.SSOProfileHandler:297] - Decoding message with decoder binding 'urn:oasis:names:tc:SAML:2.0:bindings:HTTP-Redirect'
15:11:46.750 - DEBUG [org.opensaml.ws.message.decoder.BaseMessageDecoder:72] - Beginning to decode message from inbound transport of type: org.opensaml.ws.transport.http.HttpServletRequestAdapter
15:11:46.751 - DEBUG [org.opensaml.saml2.binding.decoding.HTTPRedirectDeflateDecoder:89] - Decoded RelayState: null
15:11:46.751 - DEBUG [org.opensaml.saml2.binding.decoding.HTTPRedirectDeflateDecoder:126] - Base64 decoding and inflating SAML message
15:11:46.751 - DEBUG [org.opensaml.ws.message.decoder.BaseMessageDecoder:161] - Parsing message stream into DOM document
15:11:46.755 - DEBUG [org.opensaml.ws.message.decoder.BaseMessageDecoder:171] - Unmarshalling message DOM
15:11:46.755 - DEBUG [org.opensaml.ws.message.decoder.BaseMessageDecoder:183] - Message succesfully unmarshalled
15:11:46.755 - DEBUG [org.opensaml.saml2.binding.decoding.HTTPRedirectDeflateDecoder:104] - Decoded SAML message
15:11:46.756 - DEBUG [org.opensaml.saml2.binding.decoding.BaseSAML2MessageDecoder:111] - Extracting ID, issuer and issue instant from request
15:11:46.756 - DEBUG [org.opensaml.saml2.metadata.provider.ChainingMetadataProvider:193] - Checking child metadata provider for entity descriptor with entity ID: http://samltest-zxid.flexmls.com/ticketLogin?o=B
15:11:46.756 - DEBUG [org.opensaml.saml2.metadata.provider.AbstractMetadataProvider:237] - Searching for entity descriptor with an entity ID of http://samltest-zxid.flexmls.com/ticketLogin?o=B
15:11:46.756 - DEBUG [org.opensaml.saml2.metadata.provider.AbstractMetadataProvider:95] - Metadata document does not contain an EntityDescriptor with the ID http://samltest-zxid.flexmls.com/ticketLogin?o=B
15:11:46.756 - DEBUG [org.opensaml.saml2.metadata.provider.ChainingMetadataProvider:193] - Checking child metadata provider for entity descriptor with entity ID: http://samltest-zxid.flexmls.com/ticketLogin?o=B
15:11:46.756 - DEBUG [org.opensaml.saml2.metadata.provider.AbstractMetadataProvider:237] - Searching for entity descriptor with an entity ID of http://samltest-zxid.flexmls.com/ticketLogin?o=B
15:11:46.756 - DEBUG [org.opensaml.saml2.metadata.provider.AbstractMetadataProvider:95] - Metadata document does not contain an EntityDescriptor with the ID http://samltest-zxid.flexmls.com/ticketLogin?o=B
15:11:46.756 - DEBUG [org.opensaml.saml2.metadata.provider.ChainingMetadataProvider:193] - Checking child metadata provider for entity descriptor with entity ID: http://samltest-zxid.flexmls.com/ticketLogin?o=B
15:11:46.757 - DEBUG [org.opensaml.saml2.metadata.provider.AbstractMetadataProvider:237] - Searching for entity descriptor with an entity ID of http://samltest-zxid.flexmls.com/ticketLogin?o=B
15:11:46.757 - DEBUG [PROTOCOL_MESSAGE:91] -
<?xml version="1.0" encoding="UTF-8"?><sp:AuthnRequest xmlns:sp="urn:oasis:names:tc:SAML:2.0:protocol" AssertionConsumerServiceIndex="2" Destination="http://saml.flexmls.com/idp/profile/SAML2/Redirect/SSO" ID="Nh4C91R3rLrc1c7pQWP9Q0r61" IssueInstant="2010-10-01T20:11:52Z" ProviderName="flexmls Web Service Provider" Version="2.0">
   <sa:Issuer xmlns:sa="urn:oasis:names:tc:SAML:2.0:assertion">http://samltest-zxid.flexmls.com/ticketLogin?o=B</sa:Issuer>
   <sp:NameIDPolicy AllowCreate="1" Format="urn:oasis:names:tc:SAML:2.0:nameid-format:persistent"/>
</sp:AuthnRequest>

15:11:46.757 - DEBUG [edu.internet2.middleware.shibboleth.common.relyingparty.provider.SAMLMDRelyingPartyConfigurationManager:126] - Looking up relying party configuration for http://samltest-zxid.flexmls.com/ticketLogin?o=B
15:11:46.758 - DEBUG [edu.internet2.middleware.shibboleth.common.relyingparty.provider.SAMLMDRelyingPartyConfigurationManager:128] - Custom relying party configuration found for http://samltest-zxid.flexmls.com/ticketLogin?o=B
15:11:46.758 - DEBUG [org.opensaml.ws.message.decoder.BaseMessageDecoder:108] - Evaluating security policy of type 'edu.internet2.middleware.shibboleth.common.security.ShibbolethSecurityPolicy' for decoded message
15:11:46.758 - DEBUG [org.opensaml.util.storage.ReplayCache:91] - Attempting to acquire lock for replay cache check
15:11:46.758 - DEBUG [org.opensaml.util.storage.ReplayCache:93] - Lock acquired
15:11:46.758 - DEBUG [org.opensaml.util.storage.ReplayCache:104] - Message ID Nh4C91R3rLrc1c7pQWP9Q0r61 was not a replay
15:11:46.758 - DEBUG [org.opensaml.util.storage.ReplayCache:131] - Writing message ID http://samltest-zxid.flexmls.com/ticketLogin?o=BNh4C91R3rLrc1c7pQWP9Q0r61 to replay cache with expiration time 2010-10-01T15:16:46.758-05:00
15:11:46.758 - DEBUG [org.opensaml.saml2.metadata.provider.ChainingMetadataProvider:193] - Checking child metadata provider for entity descriptor with entity ID: http://samltest-zxid.flexmls.com/ticketLogin?o=B
15:11:46.759 - DEBUG [org.opensaml.saml2.metadata.provider.AbstractMetadataProvider:237] - Searching for entity descriptor with an entity ID of http://samltest-zxid.flexmls.com/ticketLogin?o=B
15:11:46.759 - DEBUG [org.opensaml.saml2.metadata.provider.AbstractMetadataProvider:95] - Metadata document does not contain an EntityDescriptor with the ID http://samltest-zxid.flexmls.com/ticketLogin?o=B
15:11:46.759 - DEBUG [org.opensaml.saml2.metadata.provider.ChainingMetadataProvider:193] - Checking child metadata provider for entity descriptor with entity ID: http://samltest-zxid.flexmls.com/ticketLogin?o=B
15:11:46.759 - DEBUG [org.opensaml.saml2.metadata.provider.AbstractMetadataProvider:237] - Searching for entity descriptor with an entity ID of http://samltest-zxid.flexmls.com/ticketLogin?o=B
15:11:46.759 - DEBUG [org.opensaml.saml2.metadata.provider.AbstractMetadataProvider:95] - Metadata document does not contain an EntityDescriptor with the ID http://samltest-zxid.flexmls.com/ticketLogin?o=B
15:11:46.759 - DEBUG [org.opensaml.saml2.metadata.provider.ChainingMetadataProvider:193] - Checking child metadata provider for entity descriptor with entity ID: http://samltest-zxid.flexmls.com/ticketLogin?o=B
15:11:46.759 - DEBUG [org.opensaml.saml2.metadata.provider.AbstractMetadataProvider:237] - Searching for entity descriptor with an entity ID of http://samltest-zxid.flexmls.com/ticketLogin?o=B
15:11:46.759 - DEBUG [org.opensaml.saml2.binding.security.SAML2AuthnRequestsSignedRule:91] - SPSSODescriptor for entity ID 'http://samltest-zxid.flexmls.com/ticketLogin?o=B' does not require AuthnRequests to be signed
15:11:46.760 - INFO [org.opensaml.common.binding.security.SAMLProtocolMessageXMLSignatureSecurityPolicyRule:99] - SAML protocol message was not signed, skipping XML signature processing
15:11:46.760 - DEBUG [org.opensaml.common.binding.security.BaseSAMLSimpleSignatureSecurityPolicyRule:63] - Evaluating simple signature rule of type: org.opensaml.saml2.binding.security.SAML2HTTPRedirectDeflateSignatureRule
15:11:46.760 - DEBUG [org.opensaml.common.binding.security.BaseSAMLSimpleSignatureSecurityPolicyRule:86] - HTTP request was not signed via simple signature mechanism, skipping
15:11:46.760 - DEBUG [org.opensaml.common.binding.security.BaseSAMLSimpleSignatureSecurityPolicyRule:63] - Evaluating simple signature rule of type: org.opensaml.saml2.binding.security.SAML2HTTPPostSimpleSignRule
15:11:46.760 - DEBUG [org.opensaml.common.binding.security.BaseSAMLSimpleSignatureSecurityPolicyRule:80] - Rule can not handle this request, skipping processing
15:11:46.760 - DEBUG [org.opensaml.ws.message.decoder.BaseMessageDecoder:81] - Successfully decoded message.
15:11:46.760 - DEBUG [org.opensaml.common.binding.decoding.BaseSAMLMessageDecoder:180] - Checking SAML message intended destination endpoint against receiver endpoint
15:11:46.760 - DEBUG [org.opensaml.common.binding.decoding.BaseSAMLMessageDecoder:199] - Intended message destination endpoint: http://saml.flexmls.com/idp/profile/SAML2/Redirect/SSO
15:11:46.760 - DEBUG [org.opensaml.common.binding.decoding.BaseSAMLMessageDecoder:200] - Actual message receiver endpoint: http://saml.flexmls.com/idp/profile/SAML2/Redirect/SSO
15:11:46.762 - DEBUG [org.opensaml.common.binding.decoding.BaseSAMLMessageDecoder:208] - SAML message intended destination endpoint matched recipient endpoint
15:11:46.762 - DEBUG [edu.internet2.middleware.shibboleth.idp.profile.saml2.SSOProfileHandler:318] - Decoded request from relying party 'http://samltest-zxid.flexmls.com/ticketLogin?o=B'
15:11:46.762 - DEBUG [org.opensaml.saml2.metadata.provider.ChainingMetadataProvider:193] - Checking child metadata provider for entity descriptor with entity ID: http://samltest-zxid.flexmls.com/ticketLogin?o=B
15:11:46.762 - DEBUG [org.opensaml.saml2.metadata.provider.AbstractMetadataProvider:237] - Searching for entity descriptor with an entity ID of http://samltest-zxid.flexmls.com/ticketLogin?o=B
15:11:46.763 - DEBUG [org.opensaml.saml2.metadata.provider.AbstractMetadataProvider:95] - Metadata document does not contain an EntityDescriptor with the ID http://samltest-zxid.flexmls.com/ticketLogin?o=B
15:11:46.763 - DEBUG [org.opensaml.saml2.metadata.provider.ChainingMetadataProvider:193] - Checking child metadata provider for entity descriptor with entity ID: http://samltest-zxid.flexmls.com/ticketLogin?o=B
15:11:46.763 - DEBUG [org.opensaml.saml2.metadata.provider.AbstractMetadataProvider:237] - Searching for entity descriptor with an entity ID of http://samltest-zxid.flexmls.com/ticketLogin?o=B
15:11:46.763 - DEBUG [org.opensaml.saml2.metadata.provider.AbstractMetadataProvider:95] - Metadata document does not contain an EntityDescriptor with the ID http://samltest-zxid.flexmls.com/ticketLogin?o=B
15:11:46.763 - DEBUG [org.opensaml.saml2.metadata.provider.ChainingMetadataProvider:193] - Checking child metadata provider for entity descriptor with entity ID: http://samltest-zxid.flexmls.com/ticketLogin?o=B
15:11:46.763 - DEBUG [org.opensaml.saml2.metadata.provider.AbstractMetadataProvider:237] - Searching for entity descriptor with an entity ID of http://samltest-zxid.flexmls.com/ticketLogin?o=B
15:11:46.763 - DEBUG [edu.internet2.middleware.shibboleth.common.relyingparty.provider.SAMLMDRelyingPartyConfigurationManager:126] - Looking up relying party configuration for http://samltest-zxid.flexmls.com/ticketLogin?o=B
15:11:46.763 - DEBUG [edu.internet2.middleware.shibboleth.common.relyingparty.provider.SAMLMDRelyingPartyConfigurationManager:128] - Custom relying party configuration found for http://samltest-zxid.flexmls.com/ticketLogin?o=B
15:11:46.763 - DEBUG [edu.internet2.middleware.shibboleth.idp.profile.saml2.SSOProfileHandler:181] - Creating login context and transferring control to authentication engine
15:11:46.765 - DEBUG [edu.internet2.middleware.shibboleth.idp.authn.AuthenticationEngine:198] - Processing incoming request
15:11:46.765 - DEBUG [edu.internet2.middleware.shibboleth.idp.authn.AuthenticationEngine:228] - Beginning user authentication process.
15:11:46.765 - DEBUG [edu.internet2.middleware.shibboleth.idp.authn.AuthenticationEngine:334] - Filtering configured login handlers by requested athentication methods.
15:11:46.765 - DEBUG [edu.internet2.middleware.shibboleth.idp.authn.AuthenticationEngine:335] - Configured LoginHandlers: {urn:oasis:names:tc:SAML:2.0:ac:classes:PreviousSession=edu.internet2.middleware.shibboleth.idp.authn.provider.PreviousSessionLoginHandler@16793542, urn:oasis:names:tc:SAML:2.0:ac:classes:unspecified=edu.internet2.middleware.shibboleth.idp.authn.provider.RemoteUserLoginHandler@6f978b94}
15:11:46.765 - DEBUG [edu.internet2.middleware.shibboleth.idp.authn.AuthenticationEngine:336] - Requested authentication methods: []
15:11:46.765 - DEBUG [edu.internet2.middleware.shibboleth.idp.authn.AuthenticationEngine:236] - Possible authentication handlers for this request: {urn:oasis:names:tc:SAML:2.0:ac:classes:PreviousSession=edu.internet2.middleware.shibboleth.idp.authn.provider.PreviousSessionLoginHandler@16793542, urn:oasis:names:tc:SAML:2.0:ac:classes:unspecified=edu.internet2.middleware.shibboleth.idp.authn.provider.RemoteUserLoginHandler@6f978b94}
15:11:46.766 - DEBUG [edu.internet2.middleware.shibboleth.idp.authn.AuthenticationEngine:246] - Possible authentication handlers after filtering: {urn:oasis:names:tc:SAML:2.0:ac:classes:PreviousSession=edu.internet2.middleware.shibboleth.idp.authn.provider.PreviousSessionLoginHandler@16793542, urn:oasis:names:tc:SAML:2.0:ac:classes:unspecified=edu.internet2.middleware.shibboleth.idp.authn.provider.RemoteUserLoginHandler@6f978b94}
15:11:46.766 - DEBUG [edu.internet2.middleware.shibboleth.idp.authn.AuthenticationEngine:277] - Selecting appropriate login handler for request
15:11:46.766 - DEBUG [edu.internet2.middleware.shibboleth.idp.authn.AuthenticationEngine:250] - Authenticating user with login handler of type edu.internet2.middleware.shibboleth.idp.authn.provider.RemoteUserLoginHandler
15:11:46.766 - DEBUG [edu.internet2.middleware.shibboleth.idp.util.HttpServletHelper:155] - LoginContext parition: loginContexts
15:11:46.766 - DEBUG [edu.internet2.middleware.shibboleth.idp.util.HttpServletHelper:161] - LoginContext key: af81bded-a741-40bc-9ab4-b3c54269ebd7
15:11:46.766 - DEBUG [edu.internet2.middleware.shibboleth.idp.authn.provider.RemoteUserLoginHandler:75] - Redirecting to http://saml.flexmls.com:80/idp/Authn/RemoteUser



############   (logged in here ################


15:13:51.671 - DEBUG [edu.internet2.middleware.shibboleth.idp.authn.provider.RemoteUserAuthServlet:48] - Remote user identified as cal returning control back to authentication engine
15:13:51.672 - DEBUG [edu.internet2.middleware.shibboleth.idp.authn.AuthenticationEngine:143] - Returning control to authentication engine
15:13:51.672 - DEBUG [edu.internet2.middleware.shibboleth.idp.util.HttpServletHelper:296] - LoginContext not bound to HTTP request, retrieving it from storage service
15:13:51.672 - DEBUG [edu.internet2.middleware.shibboleth.idp.util.HttpServletHelper:307] - LoginContext key is 'af81bded-a741-40bc-9ab4-b3c54269ebd7'
15:13:51.672 - DEBUG [edu.internet2.middleware.shibboleth.idp.util.HttpServletHelper:310] - parition: loginContexts
15:13:51.673 - DEBUG [edu.internet2.middleware.shibboleth.idp.authn.AuthenticationEngine:198] - Processing incoming request
15:13:51.673 - DEBUG [edu.internet2.middleware.shibboleth.idp.util.HttpServletHelper:296] - LoginContext not bound to HTTP request, retrieving it from storage service
15:13:51.673 - DEBUG [edu.internet2.middleware.shibboleth.idp.util.HttpServletHelper:307] - LoginContext key is 'af81bded-a741-40bc-9ab4-b3c54269ebd7'
15:13:51.673 - DEBUG [edu.internet2.middleware.shibboleth.idp.util.HttpServletHelper:310] - parition: loginContexts
15:13:51.673 - DEBUG [edu.internet2.middleware.shibboleth.idp.authn.AuthenticationEngine:477] - Completing user authentication process
15:13:51.673 - DEBUG [edu.internet2.middleware.shibboleth.idp.authn.AuthenticationEngine:537] - Validating authentication was performed successfully
15:13:51.679 - DEBUG [edu.internet2.middleware.shibboleth.idp.authn.AuthenticationEngine:640] - Updating session information for principal cal
15:13:51.679 - DEBUG [edu.internet2.middleware.shibboleth.idp.authn.AuthenticationEngine:644] - Creating shibboleth session for principal cal
15:13:51.681 - DEBUG [edu.internet2.middleware.shibboleth.idp.authn.AuthenticationEngine:745] - Adding IdP session cookie to HTTP response
15:13:51.683 - DEBUG [edu.internet2.middleware.shibboleth.idp.authn.AuthenticationEngine:657] - Recording authentication and service information in Shibboleth session for principal: cal
15:13:51.684 - DEBUG [edu.internet2.middleware.shibboleth.idp.authn.AuthenticationEngine:512] - User cal authenticated with method urn:oasis:names:tc:SAML:2.0:ac:classes:unspecified
15:13:51.684 - DEBUG [edu.internet2.middleware.shibboleth.idp.authn.AuthenticationEngine:160] - Returning control to profile handler
15:13:51.684 - DEBUG [edu.internet2.middleware.shibboleth.idp.util.HttpServletHelper:296] - LoginContext not bound to HTTP request, retrieving it from storage service
15:13:51.684 - DEBUG [edu.internet2.middleware.shibboleth.idp.util.HttpServletHelper:307] - LoginContext key is 'af81bded-a741-40bc-9ab4-b3c54269ebd7'
15:13:51.685 - DEBUG [edu.internet2.middleware.shibboleth.idp.util.HttpServletHelper:310] - parition: loginContexts
15:13:51.685 - DEBUG [edu.internet2.middleware.shibboleth.idp.authn.AuthenticationEngine:170] - Returning control to profile handler at: /profile/SAML2/Redirect/SSO
15:13:51.685 - INFO [Shibboleth-Access:73] - 20101001T201351Z|216.147.179.14|saml.flexmls.com:80|/profile/SAML2/Redirect/SSO|
15:13:51.685 - DEBUG [edu.internet2.middleware.shibboleth.idp.profile.IdPProfileHandlerManager:85] - shibboleth.HandlerManager: Looking up profile handler for request path: /SAML2/Redirect/SSO
15:13:51.685 - DEBUG [edu.internet2.middleware.shibboleth.idp.profile.IdPProfileHandlerManager:93] - shibboleth.HandlerManager: Located profile handler of the following type for the request path: edu.internet2.middleware.shibboleth.idp.profile.saml2.SSOProfileHandler
15:13:51.686 - DEBUG [edu.internet2.middleware.shibboleth.idp.profile.saml2.SSOProfileHandler:148] - Incoming request contains a login context, processing as second leg of request
15:13:51.686 - DEBUG [org.opensaml.saml2.metadata.provider.ChainingMetadataProvider:193] - Checking child metadata provider for entity descriptor with entity ID: http://samltest-zxid.flexmls.com/ticketLogin?o=B
15:13:51.686 - DEBUG [org.opensaml.saml2.metadata.provider.AbstractMetadataProvider:237] - Searching for entity descriptor with an entity ID of http://samltest-zxid.flexmls.com/ticketLogin?o=B
15:13:51.686 - DEBUG [org.opensaml.saml2.metadata.provider.AbstractMetadataProvider:95] - Metadata document does not contain an EntityDescriptor with the ID http://samltest-zxid.flexmls.com/ticketLogin?o=B
15:13:51.686 - DEBUG [org.opensaml.saml2.metadata.provider.ChainingMetadataProvider:193] - Checking child metadata provider for entity descriptor with entity ID: http://samltest-zxid.flexmls.com/ticketLogin?o=B
15:13:51.687 - DEBUG [org.opensaml.saml2.metadata.provider.AbstractMetadataProvider:237] - Searching for entity descriptor with an entity ID of http://samltest-zxid.flexmls.com/ticketLogin?o=B
15:13:51.687 - DEBUG [org.opensaml.saml2.metadata.provider.AbstractMetadataProvider:95] - Metadata document does not contain an EntityDescriptor with the ID http://samltest-zxid.flexmls.com/ticketLogin?o=B
15:13:51.687 - DEBUG [org.opensaml.saml2.metadata.provider.ChainingMetadataProvider:193] - Checking child metadata provider for entity descriptor with entity ID: http://samltest-zxid.flexmls.com/ticketLogin?o=B
15:13:51.687 - DEBUG [org.opensaml.saml2.metadata.provider.AbstractMetadataProvider:237] - Searching for entity descriptor with an entity ID of http://samltest-zxid.flexmls.com/ticketLogin?o=B
15:13:51.687 - DEBUG [org.opensaml.saml2.metadata.provider.ChainingMetadataProvider:193] - Checking child metadata provider for entity descriptor with entity ID: http://samltest-zxid.flexmls.com/ticketLogin?o=B
15:13:51.687 - DEBUG [org.opensaml.saml2.metadata.provider.AbstractMetadataProvider:237] - Searching for entity descriptor with an entity ID of http://samltest-zxid.flexmls.com/ticketLogin?o=B
15:13:51.687 - DEBUG [org.opensaml.saml2.metadata.provider.AbstractMetadataProvider:95] - Metadata document does not contain an EntityDescriptor with the ID http://samltest-zxid.flexmls.com/ticketLogin?o=B
15:13:51.688 - DEBUG [org.opensaml.saml2.metadata.provider.ChainingMetadataProvider:193] - Checking child metadata provider for entity descriptor with entity ID: http://samltest-zxid.flexmls.com/ticketLogin?o=B
15:13:51.688 - DEBUG [org.opensaml.saml2.metadata.provider.AbstractMetadataProvider:237] - Searching for entity descriptor with an entity ID of http://samltest-zxid.flexmls.com/ticketLogin?o=B
15:13:51.688 - DEBUG [org.opensaml.saml2.metadata.provider.AbstractMetadataProvider:95] - Metadata document does not contain an EntityDescriptor with the ID http://samltest-zxid.flexmls.com/ticketLogin?o=B
15:13:51.688 - DEBUG [org.opensaml.saml2.metadata.provider.ChainingMetadataProvider:193] - Checking child metadata provider for entity descriptor with entity ID: http://samltest-zxid.flexmls.com/ticketLogin?o=B
15:13:51.688 - DEBUG [org.opensaml.saml2.metadata.provider.AbstractMetadataProvider:237] - Searching for entity descriptor with an entity ID of http://samltest-zxid.flexmls.com/ticketLogin?o=B
15:13:51.688 - DEBUG [edu.internet2.middleware.shibboleth.common.relyingparty.provider.SAMLMDRelyingPartyConfigurationManager:126] - Looking up relying party configuration for http://samltest-zxid.flexmls.com/ticketLogin?o=B
15:13:51.689 - DEBUG [edu.internet2.middleware.shibboleth.common.relyingparty.provider.SAMLMDRelyingPartyConfigurationManager:128] - Custom relying party configuration found for http://samltest-zxid.flexmls.com/ticketLogin?o=B
15:13:51.689 - DEBUG [org.opensaml.saml2.metadata.provider.ChainingMetadataProvider:193] - Checking child metadata provider for entity descriptor with entity ID: http://saml.flexmls.com/idp/shibboleth
15:13:51.689 - DEBUG [org.opensaml.saml2.metadata.provider.AbstractMetadataProvider:237] - Searching for entity descriptor with an entity ID of http://saml.flexmls.com/idp/shibboleth
15:13:51.692 - DEBUG [org.opensaml.saml2.binding.AuthnResponseEndpointSelector:100] - Filtering peer endpoints.  Supported peer endpoint bindings: [urn:oasis:names:tc:SAML:2.0:bindings:HTTP-POST-SimpleSign, urn:oasis:names:tc:SAML:2.0:bindings:HTTP-POST, urn:oasis:names:tc:SAML:2.0:bindings:HTTP-Artifact]
15:13:51.692 - DEBUG [org.opensaml.saml2.binding.AuthnResponseEndpointSelector:115] - Removing endpoint http://samltest-zxid.flexmls.com/ticketLogin?o=S because its binding urn:oasis:names:tc:SAML:2.0:bindings:SOAP is not supported
15:13:51.693 - DEBUG [org.opensaml.saml2.binding.AuthnResponseEndpointSelector:115] - Removing endpoint http://samltest-zxid.flexmls.com/ticketLogin?o=P because its binding urn:oasis:names:tc:SAML:2.0:bindings:PAOS is not supported
15:13:51.693 - DEBUG [org.opensaml.saml2.binding.AuthnResponseEndpointSelector:64] - Selecting endpoint by ACS index '2' for request 'Nh4C91R3rLrc1c7pQWP9Q0r61' from entity 'http://samltest-zxid.flexmls.com/ticketLogin?o=B'
15:13:51.693 - DEBUG [org.opensaml.saml2.binding.AuthnResponseEndpointSelector:153] - Endpoint 'http://samltest-zxid.flexmls.com/ticketLogin' with index '1' discard because it does have the required index '2'
15:13:51.693 - DEBUG [edu.internet2.middleware.shibboleth.idp.profile.saml2.AbstractSAML2ProfileHandler:459] - Resolving attributes for principal 'cal' for SAML request from relying party 'http://samltest-zxid.flexmls.com/ticketLogin?o=B'
15:13:51.695 - DEBUG [edu.internet2.middleware.shibboleth.common.attribute.resolver.provider.ShibbolethAttributeResolver:118] - shibboleth.AttributeResolver resolving attributes for principal cal
15:13:51.695 - DEBUG [edu.internet2.middleware.shibboleth.common.attribute.resolver.provider.ShibbolethAttributeResolver:249] - Specific attributes for principal cal were not requested, resolving all attributes.
15:13:51.695 - DEBUG [edu.internet2.middleware.shibboleth.common.attribute.resolver.provider.ShibbolethAttributeResolver:285] - Resolving attribute principal for principal cal
15:13:51.696 - DEBUG [edu.internet2.middleware.shibboleth.common.attribute.resolver.provider.ShibbolethAttributeResolver:307] - Resolved attribute principal containing 1 values
15:13:51.696 - DEBUG [edu.internet2.middleware.shibboleth.common.attribute.resolver.provider.ShibbolethAttributeResolver:285] - Resolving attribute transientId for principal cal
15:13:51.697 - DEBUG [edu.internet2.middleware.shibboleth.common.attribute.resolver.provider.ShibbolethAttributeResolver:307] - Resolved attribute transientId containing 1 values
15:13:51.697 - DEBUG [edu.internet2.middleware.shibboleth.common.attribute.resolver.provider.ShibbolethAttributeResolver:136] - shibboleth.AttributeResolver resolved, for principal cal, the attributes: [principal, transientId]
15:13:51.697 - DEBUG [edu.internet2.middleware.shibboleth.common.attribute.filtering.provider.ShibbolethAttributeFilteringEngine:70] - shibboleth.AttributeFilterEngine filtering 2 attributes for principal cal
15:13:51.698 - DEBUG [edu.internet2.middleware.shibboleth.common.attribute.filtering.provider.ShibbolethAttributeFilteringEngine:122] - Evaluating if filter policy releaseTransientIdToAnyone is active for principal cal
15:13:51.698 - DEBUG [edu.internet2.middleware.shibboleth.common.attribute.filtering.provider.ShibbolethAttributeFilteringEngine:131] - Filter policy releaseTransientIdToAnyone is active for principal cal
15:13:51.698 - DEBUG [edu.internet2.middleware.shibboleth.common.attribute.filtering.provider.ShibbolethAttributeFilteringEngine:156] - Processing permit value rule for attribute transientId for principal cal
15:13:51.699 - DEBUG [edu.internet2.middleware.shibboleth.common.attribute.filtering.provider.ShibbolethAttributeFilteringEngine:122] - Evaluating if filter policy null is active for principal cal
15:13:51.699 - DEBUG [edu.internet2.middleware.shibboleth.common.attribute.filtering.provider.ShibbolethAttributeFilteringEngine:131] - Filter policy null is active for principal cal
15:13:51.699 - DEBUG [edu.internet2.middleware.shibboleth.common.attribute.filtering.provider.ShibbolethAttributeFilteringEngine:156] - Processing permit value rule for attribute eduPersonEntitlement for principal cal
15:13:51.699 - DEBUG [edu.internet2.middleware.shibboleth.common.attribute.filtering.provider.ShibbolethAttributeFilteringEngine:156] - Processing permit value rule for attribute eduPersonPrincipalName for principal cal
15:13:51.699 - DEBUG [edu.internet2.middleware.shibboleth.common.attribute.filtering.provider.ShibbolethAttributeFilteringEngine:156] - Processing permit value rule for attribute uid for principal cal
15:13:51.699 - DEBUG [edu.internet2.middleware.shibboleth.common.attribute.filtering.provider.ShibbolethAttributeFilteringEngine:156] - Processing permit value rule for attribute principal for principal cal
15:13:51.700 - DEBUG [edu.internet2.middleware.shibboleth.common.attribute.filtering.provider.ShibbolethAttributeFilteringEngine:106] - Filtered attributes for principal cal.  The following attributes remain: [principal, transientId]
15:13:51.702 - DEBUG [edu.internet2.middleware.shibboleth.idp.profile.saml2.AbstractSAML2ProfileHandler:485] - Creating attribute statement in response to SAML request 'Nh4C91R3rLrc1c7pQWP9Q0r61' from relying party 'http://samltest-zxid.flexmls.com/ticketLogin?o=B'
15:13:51.702 - DEBUG [edu.internet2.middleware.shibboleth.common.attribute.provider.ShibbolethSAML2AttributeAuthority:225] - Attribute principal was not encoded because no SAML2AttributeEncoder was attached to it.
15:13:51.702 - DEBUG [edu.internet2.middleware.shibboleth.common.attribute.provider.ShibbolethSAML2AttributeAuthority:225] - Attribute transientId was not encoded because no SAML2AttributeEncoder was attached to it.
15:13:51.703 - DEBUG [edu.internet2.middleware.shibboleth.common.attribute.provider.ShibbolethSAML2AttributeAuthority:127] - No attributes remained after encoding and filtering by value, no attribute statement built
15:13:51.708 - DEBUG [edu.internet2.middleware.shibboleth.idp.profile.saml2.AbstractSAML2ProfileHandler:833] - Building assertion NameID for principal/relying party:cal/http://samltest-zxid.flexmls.com/ticketLogin?o=B
15:13:51.708 - DEBUG [edu.internet2.middleware.shibboleth.idp.profile.saml2.AbstractSAML2ProfileHandler:858] - Relying party 'http://samltest-zxid.flexmls.com/ticketLogin?o=B' supports the name formats: [urn:oasis:names:tc:SAML:2.0:nameid-format:persistent]
15:13:51.708 - DEBUG [edu.internet2.middleware.shibboleth.idp.profile.saml2.AbstractSAML2ProfileHandler:918] - Using attribute 'principal' supporting NameID format 'urn:oasis:names:tc:SAML:2.0:nameid-format:persistent' to create the NameID for relying party 'http://samltest-zxid.flexmls.com/ticketLogin?o=B'
15:13:51.709 - DEBUG [edu.internet2.middleware.shibboleth.idp.profile.saml2.AbstractSAML2ProfileHandler:554] - Determining if SAML assertion to relying party 'http://samltest-zxid.flexmls.com/ticketLogin?o=B' should be signed
15:13:51.709 - DEBUG [edu.internet2.middleware.shibboleth.idp.profile.saml2.AbstractSAML2ProfileHandler:628] - IdP relying party configuration 'http://samltest-zxid.flexmls.com/ticketLogin?o=B' indicates to sign assertions: true
15:13:51.709 - DEBUG [edu.internet2.middleware.shibboleth.idp.profile.saml2.AbstractSAML2ProfileHandler:565] - Determining signing credntial for assertion to relying party 'http://samltest-zxid.flexmls.com/ticketLogin?o=B'
15:13:51.709 - DEBUG [edu.internet2.middleware.shibboleth.idp.profile.saml2.AbstractSAML2ProfileHandler:580] - Signing assertion to relying party http://samltest-zxid.flexmls.com/ticketLogin?o=B
15:13:51.718 - DEBUG [org.opensaml.xml.signature.impl.SignatureMarshaller:99] - Starting to marshall {http://www.w3.org/2000/09/xmldsig#}Signature
15:13:51.719 - DEBUG [org.opensaml.xml.signature.impl.SignatureMarshaller:102] - Creating XMLSignature object
15:13:51.723 - DEBUG [org.opensaml.xml.signature.impl.SignatureMarshaller:112] - Adding content to XMLSignature.
15:13:51.724 - DEBUG [org.opensaml.common.impl.SAMLObjectContentReference:172] - Adding list of inclusive namespaces for signature exclusive canonicalization transform
15:13:51.728 - DEBUG [org.opensaml.xml.signature.impl.SignatureMarshaller:117] - Creating Signature DOM element
15:13:51.730 - DEBUG [org.opensaml.xml.signature.Signer:77] - Computing signature over XMLSignature object
15:13:51.752 - DEBUG [edu.internet2.middleware.shibboleth.idp.profile.saml2.AbstractSAML2ProfileHandler:833] - Building assertion NameID for principal/relying party:cal/http://samltest-zxid.flexmls.com/ticketLogin?o=B
15:13:51.752 - DEBUG [edu.internet2.middleware.shibboleth.idp.profile.saml2.AbstractSAML2ProfileHandler:858] - Relying party 'http://samltest-zxid.flexmls.com/ticketLogin?o=B' supports the name formats: [urn:oasis:names:tc:SAML:2.0:nameid-format:persistent]
15:13:51.752 - DEBUG [edu.internet2.middleware.shibboleth.idp.profile.saml2.AbstractSAML2ProfileHandler:918] - Using attribute 'principal' supporting NameID format 'urn:oasis:names:tc:SAML:2.0:nameid-format:persistent' to create the NameID for relying party 'http://samltest-zxid.flexmls.com/ticketLogin?o=B'
15:13:51.752 - DEBUG [edu.internet2.middleware.shibboleth.idp.profile.AbstractSAMLProfileHandler:524] - Encoding response to SAML request Nh4C91R3rLrc1c7pQWP9Q0r61 from relying party http://samltest-zxid.flexmls.com/ticketLogin?o=B
15:13:51.753 - DEBUG [org.opensaml.ws.message.encoder.BaseMessageEncoder:47] - Beginning encode message to outbound transport of type: org.opensaml.ws.transport.http.HttpServletResponseAdapter
15:13:51.755 - DEBUG [org.opensaml.xml.signature.impl.SignatureMarshaller:99] - Starting to marshall {http://www.w3.org/2000/09/xmldsig#}Signature
15:13:51.755 - DEBUG [org.opensaml.xml.signature.impl.SignatureMarshaller:102] - Creating XMLSignature object
15:13:51.755 - DEBUG [org.opensaml.xml.signature.impl.SignatureMarshaller:112] - Adding content to XMLSignature.
15:13:51.755 - DEBUG [org.opensaml.common.impl.SAMLObjectContentReference:172] - Adding list of inclusive namespaces for signature exclusive canonicalization transform
15:13:51.756 - DEBUG [org.opensaml.xml.signature.impl.SignatureMarshaller:117] - Creating Signature DOM element
15:13:51.756 - DEBUG [org.opensaml.xml.signature.Signer:77] - Computing signature over XMLSignature object
15:13:51.769 - DEBUG [org.opensaml.saml2.binding.encoding.HTTPPostEncoder:121] - Invoking Velocity template to create POST body
15:13:51.771 - DEBUG [org.opensaml.saml2.binding.encoding.HTTPPostEncoder:152] - Encoding action url of: http://samltest-zxid.flexmls.com/ticketLogin?o=P
15:13:51.771 - DEBUG [org.opensaml.saml2.binding.encoding.HTTPPostEncoder:155] - Marshalling and Base64 encoding SAML message
15:13:51.785 - DEBUG [PROTOCOL_MESSAGE:64] -
<?xml version="1.0" encoding="UTF-8"?><saml2p:Response xmlns:saml2p="urn:oasis:names:tc:SAML:2.0:protocol" Destination="http://samltest-zxid.flexmls.com/ticketLogin?o=P" ID="_57b8787bb1ca84905f911ca5c44780b7" InResponseTo="Nh4C91R3rLrc1c7pQWP9Q0r61" IssueInstant="2010-10-01T20:13:51.703Z" Version="2.0">
   <saml2:Issuer xmlns:saml2="urn:oasis:names:tc:SAML:2.0:assertion" Format="urn:oasis:names:tc:SAML:2.0:nameid-format:entity">http://saml.flexmls.com/idp/shibboleth</saml2:Issuer>
   <ds:Signature xmlns:ds="http://www.w3.org/2000/09/xmldsig#">
<ds:SignedInfo>
<ds:CanonicalizationMethod Algorithm="http://www.w3.org/2001/10/xml-exc-c14n#"/>
<ds:SignatureMethod Algorithm="http://www.w3.org/2000/09/xmldsig#rsa-sha1"/>
<ds:Reference URI="#_57b8787bb1ca84905f911ca5c44780b7">
<ds:Transforms>
<ds:Transform Algorithm="http://www.w3.org/2000/09/xmldsig#enveloped-signature"/>
<ds:Transform Algorithm="http://www.w3.org/2001/10/xml-exc-c14n#">
                  <ec:InclusiveNamespaces xmlns:ec="http://www.w3.org/2001/10/xml-exc-c14n#" PrefixList="ds saml2 saml2p"/>
               </ds:Transform>
</ds:Transforms>
<ds:DigestMethod Algorithm="http://www.w3.org/2000/09/xmldsig#sha1"/>
<ds:DigestValue>EAdNWcltGcXGefav9lWOGcjyHlw=</ds:DigestValue>
</ds:Reference>
</ds:SignedInfo>
<ds:SignatureValue>
VLFruav+oDJ3UJ3G8klc+rKns7D7sVVj0AA5W/auw3go0o4mCP7nF1BX959kAhKkbWnWUcqky0nZ
GE0xzeJ81KQt2oTGLfzWWkGDDN4W+Jl6/oEFaoTpnWWE3v+q9r2woV3HMM3+mYjiZHcfvJUvsyn9
sri5yVXSSyu5QnklLDzMWG/KlTh97kc76x75r5fNpbLHZ60IEOu3CJuaLszZkh2lA2XBLRpRHGrz
pMKuSmq5vTlNUmDVAEstlJykLj4vsWkaOFPl6prfU/6S+cJjBVgVozpk3dkMwZjhUKRXponM96ep
o/R0SXmOKNPoxjrsH/qUjiGW0IvyYf0/SWsXMg==
</ds:SignatureValue>
<ds:KeyInfo>
         <ds:X509Data>
            <ds:X509Certificate>MIIDLDCCAhSgAwIBAgIVALXdK32E0QYMthR36rFgaVqN/fqyMA0GCSqGSIb3DQEBBQUAMBsxGTAX
BgNVBAMTEHNhbWwuZmxleG1scy5jb20wHhcNMTAwOTI0MTYwMzM2WhcNMzAwOTI0MTYwMzM2WjAb
MRkwFwYDVQQDExBzYW1sLmZsZXhtbHMuY29tMIIBIjANBgkqhkiG9w0BAQEFAAOCAQ8AMIIBCgKC
AQEArs3NVzXAsTHF50qXo73+i/3Am1QYo0psCSqhfe0EFxHN3tcoW0VY4Ti+AMp/lSJMwSTCkMAx
/M+pzmyA3BpEWb4SMxDDVKb9xjSGzItWWWO0W6LBNheLZfjnyMKyl1yYxl846hsUhEogTWuAMA95
R6yIeZ0DdfKNh1MYI7brfW7x3x17SvCodovnWo/Ml9p/qysopHU0e8TS+jDKDTjw0f+SWBYSXpg+
2IuHzZU7wbM8AwivBlEYpefFxR5FWfdwqVpTj8sG7ka/UfotrorjoOVP2alLy4TXHUYFJUnx75HP
Q/clgGG6OhPRVRNQ8jOxJ2uveVUe+LVPBFbHUmH/FwIDAQABo2cwZTBEBgNVHREEPTA7ghBzYW1s
LmZsZXhtbHMuY29thidodHRwczovL3NhbWwuZmxleG1scy5jb20vaWRwL3NoaWJib2xldGgwHQYD
VR0OBBYEFJ4/u83XOq77eULMck7cqo2JJ7MbMA0GCSqGSIb3DQEBBQUAA4IBAQCbD1+aFWlKz7pd
/dK0SZbIpYaSMvWfuuc9O4r7HuiTguGpYgLjYWlG0j8Pe5r0iz1jHKuE51wh0SIC4Mg/zMWKV+H5
nrzSfvPr0lUU4NChD4+kn/gjcAb4D0Dq9XesVMQhptpqiIx3TC0QP9pA99ndU0E3S/lnoPUTBwk4
GaxxwEVTTFOuVvjsavMIcl4o/me66mAewouoGxRwT2OHEolBdq8sdCFEvumzII6xxnbNlootd/N7
DdSGPK3VVavhBDYXYzAAlxacmriODS34KpZfWxzXM7WUV2OuL8krLsE3cxwhuIS7Mcm4JchTgeee
rpMxWD2PsuuWxTuDOiQbd8mH</ds:X509Certificate>
         </ds:X509Data>
      </ds:KeyInfo>
   </ds:Signature>
   <saml2p:Status>
      <saml2p:StatusCode Value="urn:oasis:names:tc:SAML:2.0:status:Success"/>
   </saml2p:Status>
   <saml2:Assertion xmlns:saml2="urn:oasis:names:tc:SAML:2.0:assertion" ID="_fbb64868745bf00d0967899f87b2ab55" IssueInstant="2010-10-01T20:13:51.703Z" Version="2.0">
      <saml2:Issuer Format="urn:oasis:names:tc:SAML:2.0:nameid-format:entity">http://saml.flexmls.com/idp/shibboleth</saml2:Issuer>
      <ds:Signature xmlns:ds="http://www.w3.org/2000/09/xmldsig#">
<ds:SignedInfo>
<ds:CanonicalizationMethod Algorithm="http://www.w3.org/2001/10/xml-exc-c14n#"/>
<ds:SignatureMethod Algorithm="http://www.w3.org/2000/09/xmldsig#rsa-sha1"/>
<ds:Reference URI="#_fbb64868745bf00d0967899f87b2ab55">
<ds:Transforms>
<ds:Transform Algorithm="http://www.w3.org/2000/09/xmldsig#enveloped-signature"/>
<ds:Transform Algorithm="http://www.w3.org/2001/10/xml-exc-c14n#">
                     <ec:InclusiveNamespaces xmlns:ec="http://www.w3.org/2001/10/xml-exc-c14n#" PrefixList="ds saml2"/>
                  </ds:Transform>
</ds:Transforms>
<ds:DigestMethod Algorithm="http://www.w3.org/2000/09/xmldsig#sha1"/>
<ds:DigestValue>tJQBOaU5JDRdtFgTRMrUe3K7Sqk=</ds:DigestValue>
</ds:Reference>
</ds:SignedInfo>
<ds:SignatureValue>
SghbDRHkt3DjgZHCui8bCetdkeSuVwIv8wNmOipC+4ZcUHV6e8ldnCl891SxJJPyKk4PlpOg/eY6
+XdQuvsmtoXz9yiaQiU7vd8WYcu07fjvEgjDtWQGovzlxefQL4anKPC3Nn1eV/Buwk1/ngAf0Wee
KvlS4KMKy1Oz4gEGtTEIe4mgEeP4PoZdjt+BhURCovE8rJmIMalbGQSGt3oSbY0/hzMw4XZBEnUD
vffV3Rs+knQpuzGR57Ke9XxCPjeMPfu5BMjaECmT0T2HTB9UcEkcMLwioEgKlkkGdximkEsY4957
LNmJQ2q1i97xh1eJWbOpQpg+EXuPkM2OiSLOWA==
</ds:SignatureValue>
<ds:KeyInfo>
            <ds:X509Data>
               <ds:X509Certificate>MIIDLDCCAhSgAwIBAgIVALXdK32E0QYMthR36rFgaVqN/fqyMA0GCSqGSIb3DQEBBQUAMBsxGTAX
BgNVBAMTEHNhbWwuZmxleG1scy5jb20wHhcNMTAwOTI0MTYwMzM2WhcNMzAwOTI0MTYwMzM2WjAb
MRkwFwYDVQQDExBzYW1sLmZsZXhtbHMuY29tMIIBIjANBgkqhkiG9w0BAQEFAAOCAQ8AMIIBCgKC
AQEArs3NVzXAsTHF50qXo73+i/3Am1QYo0psCSqhfe0EFxHN3tcoW0VY4Ti+AMp/lSJMwSTCkMAx
/M+pzmyA3BpEWb4SMxDDVKb9xjSGzItWWWO0W6LBNheLZfjnyMKyl1yYxl846hsUhEogTWuAMA95
R6yIeZ0DdfKNh1MYI7brfW7x3x17SvCodovnWo/Ml9p/qysopHU0e8TS+jDKDTjw0f+SWBYSXpg+
2IuHzZU7wbM8AwivBlEYpefFxR5FWfdwqVpTj8sG7ka/UfotrorjoOVP2alLy4TXHUYFJUnx75HP
Q/clgGG6OhPRVRNQ8jOxJ2uveVUe+LVPBFbHUmH/FwIDAQABo2cwZTBEBgNVHREEPTA7ghBzYW1s
LmZsZXhtbHMuY29thidodHRwczovL3NhbWwuZmxleG1scy5jb20vaWRwL3NoaWJib2xldGgwHQYD
VR0OBBYEFJ4/u83XOq77eULMck7cqo2JJ7MbMA0GCSqGSIb3DQEBBQUAA4IBAQCbD1+aFWlKz7pd
/dK0SZbIpYaSMvWfuuc9O4r7HuiTguGpYgLjYWlG0j8Pe5r0iz1jHKuE51wh0SIC4Mg/zMWKV+H5
nrzSfvPr0lUU4NChD4+kn/gjcAb4D0Dq9XesVMQhptpqiIx3TC0QP9pA99ndU0E3S/lnoPUTBwk4
GaxxwEVTTFOuVvjsavMIcl4o/me66mAewouoGxRwT2OHEolBdq8sdCFEvumzII6xxnbNlootd/N7
DdSGPK3VVavhBDYXYzAAlxacmriODS34KpZfWxzXM7WUV2OuL8krLsE3cxwhuIS7Mcm4JchTgeee
rpMxWD2PsuuWxTuDOiQbd8mH</ds:X509Certificate>
            </ds:X509Data>
         </ds:KeyInfo>
      </ds:Signature>
      <saml2:Subject>
         <saml2:NameID Format="urn:oasis:names:tc:SAML:2.0:nameid-format:persistent">cal</saml2:NameID>
         <saml2:SubjectConfirmation Method="urn:oasis:names:tc:SAML:2.0:cm:bearer">
            <saml2:SubjectConfirmationData Address="216.147.179.14" InResponseTo="Nh4C91R3rLrc1c7pQWP9Q0r61" NotOnOrAfter="2010-10-01T20:18:51.703Z" Recipient="http://samltest-zxid.flexmls.com/ticketLogin?o=P"/>
         </saml2:SubjectConfirmation>
      </saml2:Subject>
      <saml2:Conditions NotBefore="2010-10-01T20:13:51.703Z" NotOnOrAfter="2010-10-01T20:18:51.703Z">
         <saml2:AudienceRestriction>
            <saml2:Audience>http://samltest-zxid.flexmls.com/ticketLogin?o=B</saml2:Audience>
         </saml2:AudienceRestriction>
      </saml2:Conditions>
      <saml2:AuthnStatement AuthnInstant="2010-10-01T20:13:51.683Z" SessionIndex="0f66886ce6d0ee7f605e76887a0f027dd1e38584e549818687ed5b8352af1dc4">
         <saml2:SubjectLocality Address="216.147.179.14"/>
         <saml2:AuthnContext>
            <saml2:AuthnContextClassRef>urn:oasis:names:tc:SAML:2.0:ac:classes:unspecified</saml2:AuthnContextClassRef>
         </saml2:AuthnContext>
      </saml2:AuthnStatement>
   </saml2:Assertion>
</saml2p:Response>

15:13:51.786 - DEBUG [org.opensaml.ws.message.encoder.BaseMessageEncoder:54] - Successfully encoded message.
15:13:51.787 - INFO [Shibboleth-Audit:1019] - 20101001T201351Z|urn:oasis:names:tc:SAML:2.0:bindings:HTTP-Redirect|Nh4C91R3rLrc1c7pQWP9Q0r61|http://samltest-zxid.flexmls.com/ticketLogin?o=B|urn:mace:shibboleth:2.0:profiles:saml2:sso|http://saml.flexmls.com/idp/shibboleth|urn:oasis:names:tc:SAML:2.0:bindings:HTTP-POST|_57b8787bb1ca84905f911ca5c44780b7|cal|urn:oasis:names:tc:SAML:2.0:ac:classes:unspecified|||_fbb64868745bf00d0967899f87b2ab55,|
