10:16:19.389 - INFO [Shibboleth-Access:73] - 20101005T151619Z|216.147.179.14|saml.flexmls.com:80|/profile/SAML2/Redirect/SSO|
10:16:19.389 - DEBUG [edu.internet2.middleware.shibboleth.idp.profile.IdPProfileHandlerManager:85] - shibboleth.HandlerManager: Looking up profile handler for request path: /SAML2/Redirect/SSO
10:16:19.389 - DEBUG [edu.internet2.middleware.shibboleth.idp.profile.IdPProfileHandlerManager:93] - shibboleth.HandlerManager: Located profile handler of the following type for the request path: edu.internet2.middleware.shibboleth.idp.profile.saml2.SSOProfileHandler
10:16:19.389 - DEBUG [edu.internet2.middleware.shibboleth.idp.profile.saml2.SSOProfileHandler:145] - Incoming request does not contain a login context, processing as first leg of request
10:16:19.390 - DEBUG [edu.internet2.middleware.shibboleth.idp.profile.saml2.SSOProfileHandler:297] - Decoding message with decoder binding 'urn:oasis:names:tc:SAML:2.0:bindings:HTTP-Redirect'
10:16:19.390 - DEBUG [org.opensaml.ws.message.decoder.BaseMessageDecoder:72] - Beginning to decode message from inbound transport of type: org.opensaml.ws.transport.http.HttpServletRequestAdapter
10:16:19.390 - DEBUG [org.opensaml.saml2.binding.decoding.HTTPRedirectDeflateDecoder:89] - Decoded RelayState: null
10:16:19.390 - DEBUG [org.opensaml.saml2.binding.decoding.HTTPRedirectDeflateDecoder:126] - Base64 decoding and inflating SAML message
10:16:19.390 - DEBUG [org.opensaml.ws.message.decoder.BaseMessageDecoder:161] - Parsing message stream into DOM document
10:16:19.391 - DEBUG [org.opensaml.ws.message.decoder.BaseMessageDecoder:171] - Unmarshalling message DOM
10:16:19.391 - DEBUG [org.opensaml.ws.message.decoder.BaseMessageDecoder:183] - Message succesfully unmarshalled
10:16:19.391 - DEBUG [org.opensaml.saml2.binding.decoding.HTTPRedirectDeflateDecoder:104] - Decoded SAML message
10:16:19.392 - DEBUG [org.opensaml.saml2.binding.decoding.BaseSAML2MessageDecoder:111] - Extracting ID, issuer and issue instant from request
10:16:19.392 - DEBUG [org.opensaml.saml2.metadata.provider.ChainingMetadataProvider:193] - Checking child metadata provider for entity descriptor with entity ID: http://samltest-zxid.flexmls.com/ticketLogin?o=B
10:16:19.392 - DEBUG [org.opensaml.saml2.metadata.provider.AbstractMetadataProvider:237] - Searching for entity descriptor with an entity ID of http://samltest-zxid.flexmls.com/ticketLogin?o=B
10:16:19.392 - DEBUG [org.opensaml.saml2.metadata.provider.AbstractMetadataProvider:95] - Metadata document does not contain an EntityDescriptor with the ID http://samltest-zxid.flexmls.com/ticketLogin?o=B
10:16:19.392 - DEBUG [org.opensaml.saml2.metadata.provider.ChainingMetadataProvider:193] - Checking child metadata provider for entity descriptor with entity ID: http://samltest-zxid.flexmls.com/ticketLogin?o=B
10:16:19.392 - DEBUG [org.opensaml.saml2.metadata.provider.AbstractMetadataProvider:237] - Searching for entity descriptor with an entity ID of http://samltest-zxid.flexmls.com/ticketLogin?o=B
10:16:19.392 - DEBUG [org.opensaml.saml2.metadata.provider.AbstractMetadataProvider:95] - Metadata document does not contain an EntityDescriptor with the ID http://samltest-zxid.flexmls.com/ticketLogin?o=B
10:16:19.392 - DEBUG [org.opensaml.saml2.metadata.provider.ChainingMetadataProvider:193] - Checking child metadata provider for entity descriptor with entity ID: http://samltest-zxid.flexmls.com/ticketLogin?o=B
10:16:19.393 - DEBUG [org.opensaml.saml2.metadata.provider.AbstractMetadataProvider:237] - Searching for entity descriptor with an entity ID of http://samltest-zxid.flexmls.com/ticketLogin?o=B
10:16:19.393 - DEBUG [PROTOCOL_MESSAGE:91] -
<?xml version="1.0" encoding="UTF-8"?><sp:AuthnRequest xmlns:sp="urn:oasis:names:tc:SAML:2.0:protocol" AssertionConsumerServiceIndex="2" Destination="http://saml.flexmls.com/idp/profile/SAML2/Redirect/SSO" ID="N5mu3O5DZqMUeyr_AoEm9dNwf" IssueInstant="2010-10-05T15:16:16Z" ProviderName="flexmls Web Service Provider" Version="2.0">
   <sa:Issuer xmlns:sa="urn:oasis:names:tc:SAML:2.0:assertion">http://samltest-zxid.flexmls.com/ticketLogin?o=B</sa:Issuer>
   <sp:NameIDPolicy AllowCreate="1" Format="urn:oasis:names:tc:SAML:2.0:nameid-format:persistent"/>
</sp:AuthnRequest>

10:16:19.393 - DEBUG [edu.internet2.middleware.shibboleth.common.relyingparty.provider.SAMLMDRelyingPartyConfigurationManager:126] - Looking up relying party configuration for http://samltest-zxid.flexmls.com/ticketLogin?o=B
10:16:19.394 - DEBUG [edu.internet2.middleware.shibboleth.common.relyingparty.provider.SAMLMDRelyingPartyConfigurationManager:128] - Custom relying party configuration found for http://samltest-zxid.flexmls.com/ticketLogin?o=B
10:16:19.394 - DEBUG [org.opensaml.ws.message.decoder.BaseMessageDecoder:108] - Evaluating security policy of type 'edu.internet2.middleware.shibboleth.common.security.ShibbolethSecurityPolicy' for decoded message
10:16:19.394 - DEBUG [org.opensaml.util.storage.ReplayCache:91] - Attempting to acquire lock for replay cache check
10:16:19.394 - DEBUG [org.opensaml.util.storage.ReplayCache:93] - Lock acquired
10:16:19.394 - DEBUG [org.opensaml.util.storage.ReplayCache:104] - Message ID N5mu3O5DZqMUeyr_AoEm9dNwf was not a replay
10:16:19.394 - DEBUG [org.opensaml.util.storage.ReplayCache:131] - Writing message ID http://samltest-zxid.flexmls.com/ticketLogin?o=BN5mu3O5DZqMUeyr_AoEm9dNwf to replay cache with expiration time 2010-10-05T10:21:19.394-05:00
10:16:19.394 - DEBUG [org.opensaml.saml2.metadata.provider.ChainingMetadataProvider:193] - Checking child metadata provider for entity descriptor with entity ID: http://samltest-zxid.flexmls.com/ticketLogin?o=B
10:16:19.394 - DEBUG [org.opensaml.saml2.metadata.provider.AbstractMetadataProvider:237] - Searching for entity descriptor with an entity ID of http://samltest-zxid.flexmls.com/ticketLogin?o=B
10:16:19.395 - DEBUG [org.opensaml.saml2.metadata.provider.AbstractMetadataProvider:95] - Metadata document does not contain an EntityDescriptor with the ID http://samltest-zxid.flexmls.com/ticketLogin?o=B
10:16:19.395 - DEBUG [org.opensaml.saml2.metadata.provider.ChainingMetadataProvider:193] - Checking child metadata provider for entity descriptor with entity ID: http://samltest-zxid.flexmls.com/ticketLogin?o=B
10:16:19.395 - DEBUG [org.opensaml.saml2.metadata.provider.AbstractMetadataProvider:237] - Searching for entity descriptor with an entity ID of http://samltest-zxid.flexmls.com/ticketLogin?o=B
10:16:19.395 - DEBUG [org.opensaml.saml2.metadata.provider.AbstractMetadataProvider:95] - Metadata document does not contain an EntityDescriptor with the ID http://samltest-zxid.flexmls.com/ticketLogin?o=B
10:16:19.395 - DEBUG [org.opensaml.saml2.metadata.provider.ChainingMetadataProvider:193] - Checking child metadata provider for entity descriptor with entity ID: http://samltest-zxid.flexmls.com/ticketLogin?o=B
10:16:19.395 - DEBUG [org.opensaml.saml2.metadata.provider.AbstractMetadataProvider:237] - Searching for entity descriptor with an entity ID of http://samltest-zxid.flexmls.com/ticketLogin?o=B
10:16:19.395 - INFO [org.opensaml.common.binding.security.SAMLProtocolMessageXMLSignatureSecurityPolicyRule:99] - SAML protocol message was not signed, skipping XML signature processing
10:16:19.395 - DEBUG [org.opensaml.common.binding.security.BaseSAMLSimpleSignatureSecurityPolicyRule:63] - Evaluating simple signature rule of type: org.opensaml.saml2.binding.security.SAML2HTTPRedirectDeflateSignatureRule
10:16:19.396 - DEBUG [org.opensaml.saml2.binding.security.SAML2HTTPRedirectDeflateSignatureRule:63] - Constructing signed content string from URL query string SAMLRequest=fZJLb8IwEIT%2FiuU7OFClUi1ClZJWQuIl6EPiUrnJplhN7ODd8Oivr0MB0R6Q9rQe7Tczcg8rGde0MnNY14DEdmVhUGIV8doZaRVqlEaVgJJSuYjHI9ltB7JylmxqC85iRHCkrRlYg3UJbgFuo1MYmgx2Ee9ylviz2qhGE%2FEVUSWFQFUW7bwAT8N2akuhs0r4o7kuQDSUrphDph2kJBaLKWfDJOKTsKxvpmGyXI9fYO%2FeY%2FtY3mWTbe6fEWuPRFKGPDToBC0%2FQfjcCWXn1s%2BSs5mzG52Bm%2Fg0ET%2FC2Rt8sKPls4KzV3B48OvD8n4PlTwQ3Kkedb0edSqF9y8Cky%2Bi9b3T2Z%2FkpNMvoJH91ObeRg89cYZ5biUbt8NkZgud7llcFHY7cKDIJ%2Bhw9mRdqei6l2ajs1Z%2BkMqqCYYEhnws8e%2F%2B7%2BbyO%2FR%2FAA%3D%3D&SigAlg=http://www.w3.org/2000/09/xmldsig%23rsa-sha1&Signature=hvRy%2F2ue7S3vwcjWY2S6%2FITHrOG%2B8RLJEAH60IZG6L7%2B7Zjy6BLJ1nJsgi9f17PYyrewvg4Wfqx1cZ8x9Q623j%2B5ypA%2BIoQKnCdRBLC8xBZBt%2FLME8ZY%2BC5yhRReOGKKdB9OAOQ67bE8zkWi7DTLDB%2BH4i1xVAc%2FtM3uowBT8L11RAkCapVwJpLcSFwSuFNFaGh3oDLtnCqH%2BR0YHjq9O6KCdv2UsJLChYEUnLMPS1qKC5YMz12blwoDlbYIFVP1Em7XkWlUK4DtiCj3MfSA%2F2iGTRyhnlEyGnQZ9HfSd1YBGR%2BAvb8TmuhbtJCF%2BGn08h3gbQBu7ZbIbtL4vJu8qQ%3D%3D
10:16:19.396 - DEBUG [org.opensaml.saml2.binding.security.SAML2HTTPRedirectDeflateSignatureRule:70] - Constructed signed content string for HTTP-Redirect DEFLATE SAMLRequest=fZJLb8IwEIT%2FiuU7OFClUi1ClZJWQuIl6EPiUrnJplhN7ODd8Oivr0MB0R6Q9rQe7Tczcg8rGde0MnNY14DEdmVhUGIV8doZaRVqlEaVgJJSuYjHI9ltB7JylmxqC85iRHCkrRlYg3UJbgFuo1MYmgx2Ee9ylviz2qhGE%2FEVUSWFQFUW7bwAT8N2akuhs0r4o7kuQDSUrphDph2kJBaLKWfDJOKTsKxvpmGyXI9fYO%2FeY%2FtY3mWTbe6fEWuPRFKGPDToBC0%2FQfjcCWXn1s%2BSs5mzG52Bm%2Fg0ET%2FC2Rt8sKPls4KzV3B48OvD8n4PlTwQ3Kkedb0edSqF9y8Cky%2Bi9b3T2Z%2FkpNMvoJH91ObeRg89cYZ5biUbt8NkZgud7llcFHY7cKDIJ%2Bhw9mRdqei6l2ajs1Z%2BkMqqCYYEhnws8e%2F%2B7%2BbyO%2FR%2FAA%3D%3D&SigAlg=http://www.w3.org/2000/09/xmldsig%23rsa-sha1
10:16:19.396 - DEBUG [org.opensaml.common.binding.security.BaseSAMLSimpleSignatureSecurityPolicyRule:125] - Attempting to validate SAML protocol message simple signature using context issuer: http://samltest-zxid.flexmls.com/ticketLogin?o=B
10:16:19.396 - DEBUG [org.opensaml.security.MetadataCredentialResolver:157] - Forcing on-demand metadata provider refresh if necessary
10:16:19.396 - DEBUG [org.opensaml.security.MetadataCredentialResolver:205] - Attempting to retrieve credentials from cache using index: [http://samltest-zxid.flexmls.com/ticketLogin?o=B,{urn:oasis:names:tc:SAML:2.0:metadata}SPSSODescriptor,urn:oasis:names:tc:SAML:2.0:protocol,SIGNING]
10:16:19.396 - DEBUG [org.opensaml.security.MetadataCredentialResolver:213] - Retrieved credentials from cache using index: [http://samltest-zxid.flexmls.com/ticketLogin?o=B,{urn:oasis:names:tc:SAML:2.0:metadata}SPSSODescriptor,urn:oasis:names:tc:SAML:2.0:protocol,SIGNING]
10:16:19.397 - DEBUG [org.opensaml.xml.security.credential.criteria.EvaluableCredentialCriteriaRegistry:75] - Registry located evaluable criteria class org.opensaml.xml.security.credential.criteria.EvaluableKeyAlgorithmCredentialCriteria for criteria class org.opensaml.xml.security.criteria.KeyAlgorithmCriteria
10:16:19.397 - DEBUG [org.opensaml.xml.security.credential.criteria.EvaluableCredentialCriteriaRegistry:75] - Registry located evaluable criteria class org.opensaml.xml.security.credential.criteria.EvaluableEntityIDCredentialCriteria for criteria class org.opensaml.xml.security.criteria.EntityIDCriteria
10:16:19.397 - DEBUG [org.opensaml.xml.security.credential.criteria.EvaluableCredentialCriteriaRegistry:106] - Registry could not locate evaluable criteria for criteria class org.opensaml.security.MetadataCriteria
10:16:19.397 - DEBUG [org.opensaml.xml.security.credential.criteria.EvaluableCredentialCriteriaRegistry:75] - Registry located evaluable criteria class org.opensaml.xml.security.credential.criteria.EvaluableUsageCredentialCriteria for criteria class org.opensaml.xml.security.criteria.UsageCriteria
10:16:19.397 - DEBUG [org.opensaml.xml.signature.impl.ExplicitKeySignatureTrustEngine:153] - Attempting to verify signature using trusted credentials
10:16:19.397 - DEBUG [org.opensaml.xml.security.SigningUtil:238] - Verifying signature over input using public key of type RSA and JCA algorithm ID SHA1withRSA
10:16:19.398 - DEBUG [org.opensaml.xml.signature.impl.ExplicitKeySignatureTrustEngine:157] - Successfully verified signature using resolved trusted credential
10:16:19.398 - DEBUG [org.opensaml.xml.signature.impl.ChainingSignatureTrustEngine:80] - Signature was trusted by chain member: org.opensaml.xml.signature.impl.ExplicitKeySignatureTrustEngine
10:16:19.398 - DEBUG [org.opensaml.common.binding.security.BaseSAMLSimpleSignatureSecurityPolicyRule:191] - Simple signature validation (with no request-derived credentials) was successful
10:16:19.398 - INFO [org.opensaml.common.binding.security.BaseSAMLSimpleSignatureSecurityPolicyRule:129] - Validation of request simple signature succeeded
10:16:19.399 - INFO [org.opensaml.common.binding.security.BaseSAMLSimpleSignatureSecurityPolicyRule:131] - Authentication via request simple signature succeeded for context issuer entity ID http://samltest-zxid.flexmls.com/ticketLogin?o=B
10:16:19.399 - DEBUG [org.opensaml.common.binding.security.BaseSAMLSimpleSignatureSecurityPolicyRule:63] - Evaluating simple signature rule of type: org.opensaml.saml2.binding.security.SAML2HTTPPostSimpleSignRule
10:16:19.399 - DEBUG [org.opensaml.common.binding.security.BaseSAMLSimpleSignatureSecurityPolicyRule:80] - Rule can not handle this request, skipping processing
10:16:19.399 - DEBUG [org.opensaml.ws.message.decoder.BaseMessageDecoder:81] - Successfully decoded message.
10:16:19.399 - DEBUG [org.opensaml.common.binding.decoding.BaseSAMLMessageDecoder:180] - Checking SAML message intended destination endpoint against receiver endpoint
10:16:19.399 - DEBUG [org.opensaml.common.binding.decoding.BaseSAMLMessageDecoder:199] - Intended message destination endpoint: http://saml.flexmls.com/idp/profile/SAML2/Redirect/SSO
10:16:19.399 - DEBUG [org.opensaml.common.binding.decoding.BaseSAMLMessageDecoder:200] - Actual message receiver endpoint: http://saml.flexmls.com/idp/profile/SAML2/Redirect/SSO
10:16:19.401 - DEBUG [org.opensaml.common.binding.decoding.BaseSAMLMessageDecoder:208] - SAML message intended destination endpoint matched recipient endpoint
10:16:19.401 - DEBUG [edu.internet2.middleware.shibboleth.idp.profile.saml2.SSOProfileHandler:318] - Decoded request from relying party 'http://samltest-zxid.flexmls.com/ticketLogin?o=B'
10:16:19.401 - DEBUG [org.opensaml.saml2.metadata.provider.ChainingMetadataProvider:193] - Checking child metadata provider for entity descriptor with entity ID: http://samltest-zxid.flexmls.com/ticketLogin?o=B
10:16:19.402 - DEBUG [org.opensaml.saml2.metadata.provider.AbstractMetadataProvider:237] - Searching for entity descriptor with an entity ID of http://samltest-zxid.flexmls.com/ticketLogin?o=B
10:16:19.402 - DEBUG [org.opensaml.saml2.metadata.provider.AbstractMetadataProvider:95] - Metadata document does not contain an EntityDescriptor with the ID http://samltest-zxid.flexmls.com/ticketLogin?o=B
10:16:19.402 - DEBUG [org.opensaml.saml2.metadata.provider.ChainingMetadataProvider:193] - Checking child metadata provider for entity descriptor with entity ID: http://samltest-zxid.flexmls.com/ticketLogin?o=B
10:16:19.402 - DEBUG [org.opensaml.saml2.metadata.provider.AbstractMetadataProvider:237] - Searching for entity descriptor with an entity ID of http://samltest-zxid.flexmls.com/ticketLogin?o=B
10:16:19.402 - DEBUG [org.opensaml.saml2.metadata.provider.AbstractMetadataProvider:95] - Metadata document does not contain an EntityDescriptor with the ID http://samltest-zxid.flexmls.com/ticketLogin?o=B
10:16:19.402 - DEBUG [org.opensaml.saml2.metadata.provider.ChainingMetadataProvider:193] - Checking child metadata provider for entity descriptor with entity ID: http://samltest-zxid.flexmls.com/ticketLogin?o=B
10:16:19.402 - DEBUG [org.opensaml.saml2.metadata.provider.AbstractMetadataProvider:237] - Searching for entity descriptor with an entity ID of http://samltest-zxid.flexmls.com/ticketLogin?o=B
10:16:19.402 - DEBUG [edu.internet2.middleware.shibboleth.common.relyingparty.provider.SAMLMDRelyingPartyConfigurationManager:126] - Looking up relying party configuration for http://samltest-zxid.flexmls.com/ticketLogin?o=B
10:16:19.402 - DEBUG [edu.internet2.middleware.shibboleth.common.relyingparty.provider.SAMLMDRelyingPartyConfigurationManager:128] - Custom relying party configuration found for http://samltest-zxid.flexmls.com/ticketLogin?o=B
10:16:19.403 - DEBUG [edu.internet2.middleware.shibboleth.idp.profile.saml2.SSOProfileHandler:181] - Creating login context and transferring control to authentication engine
10:16:19.404 - DEBUG [edu.internet2.middleware.shibboleth.idp.authn.AuthenticationEngine:198] - Processing incoming request
10:16:19.404 - DEBUG [edu.internet2.middleware.shibboleth.idp.authn.AuthenticationEngine:228] - Beginning user authentication process.
10:16:19.404 - DEBUG [edu.internet2.middleware.shibboleth.idp.authn.AuthenticationEngine:334] - Filtering configured login handlers by requested athentication methods.
10:16:19.405 - DEBUG [edu.internet2.middleware.shibboleth.idp.authn.AuthenticationEngine:335] - Configured LoginHandlers: {urn:oasis:names:tc:SAML:2.0:ac:classes:PreviousSession=edu.internet2.middleware.shibboleth.idp.authn.provider.PreviousSessionLoginHandler@7361b0bc, urn:oasis:names:tc:SAML:2.0:ac:classes:unspecified=edu.internet2.middleware.shibboleth.idp.authn.provider.RemoteUserLoginHandler@129a41d2}
10:16:19.405 - DEBUG [edu.internet2.middleware.shibboleth.idp.authn.AuthenticationEngine:336] - Requested authentication methods: []
10:16:19.405 - DEBUG [edu.internet2.middleware.shibboleth.idp.authn.AuthenticationEngine:236] - Possible authentication handlers for this request: {urn:oasis:names:tc:SAML:2.0:ac:classes:PreviousSession=edu.internet2.middleware.shibboleth.idp.authn.provider.PreviousSessionLoginHandler@7361b0bc, urn:oasis:names:tc:SAML:2.0:ac:classes:unspecified=edu.internet2.middleware.shibboleth.idp.authn.provider.RemoteUserLoginHandler@129a41d2}
10:16:19.405 - DEBUG [edu.internet2.middleware.shibboleth.idp.authn.AuthenticationEngine:246] - Possible authentication handlers after filtering: {urn:oasis:names:tc:SAML:2.0:ac:classes:PreviousSession=edu.internet2.middleware.shibboleth.idp.authn.provider.PreviousSessionLoginHandler@7361b0bc, urn:oasis:names:tc:SAML:2.0:ac:classes:unspecified=edu.internet2.middleware.shibboleth.idp.authn.provider.RemoteUserLoginHandler@129a41d2}
10:16:19.405 - DEBUG [edu.internet2.middleware.shibboleth.idp.authn.AuthenticationEngine:277] - Selecting appropriate login handler for request
10:16:19.405 - DEBUG [edu.internet2.middleware.shibboleth.idp.authn.AuthenticationEngine:250] - Authenticating user with login handler of type edu.internet2.middleware.shibboleth.idp.authn.provider.RemoteUserLoginHandler
10:16:19.405 - DEBUG [edu.internet2.middleware.shibboleth.idp.util.HttpServletHelper:155] - LoginContext parition: loginContexts
10:16:19.406 - DEBUG [edu.internet2.middleware.shibboleth.idp.util.HttpServletHelper:161] - LoginContext key: db8c85f9-f15f-4e04-aa0c-04e49530a9c8
10:16:19.406 - DEBUG [edu.internet2.middleware.shibboleth.idp.authn.provider.RemoteUserLoginHandler:75] - Redirecting to http://saml.flexmls.com:80/idp/Authn/RemoteUser


#######  log in here  ########


10:17:09.061 - DEBUG [edu.internet2.middleware.shibboleth.idp.authn.provider.RemoteUserAuthServlet:48] - Remote user identified as cal returning control back to authentication engine
10:17:09.061 - DEBUG [edu.internet2.middleware.shibboleth.idp.authn.AuthenticationEngine:143] - Returning control to authentication engine
10:17:09.061 - DEBUG [edu.internet2.middleware.shibboleth.idp.util.HttpServletHelper:296] - LoginContext not bound to HTTP request, retrieving it from storage service
10:17:09.062 - DEBUG [edu.internet2.middleware.shibboleth.idp.util.HttpServletHelper:307] - LoginContext key is 'db8c85f9-f15f-4e04-aa0c-04e49530a9c8'
10:17:09.062 - DEBUG [edu.internet2.middleware.shibboleth.idp.util.HttpServletHelper:310] - parition: loginContexts
10:17:09.062 - DEBUG [edu.internet2.middleware.shibboleth.idp.authn.AuthenticationEngine:198] - Processing incoming request
10:17:09.062 - DEBUG [edu.internet2.middleware.shibboleth.idp.util.HttpServletHelper:296] - LoginContext not bound to HTTP request, retrieving it from storage service
10:17:09.062 - DEBUG [edu.internet2.middleware.shibboleth.idp.util.HttpServletHelper:307] - LoginContext key is 'db8c85f9-f15f-4e04-aa0c-04e49530a9c8'
10:17:09.062 - DEBUG [edu.internet2.middleware.shibboleth.idp.util.HttpServletHelper:310] - parition: loginContexts
10:17:09.062 - DEBUG [edu.internet2.middleware.shibboleth.idp.authn.AuthenticationEngine:477] - Completing user authentication process
10:17:09.063 - DEBUG [edu.internet2.middleware.shibboleth.idp.authn.AuthenticationEngine:537] - Validating authentication was performed successfully
10:17:09.063 - DEBUG [edu.internet2.middleware.shibboleth.idp.authn.AuthenticationEngine:640] - Updating session information for principal cal
10:17:09.063 - DEBUG [edu.internet2.middleware.shibboleth.idp.authn.AuthenticationEngine:644] - Creating shibboleth session for principal cal
10:17:09.063 - DEBUG [edu.internet2.middleware.shibboleth.idp.authn.AuthenticationEngine:745] - Adding IdP session cookie to HTTP response
10:17:09.064 - DEBUG [edu.internet2.middleware.shibboleth.idp.authn.AuthenticationEngine:657] - Recording authentication and service information in Shibboleth session for principal: cal
10:17:09.064 - DEBUG [edu.internet2.middleware.shibboleth.idp.authn.AuthenticationEngine:512] - User cal authenticated with method urn:oasis:names:tc:SAML:2.0:ac:classes:unspecified
10:17:09.064 - DEBUG [edu.internet2.middleware.shibboleth.idp.authn.AuthenticationEngine:160] - Returning control to profile handler
10:17:09.064 - DEBUG [edu.internet2.middleware.shibboleth.idp.util.HttpServletHelper:296] - LoginContext not bound to HTTP request, retrieving it from storage service
10:17:09.064 - DEBUG [edu.internet2.middleware.shibboleth.idp.util.HttpServletHelper:307] - LoginContext key is 'db8c85f9-f15f-4e04-aa0c-04e49530a9c8'
10:17:09.064 - DEBUG [edu.internet2.middleware.shibboleth.idp.util.HttpServletHelper:310] - parition: loginContexts
10:17:09.064 - DEBUG [edu.internet2.middleware.shibboleth.idp.authn.AuthenticationEngine:170] - Returning control to profile handler at: /profile/SAML2/Redirect/SSO
10:17:09.065 - INFO [Shibboleth-Access:73] - 20101005T151709Z|216.147.179.14|saml.flexmls.com:80|/profile/SAML2/Redirect/SSO|
10:17:09.065 - DEBUG [edu.internet2.middleware.shibboleth.idp.profile.IdPProfileHandlerManager:85] - shibboleth.HandlerManager: Looking up profile handler for request path: /SAML2/Redirect/SSO
10:17:09.065 - DEBUG [edu.internet2.middleware.shibboleth.idp.profile.IdPProfileHandlerManager:93] - shibboleth.HandlerManager: Located profile handler of the following type for the request path: edu.internet2.middleware.shibboleth.idp.profile.saml2.SSOProfileHandler
10:17:09.065 - DEBUG [edu.internet2.middleware.shibboleth.idp.profile.saml2.SSOProfileHandler:148] - Incoming request contains a login context, processing as second leg of request
10:17:09.065 - DEBUG [org.opensaml.saml2.metadata.provider.ChainingMetadataProvider:193] - Checking child metadata provider for entity descriptor with entity ID: http://samltest-zxid.flexmls.com/ticketLogin?o=B
10:17:09.065 - DEBUG [org.opensaml.saml2.metadata.provider.AbstractMetadataProvider:237] - Searching for entity descriptor with an entity ID of http://samltest-zxid.flexmls.com/ticketLogin?o=B
10:17:09.066 - DEBUG [org.opensaml.saml2.metadata.provider.AbstractMetadataProvider:95] - Metadata document does not contain an EntityDescriptor with the ID http://samltest-zxid.flexmls.com/ticketLogin?o=B
10:17:09.066 - DEBUG [org.opensaml.saml2.metadata.provider.ChainingMetadataProvider:193] - Checking child metadata provider for entity descriptor with entity ID: http://samltest-zxid.flexmls.com/ticketLogin?o=B
10:17:09.066 - DEBUG [org.opensaml.saml2.metadata.provider.AbstractMetadataProvider:237] - Searching for entity descriptor with an entity ID of http://samltest-zxid.flexmls.com/ticketLogin?o=B
10:17:09.066 - DEBUG [org.opensaml.saml2.metadata.provider.AbstractMetadataProvider:95] - Metadata document does not contain an EntityDescriptor with the ID http://samltest-zxid.flexmls.com/ticketLogin?o=B
10:17:09.066 - DEBUG [org.opensaml.saml2.metadata.provider.ChainingMetadataProvider:193] - Checking child metadata provider for entity descriptor with entity ID: http://samltest-zxid.flexmls.com/ticketLogin?o=B
10:17:09.066 - DEBUG [org.opensaml.saml2.metadata.provider.AbstractMetadataProvider:237] - Searching for entity descriptor with an entity ID of http://samltest-zxid.flexmls.com/ticketLogin?o=B
10:17:09.067 - DEBUG [org.opensaml.saml2.metadata.provider.ChainingMetadataProvider:193] - Checking child metadata provider for entity descriptor with entity ID: http://samltest-zxid.flexmls.com/ticketLogin?o=B
10:17:09.067 - DEBUG [org.opensaml.saml2.metadata.provider.AbstractMetadataProvider:237] - Searching for entity descriptor with an entity ID of http://samltest-zxid.flexmls.com/ticketLogin?o=B
10:17:09.067 - DEBUG [org.opensaml.saml2.metadata.provider.AbstractMetadataProvider:95] - Metadata document does not contain an EntityDescriptor with the ID http://samltest-zxid.flexmls.com/ticketLogin?o=B
10:17:09.067 - DEBUG [org.opensaml.saml2.metadata.provider.ChainingMetadataProvider:193] - Checking child metadata provider for entity descriptor with entity ID: http://samltest-zxid.flexmls.com/ticketLogin?o=B
10:17:09.067 - DEBUG [org.opensaml.saml2.metadata.provider.AbstractMetadataProvider:237] - Searching for entity descriptor with an entity ID of http://samltest-zxid.flexmls.com/ticketLogin?o=B
10:17:09.067 - DEBUG [org.opensaml.saml2.metadata.provider.AbstractMetadataProvider:95] - Metadata document does not contain an EntityDescriptor with the ID http://samltest-zxid.flexmls.com/ticketLogin?o=B
10:17:09.067 - DEBUG [org.opensaml.saml2.metadata.provider.ChainingMetadataProvider:193] - Checking child metadata provider for entity descriptor with entity ID: http://samltest-zxid.flexmls.com/ticketLogin?o=B
10:17:09.068 - DEBUG [org.opensaml.saml2.metadata.provider.AbstractMetadataProvider:237] - Searching for entity descriptor with an entity ID of http://samltest-zxid.flexmls.com/ticketLogin?o=B
10:17:09.068 - DEBUG [edu.internet2.middleware.shibboleth.common.relyingparty.provider.SAMLMDRelyingPartyConfigurationManager:126] - Looking up relying party configuration for http://samltest-zxid.flexmls.com/ticketLogin?o=B
10:17:09.068 - DEBUG [edu.internet2.middleware.shibboleth.common.relyingparty.provider.SAMLMDRelyingPartyConfigurationManager:128] - Custom relying party configuration found for http://samltest-zxid.flexmls.com/ticketLogin?o=B
10:17:09.068 - DEBUG [org.opensaml.saml2.metadata.provider.ChainingMetadataProvider:193] - Checking child metadata provider for entity descriptor with entity ID: http://saml.flexmls.com/idp/shibboleth
10:17:09.068 - DEBUG [org.opensaml.saml2.metadata.provider.AbstractMetadataProvider:237] - Searching for entity descriptor with an entity ID of http://saml.flexmls.com/idp/shibboleth
10:17:09.069 - DEBUG [org.opensaml.saml2.binding.AuthnResponseEndpointSelector:100] - Filtering peer endpoints.  Supported peer endpoint bindings: [urn:oasis:names:tc:SAML:2.0:bindings:HTTP-POST-SimpleSign, urn:oasis:names:tc:SAML:2.0:bindings:HTTP-POST, urn:oasis:names:tc:SAML:2.0:bindings:HTTP-Artifact]
10:17:09.069 - DEBUG [org.opensaml.saml2.binding.AuthnResponseEndpointSelector:115] - Removing endpoint http://samltest-zxid.flexmls.com/ticketLogin?o=S because its binding urn:oasis:names:tc:SAML:2.0:bindings:SOAP is not supported
10:17:09.070 - DEBUG [org.opensaml.saml2.binding.AuthnResponseEndpointSelector:115] - Removing endpoint http://samltest-zxid.flexmls.com/ticketLogin?o=P because its binding urn:oasis:names:tc:SAML:2.0:bindings:PAOS is not supported
10:17:09.070 - DEBUG [org.opensaml.saml2.binding.AuthnResponseEndpointSelector:64] - Selecting endpoint by ACS index '2' for request 'N5mu3O5DZqMUeyr_AoEm9dNwf' from entity 'http://samltest-zxid.flexmls.com/ticketLogin?o=B'
10:17:09.070 - DEBUG [org.opensaml.saml2.binding.AuthnResponseEndpointSelector:153] - Endpoint 'http://samltest-zxid.flexmls.com/ticketLogin' with index '1' discard because it does have the required index '2'
10:17:09.070 - DEBUG [edu.internet2.middleware.shibboleth.idp.profile.saml2.AbstractSAML2ProfileHandler:459] - Resolving attributes for principal 'cal' for SAML request from relying party 'http://samltest-zxid.flexmls.com/ticketLogin?o=B'
10:17:09.070 - DEBUG [edu.internet2.middleware.shibboleth.common.attribute.resolver.provider.ShibbolethAttributeResolver:118] - shibboleth.AttributeResolver resolving attributes for principal cal
10:17:09.070 - DEBUG [edu.internet2.middleware.shibboleth.common.attribute.resolver.provider.ShibbolethAttributeResolver:249] - Specific attributes for principal cal were not requested, resolving all attributes.
10:17:09.071 - DEBUG [edu.internet2.middleware.shibboleth.common.attribute.resolver.provider.ShibbolethAttributeResolver:285] - Resolving attribute principal for principal cal
10:17:09.071 - DEBUG [edu.internet2.middleware.shibboleth.common.attribute.resolver.provider.ShibbolethAttributeResolver:307] - Resolved attribute principal containing 1 values
10:17:09.071 - DEBUG [edu.internet2.middleware.shibboleth.common.attribute.resolver.provider.ShibbolethAttributeResolver:285] - Resolving attribute transientId for principal cal
10:17:09.071 - DEBUG [edu.internet2.middleware.shibboleth.common.attribute.resolver.provider.ShibbolethAttributeResolver:307] - Resolved attribute transientId containing 1 values
10:17:09.071 - DEBUG [edu.internet2.middleware.shibboleth.common.attribute.resolver.provider.ShibbolethAttributeResolver:136] - shibboleth.AttributeResolver resolved, for principal cal, the attributes: [principal, transientId]
10:17:09.072 - DEBUG [edu.internet2.middleware.shibboleth.common.attribute.filtering.provider.ShibbolethAttributeFilteringEngine:70] - shibboleth.AttributeFilterEngine filtering 2 attributes for principal cal
10:17:09.072 - DEBUG [edu.internet2.middleware.shibboleth.common.attribute.filtering.provider.ShibbolethAttributeFilteringEngine:122] - Evaluating if filter policy releaseTransientIdToAnyone is active for principal cal
10:17:09.072 - DEBUG [edu.internet2.middleware.shibboleth.common.attribute.filtering.provider.ShibbolethAttributeFilteringEngine:131] - Filter policy releaseTransientIdToAnyone is active for principal cal
10:17:09.072 - DEBUG [edu.internet2.middleware.shibboleth.common.attribute.filtering.provider.ShibbolethAttributeFilteringEngine:156] - Processing permit value rule for attribute transientId for principal cal
10:17:09.072 - DEBUG [edu.internet2.middleware.shibboleth.common.attribute.filtering.provider.ShibbolethAttributeFilteringEngine:122] - Evaluating if filter policy null is active for principal cal
10:17:09.073 - DEBUG [edu.internet2.middleware.shibboleth.common.attribute.filtering.provider.ShibbolethAttributeFilteringEngine:131] - Filter policy null is active for principal cal
10:17:09.073 - DEBUG [edu.internet2.middleware.shibboleth.common.attribute.filtering.provider.ShibbolethAttributeFilteringEngine:156] - Processing permit value rule for attribute eduPersonEntitlement for principal cal
10:17:09.073 - DEBUG [edu.internet2.middleware.shibboleth.common.attribute.filtering.provider.ShibbolethAttributeFilteringEngine:156] - Processing permit value rule for attribute eduPersonPrincipalName for principal cal
10:17:09.073 - DEBUG [edu.internet2.middleware.shibboleth.common.attribute.filtering.provider.ShibbolethAttributeFilteringEngine:156] - Processing permit value rule for attribute uid for principal cal
10:17:09.073 - DEBUG [edu.internet2.middleware.shibboleth.common.attribute.filtering.provider.ShibbolethAttributeFilteringEngine:156] - Processing permit value rule for attribute principal for principal cal
10:17:09.073 - DEBUG [edu.internet2.middleware.shibboleth.common.attribute.filtering.provider.ShibbolethAttributeFilteringEngine:106] - Filtered attributes for principal cal.  The following attributes remain: [principal, transientId]
10:17:09.074 - DEBUG [edu.internet2.middleware.shibboleth.idp.profile.saml2.AbstractSAML2ProfileHandler:485] - Creating attribute statement in response to SAML request 'N5mu3O5DZqMUeyr_AoEm9dNwf' from relying party 'http://samltest-zxid.flexmls.com/ticketLogin?o=B'
10:17:09.074 - DEBUG [edu.internet2.middleware.shibboleth.common.attribute.provider.ShibbolethSAML2AttributeAuthority:225] - Attribute principal was not encoded because no SAML2AttributeEncoder was attached to it.
10:17:09.074 - DEBUG [edu.internet2.middleware.shibboleth.common.attribute.provider.ShibbolethSAML2AttributeAuthority:225] - Attribute transientId was not encoded because no SAML2AttributeEncoder was attached to it.
10:17:09.074 - DEBUG [edu.internet2.middleware.shibboleth.common.attribute.provider.ShibbolethSAML2AttributeAuthority:127] - No attributes remained after encoding and filtering by value, no attribute statement built
10:17:09.074 - DEBUG [edu.internet2.middleware.shibboleth.idp.profile.saml2.AbstractSAML2ProfileHandler:833] - Building assertion NameID for principal/relying party:cal/http://samltest-zxid.flexmls.com/ticketLogin?o=B
10:17:09.075 - DEBUG [edu.internet2.middleware.shibboleth.idp.profile.saml2.AbstractSAML2ProfileHandler:858] - Relying party 'http://samltest-zxid.flexmls.com/ticketLogin?o=B' supports the name formats: [urn:oasis:names:tc:SAML:2.0:nameid-format:persistent]
10:17:09.075 - DEBUG [edu.internet2.middleware.shibboleth.idp.profile.saml2.AbstractSAML2ProfileHandler:918] - Using attribute 'principal' supporting NameID format 'urn:oasis:names:tc:SAML:2.0:nameid-format:persistent' to create the NameID for relying party 'http://samltest-zxid.flexmls.com/ticketLogin?o=B'
10:17:09.075 - DEBUG [edu.internet2.middleware.shibboleth.idp.profile.saml2.AbstractSAML2ProfileHandler:554] - Determining if SAML assertion to relying party 'http://samltest-zxid.flexmls.com/ticketLogin?o=B' should be signed
10:17:09.075 - DEBUG [edu.internet2.middleware.shibboleth.idp.profile.saml2.AbstractSAML2ProfileHandler:628] - IdP relying party configuration 'http://samltest-zxid.flexmls.com/ticketLogin?o=B' indicates to sign assertions: true
10:17:09.075 - DEBUG [edu.internet2.middleware.shibboleth.idp.profile.saml2.AbstractSAML2ProfileHandler:565] - Determining signing credntial for assertion to relying party 'http://samltest-zxid.flexmls.com/ticketLogin?o=B'
10:17:09.075 - DEBUG [edu.internet2.middleware.shibboleth.idp.profile.saml2.AbstractSAML2ProfileHandler:580] - Signing assertion to relying party http://samltest-zxid.flexmls.com/ticketLogin?o=B
10:17:09.077 - DEBUG [org.opensaml.xml.signature.impl.SignatureMarshaller:99] - Starting to marshall {http://www.w3.org/2000/09/xmldsig#}Signature
10:17:09.077 - DEBUG [org.opensaml.xml.signature.impl.SignatureMarshaller:102] - Creating XMLSignature object
10:17:09.077 - DEBUG [org.opensaml.xml.signature.impl.SignatureMarshaller:112] - Adding content to XMLSignature.
10:17:09.077 - DEBUG [org.opensaml.common.impl.SAMLObjectContentReference:172] - Adding list of inclusive namespaces for signature exclusive canonicalization transform
10:17:09.078 - DEBUG [org.opensaml.xml.signature.impl.SignatureMarshaller:117] - Creating Signature DOM element
10:17:09.079 - DEBUG [org.opensaml.xml.signature.Signer:77] - Computing signature over XMLSignature object
10:17:09.080 - DEBUG [org.apache.xml.security.utils.DigesterOutputStream:-1] - Pre-digested input:
10:17:09.080 - DEBUG [org.apache.xml.security.utils.DigesterOutputStream:-1] - <saml2:Assertion xmlns:saml2="urn:oasis:names:tc:SAML:2.0:assertion" ID="_1918babc135a1c3d7bf7c94a6cae3b93" IssueInstant="2010-10-05T15:17:09.074Z" Version="2.0"><saml2:Issuer Format="urn:oasis:names:tc:SAML:2.0:nameid-format:entity">http://saml.flexmls.com/idp/shibboleth</saml2:Issuer><saml2:Subject><saml2:NameID Format="urn:oasis:names:tc:SAML:2.0:nameid-format:persistent">cal</saml2:NameID><saml2:SubjectConfirmation Method="urn:oasis:names:tc:SAML:2.0:cm:bearer"><saml2:SubjectConfirmationData Address="216.147.179.14" InResponseTo="N5mu3O5DZqMUeyr_AoEm9dNwf" NotOnOrAfter="2010-10-05T15:22:09.074Z" Recipient="http://samltest-zxid.flexmls.com/ticketLogin?o=P"></saml2:SubjectConfirmationData></saml2:SubjectConfirmation></saml2:Subject><saml2:Conditions NotBefore="2010-10-05T15:17:09.074Z" NotOnOrAfter="2010-10-05T15:22:09.074Z"><saml2:AudienceRestriction><saml2:Audience>http://samltest-zxid.flexmls.com/ticketLogin?o=B</saml2:Audience></saml2:AudienceRestriction></saml2:Conditions><saml2:AuthnStatement AuthnInstant="2010-10-05T15:17:09.064Z" SessionIndex="64610f615334f84dfbe9ecdb460789abff997f4afc0bd6b5754ab6ddaefdc0ce"><saml2:SubjectLocality Address="216.147.179.14"></saml2:SubjectLocality><saml2:AuthnContext><saml2:AuthnContextClassRef>urn:oasis:names:tc:SAML:2.0:ac:classes:unspecified</saml2:AuthnContextClassRef></saml2:AuthnContext></saml2:AuthnStatement></saml2:Assertion>
10:17:09.090 - DEBUG [edu.internet2.middleware.shibboleth.idp.profile.saml2.AbstractSAML2ProfileHandler:833] - Building assertion NameID for principal/relying party:cal/http://samltest-zxid.flexmls.com/ticketLogin?o=B
10:17:09.091 - DEBUG [edu.internet2.middleware.shibboleth.idp.profile.saml2.AbstractSAML2ProfileHandler:858] - Relying party 'http://samltest-zxid.flexmls.com/ticketLogin?o=B' supports the name formats: [urn:oasis:names:tc:SAML:2.0:nameid-format:persistent]
10:17:09.091 - DEBUG [edu.internet2.middleware.shibboleth.idp.profile.saml2.AbstractSAML2ProfileHandler:918] - Using attribute 'principal' supporting NameID format 'urn:oasis:names:tc:SAML:2.0:nameid-format:persistent' to create the NameID for relying party 'http://samltest-zxid.flexmls.com/ticketLogin?o=B'
10:17:09.091 - DEBUG [edu.internet2.middleware.shibboleth.idp.profile.AbstractSAMLProfileHandler:524] - Encoding response to SAML request N5mu3O5DZqMUeyr_AoEm9dNwf from relying party http://samltest-zxid.flexmls.com/ticketLogin?o=B
10:17:09.091 - DEBUG [org.opensaml.ws.message.encoder.BaseMessageEncoder:47] - Beginning encode message to outbound transport of type: org.opensaml.ws.transport.http.HttpServletResponseAdapter
10:17:09.092 - DEBUG [org.opensaml.xml.signature.impl.SignatureMarshaller:99] - Starting to marshall {http://www.w3.org/2000/09/xmldsig#}Signature
10:17:09.092 - DEBUG [org.opensaml.xml.signature.impl.SignatureMarshaller:102] - Creating XMLSignature object
10:17:09.093 - DEBUG [org.opensaml.xml.signature.impl.SignatureMarshaller:112] - Adding content to XMLSignature.
10:17:09.093 - DEBUG [org.opensaml.common.impl.SAMLObjectContentReference:172] - Adding list of inclusive namespaces for signature exclusive canonicalization transform
10:17:09.094 - DEBUG [org.opensaml.xml.signature.impl.SignatureMarshaller:117] - Creating Signature DOM element
10:17:09.094 - DEBUG [org.opensaml.xml.signature.Signer:77] - Computing signature over XMLSignature object
10:17:09.096 - DEBUG [org.apache.xml.security.utils.DigesterOutputStream:-1] - Pre-digested input:
10:17:09.096 - DEBUG [org.apache.xml.security.utils.DigesterOutputStream:-1] - <saml2p:Response xmlns:saml2p="urn:oasis:names:tc:SAML:2.0:protocol" Destination="http://samltest-zxid.flexmls.com/ticketLogin?o=P" ID="_b5bce101c08f3e1faf5c84c160a8b725" InResponseTo="N5mu3O5DZqMUeyr_AoEm9dNwf" IssueInstant="2010-10-05T15:17:09.074Z" Version="2.0"><saml2:Issuer xmlns:saml2="urn:oasis:names:tc:SAML:2.0:assertion" Format="urn:oasis:names:tc:SAML:2.0:nameid-format:entity">http://saml.flexmls.com/idp/shibboleth</saml2:Issuer><saml2p:Status><saml2p:StatusCode Value="urn:oasis:names:tc:SAML:2.0:status:Success"></saml2p:StatusCode></saml2p:Status><saml2:Assertion xmlns:saml2="urn:oasis:names:tc:SAML:2.0:assertion" ID="_1918babc135a1c3d7bf7c94a6cae3b93" IssueInstant="2010-10-05T15:17:09.074Z" Version="2.0"><saml2:Issuer Format="urn:oasis:names:tc:SAML:2.0:nameid-format:entity">http://saml.flexmls.com/idp/shibboleth</saml2:Issuer><ds:Signature xmlns:ds="http://www.w3.org/2000/09/xmldsig#">
<ds:SignedInfo>
<ds:CanonicalizationMethod Algorithm="http://www.w3.org/2001/10/xml-exc-c14n#"></ds:CanonicalizationMethod>
<ds:SignatureMethod Algorithm="http://www.w3.org/2000/09/xmldsig#rsa-sha1"></ds:SignatureMethod>
<ds:Reference URI="#_1918babc135a1c3d7bf7c94a6cae3b93">
<ds:Transforms>
<ds:Transform Algorithm="http://www.w3.org/2000/09/xmldsig#enveloped-signature"></ds:Transform>
<ds:Transform Algorithm="http://www.w3.org/2001/10/xml-exc-c14n#"><ec:InclusiveNamespaces xmlns:ec="http://www.w3.org/2001/10/xml-exc-c14n#" PrefixList="ds saml2"></ec:InclusiveNamespaces></ds:Transform>
</ds:Transforms>
<ds:DigestMethod Algorithm="http://www.w3.org/2000/09/xmldsig#sha1"></ds:DigestMethod>
<ds:DigestValue>1TcT0opLIphneg83xMciLasCjlE=</ds:DigestValue>
</ds:Reference>
</ds:SignedInfo>
<ds:SignatureValue>
aUROiNHyj8y4r7S8gZ1wWoijUn0wA3qYECxgw4gkLmgI8isvCMZTeYoJBG8JZNWfE93g7AoAmPw0
kV06Dh9BM7MvCyT58VIxjvNHgo2hNiPZH2xocp7a+KXDDQbMuAcVVxSCnf4nJRGSpS3302N6POt3
7HiMP8ONTiOhhiYZc6uEhL62w1XcCU39wiptu3w9iOWq7rCSlJ0wjtDAKmbql4qwodZeuCUGoiog
DKb/Y6RD6dGtlM77ugsTSip++swZq8Qzx9afZsJEl7fp1hZA7Cu2+CyzxX1Oti+0CluvHZEotE1Q
JvYXr4p+d6GAgmciQUKYQDN4QmY53BnSQVWT8g==
</ds:SignatureValue>
<ds:KeyInfo><ds:X509Data><ds:X509Certificate>MIIDLDCCAhSgAwIBAgIVALXdK32E0QYMthR36rFgaVqN/fqyMA0GCSqGSIb3DQEBBQUAMBsxGTAX
BgNVBAMTEHNhbWwuZmxleG1scy5jb20wHhcNMTAwOTI0MTYwMzM2WhcNMzAwOTI0MTYwMzM2WjAb
MRkwFwYDVQQDExBzYW1sLmZsZXhtbHMuY29tMIIBIjANBgkqhkiG9w0BAQEFAAOCAQ8AMIIBCgKC
AQEArs3NVzXAsTHF50qXo73+i/3Am1QYo0psCSqhfe0EFxHN3tcoW0VY4Ti+AMp/lSJMwSTCkMAx
/M+pzmyA3BpEWb4SMxDDVKb9xjSGzItWWWO0W6LBNheLZfjnyMKyl1yYxl846hsUhEogTWuAMA95
R6yIeZ0DdfKNh1MYI7brfW7x3x17SvCodovnWo/Ml9p/qysopHU0e8TS+jDKDTjw0f+SWBYSXpg+
2IuHzZU7wbM8AwivBlEYpefFxR5FWfdwqVpTj8sG7ka/UfotrorjoOVP2alLy4TXHUYFJUnx75HP
Q/clgGG6OhPRVRNQ8jOxJ2uveVUe+LVPBFbHUmH/FwIDAQABo2cwZTBEBgNVHREEPTA7ghBzYW1s
LmZsZXhtbHMuY29thidodHRwczovL3NhbWwuZmxleG1scy5jb20vaWRwL3NoaWJib2xldGgwHQYD
VR0OBBYEFJ4/u83XOq77eULMck7cqo2JJ7MbMA0GCSqGSIb3DQEBBQUAA4IBAQCbD1+aFWlKz7pd
/dK0SZbIpYaSMvWfuuc9O4r7HuiTguGpYgLjYWlG0j8Pe5r0iz1jHKuE51wh0SIC4Mg/zMWKV+H5
nrzSfvPr0lUU4NChD4+kn/gjcAb4D0Dq9XesVMQhptpqiIx3TC0QP9pA99ndU0E3S/lnoPUTBwk4
GaxxwEVTTFOuVvjsavMIcl4o/me66mAewouoGxRwT2OHEolBdq8sdCFEvumzII6xxnbNlootd/N7
DdSGPK3VVavhBDYXYzAAlxacmriODS34KpZfWxzXM7WUV2OuL8krLsE3cxwhuIS7Mcm4JchTgeee
rpMxWD2PsuuWxTuDOiQbd8mH</ds:X509Certificate></ds:X509Data></ds:KeyInfo></ds:Signature><saml2:Subject><saml2:NameID Format="urn:oasis:names:tc:SAML:2.0:nameid-format:persistent">cal</saml2:NameID><saml2:SubjectConfirmation Method="urn:oasis:names:tc:SAML:2.0:cm:bearer"><saml2:SubjectConfirmationData Address="216.147.179.14" InResponseTo="N5mu3O5DZqMUeyr_AoEm9dNwf" NotOnOrAfter="2010-10-05T15:22:09.074Z" Recipient="http://samltest-zxid.flexmls.com/ticketLogin?o=P"></saml2:SubjectConfirmationData></saml2:SubjectConfirmation></saml2:Subject><saml2:Conditions NotBefore="2010-10-05T15:17:09.074Z" NotOnOrAfter="2010-10-05T15:22:09.074Z"><saml2:AudienceRestriction><saml2:Audience>http://samltest-zxid.flexmls.com/ticketLogin?o=B</saml2:Audience></saml2:AudienceRestriction></saml2:Conditions><saml2:AuthnStatement AuthnInstant="2010-10-05T15:17:09.064Z" SessionIndex="64610f615334f84dfbe9ecdb460789abff997f4afc0bd6b5754ab6ddaefdc0ce"><saml2:SubjectLocality Address="216.147.179.14"></saml2:SubjectLocality><saml2:AuthnContext><saml2:AuthnContextClassRef>urn:oasis:names:tc:SAML:2.0:ac:classes:unspecified</saml2:AuthnContextClassRef></saml2:AuthnContext></saml2:AuthnStatement></saml2:Assertion></saml2p:Response>
10:17:09.107 - DEBUG [org.opensaml.saml2.binding.encoding.HTTPPostEncoder:121] - Invoking Velocity template to create POST body
10:17:09.107 - DEBUG [org.opensaml.saml2.binding.encoding.HTTPPostEncoder:152] - Encoding action url of: http://samltest-zxid.flexmls.com/ticketLogin?o=P
10:17:09.107 - DEBUG [org.opensaml.saml2.binding.encoding.HTTPPostEncoder:155] - Marshalling and Base64 encoding SAML message
10:17:09.113 - DEBUG [PROTOCOL_MESSAGE:64] -
<?xml version="1.0" encoding="UTF-8"?><saml2p:Response xmlns:saml2p="urn:oasis:names:tc:SAML:2.0:protocol" Destination="http://samltest-zxid.flexmls.com/ticketLogin?o=P" ID="_b5bce101c08f3e1faf5c84c160a8b725" InResponseTo="N5mu3O5DZqMUeyr_AoEm9dNwf" IssueInstant="2010-10-05T15:17:09.074Z" Version="2.0">
   <saml2:Issuer xmlns:saml2="urn:oasis:names:tc:SAML:2.0:assertion" Format="urn:oasis:names:tc:SAML:2.0:nameid-format:entity">http://saml.flexmls.com/idp/shibboleth</saml2:Issuer>
   <ds:Signature xmlns:ds="http://www.w3.org/2000/09/xmldsig#">
<ds:SignedInfo>
<ds:CanonicalizationMethod Algorithm="http://www.w3.org/2001/10/xml-exc-c14n#"/>
<ds:SignatureMethod Algorithm="http://www.w3.org/2000/09/xmldsig#rsa-sha1"/>
<ds:Reference URI="#_b5bce101c08f3e1faf5c84c160a8b725">
<ds:Transforms>
<ds:Transform Algorithm="http://www.w3.org/2000/09/xmldsig#enveloped-signature"/>
<ds:Transform Algorithm="http://www.w3.org/2001/10/xml-exc-c14n#">
                  <ec:InclusiveNamespaces xmlns:ec="http://www.w3.org/2001/10/xml-exc-c14n#" PrefixList="ds saml2 saml2p"/>
               </ds:Transform>
</ds:Transforms>
<ds:DigestMethod Algorithm="http://www.w3.org/2000/09/xmldsig#sha1"/>
<ds:DigestValue>bK0xhF8usCLaSRVLeIsFImSWl98=</ds:DigestValue>
</ds:Reference>
</ds:SignedInfo>
<ds:SignatureValue>
nmOxvrkpCbnlb4NURbNvM5YJaVaZhbg/93wdrO9v8QcoLEapRobWS4ck7Ve59+u1H4FXg6qV3+S1
d8JUTKUqOoqd5g70q00A56iDQw83WtX3Q/o5WGAMOAL7ujAzWL0bw6OmHAOLDWvkNgqRtynywgiC
p2p7/uUXDFkapbjYRqocdajXkL2T/8H3j5eIWjTJk0StcK7519Lf3Vb1FBj4056YEk27xTX6sLo1
u9PhGPdOZFyNIeWR3h84IcIahEH7jeDl+ATJJ+RNhNfYn9/Za+w7NDJVbcCW4vXAVNJ0WetQd5Nq
aJ4WhKaLhp1LhfJk7so1pONUIe8jdylIDTytLA==
</ds:SignatureValue>
<ds:KeyInfo>
         <ds:X509Data>
            <ds:X509Certificate>MIIDLDCCAhSgAwIBAgIVALXdK32E0QYMthR36rFgaVqN/fqyMA0GCSqGSIb3DQEBBQUAMBsxGTAX
BgNVBAMTEHNhbWwuZmxleG1scy5jb20wHhcNMTAwOTI0MTYwMzM2WhcNMzAwOTI0MTYwMzM2WjAb
MRkwFwYDVQQDExBzYW1sLmZsZXhtbHMuY29tMIIBIjANBgkqhkiG9w0BAQEFAAOCAQ8AMIIBCgKC
AQEArs3NVzXAsTHF50qXo73+i/3Am1QYo0psCSqhfe0EFxHN3tcoW0VY4Ti+AMp/lSJMwSTCkMAx
/M+pzmyA3BpEWb4SMxDDVKb9xjSGzItWWWO0W6LBNheLZfjnyMKyl1yYxl846hsUhEogTWuAMA95
R6yIeZ0DdfKNh1MYI7brfW7x3x17SvCodovnWo/Ml9p/qysopHU0e8TS+jDKDTjw0f+SWBYSXpg+
2IuHzZU7wbM8AwivBlEYpefFxR5FWfdwqVpTj8sG7ka/UfotrorjoOVP2alLy4TXHUYFJUnx75HP
Q/clgGG6OhPRVRNQ8jOxJ2uveVUe+LVPBFbHUmH/FwIDAQABo2cwZTBEBgNVHREEPTA7ghBzYW1s
LmZsZXhtbHMuY29thidodHRwczovL3NhbWwuZmxleG1scy5jb20vaWRwL3NoaWJib2xldGgwHQYD
VR0OBBYEFJ4/u83XOq77eULMck7cqo2JJ7MbMA0GCSqGSIb3DQEBBQUAA4IBAQCbD1+aFWlKz7pd
/dK0SZbIpYaSMvWfuuc9O4r7HuiTguGpYgLjYWlG0j8Pe5r0iz1jHKuE51wh0SIC4Mg/zMWKV+H5
nrzSfvPr0lUU4NChD4+kn/gjcAb4D0Dq9XesVMQhptpqiIx3TC0QP9pA99ndU0E3S/lnoPUTBwk4
GaxxwEVTTFOuVvjsavMIcl4o/me66mAewouoGxRwT2OHEolBdq8sdCFEvumzII6xxnbNlootd/N7
DdSGPK3VVavhBDYXYzAAlxacmriODS34KpZfWxzXM7WUV2OuL8krLsE3cxwhuIS7Mcm4JchTgeee
rpMxWD2PsuuWxTuDOiQbd8mH</ds:X509Certificate>
         </ds:X509Data>
      </ds:KeyInfo>
   </ds:Signature>
   <saml2p:Status>
      <saml2p:StatusCode Value="urn:oasis:names:tc:SAML:2.0:status:Success"/>
   </saml2p:Status>
   <saml2:Assertion xmlns:saml2="urn:oasis:names:tc:SAML:2.0:assertion" ID="_1918babc135a1c3d7bf7c94a6cae3b93" IssueInstant="2010-10-05T15:17:09.074Z" Version="2.0">
      <saml2:Issuer Format="urn:oasis:names:tc:SAML:2.0:nameid-format:entity">http://saml.flexmls.com/idp/shibboleth</saml2:Issuer>
      <ds:Signature xmlns:ds="http://www.w3.org/2000/09/xmldsig#">
<ds:SignedInfo>
<ds:CanonicalizationMethod Algorithm="http://www.w3.org/2001/10/xml-exc-c14n#"/>
<ds:SignatureMethod Algorithm="http://www.w3.org/2000/09/xmldsig#rsa-sha1"/>
<ds:Reference URI="#_1918babc135a1c3d7bf7c94a6cae3b93">
<ds:Transforms>
<ds:Transform Algorithm="http://www.w3.org/2000/09/xmldsig#enveloped-signature"/>
<ds:Transform Algorithm="http://www.w3.org/2001/10/xml-exc-c14n#">
                     <ec:InclusiveNamespaces xmlns:ec="http://www.w3.org/2001/10/xml-exc-c14n#" PrefixList="ds saml2"/>
                  </ds:Transform>
</ds:Transforms>
<ds:DigestMethod Algorithm="http://www.w3.org/2000/09/xmldsig#sha1"/>
<ds:DigestValue>1TcT0opLIphneg83xMciLasCjlE=</ds:DigestValue>
</ds:Reference>
</ds:SignedInfo>
<ds:SignatureValue>
aUROiNHyj8y4r7S8gZ1wWoijUn0wA3qYECxgw4gkLmgI8isvCMZTeYoJBG8JZNWfE93g7AoAmPw0
kV06Dh9BM7MvCyT58VIxjvNHgo2hNiPZH2xocp7a+KXDDQbMuAcVVxSCnf4nJRGSpS3302N6POt3
7HiMP8ONTiOhhiYZc6uEhL62w1XcCU39wiptu3w9iOWq7rCSlJ0wjtDAKmbql4qwodZeuCUGoiog
DKb/Y6RD6dGtlM77ugsTSip++swZq8Qzx9afZsJEl7fp1hZA7Cu2+CyzxX1Oti+0CluvHZEotE1Q
JvYXr4p+d6GAgmciQUKYQDN4QmY53BnSQVWT8g==
</ds:SignatureValue>
<ds:KeyInfo>
            <ds:X509Data>
               <ds:X509Certificate>MIIDLDCCAhSgAwIBAgIVALXdK32E0QYMthR36rFgaVqN/fqyMA0GCSqGSIb3DQEBBQUAMBsxGTAX
BgNVBAMTEHNhbWwuZmxleG1scy5jb20wHhcNMTAwOTI0MTYwMzM2WhcNMzAwOTI0MTYwMzM2WjAb
MRkwFwYDVQQDExBzYW1sLmZsZXhtbHMuY29tMIIBIjANBgkqhkiG9w0BAQEFAAOCAQ8AMIIBCgKC
AQEArs3NVzXAsTHF50qXo73+i/3Am1QYo0psCSqhfe0EFxHN3tcoW0VY4Ti+AMp/lSJMwSTCkMAx
/M+pzmyA3BpEWb4SMxDDVKb9xjSGzItWWWO0W6LBNheLZfjnyMKyl1yYxl846hsUhEogTWuAMA95
R6yIeZ0DdfKNh1MYI7brfW7x3x17SvCodovnWo/Ml9p/qysopHU0e8TS+jDKDTjw0f+SWBYSXpg+
2IuHzZU7wbM8AwivBlEYpefFxR5FWfdwqVpTj8sG7ka/UfotrorjoOVP2alLy4TXHUYFJUnx75HP
Q/clgGG6OhPRVRNQ8jOxJ2uveVUe+LVPBFbHUmH/FwIDAQABo2cwZTBEBgNVHREEPTA7ghBzYW1s
LmZsZXhtbHMuY29thidodHRwczovL3NhbWwuZmxleG1scy5jb20vaWRwL3NoaWJib2xldGgwHQYD
VR0OBBYEFJ4/u83XOq77eULMck7cqo2JJ7MbMA0GCSqGSIb3DQEBBQUAA4IBAQCbD1+aFWlKz7pd
/dK0SZbIpYaSMvWfuuc9O4r7HuiTguGpYgLjYWlG0j8Pe5r0iz1jHKuE51wh0SIC4Mg/zMWKV+H5
nrzSfvPr0lUU4NChD4+kn/gjcAb4D0Dq9XesVMQhptpqiIx3TC0QP9pA99ndU0E3S/lnoPUTBwk4
GaxxwEVTTFOuVvjsavMIcl4o/me66mAewouoGxRwT2OHEolBdq8sdCFEvumzII6xxnbNlootd/N7
DdSGPK3VVavhBDYXYzAAlxacmriODS34KpZfWxzXM7WUV2OuL8krLsE3cxwhuIS7Mcm4JchTgeee
rpMxWD2PsuuWxTuDOiQbd8mH</ds:X509Certificate>
            </ds:X509Data>
         </ds:KeyInfo>
      </ds:Signature>
      <saml2:Subject>
         <saml2:NameID Format="urn:oasis:names:tc:SAML:2.0:nameid-format:persistent">cal</saml2:NameID>
         <saml2:SubjectConfirmation Method="urn:oasis:names:tc:SAML:2.0:cm:bearer">
            <saml2:SubjectConfirmationData Address="216.147.179.14" InResponseTo="N5mu3O5DZqMUeyr_AoEm9dNwf" NotOnOrAfter="2010-10-05T15:22:09.074Z" Recipient="http://samltest-zxid.flexmls.com/ticketLogin?o=P"/>
         </saml2:SubjectConfirmation>
      </saml2:Subject>
      <saml2:Conditions NotBefore="2010-10-05T15:17:09.074Z" NotOnOrAfter="2010-10-05T15:22:09.074Z">
         <saml2:AudienceRestriction>
            <saml2:Audience>http://samltest-zxid.flexmls.com/ticketLogin?o=B</saml2:Audience>
         </saml2:AudienceRestriction>
      </saml2:Conditions>
      <saml2:AuthnStatement AuthnInstant="2010-10-05T15:17:09.064Z" SessionIndex="64610f615334f84dfbe9ecdb460789abff997f4afc0bd6b5754ab6ddaefdc0ce">
         <saml2:SubjectLocality Address="216.147.179.14"/>
         <saml2:AuthnContext>
            <saml2:AuthnContextClassRef>urn:oasis:names:tc:SAML:2.0:ac:classes:unspecified</saml2:AuthnContextClassRef>
         </saml2:AuthnContext>
      </saml2:AuthnStatement>
   </saml2:Assertion>
</saml2p:Response>

10:17:09.113 - DEBUG [org.opensaml.ws.message.encoder.BaseMessageEncoder:54] - Successfully encoded message.
10:17:09.114 - INFO [Shibboleth-Audit:1019] - 20101005T151709Z|urn:oasis:names:tc:SAML:2.0:bindings:HTTP-Redirect|N5mu3O5DZqMUeyr_AoEm9dNwf|http://samltest-zxid.flexmls.com/ticketLogin?o=B|urn:mace:shibboleth:2.0:profiles:saml2:sso|http://saml.flexmls.com/idp/shibboleth|urn:oasis:names:tc:SAML:2.0:bindings:HTTP-POST|_b5bce101c08f3e1faf5c84c160a8b725|cal|urn:oasis:names:tc:SAML:2.0:ac:classes:unspecified|||_1918babc135a1c3d7bf7c94a6cae3b93,|
