Content-Type: text/xml
Content-Length: 7874

<md:EntityDescriptor xmlns:md="urn:oasis:names:tc:SAML:2.0:metadata" entityID="http://idp.tas3.pt:8081/zxididp"><md:SPSSODescriptor AuthnRequestsSigned="1" WantAssertionsSigned="1" errorURL="http://idp.tas3.pt:8081/zxididp?o=E" protocolSupportEnumeration="urn:oasis:names:tc:SAML:2.0:protocol"><md:KeyDescriptor use="encryption"><ds:KeyInfo xmlns:ds="http://www.w3.org/2000/09/xmldsig#"><ds:X509Data><ds:X509Certificate>MIICmDCCAgGgAwIBAgIEK3aNVDANBgkqhkiG9w0BAQQFADBiMRQwEgYDVQQDEwtp
ZHAudGFzMy5wdDERMA8GA1UECxQIU1NPIERlcHQxNzA1BgNVBAoULlpYSUQgQXV0
by1DZXJ0IGh0dHA6Ly9pZHAudGFzMy5wdDo4MDgwL3p4aWRpZHAwHhcNNzAwMTAx
MDAwMDAwWhcNMzgwMTE5MDMxNDA3WjBiMRQwEgYDVQQDEwtpZHAudGFzMy5wdDER
MA8GA1UECxQIU1NPIERlcHQxNzA1BgNVBAoULlpYSUQgQXV0by1DZXJ0IGh0dHA6
Ly9pZHAudGFzMy5wdDo4MDgwL3p4aWRpZHAwgZ8wDQYJKoZIhvcNAQEBBQADgY0A
MIGJAoGBAKmYhBnXiQXdUXPiQRvCsdaFsXS31FCr/eC4rz21y2OP342e0tIkBdbe
pTbfsTafGtXvtIwSJuuOi1T3Fkw5kg0CYvV7xHtbtqakIxbRs9EMtVSl7USoDUIf
0H6i9PMlbMtk8HSCtI15nwlFN2k3zqTWgxsxxH6Ix4B6Beerk7hvAgMBAAGjWzBZ
MA8GA1UdEwQIMAYBAf8CAQMwEQYJYIZIAYb4QgEBBAQDAgD3MAsGA1UdDwQEAwIB
/jAmBglghkgBhvhCAQ0EGRYXQXV0by1DZXJ0LCBzZWUgenhpZC5vcmcwDQYJKoZI
hvcNAQEEBQADgYEAC7bFacuLnPtX+RCAgymHuEzoj75kE+v6nRtWTaNsInjUPjt7
4o/HUXrwJqsnHpTT+S9ODry6SLyrKQF+RscHd74D/krOv2lLaMEvWv4GpVVnVT2W
FvsfT4RR6iA7KvTLs7yJRUDOmOpyAaSKy/5Mbd55fsatbYD5COIIlMN3IuU=
</ds:X509Certificate></ds:X509Data></ds:KeyInfo></md:KeyDescriptor><md:KeyDescriptor use="signing"><ds:KeyInfo xmlns:ds="http://www.w3.org/2000/09/xmldsig#"><ds:X509Data><ds:X509Certificate>MIICmDCCAgGgAwIBAgIEF+48oDANBgkqhkiG9w0BAQQFADBiMRQwEgYDVQQDEwtp
ZHAudGFzMy5wdDERMA8GA1UECxQIU1NPIERlcHQxNzA1BgNVBAoULlpYSUQgQXV0
by1DZXJ0IGh0dHA6Ly9pZHAudGFzMy5wdDo4MDgwL3p4aWRpZHAwHhcNNzAwMTAx
MDAwMDAwWhcNMzgwMTE5MDMxNDA3WjBiMRQwEgYDVQQDEwtpZHAudGFzMy5wdDER
MA8GA1UECxQIU1NPIERlcHQxNzA1BgNVBAoULlpYSUQgQXV0by1DZXJ0IGh0dHA6
Ly9pZHAudGFzMy5wdDo4MDgwL3p4aWRpZHAwgZ8wDQYJKoZIhvcNAQEBBQADgY0A
MIGJAoGBAJ/whN2BNEgXeLaux8QjEbD2ge/YmN6/2s5hXouH/i2fuzXMLgn03RbM
YtjTKwopxdFad5g10KmQrcNnK4XjtjTq3MLh54bMoA4BoRae2dSZtkOfhxxxcsTs
z0Ph6OSNWT55pH091oWtqny6E0IyVIs6Scl9gljlGKEErPf84k7lAgMBAAGjWzBZ
MA8GA1UdEwQIMAYBAf8CAQMwEQYJYIZIAYb4QgEBBAQDAgD3MAsGA1UdDwQEAwIB
/jAmBglghkgBhvhCAQ0EGRYXQXV0by1DZXJ0LCBzZWUgenhpZC5vcmcwDQYJKoZI
hvcNAQEEBQADgYEAggpuOznLdTYiDDsXQxVZRmekGNeOBrMnuTsN0JRVDgaGlNYp
VaUf7Vv7U3drPIYp0pM2B3x4s90bVDG4zJF49r41mU/C/j57qnKUzMl3mCaBQHHe
R0KGyVhpVEWhEDaaZPYp4Q0SbDRig/bPPdWqViugCo7SY0K/DEHy/xQYbsw=
</ds:X509Certificate></ds:X509Data></ds:KeyInfo></md:KeyDescriptor><md:SingleLogoutService Binding="urn:oasis:names:tc:SAML:2.0:bindings:HTTP-Redirect" Location="http://idp.tas3.pt:8081/zxididp?o=Q" ResponseLocation="http://idp.tas3.pt:8081/zxididp?o=Q"></md:SingleLogoutService><md:SingleLogoutService Binding="urn:oasis:names:tc:SAML:2.0:bindings:SOAP" Location="http://idp.tas3.pt:8081/zxididp?o=S"></md:SingleLogoutService><md:ManageNameIDService Binding="urn:oasis:names:tc:SAML:2.0:bindings:HTTP-Redirect" Location="http://idp.tas3.pt:8081/zxididp?o=Q" ResponseLocation="http://idp.tas3.pt:8081/zxididp?o=Q"></md:ManageNameIDService><md:ManageNameIDService Binding="urn:oasis:names:tc:SAML:2.0:bindings:SOAP" Location="http://idp.tas3.pt:8081/zxididp?o=S"></md:ManageNameIDService><md:NameIDFormat>urn:oasis:names:tc:SAML:2.0:nameid-format:persistent</md:NameIDFormat><md:NameIDFormat>urn:oasis:names:tc:SAML:2.0:nameid-format:transient</md:NameIDFormat><md:AssertionConsumerService Binding="urn:oasis:names:tc:SAML:2.0:bindings:HTTP-Artifact" Location="http://idp.tas3.pt:8081/zxididp" index="1"></md:AssertionConsumerService><md:AssertionConsumerService Binding="urn:oasis:names:tc:SAML:2.0:bindings:HTTP-POST" Location="http://idp.tas3.pt:8081/zxididp?o=P" index="2"></md:AssertionConsumerService><md:AssertionConsumerService Binding="urn:oasis:names:tc:SAML:2.0:bindings:SOAP" Location="http://idp.tas3.pt:8081/zxididp?o=S" index="3"></md:AssertionConsumerService><md:AssertionConsumerService Binding="urn:oasis:names:tc:SAML:2.0:bindings:PAOS" Location="http://idp.tas3.pt:8081/zxididp?o=P" index="4"></md:AssertionConsumerService><md:AssertionConsumerService Binding="urn:oasis:names:tc:SAML:2.0:bindings:HTTP-POST-SimpleSign" Location="http://idp.tas3.pt:8081/zxididp?o=P" index="5"></md:AssertionConsumerService></md:SPSSODescriptor><md:IDPSSODescriptor WantAuthnRequestsSigned="1" errorURL="http://idp.tas3.pt:8081/zxididp?o=E" protocolSupportEnumeration="urn:oasis:names:tc:SAML:2.0:protocol"><md:KeyDescriptor use="encryption"><ds:KeyInfo xmlns:ds="http://www.w3.org/2000/09/xmldsig#"><ds:X509Data><ds:X509Certificate>MIICmDCCAgGgAwIBAgIEK3aNVDANBgkqhkiG9w0BAQQFADBiMRQwEgYDVQQDEwtp
ZHAudGFzMy5wdDERMA8GA1UECxQIU1NPIERlcHQxNzA1BgNVBAoULlpYSUQgQXV0
by1DZXJ0IGh0dHA6Ly9pZHAudGFzMy5wdDo4MDgwL3p4aWRpZHAwHhcNNzAwMTAx
MDAwMDAwWhcNMzgwMTE5MDMxNDA3WjBiMRQwEgYDVQQDEwtpZHAudGFzMy5wdDER
MA8GA1UECxQIU1NPIERlcHQxNzA1BgNVBAoULlpYSUQgQXV0by1DZXJ0IGh0dHA6
Ly9pZHAudGFzMy5wdDo4MDgwL3p4aWRpZHAwgZ8wDQYJKoZIhvcNAQEBBQADgY0A
MIGJAoGBAKmYhBnXiQXdUXPiQRvCsdaFsXS31FCr/eC4rz21y2OP342e0tIkBdbe
pTbfsTafGtXvtIwSJuuOi1T3Fkw5kg0CYvV7xHtbtqakIxbRs9EMtVSl7USoDUIf
0H6i9PMlbMtk8HSCtI15nwlFN2k3zqTWgxsxxH6Ix4B6Beerk7hvAgMBAAGjWzBZ
MA8GA1UdEwQIMAYBAf8CAQMwEQYJYIZIAYb4QgEBBAQDAgD3MAsGA1UdDwQEAwIB
/jAmBglghkgBhvhCAQ0EGRYXQXV0by1DZXJ0LCBzZWUgenhpZC5vcmcwDQYJKoZI
hvcNAQEEBQADgYEAC7bFacuLnPtX+RCAgymHuEzoj75kE+v6nRtWTaNsInjUPjt7
4o/HUXrwJqsnHpTT+S9ODry6SLyrKQF+RscHd74D/krOv2lLaMEvWv4GpVVnVT2W
FvsfT4RR6iA7KvTLs7yJRUDOmOpyAaSKy/5Mbd55fsatbYD5COIIlMN3IuU=
</ds:X509Certificate></ds:X509Data></ds:KeyInfo></md:KeyDescriptor><md:KeyDescriptor use="signing"><ds:KeyInfo xmlns:ds="http://www.w3.org/2000/09/xmldsig#"><ds:X509Data><ds:X509Certificate>MIICmDCCAgGgAwIBAgIEF+48oDANBgkqhkiG9w0BAQQFADBiMRQwEgYDVQQDEwtp
ZHAudGFzMy5wdDERMA8GA1UECxQIU1NPIERlcHQxNzA1BgNVBAoULlpYSUQgQXV0
by1DZXJ0IGh0dHA6Ly9pZHAudGFzMy5wdDo4MDgwL3p4aWRpZHAwHhcNNzAwMTAx
MDAwMDAwWhcNMzgwMTE5MDMxNDA3WjBiMRQwEgYDVQQDEwtpZHAudGFzMy5wdDER
MA8GA1UECxQIU1NPIERlcHQxNzA1BgNVBAoULlpYSUQgQXV0by1DZXJ0IGh0dHA6
Ly9pZHAudGFzMy5wdDo4MDgwL3p4aWRpZHAwgZ8wDQYJKoZIhvcNAQEBBQADgY0A
MIGJAoGBAJ/whN2BNEgXeLaux8QjEbD2ge/YmN6/2s5hXouH/i2fuzXMLgn03RbM
YtjTKwopxdFad5g10KmQrcNnK4XjtjTq3MLh54bMoA4BoRae2dSZtkOfhxxxcsTs
z0Ph6OSNWT55pH091oWtqny6E0IyVIs6Scl9gljlGKEErPf84k7lAgMBAAGjWzBZ
MA8GA1UdEwQIMAYBAf8CAQMwEQYJYIZIAYb4QgEBBAQDAgD3MAsGA1UdDwQEAwIB
/jAmBglghkgBhvhCAQ0EGRYXQXV0by1DZXJ0LCBzZWUgenhpZC5vcmcwDQYJKoZI
hvcNAQEEBQADgYEAggpuOznLdTYiDDsXQxVZRmekGNeOBrMnuTsN0JRVDgaGlNYp
VaUf7Vv7U3drPIYp0pM2B3x4s90bVDG4zJF49r41mU/C/j57qnKUzMl3mCaBQHHe
R0KGyVhpVEWhEDaaZPYp4Q0SbDRig/bPPdWqViugCo7SY0K/DEHy/xQYbsw=
</ds:X509Certificate></ds:X509Data></ds:KeyInfo></md:KeyDescriptor><md:SingleLogoutService Binding="urn:oasis:names:tc:SAML:2.0:bindings:HTTP-Redirect" Location="http://idp.tas3.pt:8081/zxididp?o=Q" ResponseLocation="http://idp.tas3.pt:8081/zxididp?o=Q"></md:SingleLogoutService><md:SingleLogoutService Binding="urn:oasis:names:tc:SAML:2.0:bindings:SOAP" Location="http://idp.tas3.pt:8081/zxididp?o=S"></md:SingleLogoutService><md:NameIDFormat>urn:oasis:names:tc:SAML:2.0:nameid-format:persistent</md:NameIDFormat><md:NameIDFormat>urn:oasis:names:tc:SAML:2.0:nameid-format:transient</md:NameIDFormat><md:SingleSignOnService Binding="urn:oasis:names:tc:SAML:2.0:bindings:HTTP-Redirect" Location="http://idp.tas3.pt:8081/zxididp?o=F"></md:SingleSignOnService><md:NameIDMappingService Binding="urn:oasis:names:tc:SAML:2.0:bindings:SOAP" Location="http://idp.tas3.pt:8081/zxididp?o=S"></md:NameIDMappingService></md:IDPSSODescriptor><md:Organization><md:OrganizationName xml:lang="en">TAS3 Demo IdP</md:OrganizationName><md:OrganizationDisplayName xml:lang="en">TAS3 Demo IdP</md:OrganizationDisplayName><md:OrganizationURL xml:lang="en">http://zxid.org/</md:OrganizationURL></md:Organization><md:ContactPerson contactType="administrative"><md:Company>TAS3 Demo IdP</md:Company></md:ContactPerson></md:EntityDescriptor>