http://sp1.zxidsp.org:8081/zxidhlo?o=B
https://kent.nekton.tas3.eu/idp/shibboleth
http://sp.tas3.pt:8081/zxidhrxmlwsp?o=B
http://idp.ssocircle.com
http://tripod.kenteq.nl/SSO/ZXID.ashx
https://idp.symdemo.com:8880/idp.xml
https://idp.tas3.kent.ac.uk/idp/shibboleth
http://sp.tas3.pt:8080/zxidservlet/wspdemo?o=B
http://idp.tas3.pt:8081/zxididp
http://sp.tas3.pt:8080/zxidservlet/sso?o=B
https://idp.tas3.eu/zxididp?o=B
https://idp.kantarainitiative.org/simplesaml/saml2/idp/metadata.php
http://idp.tas3.pt:8081/zxididp
https://cardspace-idp.symlabs.net:8002/idp.xml
https://zxidp.org/idp
ehp-stage.uhg.UMICH
https://nekton.tas3.eu:13942/simplesaml/module.php/saml/sp/metadata.php/default-sp
http://rolacast.labse.isti.cnr.it/meta.xml
http://saml.flexmls.com/idp/shibboleth
https://idpdemo.tas3.eu:8443/zxididp?o=B
https://sp1.zxidsp.org:8443/zxidhlo?o=B
http://sp.tas3.pt:8080/zxidservlet/wspleaf?o=B
http://auth.orange.fr
