<md:EntityDescriptor xmlns:md="urn:oasis:names:tc:SAML:2.0:metadata" entityID="http://sidemo:8084/zxidhlo?o=B"><md:SPSSODescriptor AuthnRequestsSigned="1" WantAssertionsSigned="1" errorURL="http://sidemo:8084/zxidhlo?o=E" protocolSupportEnumeration="urn:oasis:names:tc:SAML:2.0:protocol"><md:KeyDescriptor use="encryption"><ds:KeyInfo xmlns:ds="http://www.w3.org/2000/09/xmldsig#"><ds:X509Data><ds:X509Certificate>MIIDFDCCAn2gAwIBAgIEkjCnCjANBgkqhkiG9w0BAQQFADCBnzETMBEGA1UEAxMK
c3AudGFzMy5wdDE/MD0GA1UECxQ2U1NPIERlcHQgWlhJRCBBdXRvLUNlcnQgaHR0
cDovL3NwLnRhczMucHQ6ODA4Mi96eGlkaGxvMRgwFgYDVQQKFA9TeW5lcmdldGlj
cyBSbkQxEjAQBgNVBAcUCUJydXhlbGxlczEMMAoGA1UECBQDQnJ1MQswCQYDVQQG
FAJCRTAeFw03MDAxMDEwMDAwMDBaFw0zODAxMTkwMzE0MDdaMIGfMRMwEQYDVQQD
EwpzcC50YXMzLnB0MT8wPQYDVQQLFDZTU08gRGVwdCBaWElEIEF1dG8tQ2VydCBo
dHRwOi8vc3AudGFzMy5wdDo4MDgyL3p4aWRobG8xGDAWBgNVBAoUD1N5bmVyZ2V0
aWNzIFJuRDESMBAGA1UEBxQJQnJ1eGVsbGVzMQwwCgYDVQQIFANCcnUxCzAJBgNV
BAYUAkJFMIGfMA0GCSqGSIb3DQEBAQUAA4GNADCBiQKBgQDA1NtO8C1Mzn3nv0Cr
a4BVWMCPAaO6xmV2OLVgk22OEtVCtNV1lP6VTAeoth+OB/+pmmbdr+mmS3NBUYfF
YCt0mf/QzbYih3pnB8vcjyA9V4A2XQqHIbElSO4iXvBygtsTDOY5e0V+mTJI+Cv4
pv0S1pDMMbyqarPwFVl3uKkSiwIDAQABo1swWTAPBgNVHRMECDAGAQH/AgEDMBEG
CWCGSAGG+EIBAQQEAwIA9zALBgNVHQ8EBAMCAf4wJgYJYIZIAYb4QgENBBkWF0F1
dG8tQ2VydCwgc2VlIHp4aWQub3JnMA0GCSqGSIb3DQEBBAUAA4GBAEfX0Vl7F4rK
arhK317jqzQznNLKV+E1PSt4f9wNm6zbjkhMepwSkZW2YEsFbOLvaCK9CNAJq89u
LnBawNZyrARuwmn3VcDciepCRqfJ0rQWDLRATy6clc3ks24LeSIYr3xO0fZYz7OV
hWC85yWxs4EiMBKt8tNhFznk/5wMg5yQ
</ds:X509Certificate></ds:X509Data></ds:KeyInfo></md:KeyDescriptor><md:KeyDescriptor use="signing"><ds:KeyInfo xmlns:ds="http://www.w3.org/2000/09/xmldsig#"><ds:X509Data><ds:X509Certificate>MIIDFDCCAn2gAwIBAgIECK3r7DANBgkqhkiG9w0BAQQFADCBnzETMBEGA1UEAxMK
c3AudGFzMy5wdDE/MD0GA1UECxQ2U1NPIERlcHQgWlhJRCBBdXRvLUNlcnQgaHR0
cDovL3NwLnRhczMucHQ6ODA4Mi96eGlkaGxvMRgwFgYDVQQKFA9TeW5lcmdldGlj
cyBSbkQxEjAQBgNVBAcUCUJydXhlbGxlczEMMAoGA1UECBQDQnJ1MQswCQYDVQQG
FAJCRTAeFw03MDAxMDEwMDAwMDBaFw0zODAxMTkwMzE0MDdaMIGfMRMwEQYDVQQD
EwpzcC50YXMzLnB0MT8wPQYDVQQLFDZTU08gRGVwdCBaWElEIEF1dG8tQ2VydCBo
dHRwOi8vc3AudGFzMy5wdDo4MDgyL3p4aWRobG8xGDAWBgNVBAoUD1N5bmVyZ2V0
aWNzIFJuRDESMBAGA1UEBxQJQnJ1eGVsbGVzMQwwCgYDVQQIFANCcnUxCzAJBgNV
BAYUAkJFMIGfMA0GCSqGSIb3DQEBAQUAA4GNADCBiQKBgQC+ESkrhP3hYrmTsPj1
WPNBYS+tOCPktUd2UCObvqgnhzPORQHcuLTkIaAnHbCrLromI4NBXgzSqC2arUYK
7ge3N6Edw+QU1mtP4MXv3nQFYOk5YjDMkRhbb9NBJLRib8yjfYX8tOGSU3nRd40h
NUlD93fXbfO9MHnWN2OYc4DiHQIDAQABo1swWTAPBgNVHRMECDAGAQH/AgEDMBEG
CWCGSAGG+EIBAQQEAwIA9zALBgNVHQ8EBAMCAf4wJgYJYIZIAYb4QgENBBkWF0F1
dG8tQ2VydCwgc2VlIHp4aWQub3JnMA0GCSqGSIb3DQEBBAUAA4GBAATfnSQ72otn
6yPq6QOvQKS3pu51It88EB7lODx6Do7riJHyBPlKN/PpC4SrgcDlleJvaKFmGU9r
xiCVsBhjGX4Tyv2Q7NarrKSXnuFzzn9i16+boMa61OE+3H8Aatpbvn89K5HXVJeM
mg/gtG10cVOAXAWE72PXNU+NJQ9TZ9NX
</ds:X509Certificate></ds:X509Data></ds:KeyInfo></md:KeyDescriptor><md:SingleLogoutService Binding="urn:oasis:names:tc:SAML:2.0:bindings:HTTP-Redirect" Location="http://sidemo:8084/zxidhlo?o=Q" ResponseLocation="http://sidemo:8084/zxidhlo?o=Q"/><md:SingleLogoutService Binding="urn:oasis:names:tc:SAML:2.0:bindings:SOAP" Location="http://sidemo:8084/zxidhlo?o=S"/><md:ManageNameIDService Binding="urn:oasis:names:tc:SAML:2.0:bindings:HTTP-Redirect" Location="http://sidemo:8084/zxidhlo?o=Q" ResponseLocation="http://sidemo:8084/zxidhlo?o=Q"/><md:ManageNameIDService Binding="urn:oasis:names:tc:SAML:2.0:bindings:SOAP" Location="http://sidemo:8084/zxidhlo?o=S"/><md:NameIDFormat>urn:oasis:names:tc:SAML:2.0:nameid-format:persistent</md:NameIDFormat><md:NameIDFormat>urn:oasis:names:tc:SAML:2.0:nameid-format:transient</md:NameIDFormat><md:AssertionConsumerService Binding="urn:oasis:names:tc:SAML:2.0:bindings:HTTP-Artifact" Location="http://sidemo:8084/zxidhlo" index="1"/><md:AssertionConsumerService Binding="urn:oasis:names:tc:SAML:2.0:bindings:HTTP-POST" Location="http://sidemo:8084/zxidhlo?o=P" index="2"/><md:AssertionConsumerService Binding="urn:oasis:names:tc:SAML:2.0:bindings:SOAP" Location="http://sidemo:8084/zxidhlo?o=S" index="3"/><md:AssertionConsumerService Binding="urn:oasis:names:tc:SAML:2.0:bindings:PAOS" Location="http://sidemo:8084/zxidhlo?o=P" index="4"/><md:AssertionConsumerService Binding="urn:oasis:names:tc:SAML:2.0:bindings:HTTP-POST-SimpleSign" Location="http://sidemo:8084/zxidhlo?o=P" index="5"/><md:AssertionConsumerService Binding="urn:zxid:OAUTH:2.0:bindings:HTTP-Redirect" Location="http://sidemo:8084/zxidhlo?o=O" index="6"/></md:SPSSODescriptor><md:Organization><md:OrganizationName xml:lang="en">Unspecified ORG_NAME conf variable</md:OrganizationName><md:OrganizationDisplayName xml:lang="en">antin testi</md:OrganizationDisplayName></md:Organization><md:ContactPerson contactType="administrative"><md:Company>Unspecified ORG_NAME conf variable</md:Company></md:ContactPerson></md:EntityDescriptor>