TESTING DECODE
8dLS-STphqyG_fezbJS83zK-7BU.
oo
TESTING ENCDEC
r2 nid(a-persistent-nid) should be(a-persistent-nid)
<sp:Status xmlns:sp="urn:oasis:names:tc:SAML:2.0:protocol"><sp:StatusCode Value="SC1"><sp:StatusCode Value="SC2"/></sp:StatusCode><sp:StatusMessage>MESSAGE</sp:StatusMessage></sp:Status><xasp:XACMLAuthzDecisionQuery xmlns:xasp="urn:oasis:xacml:2.0:saml:protocol:schema:os" ID="RJaOBMmlWY6B3qFr9CZw7x0sD" IssueInstant="2010-12-23T21:15:58Z" Version="2.0"><sa:Issuer xmlns:sa="urn:oasis:names:tc:SAML:2.0:assertion">https://sp1.zxidconf-you-should-set-URL-conf-variable-to-some-useful-and-site-dependent-value.org:8443/zxid?o=B</sa:Issuer><xac:Request xmlns:xac="urn:oasis:names:tc:xacml:2.0:context:schema:os"><xac:Subject></xac:Subject><xac:Resource></xac:Resource><xac:Action></xac:Action><xac:Environment></xac:Environment></xac:Request></xasp:XACMLAuthzDecisionQuery>CD1: <xaspcd1:XACMLAuthzDecisionQuery xmlns:xaspcd1="urn:oasis:names:tc:xacml:2.0:profile:saml2.0:v2:schema:protocol:cd-01" ID="ROXBsfj-bFk00CGN18aodYJWL" IssueInstant="2010-12-23T21:15:58Z" Version="2.0"><sa:Issuer xmlns:sa="urn:oasis:names:tc:SAML:2.0:assertion">https://sp1.zxidconf-you-should-set-URL-conf-variable-to-some-useful-and-site-dependent-value.org:8443/zxid?o=B</sa:Issuer><xac:Request xmlns:xac="urn:oasis:names:tc:xacml:2.0:context:schema:os"><xac:Subject></xac:Subject><xac:Resource></xac:Resource><xac:Action></xac:Action><xac:Environment></xac:Environment></xac:Request></xaspcd1:XACMLAuthzDecisionQuery>TESTING PASSWD
SP specific NameID:   (bob)
SP specific NameID:   (foo)
SP specific NameID:   (fool)
SP specific NameID:   (test)
SP specific NameID:   (Fool11)
SP specific NameID:   (alice)
SP specific NameID:   (fool2)
SP specific NameID:   (fool3)
SP specific NameID:   (fool4)
SP specific NameID:   (fool5)
SP specific NameID:   (fool6)
SP specific NameID:   (fool7)
SP specific NameID:   (fool8)
SP specific NameID:   (fool9)
SP specific NameID:   (sampo)
SP specific NameID:   (beefiiij)
SP specific NameID:   (mallory)
SP specific NameID:   (tastest)
SP specific NameID:   (pwtest)
SP specific NameID:   (refucenikj)
TESTING LOGVIEW
TESTING ZXCOT
/var/zxid/cot/7226zILkb6t9aGT89NyvhKvbZS0 http://sp1.zxidsp.org:8081/zxidhlo?o=B             TAS3 App Demo SP and WSC
/var/zxid/cot/THuOFn5WPO49n6esrG22rUFW6Go http://sp.tas3.pt:8081/zxidhrxmlwsp?o=B            TAS3 App Demo SP and WSC
/var/zxid/cot/s36Te-rgbzReSjVc8vDDGy89tT8 http://idp.ssocircle.com                           -
/var/zxid/cot/_CBGcFVVbIEmt5oh3jUx4GEfHLM https://idp.symdemo.com:8880/idp.xml               -
/var/zxid/cot/crE4cE1_K3Vd5oQkgDxi_vD6GNE https://idp.tas3.kent.ac.uk/idp/shibboleth         -
/var/zxid/cot/RoxLhhcxK04xzJRrW6ZuroX7Ing http://sp.tas3.pt:8080/zxidservlet/wspdemo?o=B     -
/var/zxid/cot/xsKJr3DL7sUPDdbdqgC2H_eP-UM http://idp.tas3.pt:8081/zxididp                    TAS3 Demo IdP
/var/zxid/cot/9u_7LsQjkz0VaXKucmx1_sYjQnM http://sp.tas3.pt:8080/zxidservlet/sso?o=B         TAS3 App Demo SP and WSC
/var/zxid/cot/xOjD65W1OVltx35kfHMs7ZLD9Sg https://idp.tas3.eu/zxididp?o=B                    -
/var/zxid/cot/JiB-7CyH0JYURjZj3slF2sl7CO4 https://idp.kantarainitiative.org/simplesaml/saml2/idp/metadata.php -
/var/zxid/cot/HP5IP9fE_HtNMNuTisquh7oNqg4 http://idp.tas3.pt:8081/zxididp                    TAS3 Demo IdP
/var/zxid/cot/v1tVvR0_Z_ZjW2p0GQzQYSUDY0M https://cardspace-idp.symlabs.net:8002/idp.xml     -
/var/zxid/cot/yBeCTPt0NQ2vMuI-srKw5h4N2i8 https://zxidp.org/idp                              ZXIDP - Free IdP
/var/zxid/cot/sVKeK_EW5Kdgt_3_dty3Pvpkvn4 ehp-stage.uhg.UMICH                                TAS3 Demo IdP
/var/zxid/cot/JwZcQkNISe3yGNqYkRkhC6MsPI4 http://rolacast.labse.isti.cnr.it/meta.xml         -
/var/zxid/cot/U1P0XrwXMFHdAqVbFUpnrDvDV3g http://saml.flexmls.com/idp/shibboleth             -
/var/zxid/cot/kBxtAcQLGjHtsHvYvHDhOoehdTY https://idpdemo.tas3.eu:8443/zxididp?o=B           -
/var/zxid/cot/dgsDrHIE3WTSvxSsu8zCClSeFYg https://sp1.zxidsp.org:8443/zxidhlo?o=B            -
/var/zxid/cot/LrmskITZZexv2pk5c7qKRvLMicw http://sp.tas3.pt:8080/zxidservlet/wspleaf?o=B     TAS3 App Demo SP and WSC
/var/zxid/cot/ZLIYSwzbSQdzIWHISwoWtdrx6JI http://auth.orange.fr                              -
<a:EndpointReference xmlns:a="http://www.w3.org/2005/08/addressing" xmlns:wsu="http://docs.oasis-open.org/wss/2004/01/oasis-200401-wss-wssecurity-utility-1.0.xsd" notOnOrAfter="2037-01-05T23:03:59.001Z" wsu:Id="EPRID92lFPo3ZNEt_3rHtJFoU"><a:Address>http://localhost</a:Address><a:Metadata><sbf:Framework xmlns:sbf="urn:liberty:sb" version="2.0"/><di:Abstract xmlns:di="urn:liberty:disco:2006-08">Abstract</di:Abstract><di:ProviderID xmlns:di="urn:liberty:disco:2006-08">http://localhost</di:ProviderID><di:ServiceType xmlns:di="urn:liberty:disco:2006-08">urn:x-testi</di:ServiceType></a:Metadata></a:EndpointReference>tmp/test/ses
tmp/test/user
tmp/test/uid
tmp/test/nid
tmp/test/log
tmp/test/log/rely
tmp/test/log/issue
tmp/test/cot
tmp/test/inv
You may need to run

    chown -R nobody tmp/test/

to make sure the zxid CGI script can write to the tmp/test/
directory (substitute nobody with the user your web server runs as).

TESTING MISC
Content-Type: text/xml
Content-Length: 6721

<md:EntityDescriptor xmlns:md="urn:oasis:names:tc:SAML:2.0:metadata" entityID="http://?o=B"><md:SPSSODescriptor AuthnRequestsSigned="1" WantAssertionsSigned="1" errorURL="http://?o=E" protocolSupportEnumeration="urn:oasis:names:tc:SAML:2.0:protocol"><md:KeyDescriptor use="encryption"><ds:KeyInfo xmlns:ds="http://www.w3.org/2000/09/xmldsig#"><ds:X509Data><ds:X509Certificate>MIIGWTCCBcKgAwIBAgIDAJEBMA0GCSqGSIb3DQEBBQUAMIIBEjELMAkGA1UEBhMC
RVMxEjAQBgNVBAgTCUJhcmNlbG9uYTESMBAGA1UEBxMJQmFyY2Vsb25hMSkwJwYD
VQQKEyBJUFMgQ2VydGlmaWNhdGlvbiBBdXRob3JpdHkgcy5sLjEuMCwGA1UEChQl
Z2VuZXJhbEBpcHNjYS5jb20gQy5JLkYuICBCLUI2MjIxMDY5NTEuMCwGA1UECxMl
aXBzQ0EgQ0xBU0VBMSBDZXJ0aWZpY2F0aW9uIEF1dGhvcml0eTEuMCwGA1UEAxMl
aXBzQ0EgQ0xBU0VBMSBDZXJ0aWZpY2F0aW9uIEF1dGhvcml0eTEgMB4GCSqGSIb3
DQEJARYRZ2VuZXJhbEBpcHNjYS5jb20wHhcNMDYwNDI2MTUzNjU0WhcNMDgwNDI1
MTUzNjU0WjCBljELMAkGA1UEBhMCUFQxDzANBgNVBAgTBkxpc2JvYTEPMA0GA1UE
BxMGTGlzYm9hMRMwEQYDVQQKEwpTeW1sYWJzIFNBMRQwEgYDVQQLEwtJVCBTZXJ2
aWNlczEYMBYGA1UEAxMPaWRwLnN5bWRlbW8uY29tMSAwHgYJKoZIhvcNAQkBFhFm
ZWxpeEBzeW1sYWJzLmNvbTCBnzANBgkqhkiG9w0BAQEFAAOBjQAwgYkCgYEA06ux
x5ZjAl06CZcSMVtjoaS2sCbrBq/whwWnuVgbD6gAM9EO9qDDEs9eB5n4lHGY8S94
iFTWuZy9jdxL5wNgr2Zk8NxytyaznQgAddKLCSqPZh7Dd+U3Z5hoGtLelJoq2Yi8
Sopfj3m6TKOzURgg/Ad/0/cuF9TyCpQprBcpsAECAwEAAaOCAzQwggMwMAkGA1Ud
EwQCMAAwEQYJYIZIAYb4QgEBBAQDAgZAMAsGA1UdDwQEAwID+DATBgNVHSUEDDAK
BggrBgEFBQcDATAdBgNVHQ4EFgQUbChmdTnQyOFzW59+dakqD/KXpy4wHwYDVR0j
BBgwFoAUDgdg1DnJG1tdkHsjyNI0nUqaRjkwHAYDVR0RBBUwE4ERZmVsaXhAc3lt
bGFicy5jb20wHAYDVR0SBBUwE4ERZ2VuZXJhbEBpcHNjYS5jb20wcgYJYIZIAYb4
QgENBGUWY09yZ2FuaXphdGlvbiBJbmZvcm1hdGlvbiBOT1QgVkFMSURBVEVELiBD
TEFTRUExIFNlcnZlciBDZXJ0aWZpY2F0ZSBpc3N1ZWQgYnkgaHR0cHM6Ly93d3cu
aXBzY2EuY29tLzAvBglghkgBhvhCAQIEIhYgaHR0cHM6Ly93d3cuaXBzY2EuY29t
L2lwc2NhMjAwMi8wQwYJYIZIAYb4QgEEBDYWNGh0dHBzOi8vd3d3Lmlwc2NhLmNv
bS9pcHNjYTIwMDIvaXBzY2EyMDAyQ0xBU0VBMS5jcmwwRgYJYIZIAYb4QgEDBDkW
N2h0dHBzOi8vd3d3Lmlwc2NhLmNvbS9pcHNjYTIwMDIvcmV2b2NhdGlvbkNMQVNF
QTEuaHRtbD8wQwYJYIZIAYb4QgEHBDYWNGh0dHBzOi8vd3d3Lmlwc2NhLmNvbS9p
cHNjYTIwMDIvcmVuZXdhbENMQVNFQTEuaHRtbD8wQQYJYIZIAYb4QgEIBDQWMmh0
dHBzOi8vd3d3Lmlwc2NhLmNvbS9pcHNjYTIwMDIvcG9saWN5Q0xBU0VBMS5odG1s
MIGDBgNVHR8EfDB6MDmgN6A1hjNodHRwOi8vd3d3Lmlwc2NhLmNvbS9pcHNjYTIw
MDIvaXBzY2EyMDAyQ0xBU0VBMS5jcmwwPaA7oDmGN2h0dHA6Ly93d3diYWNrLmlw
c2NhLmNvbS9pcHNjYTIwMDIvaXBzY2EyMDAyQ0xBU0VBMS5jcmwwMgYIKwYBBQUH
AQEEJjAkMCIGCCsGAQUFBzABhhZodHRwOi8vb2NzcC5pcHNjYS5jb20vMA0GCSqG
SIb3DQEBBQUAA4GBACan4TGRFHayR38xPkMabzwz9VmCbm0uwPxkUhSB8DQ8gNWi
jkSenPpwpvomvNfp4G0WJdavd7KnZBbMbnKx1qTMgge/ftBnuqcrn6w90jnSC4RK
aHftQ+r2gFYiVX4HEa6NU5AgpiQjme0Vh3Hzs228lVllgsFqv6YbdIyTYIUe
</ds:X509Certificate></ds:X509Data></ds:KeyInfo></md:KeyDescriptor><md:KeyDescriptor use="signing"><ds:KeyInfo xmlns:ds="http://www.w3.org/2000/09/xmldsig#"><ds:X509Data><ds:X509Certificate>MIIGWTCCBcKgAwIBAgIDAJEBMA0GCSqGSIb3DQEBBQUAMIIBEjELMAkGA1UEBhMC
RVMxEjAQBgNVBAgTCUJhcmNlbG9uYTESMBAGA1UEBxMJQmFyY2Vsb25hMSkwJwYD
VQQKEyBJUFMgQ2VydGlmaWNhdGlvbiBBdXRob3JpdHkgcy5sLjEuMCwGA1UEChQl
Z2VuZXJhbEBpcHNjYS5jb20gQy5JLkYuICBCLUI2MjIxMDY5NTEuMCwGA1UECxMl
aXBzQ0EgQ0xBU0VBMSBDZXJ0aWZpY2F0aW9uIEF1dGhvcml0eTEuMCwGA1UEAxMl
aXBzQ0EgQ0xBU0VBMSBDZXJ0aWZpY2F0aW9uIEF1dGhvcml0eTEgMB4GCSqGSIb3
DQEJARYRZ2VuZXJhbEBpcHNjYS5jb20wHhcNMDYwNDI2MTUzNjU0WhcNMDgwNDI1
MTUzNjU0WjCBljELMAkGA1UEBhMCUFQxDzANBgNVBAgTBkxpc2JvYTEPMA0GA1UE
BxMGTGlzYm9hMRMwEQYDVQQKEwpTeW1sYWJzIFNBMRQwEgYDVQQLEwtJVCBTZXJ2
aWNlczEYMBYGA1UEAxMPaWRwLnN5bWRlbW8uY29tMSAwHgYJKoZIhvcNAQkBFhFm
ZWxpeEBzeW1sYWJzLmNvbTCBnzANBgkqhkiG9w0BAQEFAAOBjQAwgYkCgYEA06ux
x5ZjAl06CZcSMVtjoaS2sCbrBq/whwWnuVgbD6gAM9EO9qDDEs9eB5n4lHGY8S94
iFTWuZy9jdxL5wNgr2Zk8NxytyaznQgAddKLCSqPZh7Dd+U3Z5hoGtLelJoq2Yi8
Sopfj3m6TKOzURgg/Ad/0/cuF9TyCpQprBcpsAECAwEAAaOCAzQwggMwMAkGA1Ud
EwQCMAAwEQYJYIZIAYb4QgEBBAQDAgZAMAsGA1UdDwQEAwID+DATBgNVHSUEDDAK
BggrBgEFBQcDATAdBgNVHQ4EFgQUbChmdTnQyOFzW59+dakqD/KXpy4wHwYDVR0j
BBgwFoAUDgdg1DnJG1tdkHsjyNI0nUqaRjkwHAYDVR0RBBUwE4ERZmVsaXhAc3lt
bGFicy5jb20wHAYDVR0SBBUwE4ERZ2VuZXJhbEBpcHNjYS5jb20wcgYJYIZIAYb4
QgENBGUWY09yZ2FuaXphdGlvbiBJbmZvcm1hdGlvbiBOT1QgVkFMSURBVEVELiBD
TEFTRUExIFNlcnZlciBDZXJ0aWZpY2F0ZSBpc3N1ZWQgYnkgaHR0cHM6Ly93d3cu
aXBzY2EuY29tLzAvBglghkgBhvhCAQIEIhYgaHR0cHM6Ly93d3cuaXBzY2EuY29t
L2lwc2NhMjAwMi8wQwYJYIZIAYb4QgEEBDYWNGh0dHBzOi8vd3d3Lmlwc2NhLmNv
bS9pcHNjYTIwMDIvaXBzY2EyMDAyQ0xBU0VBMS5jcmwwRgYJYIZIAYb4QgEDBDkW
N2h0dHBzOi8vd3d3Lmlwc2NhLmNvbS9pcHNjYTIwMDIvcmV2b2NhdGlvbkNMQVNF
QTEuaHRtbD8wQwYJYIZIAYb4QgEHBDYWNGh0dHBzOi8vd3d3Lmlwc2NhLmNvbS9p
cHNjYTIwMDIvcmVuZXdhbENMQVNFQTEuaHRtbD8wQQYJYIZIAYb4QgEIBDQWMmh0
dHBzOi8vd3d3Lmlwc2NhLmNvbS9pcHNjYTIwMDIvcG9saWN5Q0xBU0VBMS5odG1s
MIGDBgNVHR8EfDB6MDmgN6A1hjNodHRwOi8vd3d3Lmlwc2NhLmNvbS9pcHNjYTIw
MDIvaXBzY2EyMDAyQ0xBU0VBMS5jcmwwPaA7oDmGN2h0dHA6Ly93d3diYWNrLmlw
c2NhLmNvbS9pcHNjYTIwMDIvaXBzY2EyMDAyQ0xBU0VBMS5jcmwwMgYIKwYBBQUH
AQEEJjAkMCIGCCsGAQUFBzABhhZodHRwOi8vb2NzcC5pcHNjYS5jb20vMA0GCSqG
SIb3DQEBBQUAA4GBACan4TGRFHayR38xPkMabzwz9VmCbm0uwPxkUhSB8DQ8gNWi
jkSenPpwpvomvNfp4G0WJdavd7KnZBbMbnKx1qTMgge/ftBnuqcrn6w90jnSC4RK
aHftQ+r2gFYiVX4HEa6NU5AgpiQjme0Vh3Hzs228lVllgsFqv6YbdIyTYIUe
</ds:X509Certificate></ds:X509Data></ds:KeyInfo></md:KeyDescriptor><md:SingleLogoutService Binding="urn:oasis:names:tc:SAML:2.0:bindings:HTTP-Redirect" Location="http://?o=Q" ResponseLocation="http://?o=Q"/><md:SingleLogoutService Binding="urn:oasis:names:tc:SAML:2.0:bindings:SOAP" Location="http://?o=S"/><md:ManageNameIDService Binding="urn:oasis:names:tc:SAML:2.0:bindings:HTTP-Redirect" Location="http://?o=Q" ResponseLocation="http://?o=Q"/><md:ManageNameIDService Binding="urn:oasis:names:tc:SAML:2.0:bindings:SOAP" Location="http://?o=S"/><md:NameIDFormat>urn:oasis:names:tc:SAML:2.0:nameid-format:persistent</md:NameIDFormat><md:NameIDFormat>urn:oasis:names:tc:SAML:2.0:nameid-format:transient</md:NameIDFormat><md:AssertionConsumerService Binding="urn:oasis:names:tc:SAML:2.0:bindings:HTTP-Artifact" Location="http://" index="1"/><md:AssertionConsumerService Binding="urn:oasis:names:tc:SAML:2.0:bindings:HTTP-POST" Location="http://?o=P" index="2"/><md:AssertionConsumerService Binding="urn:oasis:names:tc:SAML:2.0:bindings:SOAP" Location="http://?o=S" index="3"/><md:AssertionConsumerService Binding="urn:oasis:names:tc:SAML:2.0:bindings:PAOS" Location="http://?o=P" index="4"/><md:AssertionConsumerService Binding="urn:oasis:names:tc:SAML:2.0:bindings:HTTP-POST-SimpleSign" Location="http://?o=P" index="5"/></md:SPSSODescriptor><md:Organization><md:OrganizationName xml:lang="en">TAS3 Testing SP</md:OrganizationName><md:OrganizationDisplayName xml:lang="en">TAS3 App Demo SP and WSC</md:OrganizationDisplayName><md:OrganizationURL xml:lang="en">http://zxid.org/</md:OrganizationURL></md:Organization><md:ContactPerson contactType="administrative"><md:Company>TAS3 Testing SP</md:Company></md:ContactPerson></md:EntityDescriptor>