Content-Type: text/html
Content-Length: 3280

<title>ZXID SP SSO: Choose IdP</title>
<link type="text/css" rel=stylesheet href="idpsel.css"><body bgcolor=white>
<h1 class=zxtop>ZXID SP Federated SSO (user NOT logged in, no session)</h1>
<form method=get action="http://sp1.zxidsp.org:8081/zxidhlo">
<div class=zxerr></div><div class=zxmsg></div><div class=zxdbg></div>

<h3>Login Using New IdP</h3>

<i>A new IdP is one whose metadata we do not have yet. We need to know
the IdP URL (aka Entity ID) in order to fetch the metadata using the
well known location method. You will need to ask the adminstrator of
the IdP to tell you what the EntityID is.</i>
<p>IdP URL <input name=e size=60><input type=submit name=l0 value=" Login "><br>

Entity ID of this SP (click on the link to fetch the SP metadata): <a href="http://sp1.zxidsp.org:8081/zxidhlo?o=B">http://sp1.zxidsp.org:8081/zxidhlo?o=B</a>

<h3>Login Using Known IdP</h3>
<input type=submit name="l0http://auth.orange.fr" value=" Login with  (http://auth.orange.fr) "><br>
<input type=submit name="l0https://idpdemo.tas3.eu:8443/zxididp?o=B" value=" Login with  (https://idpdemo.tas3.eu:8443/zxididp?o=B) "><br>
<input type=submit name="l0http://saml.flexmls.com/idp/shibboleth" value=" Login with  (http://saml.flexmls.com/idp/shibboleth) "><br>
<input type=submit name="l0http://rolacast.labse.isti.cnr.it/meta.xml" value=" Login with  (http://rolacast.labse.isti.cnr.it/meta.xml) "><br>
<input type=submit name="l0ehp-stage.uhg.UMICH" value=" Login with TAS3 Demo IdP (ehp-stage.uhg.UMICH) "><br>
<input type=submit name="l0https://zxidp.org/idp" value=" Login with ZXIDP - Free IdP (https://zxidp.org/idp) "><br>
<input type=submit name="l0https://cardspace-idp.symlabs.net:8002/idp.xml" value=" Login with  (https://cardspace-idp.symlabs.net:8002/idp.xml) "><br>
<input type=submit name="l0https://idp.kantarainitiative.org/simplesaml/saml2/idp/metadata.php" value=" Login with  (https://idp.kantarainitiative.org/simplesaml/saml2/idp/metadata.php) "><br>
<input type=submit name="l0https://idp.tas3.eu/zxididp?o=B" value=" Login with  (https://idp.tas3.eu/zxididp?o=B) "><br>
<input type=submit name="l0http://idp.tas3.pt:8081/zxididp" value=" Login with TAS3 Demo IdP (http://idp.tas3.pt:8081/zxididp) "><br>
<input type=submit name="l0https://idp.tas3.kent.ac.uk/idp/shibboleth" value=" Login with  (https://idp.tas3.kent.ac.uk/idp/shibboleth) "><br>
<input type=submit name="l0https://idp.symdemo.com:8880/idp.xml" value=" Login with  (https://idp.symdemo.com:8880/idp.xml) "><br>
<input type=submit name="l0http://idp.ssocircle.com" value=" Login with  (http://idp.ssocircle.com) "><br>


<h3>Technical options</h3>

<input type=checkbox name=fc value=1 checked> Create federation, NID Format:
<select name=fn>
<option value=prstnt>Persistent
<option value=trnsnt>Transient
<option value="">(none)
</select><br>

<!-- ZXID built-in defaults, see zxidconf.h and zxid-conf.pd for explanation -->
<input type=hidden name=fr value="">
<input type=hidden name=fq value="">
<input type=hidden name=fy value="">
<input type=hidden name=fa value="">
<input type=hidden name=fm value="">
<input type=hidden name=fp value=0>
<input type=hidden name=ff value=0>

<div class=zxbot><a class=zx href="http://zxid.org/">zxid.org</a>, 0.73 1292754986 libzxid (zxid.org)</div>
