----+ 085 PP - 20100219-115445.881 19700101-000000.501 -:- - - - - 	zx N B BADMD - chars_parsed(0)
----+ 107 PP - 20100219-115445.881 19700101-000000.501 -:- - - - - 	zx N B NOMD - sha1_name(OKCy5mMaXMJUnKQ1wVJCcT00AA8)
----+ 072 PP - 20100219-115445.887 19700101-000000.501 -:- - - - - 	zx N W IDPSEL - -
----+ 107 PP - 20100219-120145.302 19700101-000000.501 -:- - - - - 	zx N W ANREDIR http://idp.tas3.pt:8081/zxididp?o=B -
----+ 088 PP - 20100219-120217.327 19700101-000000.501 -:- - - - - 	zx N W REDIRDEC - sid() len=32374
----+ 079 PP - 20100219-120217.329 19700101-000000.501 -:- - - - - 	zx N K SAMLOK SAMLresp -
----+ 204 PP - 20100219-120217.343 20100219-120214.501 -:- xsKJr3DL7sUPDdbdqgC2H_eP-UM - AL9jXe3jIROTNs_tRHmUAa_Ac FIrFwFdR4wO2UFLQZl8c3LlUW 	zx O K NEWSES S1_1RTftFH_X3ktZfYj-fc79- sesix(MSESx_FuC0sXPXkDMyPp7B7i_E2t)
----+ 173 PP - 20100219-120217.343 20100219-120214.501 -:- xsKJr3DL7sUPDdbdqgC2H_eP-UM - AL9jXe3jIROTNs_tRHmUAa_Ac FIrFwFdR4wO2UFLQZl8c3LlUW 	zx O K FEDSSO MSESx_FuC0sXPXkDMyPp7B7i_E2t -
----+ 120 PP - 20100219-120217.356 19700101-000000.501 -:- - - - FIrFwFdR4wO2UFLQZl8c3LlUW 	zx N W AZSOAP S1_1RTftFH_X3ktZfYj-fc79-  
----+ 077 PP - 20100219-120218.504 19700101-000000.501 -:- - - - - 	zx N K SAMLOK AzResp -
----+ 120 PP - 20100219-120218.505 19700101-000000.501 -:- - - - FIrFwFdR4wO2UFLQZl8c3LlUW 	zx N K SHOWPC S1_1RTftFH_X3ktZfYj-fc79- -
----+ 099 PP - 20100219-120218.526 19700101-000000.501 -:- - - - - 	zx N W MGMT - sid(S1_1RTftFH_X3ktZfYj-fc79-)
----+ 096 PP - 20100219-120218.551 19700101-000000.501 -:- - - - - 	zx N W AZSOAP S1_1RTftFH_X3ktZfYj-fc79-  
----+ 077 PP - 20100219-120219.587 19700101-000000.501 -:- - - - - 	zx N K SAMLOK AzResp -
----+ 096 PP - 20100219-121405.145 19700101-000000.501 -:- - - - - 	zx N W AZSOAP S1_1RTftFH_X3ktZfYj-fc79-  
----+ 077 PP - 20100219-121406.176 19700101-000000.501 -:- - - - - 	zx N K SAMLOK AzResp -
----+ 226 PP - 20100219-121407.369 20100219-121407.501 -:- 9u_7LsQjkz0VaXKucmx1_sYjQnM - A6qnb0Jy-c9wfcrSFVHwbF56Z F7UTPko0lo6TbnagvCUAuZfLy 	zx N K A7N VALID /var/zxid/log/rely/9u_7LsQjkz0VaXKucmx1_sYjQnM/a7n/jdpFJdjeO6bdyzGR1xY0mNx07HM -
----+ 171 PP - 20100219-121407.371 20100219-121407.501 -:- 9u_7LsQjkz0VaXKucmx1_sYjQnM - A6qnb0Jy-c9wfcrSFVHwbF56Z F7UTPko0lo6TbnagvCUAuZfLy 	zx N K PNEWSES SdPe2LocXVjHiGQhO7VSCfmiP -
----+ 222 PP - 20100219-121407.372 20100219-121407.501 -:- 9u_7LsQjkz0VaXKucmx1_sYjQnM - A6qnb0Jy-c9wfcrSFVHwbF56Z F7UTPko0lo6TbnagvCUAuZfLy 	zx N K VALID /var/zxid/log/rely/9u_7LsQjkz0VaXKucmx1_sYjQnM/msg/hbjLynkzZFXpMvmQIcaplplWC1w -
----+ 120 PP - 20100219-121407.373 19700101-000000.501 -:- - - - F7UTPko0lo6TbnagvCUAuZfLy 	zx N W AZSOAP SdPe2LocXVjHiGQhO7VSCfmiP  
----+ 077 PP - 20100219-121408.405 19700101-000000.501 -:- - - - - 	zx N K SAMLOK AzResp -
----+ 226 PP - 20100219-121409.550 20100219-121409.501 -:- RoxLhhcxK04xzJRrW6ZuroX7Ing - Ao3Cy2yhrk6TJ3INeUbxUfSLP F7UTPko0lo6TbnagvCUAuZfLy 	zx N K A7N VALID /var/zxid/log/rely/RoxLhhcxK04xzJRrW6ZuroX7Ing/a7n/K5CBIoUoMzml4x2sZrNthJrBqok -
----+ 171 PP - 20100219-121409.564 20100219-121409.501 -:- RoxLhhcxK04xzJRrW6ZuroX7Ing - Ao3Cy2yhrk6TJ3INeUbxUfSLP F7UTPko0lo6TbnagvCUAuZfLy 	zx N K PNEWSES SqI-htJkN15dRHNMg3-zFBtQv -
----+ 222 PP - 20100219-121409.565 20100219-121409.501 -:- RoxLhhcxK04xzJRrW6ZuroX7Ing - Ao3Cy2yhrk6TJ3INeUbxUfSLP F7UTPko0lo6TbnagvCUAuZfLy 	zx N K VALID /var/zxid/log/rely/RoxLhhcxK04xzJRrW6ZuroX7Ing/msg/T0YWHA-0rNhduS5Scac_OAiqUhU -
----+ 120 PP - 20100219-121409.566 19700101-000000.501 -:- - - - F7UTPko0lo6TbnagvCUAuZfLy 	zx N W AZSOAP SqI-htJkN15dRHNMg3-zFBtQv  
----+ 085 PP - 20100222-072812.071 19700101-000000.501 -:- - - - - 	zx N B BADMD - chars_parsed(0)
----+ 107 PP - 20100222-072812.093 19700101-000000.501 -:- - - - - 	zx N B NOMD - sha1_name(OKCy5mMaXMJUnKQ1wVJCcT00AA8)
----+ 072 PP - 20100222-072812.173 19700101-000000.501 -:- - - - - 	zx N W IDPSEL - -
----+ 107 PP - 20100222-072912.547 19700101-000000.501 -:- - - - - 	zx N W ANREDIR http://idp.tas3.pt:8081/zxididp?o=B -
----+ 088 PP - 20100222-072948.934 19700101-000000.501 -:- - - - - 	zx N W REDIRDEC - sid() len=30838
----+ 079 PP - 20100222-072948.936 19700101-000000.501 -:- - - - - 	zx N K SAMLOK SAMLresp -
----+ 204 PP - 20100222-072948.954 20100222-072946.501 -:- xsKJr3DL7sUPDdbdqgC2H_eP-UM - AvoMLGvE9bWptFFP-Riv2c0BM F7kAvYK2VwODImIP1Xeq6_GKI 	zx O K NEWSES SJ3LQVLMPgG2BPdv_YAS938wg sesix(MSESjtiSDisrLHRQM062nDzN5ISD)
----+ 173 PP - 20100222-072948.954 20100222-072946.501 -:- xsKJr3DL7sUPDdbdqgC2H_eP-UM - AvoMLGvE9bWptFFP-Riv2c0BM F7kAvYK2VwODImIP1Xeq6_GKI 	zx O K FEDSSO MSESjtiSDisrLHRQM062nDzN5ISD -
----+ 120 PP - 20100222-072949.056 19700101-000000.501 -:- - - - F7kAvYK2VwODImIP1Xeq6_GKI 	zx N W AZSOAP SJ3LQVLMPgG2BPdv_YAS938wg  
----+ 077 PP - 20100222-072950.853 19700101-000000.501 -:- - - - - 	zx N K SAMLOK AzResp -
----+ 120 PP - 20100222-072950.854 19700101-000000.501 -:- - - - F7kAvYK2VwODImIP1Xeq6_GKI 	zx N K SHOWPC SJ3LQVLMPgG2BPdv_YAS938wg -
----+ 099 PP - 20100222-072950.882 19700101-000000.501 -:- - - - - 	zx N W MGMT - sid(SJ3LQVLMPgG2BPdv_YAS938wg)
----+ 096 PP - 20100222-072950.894 19700101-000000.501 -:- - - - - 	zx N W AZSOAP SJ3LQVLMPgG2BPdv_YAS938wg  
----+ 077 PP - 20100222-072951.929 19700101-000000.501 -:- - - - - 	zx N K SAMLOK AzResp -
----+ 096 PP - 20100222-073004.274 19700101-000000.501 -:- - - - - 	zx N W AZSOAP SJ3LQVLMPgG2BPdv_YAS938wg  
----+ 077 PP - 20100222-073005.307 19700101-000000.501 -:- - - - - 	zx N K SAMLOK AzResp -
----+ 226 PP - 20100222-073006.582 20100222-073006.501 -:- 9u_7LsQjkz0VaXKucmx1_sYjQnM - ApEZjMbydiRGV93VT5LnNc--w FGeu6M42rComL0iz1kRUMZUZC 	zx N K A7N VALID /var/zxid/log/rely/9u_7LsQjkz0VaXKucmx1_sYjQnM/a7n/3Aq0LgyIkM46aI0jAdgc-qdXVOI -
----+ 171 PP - 20100222-073006.617 20100222-073006.501 -:- 9u_7LsQjkz0VaXKucmx1_sYjQnM - ApEZjMbydiRGV93VT5LnNc--w FGeu6M42rComL0iz1kRUMZUZC 	zx N K PNEWSES SDke_ZlfK379RnofYR3AonPMz -
----+ 222 PP - 20100222-073006.618 20100222-073006.501 -:- 9u_7LsQjkz0VaXKucmx1_sYjQnM - ApEZjMbydiRGV93VT5LnNc--w FGeu6M42rComL0iz1kRUMZUZC 	zx N K VALID /var/zxid/log/rely/9u_7LsQjkz0VaXKucmx1_sYjQnM/msg/oNrHAgBX9p35U4ad3wvhm-XgKUs -
----+ 096 PP - 20100222-073015.330 19700101-000000.501 -:- - - - - 	zx N W AZSOAP SJ3LQVLMPgG2BPdv_YAS938wg  
----+ 077 PP - 20100222-073016.361 19700101-000000.501 -:- - - - - 	zx N K SAMLOK AzResp -
----+ 226 PP - 20100222-073017.563 20100222-073017.501 -:- 9u_7LsQjkz0VaXKucmx1_sYjQnM - Azif3tDyfgQkoaBiXC3tKt2GP FW1SjGk-_w8Ek79PWUbwYXXiT 	zx N K A7N VALID /var/zxid/log/rely/9u_7LsQjkz0VaXKucmx1_sYjQnM/a7n/w50ZfiZ3jm_k6l1OvguwpQ4-4Ks -
----+ 171 PP - 20100222-073017.636 20100222-073017.501 -:- 9u_7LsQjkz0VaXKucmx1_sYjQnM - Azif3tDyfgQkoaBiXC3tKt2GP FW1SjGk-_w8Ek79PWUbwYXXiT 	zx N K PNEWSES S7VGY7ruI2v4V98Q8FRQI90Ly -
----+ 222 PP - 20100222-073017.636 20100222-073017.501 -:- 9u_7LsQjkz0VaXKucmx1_sYjQnM - Azif3tDyfgQkoaBiXC3tKt2GP FW1SjGk-_w8Ek79PWUbwYXXiT 	zx N K VALID /var/zxid/log/rely/9u_7LsQjkz0VaXKucmx1_sYjQnM/msg/Pf7yIvirrSZRJODzp1haYxAg-bs -
----+ 120 PP - 20100222-073017.637 19700101-000000.501 -:- - - - FW1SjGk-_w8Ek79PWUbwYXXiT 	zx N W AZSOAP S7VGY7ruI2v4V98Q8FRQI90Ly  
----+ 077 PP - 20100222-073018.676 19700101-000000.501 -:- - - - - 	zx N K SAMLOK AzResp -
----+ 226 PP - 20100222-073019.780 20100222-073019.501 -:- RoxLhhcxK04xzJRrW6ZuroX7Ing - AHXWwCoAbEpxnLNsKPA1SO8vc FGeu6M42rComL0iz1kRUMZUZC 	zx N K A7N VALID /var/zxid/log/rely/RoxLhhcxK04xzJRrW6ZuroX7Ing/a7n/K3_WsU0ZqSd6LYrfujjaHTvWiWQ -
----+ 171 PP - 20100222-073019.782 20100222-073019.501 -:- RoxLhhcxK04xzJRrW6ZuroX7Ing - AHXWwCoAbEpxnLNsKPA1SO8vc FGeu6M42rComL0iz1kRUMZUZC 	zx N K PNEWSES ScH9PiH-QPclXj13Ij45obf0O -
----+ 222 PP - 20100222-073019.783 20100222-073019.501 -:- RoxLhhcxK04xzJRrW6ZuroX7Ing - AHXWwCoAbEpxnLNsKPA1SO8vc FGeu6M42rComL0iz1kRUMZUZC 	zx N K VALID /var/zxid/log/rely/RoxLhhcxK04xzJRrW6ZuroX7Ing/msg/sdByL9nNXTzqwLacIyw4bSEPIxA -
----+ 096 PP - 20100222-073248.890 19700101-000000.501 -:- - - - - 	zx N W AZSOAP SJ3LQVLMPgG2BPdv_YAS938wg  
----+ 077 PP - 20100222-073249.923 19700101-000000.501 -:- - - - - 	zx N K SAMLOK AzResp -
----+ 096 PP - 20100222-073255.189 19700101-000000.501 -:- - - - - 	zx N W AZSOAP SJ3LQVLMPgG2BPdv_YAS938wg  
----+ 077 PP - 20100222-073256.218 19700101-000000.501 -:- - - - - 	zx N K SAMLOK AzResp -
----+ 226 PP - 20100222-073258.767 20100222-073257.501 -:- 9u_7LsQjkz0VaXKucmx1_sYjQnM - AAuQXmz6KY_-wVpAondPisPcG FAZI03if-7UpW2osMdoLOSSyF 	zx N K A7N VALID /var/zxid/log/rely/9u_7LsQjkz0VaXKucmx1_sYjQnM/a7n/SJMPg7R_KmY5EuioPP6kMcYAkhk -
----+ 171 PP - 20100222-073258.769 20100222-073257.501 -:- 9u_7LsQjkz0VaXKucmx1_sYjQnM - AAuQXmz6KY_-wVpAondPisPcG FAZI03if-7UpW2osMdoLOSSyF 	zx N K PNEWSES SLGIQL4vjYu3YEw1BFOTMrDC1 -
----+ 222 PP - 20100222-073258.770 20100222-073257.501 -:- 9u_7LsQjkz0VaXKucmx1_sYjQnM - AAuQXmz6KY_-wVpAondPisPcG FAZI03if-7UpW2osMdoLOSSyF 	zx N K VALID /var/zxid/log/rely/9u_7LsQjkz0VaXKucmx1_sYjQnM/msg/eADEQpmC_aN0G8Ud-UiSAlGq3Mc -
----+ 096 PP - 20100222-073303.205 19700101-000000.501 -:- - - - - 	zx N W AZSOAP SJ3LQVLMPgG2BPdv_YAS938wg  
----+ 077 PP - 20100222-073304.232 19700101-000000.501 -:- - - - - 	zx N K SAMLOK AzResp -
----+ 096 PP - 20100222-073306.220 19700101-000000.501 -:- - - - - 	zx N W AZSOAP SJ3LQVLMPgG2BPdv_YAS938wg  
----+ 077 PP - 20100222-073307.248 19700101-000000.501 -:- - - - - 	zx N K SAMLOK AzResp -
----+ 226 PP - 20100222-073308.373 20100222-073308.501 -:- 9u_7LsQjkz0VaXKucmx1_sYjQnM - Awyc-9MgpGVtHguSGPODZuEmX FW1SjGk-_w8Ek79PWUbwYXXiT 	zx N K A7N VALID /var/zxid/log/rely/9u_7LsQjkz0VaXKucmx1_sYjQnM/a7n/pkrThVpWC4uO-QafEXX3TIDKoCI -
----+ 171 PP - 20100222-073308.426 20100222-073308.501 -:- 9u_7LsQjkz0VaXKucmx1_sYjQnM - Awyc-9MgpGVtHguSGPODZuEmX FW1SjGk-_w8Ek79PWUbwYXXiT 	zx N K PNEWSES S29_fsH0MuJwW9Wj1hWPyfJN4 -
----+ 222 PP - 20100222-073308.427 20100222-073308.501 -:- 9u_7LsQjkz0VaXKucmx1_sYjQnM - Awyc-9MgpGVtHguSGPODZuEmX FW1SjGk-_w8Ek79PWUbwYXXiT 	zx N K VALID /var/zxid/log/rely/9u_7LsQjkz0VaXKucmx1_sYjQnM/msg/DSarMMuxb-cY5VVilA4Wad-HFP0 -
----+ 120 PP - 20100222-073308.427 19700101-000000.501 -:- - - - FW1SjGk-_w8Ek79PWUbwYXXiT 	zx N W AZSOAP S29_fsH0MuJwW9Wj1hWPyfJN4  
----+ 077 PP - 20100222-073309.461 19700101-000000.501 -:- - - - - 	zx N K SAMLOK AzResp -
----+ 226 PP - 20100222-073310.586 20100222-073310.501 -:- RoxLhhcxK04xzJRrW6ZuroX7Ing - AoVxlpy19XlZNGWarWVJ1TjIn FGeu6M42rComL0iz1kRUMZUZC 	zx N K A7N VALID /var/zxid/log/rely/RoxLhhcxK04xzJRrW6ZuroX7Ing/a7n/OpvD7ks-_8wn7Xti6WVL3vmSCmQ -
----+ 171 PP - 20100222-073310.621 20100222-073310.501 -:- RoxLhhcxK04xzJRrW6ZuroX7Ing - AoVxlpy19XlZNGWarWVJ1TjIn FGeu6M42rComL0iz1kRUMZUZC 	zx N K PNEWSES SthgCcz2zvgtf-7lVPUvOF1XK -
----+ 222 PP - 20100222-073310.621 20100222-073310.501 -:- RoxLhhcxK04xzJRrW6ZuroX7Ing - AoVxlpy19XlZNGWarWVJ1TjIn FGeu6M42rComL0iz1kRUMZUZC 	zx N K VALID /var/zxid/log/rely/RoxLhhcxK04xzJRrW6ZuroX7Ing/msg/aa8UYhIQl-9HB9WYAbEXWTLf3LU -
----+ 159 PP - 20100222-073310.697 19700101-000000.501 -:- - - - - 	zx N C EDUP /var/zxid/log/rely/9u_7LsQjkz0VaXKucmx1_sYjQnM/a7n/pkrThVpWC4uO-QafEXX3TIDKoCI SSO assertion
----+ 096 PP - 20100222-073326.961 19700101-000000.501 -:- - - - - 	zx N W AZSOAP SJ3LQVLMPgG2BPdv_YAS938wg  
----+ 077 PP - 20100222-073327.992 19700101-000000.501 -:- - - - - 	zx N K SAMLOK AzResp -
----+ 159 PP - 20100222-073328.045 19700101-000000.501 -:- - - - - 	zx N C EDUP /var/zxid/log/rely/9u_7LsQjkz0VaXKucmx1_sYjQnM/a7n/3Aq0LgyIkM46aI0jAdgc-qdXVOI SSO assertion
----+ 096 PP - 20100222-073329.618 19700101-000000.501 -:- - - - - 	zx N W AZSOAP SJ3LQVLMPgG2BPdv_YAS938wg  
----+ 077 PP - 20100222-073330.647 19700101-000000.501 -:- - - - - 	zx N K SAMLOK AzResp -
----+ 159 PP - 20100222-073330.706 19700101-000000.501 -:- - - - - 	zx N C EDUP /var/zxid/log/rely/9u_7LsQjkz0VaXKucmx1_sYjQnM/a7n/3Aq0LgyIkM46aI0jAdgc-qdXVOI SSO assertion
----+ 096 PP - 20100222-073332.582 19700101-000000.501 -:- - - - - 	zx N W AZSOAP SJ3LQVLMPgG2BPdv_YAS938wg  
----+ 077 PP - 20100222-073333.613 19700101-000000.501 -:- - - - - 	zx N K SAMLOK AzResp -
----+ 226 PP - 20100222-073334.745 20100222-073334.501 -:- 9u_7LsQjkz0VaXKucmx1_sYjQnM - AEjzVcFT8S2LYULE8_uxYwhbF FW1SjGk-_w8Ek79PWUbwYXXiT 	zx N K A7N VALID /var/zxid/log/rely/9u_7LsQjkz0VaXKucmx1_sYjQnM/a7n/XEFaUG1RvIAabyv8fY8rYajYs2A -
----+ 171 PP - 20100222-073334.747 20100222-073334.501 -:- 9u_7LsQjkz0VaXKucmx1_sYjQnM - AEjzVcFT8S2LYULE8_uxYwhbF FW1SjGk-_w8Ek79PWUbwYXXiT 	zx N K PNEWSES SetZTX9Unz_xfEPQyJe6S5bwE -
----+ 222 PP - 20100222-073334.748 20100222-073334.501 -:- 9u_7LsQjkz0VaXKucmx1_sYjQnM - AEjzVcFT8S2LYULE8_uxYwhbF FW1SjGk-_w8Ek79PWUbwYXXiT 	zx N K VALID /var/zxid/log/rely/9u_7LsQjkz0VaXKucmx1_sYjQnM/msg/B3dJqROsFsOyKss5Ps7Cqgb4WYI -
----+ 120 PP - 20100222-073334.748 19700101-000000.501 -:- - - - FW1SjGk-_w8Ek79PWUbwYXXiT 	zx N W AZSOAP SetZTX9Unz_xfEPQyJe6S5bwE  
----+ 077 PP - 20100222-073335.782 19700101-000000.501 -:- - - - - 	zx N K SAMLOK AzResp -
----+ 226 PP - 20100222-073336.892 20100222-073336.501 -:- RoxLhhcxK04xzJRrW6ZuroX7Ing - Afwg7OU9NQnQa-3uVGCK09op5 FGeu6M42rComL0iz1kRUMZUZC 	zx N K A7N VALID /var/zxid/log/rely/RoxLhhcxK04xzJRrW6ZuroX7Ing/a7n/QbHaNoMEpcACQFiQbrtF9TkD8C4 -
----+ 171 PP - 20100222-073336.894 20100222-073336.501 -:- RoxLhhcxK04xzJRrW6ZuroX7Ing - Afwg7OU9NQnQa-3uVGCK09op5 FGeu6M42rComL0iz1kRUMZUZC 	zx N K PNEWSES S4aCvvfe9zodcF1UZ9GJZfHws -
----+ 222 PP - 20100222-073336.895 20100222-073336.501 -:- RoxLhhcxK04xzJRrW6ZuroX7Ing - Afwg7OU9NQnQa-3uVGCK09op5 FGeu6M42rComL0iz1kRUMZUZC 	zx N K VALID /var/zxid/log/rely/RoxLhhcxK04xzJRrW6ZuroX7Ing/msg/whbEWC19sfgwCE520vz0tblt-FM -
----+ 096 PP - 20100222-073350.168 19700101-000000.501 -:- - - - - 	zx N W AZSOAP SJ3LQVLMPgG2BPdv_YAS938wg  
----+ 077 PP - 20100222-073351.202 19700101-000000.501 -:- - - - - 	zx N K SAMLOK AzResp -
----+ 159 PP - 20100222-073351.285 19700101-000000.501 -:- - - - - 	zx N C EDUP /var/zxid/log/rely/9u_7LsQjkz0VaXKucmx1_sYjQnM/a7n/3Aq0LgyIkM46aI0jAdgc-qdXVOI SSO assertion
----+ 156 PP - 20100222-073405.442 19700101-000000.501 -:- - - - F7kAvYK2VwODImIP1Xeq6_GKI 	zx N W SLOREDIR SJ3LQVLMPgG2BPdv_YAS938wg sesix(MSESjtiSDisrLHRQM062nDzN5ISD)
----+ 086 PP - 20100222-073405.524 19700101-000000.501 -:- - - - - 	zx N W REDIRDEC - sid() len=406
----+ 079 PP - 20100222-073405.526 19700101-000000.501 -:- - - - - 	zx N K SAMLOK SLO resp -
----+ 072 PP - 20100222-073405.527 19700101-000000.501 -:- - - - - 	zx N W IDPSEL - -
----+ 085 PP - 20100222-105007.677 19700101-000000.501 -:- - - - - 	zx N B BADMD - chars_parsed(0)
----+ 107 PP - 20100222-105007.677 19700101-000000.501 -:- - - - - 	zx N B NOMD - sha1_name(OKCy5mMaXMJUnKQ1wVJCcT00AA8)
----+ 072 PP - 20100222-105007.684 19700101-000000.501 -:- - - - - 	zx N W IDPSEL - -
----+ 107 PP - 20100222-105134.903 19700101-000000.501 -:- - - - - 	zx N W ANREDIR http://idp.tas3.pt:8081/zxididp?o=B -
----+ 088 PP - 20100222-105200.767 19700101-000000.501 -:- - - - - 	zx N W REDIRDEC - sid() len=30838
----+ 079 PP - 20100222-105200.768 19700101-000000.501 -:- - - - - 	zx N K SAMLOK SAMLresp -
----+ 204 PP - 20100222-105200.782 20100222-105157.501 -:- xsKJr3DL7sUPDdbdqgC2H_eP-UM - ArfLrGd5Hb_FdauVzE0QV5R4B F7kAvYK2VwODImIP1Xeq6_GKI 	zx O K NEWSES SUZjD3tmYZ53sxjm1BEwONHg4 sesix(MSESXaQNXSzhBGWtD6B6HTFNPnB8)
----+ 173 PP - 20100222-105200.782 20100222-105157.501 -:- xsKJr3DL7sUPDdbdqgC2H_eP-UM - ArfLrGd5Hb_FdauVzE0QV5R4B F7kAvYK2VwODImIP1Xeq6_GKI 	zx O K FEDSSO MSESXaQNXSzhBGWtD6B6HTFNPnB8 -
----+ 120 PP - 20100222-105200.841 19700101-000000.501 -:- - - - F7kAvYK2VwODImIP1Xeq6_GKI 	zx N W AZSOAP SUZjD3tmYZ53sxjm1BEwONHg4  
----+ 077 PP - 20100222-105201.876 19700101-000000.501 -:- - - - - 	zx N K SAMLOK AzResp -
----+ 120 PP - 20100222-105201.877 19700101-000000.501 -:- - - - F7kAvYK2VwODImIP1Xeq6_GKI 	zx N K SHOWPC SUZjD3tmYZ53sxjm1BEwONHg4 -
----+ 099 PP - 20100222-105201.898 19700101-000000.501 -:- - - - - 	zx N W MGMT - sid(SUZjD3tmYZ53sxjm1BEwONHg4)
----+ 096 PP - 20100222-105201.909 19700101-000000.501 -:- - - - - 	zx N W AZSOAP SUZjD3tmYZ53sxjm1BEwONHg4  
----+ 077 PP - 20100222-105202.946 19700101-000000.501 -:- - - - - 	zx N K SAMLOK AzResp -
----+ 096 PP - 20100222-105233.360 19700101-000000.501 -:- - - - - 	zx N W AZSOAP SUZjD3tmYZ53sxjm1BEwONHg4  
----+ 077 PP - 20100222-105234.389 19700101-000000.501 -:- - - - - 	zx N K SAMLOK AzResp -
----+ 096 PP - 20100222-105305.952 19700101-000000.501 -:- - - - - 	zx N W AZSOAP SUZjD3tmYZ53sxjm1BEwONHg4  
----+ 077 PP - 20100222-105306.982 19700101-000000.501 -:- - - - - 	zx N K SAMLOK AzResp -
----+ 226 PP - 20100222-105308.111 20100222-105308.501 -:- 9u_7LsQjkz0VaXKucmx1_sYjQnM - AfgHwalRGrApOoW9ca-y09L7V FGeu6M42rComL0iz1kRUMZUZC 	zx N K A7N VALID /var/zxid/log/rely/9u_7LsQjkz0VaXKucmx1_sYjQnM/a7n/cLxxchhjepkdCQlHr-EUWeR6K2A -
----+ 171 PP - 20100222-105308.113 20100222-105308.501 -:- 9u_7LsQjkz0VaXKucmx1_sYjQnM - AfgHwalRGrApOoW9ca-y09L7V FGeu6M42rComL0iz1kRUMZUZC 	zx N K PNEWSES S2kkR764k1vZ1xocwucmt_0IR -
----+ 222 PP - 20100222-105308.113 20100222-105308.501 -:- 9u_7LsQjkz0VaXKucmx1_sYjQnM - AfgHwalRGrApOoW9ca-y09L7V FGeu6M42rComL0iz1kRUMZUZC 	zx N K VALID /var/zxid/log/rely/9u_7LsQjkz0VaXKucmx1_sYjQnM/msg/RdO12ozOurXbIn3BhGdV2YcajzY -
----+ 096 PP - 20100222-105310.781 19700101-000000.501 -:- - - - - 	zx N W AZSOAP SUZjD3tmYZ53sxjm1BEwONHg4  
----+ 077 PP - 20100222-105311.808 19700101-000000.501 -:- - - - - 	zx N K SAMLOK AzResp -
----+ 226 PP - 20100222-105312.923 20100222-105312.501 -:- 9u_7LsQjkz0VaXKucmx1_sYjQnM - AT23Espt7nmg122ro_YvFgnPL FW1SjGk-_w8Ek79PWUbwYXXiT 	zx N K A7N VALID /var/zxid/log/rely/9u_7LsQjkz0VaXKucmx1_sYjQnM/a7n/RqGdmlE3I_ktEsIp2Fs2hNmoE7A -
----+ 171 PP - 20100222-105312.968 20100222-105312.501 -:- 9u_7LsQjkz0VaXKucmx1_sYjQnM - AT23Espt7nmg122ro_YvFgnPL FW1SjGk-_w8Ek79PWUbwYXXiT 	zx N K PNEWSES SlZ7HXwtSwO9LpabUW5mWrC__ -
----+ 222 PP - 20100222-105312.968 20100222-105312.501 -:- 9u_7LsQjkz0VaXKucmx1_sYjQnM - AT23Espt7nmg122ro_YvFgnPL FW1SjGk-_w8Ek79PWUbwYXXiT 	zx N K VALID /var/zxid/log/rely/9u_7LsQjkz0VaXKucmx1_sYjQnM/msg/Fl9965LipW5GUC3EZl0bgM5sjBU -
----+ 120 PP - 20100222-105312.969 19700101-000000.501 -:- - - - FW1SjGk-_w8Ek79PWUbwYXXiT 	zx N W AZSOAP SlZ7HXwtSwO9LpabUW5mWrC__  
----+ 077 PP - 20100222-105314.005 19700101-000000.501 -:- - - - - 	zx N K SAMLOK AzResp -
----+ 226 PP - 20100222-105315.128 20100222-105315.501 -:- RoxLhhcxK04xzJRrW6ZuroX7Ing - AM8cB7YPClJn8YDTdjDhFzHxr FGeu6M42rComL0iz1kRUMZUZC 	zx N K A7N VALID /var/zxid/log/rely/RoxLhhcxK04xzJRrW6ZuroX7Ing/a7n/68errh-br4jzXb5i7npO3-iQDGg -
----+ 171 PP - 20100222-105315.179 20100222-105315.501 -:- RoxLhhcxK04xzJRrW6ZuroX7Ing - AM8cB7YPClJn8YDTdjDhFzHxr FGeu6M42rComL0iz1kRUMZUZC 	zx N K PNEWSES S2LNdFBOx8-Dy_x9M9gzJgxed -
----+ 222 PP - 20100222-105315.180 20100222-105315.501 -:- RoxLhhcxK04xzJRrW6ZuroX7Ing - AM8cB7YPClJn8YDTdjDhFzHxr FGeu6M42rComL0iz1kRUMZUZC 	zx N K VALID /var/zxid/log/rely/RoxLhhcxK04xzJRrW6ZuroX7Ing/msg/5Yxnygn8oXd60XfOxY1wbmG6-Gk -
----+ 095 PP - 20100222-105658.922 19700101-000000.501 -:- - - - - 	zx N W LOCLO SUZjD3tmYZ53sxjm1BEwONHg4 -
----+ 072 PP - 20100222-105658.923 19700101-000000.501 -:- - - - - 	zx N W IDPSEL - -
----+ 072 PP - 20100222-105709.166 19700101-000000.501 -:- - - - - 	zx N W IDPSEL - -
----+ 107 PP - 20100222-105835.805 19700101-000000.501 -:- - - - - 	zx N W ANREDIR http://idp.tas3.pt:8081/zxididp?o=B -
----+ 088 PP - 20100222-105848.965 19700101-000000.501 -:- - - - - 	zx N W REDIRDEC - sid() len=30838
----+ 079 PP - 20100222-105848.967 19700101-000000.501 -:- - - - - 	zx N K SAMLOK SAMLresp -
----+ 204 PP - 20100222-105848.978 20100222-105835.501 -:- xsKJr3DL7sUPDdbdqgC2H_eP-UM - Ai-sdGUFjLvtTztrGcXl6TLEb F7kAvYK2VwODImIP1Xeq6_GKI 	zx O K NEWSES SQ8-VsxKD__gMH6SqUSIgVTPS sesix(MSESXaQNXSzhBGWtD6B6HTFNPnB8)
----+ 173 PP - 20100222-105848.978 20100222-105835.501 -:- xsKJr3DL7sUPDdbdqgC2H_eP-UM - Ai-sdGUFjLvtTztrGcXl6TLEb F7kAvYK2VwODImIP1Xeq6_GKI 	zx O K FEDSSO MSESXaQNXSzhBGWtD6B6HTFNPnB8 -
----+ 120 PP - 20100222-105848.992 19700101-000000.501 -:- - - - F7kAvYK2VwODImIP1Xeq6_GKI 	zx N W AZSOAP SQ8-VsxKD__gMH6SqUSIgVTPS  
----+ 077 PP - 20100222-105850.023 19700101-000000.501 -:- - - - - 	zx N K SAMLOK AzResp -
----+ 120 PP - 20100222-105850.024 19700101-000000.501 -:- - - - F7kAvYK2VwODImIP1Xeq6_GKI 	zx N K SHOWPC SQ8-VsxKD__gMH6SqUSIgVTPS -
----+ 099 PP - 20100222-105850.026 19700101-000000.501 -:- - - - - 	zx N W MGMT - sid(SQ8-VsxKD__gMH6SqUSIgVTPS)
----+ 096 PP - 20100222-105850.040 19700101-000000.501 -:- - - - - 	zx N W AZSOAP SQ8-VsxKD__gMH6SqUSIgVTPS  
----+ 077 PP - 20100222-105851.073 19700101-000000.501 -:- - - - - 	zx N K SAMLOK AzResp -
----+ 096 PP - 20100222-105951.717 19700101-000000.501 -:- - - - - 	zx N W AZSOAP SQ8-VsxKD__gMH6SqUSIgVTPS  
----+ 077 PP - 20100222-105952.749 19700101-000000.501 -:- - - - - 	zx N K SAMLOK AzResp -
----+ 226 PP - 20100222-105953.873 20100222-105953.501 -:- 9u_7LsQjkz0VaXKucmx1_sYjQnM - A7BHS6fy8zeT_Ejglsvw1PyYO FW1SjGk-_w8Ek79PWUbwYXXiT 	zx N K A7N VALID /var/zxid/log/rely/9u_7LsQjkz0VaXKucmx1_sYjQnM/a7n/_vAeZTZzi7jgerJmDBu5YnYAdXg -
----+ 171 PP - 20100222-105953.875 20100222-105953.501 -:- 9u_7LsQjkz0VaXKucmx1_sYjQnM - A7BHS6fy8zeT_Ejglsvw1PyYO FW1SjGk-_w8Ek79PWUbwYXXiT 	zx N K PNEWSES S_ItWgO0dXS-SpEkCTiNuWTx7 -
----+ 222 PP - 20100222-105953.876 20100222-105953.501 -:- 9u_7LsQjkz0VaXKucmx1_sYjQnM - A7BHS6fy8zeT_Ejglsvw1PyYO FW1SjGk-_w8Ek79PWUbwYXXiT 	zx N K VALID /var/zxid/log/rely/9u_7LsQjkz0VaXKucmx1_sYjQnM/msg/4CStBTUJ-n2azvQQCzIu348hei0 -
----+ 120 PP - 20100222-105953.876 19700101-000000.501 -:- - - - FW1SjGk-_w8Ek79PWUbwYXXiT 	zx N W AZSOAP S_ItWgO0dXS-SpEkCTiNuWTx7  
----+ 077 PP - 20100222-105954.904 19700101-000000.501 -:- - - - - 	zx N K SAMLOK AzResp -
----+ 226 PP - 20100222-105956.019 20100222-105955.501 -:- RoxLhhcxK04xzJRrW6ZuroX7Ing - A7JGh_auyhOBiV9y1GNKESnKs FGeu6M42rComL0iz1kRUMZUZC 	zx N K A7N VALID /var/zxid/log/rely/RoxLhhcxK04xzJRrW6ZuroX7Ing/a7n/rKNiDwqwOarNhnF-172j5TAcAlU -
----+ 171 PP - 20100222-105956.021 20100222-105955.501 -:- RoxLhhcxK04xzJRrW6ZuroX7Ing - A7JGh_auyhOBiV9y1GNKESnKs FGeu6M42rComL0iz1kRUMZUZC 	zx N K PNEWSES Sq7RWr4ZbHtRRl1pKfWDI0HwM -
----+ 222 PP - 20100222-105956.022 20100222-105955.501 -:- RoxLhhcxK04xzJRrW6ZuroX7Ing - A7JGh_auyhOBiV9y1GNKESnKs FGeu6M42rComL0iz1kRUMZUZC 	zx N K VALID /var/zxid/log/rely/RoxLhhcxK04xzJRrW6ZuroX7Ing/msg/aGQuxfu2NbgNZxk8FX8EgoJPCGk -
----+ 156 PP - 20100222-110004.610 19700101-000000.501 -:- - - - F7kAvYK2VwODImIP1Xeq6_GKI 	zx N W SLOREDIR SQ8-VsxKD__gMH6SqUSIgVTPS sesix(MSESXaQNXSzhBGWtD6B6HTFNPnB8)
----+ 072 PP - 20100222-110040.720 19700101-000000.501 -:- - - - - 	zx N W IDPSEL - -
----+ 107 PP - 20100222-110134.125 19700101-000000.501 -:- - - - - 	zx N W ANREDIR http://idp.tas3.pt:8081/zxididp?o=B -
----+ 088 PP - 20100222-110135.272 19700101-000000.501 -:- - - - - 	zx N W REDIRDEC - sid() len=30838
----+ 079 PP - 20100222-110135.273 19700101-000000.501 -:- - - - - 	zx N K SAMLOK SAMLresp -
----+ 204 PP - 20100222-110135.285 20100222-110134.501 -:- xsKJr3DL7sUPDdbdqgC2H_eP-UM - AcouY7o0wAm17d1ITp4e8Zux9 F7kAvYK2VwODImIP1Xeq6_GKI 	zx O K NEWSES SAKmPnlqVRZACm-VjA4yB_Fti sesix(MSESXaQNXSzhBGWtD6B6HTFNPnB8)
----+ 173 PP - 20100222-110135.285 20100222-110134.501 -:- xsKJr3DL7sUPDdbdqgC2H_eP-UM - AcouY7o0wAm17d1ITp4e8Zux9 F7kAvYK2VwODImIP1Xeq6_GKI 	zx O K FEDSSO MSESXaQNXSzhBGWtD6B6HTFNPnB8 -
----+ 120 PP - 20100222-110135.299 19700101-000000.501 -:- - - - F7kAvYK2VwODImIP1Xeq6_GKI 	zx N W AZSOAP SAKmPnlqVRZACm-VjA4yB_Fti  
----+ 077 PP - 20100222-110136.331 19700101-000000.501 -:- - - - - 	zx N K SAMLOK AzResp -
----+ 120 PP - 20100222-110136.331 19700101-000000.501 -:- - - - F7kAvYK2VwODImIP1Xeq6_GKI 	zx N K SHOWPC SAKmPnlqVRZACm-VjA4yB_Fti -
----+ 099 PP - 20100222-110136.333 19700101-000000.501 -:- - - - - 	zx N W MGMT - sid(SAKmPnlqVRZACm-VjA4yB_Fti)
----+ 096 PP - 20100222-110136.343 19700101-000000.501 -:- - - - - 	zx N W AZSOAP SAKmPnlqVRZACm-VjA4yB_Fti  
----+ 077 PP - 20100222-110137.373 19700101-000000.501 -:- - - - - 	zx N K SAMLOK AzResp -
----+ 156 PP - 20100222-110141.552 19700101-000000.501 -:- - - - F7kAvYK2VwODImIP1Xeq6_GKI 	zx N W SLOREDIR SAKmPnlqVRZACm-VjA4yB_Fti sesix(MSESXaQNXSzhBGWtD6B6HTFNPnB8)
----+ 086 PP - 20100222-110232.925 19700101-000000.501 -:- - - - - 	zx N W REDIRDEC - sid() len=414
----+ 079 PP - 20100222-110232.926 19700101-000000.501 -:- - - - - 	zx N K SAMLOK SLO resp -
----+ 072 PP - 20100222-110232.927 19700101-000000.501 -:- - - - - 	zx N W IDPSEL - -
----+ 072 PP - 20100222-110422.913 19700101-000000.501 -:- - - - - 	zx N W IDPSEL - -
----+ 107 PP - 20100222-110439.071 19700101-000000.501 -:- - - - - 	zx N W ANREDIR http://idp.tas3.pt:8081/zxididp?o=B -
----+ 072 PP - 20100222-110503.765 19700101-000000.501 -:- - - - - 	zx N W IDPSEL - -
----+ 072 PP - 20100222-110656.268 19700101-000000.501 -:- - - - - 	zx N W IDPSEL - -
----+ 107 PP - 20100222-110955.137 19700101-000000.501 -:- - - - - 	zx N W ANREDIR http://idp.tas3.pt:8081/zxididp?o=B -
