<saml:Assertion xmlns:saml="urn:oasis:names:tc:SAML:2.0:assertion" xmlns:samlp="urn:oasis:names:tc:SAML:2.0:protocol" ID="eaa980a295ea137a20d3566c08d865b4" IssueInstant="2007-10-19T12:23:22Z" Version="2.0"><saml:Issuer>saml.rsa.idp</saml:Issuer><ds:Signature xmlns:ds="http://www.w3.org/2000/09/xmldsig#">
<ds:SignedInfo>
<ds:CanonicalizationMethod Algorithm="http://www.w3.org/2001/10/xml-exc-c14n#"></ds:CanonicalizationMethod>
<ds:SignatureMethod Algorithm="http://www.w3.org/2000/09/xmldsig#rsa-sha1"></ds:SignatureMethod>
<ds:Reference URI="#eaa980a295ea137a20d3566c08d865b4">
<ds:Transforms>
<ds:Transform Algorithm="http://www.w3.org/2000/09/xmldsig#enveloped-signature"></ds:Transform>
<ds:Transform Algorithm="http://www.w3.org/2001/10/xml-exc-c14n#"></ds:Transform>
</ds:Transforms>
<ds:DigestMethod Algorithm="http://www.w3.org/2000/09/xmldsig#sha1"></ds:DigestMethod>
<ds:DigestValue>VWNBAbECenRaFE0289xeNzYxiIo=</ds:DigestValue>
</ds:Reference>
</ds:SignedInfo>
<ds:SignatureValue>
B4evmrGdFptHeUDTJh2LFzu2yTcSrCdVMu479/7l7f7EQyigEdqCH8eHLRewDdr+h0Z0yGcx5ttN
0cwoJtaSpSeQewu6W2PNMP1CPrQwup03uEPehSWQxeoVkTzcepNVL92gUb7tCYkfZhfe0lsLk4gD
i3Z/9RTzb0rg4ZQFMWY=
</ds:SignatureValue>
<ds:KeyInfo>
<ds:X509Data>
<ds:X509Certificate>
MIIDAzCCAmygAwIBAgIQaWB/vPH0oVTF6GUlSsQ1NzANBgkqhkiG9w0BAQUFADB1MSYwJAYJKoZI
hvcNAQkBFhdzcHNpbmdoQHJzYXNlY3VyaXR5LmNvbTELMAkGA1UEBhMCSU4xGzAZBgNVBAoTElJT
QSBTZWN1cml0eSBJbmRpYTEMMAoGA1UECxMDRklNMRMwEQYDVQQDEwpTZXJ2ZXNoIENBMB4XDTA3
MTAwOTE5MzM1M1oXDTEwMDcyOTA2MDg0MVowfjEOMAwGA1UEBhMFSU5ESUExEzARBgNVBAgTCktB
UkFOQVRBS0ExEjAQBgNVBAcTCUJBTkdBTE9SRTEMMAoGA1UEChMDRU1DMQwwCgYDVQQLEwNSU0Ex
JzAlBgNVBAMTHnJzYWlkcC5jb3RzLnByb2plY3RsaWJlcnR5Lm9yZzCBnzANBgkqhkiG9w0BAQEF
AAOBjQAwgYkCgYEAoyFPC8nEi6qi773rTM63M5tpc3GecHSmKOy3YyFtbjViyE3lGyX5kZdvXdwl
UtIxNpt4xUamGVPHyMzdCPbS89HQeTuDLeOWRfX5vP+U7M4li+yDgq8m6ZmO7dlX3zlOHeJLdYPT
/zUlj/w5IavoZUOMYnTrpmI2LVRZ4rncqQsCAwEAAaOBijCBhzAfBgNVHSMEGDAWgBSrXsqiCS+x
589687KzIMSoGXbJVTAOBgNVHQ8BAf8EBAMCAf4wEQYJYIZIAYb4QgEBBAQDAgZAMCIGA1UdEQQb
MBmCF3lvdXIuc2VydmVyLmFkZHJlc3MuY29tMB0GA1UdDgQWBBQ+RZRlgkSNgK0umM7QI+MoH1i0
GDANBgkqhkiG9w0BAQUFAAOBgQBRm7ca44wXmygMHOGC+FYkquICzANswZXaKyoG6oDSpNLYw29v
bStRHwRu0t98tLIWvjQ7yOVi+5wrXggvdDLic6V7flA448GmTYQXAi+cHteRAPLGEx59UdNcTtHM
BLp4oZHUSqi1HDRlSpKEjQipvJWtj6fm6mBq5221J39zow==
</ds:X509Certificate>
</ds:X509Data>
</ds:KeyInfo></ds:Signature><saml:Subject><saml:EncryptedID><xenc:EncryptedData xmlns:xenc="http://www.w3.org/2001/04/xmlenc#" Type="http://www.w3.org/2001/04/xmlenc#Element"><xenc:EncryptionMethod Algorithm="http://www.w3.org/2001/04/xmlenc#tripledes-cbc"></xenc:EncryptionMethod><ds:KeyInfo xmlns:ds="http://www.w3.org/2000/09/xmldsig#">
<xenc:EncryptedKey Recipient="https://s-xtra.liberty-iop.org:8443/sfis?o=B"><xenc:EncryptionMethod Algorithm="http://www.w3.org/2001/04/xmlenc#rsa-1_5"></xenc:EncryptionMethod><xenc:CipherData><xenc:CipherValue>fZM0C7hlUG/deYw2S4HwRzsQD7OGQGeRr+vR4DJBCD3yCooOjHE82DZ/9KFz7Yf7h2/kiXBoovK/
3RIYBfLJ9IjtfwFTolo96/vNEHyPX4jm3yqrMoPJ3oZWIzoT3rIj19y1STnXyzkqNWY8yV5uNPO6
F7zyG74h5qyTX5sOlVs=</xenc:CipherValue></xenc:CipherData></xenc:EncryptedKey></ds:KeyInfo><xenc:CipherData><xenc:CipherValue>fs+8U5NBgAP/ia6i4pRD5sfh6YU3YlcsIeOjRU9/or/PdFUPzd7ck6L4cvZwe5dOdElO9Y6X0f7Q
DKbsLrGtoYqYT49UHc0EEInA1ZtYINqLrO+KMX6XnuAc26z48AUuvWPeJK2gAc8uDwXh78Mzxr9d
RvPdkRO65E2r7rIwxCW8C3HbHl8IEekD4/lbcUlJrAt+XGQ5CrbuLKoFHQbQQrSCgU0l+8K7fE/w
qasEhi2/8oiBmAxNVUFSmtH/qif6WwarShzicFqjOqd+NzIUnNHjIfRtR9jDIXWRh1RaDf2wBG3W
PF8867rsqmfSUG8tkVDmvTF05x3zCi06KRTnci0N3Z3WppB7FirT4sUraRdUhZXuHmJb9qrXg2FB
wGH7GsVEPImzQLo=</xenc:CipherValue></xenc:CipherData></xenc:EncryptedData></saml:EncryptedID><saml:SubjectConfirmation Method="urn:oasis:names:tc:SAML:2.0:cm:bearer"><saml:SubjectConfirmationData InResponseTo="NTtoJSF3e" NotOnOrAfter="2007-10-19T12:33:22Z" Recipient="https://s-xtra.liberty-iop.org:8443/sfis"></saml:SubjectConfirmationData></saml:SubjectConfirmation></saml:Subject><saml:Conditions NotBefore="2007-10-19T12:18:22Z" NotOnOrAfter="2007-10-19T12:33:22Z"><saml:AudienceRestriction><saml:Audience>https://s-xtra.liberty-iop.org:8443/sfis?o=B</saml:Audience></saml:AudienceRestriction></saml:Conditions><saml:AuthnStatement AuthnInstant="2007-10-19T12:23:16Z" SessionIndex="eaa980a295ea137a20d3566c08d865b4"><saml:SubjectLocality Address="193.172.60.55" DNSName="193.172.60.55"></saml:SubjectLocality><saml:AuthnContext><saml:AuthnContextClassRef>urn:oasis:names:tc:SAML:2.0:ac:classes:PasswordProtectedTransport</saml:AuthnContextClassRef></saml:AuthnContext></saml:AuthnStatement></saml:Assertion>
Canon sha1 of Assertion verified OK 5
