Original and WO are different lengths 4017 != 4168
Original and WO differ.
Re-encoded result WO (len=4168):
<EntityDescriptor xmlns="urn:oasis:names:tc:SAML:2.0:metadata" entityID="https://ivs.authn.govt.nz/IVS-idp">
    <IDPSSODescriptor WantAuthnRequestsSigned="true" protocolSupportEnumeration="urn:oasis:names:tc:SAML:2.0:protocol">
        <KeyDescriptor use="signing">
            <ds:KeyInfo xmlns:ds="http://www.w3.org/2000/09/xmldsig#">
                <ds:X509Data>
                    <ds:X509Certificate>
MIIB/DCCAWUCBEa3xCUwDQYJKoZIhvcNAQEEBQAwRTELMAkGA1UEBhMCTloxDDAKBgNVBAoTA0RJ
QTEWMBQGA1UECxMNSVZTIFByb2dyYW1tZTEQMA4GA1UEAxMHYmkxLWl2czAeFw0wNzA4MDcwMTAw
MjFaFw0wNzExMDUwMTAwMjFaMEUxCzAJBgNVBAYTAk5aMQwwCgYDVQQKEwNESUExFjAUBgNVBAsT
DUlWUyBQcm9ncmFtbWUxEDAOBgNVBAMTB2JpMS1pdnMwgZ8wDQYJKoZIhvcNAQEBBQADgY0AMIGJ
AoGBAJbh3quNpIroem/nUj71o33rfuSkAued6+AmWviqhEd5sykan5tdVe7UzRwP0bYZi5EcmoGA
/sb6UPHH3CDlurXfvHQzppAb1auS98NIhjVPuEHwRBDsc5JVY8cM6cMf5wrTmRDWybfB80hrH016
885bB0xuglkqGBaZ+vcJ1fblAgMBAAEwDQYJKoZIhvcNAQEEBQADgYEAPZv7q92PBjBfTmkPta5s
/CsOIB36M9v5ZL3YU9YWOdswbPw8rps0aAgMZdUyQS3httcwrl1Xee8II2SKdP5ocENtfRsq+U33
1umMjk+VANOyK1iuTEJjPyD/ItNIovaC/pNZ0XjJN3a/UuCliW3vAytuEjHGp8HYgZ6kOIGo+GA=
                    </ds:X509Certificate>
                </ds:X509Data>
            </ds:KeyInfo>
        </KeyDescriptor>
        <KeyDescriptor use="encryption">
            <ds:KeyInfo xmlns:ds="http://www.w3.org/2000/09/xmldsig#">
                <ds:X509Data>
                    <ds:X509Certificate>
MIIB/DCCAWUCBEa3xCUwDQYJKoZIhvcNAQEEBQAwRTELMAkGA1UEBhMCTloxDDAKBgNVBAoTA0RJ
QTEWMBQGA1UECxMNSVZTIFByb2dyYW1tZTEQMA4GA1UEAxMHYmkxLWl2czAeFw0wNzA4MDcwMTAw
MjFaFw0wNzExMDUwMTAwMjFaMEUxCzAJBgNVBAYTAk5aMQwwCgYDVQQKEwNESUExFjAUBgNVBAsT
DUlWUyBQcm9ncmFtbWUxEDAOBgNVBAMTB2JpMS1pdnMwgZ8wDQYJKoZIhvcNAQEBBQADgY0AMIGJ
AoGBAJbh3quNpIroem/nUj71o33rfuSkAued6+AmWviqhEd5sykan5tdVe7UzRwP0bYZi5EcmoGA
/sb6UPHH3CDlurXfvHQzppAb1auS98NIhjVPuEHwRBDsc5JVY8cM6cMf5wrTmRDWybfB80hrH016
885bB0xuglkqGBaZ+vcJ1fblAgMBAAEwDQYJKoZIhvcNAQEEBQADgYEAPZv7q92PBjBfTmkPta5s
/CsOIB36M9v5ZL3YU9YWOdswbPw8rps0aAgMZdUyQS3httcwrl1Xee8II2SKdP5ocENtfRsq+U33
1umMjk+VANOyK1iuTEJjPyD/ItNIovaC/pNZ0XjJN3a/UuCliW3vAytuEjHGp8HYgZ6kOIGo+GA=
                    </ds:X509Certificate>
                </ds:X509Data>
            </ds:KeyInfo>
            <EncryptionMethod Algorithm="http://www.w3.org/2001/04/xmlenc#aes128-cbc">
                <xenc:KeySize xmlns:xenc="http://www.w3.org/2001/04/xmlenc#">128</xenc:KeySize>
            </EncryptionMethod>
        </KeyDescriptor>
        <ArtifactResolutionService Binding="urn:oasis:names:tc:SAML:2.0:bindings:SOAP" Location="https://ivs.authn.govt.nz:443/IVS/ArtifactResolver/metaAlias/IVS-idp" index="0" isDefault="true"></ArtifactResolutionService>
        <SingleLogoutService Binding="urn:oasis:names:tc:SAML:2.0:bindings:HTTP-Redirect" Location="https://ivs.authn.govt.nz:443/IVS/IDPSloRedirect/metaAlias/IVS-idp" ResponseLocation="https://ivs.authn.govt.nz:443/IVS/IDPSloRedirect/metaAlias/IVS-idp"></SingleLogoutService>
        <SingleLogoutService Binding="urn:oasis:names:tc:SAML:2.0:bindings:SOAP" Location="https://ivs.authn.govt.nz:443/IVS/IDPSloSoap/metaAlias/IVS-idp"></SingleLogoutService>
        <ManageNameIDService Binding="urn:oasis:names:tc:SAML:2.0:bindings:HTTP-Redirect" Location="https://ivs.authn.govt.nz:443/IVS/IDPMniRedirect/metaAlias/IVS-idp" ResponseLocation="https://ivs.authn.govt.nz:443/IVS/IDPMniRedirect/metaAlias/IVS-idp"></ManageNameIDService>
        <ManageNameIDService Binding="urn:oasis:names:tc:SAML:2.0:bindings:SOAP" Location="https://ivs.authn.govt.nz:443/IVS/IDPMniSoap/metaAlias/IVS-idp"></ManageNameIDService>
        <NameIDFormat>urn:oasis:names:tc:SAML:2.0:nameid-format:persistent</NameIDFormat>
        <NameIDFormat>urn:oasis:names:tc:SAML:2.0:nameid-format:transient</NameIDFormat>
        <SingleSignOnService Binding="urn:oasis:names:tc:SAML:2.0:bindings:HTTP-Redirect" Location="https://ivs.authn.govt.nz:443/IVS/SSORedirect/metaAlias/IVS-idp"></SingleSignOnService>
        <SingleSignOnService Binding="urn:oasis:names:tc:SAML:2.0:bindings:HTTP-POST" Location="https://ivs.authn.govt.nz:443/IVS/SSORedirect/metaAlias/IVS-idp"></SingleSignOnService>
    </IDPSSODescriptor>
</EntityDescriptor>

