shf_0x931dd28  // max_ios=30
io_0x931de40  // free? fd(0) n_c/t=0/0
io_0x931df44  // free? fd(0) n_c/t=0/0
io_0x931e048  // free? fd(0) n_c/t=0/0
io_0x931e14c  // free? fd(0) n_c/t=0/0
io_0x931e250  // free? fd(0) n_c/t=0/0
io_0x931e354  // free? fd(0) n_c/t=0/0
-> io_0x931e458
  io_0x931e458 -> pdu_0xb744bb98 [label=cur_pdu]; // fd=0x6
  io_0x931e458 -> null [label=reqs];
  io_0x931e458 -> null [label=pending];
  io_0x931e458 -> null [label=to_write_produce];
  io_0x931e458 -> null [label=to_write_consume];  // n_to_write=0
  io_0x931e458 -> null [label=in_write];
io_0x931e55c  // free? fd(0) n_c/t=0/0
io_0x931e660  // free? fd(0) n_c/t=0/0
io_0x931e764  // free? fd(0) n_c/t=0/0
io_0x931e868  // free? fd(0) n_c/t=0/0
io_0x931e96c  // free? fd(0) n_c/t=0/0
io_0x931ea70  // free? fd(0) n_c/t=0/0
io_0x931eb74  // free? fd(0) n_c/t=0/0
io_0x931ec78  // free? fd(0) n_c/t=0/0
io_0x931ed7c  // free? fd(0) n_c/t=0/0
io_0x931ee80  // free? fd(0) n_c/t=0/0
io_0x931ef84  // free? fd(0) n_c/t=0/0
io_0x931f088  // free? fd(0) n_c/t=0/0
io_0x931f18c  // free? fd(0) n_c/t=0/0
io_0x931f290  // free? fd(0) n_c/t=0/0
io_0x931f394  // free? fd(0) n_c/t=0/0
io_0x931f498  // free? fd(0) n_c/t=0/0
io_0x931f59c  // free? fd(0) n_c/t=0/0
io_0x931f6a0  // free? fd(0) n_c/t=0/0
io_0x931f7a4  // free? fd(0) n_c/t=0/0
io_0x931f8a8  // free? fd(0) n_c/t=0/0
io_0x931f9ac  // free? fd(0) n_c/t=0/0
io_0x931fab0  // free? fd(0) n_c/t=0/0
io_0x931fbb4  // free? fd(0) n_c/t=0/0
[label=ios];
shf_0x931dd28 -> null [label=todo_consume];
shf_0x931dd28   // free_pdus (color=4)
-> pdu_0xb745e9d8 -> pdu_0xb745f670 -> pdu_0xb7460308 -> pdu_0xb7460fa0 -> pdu_0xb7461c38 -> pdu_0xb74628d0 -> pdu_0xb7463568 -> pdu_0xb7464200 -> pdu_0xb7464e98 -> pdu_0xb7465b30 -> pdu_0xb74667c8 -> pdu_0xb7467460 -> pdu_0xb74680f8 -> pdu_0xb7468d90 -> pdu_0xb7469a28 -> pdu_0xb746a6c0 -> pdu_0xb746b358 -> pdu_0xb746bff0 -> pdu_0xb746cc88 -> pdu_0xb746d920 -> pdu_0xb746e5b8 -> pdu_0xb746f250 -> pdu_0xb746fee8 -> pdu_0xb7470b80 -> pdu_0xb7471818 -> pdu_0xb74724b0 -> pdu_0xb7473148 -> pdu_0xb7473de0 -> pdu_0xb7474a78 -> pdu_0xb7475710 -> pdu_0xb74763a8 -> pdu_0xb7477040 -> pdu_0xb7477cd8 -> pdu_0xb7478970 -> pdu_0xb7479608 -> pdu_0xb747a2a0 -> pdu_0xb747af38 -> pdu_0xb747bbd0 -> pdu_0xb747c868 -> pdu_0xb747d500 -> pdu_0xb747e198 -> pdu_0xb747ee30 -> pdu_0xb747fac8 -> pdu_0xb7480760 -> pdu_0xb74813f8 -> pdu_0xb7482090 -> pdu_0xb7482d28 -> pdu_0xb74839c0 -> pdu_0xb7484658 -> pdu_0xb74852f0 -> pdu_0xb7485f88 -> pdu_0xb7486c20 -> pdu_0xb74878b8 -> pdu_0xb7488550 -> pdu_0xb74891e8 -> pdu_0xb7489e80 -> pdu_0xb748ab18 -> pdu_0xb748b7b0 -> pdu_0xb748c448 -> pdu_0xb748d0e0 -> pdu_0xb748dd78 -> pdu_0xb748ea10 -> pdu_0xb748f6a8 -> pdu_0xb7490340 -> pdu_0xb7490fd8 -> pdu_0xb7491c70 -> pdu_0xb7492908 -> pdu_0xb74935a0 -> pdu_0xb7494238 -> pdu_0xb7494ed0 -> pdu_0xb7495b68 -> pdu_0xb7496800 -> pdu_0xb7497498 -> pdu_0xb7498130 -> pdu_0xb7498dc8 -> pdu_0xb7499a60 -> pdu_0xb749a6f8 -> pdu_0xb749b390 -> pdu_0xb749c028 -> pdu_0xb749ccc0 -> pdu_0xb749d958 -> pdu_0xb749e5f0 -> pdu_0xb749f288 -> pdu_0xb749ff20 -> pdu_0xb74a0bb8 -> pdu_0xb74a1850 -> pdu_0xb74a24e8 -> pdu_0xb74a3180 -> pdu_0xb74a3e18 -> pdu_0xb74a4ab0 -> pdu_0xb74a5748 -> pdu_0xb74a63e0 -> pdu_0xb74a7078 -> pdu_0xb74a7d10 -> pdu_0xb74a89a8 -> pdu_0xb74a9640 -> pdu_0xb74aa2d8 -> pdu_0xb74aaf70 -> pdu_0xb74abc08 -> pdu_0xb74ac8a0 -> pdu_0xb74ad538 -> pdu_0xb74ae1d0 -> pdu_0xb74aee68 -> pdu_0xb74afb00 -> pdu_0xb74b0798 -> pdu_0xb74b1430 -> pdu_0xb74b20c8 -> pdu_0xb74b2d60 -> pdu_0xb74b39f8 -> pdu_0xb74b4690 -> pdu_0xb74b5328 -> pdu_0xb74b5fc0 -> pdu_0xb74b6c58 -> pdu_0xb74b78f0 -> pdu_0xb74b8588 -> pdu_0xb74b9220 -> pdu_0xb74b9eb8 -> pdu_0xb74bab50 -> pdu_0xb74bb7e8 -> pdu_0xb74bc480 -> pdu_0xb74bd118 -> pdu_0xb74bddb0 -> pdu_0xb74bea48 -> pdu_0xb74bf6e0 -> pdu_0xb74c0378 -> pdu_0xb74c1010 -> pdu_0xb74c1ca8 -> pdu_0xb74c2940 -> pdu_0xb74c35d8 -> pdu_0xb74c4270 -> pdu_0xb74c4f08 -> pdu_0xb74c5ba0 -> pdu_0xb74c6838 -> pdu_0xb74c74d0 -> pdu_0xb74c8168 -> pdu_0xb74c8e00 -> pdu_0xb74c9a98 -> pdu_0xb74ca730 -> pdu_0xb74cb3c8 -> pdu_0xb74cc060 -> pdu_0xb74cccf8 -> pdu_0xb74cd990 -> pdu_0xb74ce628 -> pdu_0xb74cf2c0 -> pdu_0xb74cff58 -> pdu_0xb74d0bf0 -> pdu_0xb74d1888 -> pdu_0xb74d2520 -> pdu_0xb74d31b8 -> pdu_0xb74d3e50 -> pdu_0xb74d4ae8 -> pdu_0xb74d5780 -> pdu_0xb74d6418 -> pdu_0xb74d70b0 -> pdu_0xb74d7d48 -> pdu_0xb74d89e0 -> pdu_0xb74d9678 -> pdu_0xb74da310 -> pdu_0xb74dafa8 -> pdu_0xb74dbc40 -> pdu_0xb74dc8d8 -> pdu_0xb74dd570 -> pdu_0xb74de208 -> pdu_0xb74deea0 -> pdu_0xb74dfb38 -> pdu_0xb74e07d0 -> pdu_0xb74e1468 -> pdu_0xb74e2100 -> pdu_0xb74e2d98 -> pdu_0xb74e3a30 -> pdu_0xb74e46c8 -> pdu_0xb74e5360 -> pdu_0xb74e5ff8 -> pdu_0xb74e6c90 -> pdu_0xb74e7928 -> pdu_0xb74e85c0 -> pdu_0xb74e9258 -> pdu_0xb74e9ef0 -> pdu_0xb74eab88 -> pdu_0xb74eb820 -> pdu_0xb74ec4b8 -> pdu_0xb74ed150 -> pdu_0xb74edde8 -> pdu_0xb74eea80 -> pdu_0xb74ef718 -> pdu_0xb74f03b0 -> pdu_0xb74f1048 -> pdu_0xb74f1ce0 -> pdu_0xb74f2978 -> pdu_0xb74f3610 -> pdu_0xb74f42a8 -> pdu_0xb74f4f40 -> pdu_0xb74f5bd8 -> pdu_0xb74f6870 -> pdu_0xb74f7508 -> pdu_0xb74f81a0 -> pdu_0xb74f8e38 -> pdu_0xb74f9ad0 -> pdu_0xb74fa768 -> pdu_0xb74fb400 -> pdu_0xb74fc098 -> pdu_0xb74fcd30 -> pdu_0xb74fd9c8 -> pdu_0xb74fe660 -> pdu_0xb74ff2f8 -> pdu_0xb74fff90 -> pdu_0xb7500c28 -> pdu_0xb75018c0 -> pdu_0xb7502558 -> pdu_0xb75031f0 -> pdu_0xb7503e88 -> pdu_0xb7504b20 -> pdu_0xb75057b8 -> pdu_0xb7506450 -> pdu_0xb75070e8 -> pdu_0xb7507d80 -> pdu_0xb7508a18 -> pdu_0xb75096b0 -> pdu_0xb750a348 -> pdu_0xb750afe0 -> pdu_0xb750bc78 -> pdu_0xb750c910 -> pdu_0xb750d5a8 -> pdu_0xb750e240 -> pdu_0xb750eed8 -> pdu_0xb750fb70 -> pdu_0xb7510808 -> pdu_0xb75114a0 -> pdu_0xb7512138 -> pdu_0xb7512dd0 -> pdu_0xb7513a68 -> pdu_0xb7514700 -> pdu_0xb7515398 -> pdu_0xb7516030 -> pdu_0xb7516cc8 -> pdu_0xb7517960 -> pdu_0xb75185f8 -> pdu_0xb7519290 -> pdu_0xb7519f28 -> pdu_0xb751abc0 -> pdu_0xb751b858 -> pdu_0xb751c4f0 -> pdu_0xb751d188 -> pdu_0xb751de20 -> pdu_0xb751eab8 -> pdu_0xb751f750 -> pdu_0xb75203e8 -> pdu_0xb7521080 -> pdu_0xb7521d18 -> pdu_0xb75229b0 -> pdu_0xb7523648 -> pdu_0xb75242e0 -> pdu_0xb7524f78 -> pdu_0xb7525c10 -> pdu_0xb75268a8 -> pdu_0xb7527540 -> pdu_0xb75281d8 -> pdu_0xb7528e70 -> pdu_0xb7529b08 -> pdu_0xb752a7a0 -> pdu_0xb752b438 -> pdu_0xb752c0d0 -> pdu_0xb752cd68 -> pdu_0xb752da00 -> pdu_0xb752e698 -> pdu_0xb752f330 -> pdu_0xb752ffc8 -> pdu_0xb7530c60 -> pdu_0xb75318f8 -> pdu_0xb7532590 -> pdu_0xb7533228 -> pdu_0xb7533ec0 -> pdu_0xb7534b58 -> pdu_0xb75357f0 -> pdu_0xb7536488 -> pdu_0xb7537120 -> pdu_0xb7537db8 -> pdu_0xb7538a50 -> pdu_0xb75396e8 -> pdu_0xb753a380 -> pdu_0xb753b018 -> pdu_0xb753bcb0 -> pdu_0xb753c948 -> pdu_0xb753d5e0 -> pdu_0xb753e278 -> pdu_0xb753ef10 -> pdu_0xb753fba8 -> pdu_0xb7540840 -> pdu_0xb75414d8 -> pdu_0xb7542170 -> pdu_0xb7542e08 -> pdu_0xb7543aa0 -> pdu_0xb7544738 -> pdu_0xb75453d0 -> pdu_0xb7546068 -> pdu_0xb7546d00 -> pdu_0xb7547998 -> pdu_0xb7548630 -> pdu_0xb75492c8 -> pdu_0xb7549f60 -> pdu_0xb754abf8 -> pdu_0xb754b890 -> pdu_0xb754c528 -> pdu_0xb754d1c0 -> pdu_0xb754de58 -> pdu_0xb754eaf0 -> pdu_0xb754f788 -> pdu_0xb7550420 -> pdu_0xb75510b8 -> pdu_0xb7551d50 -> pdu_0xb75529e8 -> pdu_0xb7553680 -> pdu_0xb7554318 -> pdu_0xb7554fb0 -> pdu_0xb7555c48 -> pdu_0xb75568e0 -> pdu_0xb7557578 -> pdu_0xb7558210 -> pdu_0xb7558ea8 -> pdu_0xb7559b40 -> pdu_0xb755a7d8 -> pdu_0xb755b470 -> pdu_0xb755c108 -> pdu_0xb755cda0 -> pdu_0xb755da38 -> pdu_0xb755e6d0 -> pdu_0xb755f368 -> pdu_0xb7560000 -> pdu_0xb7560c98 -> pdu_0xb7561930 -> pdu_0xb75625c8 -> pdu_0xb7563260 -> pdu_0xb7563ef8 -> pdu_0xb7564b90 -> pdu_0xb7565828 -> pdu_0xb75664c0 -> pdu_0xb7567158 -> pdu_0xb7567df0 -> pdu_0xb7568a88 -> pdu_0xb7569720 -> pdu_0xb756a3b8 -> pdu_0xb756b050 -> pdu_0xb756bce8 -> pdu_0xb756c980 -> pdu_0xb756d618 -> pdu_0xb756e2b0 -> pdu_0xb756ef48 -> pdu_0xb756fbe0 -> pdu_0xb7570878 -> pdu_0xb7571510 -> pdu_0xb75721a8 -> pdu_0xb7572e40 -> pdu_0xb7573ad8 -> pdu_0xb7574770 -> pdu_0xb7575408 -> pdu_0xb75760a0 -> pdu_0xb7576d38 -> pdu_0xb75779d0 -> pdu_0xb7578668 -> pdu_0xb7579300 -> pdu_0xb7579f98 -> pdu_0xb757ac30 -> pdu_0xb757b8c8 -> pdu_0xb757c560 -> pdu_0xb757d1f8 -> pdu_0xb757de90 -> pdu_0xb757eb28 -> pdu_0xb757f7c0 -> pdu_0xb7580458 -> pdu_0xb75810f0 -> pdu_0xb7581d88 -> pdu_0xb7582a20 -> pdu_0xb75836b8 -> pdu_0xb7584350 -> pdu_0xb7584fe8 -> pdu_0xb7585c80 -> pdu_0xb7586918 -> pdu_0xb75875b0 -> pdu_0xb7588248 -> pdu_0xb7588ee0 -> pdu_0xb7589b78 -> pdu_0xb758a810 -> pdu_0xb758b4a8 -> pdu_0xb758c140 -> pdu_0xb758cdd8 -> pdu_0xb758da70 -> pdu_0xb758e708 -> pdu_0xb758f3a0 -> pdu_0xb7590038 -> pdu_0xb7590cd0 -> pdu_0xb7591968 -> pdu_0xb7592600 -> pdu_0xb7593298 -> pdu_0xb7593f30 -> pdu_0xb7594bc8 -> pdu_0xb7595860 -> pdu_0xb75964f8 -> pdu_0xb7597190 -> pdu_0xb7597e28 -> pdu_0xb7598ac0 -> pdu_0xb7599758 -> pdu_0xb759a3f0 -> pdu_0xb759b088 -> pdu_0xb759bd20 -> pdu_0xb759c9b8 -> pdu_0xb759d650 -> pdu_0xb759e2e8 -> pdu_0xb759ef80 -> pdu_0xb759fc18 -> pdu_0xb75a08b0 -> pdu_0xb75a1548 -> pdu_0xb75a21e0 -> pdu_0xb75a2e78 -> pdu_0xb75a3b10 -> pdu_0xb75a47a8 -> pdu_0xb75a5440 -> pdu_0xb75a60d8 -> pdu_0xb75a6d70 -> pdu_0xb75a7a08 -> pdu_0xb75a86a0 -> pdu_0xb75a9338 -> pdu_0xb75a9fd0 -> pdu_0xb75aac68 -> pdu_0xb75ab900 -> pdu_0xb75ac598 -> pdu_0xb75ad230 -> pdu_0xb75adec8 -> pdu_0xb75aeb60 -> pdu_0xb75af7f8 -> pdu_0xb75b0490 -> pdu_0xb75b1128 -> pdu_0xb75b1dc0 -> pdu_0xb75b2a58 -> pdu_0xb75b36f0 -> pdu_0xb75b4388 -> pdu_0xb75b5020 -> pdu_0xb75b5cb8 -> pdu_0xb75b6950 -> pdu_0xb75b75e8 -> pdu_0xb75b8280 -> pdu_0xb75b8f18 -> pdu_0xb75b9bb0 -> pdu_0xb75ba848 -> pdu_0xb75bb4e0 -> pdu_0xb75bc178 -> pdu_0xb75bce10 -> pdu_0xb75bdaa8 -> pdu_0xb75be740 -> pdu_0xb75bf3d8 -> pdu_0xb75c0070 -> pdu_0xb75c0d08 -> pdu_0xb75c19a0 -> pdu_0xb75c2638 -> pdu_0xb75c32d0 -> pdu_0xb75c3f68 -> pdu_0xb75c4c00 -> pdu_0xb75c5898 -> pdu_0xb75c6530 -> pdu_0xb75c71c8 -> pdu_0xb75c7e60 -> pdu_0xb75c8af8 -> pdu_0xb75c9790 -> pdu_0xb75ca428 -> pdu_0xb75cb0c0 -> pdu_0xb75cbd58 -> pdu_0xb75cc9f0 -> pdu_0xb75cd688 -> pdu_0xb75ce320 -> pdu_0xb75cefb8 -> pdu_0xb75cfc50 -> pdu_0xb75d08e8 -> pdu_0xb75d1580 -> pdu_0xb75d2218 -> pdu_0xb75d2eb0 -> pdu_0xb75d3b48 -> pdu_0xb75d47e0 -> pdu_0xb75d5478 -> pdu_0xb75d6110 -> pdu_0xb75d6da8 -> pdu_0xb75d7a40 -> pdu_0xb75d86d8 -> pdu_0xb75d9370 -> pdu_0xb75da008 -> pdu_0xb75daca0 -> pdu_0xb75db938 -> pdu_0xb75dc5d0 -> pdu_0xb75dd268 -> pdu_0xb75ddf00 -> pdu_0xb75deb98 -> pdu_0xb75df830 -> pdu_0xb75e04c8 -> pdu_0xb75e1160 -> pdu_0xb75e1df8 -> pdu_0xb75e2a90 -> pdu_0xb75e3728 -> pdu_0xb75e43c0 -> pdu_0xb75e5058 -> pdu_0xb75e5cf0 -> pdu_0xb75e6988 -> pdu_0xb75e7620 -> pdu_0xb75e82b8 -> pdu_0xb75e8f50 -> pdu_0xb75e9be8 -> pdu_0xb75ea880 -> pdu_0xb75eb518 -> pdu_0xb75ec1b0 -> pdu_0xb75ece48 -> pdu_0xb75edae0 -> pdu_0xb75ee778 -> pdu_0xb75ef410 -> pdu_0xb75f00a8 -> pdu_0xb75f0d40 -> pdu_0xb75f19d8 -> pdu_0xb75f2670 -> pdu_0xb75f3308 -> pdu_0xb75f3fa0 -> pdu_0xb75f4c38 -> pdu_0xb75f58d0 -> pdu_0xb75f6568 -> pdu_0xb75f7200 -> pdu_0xb75f7e98 -> pdu_0xb75f8b30 -> pdu_0xb75f97c8 -> pdu_0xb75fa460 -> pdu_0xb75fb0f8 -> pdu_0xb75fbd90 -> pdu_0xb75fca28 -> pdu_0xb75fd6c0 -> pdu_0xb75fe358 -> pdu_0xb75feff0 -> pdu_0xb75ffc88 -> pdu_0xb7600920 -> pdu_0xb76015b8 -> pdu_0xb7602250 -> pdu_0xb7602ee8 -> pdu_0xb7603b80 -> pdu_0xb7604818 -> pdu_0xb76054b0 -> pdu_0xb7606148 -> pdu_0xb7606de0 -> pdu_0xb7607a78 -> pdu_0xb7608710 -> pdu_0xb76093a8 -> pdu_0xb760a040 -> pdu_0xb760acd8 -> pdu_0xb760b970 -> pdu_0xb760c608 -> pdu_0xb760d2a0 -> pdu_0xb760df38 -> pdu_0xb760ebd0 -> pdu_0xb760f868 -> pdu_0xb7610500 -> pdu_0xb7611198 -> pdu_0xb7611e30 -> pdu_0xb7612ac8 -> pdu_0xb7613760 -> pdu_0xb76143f8 -> pdu_0xb7615090 -> pdu_0xb7615d28 -> pdu_0xb76169c0 -> pdu_0xb7617658 -> pdu_0xb76182f0 -> pdu_0xb7618f88 -> pdu_0xb7619c20 -> pdu_0xb761a8b8 -> pdu_0xb761b550 -> pdu_0xb761c1e8 -> pdu_0xb761ce80 -> pdu_0xb761db18 -> pdu_0xb761e7b0 -> pdu_0xb761f448 -> pdu_0xb76200e0 -> pdu_0xb7620d78 -> pdu_0xb7621a10 -> pdu_0xb76226a8 -> pdu_0xb7623340 -> pdu_0xb7623fd8 -> pdu_0xb7624c70 -> pdu_0xb7625908 -> pdu_0xb76265a0 -> pdu_0xb7627238 -> pdu_0xb7627ed0 -> pdu_0xb7628b68 -> pdu_0xb7629800 -> pdu_0xb762a498 -> pdu_0xb762b130 -> pdu_0xb762bdc8 -> pdu_0xb762ca60 -> pdu_0xb762d6f8 -> pdu_0xb762e390 -> pdu_0xb762f028 -> pdu_0xb762fcc0 -> pdu_0xb7630958 -> pdu_0xb76315f0 -> pdu_0xb7632288 -> pdu_0xb7632f20 -> pdu_0xb7633bb8 -> pdu_0xb7634850 -> pdu_0xb76354e8 -> pdu_0xb7636180 -> pdu_0xb7636e18 -> pdu_0xb7637ab0 -> pdu_0xb7638748 -> pdu_0xb76393e0 -> pdu_0xb763a078 -> pdu_0xb763ad10 -> pdu_0xb763b9a8 -> pdu_0xb763c640 -> pdu_0xb763d2d8 -> pdu_0xb763df70 -> pdu_0xb763ec08 -> pdu_0xb763f8a0 -> pdu_0xb7640538 -> pdu_0xb76411d0 -> pdu_0xb7641e68 -> pdu_0xb7642b00 -> pdu_0xb7643798 -> pdu_0xb7644430 -> pdu_0xb76450c8 -> pdu_0xb7645d60 -> pdu_0xb76469f8 -> pdu_0xb7647690 -> pdu_0xb7648328 -> pdu_0xb7648fc0 -> pdu_0xb7649c58 -> pdu_0xb764a8f0 -> pdu_0xb764b588 -> pdu_0xb764c220 -> pdu_0xb764ceb8 -> pdu_0xb764db50 -> pdu_0xb764e7e8 -> pdu_0xb764f480 -> pdu_0xb7650118 -> pdu_0xb7650db0 -> pdu_0xb7651a48 -> pdu_0xb76526e0 -> pdu_0xb7653378 -> pdu_0xb7654010 -> pdu_0xb7654ca8 -> pdu_0xb7655940 -> pdu_0xb76565d8 -> pdu_0xb7657270 -> pdu_0xb7657f08 -> pdu_0xb7658ba0 -> pdu_0xb7659838 -> pdu_0xb765a4d0 -> pdu_0xb765b168 -> pdu_0xb765be00 -> pdu_0xb765ca98 -> pdu_0xb765d730 -> pdu_0xb765e3c8 -> pdu_0xb765f060 -> pdu_0xb765fcf8 -> pdu_0xb7660990 -> pdu_0xb7661628 -> pdu_0xb76622c0 -> pdu_0xb7662f58 -> pdu_0xb7663bf0 -> pdu_0xb7664888 -> pdu_0xb7665520 -> pdu_0xb76661b8 -> pdu_0xb7666e50 -> pdu_0xb7667ae8 -> pdu_0xb7668780 -> pdu_0xb7669418 -> pdu_0xb766a0b0 -> pdu_0xb766ad48 -> pdu_0xb766b9e0 -> pdu_0xb766c678 -> pdu_0xb766d310 -> pdu_0xb766dfa8 -> pdu_0xb766ec40 -> pdu_0xb766f8d8 -> pdu_0xb7670570 -> pdu_0xb7671208 -> pdu_0xb7671ea0 -> pdu_0xb7672b38 -> pdu_0xb76737d0 -> pdu_0xb7674468 -> pdu_0xb7675100 -> pdu_0xb7675d98 -> pdu_0xb7676a30 -> pdu_0xb76776c8 -> pdu_0xb7678360 -> pdu_0xb7678ff8 -> pdu_0xb7679c90 -> pdu_0xb767a928 -> pdu_0xb767b5c0 -> pdu_0xb767c258 -> pdu_0xb767cef0 -> pdu_0xb767db88 -> pdu_0xb767e820 -> pdu_0xb767f4b8 -> pdu_0xb7680150 -> pdu_0xb7680de8 -> pdu_0xb7681a80 -> pdu_0xb7682718 -> pdu_0xb76833b0 -> pdu_0xb7684048 -> pdu_0xb7684ce0 -> pdu_0xb7685978 -> pdu_0xb7686610 -> pdu_0xb76872a8 -> pdu_0xb7687f40 -> pdu_0xb7688bd8 -> pdu_0xb7689870 -> pdu_0xb768a508 -> pdu_0xb768b1a0 -> pdu_0xb768be38 -> pdu_0xb768cad0 -> pdu_0xb768d768 -> pdu_0xb768e400 -> pdu_0xb768f098 -> pdu_0xb768fd30 -> pdu_0xb76909c8 -> pdu_0xb7691660 -> pdu_0xb76922f8 -> pdu_0xb7692f90 -> pdu_0xb7693c28 -> pdu_0xb76948c0 -> pdu_0xb7695558 -> pdu_0xb76961f0 -> pdu_0xb7696e88 -> pdu_0xb7697b20 -> pdu_0xb76987b8 -> pdu_0xb7699450 -> pdu_0xb769a0e8 -> pdu_0xb769ad80 -> pdu_0xb769ba18 -> pdu_0xb769c6b0 -> pdu_0xb769d348 -> pdu_0xb769dfe0 -> pdu_0xb769ec78 -> pdu_0xb769f910 -> pdu_0xb76a05a8 -> pdu_0xb76a1240 -> pdu_0xb76a1ed8 -> pdu_0xb76a2b70 -> pdu_0xb76a3808 -> pdu_0xb76a44a0 -> pdu_0xb76a5138 -> pdu_0xb76a5dd0 -> pdu_0xb76a6a68 -> pdu_0xb76a7700 -> pdu_0xb76a8398 -> pdu_0xb76a9030 -> pdu_0xb76a9cc8 -> pdu_0xb76aa960 -> pdu_0xb76ab5f8 -> pdu_0xb76ac290 -> pdu_0xb76acf28 -> pdu_0xb76adbc0 -> pdu_0xb76ae858 -> pdu_0xb76af4f0 -> pdu_0xb76b0188 -> pdu_0xb76b0e20 -> pdu_0xb76b1ab8 -> pdu_0xb76b2750 -> pdu_0xb76b33e8 -> pdu_0xb76b4080 -> pdu_0xb76b4d18 -> pdu_0xb76b59b0 -> pdu_0xb76b6648 -> pdu_0xb76b72e0 -> pdu_0xb76b7f78 -> pdu_0xb76b8c10 -> pdu_0xb76b98a8 -> pdu_0xb76ba540 -> pdu_0xb76bb1d8 -> pdu_0xb76bbe70 -> pdu_0xb76bcb08 -> pdu_0xb76bd7a0 -> pdu_0xb76be438 -> pdu_0xb76bf0d0 -> pdu_0xb76bfd68 -> pdu_0xb76c0a00 -> pdu_0xb76c1698 -> pdu_0xb76c2330 -> pdu_0xb76c2fc8 -> pdu_0xb76c3c60 -> pdu_0xb76c48f8 -> pdu_0xb76c5590 -> pdu_0xb76c6228 -> pdu_0xb76c6ec0 -> pdu_0xb76c7b58 -> pdu_0xb76c87f0 -> pdu_0xb76c9488 -> pdu_0xb76ca120 -> pdu_0xb76cadb8 -> pdu_0xb76cba50 -> pdu_0xb76cc6e8 -> pdu_0xb76cd380 -> pdu_0xb76ce018 -> pdu_0xb76cecb0 -> pdu_0xb76cf948 -> pdu_0xb76d05e0 -> pdu_0xb76d1278 -> pdu_0xb76d1f10 -> pdu_0xb76d2ba8 -> pdu_0xb76d3840 -> pdu_0xb76d44d8 -> pdu_0xb76d5170 -> pdu_0xb76d5e08 -> pdu_0xb76d6aa0 -> pdu_0xb76d7738 -> pdu_0xb76d83d0 -> pdu_0xb76d9068 -> pdu_0xb76d9d00 -> pdu_0xb76da998 -> pdu_0xb76db630 -> pdu_0xb76dc2c8 -> pdu_0xb76dcf60 -> pdu_0xb76ddbf8 -> pdu_0xb76de890 -> pdu_0xb76df528 -> pdu_0xb76e01c0 -> pdu_0xb76e0e58 -> pdu_0xb76e1af0 -> pdu_0xb76e2788 -> pdu_0xb76e3420 -> pdu_0xb76e40b8 -> pdu_0xb76e4d50 -> pdu_0xb76e59e8 -> pdu_0xb76e6680 -> pdu_0xb76e7318 -> pdu_0xb76e7fb0 -> pdu_0xb76e8c48 -> pdu_0xb76e98e0 -> pdu_0xb76ea578 -> pdu_0xb76eb210 -> pdu_0xb76ebea8 -> pdu_0xb76ecb40 -> pdu_0xb76ed7d8 -> pdu_0xb76ee470 -> pdu_0xb76ef108 -> pdu_0xb76efda0 -> pdu_0xb76f0a38 -> pdu_0xb76f16d0 -> pdu_0xb76f2368 -> pdu_0xb76f3000 -> pdu_0xb76f3c98 -> pdu_0xb76f4930 -> pdu_0xb76f55c8 -> pdu_0xb76f6260 -> pdu_0xb76f6ef8 -> pdu_0xb76f7b90 -> pdu_0xb76f8828 -> pdu_0xb76f94c0 -> pdu_0xb76fa158 -> pdu_0xb76fadf0 -> pdu_0xb76fba88 -> pdu_0xb76fc720 -> pdu_0xb76fd3b8 -> pdu_0xb76fe050 -> pdu_0xb76fece8 -> pdu_0xb76ff980 -> pdu_0xb7700618 -> pdu_0xb77012b0 -> pdu_0xb7701f48 -> pdu_0xb7702be0 -> pdu_0xb7703878 -> pdu_0xb7704510 -> pdu_0xb77051a8 -> pdu_0xb7705e40 -> pdu_0xb7706ad8 -> pdu_0xb7707770 -> pdu_0xb7708408 -> pdu_0xb77090a0 -> pdu_0xb7709d38 -> pdu_0xb770a9d0 -> pdu_0xb770b668 -> pdu_0xb770c300 -> pdu_0xb770cf98 -> pdu_0xb770dc30 -> pdu_0xb770e8c8 -> pdu_0xb770f560 -> pdu_0xb77101f8 -> pdu_0xb7710e90 -> pdu_0xb7711b28 -> pdu_0xb77127c0 -> pdu_0xb7713458 -> pdu_0xb77140f0 -> pdu_0xb7714d88 -> pdu_0xb7715a20 -> pdu_0xb77166b8 -> pdu_0xb7717350 -> pdu_0xb7717fe8 -> pdu_0xb7718c80 -> pdu_0xb7719918 -> pdu_0xb771a5b0 -> pdu_0xb771b248 -> pdu_0xb771bee0 -> pdu_0xb771cb78 -> pdu_0xb771d810 -> pdu_0xb771e4a8 -> pdu_0xb771f140 -> pdu_0xb771fdd8 -> pdu_0xb7720a70 -> pdu_0xb7721708 -> pdu_0xb77223a0 -> pdu_0xb7723038 -> pdu_0xb7723cd0 -> pdu_0xb7724968 -> pdu_0xb7725600 -> pdu_0xb7726298 -> pdu_0xb7726f30 -> pdu_0xb7727bc8 -> pdu_0xb7728860 -> pdu_0xb77294f8 -> pdu_0xb772a190 -> pdu_0xb772ae28 -> pdu_0xb772bac0 -> pdu_0xb772c758 -> pdu_0xb772d3f0 -> pdu_0xb772e088 -> pdu_0xb772ed20 -> pdu_0xb772f9b8 -> pdu_0xb7730650 -> pdu_0xb77312e8 -> pdu_0xb7731f80 -> pdu_0xb7732c18 -> pdu_0xb77338b0 -> pdu_0xb7734548 -> pdu_0xb77351e0 -> pdu_0xb7735e78 -> pdu_0xb7736b10 -> pdu_0xb77377a8 -> pdu_0xb7738440 -> pdu_0xb77390d8 -> pdu_0xb7739d70 -> pdu_0xb773aa08 -> pdu_0xb773b6a0 -> pdu_0xb773c338 -> pdu_0xb773cfd0 -> pdu_0xb773dc68 -> pdu_0xb773e900 -> pdu_0xb773f598 -> pdu_0xb7740230 -> pdu_0xb7740ec8 -> pdu_0xb7741b60 -> pdu_0xb77427f8 -> pdu_0xb7743490 -> pdu_0xb7744128 -> pdu_0xb7744dc0 -> pdu_0xb7745a58 -> pdu_0xb77466f0 -> pdu_0xb7747388 -> pdu_0xb7748020 -> pdu_0xb7748cb8 -> pdu_0xb7749950 -> pdu_0xb774a5e8 -> pdu_0xb774b280 -> pdu_0xb774bf18 -> pdu_0xb774cbb0 -> pdu_0xb774d848 -> pdu_0xb774e4e0 -> pdu_0xb774f178 -> pdu_0xb774fe10 -> pdu_0xb7750aa8 -> pdu_0xb7751740 -> pdu_0xb77523d8 -> pdu_0xb7753070 -> pdu_0xb7753d08 -> pdu_0xb77549a0 -> pdu_0xb7755638 -> pdu_0xb77562d0 -> pdu_0xb7756f68 -> pdu_0xb7757c00 -> pdu_0xb7758898 -> pdu_0xb7759530 [label=free_pdus];
FMT0 persist at /var/zxid/bus/ch/default/rYMt0RJQKPO-ncOXXx2S02Tt0jU 'test(0,10,' len=68 rcpt(0)
FMT0 persist at /var/zxid/bus/ch/default/GpybB_X0Qm4l6DB2-fTteUYQRHY 'test(1,10,' len=68 rcpt(0)
FMT0 persist at /var/zxid/bus/ch/default/MC-3pOWKjl-ixdBFtNUMjNgk-AE 'test(1,10,' len=68 rcpt(1)
FMT0 persist at /var/zxid/bus/ch/default/9yO16P8-iK_vLT5EV43Pwu4JuLE 'test(0,10,' len=68 rcpt(1)
FMT0 persist at /var/zxid/bus/ch/default/288uZ_vdEMv_lO_LFZvAs2rilP4 'test(1,10,' len=68 rcpt(2)
FMT0 persist at /var/zxid/bus/ch/default/gCMjnkcyRGudjdq0-XLnZM5MHv0 'test(1,10,' len=68 rcpt(3)
FMT0 persist at /var/zxid/bus/ch/default/psTI2tNzBtDYlCwCI-8r0Cw7TUw 'test(0,10,' len=68 rcpt(2)
FMT0 persist at /var/zxid/bus/ch/default/JYCrFEJmvnfBdJZ_Ws-SJ7UQAp4 'test(1,10,' len=68 rcpt(4)
FMT0 persist at /var/zxid/bus/ch/default/BBZjMpKzBZjjzlsuboMaiS9GQlk 'test(1,10,' len=68 rcpt(5)
FMT0 persist at /var/zxid/bus/ch/default/tkhTUJn5DqjTay9wfCCtgj4WsfU 'test(0,10,' len=68 rcpt(3)
FMT0 persist at /var/zxid/bus/ch/default/cnRlxNUrRMNzMEGIUavyxZITwwA 'test(1,10,' len=68 rcpt(6)
FMT0 persist at /var/zxid/bus/ch/default/nAzkQJ6J6CHHWJBYO7GbgPStMk4 'test(0,10,' len=68 rcpt(4)
FMT0 persist at /var/zxid/bus/ch/default/Vv0mJeGqfUo2zzHLynbV3lSI9Dc 'test(1,10,' len=68 rcpt(7)
FMT0 persist at /var/zxid/bus/ch/default/ffzZKgCiy_piYGPX7Qx6HZyFiC4 'test(0,10,' len=68 rcpt(5)
FMT0 persist at /var/zxid/bus/ch/default/cegY49XkylJ8p_J0894GAol3zD8 'test(1,10,' len=68 rcpt(8)
FMT0 persist at /var/zxid/bus/ch/default/NrI-Z78LlDr8J24qCcdC8E-9RQ8 'test(0,10,' len=68 rcpt(6)
FMT0 persist at /var/zxid/bus/ch/default/PsKB2My_UPe6uOQjpdxyeuHgNWE 'test(1,10,' len=68 rcpt(9)
FMT0 persist at /var/zxid/bus/ch/default/cR7yuQzBMF3cmq3c7qYXj6he8TA 'test(1,10,' len=69 rcpt(10)
FMT0 persist at /var/zxid/bus/ch/default/ZuzUWOLDVWLe1HDzMTU8TQb3GP4 'test(0,10,' len=68 rcpt(7)
FMT0 persist at /var/zxid/bus/ch/default/gdnc1l90ciHNEPWWbdzVMwLi0ok 'test(1,10,' len=68 rcpt(11)
FMT0 persist at /var/zxid/bus/ch/default/B7qZlh73dmW6sqx0ZIGHOBmJLQs 'test(0,10,' len=68 rcpt(8)
FMT0 persist at /var/zxid/bus/ch/default/bTu_uKB3I1DCBFQJK2oG7_CGipg 'test(1,10,' len=68 rcpt(12)
FMT0 persist at /var/zxid/bus/ch/default/mqXHkIc2gn9D9VkXTiBgSSdDoIY 'test(0,10,' len=68 rcpt(9)
FMT0 persist at /var/zxid/bus/ch/default/5nrZXjEqnI8grwHViNeQrt8GUQE 'test(1,10,' len=68 rcpt(13)
FMT0 persist at /var/zxid/bus/ch/default/7P-1NVIaD8BEJDvr-gl-flYorJc 'test(1,10,' len=68 rcpt(14)
FMT0 persist at /var/zxid/bus/ch/default/QxrxNmK2rvY9b_gUaHj5sVArGZ0 'test(0,10,' len=69 rcpt(10)
FMT0 persist at /var/zxid/bus/ch/default/RiolPpbt6QhMSV1ARvEnc8b1yHE 'test(1,10,' len=68 rcpt(15)
FMT0 persist at /var/zxid/bus/ch/default/3EZ-8AgfGYncrMsIkUEwZIlJK2o 'test(0,10,' len=68 rcpt(11)
FMT0 persist at /var/zxid/bus/ch/default/0lb_EYhlOGwkuybslaj-xqSETyY 'test(1,10,' len=68 rcpt(16)
FMT0 persist at /var/zxid/bus/ch/default/zwlB-VtGtZxth2xf0tpULDhQokA 'test(0,10,' len=68 rcpt(12)
FMT0 persist at /var/zxid/bus/ch/default/Av-VHdajr6gnP3WmUCYN6QKLEX4 'test(1,10,' len=68 rcpt(17)
FMT0 persist at /var/zxid/bus/ch/default/QxIDHfy3r90CkjL2woAxfrMTuJ0 'test(0,10,' len=68 rcpt(13)
FMT0 persist at /var/zxid/bus/ch/default/u8DEk3JLDIKHuiHh3Ghp1kgw-Eo 'test(1,10,' len=68 rcpt(18)
FMT0 persist at /var/zxid/bus/ch/default/U5MIze92F4DQFYhyjNR_G3jOKnA 'test(1,10,' len=68 rcpt(19)
FMT0 persist at /var/zxid/bus/ch/default/blbj19OgbRDfjLCcIytnrW165-o 'test(0,10,' len=68 rcpt(14)
FMT0 persist at /var/zxid/bus/ch/default/D_llFTh4uUb93SUG89L2pwr8xec 'test(0,10,' len=68 rcpt(15)
FMT0 persist at /var/zxid/bus/ch/default/47nKIHf2qCEhmaT8_8YRRHxR9sk 'test(1,9,2' len=68 rcpt(20)
FMT0 persist at /var/zxid/bus/ch/default/-V6mVUivu5RrWc1f2EtzL3ZuDfc 'test(0,10,' len=68 rcpt(16)
FMT0 persist at /var/zxid/bus/ch/default/6ep13AtkBEAEB_MHYEDLs8fpgi0 'test(1,9,1' len=68 rcpt(21)
FMT0 persist at /var/zxid/bus/ch/default/uykdJOjg6e5bKIMGDtTsJYklFJ0 'test(0,10,' len=68 rcpt(17)
FMT0 persist at /var/zxid/bus/ch/default/ep9X2Io0Lol-SE7-Dn8aE18OlVM 'test(1,9,1' len=68 rcpt(22)
FMT0 persist at /var/zxid/bus/ch/default/pqBMpS-Erx0eYmsaiW7wsZERE3k 'test(0,10,' len=68 rcpt(18)
FMT0 persist at /var/zxid/bus/ch/default/Jd84FUED_jufx8ojgV1S7Iv8UGo 'test(1,9,1' len=68 rcpt(23)
FMT0 persist at /var/zxid/bus/ch/default/xS4gJLIFxw-LnkIpV-3OqLUfGBM 'test(0,10,' len=68 rcpt(19)
FMT0 persist at /var/zxid/bus/ch/default/cv5Qc5RpnbxVk9PWHQO5jde3z8Q 'test(1,9,1' len=68 rcpt(24)
FMT0 persist at /var/zxid/bus/ch/default/0k9f7Ycp-wdGx_qs0f3R3aPOGk0 'test(1,9,1' len=68 rcpt(25)
FMT0 persist at /var/zxid/bus/ch/default/8AtHr4sw0MIJHNW8rIrz8L5ID5k 'test(0,9,2' len=68 rcpt(20)
FMT0 persist at /var/zxid/bus/ch/default/wuVJnPU1qIqIx7N6-fr8GLP9RWU 'test(1,9,1' len=68 rcpt(26)
FMT0 persist at /var/zxid/bus/ch/default/LrkVYD_eYJQVoD9sn2FpUNqNUbY 'test(0,9,1' len=68 rcpt(21)
FMT0 persist at /var/zxid/bus/ch/default/n5prQpKQ6hynTOVGGiIrPMW7-hE 'test(1,9,1' len=68 rcpt(27)
FMT0 persist at /var/zxid/bus/ch/default/Qo6Yvau6s34mylDYlrxZGkeLbhA 'test(1,9,1' len=68 rcpt(28)
FMT0 persist at /var/zxid/bus/ch/default/jEMvCvCDSEu43IISTBHJ4U-Td2w 'test(0,9,1' len=68 rcpt(22)
FMT0 persist at /var/zxid/bus/ch/default/3BAyYfN8VaWW1bHjM8c_6eqOfPI 'test(1,9,1' len=68 rcpt(29)
FMT0 persist at /var/zxid/bus/ch/default/SiXj-_HIh3p6tr9j36SyA1cpOLw 'test(0,9,1' len=68 rcpt(23)
FMT0 persist at /var/zxid/bus/ch/default/ZP3fFqeTxYKhwm67K3bJboMcbxM 'test(1,9,1' len=68 rcpt(30)
FMT0 persist at /var/zxid/bus/ch/default/-_aBSnqjZzp1gFAadNACD3VzGuM 'test(0,9,1' len=68 rcpt(24)
FMT0 persist at /var/zxid/bus/ch/default/_5-AXsSEi5WnC4NJVSjCedC85Xc 'test(1,9,9' len=67 rcpt(31)
FMT0 persist at /var/zxid/bus/ch/default/KlZrimwQMUcfaWN7Xn9fuUMBYSs 'test(0,9,1' len=68 rcpt(25)
FMT0 persist at /var/zxid/bus/ch/default/KamylAQw1q6wbuXLxaW98IdsHmo 'test(1,9,8' len=67 rcpt(32)
FMT0 persist at /var/zxid/bus/ch/default/qtgQdkarjLCnxRT7sPXOQduqLIo 'test(0,9,1' len=68 rcpt(26)
FMT0 persist at /var/zxid/bus/ch/default/NcTqJq42q-j5ueqlNeOBIjNhdIU 'test(1,9,7' len=67 rcpt(33)
FMT0 persist at /var/zxid/bus/ch/default/Z-8TiVR6iNxOhpl91jQtW1w0cdA 'test(0,9,1' len=68 rcpt(27)
FMT0 persist at /var/zxid/bus/ch/default/hlTo1Xb0c6FxGudZgNk3FXh_kJE 'test(1,9,6' len=67 rcpt(34)
FMT0 persist at /var/zxid/bus/ch/default/kFieqIQiYcWsT6cnLs5BZleXwPY 'test(0,9,1' len=68 rcpt(28)
FMT0 persist at /var/zxid/bus/ch/default/ZQRLDkToYiefn27iJIhjU9_gaaw 'test(1,9,5' len=67 rcpt(35)
FMT0 persist at /var/zxid/bus/ch/default/cquyAIt4KB6YdriLOSv95lBfol4 'test(0,9,1' len=68 rcpt(29)
FMT0 persist at /var/zxid/bus/ch/default/qob8u4sqMY8C9IOUZTjLPt6cbt8 'test(1,9,4' len=67 rcpt(36)
FMT0 persist at /var/zxid/bus/ch/default/Tvb1RTQvEr8aaO3lQSAXeJ95uL4 'test(0,9,1' len=68 rcpt(30)
FMT0 persist at /var/zxid/bus/ch/default/i8o0wCdX_5lztmnVCK5BBlQZLpw 'test(1,9,3' len=67 rcpt(37)
FMT0 persist at /var/zxid/bus/ch/default/-EgLeTpzjOnY4iQSgPSDBwNSKH8 'test(0,9,9' len=67 rcpt(31)
FMT0 persist at /var/zxid/bus/ch/default/_kzSw1RCDdew6OaWSzz6PU63Mmk 'test(1,9,2' len=67 rcpt(38)
FMT0 persist at /var/zxid/bus/ch/default/Lali4IoR6hWoRexPSAYk7nPZAyI 'test(0,9,8' len=67 rcpt(32)
FMT0 persist at /var/zxid/bus/ch/default/ECJy9kRJLJvq7mBT2fkI8OQ3d_k 'test(1,9,1' len=67 rcpt(39)
FMT0 persist at /var/zxid/bus/ch/default/n9ZQusiRas38T6-p1vy7QO1iizg 'test(0,9,7' len=67 rcpt(33)
FMT0 persist at /var/zxid/bus/ch/default/5-S1-s19S7hM3VLkFnW-_7QF90w 'test(0,9,6' len=67 rcpt(34)
FMT0 persist at /var/zxid/bus/ch/default/8Kc_-AOeGDbHi8yQXaHVS7D9Uog 'test(0,9,5' len=67 rcpt(35)
FMT0 persist at /var/zxid/bus/ch/default/oB1LGjk0j7stpaUzAFyeRw6L4V8 'test(1,8,2' len=68 rcpt(40)
FMT0 persist at /var/zxid/bus/ch/default/qX_R9Hr4P9mhXN2HbK93PZ3G_yA 'test(0,9,4' len=67 rcpt(36)
FMT0 persist at /var/zxid/bus/ch/default/3lhIdDGUmLnlRZ92aGDBfiEU7Nk 'test(1,8,1' len=68 rcpt(41)
FMT0 persist at /var/zxid/bus/ch/default/fglhWCAVzp5D7hRoCZiLaPCXEvw 'test(0,9,3' len=67 rcpt(37)
FMT0 persist at /var/zxid/bus/ch/default/X8oeDHQDYMCTPzV_oyhHVNnUp60 'test(1,8,1' len=68 rcpt(42)
FMT0 persist at /var/zxid/bus/ch/default/k-h7lrItIRehGKaoKufr3tqkyXU 'test(0,9,2' len=67 rcpt(38)
FMT0 persist at /var/zxid/bus/ch/default/1uszBhNbOWJYpsc-djK3w60cs5U 'test(1,8,1' len=68 rcpt(43)
FMT0 persist at /var/zxid/bus/ch/default/6PXsRMqjOq4iERlzQOWdlFdhgpo 'test(1,8,1' len=68 rcpt(44)
FMT0 persist at /var/zxid/bus/ch/default/P2_je_7bk2AYCu3qhxSKcPu_dhk 'test(0,9,1' len=67 rcpt(39)
FMT0 persist at /var/zxid/bus/ch/default/G3HiPe1FNZrIDfYEvu6a0pih1KI 'test(1,8,1' len=68 rcpt(45)
FMT0 persist at /var/zxid/bus/ch/default/Lamb888CkBEf52ETZHjPzibxU-c 'test(1,8,1' len=68 rcpt(46)
FMT0 persist at /var/zxid/bus/ch/default/yeKyFWfsL6ZgkykBqB8N6XtYvZw 'test(1,8,1' len=68 rcpt(47)
FMT0 persist at /var/zxid/bus/ch/default/CM9HlOYCxrUD_bmTMuK77CzhUuo 'test(0,8,2' len=68 rcpt(40)
FMT0 persist at /var/zxid/bus/ch/default/DFwKiBNft-hmOi9V0ngpWQEJcts 'test(1,8,1' len=68 rcpt(48)
FMT0 persist at /var/zxid/bus/ch/default/9cjbpALQ5O7JcJSuiRxCSfdhpCc 'test(0,8,1' len=68 rcpt(41)
FMT0 persist at /var/zxid/bus/ch/default/S2mrK__TAKfx0F5zIS_AhK5gS4U 'test(1,8,1' len=68 rcpt(49)
FMT0 persist at /var/zxid/bus/ch/default/Bplr0qhwWx_TmBp87wszBmPORns 'test(0,8,1' len=68 rcpt(42)
FMT0 persist at /var/zxid/bus/ch/default/MHUSXJCKmUrepNUrYMfq7iBzWTU 'test(1,8,1' len=68 rcpt(50)
FMT0 persist at /var/zxid/bus/ch/default/ilvPwBZsgpLFWn2HLJPQgBYqwTY 'test(0,8,1' len=68 rcpt(43)
FMT0 persist at /var/zxid/bus/ch/default/syfZJmhjwcGGdF5LKw5fJwhcLVs 'test(1,8,9' len=67 rcpt(51)
FMT0 persist at /var/zxid/bus/ch/default/IaLw02x0aGF5bCIL3c01jhDZZKg 'test(0,8,1' len=68 rcpt(44)
FMT0 persist at /var/zxid/bus/ch/default/v4KSYANDw190EgJkjt68SCGHGoE 'test(1,8,8' len=67 rcpt(52)
FMT0 persist at /var/zxid/bus/ch/default/o38XpiJXEMVWPlNK-gIcD5wkOrc 'test(0,8,1' len=68 rcpt(45)
FMT0 persist at /var/zxid/bus/ch/default/EXW5Zi_7moNwPfnNdsBVJFieaG0 'test(1,8,7' len=67 rcpt(53)
FMT0 persist at /var/zxid/bus/ch/default/GyU0rrG2RLlCzlGaifVZTfq57tw 'test(1,8,6' len=67 rcpt(54)
FMT0 persist at /var/zxid/bus/ch/default/silhXjbeYmf8mHsuzSoZkT2ikOU 'test(1,8,5' len=67 rcpt(55)
FMT0 persist at /var/zxid/bus/ch/default/fgdRXq3WtwcCL3cumfWkirWdr-I 'test(0,8,1' len=68 rcpt(46)
FMT0 persist at /var/zxid/bus/ch/default/2BCT2pC6pKK5V2Prv8ZwYG4ceyM 'test(1,8,4' len=67 rcpt(56)
FMT0 persist at /var/zxid/bus/ch/default/ebT2sDst1UnbHkjYBXsw8Uuzwo4 'test(0,8,1' len=68 rcpt(47)
FMT0 persist at /var/zxid/bus/ch/default/ySOHjvntj3lo6cstCtnJOKxRrg0 'test(1,8,3' len=67 rcpt(57)
FMT0 persist at /var/zxid/bus/ch/default/X2fw7IfBGvqzB1qz6xKwkGGg2a4 'test(0,8,1' len=68 rcpt(48)
FMT0 persist at /var/zxid/bus/ch/default/JtTgTeQaSr7Wb-MqeTPHLlDe2eg 'test(1,8,2' len=67 rcpt(58)
FMT0 persist at /var/zxid/bus/ch/default/qEmOp41AJsaGK4wQI3HuuuFabmI 'test(0,8,1' len=68 rcpt(49)
FMT0 persist at /var/zxid/bus/ch/default/IphHY5Ra59-HcSFhG4zh-ehxNrM 'test(1,8,1' len=67 rcpt(59)
FMT0 persist at /var/zxid/bus/ch/default/8B1KAZ2qWu_i4RTfaDD-AYc5WMU 'test(0,8,1' len=68 rcpt(50)
FMT0 persist at /var/zxid/bus/ch/default/zfe4vXcS9klrWMQTAvuCfBYKako 'test(0,8,9' len=67 rcpt(51)
FMT0 persist at /var/zxid/bus/ch/default/8sXheqMOOtPOnDKGG9w8ryfxfsA 'test(1,7,2' len=68 rcpt(60)
FMT0 persist at /var/zxid/bus/ch/default/O9jpHzyUdT-I2GYV6n15bR5oesY 'test(0,8,8' len=67 rcpt(52)
FMT0 persist at /var/zxid/bus/ch/default/A4bqj1GuU16CT-9-3ZnlRtsu2PI 'test(1,7,1' len=68 rcpt(61)
FMT0 persist at /var/zxid/bus/ch/default/CJZp1LClGJbePQPXwGIlQvPJ3t0 'test(0,8,7' len=67 rcpt(53)
FMT0 persist at /var/zxid/bus/ch/default/SQPFvN5wNEq7rNs8F2M3nJZn-Eo 'test(1,7,1' len=68 rcpt(62)
FMT0 persist at /var/zxid/bus/ch/default/th4tyeOx3aCugIT9BUIcHZvltWs 'test(0,8,6' len=67 rcpt(54)
FMT0 persist at /var/zxid/bus/ch/default/qG5fxVadBR60seoRcmh4XZviCQ8 'test(1,7,1' len=68 rcpt(63)
FMT0 persist at /var/zxid/bus/ch/default/8sSgcFHiyhrxsXedmsAVSHJW9Ug 'test(0,8,5' len=67 rcpt(55)
FMT0 persist at /var/zxid/bus/ch/default/OiKhnq-hBj5zWjZh5Q2DkvGNO_g 'test(1,7,1' len=68 rcpt(64)
FMT0 persist at /var/zxid/bus/ch/default/HCiyuXL7gFlSKerx7OlYd3CEYQM 'test(0,8,4' len=67 rcpt(56)
FMT0 persist at /var/zxid/bus/ch/default/8AM-VGP6h7vjmE9k1F8wgFLmTM8 'test(1,7,1' len=68 rcpt(65)
FMT0 persist at /var/zxid/bus/ch/default/Jiqhrvc9yHqYqUC4u0ymMPJPOrI 'test(1,7,1' len=68 rcpt(66)
FMT0 persist at /var/zxid/bus/ch/default/4GbGLCRMxDzHcfEQYTKdcWLU13k 'test(0,8,3' len=67 rcpt(57)
FMT0 persist at /var/zxid/bus/ch/default/6hWzt-APhdNhy4-ZA62CutP_BCU 'test(1,7,1' len=68 rcpt(67)
FMT0 persist at /var/zxid/bus/ch/default/U8DkG2j5wz7Xi4PTjGZKPAT14Xo 'test(0,8,2' len=67 rcpt(58)
FMT0 persist at /var/zxid/bus/ch/default/ViyBMHBXCbewKkcUl654vuPujFs 'test(1,7,1' len=68 rcpt(68)
FMT0 persist at /var/zxid/bus/ch/default/zueR7x6oCesPYc2oHWDoekOSes0 'test(0,8,1' len=67 rcpt(59)
FMT0 persist at /var/zxid/bus/ch/default/6B51oYNWNW6j17bT7rJiLM641T8 'test(1,7,1' len=68 rcpt(69)
FMT0 persist at /var/zxid/bus/ch/default/V2diTFj6awECQQL0yFueS5vbE_0 'test(1,7,1' len=68 rcpt(70)
FMT0 persist at /var/zxid/bus/ch/default/IVfCxGVDek-5VGaFf-Pgypn1FjM 'test(1,7,9' len=67 rcpt(71)
FMT0 persist at /var/zxid/bus/ch/default/2pFfKG-umbVI_PNRYcne1cQ5JBY 'test(1,7,8' len=67 rcpt(72)
FMT0 persist at /var/zxid/bus/ch/default/STdGdkOR-4tPIcp2vJyA0YTXQwE 'test(0,7,2' len=68 rcpt(60)
FMT0 persist at /var/zxid/bus/ch/default/4YWXARpvZ35Z0MAt5TikZKxMu6w 'test(1,7,7' len=67 rcpt(73)
FMT0 persist at /var/zxid/bus/ch/default/J9wl9dvf2ZS5CNDmbo4jJchfHO0 'test(0,7,1' len=68 rcpt(61)
FMT0 persist at /var/zxid/bus/ch/default/_ACCEYsQR69J5Mljuvz9c--fvS8 'test(1,7,6' len=67 rcpt(74)
FMT0 persist at /var/zxid/bus/ch/default/oi-e1xxMNGF_WDp-elBvo2IoglY 'test(1,7,5' len=67 rcpt(75)
FMT0 persist at /var/zxid/bus/ch/default/V_egvIR9S8JFcP9enznYvMnuCSs 'test(0,7,1' len=68 rcpt(62)
FMT0 persist at /var/zxid/bus/ch/default/ddKlmTYbP6B2VdwoMzWjYgbztg4 'test(1,7,4' len=67 rcpt(76)
FMT0 persist at /var/zxid/bus/ch/default/mv91CdApJJPSUNM89EOxGkltTRA 'test(0,7,1' len=68 rcpt(63)
FMT0 persist at /var/zxid/bus/ch/default/ZN1deU5-EZhQj6s12_WI3SzXwMo 'test(1,7,3' len=67 rcpt(77)
FMT0 persist at /var/zxid/bus/ch/default/iwYRr_atyRoHTXMzJZsP5-pztOU 'test(0,7,1' len=68 rcpt(64)
FMT0 persist at /var/zxid/bus/ch/default/K5_EaqPomd7lco6huDWraxuG__Y 'test(1,7,2' len=67 rcpt(78)
FMT0 persist at /var/zxid/bus/ch/default/NKd-0vOibqIjtlLs0cRXf0TjSeI 'test(0,7,1' len=68 rcpt(65)
FMT0 persist at /var/zxid/bus/ch/default/W9BTfTxrT6b-FiVlyCTVYuFOweo 'test(1,7,1' len=67 rcpt(79)
FMT0 persist at /var/zxid/bus/ch/default/44arYJVfVKz_wa53XDmywVfQ2dk 'test(0,7,1' len=68 rcpt(66)
FMT0 persist at /var/zxid/bus/ch/default/IOkRRVD0xII2OBjNtlknFYnhvn0 'test(0,7,1' len=68 rcpt(67)
FMT0 persist at /var/zxid/bus/ch/default/6or-FeH9P5AQ5wAVLFO3Xqp2Sz0 'test(0,7,1' len=68 rcpt(68)
FMT0 persist at /var/zxid/bus/ch/default/9vvrfwkHWMYuGJzoltH8OBYUMXA 'test(0,7,1' len=68 rcpt(69)
FMT0 persist at /var/zxid/bus/ch/default/9jjqkzNyOOdsjGSYpCKbCr_k7hg 'test(1,6,2' len=68 rcpt(80)
FMT0 persist at /var/zxid/bus/ch/default/0mT_xKUflSimiEhSyo3fvcx0pF0 'test(0,7,1' len=68 rcpt(70)
FMT0 persist at /var/zxid/bus/ch/default/kyq0TZ2Deu5ftCON9TB-L7d6ync 'test(1,6,1' len=68 rcpt(81)
FMT0 persist at /var/zxid/bus/ch/default/5bv1rGm2ZF0x3Oer4AOtVGHPL6w 'test(0,7,9' len=67 rcpt(71)
FMT0 persist at /var/zxid/bus/ch/default/HAmBLmLyAwUdPMd5PlZa4BfX1JI 'test(1,6,1' len=68 rcpt(82)
FMT0 persist at /var/zxid/bus/ch/default/pbSkMRtKeKFOIJcR6O6s29nJoY0 'test(0,7,8' len=67 rcpt(72)
FMT0 persist at /var/zxid/bus/ch/default/07p3p96bSZdJb3ydsV_mrOuvA4A 'test(1,6,1' len=68 rcpt(83)
FMT0 persist at /var/zxid/bus/ch/default/3a2-FlU8-Vo0skT6qg8TL_9icAk 'test(0,7,7' len=67 rcpt(73)
FMT0 persist at /var/zxid/bus/ch/default/ffbtnZAgev3gXuoQfKLffV2N7og 'test(1,6,1' len=68 rcpt(84)
FMT0 persist at /var/zxid/bus/ch/default/y6R-xnFnoPwS1GfQVSGFcrqUXZY 'test(0,7,6' len=67 rcpt(74)
FMT0 persist at /var/zxid/bus/ch/default/yyGHK3UJt_TB0Zl3DDF1Jpx90Ew 'test(1,6,1' len=68 rcpt(85)
FMT0 persist at /var/zxid/bus/ch/default/HeSt9uY1Wc9QHDUCaLKg4N3AnVg 'test(0,7,5' len=67 rcpt(75)
FMT0 persist at /var/zxid/bus/ch/default/QQw_ueHylIXbggup79iYYSoUjQg 'test(1,6,1' len=68 rcpt(86)
FMT0 persist at /var/zxid/bus/ch/default/NETHvh1U65p2efvqA_jqtXtitLY 'test(0,7,4' len=67 rcpt(76)
FMT0 persist at /var/zxid/bus/ch/default/3pzSwIEpKETLfiIEF3dLn3zYYu8 'test(1,6,1' len=68 rcpt(87)
FMT0 persist at /var/zxid/bus/ch/default/2oE4xvDzcNnAocBxZxHMhC8nO9A 'test(0,7,3' len=67 rcpt(77)
FMT0 persist at /var/zxid/bus/ch/default/zalcKe5wlEEFGb9b5VT8aEb9X2M 'test(1,6,1' len=68 rcpt(88)
FMT0 persist at /var/zxid/bus/ch/default/aevQ97yBPwd2R0HXHCKU10ZlwFU 'test(0,7,2' len=67 rcpt(78)
FMT0 persist at /var/zxid/bus/ch/default/8OFKDAvFkcPsJgnqAA4q4lYFkqs 'test(1,6,1' len=68 rcpt(89)
FMT0 persist at /var/zxid/bus/ch/default/XCcj5cYbiaxWHxDjf03XS9UxaO0 'test(0,7,1' len=67 rcpt(79)
FMT0 persist at /var/zxid/bus/ch/default/DY7x-eVXtj0U47uMRbloiX1PzhA 'test(1,6,1' len=68 rcpt(90)
FMT0 persist at /var/zxid/bus/ch/default/GZDJGgI432j74vR0FQ81hyrBFkM 'test(1,6,9' len=67 rcpt(91)
FMT0 persist at /var/zxid/bus/ch/default/6yqqGaB24up6M1rHRiKcdQqd8cQ 'test(0,6,2' len=68 rcpt(80)
FMT0 persist at /var/zxid/bus/ch/default/5kRB24_YZnB6p1UeOaLyYa30ht0 'test(1,6,8' len=67 rcpt(92)
FMT0 persist at /var/zxid/bus/ch/default/oNw0DyBdFb6sDW32-cRBrTcdG_I 'test(0,6,1' len=68 rcpt(81)
FMT0 persist at /var/zxid/bus/ch/default/gQ3tBPpqVEZHN8rxUCaqsYWZTqU 'test(1,6,7' len=67 rcpt(93)
FMT0 persist at /var/zxid/bus/ch/default/poDhReQetZmD_Id5cxJPRto-JDg 'test(0,6,1' len=68 rcpt(82)
FMT0 persist at /var/zxid/bus/ch/default/7WHJ_KdLqyMm_YmKYflJaJ9rC1A 'test(1,6,6' len=67 rcpt(94)
FMT0 persist at /var/zxid/bus/ch/default/tmdry9K2Jqr-SdXno6KUfVlXtgs 'test(0,6,1' len=68 rcpt(83)
FMT0 persist at /var/zxid/bus/ch/default/HnRYRkESvjkUe_1CZ8Clzgwu1ZM 'test(1,6,5' len=67 rcpt(95)
FMT0 persist at /var/zxid/bus/ch/default/NxLl9ERPhizLzgpcySRiWzrBaXU 'test(0,6,1' len=68 rcpt(84)
FMT0 persist at /var/zxid/bus/ch/default/KFn1ix3RtSyUC2xOn9zWmOE7QWk 'test(1,6,4' len=67 rcpt(96)
FMT0 persist at /var/zxid/bus/ch/default/2bBHrUZSQMayi_cQq8ZrCgjsE50 'test(0,6,1' len=68 rcpt(85)
FMT0 persist at /var/zxid/bus/ch/default/zXXL_M6KSJx0f_ok14lBpJJyuTA 'test(1,6,3' len=67 rcpt(97)
FMT0 persist at /var/zxid/bus/ch/default/_RX6XggBpS6PNOHVyzcIarR_FgA 'test(0,6,1' len=68 rcpt(86)
FMT0 persist at /var/zxid/bus/ch/default/6FUfjdnApG_QNiqEBVzqEZtiy3A 'test(1,6,2' len=67 rcpt(98)
FMT0 persist at /var/zxid/bus/ch/default/biiBEwF7Q29ZjJxDA1uIr7j8qfM 'test(0,6,1' len=68 rcpt(87)
FMT0 persist at /var/zxid/bus/ch/default/hnw40sfZx1_Cbcqh2r5OSXE72Ts 'test(1,6,1' len=67 rcpt(99)
FMT0 persist at /var/zxid/bus/ch/default/epup8uubZ_Ub6g-UWoHas3BOmUo 'test(0,6,1' len=68 rcpt(88)
FMT0 persist at /var/zxid/bus/ch/default/vjV_tNaiszdeZrrugfXR6NTleCc 'test(0,6,1' len=68 rcpt(89)
FMT0 persist at /var/zxid/bus/ch/default/3X6FRqgydFQdN4VQYTEFbHD9C9k 'test(0,6,1' len=68 rcpt(90)
FMT0 persist at /var/zxid/bus/ch/default/Gscop_Nj6dUY0tgpJB66MjdwcoI 'test(1,5,2' len=69 rcpt(100)
FMT0 persist at /var/zxid/bus/ch/default/W5z83DtcYDAbuikDnY2h8VsZNqo 'test(0,6,9' len=67 rcpt(91)
FMT0 persist at /var/zxid/bus/ch/default/6HxHACdXWkkzQexB2OCW01zldJQ 'test(1,5,1' len=69 rcpt(101)
FMT0 persist at /var/zxid/bus/ch/default/LxScuReoVVNzL8p4ZqSzhydxBgw 'test(0,6,8' len=67 rcpt(92)
FMT0 persist at /var/zxid/bus/ch/default/_CumP9zw-Dgp84MES11oBY9ZQCM 'test(1,5,1' len=69 rcpt(102)
FMT0 persist at /var/zxid/bus/ch/default/pRwg0dOHX0YsA3-d_53RX03uVTw 'test(0,6,7' len=67 rcpt(93)
FMT0 persist at /var/zxid/bus/ch/default/XacjktjUw3WJPU6tZtGP8IBGdD4 'test(1,5,1' len=69 rcpt(103)
FMT0 persist at /var/zxid/bus/ch/default/DeBa0VtA2Hbh4mYplqXEjZEUIeA 'test(0,6,6' len=67 rcpt(94)
FMT0 persist at /var/zxid/bus/ch/default/Q3LhKjh2AKNNZ0MvaPA-objLwJ4 'test(1,5,1' len=69 rcpt(104)
FMT0 persist at /var/zxid/bus/ch/default/YwAXxj0dN49m6JBjqN8v5P2cdeM 'test(0,6,5' len=67 rcpt(95)
FMT0 persist at /var/zxid/bus/ch/default/UtWxBo6iFs17qYrFsV5E6sdnEDc 'test(0,6,4' len=67 rcpt(96)
FMT0 persist at /var/zxid/bus/ch/default/JXLm60zd360O1uLdTtYaBcQ8L08 'test(1,5,1' len=69 rcpt(105)
FMT0 persist at /var/zxid/bus/ch/default/4n5rQfrA9dclmt1ny5jZ6n3U-m4 'test(0,6,3' len=67 rcpt(97)
FMT0 persist at /var/zxid/bus/ch/default/i5ptOxShz-6J9iTEEHsm3IumKYE 'test(1,5,1' len=69 rcpt(106)
FMT0 persist at /var/zxid/bus/ch/default/6-CF3SeV0p322uANL9cc2cUlcbg 'test(0,6,2' len=67 rcpt(98)
FMT0 persist at /var/zxid/bus/ch/default/wohaskmwwjyv4cEr16f9vfxjBNQ 'test(1,5,1' len=69 rcpt(107)
FMT0 persist at /var/zxid/bus/ch/default/XlimIC3LMSMBF2t6T2qzyA7-nFs 'test(0,6,1' len=67 rcpt(99)
FMT0 persist at /var/zxid/bus/ch/default/8u21u7qlTZOgyZ6KI62qjI4IFEc 'test(1,5,1' len=69 rcpt(108)
FMT0 persist at /var/zxid/bus/ch/default/FdQDLunLsyNWkwVdtKqH9bvBQ54 'test(0,5,2' len=69 rcpt(100)
FMT0 persist at /var/zxid/bus/ch/default/3C-QIOuu5sejcpQomC9PwIXC1lA 'test(1,5,1' len=69 rcpt(109)
FMT0 persist at /var/zxid/bus/ch/default/eIS144uNERC4SlEZ7HcOBFyuJpo 'test(0,5,1' len=69 rcpt(101)
FMT0 persist at /var/zxid/bus/ch/default/G3sSg4TG9J2LZBD-a1pHlreogPE 'test(1,5,1' len=69 rcpt(110)
FMT0 persist at /var/zxid/bus/ch/default/IWmd4qGJRTuIKSmZl0zU0DjzuIE 'test(0,5,1' len=69 rcpt(102)
FMT0 persist at /var/zxid/bus/ch/default/59EMrHejTVmd3gthLUSXwZNfYYs 'test(1,5,9' len=68 rcpt(111)
FMT0 persist at /var/zxid/bus/ch/default/bkZuPdB1tTns-Mqilr3KdhCkgYo 'test(0,5,1' len=69 rcpt(103)
FMT0 persist at /var/zxid/bus/ch/default/SjCz6RQmSNnMk-dWfXE2wv911Fk 'test(1,5,8' len=68 rcpt(112)
FMT0 persist at /var/zxid/bus/ch/default/xzjHJSidoZo0KIlTkfd0sktGJGQ 'test(0,5,1' len=69 rcpt(104)
FMT0 persist at /var/zxid/bus/ch/default/lYlbk_kjDYCoojFOg2XvnJZMlqM 'test(0,5,1' len=69 rcpt(105)
FMT0 persist at /var/zxid/bus/ch/default/Lx0h9xxcyE7_CA8Rqag7vuN53hU 'test(1,5,7' len=68 rcpt(113)
FMT0 persist at /var/zxid/bus/ch/default/absQjOkPG1I7lZESU907llpYcbU 'test(0,5,1' len=69 rcpt(106)
FMT0 persist at /var/zxid/bus/ch/default/5rPc_fNR6m3ipvOHk2FBCVcu3_A 'test(1,5,6' len=68 rcpt(114)
FMT0 persist at /var/zxid/bus/ch/default/tltS_YsOt4SCLdT7XQtBV_SCTWA 'test(0,5,1' len=69 rcpt(107)
FMT0 persist at /var/zxid/bus/ch/default/IMlxPsyOGWbyUzzyu3IpWi-eMbM 'test(1,5,5' len=68 rcpt(115)
FMT0 persist at /var/zxid/bus/ch/default/oh-0F72ul3OSFdGQLGS9Qoo9tNQ 'test(1,5,4' len=68 rcpt(116)
FMT0 persist at /var/zxid/bus/ch/default/CEgD_aBM1dSwxcHbeWJJ6O-9vgw 'test(0,5,1' len=69 rcpt(108)
FMT0 persist at /var/zxid/bus/ch/default/L8HYEbG2BFZ0IZEaUU3pL_X5JJk 'test(1,5,3' len=68 rcpt(117)
FMT0 persist at /var/zxid/bus/ch/default/YK3qW1YmaH45fMQIqQdvm63D5TM 'test(0,5,1' len=69 rcpt(109)
FMT0 persist at /var/zxid/bus/ch/default/EBCgFBUnn-y_tIcL5McJnq24BAA 'test(0,5,1' len=69 rcpt(110)
FMT0 persist at /var/zxid/bus/ch/default/Y3ECtW4GjoQ3JtChHfUaPrhssyo 'test(0,5,9' len=68 rcpt(111)
FMT0 persist at /var/zxid/bus/ch/default/qJvPPRQedrJysWlqNErIy4rMzEA 'test(1,5,2' len=68 rcpt(118)
FMT0 persist at /var/zxid/bus/ch/default/iqp8JElD5fSQJ307LlRDMXh893U 'test(0,5,8' len=68 rcpt(112)
FMT0 persist at /var/zxid/bus/ch/default/Xctr62RoetpvuMLjHbgmdtfAOUE 'test(1,5,1' len=68 rcpt(119)
FMT0 persist at /var/zxid/bus/ch/default/EjDlt9H3j3VYXVEmkZjEqM1obTw 'test(0,5,7' len=68 rcpt(113)
FMT0 persist at /var/zxid/bus/ch/default/81h7DjgJMJE2vP-ZKLzMlpt4nS0 'test(0,5,6' len=68 rcpt(114)
FMT0 persist at /var/zxid/bus/ch/default/hst2NTPRtJB6ks2lalGLr4Dollg 'test(1,4,2' len=69 rcpt(120)
FMT0 persist at /var/zxid/bus/ch/default/Xf--92jtpiU70c1T-YaDLc2ADPY 'test(0,5,5' len=68 rcpt(115)
FMT0 persist at /var/zxid/bus/ch/default/lM-DUOLmglH3iVAbAEV5IuNgLm0 'test(1,4,1' len=69 rcpt(121)
FMT0 persist at /var/zxid/bus/ch/default/_WSSkc45LQJl0bkezj3XQhWTIGI 'test(0,5,4' len=68 rcpt(116)
FMT0 persist at /var/zxid/bus/ch/default/XpfRiWWIm-kvTS--CyPX3PRxd8I 'test(1,4,1' len=69 rcpt(122)
FMT0 persist at /var/zxid/bus/ch/default/O2C-Cu-gRHJtsGg_T_gvE0nlQBM 'test(1,4,1' len=69 rcpt(123)
FMT0 persist at /var/zxid/bus/ch/default/OLoZwJ73710CA6ZYAqruHfF-UO8 'test(0,5,3' len=68 rcpt(117)
FMT0 persist at /var/zxid/bus/ch/default/oAoR2hU_jNI6aF9F5CPkKxihBSg 'test(1,4,1' len=69 rcpt(124)
FMT0 persist at /var/zxid/bus/ch/default/Ns3JGzGw6VPIXv8CWNr6uWAh3RA 'test(0,5,2' len=68 rcpt(118)
FMT0 persist at /var/zxid/bus/ch/default/SFCAGzaDbF_xgXlt8_hWc2m0LQc 'test(1,4,1' len=69 rcpt(125)
FMT0 persist at /var/zxid/bus/ch/default/MMYpjAV8cpBU6ckOVzWvCSSCyY4 'test(0,5,1' len=68 rcpt(119)
FMT0 persist at /var/zxid/bus/ch/default/Ocz9yiCgAoGWhghXQaNoPnAuuuI 'test(1,4,1' len=69 rcpt(126)
FMT0 persist at /var/zxid/bus/ch/default/IjFt_U1xXWds--tCeLzdoK3DhFA 'test(0,4,2' len=69 rcpt(120)
FMT0 persist at /var/zxid/bus/ch/default/Rvb6h5oSX6agiZcogBtbAsd1n-M 'test(1,4,1' len=69 rcpt(127)
FMT0 persist at /var/zxid/bus/ch/default/lghUfm2oVCKfzUqgnKPifCA_VPA 'test(1,4,1' len=69 rcpt(128)
FMT0 persist at /var/zxid/bus/ch/default/tFdtasCGOhYM1czE7vr-vR_Lw2M 'test(0,4,1' len=69 rcpt(121)
FMT0 persist at /var/zxid/bus/ch/default/SpA4mKcgyfNPVuzoI_JeflVpieU 'test(0,4,1' len=69 rcpt(122)
FMT0 persist at /var/zxid/bus/ch/default/PWPJAsyeKjtgmNx0N0282BAxf78 'test(1,4,1' len=69 rcpt(129)
FMT0 persist at /var/zxid/bus/ch/default/0bwY34lfu8gC-JYBp95Sve6J-1k 'test(1,4,1' len=69 rcpt(130)
FMT0 persist at /var/zxid/bus/ch/default/uH_9iSL8Xap2I1fiTi_52mIwXl4 'test(0,4,1' len=69 rcpt(123)
FMT0 persist at /var/zxid/bus/ch/default/LWaGH56BWjIg2PtKQIHNLfZWgQQ 'test(0,4,1' len=69 rcpt(124)
FMT0 persist at /var/zxid/bus/ch/default/Kndrkb3S6FrPMJl0izughpEpTOg 'test(1,4,9' len=68 rcpt(131)
FMT0 persist at /var/zxid/bus/ch/default/rk_QFoAreMc26AfwfXFNzW2_h1w 'test(0,4,1' len=69 rcpt(125)
FMT0 persist at /var/zxid/bus/ch/default/Qhp_Of0GOpOF8vpP2Aj9gEyXIW0 'test(1,4,8' len=68 rcpt(132)
FMT0 persist at /var/zxid/bus/ch/default/GaRYFcW5B2MkLEuq8WA3E0P7nYQ 'test(0,4,1' len=69 rcpt(126)
FMT0 persist at /var/zxid/bus/ch/default/raro2zweVNt1Tb2RlWeO7eWzpIQ 'test(0,4,1' len=69 rcpt(127)
FMT0 persist at /var/zxid/bus/ch/default/06xKb_NCxr8BLEJptH1E9kZa3IU 'test(0,4,1' len=69 rcpt(128)
FMT0 persist at /var/zxid/bus/ch/default/OpksMa2YWAyTMifeXbMdhKTKLVk 'test(1,4,7' len=68 rcpt(133)
FMT0 persist at /var/zxid/bus/ch/default/bU2iSsW8p1JgdigsLKmfm1xRbo8 'test(0,4,1' len=69 rcpt(129)
FMT0 persist at /var/zxid/bus/ch/default/g2QLJ9UumHnOfrV3cXJiOZ6slSg 'test(1,4,6' len=68 rcpt(134)
FMT0 persist at /var/zxid/bus/ch/default/FW8l79Egfr0sfxiqiGaG5-HDPgw 'test(0,4,1' len=69 rcpt(130)
FMT0 persist at /var/zxid/bus/ch/default/9NICAKD_fDO1Y8COqIus3RRlU2s 'test(1,4,5' len=68 rcpt(135)
FMT0 persist at /var/zxid/bus/ch/default/ogBfvOIksFW5KtnkSPocOfQ-xZQ 'test(0,4,9' len=68 rcpt(131)
FMT0 persist at /var/zxid/bus/ch/default/3y8yXdgvTBGKZa97NDes0X7CMB8 'test(1,4,4' len=68 rcpt(136)
FMT0 persist at /var/zxid/bus/ch/default/_tkR3py3NLY4lp53rtrcVKx4l7w 'test(0,4,8' len=68 rcpt(132)
FMT0 persist at /var/zxid/bus/ch/default/EcroLM0xORxmWKAUH6FkzfufNSk 'test(1,4,3' len=68 rcpt(137)
FMT0 persist at /var/zxid/bus/ch/default/HSpeArwv9a-vjdx0NhiQRrIiGhI 'test(0,4,7' len=68 rcpt(133)
FMT0 persist at /var/zxid/bus/ch/default/efOmTYiDsjS3FU487jnzOoDqhqc 'test(1,4,2' len=68 rcpt(138)
FMT0 persist at /var/zxid/bus/ch/default/bKQjk2GHcWPuzNFyQkl2OWA-xl0 'test(0,4,6' len=68 rcpt(134)
FMT0 persist at /var/zxid/bus/ch/default/ne-0vFIvYYKKBljSqtL73fkI9Nw 'test(1,4,1' len=68 rcpt(139)
FMT0 persist at /var/zxid/bus/ch/default/SBGibI9tWwGpy5KsHlh7q4lMRAk 'test(0,4,5' len=68 rcpt(135)
FMT0 persist at /var/zxid/bus/ch/default/r713M39TPmERxsx99Qp7Ao18GlM 'test(0,4,4' len=68 rcpt(136)
FMT0 persist at /var/zxid/bus/ch/default/E744RcQwnW9UHYauQJ-CJc5GHog 'test(0,4,3' len=68 rcpt(137)
FMT0 persist at /var/zxid/bus/ch/default/qZl-WhGojrYuYaIYZa1TkjClbPk 'test(1,3,2' len=69 rcpt(140)
FMT0 persist at /var/zxid/bus/ch/default/OWob7PQ0bNXM5eKfTJFFpgaq8ws 'test(0,4,2' len=68 rcpt(138)
FMT0 persist at /var/zxid/bus/ch/default/BNGf-NA3rUTF7sAQG1Yst_MqMlk 'test(1,3,1' len=69 rcpt(141)
FMT0 persist at /var/zxid/bus/ch/default/LP3l3ai-9Ru9lk3DDIyESyZN7H4 'test(0,4,1' len=68 rcpt(139)
FMT0 persist at /var/zxid/bus/ch/default/sRmSgtEVvQ4ds9IE82Gz2sQz1Ps 'test(1,3,1' len=69 rcpt(142)
FMT0 persist at /var/zxid/bus/ch/default/nH-U7zrNPYahRwBFx9K-rU1j8ek 'test(1,3,1' len=69 rcpt(143)
FMT0 persist at /var/zxid/bus/ch/default/-8AEDwkUHbS7fFaJZx0eEvBlXlE 'test(0,3,2' len=69 rcpt(140)
FMT0 persist at /var/zxid/bus/ch/default/P2pFpHIyNnO0zqzGk7jdV7wb2OY 'test(1,3,1' len=69 rcpt(144)
FMT0 persist at /var/zxid/bus/ch/default/jmnkdVH-HP6Kfwyd5nswftGH4zY 'test(0,3,1' len=69 rcpt(141)
FMT0 persist at /var/zxid/bus/ch/default/yo_K9622fQ1X9F3CkWRjDER3nWc 'test(0,3,1' len=69 rcpt(142)
FMT0 persist at /var/zxid/bus/ch/default/lJ0NqHIIyovlaOSQcvCHqcZ6l0o 'test(1,3,1' len=69 rcpt(145)
FMT0 persist at /var/zxid/bus/ch/default/O6i_48IuEK2hsDCG7rcZKXwFPAo 'test(0,3,1' len=69 rcpt(143)
FMT0 persist at /var/zxid/bus/ch/default/E-kKA8X5NeOrkJRje64SrGeQkBI 'test(1,3,1' len=69 rcpt(146)
FMT0 persist at /var/zxid/bus/ch/default/1XE8jBZc8tivZjgwVuPIaTs2tjM 'test(0,3,1' len=69 rcpt(144)
FMT0 persist at /var/zxid/bus/ch/default/ZRls3nHj46o6u1CZSJHT5aTbnhY 'test(1,3,1' len=69 rcpt(147)
FMT0 persist at /var/zxid/bus/ch/default/nOLnicHlKgz8JxH8yw5Nwq6O_us 'test(0,3,1' len=69 rcpt(145)
FMT0 persist at /var/zxid/bus/ch/default/IAv4MpaSjU_awQM6mNb1URCG_xg 'test(1,3,1' len=69 rcpt(148)
FMT0 persist at /var/zxid/bus/ch/default/OrkYJIgxnqtdwDX3L7wBmF5pbNM 'test(1,3,1' len=69 rcpt(149)
FMT0 persist at /var/zxid/bus/ch/default/MxHCQ-WXTBjDBdANp0kqiNJDm7k 'test(0,3,1' len=69 rcpt(146)
FMT0 persist at /var/zxid/bus/ch/default/tr_nphmKkj0RrqCxI68XV0W74WQ 'test(1,3,1' len=69 rcpt(150)
FMT0 persist at /var/zxid/bus/ch/default/5SnhrYj5VpOgPSlDrDd9DgiyzNQ 'test(0,3,1' len=69 rcpt(147)
FMT0 persist at /var/zxid/bus/ch/default/RRwC-6fEWuj3GpA_MBt4JtdpkxU 'test(1,3,9' len=68 rcpt(151)
FMT0 persist at /var/zxid/bus/ch/default/FH_uZ4o8nU1fu_Kk15AXVx5i5yE 'test(1,3,8' len=68 rcpt(152)
FMT0 persist at /var/zxid/bus/ch/default/7w-GdXBSq1d1iB34dskhuAi7YUk 'test(0,3,1' len=69 rcpt(148)
FMT0 persist at /var/zxid/bus/ch/default/-7vBIRqN8t84l4TwYEnjSJNBRLw 'test(1,3,7' len=68 rcpt(153)
FMT0 persist at /var/zxid/bus/ch/default/xq_bql57cJTpd8vcQQzybxEPXPM 'test(0,3,1' len=69 rcpt(149)
FMT0 persist at /var/zxid/bus/ch/default/KtCqK8C8eun80nhiN-XIKNGXTJo 'test(1,3,6' len=68 rcpt(154)
FMT0 persist at /var/zxid/bus/ch/default/mOhBwF_2rlGcl6NCXlqRyRmNPWE 'test(1,3,5' len=68 rcpt(155)
FMT0 persist at /var/zxid/bus/ch/default/0AeIZPaG2qhW5fKAT6LdbP_Qu7s 'test(0,3,1' len=69 rcpt(150)
FMT0 persist at /var/zxid/bus/ch/default/BPnEA56Hand7iGOJ8oqyMHdvzwc 'test(1,3,4' len=68 rcpt(156)
FMT0 persist at /var/zxid/bus/ch/default/itOvstZcKUAZ4lrbByxqckmanSk 'test(1,3,3' len=68 rcpt(157)
FMT0 persist at /var/zxid/bus/ch/default/RSS3TFtt28hXlzMYiOFnaBmpvPE 'test(0,3,9' len=68 rcpt(151)
FMT0 persist at /var/zxid/bus/ch/default/yDCKXnrslm-VAXgbFF7OpQdDxR4 'test(1,3,2' len=68 rcpt(158)
FMT0 persist at /var/zxid/bus/ch/default/wAWTEFgENXtwQVjUw9VHljgNAvw 'test(0,3,8' len=68 rcpt(152)
FMT0 persist at /var/zxid/bus/ch/default/B15PIyXIZFSM4i6-xsOzdK64NOA 'test(0,3,7' len=68 rcpt(153)
FMT0 persist at /var/zxid/bus/ch/default/qi-yoTUJac8Szc21oLbkjBtkMbc 'test(0,3,6' len=68 rcpt(154)
FMT0 persist at /var/zxid/bus/ch/default/fDTcvhV2X1bVL7AIqHbVbgjgwB4 'test(1,3,1' len=68 rcpt(159)
FMT0 persist at /var/zxid/bus/ch/default/8b7UvI0-eslm5BHl0OelDA5yl3Y 'test(0,3,5' len=68 rcpt(155)
FMT0 persist at /var/zxid/bus/ch/default/iEPTtvrPXSg03EXVYVwvcFXzXeU 'test(0,3,4' len=68 rcpt(156)
FMT0 persist at /var/zxid/bus/ch/default/HQlqny5Zmygf418dhBpDR3_iyuY 'test(0,3,3' len=68 rcpt(157)
FMT0 persist at /var/zxid/bus/ch/default/8FyvDq6D4OPpiTFTrHdAo8pbFkQ 'test(0,3,2' len=68 rcpt(158)
FMT0 persist at /var/zxid/bus/ch/default/vMnJ7e3keF0LfwZ-y_x0tWvPjI8 'test(1,2,2' len=69 rcpt(160)
FMT0 persist at /var/zxid/bus/ch/default/EW5XFFT-5Z-tYNlpieUTzQC4Tyk 'test(0,3,1' len=68 rcpt(159)
FMT0 persist at /var/zxid/bus/ch/default/smxd_X5wA_HCHm7bdt5GsKnXzhI 'test(1,2,1' len=69 rcpt(161)
FMT0 persist at /var/zxid/bus/ch/default/p7WSHMgmLw2ptP8asOaivQzUBOM 'test(1,2,1' len=69 rcpt(162)
FMT0 persist at /var/zxid/bus/ch/default/wN0S8YNLb4its9yphPtHxsF9TEQ 'test(1,2,1' len=69 rcpt(163)
FMT0 persist at /var/zxid/bus/ch/default/C4aAM3IlnvkrG1T-0UJ-cogHSvE 'test(1,2,1' len=69 rcpt(164)
FMT0 persist at /var/zxid/bus/ch/default/KNhkc426Lro9AdT2m7BK5nI92gk 'test(1,2,1' len=69 rcpt(165)
FMT0 persist at /var/zxid/bus/ch/default/YOGMeB09Q1-pg5MDxKNvMyXqNYI 'test(0,2,2' len=69 rcpt(160)
FMT0 persist at /var/zxid/bus/ch/default/NK7HNOIgRWtSQ0kOUfAZxh0y6mU 'test(1,2,1' len=69 rcpt(166)
FMT0 persist at /var/zxid/bus/ch/default/1w7Ipgq_gsaee1Vmj7Nb-wBC5Hk 'test(1,2,1' len=69 rcpt(167)
FMT0 persist at /var/zxid/bus/ch/default/r2XK9heCYqapKerx0zyA4FXy52o 'test(0,2,1' len=69 rcpt(161)
FMT0 persist at /var/zxid/bus/ch/default/0u1AgOlxgsxwybs6RMi_pWFFGf0 'test(1,2,1' len=69 rcpt(168)
FMT0 persist at /var/zxid/bus/ch/default/MxWafgweHCtAHVcxt24Lm5UJI8I 'test(0,2,1' len=69 rcpt(162)
FMT0 persist at /var/zxid/bus/ch/default/0NAt6js-qBiErv_7hWrbccMzHpE 'test(1,2,1' len=69 rcpt(169)
FMT0 persist at /var/zxid/bus/ch/default/is9IoLk-5CB5mujG-GGrSbdlRUA 'test(0,2,1' len=69 rcpt(163)
FMT0 persist at /var/zxid/bus/ch/default/xdBf3W1-E9R0jUDj1D--BzpE85s 'test(1,2,1' len=69 rcpt(170)
FMT0 persist at /var/zxid/bus/ch/default/Uv4Tzizu6ItNI3nhQcNIn5Py6Zs 'test(0,2,1' len=69 rcpt(164)
FMT0 persist at /var/zxid/bus/ch/default/HXHoNqoPCMzzptj2YYZ4reN6vMU 'test(1,2,9' len=68 rcpt(171)
FMT0 persist at /var/zxid/bus/ch/default/UDEEs-XejV9SEVC4FeCh-IYQiJ8 'test(0,2,1' len=69 rcpt(165)
FMT0 persist at /var/zxid/bus/ch/default/u2T4B37S7wAKzRfxg3BLaeODgmA 'test(1,2,8' len=68 rcpt(172)
FMT0 persist at /var/zxid/bus/ch/default/9E-UGae8n_vE03zvUYOvILN14iU 'test(0,2,1' len=69 rcpt(166)
FMT0 persist at /var/zxid/bus/ch/default/CZE0iAwaHId10bS7yDtr4YSFfko 'test(1,2,7' len=68 rcpt(173)
FMT0 persist at /var/zxid/bus/ch/default/VIDdDCVbI40QupwNh2_qodoCNpY 'test(0,2,1' len=69 rcpt(167)
FMT0 persist at /var/zxid/bus/ch/default/Oeq26XTXSzbf-UkQRXLbXSue8JI 'test(1,2,6' len=68 rcpt(174)
FMT0 persist at /var/zxid/bus/ch/default/0U1GVcGGhSqls_EQqNtazhOSOgE 'test(0,2,1' len=69 rcpt(168)
FMT0 persist at /var/zxid/bus/ch/default/CHWACH38j0IZdNFpXvGmORlsoYA 'test(1,2,5' len=68 rcpt(175)
FMT0 persist at /var/zxid/bus/ch/default/1oBhDYAz0zTzWqZBS2m7ZPGvtt8 'test(0,2,1' len=69 rcpt(169)
FMT0 persist at /var/zxid/bus/ch/default/g53s_WvwCESRTZbeu7TVbXGFpUY 'test(1,2,4' len=68 rcpt(176)
FMT0 persist at /var/zxid/bus/ch/default/WEgdmZiNIvItI94sBsqMgSBbxx4 'test(0,2,1' len=69 rcpt(170)
FMT0 persist at /var/zxid/bus/ch/default/MZQ__amoknJzsoSm8Mxj_X55tX8 'test(1,2,3' len=68 rcpt(177)
FMT0 persist at /var/zxid/bus/ch/default/sOUFzAybT2TBoIipRfKEK2XYEM8 'test(0,2,9' len=68 rcpt(171)
FMT0 persist at /var/zxid/bus/ch/default/li85KTgWHaV0uZmdQZoDKfjaDMg 'test(1,2,2' len=68 rcpt(178)
FMT0 persist at /var/zxid/bus/ch/default/dE4Dp7kTz6gJKJYTeRMHtzQbPWc 'test(0,2,8' len=68 rcpt(172)
FMT0 persist at /var/zxid/bus/ch/default/1SDWa4GGhDb5nOcmTgIlQ8XOAw8 'test(1,2,1' len=68 rcpt(179)
FMT0 persist at /var/zxid/bus/ch/default/Mj1DcQIRoay_2o6fVWKCRyTc8Lg 'test(0,2,7' len=68 rcpt(173)
FMT0 persist at /var/zxid/bus/ch/default/ALpgc9Eax_JR6MxwX3G3vNddYfo 'test(0,2,6' len=68 rcpt(174)
FMT0 persist at /var/zxid/bus/ch/default/REx0GJGBwe4Miow-JhhV2Tfb-K4 'test(0,2,5' len=68 rcpt(175)
FMT0 persist at /var/zxid/bus/ch/default/HEE8N35E3f1wkWbvbOdAgY-cYx4 'test(0,2,4' len=68 rcpt(176)
FMT0 persist at /var/zxid/bus/ch/default/OuUtA6noZqNZVHrTahHmbhtjpX4 'test(0,2,3' len=68 rcpt(177)
FMT0 persist at /var/zxid/bus/ch/default/M44RzL3fQjwi8JxLpnVi5aBCQ9s 'test(1,1,2' len=69 rcpt(180)
FMT0 persist at /var/zxid/bus/ch/default/3xnrXvuyQOL-EwTuJyYMnOOVw9k 'test(0,2,2' len=68 rcpt(178)
FMT0 persist at /var/zxid/bus/ch/default/dfY_KxN2Gd7oeAsNHtrBVV4a2JI 'test(1,1,1' len=69 rcpt(181)
FMT0 persist at /var/zxid/bus/ch/default/T3e-6lM7qafrnXKyNfyApcljPxI 'test(0,2,1' len=68 rcpt(179)
FMT0 persist at /var/zxid/bus/ch/default/x4yJIZMyxtdKAB7Qjm5TvQKs89k 'test(1,1,1' len=69 rcpt(182)
FMT0 persist at /var/zxid/bus/ch/default/hci4J4XPkksSs7irJc3pDh1DIt8 'test(1,1,1' len=69 rcpt(183)
FMT0 persist at /var/zxid/bus/ch/default/xupS29_GKnGeTnMNsgXM6vRxF_I 'test(0,1,2' len=69 rcpt(180)
FMT0 persist at /var/zxid/bus/ch/default/IqZXT5pUP6gDy1Nxmns9fyF6dmM 'test(1,1,1' len=69 rcpt(184)
FMT0 persist at /var/zxid/bus/ch/default/eudWdzidZjgsvScGQYzSI1hNOL8 'test(0,1,1' len=69 rcpt(181)
FMT0 persist at /var/zxid/bus/ch/default/AkTAIYIZuskfBCk1i6E0z4bpsWc 'test(1,1,1' len=69 rcpt(185)
FMT0 persist at /var/zxid/bus/ch/default/fiUYcv7ukcxCV3YUl7VOJugwfpg 'test(0,1,1' len=69 rcpt(182)
FMT0 persist at /var/zxid/bus/ch/default/Gfk38qzF7oedDFbv-WYEeOl2XJQ 'test(1,1,1' len=69 rcpt(186)
FMT0 persist at /var/zxid/bus/ch/default/hiqOLHgqG9Rzlr0JzsKehSNnCpI 'test(0,1,1' len=69 rcpt(183)
FMT0 persist at /var/zxid/bus/ch/default/pCrG0pJ5FkzSWx5AO83rnfq96G0 'test(1,1,1' len=69 rcpt(187)
FMT0 persist at /var/zxid/bus/ch/default/IO5q0N4erM-0awz_R8NkL3yDP_o 'test(0,1,1' len=69 rcpt(184)
FMT0 persist at /var/zxid/bus/ch/default/Vv36Siky27fOdclxwdtBnBRCWcg 'test(1,1,1' len=69 rcpt(188)
FMT0 persist at /var/zxid/bus/ch/default/SIzpjGV4fuyjNqC7KZJq1l1UoTo 'test(0,1,1' len=69 rcpt(185)
FMT0 persist at /var/zxid/bus/ch/default/vgFHM4GREBscR1W7O_LmyGf01eo 'test(1,1,1' len=69 rcpt(189)
FMT0 persist at /var/zxid/bus/ch/default/BmjAjjVgyePtkgJLIsSb0M808RI 'test(0,1,1' len=69 rcpt(186)
FMT0 persist at /var/zxid/bus/ch/default/1IIp8PN9XAAutOGmh-nTN8gF1to 'test(1,1,1' len=69 rcpt(190)
FMT0 persist at /var/zxid/bus/ch/default/WHXeuoSJSVXCz8XGM48YYOnWKo8 'test(0,1,1' len=69 rcpt(187)
FMT0 persist at /var/zxid/bus/ch/default/xufUGIZx4lAKmMy2vE9ykHY_hV0 'test(1,1,9' len=68 rcpt(191)
FMT0 persist at /var/zxid/bus/ch/default/SjiWvtBs1lzuDF-lOqdTmtCQU8s 'test(0,1,1' len=69 rcpt(188)
FMT0 persist at /var/zxid/bus/ch/default/XOuC99yODQq5ELAE0FGXoCv3vjQ 'test(1,1,8' len=68 rcpt(192)
FMT0 persist at /var/zxid/bus/ch/default/xrMx_pRdEt-nmK0OLHlSidcXBog 'test(0,1,1' len=69 rcpt(189)
FMT0 persist at /var/zxid/bus/ch/default/WACo_Ki5ULrir8R7MdgBa14bcyA 'test(0,1,1' len=69 rcpt(190)
FMT0 persist at /var/zxid/bus/ch/default/YA-YM6Ti1OHKsl0uF6EaN_qKhOI 'test(1,1,7' len=68 rcpt(193)
FMT0 persist at /var/zxid/bus/ch/default/cJv1kwhqyzWJnOjTuDecJ7K5zK4 'test(0,1,9' len=68 rcpt(191)
FMT0 persist at /var/zxid/bus/ch/default/oektFG-qalLfj46V6M6ViRqwwjQ 'test(0,1,8' len=68 rcpt(192)
FMT0 persist at /var/zxid/bus/ch/default/i36rogxdDVgi178NOVnyhYwoHsU 'test(1,1,6' len=68 rcpt(194)
FMT0 persist at /var/zxid/bus/ch/default/BR98MsVD-VOqqcBSxGh-U_1hgwo 'test(0,1,7' len=68 rcpt(193)
FMT0 persist at /var/zxid/bus/ch/default/y0uHPyzk6PCViWB08u4PizuPnd0 'test(1,1,5' len=68 rcpt(195)
FMT0 persist at /var/zxid/bus/ch/default/iwS7zltQqBV9AEkQ94qv_17yL9U 'test(0,1,6' len=68 rcpt(194)
FMT0 persist at /var/zxid/bus/ch/default/x_BNkRj1TFlrA_Fb0hbsDxWKBCw 'test(1,1,4' len=68 rcpt(196)
FMT0 persist at /var/zxid/bus/ch/default/TUTwtVgiJN1-8zYU_xTBXZ9tdI0 'test(0,1,5' len=68 rcpt(195)
FMT0 persist at /var/zxid/bus/ch/default/m5VFq4rR-XftoDszAzAv6P1P-6A 'test(1,1,3' len=68 rcpt(197)
FMT0 persist at /var/zxid/bus/ch/default/agqD_RNbxDBNouQEXBbPAW91EAQ 'test(0,1,4' len=68 rcpt(196)
FMT0 persist at /var/zxid/bus/ch/default/9uM64JeA3wUOaRfAgZkImq0C3VM 'test(1,1,2' len=68 rcpt(198)
FMT0 persist at /var/zxid/bus/ch/default/bxH5Js1qgJBFfx2j8E-XjcsRvE0 'test(0,1,3' len=68 rcpt(197)
FMT0 persist at /var/zxid/bus/ch/default/yH8bOOLTe7JjzKRB81HF9_kmags 'test(1,1,1' len=68 rcpt(199)
FMT0 persist at /var/zxid/bus/ch/default/OhWJ9zL7CFGRoAluB8CDMKkUzBA 'test(0,1,2' len=68 rcpt(198)
FMT0 persist at /var/zxid/bus/ch/default/P6YX37hs7S9tLtpCk4ZmA84ERbk 'test(0,1,1' len=68 rcpt(199)
shf_0x931dd28  // max_ios=30
io_0x931de40  // free? fd(0) n_c/t=0/0
io_0x931df44  // free? fd(0) n_c/t=0/0
io_0x931e048  // free? fd(0) n_c/t=0/0
io_0x931e14c  // free? fd(0) n_c/t=0/0
io_0x931e250  // free? fd(0) n_c/t=0/0
io_0x931e354  // free? fd(0) n_c/t=0/0
-> io_0x931e458
  io_0x931e458 -> pdu_0xb744bb98 [label=cur_pdu]; // fd=0x6
  io_0x931e458 -> null [label=reqs];
  io_0x931e458 -> null [label=pending];
  io_0x931e458 -> null [label=to_write_produce];
  io_0x931e458 -> null [label=to_write_consume];  // n_to_write=0
  io_0x931e458 -> null [label=in_write];
io_0x931e55c  // free? fd(0) n_c/t=0/0
io_0x931e660  // free? fd(0) n_c/t=0/0
io_0x931e764  // free? fd(0) n_c/t=0/0
io_0x931e868  // free? fd(0) n_c/t=0/0
io_0x931e96c  // free? fd(0) n_c/t=0/0
io_0x931ea70  // free? fd(0) n_c/t=0/0
io_0x931eb74  // free? fd(0) n_c/t=0/0
io_0x931ec78  // free? fd(0) n_c/t=0/0
io_0x931ed7c  // free? fd(0) n_c/t=0/0
-> io_0x931ee80
  io_0x931ee80 -> pdu_0xb76d05e0 [label=cur_pdu]; // fd=0x10
  io_0x931ee80 -> null [label=reqs];
  io_0x931ee80 -> null [label=pending];
  io_0x931ee80 -> null [label=to_write_produce];
  io_0x931ee80 -> null [label=to_write_consume];  // n_to_write=0
  io_0x931ee80 -> null [label=in_write];
-> io_0x931ef84
  io_0x931ef84 -> pdu_0xb76d7738 [label=cur_pdu]; // fd=0x11
  io_0x931ef84 -> null [label=reqs];
  io_0x931ef84 -> null [label=pending];
  io_0x931ef84 -> null [label=to_write_produce];
  io_0x931ef84 -> null [label=to_write_consume];  // n_to_write=0
  io_0x931ef84 -> null [label=in_write];
-> io_0x931f088
  io_0x931f088 -> pdu_0xb7613760 [label=cur_pdu]; // fd=0x12
  io_0x931f088  // reqs
    -> pdu_0xb76ba540  // (ZXCT)
    pdu_0xb76ba540 -> null [label=reals];
    pdu_0xb76ba540 -> null [label=synths];
    pdu_0xb76ba540 -> null [label=subresps];
[label=reqs];
  io_0x931f088 -> null [label=pending];
[label=pending];
  io_0x931f088 -> null [label=to_write_produce];
  io_0x931f088 -> null [label=to_write_consume];  // n_to_write=0
  io_0x931f088 -> null [label=in_write];
io_0x931f18c  // free? fd(80000013) n_c/t=5/0
io_0x931f290  // free? fd(80000014) n_c/t=4/0
io_0x931f394  // free? fd(0) n_c/t=0/0
io_0x931f498  // free? fd(0) n_c/t=0/0
io_0x931f59c  // free? fd(80000017) n_c/t=4/0
io_0x931f6a0  // free? fd(80000018) n_c/t=1/0
io_0x931f7a4  // free? fd(0) n_c/t=0/0
io_0x931f8a8  // free? fd(0) n_c/t=0/0
io_0x931f9ac  // free? fd(0) n_c/t=0/0
io_0x931fab0  // free? fd(0) n_c/t=0/0
io_0x931fbb4  // free? fd(0) n_c/t=0/0
[label=ios];
shf_0x931dd28 -> null [label=todo_consume];
shf_0x931dd28   // free_pdus (color=4)
-> pdu_0xb76d9d00 ERR *** pdu_0xb76d9d00 has circular reference (color=4) wrt hit->free_pdus pdu->qel.n
[label=free_pdus];
Data structure dump -1
----------------------
hit_0x17f6370 [label="tid_17f6b70"];
hit_0x17f6370 -> null [label=free_pdus];
Hit structure dump 0
======================
hit_0xbfb8afa8 [label="tid_b775b6c0"];
hit_0xbfb8afa8  // free_pdus
-> pdu_0xb76b33e8  // (CONN)
-> pdu_0xb76c9488  // (ACK
)
-> pdu_0xb76cba50  // (ACK
)
-> pdu_0xb76d9068  // (RECE)
[label=free_pdus];
Hit structure dump 4
======================
