FMT0 persist at /var/zxid/bus/ch/default/zvuWsewQqt-hYflrtXC9yYEWb8E 'foo bar' len=61 rcpt(0)
FMT0 persist at /var/zxid/bus/ch/default/JW8CltIg8QbpBEDWamF1SPZxDYk '' len=54 rcpt(0)
FMT0 persist at /var/zxid/bus/ch/default/bjZtT6SuxzOFHc1GLnoFdMdSbm0 'F' len=55 rcpt(0)
FMT0 persist at /var/zxid/bus/ch/default/3yaWfCFEuyz-HXA7_PY2lV-zfYg 'test(-1,10' len=69 rcpt(0)
FMT0 persist at /var/zxid/bus/ch/default/35OUqHeMdhRnPCsPBJH-BCvMKoU 'test(-1,10' len=69 rcpt(1)
FMT0 persist at /var/zxid/bus/ch/default/5IDVUvOLVmHmexymd4x9U4_fGiE 'test(-1,10' len=69 rcpt(2)
FMT0 persist at /var/zxid/bus/ch/default/2ILOd9iA9sXKvGjpSAQebLoq2qw 'test(-1,10' len=69 rcpt(3)
FMT0 persist at /var/zxid/bus/ch/default/5-UizDkcKov2nGMBR17-7VpVeQ8 'test(-1,10' len=69 rcpt(4)
FMT0 persist at /var/zxid/bus/ch/default/JP2s0dI6xNkX63n7ZkAjqUUU-RM 'test(-1,10' len=69 rcpt(5)
FMT0 persist at /var/zxid/bus/ch/default/uwFxZrtMSOtP5tVOS0qE62ExX1Y 'test(-1,10' len=69 rcpt(6)
FMT0 persist at /var/zxid/bus/ch/default/HOXHKXrNynLHrbxJ7ff7TUU_7D4 'test(-1,10' len=69 rcpt(7)
FMT0 persist at /var/zxid/bus/ch/default/Xk6XftlZus_9dohsr01EI54p0OU 'test(-1,10' len=69 rcpt(8)
FMT0 persist at /var/zxid/bus/ch/default/d8lbiMfQlvezKDfBsg9NlAqSQ-8 'test(-1,10' len=69 rcpt(9)
FMT0 persist at /var/zxid/bus/ch/default/JEnG2wwROfDNZ36Sc9PWrpIWSCk 'test(-1,10' len=70 rcpt(10)
FMT0 persist at /var/zxid/bus/ch/default/f5-vIEPUTox43OUX1nL-yg-OS3o 'test(-1,10' len=69 rcpt(11)
FMT0 persist at /var/zxid/bus/ch/default/ojkE2iuWTmkaGBMgZ9SDyFUapkc 'test(-1,10' len=69 rcpt(12)
FMT0 persist at /var/zxid/bus/ch/default/V9ZWdFF9Jzkkdi8HYyt2a2kcizw 'test(-1,10' len=69 rcpt(13)
FMT0 persist at /var/zxid/bus/ch/default/Re6LCQ0mlGRH_UFkdIjxX6u-LQw 'test(-1,10' len=69 rcpt(14)
FMT0 persist at /var/zxid/bus/ch/default/wVbDRlDK_mvYm4b968rnOQfkHHI 'test(-1,10' len=69 rcpt(15)
FMT0 persist at /var/zxid/bus/ch/default/FM4qmrnEhUOsYmWO4iymXkZbSdQ 'test(-1,10' len=69 rcpt(16)
FMT0 persist at /var/zxid/bus/ch/default/vUj8SZ2Js2gY9s43iRSugPbzY_M 'test(-1,10' len=69 rcpt(17)
FMT0 persist at /var/zxid/bus/ch/default/LFtciBs-W1RGhdIjBPJYgd2Y_Ag 'test(-1,10' len=69 rcpt(18)
FMT0 persist at /var/zxid/bus/ch/default/44YuNEl5ol5XEF8Zh5_8s6esUFU 'test(-1,10' len=69 rcpt(19)
FMT0 persist at /var/zxid/bus/ch/default/biYNQsjIZvP9Nzwnjyjuhv4lwNw 'test(-1,9,' len=69 rcpt(20)
FMT0 persist at /var/zxid/bus/ch/default/h3hZBocFbvmGiqNhz1YCT8s2hxU 'test(-1,9,' len=69 rcpt(21)
FMT0 persist at /var/zxid/bus/ch/default/5gjqBP2HG8Z1RF00jeIZFRZ5iP8 'test(-1,9,' len=69 rcpt(22)
FMT0 persist at /var/zxid/bus/ch/default/UrP8sCUgjN_SESLjVJfR6SBECwI 'test(-1,9,' len=69 rcpt(23)
FMT0 persist at /var/zxid/bus/ch/default/pM5fhVEqNf4aWOiA9gsH2KRJ_mw 'test(-1,9,' len=69 rcpt(24)
FMT0 persist at /var/zxid/bus/ch/default/rmWZsD9S-WqqPRbKdSDWNM-t9Ek 'test(-1,9,' len=69 rcpt(25)
FMT0 persist at /var/zxid/bus/ch/default/B0AY5AARAoRD6S9XHG7T1p7QWsU 'test(-1,9,' len=69 rcpt(26)
FMT0 persist at /var/zxid/bus/ch/default/IRcNzrDtvUVA7Yhte9B_1mJOvrw 'test(-1,9,' len=69 rcpt(27)
FMT0 persist at /var/zxid/bus/ch/default/BGxDDKGsUPzGm7yl51XEMy-omLQ 'test(-1,9,' len=69 rcpt(28)
FMT0 persist at /var/zxid/bus/ch/default/jizdvrPVXQnWw-R0kUc7qENVhnE 'test(-1,9,' len=69 rcpt(29)
FMT0 persist at /var/zxid/bus/ch/default/tcQ8k_GtGPAMHY3PywB7lL6xBnc 'test(-1,9,' len=69 rcpt(30)
FMT0 persist at /var/zxid/bus/ch/default/i46sMKPBfLtcHWSkFhTGc2Nc8kQ 'test(-1,9,' len=68 rcpt(31)
FMT0 persist at /var/zxid/bus/ch/default/3AvhHDlW7RkcvqVKSXhIdaUoGTk 'test(-1,9,' len=68 rcpt(32)
FMT0 persist at /var/zxid/bus/ch/default/GTMBriSVyCUZUEmVfto66XGANOY 'test(-1,9,' len=68 rcpt(33)
FMT0 persist at /var/zxid/bus/ch/default/5f2JBM5H7TbJcVBwsnqYWlBg79E 'test(-1,9,' len=68 rcpt(34)
FMT0 persist at /var/zxid/bus/ch/default/noC8r6nipKLfR-j-0MDrOUr2L5I 'test(-1,9,' len=68 rcpt(35)
FMT0 persist at /var/zxid/bus/ch/default/PJ0PYqJnQHHeAisAMh3PYZslkxE 'test(-1,9,' len=68 rcpt(36)
FMT0 persist at /var/zxid/bus/ch/default/LhdKzX6uoPPtYJQwFMBL7UIKQtk 'test(-1,9,' len=68 rcpt(37)
FMT0 persist at /var/zxid/bus/ch/default/HbNTqyQghBJBt_i6fTaQdWXt4KY 'test(-1,9,' len=68 rcpt(38)
FMT0 persist at /var/zxid/bus/ch/default/SKxkqUzpErNZwM2c7U0pMFDh0c4 'test(-1,9,' len=68 rcpt(39)
FMT0 persist at /var/zxid/bus/ch/default/xpoEGlyR1nkyvXxnCHzb0GgRsCE 'test(-1,8,' len=69 rcpt(40)
FMT0 persist at /var/zxid/bus/ch/default/Zx7ZADF9J7uUktK8G_oueVMy4yk 'test(-1,8,' len=69 rcpt(41)
FMT0 persist at /var/zxid/bus/ch/default/sygRWnccwQRr2AQ1zfsVMklfT84 'test(-1,8,' len=69 rcpt(42)
FMT0 persist at /var/zxid/bus/ch/default/5m_BqIcyk2BJNUtXHQIMYNUXIFo 'test(-1,8,' len=69 rcpt(43)
FMT0 persist at /var/zxid/bus/ch/default/xMQa1PT4u5FmEPw6EM-Wws1lZ0s 'test(-1,8,' len=69 rcpt(44)
FMT0 persist at /var/zxid/bus/ch/default/sGvPDob7wE6ipUB8SxBTFrmkbcE 'test(-1,8,' len=69 rcpt(45)
FMT0 persist at /var/zxid/bus/ch/default/b73GDEZG3wZzj46nzpa_UH-sLq4 'test(-1,8,' len=69 rcpt(46)
FMT0 persist at /var/zxid/bus/ch/default/BAeuXWqo5o9Ej8etSbq1DQ5Rv3I 'test(-1,8,' len=69 rcpt(47)
FMT0 persist at /var/zxid/bus/ch/default/hjmE7GEoQUmmohpqo_pONQxCF34 'test(-1,8,' len=69 rcpt(48)
FMT0 persist at /var/zxid/bus/ch/default/zsmlR76yE4Fc_5Ofewocfja4mC0 'test(-1,8,' len=69 rcpt(49)
FMT0 persist at /var/zxid/bus/ch/default/4jRn6jxY9H0YVQY-alhYYIS4cBw 'test(-1,8,' len=69 rcpt(50)
FMT0 persist at /var/zxid/bus/ch/default/gr2Ql0JSHTcodq5aCN2ucfTMAvA 'test(-1,8,' len=68 rcpt(51)
FMT0 persist at /var/zxid/bus/ch/default/Dzxy0ddog2lA-exFSCzWZAngWlU 'test(-1,8,' len=68 rcpt(52)
FMT0 persist at /var/zxid/bus/ch/default/_lVyJBdnThbixgJkb42dz9RrztU 'test(-1,8,' len=68 rcpt(53)
FMT0 persist at /var/zxid/bus/ch/default/cmo1BQDiCACNBslCiAZT2IALDr4 'test(-1,8,' len=68 rcpt(54)
FMT0 persist at /var/zxid/bus/ch/default/5Zo2NZ0QCoZ-S-6eogoWx5RHZpk 'test(-1,8,' len=68 rcpt(55)
FMT0 persist at /var/zxid/bus/ch/default/q94P0s15BB5p8tBEacLw716KkiA 'test(-1,8,' len=68 rcpt(56)
FMT0 persist at /var/zxid/bus/ch/default/Rfro0cQiPGPb28S6irOC673brYg 'test(-1,8,' len=68 rcpt(57)
FMT0 persist at /var/zxid/bus/ch/default/lYO4gnFogbILyL_cVlXIrceTLm4 'test(-1,8,' len=68 rcpt(58)
FMT0 persist at /var/zxid/bus/ch/default/xa-QRsnQfA6ua-ShNpVrZNeshS8 'test(-1,8,' len=68 rcpt(59)
FMT0 persist at /var/zxid/bus/ch/default/Xrai02IvSenif5Br4Rv0wfVdrt4 'test(-1,7,' len=69 rcpt(60)
FMT0 persist at /var/zxid/bus/ch/default/QybmwQtGwTTlRtF4w-TS57pHrC4 'test(-1,7,' len=69 rcpt(61)
FMT0 persist at /var/zxid/bus/ch/default/mnSnI6vuA3A9e6vGpNqbvtxbIZ8 'test(-1,7,' len=69 rcpt(62)
FMT0 persist at /var/zxid/bus/ch/default/KFZ4s5RYugEc3IEua9N_Hp2ItKU 'test(-1,7,' len=69 rcpt(63)
FMT0 persist at /var/zxid/bus/ch/default/qjo5peUNiqaWMjcnpmcYyEFRGd4 'test(-1,7,' len=69 rcpt(64)
FMT0 persist at /var/zxid/bus/ch/default/0bbqnrgthv5AtKu_jvHHPYm7590 'test(-1,7,' len=69 rcpt(65)
FMT0 persist at /var/zxid/bus/ch/default/_aKBUUZgxAl9SgDyl2Zf65wGG6c 'test(-1,7,' len=69 rcpt(66)
FMT0 persist at /var/zxid/bus/ch/default/R2fMaTmsxl4tZS1gc7Qw1y07OLU 'test(-1,7,' len=69 rcpt(67)
FMT0 persist at /var/zxid/bus/ch/default/lxvddNO8gejTqKyT0XFOli-OL2k 'test(-1,7,' len=69 rcpt(68)
FMT0 persist at /var/zxid/bus/ch/default/UPJIRTBI5b3IwFJCnGwzhSAU6IQ 'test(-1,7,' len=69 rcpt(69)
FMT0 persist at /var/zxid/bus/ch/default/mdRUqS9rLqvWsnU81ntSNFjwI_U 'test(-1,7,' len=69 rcpt(70)
FMT0 persist at /var/zxid/bus/ch/default/ZnIp0VWMCP0CJCs7GX9zlScNTBc 'test(-1,7,' len=68 rcpt(71)
FMT0 persist at /var/zxid/bus/ch/default/X4dMKJbhbgh1PtkPnI4AbkzzASw 'test(-1,7,' len=68 rcpt(72)
FMT0 persist at /var/zxid/bus/ch/default/BIgPNyPRYli3Qr00FokPKkeMppE 'test(-1,7,' len=68 rcpt(73)
FMT0 persist at /var/zxid/bus/ch/default/A72Y2GXCU-9HiColGacDQNnx5_8 'test(-1,7,' len=68 rcpt(74)
FMT0 persist at /var/zxid/bus/ch/default/6WQ2WpEs_2hyFX_gEZmjACP71yo 'test(-1,7,' len=68 rcpt(75)
FMT0 persist at /var/zxid/bus/ch/default/lAZgZXVL5hyZDVZqfbl5D0fzJZ8 'test(-1,7,' len=68 rcpt(76)
FMT0 persist at /var/zxid/bus/ch/default/9YzHqcq1sfNyX-X2edrFYnDmPyU 'test(-1,7,' len=68 rcpt(77)
FMT0 persist at /var/zxid/bus/ch/default/eCbQv63zhXmNdap_uyeyjWyj4NI 'test(-1,7,' len=68 rcpt(78)
FMT0 persist at /var/zxid/bus/ch/default/FNIl6PkbdCKgVxxYuTLSTtcpF5o 'test(-1,7,' len=68 rcpt(79)
FMT0 persist at /var/zxid/bus/ch/default/zFz96-EeVViEflesk-062FlJ8QI 'test(-1,6,' len=69 rcpt(80)
FMT0 persist at /var/zxid/bus/ch/default/L_94L33TUBQvlIXrYOUsr1snmRQ 'test(-1,6,' len=69 rcpt(81)
FMT0 persist at /var/zxid/bus/ch/default/KCd0IP0ciufPZSRirnCwZmDIT_s 'test(-1,6,' len=69 rcpt(82)
FMT0 persist at /var/zxid/bus/ch/default/2onfwo1c0_7pj2lnjO6ewz8wZOk 'test(-1,6,' len=69 rcpt(83)
FMT0 persist at /var/zxid/bus/ch/default/T4L06ew8DrPUQ3CJret-RiSX27E 'test(-1,6,' len=69 rcpt(84)
FMT0 persist at /var/zxid/bus/ch/default/xDsutRnnIKGE1CrryQpBQYgH4oM 'test(-1,6,' len=69 rcpt(85)
FMT0 persist at /var/zxid/bus/ch/default/LgMXt2uB51eevW9auOQ88kQgLBE 'test(-1,6,' len=69 rcpt(86)
FMT0 persist at /var/zxid/bus/ch/default/v6u1dhsBKL2DWpa6NMPS0wBgQX4 'test(-1,6,' len=69 rcpt(87)
FMT0 persist at /var/zxid/bus/ch/default/vmtVbSJWik1U47nXOobDhU7wTWw 'test(-1,6,' len=69 rcpt(88)
FMT0 persist at /var/zxid/bus/ch/default/ZBAQVh9FcYp-t6McIpUTuUTwJ-U 'test(-1,6,' len=69 rcpt(89)
FMT0 persist at /var/zxid/bus/ch/default/ZnbFy7OOeb1i-hZZxFOYkRZLp-A 'test(-1,6,' len=69 rcpt(90)
FMT0 persist at /var/zxid/bus/ch/default/as2YvT-clvCgw6VRIpgQqDgVqQQ 'test(-1,6,' len=68 rcpt(91)
FMT0 persist at /var/zxid/bus/ch/default/CW4WwI1aeMmO5TEAJBR4sRtuKsk 'test(-1,6,' len=68 rcpt(92)
FMT0 persist at /var/zxid/bus/ch/default/JIIEkXyRwx56USf_4BnSuwmKlq8 'test(-1,6,' len=68 rcpt(93)
FMT0 persist at /var/zxid/bus/ch/default/KbrXYSmoAefYSlwEpFDhfQsnAAI 'test(-1,6,' len=68 rcpt(94)
FMT0 persist at /var/zxid/bus/ch/default/z7aqiIO6jgRDEO5OoG2DCe6i2T4 'test(-1,6,' len=68 rcpt(95)
FMT0 persist at /var/zxid/bus/ch/default/yUor9OPr4yf3jz1O033siWjAe5Y 'test(-1,6,' len=68 rcpt(96)
FMT0 persist at /var/zxid/bus/ch/default/qDiOmcWTD8eZTXE2V1wW0eSLtZo 'test(-1,6,' len=68 rcpt(97)
FMT0 persist at /var/zxid/bus/ch/default/7Lp_dNKGd2X5rvTLIle5nYejfno 'test(-1,6,' len=68 rcpt(98)
FMT0 persist at /var/zxid/bus/ch/default/_h1K3bAjOElDanDaT-yAE9hszQ4 'test(-1,6,' len=68 rcpt(99)
FMT0 persist at /var/zxid/bus/ch/default/LZT1EP94F3I1NzGqs282TmNtlNo 'test(-1,5,' len=70 rcpt(100)
FMT0 persist at /var/zxid/bus/ch/default/cSQlYF0fm-8kZWfOFuXxjQhy94E 'test(-1,5,' len=70 rcpt(101)
FMT0 persist at /var/zxid/bus/ch/default/meonGQF1u0WY13PWMNF4qPHfCTI 'test(-1,5,' len=70 rcpt(102)
FMT0 persist at /var/zxid/bus/ch/default/FTdGIcbA3LAG92MOx_Y7nr2AqsA 'test(-1,5,' len=70 rcpt(103)
FMT0 persist at /var/zxid/bus/ch/default/DIkWvqvezNzkYiwZPr5_rmTgTDQ 'test(-1,5,' len=70 rcpt(104)
FMT0 persist at /var/zxid/bus/ch/default/Fg9AesBS7ivwYhnGRe4aZw9Viuc 'test(-1,5,' len=70 rcpt(105)
FMT0 persist at /var/zxid/bus/ch/default/bNtzrYqJ7kOWVZgena59dlEpJec 'test(-1,5,' len=70 rcpt(106)
FMT0 persist at /var/zxid/bus/ch/default/Eb2IKFgFW-gJJegOM2jCv1-xE0E 'test(-1,5,' len=70 rcpt(107)
FMT0 persist at /var/zxid/bus/ch/default/8cg3W2phukvptJE64BdZfdp52js 'test(-1,5,' len=70 rcpt(108)
FMT0 persist at /var/zxid/bus/ch/default/V6HDTfum143issWLtf_Gyyl-uRQ 'test(-1,5,' len=70 rcpt(109)
FMT0 persist at /var/zxid/bus/ch/default/pzIrdf0SbaD5rch1M7GSLBXphTE 'test(-1,5,' len=70 rcpt(110)
FMT0 persist at /var/zxid/bus/ch/default/TOKjnCzX5Lb95AU2cV93MLDLQHc 'test(-1,5,' len=69 rcpt(111)
FMT0 persist at /var/zxid/bus/ch/default/NgrG590cMHwcgmp4w-N0f0k3NCA 'test(-1,5,' len=69 rcpt(112)
FMT0 persist at /var/zxid/bus/ch/default/BpCue7sH096euy0lv0Vx6hVOag8 'test(-1,5,' len=69 rcpt(113)
FMT0 persist at /var/zxid/bus/ch/default/wwlYzZrv-UUw7RdjclZao8OcElQ 'test(-1,5,' len=69 rcpt(114)
FMT0 persist at /var/zxid/bus/ch/default/ja8NTCvOcy8XJeFu1PTPYRRmyvM 'test(-1,5,' len=69 rcpt(115)
FMT0 persist at /var/zxid/bus/ch/default/gvYB68K9UvdZbFf_1CvYcM_0FM8 'test(-1,5,' len=69 rcpt(116)
FMT0 persist at /var/zxid/bus/ch/default/0BRxlK2XOL7INWxuqtlDRvf-MxU 'test(-1,5,' len=69 rcpt(117)
FMT0 persist at /var/zxid/bus/ch/default/Wdz9pmEJgLJ3qeVzjSkF3vnSGkU 'test(-1,5,' len=69 rcpt(118)
FMT0 persist at /var/zxid/bus/ch/default/dk4rTd0d9tV4O8VjZylIcFPkrTA 'test(-1,5,' len=69 rcpt(119)
FMT0 persist at /var/zxid/bus/ch/default/W4jwsMZtvg_KHi-5UaLsd7CCokM 'test(-1,4,' len=70 rcpt(120)
FMT0 persist at /var/zxid/bus/ch/default/4jsA2lmzBzsnfcUfy1WEkIP1Xds 'test(-1,4,' len=70 rcpt(121)
FMT0 persist at /var/zxid/bus/ch/default/dfhu_C-cIOPVYg2iKuDNDn6J_yc 'test(-1,4,' len=70 rcpt(122)
FMT0 persist at /var/zxid/bus/ch/default/00BT2_Ui9mySoOX4HfhQ7A791FQ 'test(-1,4,' len=70 rcpt(123)
FMT0 persist at /var/zxid/bus/ch/default/nYS1dwS7lRG0B2RcNysJu7R9Q-Y 'test(-1,4,' len=70 rcpt(124)
FMT0 persist at /var/zxid/bus/ch/default/2hpVFDB2N_MPpDq8IbGER9zPu2w 'test(-1,4,' len=70 rcpt(125)
FMT0 persist at /var/zxid/bus/ch/default/LlNSq2WQi0fhnI49VzqscChqZVE 'test(-1,4,' len=70 rcpt(126)
FMT0 persist at /var/zxid/bus/ch/default/05s9jpPPgH0LiSh9w-ANhBcG-nE 'test(-1,4,' len=70 rcpt(127)
FMT0 persist at /var/zxid/bus/ch/default/K3bx9IXC2oquSq9VlbSuYUmisjg 'test(-1,4,' len=70 rcpt(128)
FMT0 persist at /var/zxid/bus/ch/default/Y9X0Oy_HcQrgwp_nBU5uwF_c3Bk 'test(-1,4,' len=70 rcpt(129)
FMT0 persist at /var/zxid/bus/ch/default/CkHmm6L0Mq6HtlSaqdn6H3KgKfM 'test(-1,4,' len=70 rcpt(130)
FMT0 persist at /var/zxid/bus/ch/default/ypRElrPQCfkTXw2ycoKxS7M2cQI 'test(-1,4,' len=69 rcpt(131)
FMT0 persist at /var/zxid/bus/ch/default/ZChCd0S-jDPdsFb7OR1MVgXs-C8 'test(-1,4,' len=69 rcpt(132)
FMT0 persist at /var/zxid/bus/ch/default/m-zNStWwgl0hhQbjBO4D6mzupo4 'test(-1,4,' len=69 rcpt(133)
FMT0 persist at /var/zxid/bus/ch/default/TOdjKcaamSiB0VWhgnYiRYbuZpY 'test(-1,4,' len=69 rcpt(134)
FMT0 persist at /var/zxid/bus/ch/default/hTR5iwb2Cgxbhi_DuvCJrKCWzRw 'test(-1,4,' len=69 rcpt(135)
FMT0 persist at /var/zxid/bus/ch/default/ZjFUVxV5CgKaOB-BccuQb2NnzTs 'test(-1,4,' len=69 rcpt(136)
FMT0 persist at /var/zxid/bus/ch/default/IRdq7XcDuNkJgNaTKClWEwvrEYU 'test(-1,4,' len=69 rcpt(137)
FMT0 persist at /var/zxid/bus/ch/default/Mn4bloiCsyIeB_WkArjqfhUOF3U 'test(-1,4,' len=69 rcpt(138)
FMT0 persist at /var/zxid/bus/ch/default/29UZMYJ99BAV2GMYdcBR1H1bbq0 'test(-1,4,' len=69 rcpt(139)
FMT0 persist at /var/zxid/bus/ch/default/UscZJTTrin-zp6C2V1EKAF8LDDE 'test(-1,3,' len=70 rcpt(140)
FMT0 persist at /var/zxid/bus/ch/default/z4RwGDKCu7bW4DgX_5tCj5ujfl8 'test(-1,3,' len=70 rcpt(141)
FMT0 persist at /var/zxid/bus/ch/default/0YVwjtB4MJA0PgehcIetmfLm5FU 'test(-1,3,' len=70 rcpt(142)
FMT0 persist at /var/zxid/bus/ch/default/TuIok8dpIoNEAKT3NK7HoQKy8Kg 'test(-1,3,' len=70 rcpt(143)
FMT0 persist at /var/zxid/bus/ch/default/W1YVGDnVjrNuQHd6PigcP2VNGiY 'test(-1,3,' len=70 rcpt(144)
FMT0 persist at /var/zxid/bus/ch/default/0BQJWxTmBGsiobu3zkJthgxd4wc 'test(-1,3,' len=70 rcpt(145)
FMT0 persist at /var/zxid/bus/ch/default/JaQSZrLGBP6cGmuJ6jM84ll0CU0 'test(-1,3,' len=70 rcpt(146)
FMT0 persist at /var/zxid/bus/ch/default/Z_XTFjsBsMLJXzVFdfdiQVkNY5I 'test(-1,3,' len=70 rcpt(147)
FMT0 persist at /var/zxid/bus/ch/default/hX-XXtfwOQnVRhlcZlAHMPlflIg 'test(-1,3,' len=70 rcpt(148)
FMT0 persist at /var/zxid/bus/ch/default/foz3BSwKX_AT-Q1XA1GyAR0tp9Y 'test(-1,3,' len=70 rcpt(149)
FMT0 persist at /var/zxid/bus/ch/default/SX5XfEEhrNjSCXgCfuCSi-rTO0o 'test(-1,3,' len=70 rcpt(150)
FMT0 persist at /var/zxid/bus/ch/default/ivDpH6Z_HHQiAATEgQRnMao_vTM 'test(-1,3,' len=69 rcpt(151)
FMT0 persist at /var/zxid/bus/ch/default/8dNhtKMPKQvX2DONhuAXFKjc97I 'test(-1,3,' len=69 rcpt(152)
FMT0 persist at /var/zxid/bus/ch/default/cAkKE-eDkcF6m2PWemz3Gw1OuH4 'test(-1,3,' len=69 rcpt(153)
FMT0 persist at /var/zxid/bus/ch/default/EbfQNnlK3X3RzHXyKby3NJrtiM0 'test(-1,3,' len=69 rcpt(154)
FMT0 persist at /var/zxid/bus/ch/default/N190LEzSPIux9aBO_irUmYKFQQo 'test(-1,3,' len=69 rcpt(155)
FMT0 persist at /var/zxid/bus/ch/default/S62rHOsQOAYlglszGN3A5cXsawo 'test(-1,3,' len=69 rcpt(156)
FMT0 persist at /var/zxid/bus/ch/default/J_Veqb3jIiDbWVBWbyB3LWvX3pQ 'test(-1,3,' len=69 rcpt(157)
FMT0 persist at /var/zxid/bus/ch/default/n1gsTaQYo1QlAN0mHMvsNAN0r6s 'test(-1,3,' len=69 rcpt(158)
FMT0 persist at /var/zxid/bus/ch/default/2aPxi95SpiyL_heNGwpNFr8IepQ 'test(-1,3,' len=69 rcpt(159)
FMT0 persist at /var/zxid/bus/ch/default/IehJYGmI1JUiTdxeoSf5AUIpS1g 'test(-1,2,' len=70 rcpt(160)
FMT0 persist at /var/zxid/bus/ch/default/GXzJSX-aw2S5J3SILIV7oFY12Xw 'test(-1,2,' len=70 rcpt(161)
FMT0 persist at /var/zxid/bus/ch/default/OVITqqRDqsEgWLZWMtqh_b-A5H0 'test(-1,2,' len=70 rcpt(162)
FMT0 persist at /var/zxid/bus/ch/default/zmX4tm_h9f2Gs6j-nvAq79shCec 'test(-1,2,' len=70 rcpt(163)
FMT0 persist at /var/zxid/bus/ch/default/M4ZJtVs3OBLo97CH8Xcw6Y_CLLw 'test(-1,2,' len=70 rcpt(164)
FMT0 persist at /var/zxid/bus/ch/default/FNTx1LzxYaVxAclHQlCH7X-XvBg 'test(-1,2,' len=70 rcpt(165)
FMT0 persist at /var/zxid/bus/ch/default/LNIiGVuBPlRuAnk4UZN9Nvjzi4I 'test(-1,2,' len=70 rcpt(166)
FMT0 persist at /var/zxid/bus/ch/default/eVrAjlWfNeJ4TJE8vKPKn2bWEl8 'test(-1,2,' len=70 rcpt(167)
FMT0 persist at /var/zxid/bus/ch/default/UiwTfv7jGrH8vME3s5H35PVGFVc 'test(-1,2,' len=70 rcpt(168)
FMT0 persist at /var/zxid/bus/ch/default/9z41Y0nA6sQc4paSHpzS6mlKxi4 'test(-1,2,' len=70 rcpt(169)
FMT0 persist at /var/zxid/bus/ch/default/CJoEkOA5pKW_haDaVzfDM5JKfWw 'test(-1,2,' len=70 rcpt(170)
FMT0 persist at /var/zxid/bus/ch/default/qWz7fHkE3YnqQTEJcy4AIA5sKaY 'test(-1,2,' len=69 rcpt(171)
FMT0 persist at /var/zxid/bus/ch/default/olnYjB4PxChY-pglI3gtzbq-vJo 'test(-1,2,' len=69 rcpt(172)
FMT0 persist at /var/zxid/bus/ch/default/fLAkyZYPWt6KOQoeomP-vKGPVN0 'test(-1,2,' len=69 rcpt(173)
FMT0 persist at /var/zxid/bus/ch/default/ohDSEgSk6ryf5PHMmfQHJKq-PFI 'test(-1,2,' len=69 rcpt(174)
FMT0 persist at /var/zxid/bus/ch/default/fPJFRyMvU6g8K7Hw3TvkR2OtocM 'test(-1,2,' len=69 rcpt(175)
FMT0 persist at /var/zxid/bus/ch/default/GGfLl6j_InTy5ytbDVs2ujcDlZw 'test(-1,2,' len=69 rcpt(176)
FMT0 persist at /var/zxid/bus/ch/default/7YxW2VaB5DpDkAz5trwp3Ax3wZI 'test(-1,2,' len=69 rcpt(177)
FMT0 persist at /var/zxid/bus/ch/default/BR9Ph-SeirIURiHt-qVU_ZteJlY 'test(-1,2,' len=69 rcpt(178)
FMT0 persist at /var/zxid/bus/ch/default/CAabkvyFRx0BKllrR-vcVGY54Ms 'test(-1,2,' len=69 rcpt(179)
FMT0 persist at /var/zxid/bus/ch/default/5JZfNr46_6qI7vhecLqw_ILHG_0 'test(-1,1,' len=70 rcpt(180)
FMT0 persist at /var/zxid/bus/ch/default/SGwxQ_FdT3A6ik5tNKbC5mvnzgM 'test(-1,1,' len=70 rcpt(181)
FMT0 persist at /var/zxid/bus/ch/default/Ia_CFrw1-zoHcg7S5QxyCQx-SU4 'test(-1,1,' len=70 rcpt(182)
FMT0 persist at /var/zxid/bus/ch/default/0ZbZgCo4g0vu5h28Ek9gw7Ytdjs 'test(-1,1,' len=70 rcpt(183)
FMT0 persist at /var/zxid/bus/ch/default/w-eykZu45fM_XvjDBOYUSF2FZM4 'test(-1,1,' len=70 rcpt(184)
FMT0 persist at /var/zxid/bus/ch/default/JyX63XJwQM7UYJSP5I4pIR0VmZk 'test(-1,1,' len=70 rcpt(185)
FMT0 persist at /var/zxid/bus/ch/default/NSJPenF9FjogbKEJw6ca26PS_YQ 'test(-1,1,' len=70 rcpt(186)
FMT0 persist at /var/zxid/bus/ch/default/wDLZVz5CSdJSrcKVQyrWNFdeBoM 'test(-1,1,' len=70 rcpt(187)
FMT0 persist at /var/zxid/bus/ch/default/81PyqnAeb_IbFBYE1OmhR657z8Y 'test(-1,1,' len=70 rcpt(188)
FMT0 persist at /var/zxid/bus/ch/default/5aMsniqYhZ3BaaGpzAx4KIsoMf0 'test(-1,1,' len=70 rcpt(189)
FMT0 persist at /var/zxid/bus/ch/default/DWbJHkKz6WiSupYaA3tL1rHHVrI 'test(-1,1,' len=70 rcpt(190)
FMT0 persist at /var/zxid/bus/ch/default/_QstI9txTGoLfzRpuSJMjECdseo 'test(-1,1,' len=69 rcpt(191)
FMT0 persist at /var/zxid/bus/ch/default/lkDhTw_AmwroUMna8wJmuPpPRco 'test(-1,1,' len=69 rcpt(192)
FMT0 persist at /var/zxid/bus/ch/default/eSJEWgmOM7T_qutlQzr2gNBviEc 'test(-1,1,' len=69 rcpt(193)
FMT0 persist at /var/zxid/bus/ch/default/zkm-zt2jLxp1Qm27FLBXXk1q5J8 'test(-1,1,' len=69 rcpt(194)
FMT0 persist at /var/zxid/bus/ch/default/60La3iNyMut5ik_JXt13n5LBDV0 'test(-1,1,' len=69 rcpt(195)
FMT0 persist at /var/zxid/bus/ch/default/Mimck2fMjz8BkutqZvW_8NPAm70 'test(-1,1,' len=69 rcpt(196)
FMT0 persist at /var/zxid/bus/ch/default/-mGfiZRtzEvudDjZueFqgkmWPDs 'test(-1,1,' len=69 rcpt(197)
FMT0 persist at /var/zxid/bus/ch/default/TK4nD0AlE09MVKvIziTJsooAlxQ 'test(-1,1,' len=69 rcpt(198)
FMT0 persist at /var/zxid/bus/ch/default/Vh27nmUo7GROgR2smUSy5U4yWnw 'test(-1,1,' len=69 rcpt(199)
FMT0 persist at /var/zxid/bus/ch/default/bjZtT6SuxzOFHc1GLnoFdMdSbm0 'F' len=55 rcpt(0)
shf_0x8ecf550  // max_ios=1000
-> io_0xb67e4408
  io_0xb67e4408 -> pdu_0xb6826268 [label=cur_pdu]; // fd=0x4
  io_0xb67e4408 -> null [label=reqs];
  io_0xb67e4408 -> null [label=pending];
  io_0xb67e4408 -> null [label=to_write_produce];
  io_0xb67e4408 -> null [label=to_write_consume];  // n_to_write=0
  io_0xb67e4408 -> null [label=in_write];
-> io_0xb67e4608
  io_0xb67e4608 -> pdu_0xb6c6b720 [label=cur_pdu]; // fd=0x6
  io_0xb67e4608 -> null [label=reqs];
  io_0xb67e4608  // pending
    -> pdu_0xb6d1bc20  // (MESS)
    pdu_0xb6d1bc20 -> null [label=reals];
    pdu_0xb6d1bc20 -> null [label=synths];
    pdu_0xb6d1bc20 -> null [label=subresps];
  io_0xb67e4608 -> null [label=to_write_produce];
  io_0xb67e4608 -> null [label=to_write_consume];  // n_to_write=0
  io_0xb67e4608 -> null [label=in_write];
-> io_0xb67e4708
  io_0xb67e4708 -> pdu_0xb6d1af88 [label=cur_pdu]; // fd=0x7
  io_0xb67e4708 -> null [label=reqs];
  io_0xb67e4708  // pending
    -> pdu_0xb6bdb678  // (MESS)
    pdu_0xb6bdb678 -> null [label=reals];
    pdu_0xb6bdb678 -> null [label=synths];
    pdu_0xb6bdb678 -> null [label=subresps];
  io_0xb67e4708 -> null [label=to_write_produce];
  io_0xb67e4708 -> null [label=to_write_consume];  // n_to_write=0
  io_0xb67e4708 -> null [label=in_write];
-> io_0xb67e4808
  io_0xb67e4808 -> pdu_0xb6d1ee80 [label=cur_pdu]; // fd=0x8
  io_0xb67e4808  // reqs
    -> pdu_0xb6d1c8b8  // (ZXCT)
    pdu_0xb6d1c8b8 -> null [label=reals];
    pdu_0xb6d1c8b8 -> null [label=synths];
    pdu_0xb6d1c8b8 -> null [label=subresps];
[label=reqs];
  io_0xb67e4808 -> null [label=pending];
[label=pending];
  io_0xb67e4808 -> null [label=to_write_produce];
  io_0xb67e4808 -> null [label=to_write_consume];  // n_to_write=0
  io_0xb67e4808 -> null [label=in_write];
[label=ios];
shf_0x8ecf550 -> null [label=todo_consume];
shf_0x8ecf550   // free_pdus (color=4)
-> pdu_0xb6d207b0
-> pdu_0xb6d21448
-> pdu_0xb6d220e0
-> pdu_0xb6d22d78
-> pdu_0xb6d23a10
-> pdu_0xb6d246a8
-> pdu_0xb6d25340
-> pdu_0xb6d25fd8
-> pdu_0xb6d26c70
-> pdu_0xb6d27908
-> pdu_0xb6d285a0
-> pdu_0xb6d29238
-> pdu_0xb6d29ed0
-> pdu_0xb6d2ab68
-> pdu_0xb6d2b800
-> pdu_0xb6d2c498
-> pdu_0xb6d2d130
-> pdu_0xb6d2ddc8
-> pdu_0xb6d2ea60
-> pdu_0xb6d2f6f8
-> pdu_0xb6d30390
-> pdu_0xb6d31028
-> pdu_0xb6d31cc0
-> pdu_0xb6d32958
-> pdu_0xb6d335f0
-> pdu_0xb6d34288
-> pdu_0xb6d34f20
-> pdu_0xb6d35bb8
-> pdu_0xb6d36850
-> pdu_0xb6d374e8
-> pdu_0xb6d38180
-> pdu_0xb6d38e18
-> pdu_0xb6d39ab0
-> pdu_0xb6d3a748
-> pdu_0xb6d3b3e0
-> pdu_0xb6d3c078
-> pdu_0xb6d3cd10
-> pdu_0xb6d3d9a8
-> pdu_0xb6d3e640
-> pdu_0xb6d3f2d8
-> pdu_0xb6d3ff70
-> pdu_0xb6d40c08
-> pdu_0xb6d418a0
-> pdu_0xb6d42538
-> pdu_0xb6d431d0
-> pdu_0xb6d43e68
-> pdu_0xb6d44b00
-> pdu_0xb6d45798
-> pdu_0xb6d46430
-> pdu_0xb6d470c8
-> pdu_0xb6d47d60
-> pdu_0xb6d489f8
-> pdu_0xb6d49690
-> pdu_0xb6d4a328
-> pdu_0xb6d4afc0
-> pdu_0xb6d4bc58
-> pdu_0xb6d4c8f0
-> pdu_0xb6d4d588
-> pdu_0xb6d4e220
-> pdu_0xb6d4eeb8
-> pdu_0xb6d4fb50
-> pdu_0xb6d507e8
-> pdu_0xb6d51480
-> pdu_0xb6d52118
-> pdu_0xb6d52db0
-> pdu_0xb6d53a48
-> pdu_0xb6d546e0
-> pdu_0xb6d55378
-> pdu_0xb6d56010
-> pdu_0xb6d56ca8
-> pdu_0xb6d57940
-> pdu_0xb6d585d8
-> pdu_0xb6d59270
-> pdu_0xb6d59f08
-> pdu_0xb6d5aba0
-> pdu_0xb6d5b838
-> pdu_0xb6d5c4d0
-> pdu_0xb6d5d168
-> pdu_0xb6d5de00
-> pdu_0xb6d5ea98
-> pdu_0xb6d5f730
-> pdu_0xb6d603c8
-> pdu_0xb6d61060
-> pdu_0xb6d61cf8
-> pdu_0xb6d62990
-> pdu_0xb6d63628
-> pdu_0xb6d642c0
-> pdu_0xb6d64f58
-> pdu_0xb6d65bf0
-> pdu_0xb6d66888
-> pdu_0xb6d67520
-> pdu_0xb6d681b8
-> pdu_0xb6d68e50
-> pdu_0xb6d69ae8
-> pdu_0xb6d6a780
-> pdu_0xb6d6b418
-> pdu_0xb6d6c0b0
-> pdu_0xb6d6cd48
-> pdu_0xb6d6d9e0
-> pdu_0xb6d6e678
-> pdu_0xb6d6f310
-> pdu_0xb6d6ffa8
-> pdu_0xb6d70c40
-> pdu_0xb6d718d8
-> pdu_0xb6d72570
-> pdu_0xb6d73208
-> pdu_0xb6d73ea0
-> pdu_0xb6d74b38
-> pdu_0xb6d757d0
-> pdu_0xb6d76468
-> pdu_0xb6d77100
-> pdu_0xb6d77d98
-> pdu_0xb6d78a30
-> pdu_0xb6d796c8
-> pdu_0xb6d7a360
-> pdu_0xb6d7aff8
-> pdu_0xb6d7bc90
-> pdu_0xb6d7c928
-> pdu_0xb6d7d5c0
-> pdu_0xb6d7e258
-> pdu_0xb6d7eef0
-> pdu_0xb6d7fb88
-> pdu_0xb6d80820
-> pdu_0xb6d814b8
-> pdu_0xb6d82150
-> pdu_0xb6d82de8
-> pdu_0xb6d83a80
-> pdu_0xb6d84718
-> pdu_0xb6d853b0
-> pdu_0xb6d86048
-> pdu_0xb6d86ce0
-> pdu_0xb6d87978
-> pdu_0xb6d88610
-> pdu_0xb6d892a8
-> pdu_0xb6d89f40
-> pdu_0xb6d8abd8
-> pdu_0xb6d8b870
-> pdu_0xb6d8c508
-> pdu_0xb6d8d1a0
-> pdu_0xb6d8de38
-> pdu_0xb6d8ead0
-> pdu_0xb6d8f768
-> pdu_0xb6d90400
-> pdu_0xb6d91098
-> pdu_0xb6d91d30
-> pdu_0xb6d929c8
-> pdu_0xb6d93660
-> pdu_0xb6d942f8
-> pdu_0xb6d94f90
-> pdu_0xb6d95c28
-> pdu_0xb6d968c0
-> pdu_0xb6d97558
-> pdu_0xb6d981f0
-> pdu_0xb6d98e88
-> pdu_0xb6d99b20
-> pdu_0xb6d9a7b8
-> pdu_0xb6d9b450
-> pdu_0xb6d9c0e8
-> pdu_0xb6d9cd80
-> pdu_0xb6d9da18
-> pdu_0xb6d9e6b0
-> pdu_0xb6d9f348
-> pdu_0xb6d9ffe0
-> pdu_0xb6da0c78
-> pdu_0xb6da1910
-> pdu_0xb6da25a8
-> pdu_0xb6da3240
-> pdu_0xb6da3ed8
-> pdu_0xb6da4b70
-> pdu_0xb6da5808
-> pdu_0xb6da64a0
-> pdu_0xb6da7138
-> pdu_0xb6da7dd0
-> pdu_0xb6da8a68
-> pdu_0xb6da9700
-> pdu_0xb6daa398
-> pdu_0xb6dab030
-> pdu_0xb6dabcc8
-> pdu_0xb6dac960
-> pdu_0xb6dad5f8
-> pdu_0xb6dae290
-> pdu_0xb6daef28
-> pdu_0xb6dafbc0
-> pdu_0xb6db0858
-> pdu_0xb6db14f0
-> pdu_0xb6db2188
-> pdu_0xb6db2e20
-> pdu_0xb6db3ab8
-> pdu_0xb6db4750
-> pdu_0xb6db53e8
-> pdu_0xb6db6080
-> pdu_0xb6db6d18
-> pdu_0xb6db79b0
-> pdu_0xb6db8648
-> pdu_0xb6db92e0
-> pdu_0xb6db9f78
-> pdu_0xb6dbac10
-> pdu_0xb6dbb8a8
-> pdu_0xb6dbc540
-> pdu_0xb6dbd1d8
-> pdu_0xb6dbde70
-> pdu_0xb6dbeb08
-> pdu_0xb6dbf7a0
-> pdu_0xb6dc0438
-> pdu_0xb6dc10d0
-> pdu_0xb6dc1d68
-> pdu_0xb6dc2a00
-> pdu_0xb6dc3698
-> pdu_0xb6dc4330
-> pdu_0xb6dc4fc8
-> pdu_0xb6dc5c60
-> pdu_0xb6dc68f8
-> pdu_0xb6dc7590
-> pdu_0xb6dc8228
-> pdu_0xb6dc8ec0
-> pdu_0xb6dc9b58
-> pdu_0xb6dca7f0
-> pdu_0xb6dcb488
-> pdu_0xb6dcc120
-> pdu_0xb6dccdb8
-> pdu_0xb6dcda50
-> pdu_0xb6dce6e8
-> pdu_0xb6dcf380
-> pdu_0xb6dd0018
-> pdu_0xb6dd0cb0
-> pdu_0xb6dd1948
-> pdu_0xb6dd25e0
-> pdu_0xb6dd3278
-> pdu_0xb6dd3f10
-> pdu_0xb6dd4ba8
-> pdu_0xb6dd5840
-> pdu_0xb6dd64d8
-> pdu_0xb6dd7170
-> pdu_0xb6dd7e08
-> pdu_0xb6dd8aa0
-> pdu_0xb6dd9738
-> pdu_0xb6dda3d0
-> pdu_0xb6ddb068
-> pdu_0xb6ddbd00
-> pdu_0xb6ddc998
-> pdu_0xb6ddd630
-> pdu_0xb6dde2c8
-> pdu_0xb6ddef60
-> pdu_0xb6ddfbf8
-> pdu_0xb6de0890
-> pdu_0xb6de1528
-> pdu_0xb6de21c0
-> pdu_0xb6de2e58
-> pdu_0xb6de3af0
-> pdu_0xb6de4788
-> pdu_0xb6de5420
-> pdu_0xb6de60b8
-> pdu_0xb6de6d50
-> pdu_0xb6de79e8
-> pdu_0xb6de8680
-> pdu_0xb6de9318
-> pdu_0xb6de9fb0
-> pdu_0xb6deac48
-> pdu_0xb6deb8e0
-> pdu_0xb6dec578
-> pdu_0xb6ded210
-> pdu_0xb6dedea8
-> pdu_0xb6deeb40
-> pdu_0xb6def7d8
-> pdu_0xb6df0470
-> pdu_0xb6df1108
-> pdu_0xb6df1da0
-> pdu_0xb6df2a38
-> pdu_0xb6df36d0
-> pdu_0xb6df4368
-> pdu_0xb6df5000
-> pdu_0xb6df5c98
-> pdu_0xb6df6930
-> pdu_0xb6df75c8
-> pdu_0xb6df8260
-> pdu_0xb6df8ef8
-> pdu_0xb6df9b90
-> pdu_0xb6dfa828
-> pdu_0xb6dfb4c0
-> pdu_0xb6dfc158
-> pdu_0xb6dfcdf0
-> pdu_0xb6dfda88
-> pdu_0xb6dfe720
-> pdu_0xb6dff3b8
-> pdu_0xb6e00050
-> pdu_0xb6e00ce8
-> pdu_0xb6e01980
-> pdu_0xb6e02618
-> pdu_0xb6e032b0
-> pdu_0xb6e03f48
-> pdu_0xb6e04be0
-> pdu_0xb6e05878
-> pdu_0xb6e06510
-> pdu_0xb6e071a8
-> pdu_0xb6e07e40
-> pdu_0xb6e08ad8
-> pdu_0xb6e09770
-> pdu_0xb6e0a408
-> pdu_0xb6e0b0a0
-> pdu_0xb6e0bd38
-> pdu_0xb6e0c9d0
-> pdu_0xb6e0d668
-> pdu_0xb6e0e300
-> pdu_0xb6e0ef98
-> pdu_0xb6e0fc30
-> pdu_0xb6e108c8
-> pdu_0xb6e11560
-> pdu_0xb6e121f8
-> pdu_0xb6e12e90
-> pdu_0xb6e13b28
-> pdu_0xb6e147c0
-> pdu_0xb6e15458
-> pdu_0xb6e160f0
-> pdu_0xb6e16d88
-> pdu_0xb6e17a20
-> pdu_0xb6e186b8
-> pdu_0xb6e19350
-> pdu_0xb6e19fe8
-> pdu_0xb6e1ac80
-> pdu_0xb6e1b918
-> pdu_0xb6e1c5b0
-> pdu_0xb6e1d248
-> pdu_0xb6e1dee0
-> pdu_0xb6e1eb78
-> pdu_0xb6e1f810
-> pdu_0xb6e204a8
-> pdu_0xb6e21140
-> pdu_0xb6e21dd8
-> pdu_0xb6e22a70
-> pdu_0xb6e23708
-> pdu_0xb6e243a0
-> pdu_0xb6e25038
-> pdu_0xb6e25cd0
-> pdu_0xb6e26968
-> pdu_0xb6e27600
-> pdu_0xb6e28298
-> pdu_0xb6e28f30
-> pdu_0xb6e29bc8
-> pdu_0xb6e2a860
-> pdu_0xb6e2b4f8
-> pdu_0xb6e2c190
-> pdu_0xb6e2ce28
-> pdu_0xb6e2dac0
-> pdu_0xb6e2e758
-> pdu_0xb6e2f3f0
-> pdu_0xb6e30088
-> pdu_0xb6e30d20
-> pdu_0xb6e319b8
-> pdu_0xb6e32650
-> pdu_0xb6e332e8
-> pdu_0xb6e33f80
-> pdu_0xb6e34c18
-> pdu_0xb6e358b0
-> pdu_0xb6e36548
-> pdu_0xb6e371e0
-> pdu_0xb6e37e78
-> pdu_0xb6e38b10
-> pdu_0xb6e397a8
-> pdu_0xb6e3a440
-> pdu_0xb6e3b0d8
-> pdu_0xb6e3bd70
-> pdu_0xb6e3ca08
-> pdu_0xb6e3d6a0
-> pdu_0xb6e3e338
-> pdu_0xb6e3efd0
-> pdu_0xb6e3fc68
-> pdu_0xb6e40900
-> pdu_0xb6e41598
-> pdu_0xb6e42230
-> pdu_0xb6e42ec8
-> pdu_0xb6e43b60
-> pdu_0xb6e447f8
-> pdu_0xb6e45490
-> pdu_0xb6e46128
-> pdu_0xb6e46dc0
-> pdu_0xb6e47a58
-> pdu_0xb6e486f0
-> pdu_0xb6e49388
-> pdu_0xb6e4a020
-> pdu_0xb6e4acb8
-> pdu_0xb6e4b950
-> pdu_0xb6e4c5e8
-> pdu_0xb6e4d280
-> pdu_0xb6e4df18
-> pdu_0xb6e4ebb0
-> pdu_0xb6e4f848
-> pdu_0xb6e504e0
-> pdu_0xb6e51178
-> pdu_0xb6e51e10
-> pdu_0xb6e52aa8
-> pdu_0xb6e53740
-> pdu_0xb6e543d8
-> pdu_0xb6e55070
-> pdu_0xb6e55d08
-> pdu_0xb6e569a0
-> pdu_0xb6e57638
-> pdu_0xb6e582d0
-> pdu_0xb6e58f68
-> pdu_0xb6e59c00
-> pdu_0xb6e5a898
-> pdu_0xb6e5b530
-> pdu_0xb6e5c1c8
-> pdu_0xb6e5ce60
-> pdu_0xb6e5daf8
-> pdu_0xb6e5e790
-> pdu_0xb6e5f428
-> pdu_0xb6e600c0
-> pdu_0xb6e60d58
-> pdu_0xb6e619f0
-> pdu_0xb6e62688
-> pdu_0xb6e63320
-> pdu_0xb6e63fb8
-> pdu_0xb6e64c50
-> pdu_0xb6e658e8
-> pdu_0xb6e66580
-> pdu_0xb6e67218
-> pdu_0xb6e67eb0
-> pdu_0xb6e68b48
-> pdu_0xb6e697e0
-> pdu_0xb6e6a478
-> pdu_0xb6e6b110
-> pdu_0xb6e6bda8
-> pdu_0xb6e6ca40
-> pdu_0xb6e6d6d8
-> pdu_0xb6e6e370
-> pdu_0xb6e6f008
-> pdu_0xb6e6fca0
-> pdu_0xb6e70938
-> pdu_0xb6e715d0
-> pdu_0xb6e72268
-> pdu_0xb6e72f00
-> pdu_0xb6e73b98
-> pdu_0xb6e74830
-> pdu_0xb6e754c8
-> pdu_0xb6e76160
-> pdu_0xb6e76df8
-> pdu_0xb6e77a90
-> pdu_0xb6e78728
-> pdu_0xb6e793c0
-> pdu_0xb6e7a058
-> pdu_0xb6e7acf0
-> pdu_0xb6e7b988
-> pdu_0xb6e7c620
-> pdu_0xb6e7d2b8
-> pdu_0xb6e7df50
-> pdu_0xb6e7ebe8
-> pdu_0xb6e7f880
-> pdu_0xb6e80518
-> pdu_0xb6e811b0
-> pdu_0xb6e81e48
-> pdu_0xb6e82ae0
-> pdu_0xb6e83778
-> pdu_0xb6e84410
-> pdu_0xb6e850a8
-> pdu_0xb6e85d40
-> pdu_0xb6e869d8
-> pdu_0xb6e87670
-> pdu_0xb6e88308
-> pdu_0xb6e88fa0
-> pdu_0xb6e89c38
-> pdu_0xb6e8a8d0
-> pdu_0xb6e8b568
-> pdu_0xb6e8c200
-> pdu_0xb6e8ce98
-> pdu_0xb6e8db30
-> pdu_0xb6e8e7c8
-> pdu_0xb6e8f460
-> pdu_0xb6e900f8
-> pdu_0xb6e90d90
-> pdu_0xb6e91a28
-> pdu_0xb6e926c0
-> pdu_0xb6e93358
-> pdu_0xb6e93ff0
-> pdu_0xb6e94c88
-> pdu_0xb6e95920
-> pdu_0xb6e965b8
-> pdu_0xb6e97250
-> pdu_0xb6e97ee8
-> pdu_0xb6e98b80
-> pdu_0xb6e99818
-> pdu_0xb6e9a4b0
-> pdu_0xb6e9b148
-> pdu_0xb6e9bde0
-> pdu_0xb6e9ca78
-> pdu_0xb6e9d710
-> pdu_0xb6e9e3a8
-> pdu_0xb6e9f040
-> pdu_0xb6e9fcd8
-> pdu_0xb6ea0970
-> pdu_0xb6ea1608
-> pdu_0xb6ea22a0
-> pdu_0xb6ea2f38
-> pdu_0xb6ea3bd0
-> pdu_0xb6ea4868
-> pdu_0xb6ea5500
-> pdu_0xb6ea6198
-> pdu_0xb6ea6e30
-> pdu_0xb6ea7ac8
-> pdu_0xb6ea8760
-> pdu_0xb6ea93f8
-> pdu_0xb6eaa090
-> pdu_0xb6eaad28
-> pdu_0xb6eab9c0
-> pdu_0xb6eac658
-> pdu_0xb6ead2f0
-> pdu_0xb6eadf88
-> pdu_0xb6eaec20
-> pdu_0xb6eaf8b8
-> pdu_0xb6eb0550
-> pdu_0xb6eb11e8
-> pdu_0xb6eb1e80
-> pdu_0xb6eb2b18
-> pdu_0xb6eb37b0
-> pdu_0xb6eb4448
-> pdu_0xb6eb50e0
-> pdu_0xb6eb5d78
-> pdu_0xb6eb6a10
-> pdu_0xb6eb76a8
-> pdu_0xb6eb8340
-> pdu_0xb6eb8fd8
-> pdu_0xb6eb9c70
-> pdu_0xb6eba908
-> pdu_0xb6ebb5a0
-> pdu_0xb6ebc238
-> pdu_0xb6ebced0
-> pdu_0xb6ebdb68
-> pdu_0xb6ebe800
-> pdu_0xb6ebf498
-> pdu_0xb6ec0130
-> pdu_0xb6ec0dc8
-> pdu_0xb6ec1a60
-> pdu_0xb6ec26f8
-> pdu_0xb6ec3390
-> pdu_0xb6ec4028
-> pdu_0xb6ec4cc0
-> pdu_0xb6ec5958
-> pdu_0xb6ec65f0
-> pdu_0xb6ec7288
-> pdu_0xb6ec7f20
-> pdu_0xb6ec8bb8
-> pdu_0xb6ec9850
-> pdu_0xb6eca4e8
-> pdu_0xb6ecb180
-> pdu_0xb6ecbe18
-> pdu_0xb6eccab0
-> pdu_0xb6ecd748
-> pdu_0xb6ece3e0
-> pdu_0xb6ecf078
-> pdu_0xb6ecfd10
-> pdu_0xb6ed09a8
-> pdu_0xb6ed1640
-> pdu_0xb6ed22d8
-> pdu_0xb6ed2f70
-> pdu_0xb6ed3c08
-> pdu_0xb6ed48a0
-> pdu_0xb6ed5538
-> pdu_0xb6ed61d0
-> pdu_0xb6ed6e68
-> pdu_0xb6ed7b00
-> pdu_0xb6ed8798
-> pdu_0xb6ed9430
-> pdu_0xb6eda0c8
-> pdu_0xb6edad60
-> pdu_0xb6edb9f8
-> pdu_0xb6edc690
-> pdu_0xb6edd328
-> pdu_0xb6eddfc0
-> pdu_0xb6edec58
-> pdu_0xb6edf8f0
-> pdu_0xb6ee0588
-> pdu_0xb6ee1220
-> pdu_0xb6ee1eb8
-> pdu_0xb6ee2b50
-> pdu_0xb6ee37e8
-> pdu_0xb6ee4480
-> pdu_0xb6ee5118
-> pdu_0xb6ee5db0
-> pdu_0xb6ee6a48
-> pdu_0xb6ee76e0
-> pdu_0xb6ee8378
-> pdu_0xb6ee9010
-> pdu_0xb6ee9ca8
-> pdu_0xb6eea940
-> pdu_0xb6eeb5d8
-> pdu_0xb6eec270
-> pdu_0xb6eecf08
-> pdu_0xb6eedba0
-> pdu_0xb6eee838
-> pdu_0xb6eef4d0
-> pdu_0xb6ef0168
-> pdu_0xb6ef0e00
-> pdu_0xb6ef1a98
-> pdu_0xb6ef2730
-> pdu_0xb6ef33c8
-> pdu_0xb6ef4060
-> pdu_0xb6ef4cf8
-> pdu_0xb6ef5990
-> pdu_0xb6ef6628
-> pdu_0xb6ef72c0
-> pdu_0xb6ef7f58
-> pdu_0xb6ef8bf0
-> pdu_0xb6ef9888
-> pdu_0xb6efa520
-> pdu_0xb6efb1b8
-> pdu_0xb6efbe50
-> pdu_0xb6efcae8
-> pdu_0xb6efd780
-> pdu_0xb6efe418
-> pdu_0xb6eff0b0
-> pdu_0xb6effd48
-> pdu_0xb6f009e0
-> pdu_0xb6f01678
-> pdu_0xb6f02310
-> pdu_0xb6f02fa8
-> pdu_0xb6f03c40
-> pdu_0xb6f048d8
-> pdu_0xb6f05570
-> pdu_0xb6f06208
-> pdu_0xb6f06ea0
-> pdu_0xb6f07b38
-> pdu_0xb6f087d0
-> pdu_0xb6f09468
-> pdu_0xb6f0a100
-> pdu_0xb6f0ad98
-> pdu_0xb6f0ba30
-> pdu_0xb6f0c6c8
-> pdu_0xb6f0d360
-> pdu_0xb6f0dff8
-> pdu_0xb6f0ec90
-> pdu_0xb6f0f928
-> pdu_0xb6f105c0
-> pdu_0xb6f11258
-> pdu_0xb6f11ef0
-> pdu_0xb6f12b88
-> pdu_0xb6f13820
-> pdu_0xb6f144b8
-> pdu_0xb6f15150
-> pdu_0xb6f15de8
-> pdu_0xb6f16a80
-> pdu_0xb6f17718
-> pdu_0xb6f183b0
-> pdu_0xb6f19048
-> pdu_0xb6f19ce0
-> pdu_0xb6f1a978
-> pdu_0xb6f1b610
-> pdu_0xb6f1c2a8
-> pdu_0xb6f1cf40
-> pdu_0xb6f1dbd8
-> pdu_0xb6f1e870
-> pdu_0xb6f1f508
-> pdu_0xb6f201a0
-> pdu_0xb6f20e38
-> pdu_0xb6f21ad0
-> pdu_0xb6f22768
-> pdu_0xb6f23400
-> pdu_0xb6f24098
-> pdu_0xb6f24d30
-> pdu_0xb6f259c8
-> pdu_0xb6f26660
-> pdu_0xb6f272f8
-> pdu_0xb6f27f90
-> pdu_0xb6f28c28
-> pdu_0xb6f298c0
-> pdu_0xb6f2a558
-> pdu_0xb6f2b1f0
-> pdu_0xb6f2be88
-> pdu_0xb6f2cb20
-> pdu_0xb6f2d7b8
-> pdu_0xb6f2e450
-> pdu_0xb6f2f0e8
-> pdu_0xb6f2fd80
-> pdu_0xb6f30a18
-> pdu_0xb6f316b0
-> pdu_0xb6f32348
-> pdu_0xb6f32fe0
-> pdu_0xb6f33c78
-> pdu_0xb6f34910
-> pdu_0xb6f355a8
-> pdu_0xb6f36240
-> pdu_0xb6f36ed8
-> pdu_0xb6f37b70
-> pdu_0xb6f38808
-> pdu_0xb6f394a0
-> pdu_0xb6f3a138
-> pdu_0xb6f3add0
-> pdu_0xb6f3ba68
-> pdu_0xb6f3c700
-> pdu_0xb6f3d398
-> pdu_0xb6f3e030
-> pdu_0xb6f3ecc8
-> pdu_0xb6f3f960
-> pdu_0xb6f405f8
-> pdu_0xb6f41290
-> pdu_0xb6f41f28
-> pdu_0xb6f42bc0
-> pdu_0xb6f43858
-> pdu_0xb6f444f0
-> pdu_0xb6f45188
-> pdu_0xb6f45e20
-> pdu_0xb6f46ab8
-> pdu_0xb6f47750
-> pdu_0xb6f483e8
-> pdu_0xb6f49080
-> pdu_0xb6f49d18
-> pdu_0xb6f4a9b0
-> pdu_0xb6f4b648
-> pdu_0xb6f4c2e0
-> pdu_0xb6f4cf78
-> pdu_0xb6f4dc10
-> pdu_0xb6f4e8a8
-> pdu_0xb6f4f540
-> pdu_0xb6f501d8
-> pdu_0xb6f50e70
-> pdu_0xb6f51b08
-> pdu_0xb6f527a0
-> pdu_0xb6f53438
-> pdu_0xb6f540d0
-> pdu_0xb6f54d68
-> pdu_0xb6f55a00
-> pdu_0xb6f56698
-> pdu_0xb6f57330
-> pdu_0xb6f57fc8
-> pdu_0xb6f58c60
-> pdu_0xb6f598f8
-> pdu_0xb6f5a590
-> pdu_0xb6f5b228
-> pdu_0xb6f5bec0
-> pdu_0xb6f5cb58
-> pdu_0xb6f5d7f0
-> pdu_0xb6f5e488
-> pdu_0xb6f5f120
-> pdu_0xb6f5fdb8
-> pdu_0xb6f60a50
-> pdu_0xb6f616e8
-> pdu_0xb6f62380
-> pdu_0xb6f63018
-> pdu_0xb6f63cb0
-> pdu_0xb6f64948
-> pdu_0xb6f655e0
-> pdu_0xb6f66278
-> pdu_0xb6f66f10
-> pdu_0xb6f67ba8
-> pdu_0xb6f68840
-> pdu_0xb6f694d8
-> pdu_0xb6f6a170
-> pdu_0xb6f6ae08
-> pdu_0xb6f6baa0
-> pdu_0xb6f6c738
-> pdu_0xb6f6d3d0
-> pdu_0xb6f6e068
-> pdu_0xb6f6ed00
-> pdu_0xb6f6f998
-> pdu_0xb6f70630
-> pdu_0xb6f712c8
-> pdu_0xb6f71f60
-> pdu_0xb6f72bf8
-> pdu_0xb6f73890
-> pdu_0xb6f74528
-> pdu_0xb6f751c0
-> pdu_0xb6f75e58
-> pdu_0xb6f76af0
-> pdu_0xb6f77788
-> pdu_0xb6f78420
-> pdu_0xb6f790b8
-> pdu_0xb6f79d50
-> pdu_0xb6f7a9e8
-> pdu_0xb6f7b680
-> pdu_0xb6f7c318
-> pdu_0xb6f7cfb0
-> pdu_0xb6f7dc48
-> pdu_0xb6f7e8e0
-> pdu_0xb6f7f578
-> pdu_0xb6f80210
-> pdu_0xb6f80ea8
-> pdu_0xb6f81b40
-> pdu_0xb6f827d8
-> pdu_0xb6f83470
-> pdu_0xb6f84108
-> pdu_0xb6f84da0
-> pdu_0xb6f85a38
-> pdu_0xb6f866d0
-> pdu_0xb6f87368
-> pdu_0xb6f88000
-> pdu_0xb6f88c98
-> pdu_0xb6f89930
-> pdu_0xb6f8a5c8
-> pdu_0xb6f8b260
-> pdu_0xb6f8bef8
-> pdu_0xb6f8cb90
-> pdu_0xb6f8d828
-> pdu_0xb6f8e4c0
-> pdu_0xb6f8f158
-> pdu_0xb6f8fdf0
-> pdu_0xb6f90a88
-> pdu_0xb6f91720
-> pdu_0xb6f923b8
-> pdu_0xb6f93050
-> pdu_0xb6f93ce8
-> pdu_0xb6f94980
-> pdu_0xb6f95618
-> pdu_0xb6f962b0
-> pdu_0xb6f96f48
-> pdu_0xb6f97be0
-> pdu_0xb6f98878
-> pdu_0xb6f99510
-> pdu_0xb6f9a1a8
-> pdu_0xb6f9ae40
-> pdu_0xb6f9bad8
-> pdu_0xb6f9c770
-> pdu_0xb6f9d408
-> pdu_0xb6f9e0a0
-> pdu_0xb6f9ed38
-> pdu_0xb6f9f9d0
-> pdu_0xb6fa0668
-> pdu_0xb6fa1300
-> pdu_0xb6fa1f98
-> pdu_0xb6fa2c30
-> pdu_0xb6fa38c8
-> pdu_0xb6fa4560
-> pdu_0xb6fa51f8
-> pdu_0xb6fa5e90
-> pdu_0xb6fa6b28
-> pdu_0xb6fa77c0
-> pdu_0xb6fa8458
-> pdu_0xb6fa90f0
-> pdu_0xb6fa9d88
-> pdu_0xb6faaa20
-> pdu_0xb6fab6b8
-> pdu_0xb6fac350
-> pdu_0xb6facfe8
-> pdu_0xb6fadc80
-> pdu_0xb6fae918
-> pdu_0xb6faf5b0
-> pdu_0xb6fb0248
-> pdu_0xb6fb0ee0
-> pdu_0xb6fb1b78
-> pdu_0xb6fb2810
-> pdu_0xb6fb34a8
-> pdu_0xb6fb4140
-> pdu_0xb6fb4dd8
-> pdu_0xb6fb5a70
-> pdu_0xb6fb6708
-> pdu_0xb6fb73a0
-> pdu_0xb6fb8038
-> pdu_0xb6fb8cd0
-> pdu_0xb6fb9968
-> pdu_0xb6fba600
-> pdu_0xb6fbb298
-> pdu_0xb6fbbf30
-> pdu_0xb6fbcbc8
-> pdu_0xb6fbd860
-> pdu_0xb6fbe4f8
-> pdu_0xb6fbf190
-> pdu_0xb6fbfe28
-> pdu_0xb6fc0ac0
-> pdu_0xb6fc1758
-> pdu_0xb6fc23f0
-> pdu_0xb6fc3088
-> pdu_0xb6fc3d20
-> pdu_0xb6fc49b8
-> pdu_0xb6fc5650
-> pdu_0xb6fc62e8
-> pdu_0xb6fc6f80
-> pdu_0xb6fc7c18
-> pdu_0xb6fc88b0
-> pdu_0xb6fc9548
-> pdu_0xb6fca1e0
-> pdu_0xb6fcae78
-> pdu_0xb6fcbb10
-> pdu_0xb6fcc7a8
-> pdu_0xb6fcd440
-> pdu_0xb6fce0d8
-> pdu_0xb6fced70
-> pdu_0xb6fcfa08
-> pdu_0xb6fd06a0
-> pdu_0xb6fd1338
-> pdu_0xb6fd1fd0
-> pdu_0xb6fd2c68
-> pdu_0xb6fd3900
-> pdu_0xb6fd4598
-> pdu_0xb6fd5230
-> pdu_0xb6fd5ec8
-> pdu_0xb6fd6b60
-> pdu_0xb6fd77f8
-> pdu_0xb6fd8490
-> pdu_0xb6fd9128
-> pdu_0xb6fd9dc0
-> pdu_0xb6fdaa58
-> pdu_0xb6fdb6f0
-> pdu_0xb6fdc388
-> pdu_0xb6fdd020
-> pdu_0xb6fddcb8
-> pdu_0xb6fde950
-> pdu_0xb6fdf5e8
-> pdu_0xb6fe0280
-> pdu_0xb6fe0f18
-> pdu_0xb6fe1bb0
-> pdu_0xb6fe2848
-> pdu_0xb6fe34e0
-> pdu_0xb6fe4178
-> pdu_0xb6fe4e10
-> pdu_0xb6fe5aa8
-> pdu_0xb6fe6740
-> pdu_0xb6fe73d8
-> pdu_0xb6fe8070
-> pdu_0xb6fe8d08
-> pdu_0xb6fe99a0
-> pdu_0xb6fea638
-> pdu_0xb6feb2d0
-> pdu_0xb6febf68
-> pdu_0xb6fecc00
-> pdu_0xb6fed898
-> pdu_0xb6fee530
-> pdu_0xb6fef1c8
-> pdu_0xb6fefe60
-> pdu_0xb6ff0af8
-> pdu_0xb6ff1790
-> pdu_0xb6ff2428
-> pdu_0xb6ff30c0
-> pdu_0xb6ff3d58
-> pdu_0xb6ff49f0
-> pdu_0xb6ff5688
-> pdu_0xb6ff6320
-> pdu_0xb6ff6fb8
-> pdu_0xb6ff7c50
-> pdu_0xb6ff88e8
-> pdu_0xb6ff9580
-> pdu_0xb6ffa218
-> pdu_0xb6ffaeb0
-> pdu_0xb6ffbb48
-> pdu_0xb6ffc7e0
-> pdu_0xb6ffd478
-> pdu_0xb6ffe110
-> pdu_0xb6ffeda8
-> pdu_0xb6fffa40
-> pdu_0xb70006d8
-> pdu_0xb7001370
-> pdu_0xb7002008
-> pdu_0xb7002ca0
-> pdu_0xb7003938
-> pdu_0xb70045d0
-> pdu_0xb7005268
-> pdu_0xb7005f00
-> pdu_0xb7006b98
-> pdu_0xb7007830
-> pdu_0xb70084c8
-> pdu_0xb7009160
-> pdu_0xb7009df8
-> pdu_0xb700aa90
-> pdu_0xb700b728
-> pdu_0xb700c3c0
-> pdu_0xb700d058
-> pdu_0xb700dcf0
-> pdu_0xb700e988
-> pdu_0xb700f620
-> pdu_0xb70102b8
-> pdu_0xb7010f50
-> pdu_0xb7011be8
-> pdu_0xb7012880
-> pdu_0xb7013518
-> pdu_0xb70141b0
-> pdu_0xb7014e48
-> pdu_0xb7015ae0
-> pdu_0xb7016778
-> pdu_0xb7017410
-> pdu_0xb70180a8
-> pdu_0xb7018d40
-> pdu_0xb70199d8
-> pdu_0xb701a670
-> pdu_0xb701b308
-> pdu_0xb701bfa0
-> pdu_0xb701cc38
-> pdu_0xb701d8d0
-> pdu_0xb701e568
-> pdu_0xb701f200
-> pdu_0xb701fe98
-> pdu_0xb7020b30
-> pdu_0xb70217c8
-> pdu_0xb7022460
-> pdu_0xb70230f8
-> pdu_0xb7023d90
-> pdu_0xb7024a28
-> pdu_0xb70256c0
-> pdu_0xb7026358
-> pdu_0xb7026ff0
-> pdu_0xb7027c88
-> pdu_0xb7028920
-> pdu_0xb70295b8
-> pdu_0xb702a250
-> pdu_0xb702aee8
-> pdu_0xb702bb80
-> pdu_0xb702c818
-> pdu_0xb702d4b0
-> pdu_0xb702e148
-> pdu_0xb702ede0
-> pdu_0xb702fa78
-> pdu_0xb7030710
-> pdu_0xb70313a8
-> pdu_0xb7032040
-> pdu_0xb7032cd8
-> pdu_0xb7033970
-> pdu_0xb7034608
-> pdu_0xb70352a0
-> pdu_0xb7035f38
-> pdu_0xb7036bd0
-> pdu_0xb7037868
-> pdu_0xb7038500
-> pdu_0xb7039198
-> pdu_0xb7039e30
-> pdu_0xb703aac8
-> pdu_0xb703b760
-> pdu_0xb703c3f8
-> pdu_0xb703d090
-> pdu_0xb703dd28
-> pdu_0xb703e9c0
-> pdu_0xb703f658
-> pdu_0xb70402f0
-> pdu_0xb7040f88
-> pdu_0xb7041c20
-> pdu_0xb70428b8
-> pdu_0xb7043550
-> pdu_0xb70441e8
-> pdu_0xb7044e80
-> pdu_0xb7045b18
-> pdu_0xb70467b0
-> pdu_0xb7047448
-> pdu_0xb70480e0
-> pdu_0xb7048d78
-> pdu_0xb7049a10
-> pdu_0xb704a6a8
-> pdu_0xb704b340
-> pdu_0xb704bfd8
-> pdu_0xb704cc70
-> pdu_0xb704d908
-> pdu_0xb704e5a0
-> pdu_0xb704f238
-> pdu_0xb704fed0
-> pdu_0xb7050b68
-> pdu_0xb7051800
-> pdu_0xb7052498
-> pdu_0xb7053130
-> pdu_0xb7053dc8
-> pdu_0xb7054a60
-> pdu_0xb70556f8
-> pdu_0xb7056390
-> pdu_0xb7057028
-> pdu_0xb7057cc0
-> pdu_0xb7058958
-> pdu_0xb70595f0
-> pdu_0xb705a288
-> pdu_0xb705af20
-> pdu_0xb705bbb8
-> pdu_0xb705c850
-> pdu_0xb705d4e8
-> pdu_0xb705e180
-> pdu_0xb705ee18
-> pdu_0xb705fab0
-> pdu_0xb7060748
-> pdu_0xb70613e0
-> pdu_0xb7062078
-> pdu_0xb7062d10
-> pdu_0xb70639a8
-> pdu_0xb7064640
-> pdu_0xb70652d8
-> pdu_0xb7065f70
-> pdu_0xb7066c08
-> pdu_0xb70678a0
-> pdu_0xb7068538
-> pdu_0xb70691d0
-> pdu_0xb7069e68
-> pdu_0xb706ab00
-> pdu_0xb706b798
-> pdu_0xb706c430
-> pdu_0xb706d0c8
-> pdu_0xb706dd60
-> pdu_0xb706e9f8
-> pdu_0xb706f690
-> pdu_0xb7070328
-> pdu_0xb7070fc0
-> pdu_0xb7071c58
-> pdu_0xb70728f0
-> pdu_0xb7073588
-> pdu_0xb7074220
-> pdu_0xb7074eb8
-> pdu_0xb7075b50
-> pdu_0xb70767e8
-> pdu_0xb7077480
-> pdu_0xb7078118
-> pdu_0xb7078db0
-> pdu_0xb7079a48
-> pdu_0xb707a6e0
-> pdu_0xb707b378
-> pdu_0xb707c010
-> pdu_0xb707cca8
-> pdu_0xb707d940
-> pdu_0xb707e5d8
-> pdu_0xb707f270
-> pdu_0xb707ff08
-> pdu_0xb7080ba0
-> pdu_0xb7081838
-> pdu_0xb70824d0
-> pdu_0xb7083168
-> pdu_0xb7083e00
-> pdu_0xb7084a98
-> pdu_0xb7085730
-> pdu_0xb70863c8
-> pdu_0xb7087060
-> pdu_0xb7087cf8
-> pdu_0xb7088990
-> pdu_0xb7089628
-> pdu_0xb708a2c0
-> pdu_0xb708af58
-> pdu_0xb708bbf0
-> pdu_0xb708c888
-> pdu_0xb708d520
-> pdu_0xb708e1b8
-> pdu_0xb708ee50
-> pdu_0xb708fae8
-> pdu_0xb7090780
-> pdu_0xb7091418
-> pdu_0xb70920b0
-> pdu_0xb7092d48
-> pdu_0xb70939e0
-> pdu_0xb7094678
-> pdu_0xb7095310
-> pdu_0xb7095fa8
-> pdu_0xb7096c40
-> pdu_0xb70978d8
-> pdu_0xb7098570
-> pdu_0xb7099208
-> pdu_0xb7099ea0
-> pdu_0xb709ab38
-> pdu_0xb709b7d0
-> pdu_0xb709c468
-> pdu_0xb709d100
-> pdu_0xb709dd98
-> pdu_0xb709ea30
-> pdu_0xb709f6c8
-> pdu_0xb70a0360
-> pdu_0xb70a0ff8
-> pdu_0xb70a1c90
-> pdu_0xb70a2928
-> pdu_0xb70a35c0
-> pdu_0xb70a4258
-> pdu_0xb70a4ef0
-> pdu_0xb70a5b88
-> pdu_0xb70a6820
-> pdu_0xb70a74b8
-> pdu_0xb70a8150
-> pdu_0xb70a8de8
-> pdu_0xb70a9a80
-> pdu_0xb70aa718
-> pdu_0xb70ab3b0
-> pdu_0xb70ac048
-> pdu_0xb70acce0
-> pdu_0xb70ad978
-> pdu_0xb70ae610
-> pdu_0xb70af2a8
-> pdu_0xb70aff40
-> pdu_0xb70b0bd8
-> pdu_0xb70b1870
-> pdu_0xb70b2508
-> pdu_0xb70b31a0
-> pdu_0xb70b3e38
-> pdu_0xb70b4ad0
-> pdu_0xb70b5768
-> pdu_0xb70b6400
-> pdu_0xb70b7098
-> pdu_0xb70b7d30
-> pdu_0xb70b89c8
-> pdu_0xb70b9660
-> pdu_0xb70ba2f8
-> pdu_0xb70baf90
-> pdu_0xb70bbc28
-> pdu_0xb70bc8c0
-> pdu_0xb70bd558
-> pdu_0xb70be1f0
-> pdu_0xb70bee88
-> pdu_0xb70bfb20
-> pdu_0xb70c07b8
-> pdu_0xb70c1450
-> pdu_0xb70c20e8
-> pdu_0xb70c2d80
-> pdu_0xb70c3a18
-> pdu_0xb70c46b0
-> pdu_0xb70c5348
-> pdu_0xb70c5fe0
-> pdu_0xb70c6c78
-> pdu_0xb70c7910
-> pdu_0xb70c85a8
-> pdu_0xb70c9240
-> pdu_0xb70c9ed8
-> pdu_0xb70cab70
-> pdu_0xb70cb808
-> pdu_0xb70cc4a0
-> pdu_0xb70cd138
-> pdu_0xb70cddd0
-> pdu_0xb70cea68
-> pdu_0xb70cf700
-> pdu_0xb70d0398
-> pdu_0xb70d1030
-> pdu_0xb70d1cc8
-> pdu_0xb70d2960
-> pdu_0xb70d35f8
-> pdu_0xb70d4290
-> pdu_0xb70d4f28
-> pdu_0xb70d5bc0
-> pdu_0xb70d6858
-> pdu_0xb70d74f0
-> pdu_0xb70d8188
-> pdu_0xb70d8e20
-> pdu_0xb70d9ab8
-> pdu_0xb70da750
-> pdu_0xb70db3e8
-> pdu_0xb70dc080
-> pdu_0xb70dcd18
-> pdu_0xb70dd9b0
-> pdu_0xb70de648
-> pdu_0xb70df2e0
-> pdu_0xb70dff78
-> pdu_0xb70e0c10
-> pdu_0xb70e18a8
-> pdu_0xb70e2540
-> pdu_0xb70e31d8
-> pdu_0xb70e3e70
-> pdu_0xb70e4b08
-> pdu_0xb70e57a0
-> pdu_0xb70e6438
-> pdu_0xb70e70d0
-> pdu_0xb70e7d68
-> pdu_0xb70e8a00
-> pdu_0xb70e9698
-> pdu_0xb70ea330
-> pdu_0xb70eafc8
-> pdu_0xb70ebc60
-> pdu_0xb70ec8f8
-> pdu_0xb70ed590
-> pdu_0xb70ee228
-> pdu_0xb70eeec0
-> pdu_0xb70efb58
-> pdu_0xb70f07f0
-> pdu_0xb70f1488
-> pdu_0xb70f2120
-> pdu_0xb70f2db8
-> pdu_0xb70f3a50
-> pdu_0xb70f46e8
-> pdu_0xb70f5380
-> pdu_0xb70f6018
-> pdu_0xb70f6cb0
-> pdu_0xb70f7948
-> pdu_0xb70f85e0
-> pdu_0xb70f9278
-> pdu_0xb70f9f10
-> pdu_0xb70faba8
-> pdu_0xb70fb840
-> pdu_0xb70fc4d8
-> pdu_0xb70fd170
-> pdu_0xb70fde08
-> pdu_0xb70feaa0
-> pdu_0xb70ff738
-> pdu_0xb71003d0
-> pdu_0xb7101068
-> pdu_0xb7101d00
-> pdu_0xb7102998
-> pdu_0xb7103630
-> pdu_0xb71042c8
-> pdu_0xb7104f60
-> pdu_0xb7105bf8
-> pdu_0xb7106890
-> pdu_0xb7107528
-> pdu_0xb71081c0
-> pdu_0xb7108e58
-> pdu_0xb7109af0
-> pdu_0xb710a788
-> pdu_0xb710b420
-> pdu_0xb710c0b8
-> pdu_0xb710cd50
-> pdu_0xb710d9e8
-> pdu_0xb710e680
-> pdu_0xb710f318
-> pdu_0xb710ffb0
-> pdu_0xb7110c48
-> pdu_0xb71118e0
-> pdu_0xb7112578
-> pdu_0xb7113210
-> pdu_0xb7113ea8
-> pdu_0xb7114b40
-> pdu_0xb71157d8
-> pdu_0xb7116470
-> pdu_0xb7117108
-> pdu_0xb7117da0
-> pdu_0xb7118a38
-> pdu_0xb71196d0
-> pdu_0xb711a368
-> pdu_0xb711b000
-> pdu_0xb711bc98
-> pdu_0xb711c930
-> pdu_0xb711d5c8
-> pdu_0xb711e260
-> pdu_0xb711eef8
-> pdu_0xb711fb90
-> pdu_0xb7120828
-> pdu_0xb71214c0
-> pdu_0xb7122158
-> pdu_0xb7122df0
-> pdu_0xb7123a88
-> pdu_0xb7124720
-> pdu_0xb71253b8
-> pdu_0xb7126050
-> pdu_0xb7126ce8
-> pdu_0xb7127980
-> pdu_0xb7128618
-> pdu_0xb71292b0
-> pdu_0xb7129f48
-> pdu_0xb712abe0
-> pdu_0xb712b878
-> pdu_0xb712c510
-> pdu_0xb712d1a8
-> pdu_0xb712de40
-> pdu_0xb712ead8
-> pdu_0xb712f770
-> pdu_0xb7130408
-> pdu_0xb71310a0
-> pdu_0xb7131d38
-> pdu_0xb71329d0
-> pdu_0xb7133668
-> pdu_0xb7134300
-> pdu_0xb7134f98
-> pdu_0xb7135c30
-> pdu_0xb71368c8
-> pdu_0xb7137560
-> pdu_0xb71381f8
-> pdu_0xb7138e90
-> pdu_0xb7139b28
-> pdu_0xb713a7c0
-> pdu_0xb713b458
-> pdu_0xb713c0f0
-> pdu_0xb713cd88
-> pdu_0xb713da20
-> pdu_0xb713e6b8
-> pdu_0xb713f350
-> pdu_0xb713ffe8
-> pdu_0xb7140c80
-> pdu_0xb7141918
-> pdu_0xb71425b0
-> pdu_0xb7143248
-> pdu_0xb7143ee0
-> pdu_0xb7144b78
-> pdu_0xb7145810
-> pdu_0xb71464a8
-> pdu_0xb7147140
-> pdu_0xb7147dd8
-> pdu_0xb7148a70
-> pdu_0xb7149708
-> pdu_0xb714a3a0
-> pdu_0xb714b038
-> pdu_0xb714bcd0
-> pdu_0xb714c968
-> pdu_0xb714d600
-> pdu_0xb714e298
-> pdu_0xb714ef30
-> pdu_0xb714fbc8
-> pdu_0xb7150860
-> pdu_0xb71514f8
-> pdu_0xb7152190
-> pdu_0xb7152e28
-> pdu_0xb7153ac0
-> pdu_0xb7154758
-> pdu_0xb71553f0
-> pdu_0xb7156088
-> pdu_0xb7156d20
-> pdu_0xb71579b8
-> pdu_0xb7158650
-> pdu_0xb71592e8
-> pdu_0xb7159f80
-> pdu_0xb715ac18
-> pdu_0xb715b8b0
-> pdu_0xb715c548
-> pdu_0xb715d1e0
-> pdu_0xb715de78
-> pdu_0xb715eb10
-> pdu_0xb715f7a8
-> pdu_0xb7160440
-> pdu_0xb71610d8
-> pdu_0xb7161d70
-> pdu_0xb7162a08
-> pdu_0xb71636a0
-> pdu_0xb7164338
-> pdu_0xb7164fd0
-> pdu_0xb7165c68
-> pdu_0xb7166900
-> pdu_0xb7167598
-> pdu_0xb7168230
-> pdu_0xb7168ec8
-> pdu_0xb7169b60
-> pdu_0xb716a7f8
-> pdu_0xb716b490
-> pdu_0xb716c128
-> pdu_0xb716cdc0
-> pdu_0xb716da58
-> pdu_0xb716e6f0
-> pdu_0xb716f388
-> pdu_0xb7170020
-> pdu_0xb7170cb8
-> pdu_0xb7171950
-> pdu_0xb71725e8
-> pdu_0xb7173280
-> pdu_0xb7173f18
-> pdu_0xb7174bb0
-> pdu_0xb7175848
-> pdu_0xb71764e0
-> pdu_0xb7177178
-> pdu_0xb7177e10
-> pdu_0xb7178aa8
-> pdu_0xb7179740
-> pdu_0xb717a3d8
-> pdu_0xb717b070
-> pdu_0xb717bd08
-> pdu_0xb717c9a0
-> pdu_0xb717d638
-> pdu_0xb717e2d0
-> pdu_0xb717ef68
-> pdu_0xb717fc00
-> pdu_0xb7180898
-> pdu_0xb7181530
-> pdu_0xb71821c8
-> pdu_0xb7182e60
-> pdu_0xb7183af8
-> pdu_0xb7184790
-> pdu_0xb7185428
-> pdu_0xb71860c0
-> pdu_0xb7186d58
-> pdu_0xb71879f0
-> pdu_0xb7188688
-> pdu_0xb7189320
-> pdu_0xb7189fb8
-> pdu_0xb718ac50
-> pdu_0xb718b8e8
-> pdu_0xb718c580
-> pdu_0xb718d218
-> pdu_0xb718deb0
-> pdu_0xb718eb48
-> pdu_0xb718f7e0
-> pdu_0xb7190478
-> pdu_0xb7191110
-> pdu_0xb7191da8
-> pdu_0xb7192a40
-> pdu_0xb71936d8
-> pdu_0xb7194370
-> pdu_0xb7195008
-> pdu_0xb7195ca0
-> pdu_0xb7196938
-> pdu_0xb71975d0
-> pdu_0xb7198268
-> pdu_0xb7198f00
-> pdu_0xb7199b98
-> pdu_0xb719a830
-> pdu_0xb719b4c8
-> pdu_0xb719c160
-> pdu_0xb719cdf8
-> pdu_0xb719da90
-> pdu_0xb719e728
-> pdu_0xb719f3c0
-> pdu_0xb71a0058
-> pdu_0xb71a0cf0
-> pdu_0xb71a1988
-> pdu_0xb71a2620
-> pdu_0xb71a32b8
-> pdu_0xb71a3f50
-> pdu_0xb71a4be8
-> pdu_0xb71a5880
-> pdu_0xb71a6518
-> pdu_0xb71a71b0
-> pdu_0xb71a7e48
-> pdu_0xb71a8ae0
-> pdu_0xb71a9778
-> pdu_0xb71aa410
-> pdu_0xb71ab0a8
-> pdu_0xb71abd40
-> pdu_0xb71ac9d8
-> pdu_0xb71ad670
-> pdu_0xb71ae308
-> pdu_0xb71aefa0
-> pdu_0xb71afc38
-> pdu_0xb71b08d0
-> pdu_0xb71b1568
-> pdu_0xb71b2200
-> pdu_0xb71b2e98
-> pdu_0xb71b3b30
-> pdu_0xb71b47c8
-> pdu_0xb71b5460
-> pdu_0xb71b60f8
-> pdu_0xb71b6d90
-> pdu_0xb71b7a28
-> pdu_0xb71b86c0
-> pdu_0xb71b9358
-> pdu_0xb71b9ff0
-> pdu_0xb71bac88
-> pdu_0xb71bb920
-> pdu_0xb71bc5b8
-> pdu_0xb71bd250
-> pdu_0xb71bdee8
-> pdu_0xb71beb80
-> pdu_0xb71bf818
-> pdu_0xb71c04b0
-> pdu_0xb71c1148
-> pdu_0xb71c1de0
-> pdu_0xb71c2a78
-> pdu_0xb71c3710
-> pdu_0xb71c43a8
-> pdu_0xb71c5040
-> pdu_0xb71c5cd8
-> pdu_0xb71c6970
-> pdu_0xb71c7608
-> pdu_0xb71c82a0
-> pdu_0xb71c8f38
-> pdu_0xb71c9bd0
-> pdu_0xb71ca868
-> pdu_0xb71cb500
-> pdu_0xb71cc198
-> pdu_0xb71cce30
-> pdu_0xb71cdac8
-> pdu_0xb71ce760
-> pdu_0xb71cf3f8
-> pdu_0xb71d0090
-> pdu_0xb71d0d28
-> pdu_0xb71d19c0
-> pdu_0xb71d2658
-> pdu_0xb71d32f0
-> pdu_0xb71d3f88
-> pdu_0xb71d4c20
-> pdu_0xb71d58b8
-> pdu_0xb71d6550
-> pdu_0xb71d71e8
-> pdu_0xb71d7e80
-> pdu_0xb71d8b18
-> pdu_0xb71d97b0
-> pdu_0xb71da448
-> pdu_0xb71db0e0
-> pdu_0xb71dbd78
-> pdu_0xb71dca10
-> pdu_0xb71dd6a8
-> pdu_0xb71de340
-> pdu_0xb71defd8
-> pdu_0xb71dfc70
-> pdu_0xb71e0908
-> pdu_0xb71e15a0
-> pdu_0xb71e2238
-> pdu_0xb71e2ed0
-> pdu_0xb71e3b68
-> pdu_0xb71e4800
-> pdu_0xb71e5498
-> pdu_0xb71e6130
-> pdu_0xb71e6dc8
-> pdu_0xb71e7a60
-> pdu_0xb71e86f8
-> pdu_0xb71e9390
-> pdu_0xb71ea028
-> pdu_0xb71eacc0
-> pdu_0xb71eb958
-> pdu_0xb71ec5f0
-> pdu_0xb71ed288
-> pdu_0xb71edf20
-> pdu_0xb71eebb8
-> pdu_0xb71ef850
-> pdu_0xb71f04e8
-> pdu_0xb71f1180
-> pdu_0xb71f1e18
-> pdu_0xb71f2ab0
-> pdu_0xb71f3748
-> pdu_0xb71f43e0
-> pdu_0xb71f5078
-> pdu_0xb71f5d10
-> pdu_0xb71f69a8
-> pdu_0xb71f7640
-> pdu_0xb71f82d8
-> pdu_0xb71f8f70
-> pdu_0xb71f9c08
-> pdu_0xb71fa8a0
-> pdu_0xb71fb538
-> pdu_0xb71fc1d0
-> pdu_0xb71fce68
-> pdu_0xb71fdb00
-> pdu_0xb71fe798
-> pdu_0xb71ff430
-> pdu_0xb72000c8
-> pdu_0xb7200d60
-> pdu_0xb72019f8
-> pdu_0xb7202690
-> pdu_0xb7203328
-> pdu_0xb7203fc0
-> pdu_0xb7204c58
-> pdu_0xb72058f0
-> pdu_0xb7206588
-> pdu_0xb7207220
-> pdu_0xb7207eb8
-> pdu_0xb7208b50
-> pdu_0xb72097e8
-> pdu_0xb720a480
-> pdu_0xb720b118
-> pdu_0xb720bdb0
-> pdu_0xb720ca48
-> pdu_0xb720d6e0
-> pdu_0xb720e378
-> pdu_0xb720f010
-> pdu_0xb720fca8
-> pdu_0xb7210940
-> pdu_0xb72115d8
-> pdu_0xb7212270
-> pdu_0xb7212f08
-> pdu_0xb7213ba0
-> pdu_0xb7214838
-> pdu_0xb72154d0
-> pdu_0xb7216168
-> pdu_0xb7216e00
-> pdu_0xb7217a98
-> pdu_0xb7218730
-> pdu_0xb72193c8
-> pdu_0xb721a060
-> pdu_0xb721acf8
-> pdu_0xb721b990
-> pdu_0xb721c628
-> pdu_0xb721d2c0
-> pdu_0xb721df58
-> pdu_0xb721ebf0
-> pdu_0xb721f888
-> pdu_0xb7220520
-> pdu_0xb72211b8
-> pdu_0xb7221e50
-> pdu_0xb7222ae8
-> pdu_0xb7223780
-> pdu_0xb7224418
-> pdu_0xb72250b0
-> pdu_0xb7225d48
-> pdu_0xb72269e0
-> pdu_0xb7227678
-> pdu_0xb7228310
-> pdu_0xb7228fa8
-> pdu_0xb7229c40
-> pdu_0xb722a8d8
-> pdu_0xb722b570
-> pdu_0xb722c208
-> pdu_0xb722cea0
-> pdu_0xb722db38
-> pdu_0xb722e7d0
-> pdu_0xb722f468
-> pdu_0xb7230100
-> pdu_0xb7230d98
-> pdu_0xb7231a30
-> pdu_0xb72326c8
-> pdu_0xb7233360
-> pdu_0xb7233ff8
-> pdu_0xb7234c90
-> pdu_0xb7235928
-> pdu_0xb72365c0
-> pdu_0xb7237258
-> pdu_0xb7237ef0
-> pdu_0xb7238b88
-> pdu_0xb7239820
-> pdu_0xb723a4b8
-> pdu_0xb723b150
-> pdu_0xb723bde8
-> pdu_0xb723ca80
-> pdu_0xb723d718
-> pdu_0xb723e3b0
-> pdu_0xb723f048
-> pdu_0xb723fce0
-> pdu_0xb7240978
-> pdu_0xb7241610
-> pdu_0xb72422a8
-> pdu_0xb7242f40
-> pdu_0xb7243bd8
-> pdu_0xb7244870
-> pdu_0xb7245508
-> pdu_0xb72461a0
-> pdu_0xb7246e38
-> pdu_0xb7247ad0
-> pdu_0xb7248768
-> pdu_0xb7249400
-> pdu_0xb724a098
-> pdu_0xb724ad30
-> pdu_0xb724b9c8
-> pdu_0xb724c660
-> pdu_0xb724d2f8
-> pdu_0xb724df90
-> pdu_0xb724ec28
-> pdu_0xb724f8c0
-> pdu_0xb7250558
-> pdu_0xb72511f0
-> pdu_0xb7251e88
-> pdu_0xb7252b20
-> pdu_0xb72537b8
-> pdu_0xb7254450
-> pdu_0xb72550e8
-> pdu_0xb7255d80
-> pdu_0xb7256a18
-> pdu_0xb72576b0
-> pdu_0xb7258348
-> pdu_0xb7258fe0
-> pdu_0xb7259c78
-> pdu_0xb725a910
-> pdu_0xb725b5a8
-> pdu_0xb725c240
-> pdu_0xb725ced8
-> pdu_0xb725db70
-> pdu_0xb725e808
-> pdu_0xb725f4a0
-> pdu_0xb7260138
-> pdu_0xb7260dd0
-> pdu_0xb7261a68
-> pdu_0xb7262700
-> pdu_0xb7263398
-> pdu_0xb7264030
-> pdu_0xb7264cc8
-> pdu_0xb7265960
-> pdu_0xb72665f8
-> pdu_0xb7267290
-> pdu_0xb7267f28
-> pdu_0xb7268bc0
-> pdu_0xb7269858
-> pdu_0xb726a4f0
-> pdu_0xb726b188
-> pdu_0xb726be20
-> pdu_0xb726cab8
-> pdu_0xb726d750
-> pdu_0xb726e3e8
-> pdu_0xb726f080
-> pdu_0xb726fd18
-> pdu_0xb72709b0
-> pdu_0xb7271648
-> pdu_0xb72722e0
-> pdu_0xb7272f78
-> pdu_0xb7273c10
-> pdu_0xb72748a8
-> pdu_0xb7275540
-> pdu_0xb72761d8
-> pdu_0xb7276e70
-> pdu_0xb7277b08
-> pdu_0xb72787a0
-> pdu_0xb7279438
-> pdu_0xb727a0d0
-> pdu_0xb727ad68
-> pdu_0xb727ba00
-> pdu_0xb727c698
-> pdu_0xb727d330
-> pdu_0xb727dfc8
-> pdu_0xb727ec60
-> pdu_0xb727f8f8
-> pdu_0xb7280590
-> pdu_0xb7281228
-> pdu_0xb7281ec0
-> pdu_0xb7282b58
-> pdu_0xb72837f0
-> pdu_0xb7284488
-> pdu_0xb7285120
-> pdu_0xb7285db8
-> pdu_0xb7286a50
-> pdu_0xb72876e8
-> pdu_0xb7288380
-> pdu_0xb7289018
-> pdu_0xb7289cb0
-> pdu_0xb728a948
-> pdu_0xb728b5e0
-> pdu_0xb728c278
-> pdu_0xb728cf10
-> pdu_0xb728dba8
-> pdu_0xb728e840
-> pdu_0xb728f4d8
-> pdu_0xb7290170
-> pdu_0xb7290e08
-> pdu_0xb7291aa0
-> pdu_0xb7292738
-> pdu_0xb72933d0
-> pdu_0xb7294068
-> pdu_0xb7294d00
-> pdu_0xb7295998
-> pdu_0xb7296630
-> pdu_0xb72972c8
-> pdu_0xb7297f60
-> pdu_0xb7298bf8
-> pdu_0xb7299890
-> pdu_0xb729a528
-> pdu_0xb729b1c0
-> pdu_0xb729be58
-> pdu_0xb729caf0
-> pdu_0xb729d788
-> pdu_0xb729e420
-> pdu_0xb729f0b8
-> pdu_0xb729fd50
-> pdu_0xb72a09e8
-> pdu_0xb72a1680
-> pdu_0xb72a2318
-> pdu_0xb72a2fb0
-> pdu_0xb72a3c48
-> pdu_0xb72a48e0
-> pdu_0xb72a5578
-> pdu_0xb72a6210
-> pdu_0xb72a6ea8
-> pdu_0xb72a7b40
-> pdu_0xb72a87d8
-> pdu_0xb72a9470
-> pdu_0xb72aa108
-> pdu_0xb72aada0
-> pdu_0xb72aba38
-> pdu_0xb72ac6d0
-> pdu_0xb72ad368
-> pdu_0xb72ae000
-> pdu_0xb72aec98
-> pdu_0xb72af930
-> pdu_0xb72b05c8
-> pdu_0xb72b1260
-> pdu_0xb72b1ef8
-> pdu_0xb72b2b90
-> pdu_0xb72b3828
-> pdu_0xb72b44c0
-> pdu_0xb72b5158
-> pdu_0xb72b5df0
-> pdu_0xb72b6a88
-> pdu_0xb72b7720
-> pdu_0xb72b83b8
-> pdu_0xb72b9050
-> pdu_0xb72b9ce8
-> pdu_0xb72ba980
-> pdu_0xb72bb618
-> pdu_0xb72bc2b0
-> pdu_0xb72bcf48
-> pdu_0xb72bdbe0
-> pdu_0xb72be878
-> pdu_0xb72bf510
-> pdu_0xb72c01a8
-> pdu_0xb72c0e40
-> pdu_0xb72c1ad8
-> pdu_0xb72c2770
-> pdu_0xb72c3408
-> pdu_0xb72c40a0
-> pdu_0xb72c4d38
-> pdu_0xb72c59d0
-> pdu_0xb72c6668
-> pdu_0xb72c7300
-> pdu_0xb72c7f98
-> pdu_0xb72c8c30
-> pdu_0xb72c98c8
-> pdu_0xb72ca560
-> pdu_0xb72cb1f8
-> pdu_0xb72cbe90
-> pdu_0xb72ccb28
-> pdu_0xb72cd7c0
-> pdu_0xb72ce458
-> pdu_0xb72cf0f0
-> pdu_0xb72cfd88
-> pdu_0xb72d0a20
-> pdu_0xb72d16b8
-> pdu_0xb72d2350
-> pdu_0xb72d2fe8
-> pdu_0xb72d3c80
-> pdu_0xb72d4918
-> pdu_0xb72d55b0
-> pdu_0xb72d6248
-> pdu_0xb72d6ee0
-> pdu_0xb72d7b78
-> pdu_0xb72d8810
-> pdu_0xb72d94a8
-> pdu_0xb72da140
-> pdu_0xb72dadd8
-> pdu_0xb72dba70
-> pdu_0xb72dc708
-> pdu_0xb72dd3a0
-> pdu_0xb72de038
-> pdu_0xb72decd0
-> pdu_0xb72df968
-> pdu_0xb72e0600
-> pdu_0xb72e1298
-> pdu_0xb72e1f30
-> pdu_0xb72e2bc8
-> pdu_0xb72e3860
-> pdu_0xb72e44f8
-> pdu_0xb72e5190
-> pdu_0xb72e5e28
-> pdu_0xb72e6ac0
-> pdu_0xb72e7758
-> pdu_0xb72e83f0
-> pdu_0xb72e9088
-> pdu_0xb72e9d20
-> pdu_0xb72ea9b8
-> pdu_0xb72eb650
-> pdu_0xb72ec2e8
-> pdu_0xb72ecf80
-> pdu_0xb72edc18
-> pdu_0xb72ee8b0
-> pdu_0xb72ef548
-> pdu_0xb72f01e0
-> pdu_0xb72f0e78
-> pdu_0xb72f1b10
-> pdu_0xb72f27a8
-> pdu_0xb72f3440
-> pdu_0xb72f40d8
-> pdu_0xb72f4d70
-> pdu_0xb72f5a08
-> pdu_0xb72f66a0
-> pdu_0xb72f7338
-> pdu_0xb72f7fd0
-> pdu_0xb72f8c68
-> pdu_0xb72f9900
-> pdu_0xb72fa598
-> pdu_0xb72fb230
-> pdu_0xb72fbec8
-> pdu_0xb72fcb60
-> pdu_0xb72fd7f8
-> pdu_0xb72fe490
-> pdu_0xb72ff128
-> pdu_0xb72ffdc0
-> pdu_0xb7300a58
-> pdu_0xb73016f0
-> pdu_0xb7302388
-> pdu_0xb7303020
-> pdu_0xb7303cb8
-> pdu_0xb7304950
-> pdu_0xb73055e8
-> pdu_0xb7306280
-> pdu_0xb7306f18
-> pdu_0xb7307bb0
-> pdu_0xb7308848
-> pdu_0xb73094e0
-> pdu_0xb730a178
-> pdu_0xb730ae10
-> pdu_0xb730baa8
-> pdu_0xb730c740
-> pdu_0xb730d3d8
-> pdu_0xb730e070
-> pdu_0xb730ed08
-> pdu_0xb730f9a0
-> pdu_0xb7310638
-> pdu_0xb73112d0
-> pdu_0xb7311f68
-> pdu_0xb7312c00
-> pdu_0xb7313898
-> pdu_0xb7314530
-> pdu_0xb73151c8
-> pdu_0xb7315e60
-> pdu_0xb7316af8
-> pdu_0xb7317790
-> pdu_0xb7318428
-> pdu_0xb73190c0
-> pdu_0xb7319d58
-> pdu_0xb731a9f0
-> pdu_0xb731b688
-> pdu_0xb731c320
-> pdu_0xb731cfb8
-> pdu_0xb731dc50
-> pdu_0xb731e8e8
-> pdu_0xb731f580
-> pdu_0xb7320218
-> pdu_0xb7320eb0
-> pdu_0xb7321b48
-> pdu_0xb73227e0
-> pdu_0xb7323478
-> pdu_0xb7324110
-> pdu_0xb7324da8
-> pdu_0xb7325a40
-> pdu_0xb73266d8
-> pdu_0xb7327370
-> pdu_0xb7328008
-> pdu_0xb7328ca0
-> pdu_0xb7329938
-> pdu_0xb732a5d0
-> pdu_0xb732b268
-> pdu_0xb732bf00
-> pdu_0xb732cb98
-> pdu_0xb732d830
-> pdu_0xb732e4c8
-> pdu_0xb732f160
-> pdu_0xb732fdf8
-> pdu_0xb7330a90
-> pdu_0xb7331728
-> pdu_0xb73323c0
-> pdu_0xb7333058
-> pdu_0xb7333cf0
-> pdu_0xb7334988
-> pdu_0xb7335620
-> pdu_0xb73362b8
-> pdu_0xb7336f50
-> pdu_0xb7337be8
-> pdu_0xb7338880
-> pdu_0xb7339518
-> pdu_0xb733a1b0
-> pdu_0xb733ae48
-> pdu_0xb733bae0
-> pdu_0xb733c778
-> pdu_0xb733d410
-> pdu_0xb733e0a8
-> pdu_0xb733ed40
-> pdu_0xb733f9d8
-> pdu_0xb7340670
-> pdu_0xb7341308
-> pdu_0xb7341fa0
-> pdu_0xb7342c38
-> pdu_0xb73438d0
-> pdu_0xb7344568
-> pdu_0xb7345200
-> pdu_0xb7345e98
-> pdu_0xb7346b30
-> pdu_0xb73477c8
-> pdu_0xb7348460
-> pdu_0xb73490f8
-> pdu_0xb7349d90
-> pdu_0xb734aa28
-> pdu_0xb734b6c0
-> pdu_0xb734c358
-> pdu_0xb734cff0
-> pdu_0xb734dc88
-> pdu_0xb734e920
-> pdu_0xb734f5b8
-> pdu_0xb7350250
-> pdu_0xb7350ee8
-> pdu_0xb7351b80
-> pdu_0xb7352818
-> pdu_0xb73534b0
-> pdu_0xb7354148
-> pdu_0xb7354de0
-> pdu_0xb7355a78
-> pdu_0xb7356710
-> pdu_0xb73573a8
-> pdu_0xb7358040
-> pdu_0xb7358cd8
-> pdu_0xb7359970
-> pdu_0xb735a608
-> pdu_0xb735b2a0
-> pdu_0xb735bf38
-> pdu_0xb735cbd0
-> pdu_0xb735d868
-> pdu_0xb735e500
-> pdu_0xb735f198
-> pdu_0xb735fe30
-> pdu_0xb7360ac8
-> pdu_0xb7361760
-> pdu_0xb73623f8
-> pdu_0xb7363090
-> pdu_0xb7363d28
-> pdu_0xb73649c0
-> pdu_0xb7365658
-> pdu_0xb73662f0
-> pdu_0xb7366f88
-> pdu_0xb7367c20
-> pdu_0xb73688b8
-> pdu_0xb7369550
-> pdu_0xb736a1e8
-> pdu_0xb736ae80
-> pdu_0xb736bb18
-> pdu_0xb736c7b0
-> pdu_0xb736d448
-> pdu_0xb736e0e0
-> pdu_0xb736ed78
-> pdu_0xb736fa10
-> pdu_0xb73706a8
-> pdu_0xb7371340
-> pdu_0xb7371fd8
-> pdu_0xb7372c70
-> pdu_0xb7373908
-> pdu_0xb73745a0
-> pdu_0xb7375238
-> pdu_0xb7375ed0
-> pdu_0xb7376b68
-> pdu_0xb7377800
-> pdu_0xb7378498
-> pdu_0xb7379130
-> pdu_0xb7379dc8
-> pdu_0xb737aa60
-> pdu_0xb737b6f8
-> pdu_0xb737c390
-> pdu_0xb737d028
-> pdu_0xb737dcc0
-> pdu_0xb737e958
-> pdu_0xb737f5f0
-> pdu_0xb7380288
-> pdu_0xb7380f20
-> pdu_0xb7381bb8
-> pdu_0xb7382850
-> pdu_0xb73834e8
-> pdu_0xb7384180
-> pdu_0xb7384e18
-> pdu_0xb7385ab0
-> pdu_0xb7386748
-> pdu_0xb73873e0
-> pdu_0xb7388078
-> pdu_0xb7388d10
-> pdu_0xb73899a8
-> pdu_0xb738a640
-> pdu_0xb738b2d8
-> pdu_0xb738bf70
-> pdu_0xb738cc08
-> pdu_0xb738d8a0
-> pdu_0xb738e538
-> pdu_0xb738f1d0
-> pdu_0xb738fe68
-> pdu_0xb7390b00
-> pdu_0xb7391798
-> pdu_0xb7392430
-> pdu_0xb73930c8
-> pdu_0xb7393d60
-> pdu_0xb73949f8
-> pdu_0xb7395690
-> pdu_0xb7396328
-> pdu_0xb7396fc0
-> pdu_0xb7397c58
-> pdu_0xb73988f0
-> pdu_0xb7399588
-> pdu_0xb739a220
-> pdu_0xb739aeb8
-> pdu_0xb739bb50
-> pdu_0xb739c7e8
-> pdu_0xb739d480
-> pdu_0xb739e118
-> pdu_0xb739edb0
-> pdu_0xb739fa48
-> pdu_0xb73a06e0
-> pdu_0xb73a1378
-> pdu_0xb73a2010
-> pdu_0xb73a2ca8
-> pdu_0xb73a3940
-> pdu_0xb73a45d8
-> pdu_0xb73a5270
-> pdu_0xb73a5f08
-> pdu_0xb73a6ba0
-> pdu_0xb73a7838
-> pdu_0xb73a84d0
-> pdu_0xb73a9168
-> pdu_0xb73a9e00
-> pdu_0xb73aaa98
-> pdu_0xb73ab730
-> pdu_0xb73ac3c8
-> pdu_0xb73ad060
-> pdu_0xb73adcf8
-> pdu_0xb73ae990
-> pdu_0xb73af628
-> pdu_0xb73b02c0
-> pdu_0xb73b0f58
-> pdu_0xb73b1bf0
-> pdu_0xb73b2888
-> pdu_0xb73b3520
-> pdu_0xb73b41b8
-> pdu_0xb73b4e50
-> pdu_0xb73b5ae8
-> pdu_0xb73b6780
-> pdu_0xb73b7418
-> pdu_0xb73b80b0
-> pdu_0xb73b8d48
-> pdu_0xb73b99e0
-> pdu_0xb73ba678
-> pdu_0xb73bb310
-> pdu_0xb73bbfa8
-> pdu_0xb73bcc40
-> pdu_0xb73bd8d8
-> pdu_0xb73be570
-> pdu_0xb73bf208
-> pdu_0xb73bfea0
-> pdu_0xb73c0b38
-> pdu_0xb73c17d0
-> pdu_0xb73c2468
-> pdu_0xb73c3100
-> pdu_0xb73c3d98
-> pdu_0xb73c4a30
-> pdu_0xb73c56c8
-> pdu_0xb73c6360
-> pdu_0xb73c6ff8
-> pdu_0xb73c7c90
-> pdu_0xb73c8928
-> pdu_0xb73c95c0
-> pdu_0xb73ca258
-> pdu_0xb73caef0
-> pdu_0xb73cbb88
-> pdu_0xb73cc820
-> pdu_0xb73cd4b8
-> pdu_0xb73ce150
-> pdu_0xb73cede8
-> pdu_0xb73cfa80
-> pdu_0xb73d0718
-> pdu_0xb73d13b0
-> pdu_0xb73d2048
-> pdu_0xb73d2ce0
-> pdu_0xb73d3978
-> pdu_0xb73d4610
-> pdu_0xb73d52a8
-> pdu_0xb73d5f40
-> pdu_0xb73d6bd8
-> pdu_0xb73d7870
-> pdu_0xb73d8508
-> pdu_0xb73d91a0
-> pdu_0xb73d9e38
-> pdu_0xb73daad0
-> pdu_0xb73db768
-> pdu_0xb73dc400
-> pdu_0xb73dd098
-> pdu_0xb73ddd30
-> pdu_0xb73de9c8
-> pdu_0xb73df660
-> pdu_0xb73e02f8
-> pdu_0xb73e0f90
-> pdu_0xb73e1c28
-> pdu_0xb73e28c0
-> pdu_0xb73e3558
-> pdu_0xb73e41f0
-> pdu_0xb73e4e88
-> pdu_0xb73e5b20
-> pdu_0xb73e67b8
-> pdu_0xb73e7450
-> pdu_0xb73e80e8
-> pdu_0xb73e8d80
-> pdu_0xb73e9a18
-> pdu_0xb73ea6b0
-> pdu_0xb73eb348
-> pdu_0xb73ebfe0
-> pdu_0xb73ecc78
-> pdu_0xb73ed910
-> pdu_0xb73ee5a8
-> pdu_0xb73ef240
-> pdu_0xb73efed8
-> pdu_0xb73f0b70
-> pdu_0xb73f1808
-> pdu_0xb73f24a0
-> pdu_0xb73f3138
-> pdu_0xb73f3dd0
-> pdu_0xb73f4a68
-> pdu_0xb73f5700
-> pdu_0xb73f6398
-> pdu_0xb73f7030
-> pdu_0xb73f7cc8
-> pdu_0xb73f8960
-> pdu_0xb73f95f8
-> pdu_0xb73fa290
-> pdu_0xb73faf28
-> pdu_0xb73fbbc0
-> pdu_0xb73fc858
-> pdu_0xb73fd4f0
-> pdu_0xb73fe188
-> pdu_0xb73fee20
-> pdu_0xb73ffab8
-> pdu_0xb7400750
-> pdu_0xb74013e8
-> pdu_0xb7402080
-> pdu_0xb7402d18
-> pdu_0xb74039b0
-> pdu_0xb7404648
-> pdu_0xb74052e0
-> pdu_0xb7405f78
-> pdu_0xb7406c10
-> pdu_0xb74078a8
-> pdu_0xb7408540
-> pdu_0xb74091d8
-> pdu_0xb7409e70
-> pdu_0xb740ab08
-> pdu_0xb740b7a0
-> pdu_0xb740c438
-> pdu_0xb740d0d0
-> pdu_0xb740dd68
-> pdu_0xb740ea00
-> pdu_0xb740f698
-> pdu_0xb7410330
-> pdu_0xb7410fc8
-> pdu_0xb7411c60
-> pdu_0xb74128f8
-> pdu_0xb7413590
-> pdu_0xb7414228
-> pdu_0xb7414ec0
-> pdu_0xb7415b58
-> pdu_0xb74167f0
-> pdu_0xb7417488
-> pdu_0xb7418120
-> pdu_0xb7418db8
-> pdu_0xb7419a50
-> pdu_0xb741a6e8
-> pdu_0xb741b380
-> pdu_0xb741c018
-> pdu_0xb741ccb0
-> pdu_0xb741d948
-> pdu_0xb741e5e0
-> pdu_0xb741f278
-> pdu_0xb741ff10
-> pdu_0xb7420ba8
-> pdu_0xb7421840
-> pdu_0xb74224d8
-> pdu_0xb7423170
-> pdu_0xb7423e08
-> pdu_0xb7424aa0
-> pdu_0xb7425738
-> pdu_0xb74263d0
-> pdu_0xb7427068
-> pdu_0xb7427d00
-> pdu_0xb7428998
-> pdu_0xb7429630
-> pdu_0xb742a2c8
-> pdu_0xb742af60
-> pdu_0xb742bbf8
-> pdu_0xb742c890
-> pdu_0xb742d528
-> pdu_0xb742e1c0
-> pdu_0xb742ee58
-> pdu_0xb742faf0
-> pdu_0xb7430788
-> pdu_0xb7431420
-> pdu_0xb74320b8
-> pdu_0xb7432d50
-> pdu_0xb74339e8
-> pdu_0xb7434680
-> pdu_0xb7435318
-> pdu_0xb7435fb0
-> pdu_0xb7436c48
-> pdu_0xb74378e0
-> pdu_0xb7438578
-> pdu_0xb7439210
-> pdu_0xb7439ea8
-> pdu_0xb743ab40
-> pdu_0xb743b7d8
-> pdu_0xb743c470
-> pdu_0xb743d108
-> pdu_0xb743dda0
-> pdu_0xb743ea38
-> pdu_0xb743f6d0
-> pdu_0xb7440368
-> pdu_0xb7441000
-> pdu_0xb7441c98
-> pdu_0xb7442930
-> pdu_0xb74435c8
-> pdu_0xb7444260
-> pdu_0xb7444ef8
-> pdu_0xb7445b90
-> pdu_0xb7446828
-> pdu_0xb74474c0
-> pdu_0xb7448158
-> pdu_0xb7448df0
-> pdu_0xb7449a88
-> pdu_0xb744a720
-> pdu_0xb744b3b8
-> pdu_0xb744c050
-> pdu_0xb744cce8
-> pdu_0xb744d980
-> pdu_0xb744e618
-> pdu_0xb744f2b0
-> pdu_0xb744ff48
-> pdu_0xb7450be0
-> pdu_0xb7451878
-> pdu_0xb7452510
-> pdu_0xb74531a8
-> pdu_0xb7453e40
-> pdu_0xb7454ad8
-> pdu_0xb7455770
-> pdu_0xb7456408
-> pdu_0xb74570a0
-> pdu_0xb7457d38
-> pdu_0xb74589d0
-> pdu_0xb7459668
-> pdu_0xb745a300
-> pdu_0xb745af98
-> pdu_0xb745bc30
-> pdu_0xb745c8c8
-> pdu_0xb745d560
-> pdu_0xb745e1f8
-> pdu_0xb745ee90
-> pdu_0xb745fb28
-> pdu_0xb74607c0
-> pdu_0xb7461458
-> pdu_0xb74620f0
-> pdu_0xb7462d88
-> pdu_0xb7463a20
-> pdu_0xb74646b8
-> pdu_0xb7465350
-> pdu_0xb7465fe8
-> pdu_0xb7466c80
-> pdu_0xb7467918
-> pdu_0xb74685b0
-> pdu_0xb7469248
-> pdu_0xb7469ee0
-> pdu_0xb746ab78
-> pdu_0xb746b810
-> pdu_0xb746c4a8
-> pdu_0xb746d140
-> pdu_0xb746ddd8
-> pdu_0xb746ea70
-> pdu_0xb746f708
-> pdu_0xb74703a0
-> pdu_0xb7471038
-> pdu_0xb7471cd0
-> pdu_0xb7472968
-> pdu_0xb7473600
-> pdu_0xb7474298
-> pdu_0xb7474f30
-> pdu_0xb7475bc8
-> pdu_0xb7476860
-> pdu_0xb74774f8
-> pdu_0xb7478190
-> pdu_0xb7478e28
-> pdu_0xb7479ac0
-> pdu_0xb747a758
-> pdu_0xb747b3f0
-> pdu_0xb747c088
-> pdu_0xb747cd20
-> pdu_0xb747d9b8
-> pdu_0xb747e650
-> pdu_0xb747f2e8
-> pdu_0xb747ff80
-> pdu_0xb7480c18
-> pdu_0xb74818b0
-> pdu_0xb7482548
-> pdu_0xb74831e0
-> pdu_0xb7483e78
-> pdu_0xb7484b10
-> pdu_0xb74857a8
-> pdu_0xb7486440
-> pdu_0xb74870d8
-> pdu_0xb7487d70
-> pdu_0xb7488a08
-> pdu_0xb74896a0
-> pdu_0xb748a338
-> pdu_0xb748afd0
-> pdu_0xb748bc68
-> pdu_0xb748c900
-> pdu_0xb748d598
-> pdu_0xb748e230
-> pdu_0xb748eec8
-> pdu_0xb748fb60
-> pdu_0xb74907f8
-> pdu_0xb7491490
-> pdu_0xb7492128
-> pdu_0xb7492dc0
-> pdu_0xb7493a58
-> pdu_0xb74946f0
-> pdu_0xb7495388
-> pdu_0xb7496020
-> pdu_0xb7496cb8
-> pdu_0xb7497950
-> pdu_0xb74985e8
-> pdu_0xb7499280
-> pdu_0xb7499f18
-> pdu_0xb749abb0
-> pdu_0xb749b848
-> pdu_0xb749c4e0
-> pdu_0xb749d178
-> pdu_0xb749de10
-> pdu_0xb749eaa8
-> pdu_0xb749f740
-> pdu_0xb74a03d8
-> pdu_0xb74a1070
-> pdu_0xb74a1d08
-> pdu_0xb74a29a0
-> pdu_0xb74a3638
-> pdu_0xb74a42d0
-> pdu_0xb74a4f68
-> pdu_0xb74a5c00
-> pdu_0xb74a6898
-> pdu_0xb74a7530
-> pdu_0xb74a81c8
-> pdu_0xb74a8e60
-> pdu_0xb74a9af8
-> pdu_0xb74aa790
-> pdu_0xb74ab428
-> pdu_0xb74ac0c0
-> pdu_0xb74acd58
-> pdu_0xb74ad9f0
-> pdu_0xb74ae688
-> pdu_0xb74af320
-> pdu_0xb74affb8
-> pdu_0xb74b0c50
-> pdu_0xb74b18e8
-> pdu_0xb74b2580
-> pdu_0xb74b3218
-> pdu_0xb74b3eb0
-> pdu_0xb74b4b48
-> pdu_0xb74b57e0
-> pdu_0xb74b6478
-> pdu_0xb74b7110
-> pdu_0xb74b7da8
-> pdu_0xb74b8a40
-> pdu_0xb74b96d8
-> pdu_0xb74ba370
-> pdu_0xb74bb008
-> pdu_0xb74bbca0
-> pdu_0xb74bc938
-> pdu_0xb74bd5d0
-> pdu_0xb74be268
-> pdu_0xb74bef00
-> pdu_0xb74bfb98
-> pdu_0xb74c0830
-> pdu_0xb74c14c8
-> pdu_0xb74c2160
-> pdu_0xb74c2df8
-> pdu_0xb74c3a90
-> pdu_0xb74c4728
-> pdu_0xb74c53c0
-> pdu_0xb74c6058
-> pdu_0xb74c6cf0
-> pdu_0xb74c7988
-> pdu_0xb74c8620
-> pdu_0xb74c92b8
-> pdu_0xb74c9f50
-> pdu_0xb74cabe8
-> pdu_0xb74cb880
-> pdu_0xb74cc518
-> pdu_0xb74cd1b0
-> pdu_0xb74cde48
-> pdu_0xb74ceae0
-> pdu_0xb74cf778
-> pdu_0xb74d0410
-> pdu_0xb74d10a8
-> pdu_0xb74d1d40
-> pdu_0xb74d29d8
-> pdu_0xb74d3670
-> pdu_0xb74d4308
-> pdu_0xb74d4fa0
-> pdu_0xb74d5c38
-> pdu_0xb74d68d0
-> pdu_0xb74d7568
-> pdu_0xb74d8200
-> pdu_0xb74d8e98
-> pdu_0xb74d9b30
-> pdu_0xb74da7c8
-> pdu_0xb74db460
-> pdu_0xb74dc0f8
-> pdu_0xb74dcd90
-> pdu_0xb74dda28
-> pdu_0xb74de6c0
-> pdu_0xb74df358
-> pdu_0xb74dfff0
-> pdu_0xb74e0c88
-> pdu_0xb74e1920
-> pdu_0xb74e25b8
-> pdu_0xb74e3250
-> pdu_0xb74e3ee8
-> pdu_0xb74e4b80
-> pdu_0xb74e5818
-> pdu_0xb74e64b0
-> pdu_0xb74e7148
-> pdu_0xb74e7de0
-> pdu_0xb74e8a78
-> pdu_0xb74e9710
-> pdu_0xb74ea3a8
-> pdu_0xb74eb040
-> pdu_0xb74ebcd8
-> pdu_0xb74ec970
-> pdu_0xb74ed608
-> pdu_0xb74ee2a0
-> pdu_0xb74eef38
-> pdu_0xb74efbd0
-> pdu_0xb74f0868
-> pdu_0xb74f1500
-> pdu_0xb74f2198
-> pdu_0xb74f2e30
-> pdu_0xb74f3ac8
-> pdu_0xb74f4760
-> pdu_0xb74f53f8
-> pdu_0xb74f6090
-> pdu_0xb74f6d28
-> pdu_0xb74f79c0
-> pdu_0xb74f8658
-> pdu_0xb74f92f0
-> pdu_0xb74f9f88
-> pdu_0xb74fac20
-> pdu_0xb74fb8b8
-> pdu_0xb74fc550
-> pdu_0xb74fd1e8
-> pdu_0xb74fde80
-> pdu_0xb74feb18
-> pdu_0xb74ff7b0
-> pdu_0xb7500448
-> pdu_0xb75010e0
-> pdu_0xb7501d78
-> pdu_0xb7502a10
-> pdu_0xb75036a8
-> pdu_0xb7504340
-> pdu_0xb7504fd8
-> pdu_0xb7505c70
-> pdu_0xb7506908
-> pdu_0xb75075a0
-> pdu_0xb7508238
-> pdu_0xb7508ed0
-> pdu_0xb7509b68
-> pdu_0xb750a800
-> pdu_0xb750b498
-> pdu_0xb750c130
-> pdu_0xb750cdc8
-> pdu_0xb750da60
-> pdu_0xb750e6f8
-> pdu_0xb750f390
-> pdu_0xb7510028
-> pdu_0xb7510cc0
-> pdu_0xb7511958
-> pdu_0xb75125f0
-> pdu_0xb7513288
-> pdu_0xb7513f20
-> pdu_0xb7514bb8
-> pdu_0xb7515850
-> pdu_0xb75164e8
-> pdu_0xb7517180
-> pdu_0xb7517e18
-> pdu_0xb7518ab0
-> pdu_0xb7519748
-> pdu_0xb751a3e0
-> pdu_0xb751b078
-> pdu_0xb751bd10
-> pdu_0xb751c9a8
-> pdu_0xb751d640
-> pdu_0xb751e2d8
-> pdu_0xb751ef70
-> pdu_0xb751fc08
-> pdu_0xb75208a0
-> pdu_0xb7521538
-> pdu_0xb75221d0
-> pdu_0xb7522e68
-> pdu_0xb7523b00
-> pdu_0xb7524798
-> pdu_0xb7525430
-> pdu_0xb75260c8
-> pdu_0xb7526d60
-> pdu_0xb75279f8
-> pdu_0xb7528690
-> pdu_0xb7529328
-> pdu_0xb7529fc0
-> pdu_0xb752ac58
-> pdu_0xb752b8f0
-> pdu_0xb752c588
-> pdu_0xb752d220
-> pdu_0xb752deb8
-> pdu_0xb752eb50
-> pdu_0xb752f7e8
-> pdu_0xb7530480
-> pdu_0xb7531118
-> pdu_0xb7531db0
-> pdu_0xb7532a48
-> pdu_0xb75336e0
-> pdu_0xb7534378
-> pdu_0xb7535010
-> pdu_0xb7535ca8
-> pdu_0xb7536940
-> pdu_0xb75375d8
-> pdu_0xb7538270
-> pdu_0xb7538f08
-> pdu_0xb7539ba0
-> pdu_0xb753a838
-> pdu_0xb753b4d0
-> pdu_0xb753c168
-> pdu_0xb753ce00
-> pdu_0xb753da98
-> pdu_0xb753e730
-> pdu_0xb753f3c8
-> pdu_0xb7540060
-> pdu_0xb7540cf8
-> pdu_0xb7541990
-> pdu_0xb7542628
-> pdu_0xb75432c0
-> pdu_0xb7543f58
-> pdu_0xb7544bf0
-> pdu_0xb7545888
-> pdu_0xb7546520
-> pdu_0xb75471b8
-> pdu_0xb7547e50
-> pdu_0xb7548ae8
-> pdu_0xb7549780
-> pdu_0xb754a418
-> pdu_0xb754b0b0
-> pdu_0xb754bd48
-> pdu_0xb754c9e0
-> pdu_0xb754d678
-> pdu_0xb754e310
-> pdu_0xb754efa8
-> pdu_0xb754fc40
-> pdu_0xb75508d8
-> pdu_0xb7551570
-> pdu_0xb7552208
-> pdu_0xb7552ea0
-> pdu_0xb7553b38
-> pdu_0xb75547d0
-> pdu_0xb7555468
-> pdu_0xb7556100
-> pdu_0xb7556d98
-> pdu_0xb7557a30
-> pdu_0xb75586c8
-> pdu_0xb7559360
-> pdu_0xb7559ff8
-> pdu_0xb755ac90
-> pdu_0xb755b928
-> pdu_0xb755c5c0
-> pdu_0xb755d258
-> pdu_0xb755def0
-> pdu_0xb755eb88
-> pdu_0xb755f820
-> pdu_0xb75604b8
-> pdu_0xb7561150
-> pdu_0xb7561de8
-> pdu_0xb7562a80
-> pdu_0xb7563718
-> pdu_0xb75643b0
-> pdu_0xb7565048
-> pdu_0xb7565ce0
-> pdu_0xb7566978
-> pdu_0xb7567610
-> pdu_0xb75682a8
-> pdu_0xb7568f40
-> pdu_0xb7569bd8
-> pdu_0xb756a870
-> pdu_0xb756b508
-> pdu_0xb756c1a0
-> pdu_0xb756ce38
-> pdu_0xb756dad0
-> pdu_0xb756e768
-> pdu_0xb756f400
-> pdu_0xb7570098
-> pdu_0xb7570d30
-> pdu_0xb75719c8
-> pdu_0xb7572660
-> pdu_0xb75732f8
-> pdu_0xb7573f90
-> pdu_0xb7574c28
-> pdu_0xb75758c0
-> pdu_0xb7576558
-> pdu_0xb75771f0
-> pdu_0xb7577e88
-> pdu_0xb7578b20
-> pdu_0xb75797b8
-> pdu_0xb757a450
-> pdu_0xb757b0e8
-> pdu_0xb757bd80
-> pdu_0xb757ca18
-> pdu_0xb757d6b0
-> pdu_0xb757e348
-> pdu_0xb757efe0
-> pdu_0xb757fc78
-> pdu_0xb7580910
-> pdu_0xb75815a8
-> pdu_0xb7582240
-> pdu_0xb7582ed8
-> pdu_0xb7583b70
-> pdu_0xb7584808
-> pdu_0xb75854a0
-> pdu_0xb7586138
-> pdu_0xb7586dd0
-> pdu_0xb7587a68
-> pdu_0xb7588700
-> pdu_0xb7589398
-> pdu_0xb758a030
-> pdu_0xb758acc8
-> pdu_0xb758b960
-> pdu_0xb758c5f8
-> pdu_0xb758d290
-> pdu_0xb758df28
-> pdu_0xb758ebc0
-> pdu_0xb758f858
-> pdu_0xb75904f0
-> pdu_0xb7591188
-> pdu_0xb7591e20
-> pdu_0xb7592ab8
-> pdu_0xb7593750
-> pdu_0xb75943e8
-> pdu_0xb7595080
-> pdu_0xb7595d18
-> pdu_0xb75969b0
-> pdu_0xb7597648
-> pdu_0xb75982e0
-> pdu_0xb7598f78
-> pdu_0xb7599c10
-> pdu_0xb759a8a8
-> pdu_0xb759b540
-> pdu_0xb759c1d8
-> pdu_0xb759ce70
-> pdu_0xb759db08
-> pdu_0xb759e7a0
-> pdu_0xb759f438
-> pdu_0xb75a00d0
-> pdu_0xb75a0d68
-> pdu_0xb75a1a00
-> pdu_0xb75a2698
-> pdu_0xb75a3330
-> pdu_0xb75a3fc8
-> pdu_0xb75a4c60
-> pdu_0xb75a58f8
-> pdu_0xb75a6590
-> pdu_0xb75a7228
-> pdu_0xb75a7ec0
-> pdu_0xb75a8b58
-> pdu_0xb75a97f0
-> pdu_0xb75aa488
-> pdu_0xb75ab120
-> pdu_0xb75abdb8
-> pdu_0xb75aca50
-> pdu_0xb75ad6e8
-> pdu_0xb75ae380
-> pdu_0xb75af018
-> pdu_0xb75afcb0
-> pdu_0xb75b0948
-> pdu_0xb75b15e0
-> pdu_0xb75b2278
-> pdu_0xb75b2f10
-> pdu_0xb75b3ba8
-> pdu_0xb75b4840
-> pdu_0xb75b54d8
-> pdu_0xb75b6170
-> pdu_0xb75b6e08
-> pdu_0xb75b7aa0
-> pdu_0xb75b8738
-> pdu_0xb75b93d0
-> pdu_0xb75ba068
-> pdu_0xb75bad00
-> pdu_0xb75bb998
-> pdu_0xb75bc630
-> pdu_0xb75bd2c8
-> pdu_0xb75bdf60
-> pdu_0xb75bebf8
-> pdu_0xb75bf890
-> pdu_0xb75c0528
-> pdu_0xb75c11c0
-> pdu_0xb75c1e58
-> pdu_0xb75c2af0
-> pdu_0xb75c3788
-> pdu_0xb75c4420
-> pdu_0xb75c50b8
-> pdu_0xb75c5d50
-> pdu_0xb75c69e8
-> pdu_0xb75c7680
-> pdu_0xb75c8318
-> pdu_0xb75c8fb0
-> pdu_0xb75c9c48
-> pdu_0xb75ca8e0
-> pdu_0xb75cb578
-> pdu_0xb75cc210
-> pdu_0xb75ccea8
-> pdu_0xb75cdb40
-> pdu_0xb75ce7d8
-> pdu_0xb75cf470
-> pdu_0xb75d0108
-> pdu_0xb75d0da0
-> pdu_0xb75d1a38
-> pdu_0xb75d26d0
-> pdu_0xb75d3368
-> pdu_0xb75d4000
-> pdu_0xb75d4c98
-> pdu_0xb75d5930
-> pdu_0xb75d65c8
-> pdu_0xb75d7260
-> pdu_0xb75d7ef8
-> pdu_0xb75d8b90
-> pdu_0xb75d9828
-> pdu_0xb75da4c0
-> pdu_0xb75db158
-> pdu_0xb75dbdf0
-> pdu_0xb75dca88
-> pdu_0xb75dd720
-> pdu_0xb75de3b8
-> pdu_0xb75df050
-> pdu_0xb75dfce8
-> pdu_0xb75e0980
-> pdu_0xb75e1618
-> pdu_0xb75e22b0
-> pdu_0xb75e2f48
-> pdu_0xb75e3be0
-> pdu_0xb75e4878
-> pdu_0xb75e5510
-> pdu_0xb75e61a8
-> pdu_0xb75e6e40
-> pdu_0xb75e7ad8
-> pdu_0xb75e8770
-> pdu_0xb75e9408
-> pdu_0xb75ea0a0
-> pdu_0xb75ead38
-> pdu_0xb75eb9d0
-> pdu_0xb75ec668
-> pdu_0xb75ed300
-> pdu_0xb75edf98
-> pdu_0xb75eec30
-> pdu_0xb75ef8c8
-> pdu_0xb75f0560
-> pdu_0xb75f11f8
-> pdu_0xb75f1e90
-> pdu_0xb75f2b28
-> pdu_0xb75f37c0
-> pdu_0xb75f4458
-> pdu_0xb75f50f0
-> pdu_0xb75f5d88
-> pdu_0xb75f6a20
-> pdu_0xb75f76b8
-> pdu_0xb75f8350
-> pdu_0xb75f8fe8
-> pdu_0xb75f9c80
-> pdu_0xb75fa918
-> pdu_0xb75fb5b0
-> pdu_0xb75fc248
-> pdu_0xb75fcee0
-> pdu_0xb75fdb78
-> pdu_0xb75fe810
-> pdu_0xb75ff4a8
-> pdu_0xb7600140
-> pdu_0xb7600dd8
-> pdu_0xb7601a70
-> pdu_0xb7602708
-> pdu_0xb76033a0
-> pdu_0xb7604038
-> pdu_0xb7604cd0
-> pdu_0xb7605968
-> pdu_0xb7606600
-> pdu_0xb7607298
-> pdu_0xb7607f30
-> pdu_0xb7608bc8
-> pdu_0xb7609860
-> pdu_0xb760a4f8
-> pdu_0xb760b190
-> pdu_0xb760be28
-> pdu_0xb760cac0
-> pdu_0xb760d758
-> pdu_0xb760e3f0
-> pdu_0xb760f088
-> pdu_0xb760fd20
-> pdu_0xb76109b8
-> pdu_0xb7611650
-> pdu_0xb76122e8
-> pdu_0xb7612f80
-> pdu_0xb7613c18
-> pdu_0xb76148b0
-> pdu_0xb7615548
-> pdu_0xb76161e0
-> pdu_0xb7616e78
-> pdu_0xb7617b10
-> pdu_0xb76187a8
-> pdu_0xb7619440
-> pdu_0xb761a0d8
-> pdu_0xb761ad70
-> pdu_0xb761ba08
-> pdu_0xb761c6a0
-> pdu_0xb761d338
-> pdu_0xb761dfd0
-> pdu_0xb761ec68
-> pdu_0xb761f900
-> pdu_0xb7620598
-> pdu_0xb7621230
-> pdu_0xb7621ec8
-> pdu_0xb7622b60
-> pdu_0xb76237f8
-> pdu_0xb7624490
-> pdu_0xb7625128
-> pdu_0xb7625dc0
-> pdu_0xb7626a58
-> pdu_0xb76276f0
-> pdu_0xb7628388
-> pdu_0xb7629020
-> pdu_0xb7629cb8
-> pdu_0xb762a950
-> pdu_0xb762b5e8
-> pdu_0xb762c280
-> pdu_0xb762cf18
-> pdu_0xb762dbb0
-> pdu_0xb762e848
-> pdu_0xb762f4e0
-> pdu_0xb7630178
-> pdu_0xb7630e10
-> pdu_0xb7631aa8
-> pdu_0xb7632740
-> pdu_0xb76333d8
-> pdu_0xb7634070
-> pdu_0xb7634d08
-> pdu_0xb76359a0
-> pdu_0xb7636638
-> pdu_0xb76372d0
-> pdu_0xb7637f68
-> pdu_0xb7638c00
-> pdu_0xb7639898
-> pdu_0xb763a530
-> pdu_0xb763b1c8
-> pdu_0xb763be60
-> pdu_0xb763caf8
-> pdu_0xb763d790
-> pdu_0xb763e428
-> pdu_0xb763f0c0
-> pdu_0xb763fd58
-> pdu_0xb76409f0
-> pdu_0xb7641688
-> pdu_0xb7642320
-> pdu_0xb7642fb8
-> pdu_0xb7643c50
-> pdu_0xb76448e8
-> pdu_0xb7645580
-> pdu_0xb7646218
-> pdu_0xb7646eb0
-> pdu_0xb7647b48
-> pdu_0xb76487e0
-> pdu_0xb7649478
-> pdu_0xb764a110
-> pdu_0xb764ada8
-> pdu_0xb764ba40
-> pdu_0xb764c6d8
-> pdu_0xb764d370
-> pdu_0xb764e008
-> pdu_0xb764eca0
-> pdu_0xb764f938
-> pdu_0xb76505d0
-> pdu_0xb7651268
-> pdu_0xb7651f00
-> pdu_0xb7652b98
-> pdu_0xb7653830
-> pdu_0xb76544c8
-> pdu_0xb7655160
-> pdu_0xb7655df8
-> pdu_0xb7656a90
-> pdu_0xb7657728
-> pdu_0xb76583c0
-> pdu_0xb7659058
-> pdu_0xb7659cf0
-> pdu_0xb765a988
-> pdu_0xb765b620
-> pdu_0xb765c2b8
-> pdu_0xb765cf50
-> pdu_0xb765dbe8
-> pdu_0xb765e880
-> pdu_0xb765f518
-> pdu_0xb76601b0
-> pdu_0xb7660e48
-> pdu_0xb7661ae0
-> pdu_0xb7662778
-> pdu_0xb7663410
-> pdu_0xb76640a8
-> pdu_0xb7664d40
-> pdu_0xb76659d8
-> pdu_0xb7666670
-> pdu_0xb7667308
-> pdu_0xb7667fa0
-> pdu_0xb7668c38
-> pdu_0xb76698d0
-> pdu_0xb766a568
-> pdu_0xb766b200
-> pdu_0xb766be98
-> pdu_0xb766cb30
-> pdu_0xb766d7c8
-> pdu_0xb766e460
-> pdu_0xb766f0f8
-> pdu_0xb766fd90
-> pdu_0xb7670a28
-> pdu_0xb76716c0
-> pdu_0xb7672358
-> pdu_0xb7672ff0
-> pdu_0xb7673c88
-> pdu_0xb7674920
-> pdu_0xb76755b8
-> pdu_0xb7676250
-> pdu_0xb7676ee8
-> pdu_0xb7677b80
-> pdu_0xb7678818
-> pdu_0xb76794b0
-> pdu_0xb767a148
-> pdu_0xb767ade0
-> pdu_0xb767ba78
-> pdu_0xb767c710
-> pdu_0xb767d3a8
-> pdu_0xb767e040
-> pdu_0xb767ecd8
-> pdu_0xb767f970
-> pdu_0xb7680608
-> pdu_0xb76812a0
-> pdu_0xb7681f38
-> pdu_0xb7682bd0
-> pdu_0xb7683868
-> pdu_0xb7684500
-> pdu_0xb7685198
-> pdu_0xb7685e30
-> pdu_0xb7686ac8
-> pdu_0xb7687760
-> pdu_0xb76883f8
-> pdu_0xb7689090
-> pdu_0xb7689d28
-> pdu_0xb768a9c0
-> pdu_0xb768b658
-> pdu_0xb768c2f0
-> pdu_0xb768cf88
-> pdu_0xb768dc20
-> pdu_0xb768e8b8
-> pdu_0xb768f550
-> pdu_0xb76901e8
-> pdu_0xb7690e80
-> pdu_0xb7691b18
-> pdu_0xb76927b0
-> pdu_0xb7693448
-> pdu_0xb76940e0
-> pdu_0xb7694d78
-> pdu_0xb7695a10
-> pdu_0xb76966a8
-> pdu_0xb7697340
-> pdu_0xb7697fd8
-> pdu_0xb7698c70
-> pdu_0xb7699908
-> pdu_0xb769a5a0
-> pdu_0xb769b238
-> pdu_0xb769bed0
-> pdu_0xb769cb68
-> pdu_0xb769d800
-> pdu_0xb769e498
-> pdu_0xb769f130
-> pdu_0xb769fdc8
-> pdu_0xb76a0a60
-> pdu_0xb76a16f8
-> pdu_0xb76a2390
-> pdu_0xb76a3028
-> pdu_0xb76a3cc0
-> pdu_0xb76a4958
-> pdu_0xb76a55f0
-> pdu_0xb76a6288
-> pdu_0xb76a6f20
-> pdu_0xb76a7bb8
-> pdu_0xb76a8850
-> pdu_0xb76a94e8
-> pdu_0xb76aa180
-> pdu_0xb76aae18
-> pdu_0xb76abab0
-> pdu_0xb76ac748
-> pdu_0xb76ad3e0
-> pdu_0xb76ae078
-> pdu_0xb76aed10
-> pdu_0xb76af9a8
-> pdu_0xb76b0640
-> pdu_0xb76b12d8
-> pdu_0xb76b1f70
-> pdu_0xb76b2c08
-> pdu_0xb76b38a0
-> pdu_0xb76b4538
-> pdu_0xb76b51d0
-> pdu_0xb76b5e68
-> pdu_0xb76b6b00
-> pdu_0xb76b7798
-> pdu_0xb76b8430
-> pdu_0xb76b90c8
-> pdu_0xb76b9d60
-> pdu_0xb76ba9f8
-> pdu_0xb76bb690
-> pdu_0xb76bc328
-> pdu_0xb76bcfc0
-> pdu_0xb76bdc58
-> pdu_0xb76be8f0
-> pdu_0xb76bf588
-> pdu_0xb76c0220
-> pdu_0xb76c0eb8
-> pdu_0xb76c1b50
-> pdu_0xb76c27e8
-> pdu_0xb76c3480
-> pdu_0xb76c4118
-> pdu_0xb76c4db0
-> pdu_0xb76c5a48
-> pdu_0xb76c66e0
-> pdu_0xb76c7378
-> pdu_0xb76c8010
-> pdu_0xb76c8ca8
-> pdu_0xb76c9940
-> pdu_0xb76ca5d8
-> pdu_0xb76cb270
-> pdu_0xb76cbf08
-> pdu_0xb76ccba0
-> pdu_0xb76cd838
-> pdu_0xb76ce4d0
-> pdu_0xb76cf168
-> pdu_0xb76cfe00
-> pdu_0xb76d0a98
-> pdu_0xb76d1730
-> pdu_0xb76d23c8
-> pdu_0xb76d3060
-> pdu_0xb76d3cf8
-> pdu_0xb76d4990
-> pdu_0xb76d5628
-> pdu_0xb76d62c0
-> pdu_0xb76d6f58
-> pdu_0xb76d7bf0
-> pdu_0xb76d8888
-> pdu_0xb76d9520
-> pdu_0xb76da1b8
-> pdu_0xb76dae50
-> pdu_0xb76dbae8
-> pdu_0xb76dc780
-> pdu_0xb76dd418
-> pdu_0xb76de0b0
-> pdu_0xb76ded48
-> pdu_0xb76df9e0
-> pdu_0xb76e0678
-> pdu_0xb76e1310
-> pdu_0xb76e1fa8
-> pdu_0xb76e2c40
-> pdu_0xb76e38d8
-> pdu_0xb76e4570
-> pdu_0xb76e5208
-> pdu_0xb76e5ea0
-> pdu_0xb76e6b38
-> pdu_0xb76e77d0
-> pdu_0xb76e8468
-> pdu_0xb76e9100
-> pdu_0xb76e9d98
-> pdu_0xb76eaa30
-> pdu_0xb76eb6c8
-> pdu_0xb76ec360
-> pdu_0xb76ecff8
-> pdu_0xb76edc90
-> pdu_0xb76ee928
-> pdu_0xb76ef5c0
-> pdu_0xb76f0258
-> pdu_0xb76f0ef0
-> pdu_0xb76f1b88
-> pdu_0xb76f2820
-> pdu_0xb76f34b8
-> pdu_0xb76f4150
-> pdu_0xb76f4de8
-> pdu_0xb76f5a80
-> pdu_0xb76f6718
-> pdu_0xb76f73b0
-> pdu_0xb76f8048
-> pdu_0xb76f8ce0
-> pdu_0xb76f9978
-> pdu_0xb76fa610
-> pdu_0xb76fb2a8
-> pdu_0xb76fbf40
-> pdu_0xb76fcbd8
-> pdu_0xb76fd870
-> pdu_0xb76fe508
-> pdu_0xb76ff1a0
-> pdu_0xb76ffe38
-> pdu_0xb7700ad0
-> pdu_0xb7701768
-> pdu_0xb7702400
-> pdu_0xb7703098
-> pdu_0xb7703d30
-> pdu_0xb77049c8
-> pdu_0xb7705660
-> pdu_0xb77062f8
-> pdu_0xb7706f90
-> pdu_0xb7707c28
-> pdu_0xb77088c0
-> pdu_0xb7709558
-> pdu_0xb770a1f0
-> pdu_0xb770ae88
-> pdu_0xb770bb20
-> pdu_0xb770c7b8
-> pdu_0xb770d450
-> pdu_0xb770e0e8
-> pdu_0xb770ed80
-> pdu_0xb770fa18
-> pdu_0xb77106b0
-> pdu_0xb7711348
-> pdu_0xb7711fe0
-> pdu_0xb7712c78
-> pdu_0xb7713910
-> pdu_0xb77145a8
-> pdu_0xb7715240
-> pdu_0xb7715ed8
-> pdu_0xb7716b70
-> pdu_0xb7717808
-> pdu_0xb77184a0
-> pdu_0xb7719138
-> pdu_0xb7719dd0
-> pdu_0xb771aa68
-> pdu_0xb771b700
-> pdu_0xb771c398
-> pdu_0xb771d030
-> pdu_0xb771dcc8
-> pdu_0xb771e960
-> pdu_0xb771f5f8
-> pdu_0xb7720290
-> pdu_0xb7720f28
-> pdu_0xb7721bc0
-> pdu_0xb7722858
-> pdu_0xb77234f0
-> pdu_0xb7724188
-> pdu_0xb7724e20
-> pdu_0xb7725ab8
-> pdu_0xb7726750
-> pdu_0xb77273e8
-> pdu_0xb7728080
-> pdu_0xb7728d18
-> pdu_0xb77299b0
-> pdu_0xb772a648
-> pdu_0xb772b2e0
-> pdu_0xb772bf78
-> pdu_0xb772cc10
-> pdu_0xb772d8a8
-> pdu_0xb772e540
-> pdu_0xb772f1d8
-> pdu_0xb772fe70
-> pdu_0xb7730b08
-> pdu_0xb77317a0
-> pdu_0xb7732438
-> pdu_0xb77330d0
-> pdu_0xb7733d68
-> pdu_0xb7734a00
-> pdu_0xb7735698
-> pdu_0xb7736330
-> pdu_0xb7736fc8
-> pdu_0xb7737c60
-> pdu_0xb77388f8
-> pdu_0xb7739590
-> pdu_0xb773a228
-> pdu_0xb773aec0
-> pdu_0xb773bb58
-> pdu_0xb773c7f0
-> pdu_0xb773d488
-> pdu_0xb773e120
-> pdu_0xb773edb8
-> pdu_0xb773fa50
-> pdu_0xb77406e8
-> pdu_0xb7741380
-> pdu_0xb7742018
-> pdu_0xb7742cb0
-> pdu_0xb7743948
-> pdu_0xb77445e0
-> pdu_0xb7745278
-> pdu_0xb7745f10
-> pdu_0xb7746ba8
-> pdu_0xb7747840
-> pdu_0xb77484d8
-> pdu_0xb7749170
-> pdu_0xb7749e08
-> pdu_0xb774aaa0
-> pdu_0xb774b738
-> pdu_0xb774c3d0
-> pdu_0xb774d068
-> pdu_0xb774dd00
-> pdu_0xb774e998
-> pdu_0xb774f630
-> pdu_0xb77502c8
-> pdu_0xb7750f60
-> pdu_0xb7751bf8
-> pdu_0xb7752890
-> pdu_0xb7753528
-> pdu_0xb77541c0
-> pdu_0xb7754e58
-> pdu_0xb7755af0
-> pdu_0xb7756788
-> pdu_0xb7757420
-> pdu_0xb77580b8
-> pdu_0xb7758d50
-> pdu_0xb77599e8
-> pdu_0xb775a680
-> pdu_0xb775b318
-> pdu_0xb775bfb0
-> pdu_0xb775cc48
-> pdu_0xb775d8e0
-> pdu_0xb775e578
-> pdu_0xb775f210
-> pdu_0xb775fea8
-> pdu_0xb7760b40
-> pdu_0xb77617d8
-> pdu_0xb7762470
-> pdu_0xb7763108
-> pdu_0xb7763da0
-> pdu_0xb7764a38
-> pdu_0xb77656d0
-> pdu_0xb7766368
-> pdu_0xb7767000
-> pdu_0xb7767c98
-> pdu_0xb7768930
-> pdu_0xb77695c8
-> pdu_0xb776a260
-> pdu_0xb776aef8
-> pdu_0xb776bb90
-> pdu_0xb776c828
-> pdu_0xb776d4c0
-> pdu_0xb776e158
-> pdu_0xb776edf0
-> pdu_0xb776fa88
-> pdu_0xb7770720
-> pdu_0xb77713b8
-> pdu_0xb7772050
-> pdu_0xb7772ce8
-> pdu_0xb7773980
-> pdu_0xb7774618
-> pdu_0xb77752b0
-> pdu_0xb7775f48
-> pdu_0xb7776be0
-> pdu_0xb7777878
-> pdu_0xb7778510
-> pdu_0xb77791a8
-> pdu_0xb7779e40
-> pdu_0xb777aad8
-> pdu_0xb777b770
-> pdu_0xb777c408
-> pdu_0xb777d0a0
-> pdu_0xb777dd38
-> pdu_0xb777e9d0
-> pdu_0xb777f668
-> pdu_0xb7780300
-> pdu_0xb7780f98
-> pdu_0xb7781c30
[label=free_pdus];
Data structure dump 3384
----------------------
hit_0xbfd7cb00 [label="tid_b7783960"];
hit_0xbfd7cb00  // free_pdus
-> pdu_0xb6d1fb18  // (CONN)
[label=free_pdus];
Hit structure dump 1
======================
