FMT0 persist at /var/zxid/bus/ch/default/zvuWsewQqt-hYflrtXC9yYEWb8E 'foo bar' len=61 rcpt(0)
FMT0 persist at /var/zxid/bus/ch/default/JW8CltIg8QbpBEDWamF1SPZxDYk '' len=54 rcpt(0)
FMT0 persist at /var/zxid/bus/ch/default/bjZtT6SuxzOFHc1GLnoFdMdSbm0 'F' len=55 rcpt(0)
FMT0 persist at /var/zxid/bus/ch/default/3yaWfCFEuyz-HXA7_PY2lV-zfYg 'test(-1,10' len=69 rcpt(0)
FMT0 persist at /var/zxid/bus/ch/default/35OUqHeMdhRnPCsPBJH-BCvMKoU 'test(-1,10' len=69 rcpt(1)
FMT0 persist at /var/zxid/bus/ch/default/5IDVUvOLVmHmexymd4x9U4_fGiE 'test(-1,10' len=69 rcpt(2)
FMT0 persist at /var/zxid/bus/ch/default/2ILOd9iA9sXKvGjpSAQebLoq2qw 'test(-1,10' len=69 rcpt(3)
FMT0 persist at /var/zxid/bus/ch/default/5-UizDkcKov2nGMBR17-7VpVeQ8 'test(-1,10' len=69 rcpt(4)
FMT0 persist at /var/zxid/bus/ch/default/JP2s0dI6xNkX63n7ZkAjqUUU-RM 'test(-1,10' len=69 rcpt(5)
FMT0 persist at /var/zxid/bus/ch/default/uwFxZrtMSOtP5tVOS0qE62ExX1Y 'test(-1,10' len=69 rcpt(6)
FMT0 persist at /var/zxid/bus/ch/default/HOXHKXrNynLHrbxJ7ff7TUU_7D4 'test(-1,10' len=69 rcpt(7)
FMT0 persist at /var/zxid/bus/ch/default/Xk6XftlZus_9dohsr01EI54p0OU 'test(-1,10' len=69 rcpt(8)
FMT0 persist at /var/zxid/bus/ch/default/d8lbiMfQlvezKDfBsg9NlAqSQ-8 'test(-1,10' len=69 rcpt(9)
FMT0 persist at /var/zxid/bus/ch/default/JEnG2wwROfDNZ36Sc9PWrpIWSCk 'test(-1,10' len=70 rcpt(10)
FMT0 persist at /var/zxid/bus/ch/default/f5-vIEPUTox43OUX1nL-yg-OS3o 'test(-1,10' len=69 rcpt(11)
FMT0 persist at /var/zxid/bus/ch/default/ojkE2iuWTmkaGBMgZ9SDyFUapkc 'test(-1,10' len=69 rcpt(12)
FMT0 persist at /var/zxid/bus/ch/default/V9ZWdFF9Jzkkdi8HYyt2a2kcizw 'test(-1,10' len=69 rcpt(13)
FMT0 persist at /var/zxid/bus/ch/default/Re6LCQ0mlGRH_UFkdIjxX6u-LQw 'test(-1,10' len=69 rcpt(14)
FMT0 persist at /var/zxid/bus/ch/default/wVbDRlDK_mvYm4b968rnOQfkHHI 'test(-1,10' len=69 rcpt(15)
FMT0 persist at /var/zxid/bus/ch/default/FM4qmrnEhUOsYmWO4iymXkZbSdQ 'test(-1,10' len=69 rcpt(16)
FMT0 persist at /var/zxid/bus/ch/default/vUj8SZ2Js2gY9s43iRSugPbzY_M 'test(-1,10' len=69 rcpt(17)
FMT0 persist at /var/zxid/bus/ch/default/LFtciBs-W1RGhdIjBPJYgd2Y_Ag 'test(-1,10' len=69 rcpt(18)
FMT0 persist at /var/zxid/bus/ch/default/44YuNEl5ol5XEF8Zh5_8s6esUFU 'test(-1,10' len=69 rcpt(19)
FMT0 persist at /var/zxid/bus/ch/default/biYNQsjIZvP9Nzwnjyjuhv4lwNw 'test(-1,9,' len=69 rcpt(20)
FMT0 persist at /var/zxid/bus/ch/default/h3hZBocFbvmGiqNhz1YCT8s2hxU 'test(-1,9,' len=69 rcpt(21)
FMT0 persist at /var/zxid/bus/ch/default/5gjqBP2HG8Z1RF00jeIZFRZ5iP8 'test(-1,9,' len=69 rcpt(22)
FMT0 persist at /var/zxid/bus/ch/default/UrP8sCUgjN_SESLjVJfR6SBECwI 'test(-1,9,' len=69 rcpt(23)
FMT0 persist at /var/zxid/bus/ch/default/pM5fhVEqNf4aWOiA9gsH2KRJ_mw 'test(-1,9,' len=69 rcpt(24)
FMT0 persist at /var/zxid/bus/ch/default/rmWZsD9S-WqqPRbKdSDWNM-t9Ek 'test(-1,9,' len=69 rcpt(25)
FMT0 persist at /var/zxid/bus/ch/default/B0AY5AARAoRD6S9XHG7T1p7QWsU 'test(-1,9,' len=69 rcpt(26)
FMT0 persist at /var/zxid/bus/ch/default/IRcNzrDtvUVA7Yhte9B_1mJOvrw 'test(-1,9,' len=69 rcpt(27)
FMT0 persist at /var/zxid/bus/ch/default/BGxDDKGsUPzGm7yl51XEMy-omLQ 'test(-1,9,' len=69 rcpt(28)
FMT0 persist at /var/zxid/bus/ch/default/jizdvrPVXQnWw-R0kUc7qENVhnE 'test(-1,9,' len=69 rcpt(29)
FMT0 persist at /var/zxid/bus/ch/default/tcQ8k_GtGPAMHY3PywB7lL6xBnc 'test(-1,9,' len=69 rcpt(30)
FMT0 persist at /var/zxid/bus/ch/default/i46sMKPBfLtcHWSkFhTGc2Nc8kQ 'test(-1,9,' len=68 rcpt(31)
FMT0 persist at /var/zxid/bus/ch/default/3AvhHDlW7RkcvqVKSXhIdaUoGTk 'test(-1,9,' len=68 rcpt(32)
FMT0 persist at /var/zxid/bus/ch/default/GTMBriSVyCUZUEmVfto66XGANOY 'test(-1,9,' len=68 rcpt(33)
FMT0 persist at /var/zxid/bus/ch/default/5f2JBM5H7TbJcVBwsnqYWlBg79E 'test(-1,9,' len=68 rcpt(34)
FMT0 persist at /var/zxid/bus/ch/default/noC8r6nipKLfR-j-0MDrOUr2L5I 'test(-1,9,' len=68 rcpt(35)
FMT0 persist at /var/zxid/bus/ch/default/PJ0PYqJnQHHeAisAMh3PYZslkxE 'test(-1,9,' len=68 rcpt(36)
FMT0 persist at /var/zxid/bus/ch/default/LhdKzX6uoPPtYJQwFMBL7UIKQtk 'test(-1,9,' len=68 rcpt(37)
FMT0 persist at /var/zxid/bus/ch/default/HbNTqyQghBJBt_i6fTaQdWXt4KY 'test(-1,9,' len=68 rcpt(38)
FMT0 persist at /var/zxid/bus/ch/default/SKxkqUzpErNZwM2c7U0pMFDh0c4 'test(-1,9,' len=68 rcpt(39)
FMT0 persist at /var/zxid/bus/ch/default/xpoEGlyR1nkyvXxnCHzb0GgRsCE 'test(-1,8,' len=69 rcpt(40)
FMT0 persist at /var/zxid/bus/ch/default/Zx7ZADF9J7uUktK8G_oueVMy4yk 'test(-1,8,' len=69 rcpt(41)
FMT0 persist at /var/zxid/bus/ch/default/sygRWnccwQRr2AQ1zfsVMklfT84 'test(-1,8,' len=69 rcpt(42)
FMT0 persist at /var/zxid/bus/ch/default/5m_BqIcyk2BJNUtXHQIMYNUXIFo 'test(-1,8,' len=69 rcpt(43)
FMT0 persist at /var/zxid/bus/ch/default/xMQa1PT4u5FmEPw6EM-Wws1lZ0s 'test(-1,8,' len=69 rcpt(44)
FMT0 persist at /var/zxid/bus/ch/default/sGvPDob7wE6ipUB8SxBTFrmkbcE 'test(-1,8,' len=69 rcpt(45)
FMT0 persist at /var/zxid/bus/ch/default/b73GDEZG3wZzj46nzpa_UH-sLq4 'test(-1,8,' len=69 rcpt(46)
FMT0 persist at /var/zxid/bus/ch/default/BAeuXWqo5o9Ej8etSbq1DQ5Rv3I 'test(-1,8,' len=69 rcpt(47)
FMT0 persist at /var/zxid/bus/ch/default/hjmE7GEoQUmmohpqo_pONQxCF34 'test(-1,8,' len=69 rcpt(48)
FMT0 persist at /var/zxid/bus/ch/default/zsmlR76yE4Fc_5Ofewocfja4mC0 'test(-1,8,' len=69 rcpt(49)
FMT0 persist at /var/zxid/bus/ch/default/4jRn6jxY9H0YVQY-alhYYIS4cBw 'test(-1,8,' len=69 rcpt(50)
FMT0 persist at /var/zxid/bus/ch/default/gr2Ql0JSHTcodq5aCN2ucfTMAvA 'test(-1,8,' len=68 rcpt(51)
FMT0 persist at /var/zxid/bus/ch/default/Dzxy0ddog2lA-exFSCzWZAngWlU 'test(-1,8,' len=68 rcpt(52)
FMT0 persist at /var/zxid/bus/ch/default/_lVyJBdnThbixgJkb42dz9RrztU 'test(-1,8,' len=68 rcpt(53)
FMT0 persist at /var/zxid/bus/ch/default/cmo1BQDiCACNBslCiAZT2IALDr4 'test(-1,8,' len=68 rcpt(54)
FMT0 persist at /var/zxid/bus/ch/default/5Zo2NZ0QCoZ-S-6eogoWx5RHZpk 'test(-1,8,' len=68 rcpt(55)
FMT0 persist at /var/zxid/bus/ch/default/q94P0s15BB5p8tBEacLw716KkiA 'test(-1,8,' len=68 rcpt(56)
FMT0 persist at /var/zxid/bus/ch/default/Rfro0cQiPGPb28S6irOC673brYg 'test(-1,8,' len=68 rcpt(57)
FMT0 persist at /var/zxid/bus/ch/default/lYO4gnFogbILyL_cVlXIrceTLm4 'test(-1,8,' len=68 rcpt(58)
FMT0 persist at /var/zxid/bus/ch/default/xa-QRsnQfA6ua-ShNpVrZNeshS8 'test(-1,8,' len=68 rcpt(59)
FMT0 persist at /var/zxid/bus/ch/default/Xrai02IvSenif5Br4Rv0wfVdrt4 'test(-1,7,' len=69 rcpt(60)
FMT0 persist at /var/zxid/bus/ch/default/QybmwQtGwTTlRtF4w-TS57pHrC4 'test(-1,7,' len=69 rcpt(61)
FMT0 persist at /var/zxid/bus/ch/default/mnSnI6vuA3A9e6vGpNqbvtxbIZ8 'test(-1,7,' len=69 rcpt(62)
FMT0 persist at /var/zxid/bus/ch/default/KFZ4s5RYugEc3IEua9N_Hp2ItKU 'test(-1,7,' len=69 rcpt(63)
FMT0 persist at /var/zxid/bus/ch/default/qjo5peUNiqaWMjcnpmcYyEFRGd4 'test(-1,7,' len=69 rcpt(64)
FMT0 persist at /var/zxid/bus/ch/default/0bbqnrgthv5AtKu_jvHHPYm7590 'test(-1,7,' len=69 rcpt(65)
FMT0 persist at /var/zxid/bus/ch/default/_aKBUUZgxAl9SgDyl2Zf65wGG6c 'test(-1,7,' len=69 rcpt(66)
FMT0 persist at /var/zxid/bus/ch/default/R2fMaTmsxl4tZS1gc7Qw1y07OLU 'test(-1,7,' len=69 rcpt(67)
FMT0 persist at /var/zxid/bus/ch/default/lxvddNO8gejTqKyT0XFOli-OL2k 'test(-1,7,' len=69 rcpt(68)
FMT0 persist at /var/zxid/bus/ch/default/UPJIRTBI5b3IwFJCnGwzhSAU6IQ 'test(-1,7,' len=69 rcpt(69)
FMT0 persist at /var/zxid/bus/ch/default/mdRUqS9rLqvWsnU81ntSNFjwI_U 'test(-1,7,' len=69 rcpt(70)
FMT0 persist at /var/zxid/bus/ch/default/ZnIp0VWMCP0CJCs7GX9zlScNTBc 'test(-1,7,' len=68 rcpt(71)
FMT0 persist at /var/zxid/bus/ch/default/X4dMKJbhbgh1PtkPnI4AbkzzASw 'test(-1,7,' len=68 rcpt(72)
FMT0 persist at /var/zxid/bus/ch/default/BIgPNyPRYli3Qr00FokPKkeMppE 'test(-1,7,' len=68 rcpt(73)
FMT0 persist at /var/zxid/bus/ch/default/A72Y2GXCU-9HiColGacDQNnx5_8 'test(-1,7,' len=68 rcpt(74)
FMT0 persist at /var/zxid/bus/ch/default/6WQ2WpEs_2hyFX_gEZmjACP71yo 'test(-1,7,' len=68 rcpt(75)
FMT0 persist at /var/zxid/bus/ch/default/lAZgZXVL5hyZDVZqfbl5D0fzJZ8 'test(-1,7,' len=68 rcpt(76)
FMT0 persist at /var/zxid/bus/ch/default/9YzHqcq1sfNyX-X2edrFYnDmPyU 'test(-1,7,' len=68 rcpt(77)
FMT0 persist at /var/zxid/bus/ch/default/eCbQv63zhXmNdap_uyeyjWyj4NI 'test(-1,7,' len=68 rcpt(78)
FMT0 persist at /var/zxid/bus/ch/default/FNIl6PkbdCKgVxxYuTLSTtcpF5o 'test(-1,7,' len=68 rcpt(79)
FMT0 persist at /var/zxid/bus/ch/default/zFz96-EeVViEflesk-062FlJ8QI 'test(-1,6,' len=69 rcpt(80)
FMT0 persist at /var/zxid/bus/ch/default/L_94L33TUBQvlIXrYOUsr1snmRQ 'test(-1,6,' len=69 rcpt(81)
FMT0 persist at /var/zxid/bus/ch/default/KCd0IP0ciufPZSRirnCwZmDIT_s 'test(-1,6,' len=69 rcpt(82)
FMT0 persist at /var/zxid/bus/ch/default/2onfwo1c0_7pj2lnjO6ewz8wZOk 'test(-1,6,' len=69 rcpt(83)
FMT0 persist at /var/zxid/bus/ch/default/T4L06ew8DrPUQ3CJret-RiSX27E 'test(-1,6,' len=69 rcpt(84)
FMT0 persist at /var/zxid/bus/ch/default/xDsutRnnIKGE1CrryQpBQYgH4oM 'test(-1,6,' len=69 rcpt(85)
FMT0 persist at /var/zxid/bus/ch/default/LgMXt2uB51eevW9auOQ88kQgLBE 'test(-1,6,' len=69 rcpt(86)
FMT0 persist at /var/zxid/bus/ch/default/v6u1dhsBKL2DWpa6NMPS0wBgQX4 'test(-1,6,' len=69 rcpt(87)
FMT0 persist at /var/zxid/bus/ch/default/vmtVbSJWik1U47nXOobDhU7wTWw 'test(-1,6,' len=69 rcpt(88)
FMT0 persist at /var/zxid/bus/ch/default/ZBAQVh9FcYp-t6McIpUTuUTwJ-U 'test(-1,6,' len=69 rcpt(89)
FMT0 persist at /var/zxid/bus/ch/default/ZnbFy7OOeb1i-hZZxFOYkRZLp-A 'test(-1,6,' len=69 rcpt(90)
FMT0 persist at /var/zxid/bus/ch/default/as2YvT-clvCgw6VRIpgQqDgVqQQ 'test(-1,6,' len=68 rcpt(91)
FMT0 persist at /var/zxid/bus/ch/default/CW4WwI1aeMmO5TEAJBR4sRtuKsk 'test(-1,6,' len=68 rcpt(92)
FMT0 persist at /var/zxid/bus/ch/default/JIIEkXyRwx56USf_4BnSuwmKlq8 'test(-1,6,' len=68 rcpt(93)
FMT0 persist at /var/zxid/bus/ch/default/KbrXYSmoAefYSlwEpFDhfQsnAAI 'test(-1,6,' len=68 rcpt(94)
FMT0 persist at /var/zxid/bus/ch/default/z7aqiIO6jgRDEO5OoG2DCe6i2T4 'test(-1,6,' len=68 rcpt(95)
FMT0 persist at /var/zxid/bus/ch/default/yUor9OPr4yf3jz1O033siWjAe5Y 'test(-1,6,' len=68 rcpt(96)
FMT0 persist at /var/zxid/bus/ch/default/qDiOmcWTD8eZTXE2V1wW0eSLtZo 'test(-1,6,' len=68 rcpt(97)
FMT0 persist at /var/zxid/bus/ch/default/7Lp_dNKGd2X5rvTLIle5nYejfno 'test(-1,6,' len=68 rcpt(98)
FMT0 persist at /var/zxid/bus/ch/default/_h1K3bAjOElDanDaT-yAE9hszQ4 'test(-1,6,' len=68 rcpt(99)
FMT0 persist at /var/zxid/bus/ch/default/LZT1EP94F3I1NzGqs282TmNtlNo 'test(-1,5,' len=70 rcpt(100)
FMT0 persist at /var/zxid/bus/ch/default/cSQlYF0fm-8kZWfOFuXxjQhy94E 'test(-1,5,' len=70 rcpt(101)
FMT0 persist at /var/zxid/bus/ch/default/meonGQF1u0WY13PWMNF4qPHfCTI 'test(-1,5,' len=70 rcpt(102)
FMT0 persist at /var/zxid/bus/ch/default/FTdGIcbA3LAG92MOx_Y7nr2AqsA 'test(-1,5,' len=70 rcpt(103)
FMT0 persist at /var/zxid/bus/ch/default/DIkWvqvezNzkYiwZPr5_rmTgTDQ 'test(-1,5,' len=70 rcpt(104)
FMT0 persist at /var/zxid/bus/ch/default/Fg9AesBS7ivwYhnGRe4aZw9Viuc 'test(-1,5,' len=70 rcpt(105)
FMT0 persist at /var/zxid/bus/ch/default/bNtzrYqJ7kOWVZgena59dlEpJec 'test(-1,5,' len=70 rcpt(106)
FMT0 persist at /var/zxid/bus/ch/default/Eb2IKFgFW-gJJegOM2jCv1-xE0E 'test(-1,5,' len=70 rcpt(107)
FMT0 persist at /var/zxid/bus/ch/default/8cg3W2phukvptJE64BdZfdp52js 'test(-1,5,' len=70 rcpt(108)
FMT0 persist at /var/zxid/bus/ch/default/V6HDTfum143issWLtf_Gyyl-uRQ 'test(-1,5,' len=70 rcpt(109)
FMT0 persist at /var/zxid/bus/ch/default/pzIrdf0SbaD5rch1M7GSLBXphTE 'test(-1,5,' len=70 rcpt(110)
FMT0 persist at /var/zxid/bus/ch/default/TOKjnCzX5Lb95AU2cV93MLDLQHc 'test(-1,5,' len=69 rcpt(111)
FMT0 persist at /var/zxid/bus/ch/default/NgrG590cMHwcgmp4w-N0f0k3NCA 'test(-1,5,' len=69 rcpt(112)
FMT0 persist at /var/zxid/bus/ch/default/BpCue7sH096euy0lv0Vx6hVOag8 'test(-1,5,' len=69 rcpt(113)
FMT0 persist at /var/zxid/bus/ch/default/wwlYzZrv-UUw7RdjclZao8OcElQ 'test(-1,5,' len=69 rcpt(114)
FMT0 persist at /var/zxid/bus/ch/default/ja8NTCvOcy8XJeFu1PTPYRRmyvM 'test(-1,5,' len=69 rcpt(115)
FMT0 persist at /var/zxid/bus/ch/default/gvYB68K9UvdZbFf_1CvYcM_0FM8 'test(-1,5,' len=69 rcpt(116)
FMT0 persist at /var/zxid/bus/ch/default/0BRxlK2XOL7INWxuqtlDRvf-MxU 'test(-1,5,' len=69 rcpt(117)
FMT0 persist at /var/zxid/bus/ch/default/Wdz9pmEJgLJ3qeVzjSkF3vnSGkU 'test(-1,5,' len=69 rcpt(118)
FMT0 persist at /var/zxid/bus/ch/default/dk4rTd0d9tV4O8VjZylIcFPkrTA 'test(-1,5,' len=69 rcpt(119)
FMT0 persist at /var/zxid/bus/ch/default/W4jwsMZtvg_KHi-5UaLsd7CCokM 'test(-1,4,' len=70 rcpt(120)
FMT0 persist at /var/zxid/bus/ch/default/4jsA2lmzBzsnfcUfy1WEkIP1Xds 'test(-1,4,' len=70 rcpt(121)
FMT0 persist at /var/zxid/bus/ch/default/dfhu_C-cIOPVYg2iKuDNDn6J_yc 'test(-1,4,' len=70 rcpt(122)
FMT0 persist at /var/zxid/bus/ch/default/00BT2_Ui9mySoOX4HfhQ7A791FQ 'test(-1,4,' len=70 rcpt(123)
FMT0 persist at /var/zxid/bus/ch/default/nYS1dwS7lRG0B2RcNysJu7R9Q-Y 'test(-1,4,' len=70 rcpt(124)
FMT0 persist at /var/zxid/bus/ch/default/2hpVFDB2N_MPpDq8IbGER9zPu2w 'test(-1,4,' len=70 rcpt(125)
FMT0 persist at /var/zxid/bus/ch/default/LlNSq2WQi0fhnI49VzqscChqZVE 'test(-1,4,' len=70 rcpt(126)
FMT0 persist at /var/zxid/bus/ch/default/05s9jpPPgH0LiSh9w-ANhBcG-nE 'test(-1,4,' len=70 rcpt(127)
FMT0 persist at /var/zxid/bus/ch/default/K3bx9IXC2oquSq9VlbSuYUmisjg 'test(-1,4,' len=70 rcpt(128)
FMT0 persist at /var/zxid/bus/ch/default/Y9X0Oy_HcQrgwp_nBU5uwF_c3Bk 'test(-1,4,' len=70 rcpt(129)
FMT0 persist at /var/zxid/bus/ch/default/CkHmm6L0Mq6HtlSaqdn6H3KgKfM 'test(-1,4,' len=70 rcpt(130)
FMT0 persist at /var/zxid/bus/ch/default/ypRElrPQCfkTXw2ycoKxS7M2cQI 'test(-1,4,' len=69 rcpt(131)
FMT0 persist at /var/zxid/bus/ch/default/ZChCd0S-jDPdsFb7OR1MVgXs-C8 'test(-1,4,' len=69 rcpt(132)
FMT0 persist at /var/zxid/bus/ch/default/m-zNStWwgl0hhQbjBO4D6mzupo4 'test(-1,4,' len=69 rcpt(133)
FMT0 persist at /var/zxid/bus/ch/default/TOdjKcaamSiB0VWhgnYiRYbuZpY 'test(-1,4,' len=69 rcpt(134)
FMT0 persist at /var/zxid/bus/ch/default/hTR5iwb2Cgxbhi_DuvCJrKCWzRw 'test(-1,4,' len=69 rcpt(135)
FMT0 persist at /var/zxid/bus/ch/default/ZjFUVxV5CgKaOB-BccuQb2NnzTs 'test(-1,4,' len=69 rcpt(136)
FMT0 persist at /var/zxid/bus/ch/default/IRdq7XcDuNkJgNaTKClWEwvrEYU 'test(-1,4,' len=69 rcpt(137)
FMT0 persist at /var/zxid/bus/ch/default/Mn4bloiCsyIeB_WkArjqfhUOF3U 'test(-1,4,' len=69 rcpt(138)
FMT0 persist at /var/zxid/bus/ch/default/29UZMYJ99BAV2GMYdcBR1H1bbq0 'test(-1,4,' len=69 rcpt(139)
FMT0 persist at /var/zxid/bus/ch/default/UscZJTTrin-zp6C2V1EKAF8LDDE 'test(-1,3,' len=70 rcpt(140)
FMT0 persist at /var/zxid/bus/ch/default/z4RwGDKCu7bW4DgX_5tCj5ujfl8 'test(-1,3,' len=70 rcpt(141)
FMT0 persist at /var/zxid/bus/ch/default/0YVwjtB4MJA0PgehcIetmfLm5FU 'test(-1,3,' len=70 rcpt(142)
FMT0 persist at /var/zxid/bus/ch/default/TuIok8dpIoNEAKT3NK7HoQKy8Kg 'test(-1,3,' len=70 rcpt(143)
FMT0 persist at /var/zxid/bus/ch/default/W1YVGDnVjrNuQHd6PigcP2VNGiY 'test(-1,3,' len=70 rcpt(144)
FMT0 persist at /var/zxid/bus/ch/default/0BQJWxTmBGsiobu3zkJthgxd4wc 'test(-1,3,' len=70 rcpt(145)
FMT0 persist at /var/zxid/bus/ch/default/JaQSZrLGBP6cGmuJ6jM84ll0CU0 'test(-1,3,' len=70 rcpt(146)
FMT0 persist at /var/zxid/bus/ch/default/Z_XTFjsBsMLJXzVFdfdiQVkNY5I 'test(-1,3,' len=70 rcpt(147)
FMT0 persist at /var/zxid/bus/ch/default/hX-XXtfwOQnVRhlcZlAHMPlflIg 'test(-1,3,' len=70 rcpt(148)
FMT0 persist at /var/zxid/bus/ch/default/foz3BSwKX_AT-Q1XA1GyAR0tp9Y 'test(-1,3,' len=70 rcpt(149)
FMT0 persist at /var/zxid/bus/ch/default/SX5XfEEhrNjSCXgCfuCSi-rTO0o 'test(-1,3,' len=70 rcpt(150)
FMT0 persist at /var/zxid/bus/ch/default/ivDpH6Z_HHQiAATEgQRnMao_vTM 'test(-1,3,' len=69 rcpt(151)
FMT0 persist at /var/zxid/bus/ch/default/8dNhtKMPKQvX2DONhuAXFKjc97I 'test(-1,3,' len=69 rcpt(152)
FMT0 persist at /var/zxid/bus/ch/default/cAkKE-eDkcF6m2PWemz3Gw1OuH4 'test(-1,3,' len=69 rcpt(153)
FMT0 persist at /var/zxid/bus/ch/default/EbfQNnlK3X3RzHXyKby3NJrtiM0 'test(-1,3,' len=69 rcpt(154)
FMT0 persist at /var/zxid/bus/ch/default/N190LEzSPIux9aBO_irUmYKFQQo 'test(-1,3,' len=69 rcpt(155)
FMT0 persist at /var/zxid/bus/ch/default/S62rHOsQOAYlglszGN3A5cXsawo 'test(-1,3,' len=69 rcpt(156)
FMT0 persist at /var/zxid/bus/ch/default/J_Veqb3jIiDbWVBWbyB3LWvX3pQ 'test(-1,3,' len=69 rcpt(157)
FMT0 persist at /var/zxid/bus/ch/default/n1gsTaQYo1QlAN0mHMvsNAN0r6s 'test(-1,3,' len=69 rcpt(158)
FMT0 persist at /var/zxid/bus/ch/default/2aPxi95SpiyL_heNGwpNFr8IepQ 'test(-1,3,' len=69 rcpt(159)
FMT0 persist at /var/zxid/bus/ch/default/IehJYGmI1JUiTdxeoSf5AUIpS1g 'test(-1,2,' len=70 rcpt(160)
FMT0 persist at /var/zxid/bus/ch/default/GXzJSX-aw2S5J3SILIV7oFY12Xw 'test(-1,2,' len=70 rcpt(161)
FMT0 persist at /var/zxid/bus/ch/default/OVITqqRDqsEgWLZWMtqh_b-A5H0 'test(-1,2,' len=70 rcpt(162)
FMT0 persist at /var/zxid/bus/ch/default/zmX4tm_h9f2Gs6j-nvAq79shCec 'test(-1,2,' len=70 rcpt(163)
FMT0 persist at /var/zxid/bus/ch/default/M4ZJtVs3OBLo97CH8Xcw6Y_CLLw 'test(-1,2,' len=70 rcpt(164)
FMT0 persist at /var/zxid/bus/ch/default/FNTx1LzxYaVxAclHQlCH7X-XvBg 'test(-1,2,' len=70 rcpt(165)
FMT0 persist at /var/zxid/bus/ch/default/LNIiGVuBPlRuAnk4UZN9Nvjzi4I 'test(-1,2,' len=70 rcpt(166)
FMT0 persist at /var/zxid/bus/ch/default/eVrAjlWfNeJ4TJE8vKPKn2bWEl8 'test(-1,2,' len=70 rcpt(167)
FMT0 persist at /var/zxid/bus/ch/default/UiwTfv7jGrH8vME3s5H35PVGFVc 'test(-1,2,' len=70 rcpt(168)
FMT0 persist at /var/zxid/bus/ch/default/9z41Y0nA6sQc4paSHpzS6mlKxi4 'test(-1,2,' len=70 rcpt(169)
FMT0 persist at /var/zxid/bus/ch/default/CJoEkOA5pKW_haDaVzfDM5JKfWw 'test(-1,2,' len=70 rcpt(170)
FMT0 persist at /var/zxid/bus/ch/default/qWz7fHkE3YnqQTEJcy4AIA5sKaY 'test(-1,2,' len=69 rcpt(171)
FMT0 persist at /var/zxid/bus/ch/default/olnYjB4PxChY-pglI3gtzbq-vJo 'test(-1,2,' len=69 rcpt(172)
FMT0 persist at /var/zxid/bus/ch/default/fLAkyZYPWt6KOQoeomP-vKGPVN0 'test(-1,2,' len=69 rcpt(173)
FMT0 persist at /var/zxid/bus/ch/default/ohDSEgSk6ryf5PHMmfQHJKq-PFI 'test(-1,2,' len=69 rcpt(174)
FMT0 persist at /var/zxid/bus/ch/default/fPJFRyMvU6g8K7Hw3TvkR2OtocM 'test(-1,2,' len=69 rcpt(175)
FMT0 persist at /var/zxid/bus/ch/default/GGfLl6j_InTy5ytbDVs2ujcDlZw 'test(-1,2,' len=69 rcpt(176)
FMT0 persist at /var/zxid/bus/ch/default/7YxW2VaB5DpDkAz5trwp3Ax3wZI 'test(-1,2,' len=69 rcpt(177)
FMT0 persist at /var/zxid/bus/ch/default/BR9Ph-SeirIURiHt-qVU_ZteJlY 'test(-1,2,' len=69 rcpt(178)
FMT0 persist at /var/zxid/bus/ch/default/CAabkvyFRx0BKllrR-vcVGY54Ms 'test(-1,2,' len=69 rcpt(179)
FMT0 persist at /var/zxid/bus/ch/default/5JZfNr46_6qI7vhecLqw_ILHG_0 'test(-1,1,' len=70 rcpt(180)
FMT0 persist at /var/zxid/bus/ch/default/SGwxQ_FdT3A6ik5tNKbC5mvnzgM 'test(-1,1,' len=70 rcpt(181)
FMT0 persist at /var/zxid/bus/ch/default/Ia_CFrw1-zoHcg7S5QxyCQx-SU4 'test(-1,1,' len=70 rcpt(182)
FMT0 persist at /var/zxid/bus/ch/default/0ZbZgCo4g0vu5h28Ek9gw7Ytdjs 'test(-1,1,' len=70 rcpt(183)
FMT0 persist at /var/zxid/bus/ch/default/w-eykZu45fM_XvjDBOYUSF2FZM4 'test(-1,1,' len=70 rcpt(184)
FMT0 persist at /var/zxid/bus/ch/default/JyX63XJwQM7UYJSP5I4pIR0VmZk 'test(-1,1,' len=70 rcpt(185)
FMT0 persist at /var/zxid/bus/ch/default/NSJPenF9FjogbKEJw6ca26PS_YQ 'test(-1,1,' len=70 rcpt(186)
FMT0 persist at /var/zxid/bus/ch/default/wDLZVz5CSdJSrcKVQyrWNFdeBoM 'test(-1,1,' len=70 rcpt(187)
FMT0 persist at /var/zxid/bus/ch/default/81PyqnAeb_IbFBYE1OmhR657z8Y 'test(-1,1,' len=70 rcpt(188)
FMT0 persist at /var/zxid/bus/ch/default/5aMsniqYhZ3BaaGpzAx4KIsoMf0 'test(-1,1,' len=70 rcpt(189)
FMT0 persist at /var/zxid/bus/ch/default/DWbJHkKz6WiSupYaA3tL1rHHVrI 'test(-1,1,' len=70 rcpt(190)
FMT0 persist at /var/zxid/bus/ch/default/_QstI9txTGoLfzRpuSJMjECdseo 'test(-1,1,' len=69 rcpt(191)
FMT0 persist at /var/zxid/bus/ch/default/lkDhTw_AmwroUMna8wJmuPpPRco 'test(-1,1,' len=69 rcpt(192)
FMT0 persist at /var/zxid/bus/ch/default/eSJEWgmOM7T_qutlQzr2gNBviEc 'test(-1,1,' len=69 rcpt(193)
FMT0 persist at /var/zxid/bus/ch/default/zkm-zt2jLxp1Qm27FLBXXk1q5J8 'test(-1,1,' len=69 rcpt(194)
FMT0 persist at /var/zxid/bus/ch/default/60La3iNyMut5ik_JXt13n5LBDV0 'test(-1,1,' len=69 rcpt(195)
FMT0 persist at /var/zxid/bus/ch/default/Mimck2fMjz8BkutqZvW_8NPAm70 'test(-1,1,' len=69 rcpt(196)
FMT0 persist at /var/zxid/bus/ch/default/-mGfiZRtzEvudDjZueFqgkmWPDs 'test(-1,1,' len=69 rcpt(197)
FMT0 persist at /var/zxid/bus/ch/default/TK4nD0AlE09MVKvIziTJsooAlxQ 'test(-1,1,' len=69 rcpt(198)
FMT0 persist at /var/zxid/bus/ch/default/Vh27nmUo7GROgR2smUSy5U4yWnw 'test(-1,1,' len=69 rcpt(199)
FMT0 persist at /var/zxid/bus/ch/default/bjZtT6SuxzOFHc1GLnoFdMdSbm0 'F' len=55 rcpt(0)
shf_0x93d8400  // max_ios=1000
-> io_0x110620
  io_0x110620 -> pdu_0xd11b98 [label=cur_pdu]; // fd=0x6
  io_0x110620 -> null [label=reqs];
  io_0x110620 -> null [label=pending];
  io_0x110620 -> null [label=to_write_produce];
  io_0x110620 -> null [label=to_write_consume];  // n_to_write=0
  io_0x110620 -> null [label=in_write];
-> io_0x110724
  io_0x110724 -> pdu_0x116f6b8 [label=cur_pdu]; // fd=0x7
  io_0x110724 -> null [label=reqs];
  io_0x110724  // pending
    -> pdu_0x1157ce8  // (MESS)
    pdu_0x1157ce8 -> null [label=reals];
    pdu_0x1157ce8 -> null [label=synths];
    pdu_0x1157ce8 -> null [label=subresps];
  io_0x110724 -> null [label=to_write_produce];
  io_0x110724 -> null [label=to_write_consume];  // n_to_write=0
  io_0x110724 -> null [label=in_write];
-> io_0x110828
  io_0x110828 -> pdu_0xd134c8 [label=cur_pdu]; // fd=0x8
  io_0x110828 -> null [label=reqs];
  io_0x110828 -> null [label=pending];
  io_0x110828 -> null [label=to_write_produce];
  io_0x110828 -> null [label=to_write_consume];  // n_to_write=0
  io_0x110828 -> null [label=in_write];
-> io_0x11092c
  io_0x11092c -> pdu_0x115ee40 [label=cur_pdu]; // fd=0x9
  io_0x11092c -> null [label=reqs];
  io_0x11092c -> null [label=pending];
  io_0x11092c -> null [label=to_write_produce];
  io_0x11092c -> null [label=to_write_consume];  // n_to_write=0
  io_0x11092c -> null [label=in_write];
-> io_0x110f44
  io_0x110f44 -> pdu_0x115a2b0 [label=cur_pdu]; // fd=0xf
  io_0x110f44  // reqs
    -> pdu_0x1165f98  // (ZXCT)
    pdu_0x1165f98 -> null [label=reals];
    pdu_0x1165f98 -> null [label=synths];
    pdu_0x1165f98 -> null [label=subresps];
[label=reqs];
  io_0x110f44 -> null [label=pending];
[label=pending];
  io_0x110f44 -> null [label=to_write_produce];
  io_0x110f44 -> null [label=to_write_consume];  // n_to_write=0
  io_0x110f44 -> null [label=in_write];
[label=ios];
shf_0x93d8400 -> null [label=todo_consume];
shf_0x93d8400   // free_pdus (color=4)
-> pdu_0x11735b0 -> pdu_0x1174248 -> pdu_0x1174ee0 -> pdu_0x1175b78 -> pdu_0x1176810 -> pdu_0x11774a8 -> pdu_0x1178140 -> pdu_0x1178dd8 -> pdu_0x1179a70 -> pdu_0x117a708 -> pdu_0x117b3a0 -> pdu_0x117c038 -> pdu_0x117ccd0 -> pdu_0x117d968 -> pdu_0x117e600 -> pdu_0x117f298 -> pdu_0x117ff30 -> pdu_0x1180bc8 -> pdu_0x1181860 -> pdu_0x11824f8 -> pdu_0x1183190 -> pdu_0x1183e28 -> pdu_0x1184ac0 -> pdu_0x1185758 -> pdu_0x11863f0 -> pdu_0x1187088 -> pdu_0x1187d20 -> pdu_0x11889b8 -> pdu_0x1189650 -> pdu_0x118a2e8 -> pdu_0x118af80 -> pdu_0x118bc18 -> pdu_0x118c8b0 -> pdu_0x118d548 -> pdu_0x118e1e0 -> pdu_0x118ee78 -> pdu_0x118fb10 -> pdu_0x11907a8 -> pdu_0x1191440 -> pdu_0x11920d8 -> pdu_0x1192d70 -> pdu_0x1193a08 -> pdu_0x11946a0 -> pdu_0x1195338 -> pdu_0x1195fd0 -> pdu_0x1196c68 -> pdu_0x1197900 -> pdu_0x1198598 -> pdu_0x1199230 -> pdu_0x1199ec8 -> pdu_0x119ab60 -> pdu_0x119b7f8 -> pdu_0x119c490 -> pdu_0x119d128 -> pdu_0x119ddc0 -> pdu_0x119ea58 -> pdu_0x119f6f0 -> pdu_0x11a0388 -> pdu_0x11a1020 -> pdu_0x11a1cb8 -> pdu_0x11a2950 -> pdu_0x11a35e8 -> pdu_0x11a4280 -> pdu_0x11a4f18 -> pdu_0x11a5bb0 -> pdu_0x11a6848 -> pdu_0x11a74e0 -> pdu_0x11a8178 -> pdu_0x11a8e10 -> pdu_0x11a9aa8 -> pdu_0x11aa740 -> pdu_0x11ab3d8 -> pdu_0x11ac070 -> pdu_0x11acd08 -> pdu_0x11ad9a0 -> pdu_0x11ae638 -> pdu_0x11af2d0 -> pdu_0x11aff68 -> pdu_0x11b0c00 -> pdu_0x11b1898 -> pdu_0x11b2530 -> pdu_0x11b31c8 -> pdu_0x11b3e60 -> pdu_0x11b4af8 -> pdu_0x11b5790 -> pdu_0x11b6428 -> pdu_0x11b70c0 -> pdu_0x11b7d58 -> pdu_0x11b89f0 -> pdu_0x11b9688 -> pdu_0x11ba320 -> pdu_0x11bafb8 -> pdu_0x11bbc50 -> pdu_0x11bc8e8 -> pdu_0x11bd580 -> pdu_0x11be218 -> pdu_0x11beeb0 -> pdu_0x11bfb48 -> pdu_0x11c07e0 -> pdu_0x11c1478 -> pdu_0x11c2110 -> pdu_0x11c2da8 -> pdu_0x11c3a40 -> pdu_0x11c46d8 -> pdu_0x11c5370 -> pdu_0x11c6008 -> pdu_0x11c6ca0 -> pdu_0x11c7938 -> pdu_0x11c85d0 -> pdu_0x11c9268 -> pdu_0x11c9f00 -> pdu_0x11cab98 -> pdu_0x11cb830 -> pdu_0x11cc4c8 -> pdu_0x11cd160 -> pdu_0x11cddf8 -> pdu_0x11cea90 -> pdu_0x11cf728 -> pdu_0x11d03c0 -> pdu_0x11d1058 -> pdu_0x11d1cf0 -> pdu_0x11d2988 -> pdu_0x11d3620 -> pdu_0x11d42b8 -> pdu_0x11d4f50 -> pdu_0x11d5be8 -> pdu_0x11d6880 -> pdu_0x11d7518 -> pdu_0x11d81b0 -> pdu_0x11d8e48 -> pdu_0x11d9ae0 -> pdu_0x11da778 -> pdu_0x11db410 -> pdu_0x11dc0a8 -> pdu_0x11dcd40 -> pdu_0x11dd9d8 -> pdu_0x11de670 -> pdu_0x11df308 -> pdu_0x11dffa0 -> pdu_0x11e0c38 -> pdu_0x11e18d0 -> pdu_0x11e2568 -> pdu_0x11e3200 -> pdu_0x11e3e98 -> pdu_0x11e4b30 -> pdu_0x11e57c8 -> pdu_0x11e6460 -> pdu_0x11e70f8 -> pdu_0x11e7d90 -> pdu_0x11e8a28 -> pdu_0x11e96c0 -> pdu_0x11ea358 -> pdu_0x11eaff0 -> pdu_0x11ebc88 -> pdu_0x11ec920 -> pdu_0x11ed5b8 -> pdu_0x11ee250 -> pdu_0x11eeee8 -> pdu_0x11efb80 -> pdu_0x11f0818 -> pdu_0x11f14b0 -> pdu_0x11f2148 -> pdu_0x11f2de0 -> pdu_0x11f3a78 -> pdu_0x11f4710 -> pdu_0x11f53a8 -> pdu_0x11f6040 -> pdu_0x11f6cd8 -> pdu_0x11f7970 -> pdu_0x11f8608 -> pdu_0x11f92a0 -> pdu_0x11f9f38 -> pdu_0x11fabd0 -> pdu_0x11fb868 -> pdu_0x11fc500 -> pdu_0x11fd198 -> pdu_0x11fde30 -> pdu_0x11feac8 -> pdu_0x11ff760 -> pdu_0x12003f8 -> pdu_0x1201090 -> pdu_0x1201d28 -> pdu_0x12029c0 -> pdu_0x1203658 -> pdu_0x12042f0 -> pdu_0x1204f88 -> pdu_0x1205c20 -> pdu_0x12068b8 -> pdu_0x1207550 -> pdu_0x12081e8 -> pdu_0x1208e80 -> pdu_0x1209b18 -> pdu_0x120a7b0 -> pdu_0x120b448 -> pdu_0x120c0e0 -> pdu_0x120cd78 -> pdu_0x120da10 -> pdu_0x120e6a8 -> pdu_0x120f340 -> pdu_0x120ffd8 -> pdu_0x1210c70 -> pdu_0x1211908 -> pdu_0x12125a0 -> pdu_0x1213238 -> pdu_0x1213ed0 -> pdu_0x1214b68 -> pdu_0x1215800 -> pdu_0x1216498 -> pdu_0x1217130 -> pdu_0x1217dc8 -> pdu_0x1218a60 -> pdu_0x12196f8 -> pdu_0x121a390 -> pdu_0x121b028 -> pdu_0x121bcc0 -> pdu_0x121c958 -> pdu_0x121d5f0 -> pdu_0x121e288 -> pdu_0x121ef20 -> pdu_0x121fbb8 -> pdu_0x1220850 -> pdu_0x12214e8 -> pdu_0x1222180 -> pdu_0x1222e18 -> pdu_0x1223ab0 -> pdu_0x1224748 -> pdu_0x12253e0 -> pdu_0x1226078 -> pdu_0x1226d10 -> pdu_0x12279a8 -> pdu_0x1228640 -> pdu_0x12292d8 -> pdu_0x1229f70 -> pdu_0x122ac08 -> pdu_0x122b8a0 -> pdu_0x122c538 -> pdu_0x122d1d0 -> pdu_0x122de68 -> pdu_0x122eb00 -> pdu_0x122f798 -> pdu_0x1230430 -> pdu_0x12310c8 -> pdu_0x1231d60 -> pdu_0x12329f8 -> pdu_0x1233690 -> pdu_0x1234328 -> pdu_0x1234fc0 -> pdu_0x1235c58 -> pdu_0x12368f0 -> pdu_0x1237588 -> pdu_0x1238220 -> pdu_0x1238eb8 -> pdu_0x1239b50 -> pdu_0x123a7e8 -> pdu_0x123b480 -> pdu_0x123c118 -> pdu_0x123cdb0 -> pdu_0x123da48 -> pdu_0x123e6e0 -> pdu_0x123f378 -> pdu_0x1240010 -> pdu_0x1240ca8 -> pdu_0x1241940 -> pdu_0x12425d8 -> pdu_0x1243270 -> pdu_0x1243f08 -> pdu_0x1244ba0 -> pdu_0x1245838 -> pdu_0x12464d0 -> pdu_0x1247168 -> pdu_0x1247e00 -> pdu_0x1248a98 -> pdu_0x1249730 -> pdu_0x124a3c8 -> pdu_0x124b060 -> pdu_0x124bcf8 -> pdu_0x124c990 -> pdu_0x124d628 -> pdu_0x124e2c0 -> pdu_0x124ef58 -> pdu_0x124fbf0 -> pdu_0x1250888 -> pdu_0x1251520 -> pdu_0x12521b8 -> pdu_0x1252e50 -> pdu_0x1253ae8 -> pdu_0x1254780 -> pdu_0x1255418 -> pdu_0x12560b0 -> pdu_0x1256d48 -> pdu_0x12579e0 -> pdu_0x1258678 -> pdu_0x1259310 -> pdu_0x1259fa8 -> pdu_0x125ac40 -> pdu_0x125b8d8 -> pdu_0x125c570 -> pdu_0x125d208 -> pdu_0x125dea0 -> pdu_0x125eb38 -> pdu_0x125f7d0 -> pdu_0x1260468 -> pdu_0x1261100 -> pdu_0x1261d98 -> pdu_0x1262a30 -> pdu_0x12636c8 -> pdu_0x1264360 -> pdu_0x1264ff8 -> pdu_0x1265c90 -> pdu_0x1266928 -> pdu_0x12675c0 -> pdu_0x1268258 -> pdu_0x1268ef0 -> pdu_0x1269b88 -> pdu_0x126a820 -> pdu_0x126b4b8 -> pdu_0x126c150 -> pdu_0x126cde8 -> pdu_0x126da80 -> pdu_0x126e718 -> pdu_0x126f3b0 -> pdu_0x1270048 -> pdu_0x1270ce0 -> pdu_0x1271978 -> pdu_0x1272610 -> pdu_0x12732a8 -> pdu_0x1273f40 -> pdu_0x1274bd8 -> pdu_0x1275870 -> pdu_0x1276508 -> pdu_0x12771a0 -> pdu_0x1277e38 -> pdu_0x1278ad0 -> pdu_0x1279768 -> pdu_0x127a400 -> pdu_0x127b098 -> pdu_0x127bd30 -> pdu_0x127c9c8 -> pdu_0x127d660 -> pdu_0x127e2f8 -> pdu_0x127ef90 -> pdu_0x127fc28 -> pdu_0x12808c0 -> pdu_0x1281558 -> pdu_0x12821f0 -> pdu_0x1282e88 -> pdu_0x1283b20 -> pdu_0x12847b8 -> pdu_0x1285450 -> pdu_0x12860e8 -> pdu_0x1286d80 -> pdu_0x1287a18 -> pdu_0x12886b0 -> pdu_0x1289348 -> pdu_0x1289fe0 -> pdu_0x128ac78 -> pdu_0x128b910 -> pdu_0x128c5a8 -> pdu_0x128d240 -> pdu_0x128ded8 -> pdu_0x128eb70 -> pdu_0x128f808 -> pdu_0x12904a0 -> pdu_0x1291138 -> pdu_0x1291dd0 -> pdu_0x1292a68 -> pdu_0x1293700 -> pdu_0x1294398 -> pdu_0x1295030 -> pdu_0x1295cc8 -> pdu_0x1296960 -> pdu_0x12975f8 -> pdu_0x1298290 -> pdu_0x1298f28 -> pdu_0x1299bc0 -> pdu_0x129a858 -> pdu_0x129b4f0 -> pdu_0x129c188 -> pdu_0x129ce20 -> pdu_0x129dab8 -> pdu_0x129e750 -> pdu_0x129f3e8 -> pdu_0x12a0080 -> pdu_0x12a0d18 -> pdu_0x12a19b0 -> pdu_0x12a2648 -> pdu_0x12a32e0 -> pdu_0x12a3f78 -> pdu_0x12a4c10 -> pdu_0x12a58a8 -> pdu_0x12a6540 -> pdu_0x12a71d8 -> pdu_0x12a7e70 -> pdu_0x12a8b08 -> pdu_0x12a97a0 -> pdu_0x12aa438 -> pdu_0x12ab0d0 -> pdu_0x12abd68 -> pdu_0x12aca00 -> pdu_0x12ad698 -> pdu_0x12ae330 -> pdu_0x12aefc8 -> pdu_0x12afc60 -> pdu_0x12b08f8 -> pdu_0x12b1590 -> pdu_0x12b2228 -> pdu_0x12b2ec0 -> pdu_0x12b3b58 -> pdu_0x12b47f0 -> pdu_0x12b5488 -> pdu_0x12b6120 -> pdu_0x12b6db8 -> pdu_0x12b7a50 -> pdu_0x12b86e8 -> pdu_0x12b9380 -> pdu_0x12ba018 -> pdu_0x12bacb0 -> pdu_0x12bb948 -> pdu_0x12bc5e0 -> pdu_0x12bd278 -> pdu_0x12bdf10 -> pdu_0x12beba8 -> pdu_0x12bf840 -> pdu_0x12c04d8 -> pdu_0x12c1170 -> pdu_0x12c1e08 -> pdu_0x12c2aa0 -> pdu_0x12c3738 -> pdu_0x12c43d0 -> pdu_0x12c5068 -> pdu_0x12c5d00 -> pdu_0x12c6998 -> pdu_0x12c7630 -> pdu_0x12c82c8 -> pdu_0x12c8f60 -> pdu_0x12c9bf8 -> pdu_0x12ca890 -> pdu_0x12cb528 -> pdu_0x12cc1c0 -> pdu_0x12cce58 -> pdu_0x12cdaf0 -> pdu_0x12ce788 -> pdu_0x12cf420 -> pdu_0x12d00b8 -> pdu_0x12d0d50 -> pdu_0x12d19e8 -> pdu_0x12d2680 -> pdu_0x12d3318 -> pdu_0x12d3fb0 -> pdu_0x12d4c48 -> pdu_0x12d58e0 -> pdu_0x12d6578 -> pdu_0x12d7210 -> pdu_0x12d7ea8 -> pdu_0x12d8b40 -> pdu_0x12d97d8 -> pdu_0x12da470 -> pdu_0x12db108 -> pdu_0x12dbda0 -> pdu_0x12dca38 -> pdu_0x12dd6d0 -> pdu_0x12de368 -> pdu_0x12df000 -> pdu_0x12dfc98 -> pdu_0x12e0930 -> pdu_0x12e15c8 -> pdu_0x12e2260 -> pdu_0x12e2ef8 -> pdu_0x12e3b90 -> pdu_0x12e4828 -> pdu_0x12e54c0 -> pdu_0x12e6158 -> pdu_0x12e6df0 -> pdu_0x12e7a88 -> pdu_0x12e8720 -> pdu_0x12e93b8 -> pdu_0x12ea050 -> pdu_0x12eace8 -> pdu_0x12eb980 -> pdu_0x12ec618 -> pdu_0x12ed2b0 -> pdu_0x12edf48 -> pdu_0x12eebe0 -> pdu_0x12ef878 -> pdu_0x12f0510 -> pdu_0x12f11a8 -> pdu_0x12f1e40 -> pdu_0x12f2ad8 -> pdu_0x12f3770 -> pdu_0x12f4408 -> pdu_0x12f50a0 -> pdu_0x12f5d38 -> pdu_0x12f69d0 -> pdu_0x12f7668 -> pdu_0x12f8300 -> pdu_0x12f8f98 -> pdu_0x12f9c30 -> pdu_0x12fa8c8 -> pdu_0x12fb560 -> pdu_0x12fc1f8 -> pdu_0x12fce90 -> pdu_0x12fdb28 -> pdu_0x12fe7c0 -> pdu_0x12ff458 -> pdu_0x13000f0 -> pdu_0x1300d88 -> pdu_0x1301a20 -> pdu_0x13026b8 -> pdu_0x1303350 -> pdu_0x1303fe8 -> pdu_0x1304c80 -> pdu_0x1305918 -> pdu_0x13065b0 -> pdu_0x1307248 -> pdu_0x1307ee0 -> pdu_0x1308b78 -> pdu_0x1309810 -> pdu_0x130a4a8 -> pdu_0x130b140 -> pdu_0x130bdd8 -> pdu_0x130ca70 -> pdu_0x130d708 -> pdu_0x130e3a0 -> pdu_0x130f038 -> pdu_0x130fcd0 -> pdu_0x1310968 -> pdu_0x1311600 -> pdu_0x1312298 -> pdu_0x1312f30 -> pdu_0x1313bc8 -> pdu_0x1314860 -> pdu_0x13154f8 -> pdu_0x1316190 -> pdu_0x1316e28 -> pdu_0x1317ac0 -> pdu_0x1318758 -> pdu_0x13193f0 -> pdu_0x131a088 -> pdu_0x131ad20 -> pdu_0x131b9b8 -> pdu_0x131c650 -> pdu_0x131d2e8 -> pdu_0x131df80 -> pdu_0x131ec18 -> pdu_0x131f8b0 -> pdu_0x1320548 -> pdu_0x13211e0 -> pdu_0x1321e78 -> pdu_0x1322b10 -> pdu_0x13237a8 -> pdu_0x1324440 -> pdu_0x13250d8 -> pdu_0x1325d70 -> pdu_0x1326a08 -> pdu_0x13276a0 -> pdu_0x1328338 -> pdu_0x1328fd0 -> pdu_0x1329c68 -> pdu_0x132a900 -> pdu_0x132b598 -> pdu_0x132c230 -> pdu_0x132cec8 -> pdu_0x132db60 -> pdu_0x132e7f8 -> pdu_0x132f490 -> pdu_0x1330128 -> pdu_0x1330dc0 -> pdu_0x1331a58 -> pdu_0x13326f0 -> pdu_0x1333388 -> pdu_0x1334020 -> pdu_0x1334cb8 -> pdu_0x1335950 -> pdu_0x13365e8 -> pdu_0x1337280 -> pdu_0x1337f18 -> pdu_0x1338bb0 -> pdu_0x1339848 -> pdu_0x133a4e0 -> pdu_0x133b178 -> pdu_0x133be10 -> pdu_0x133caa8 -> pdu_0x133d740 -> pdu_0x133e3d8 -> pdu_0x133f070 -> pdu_0x133fd08 -> pdu_0x13409a0 -> pdu_0x1341638 -> pdu_0x13422d0 -> pdu_0x1342f68 -> pdu_0x1343c00 -> pdu_0x1344898 -> pdu_0x1345530 -> pdu_0x13461c8 -> pdu_0x1346e60 -> pdu_0x1347af8 -> pdu_0x1348790 -> pdu_0x1349428 -> pdu_0x134a0c0 -> pdu_0x134ad58 -> pdu_0x134b9f0 -> pdu_0x134c688 -> pdu_0x134d320 -> pdu_0x134dfb8 -> pdu_0x134ec50 -> pdu_0x134f8e8 -> pdu_0x1350580 -> pdu_0x1351218 -> pdu_0x1351eb0 -> pdu_0x1352b48 -> pdu_0x13537e0 -> pdu_0x1354478 -> pdu_0x1355110 -> pdu_0x1355da8 -> pdu_0x1356a40 -> pdu_0x13576d8 -> pdu_0x1358370 -> pdu_0x1359008 -> pdu_0x1359ca0 -> pdu_0x135a938 -> pdu_0x135b5d0 -> pdu_0x135c268 -> pdu_0x135cf00 -> pdu_0x135db98 -> pdu_0x135e830 -> pdu_0x135f4c8 -> pdu_0x1360160 -> pdu_0x1360df8 -> pdu_0x1361a90 -> pdu_0x1362728 -> pdu_0x13633c0 -> pdu_0x1364058 -> pdu_0x1364cf0 -> pdu_0x1365988 -> pdu_0x1366620 -> pdu_0x13672b8 -> pdu_0x1367f50 -> pdu_0x1368be8 -> pdu_0x1369880 -> pdu_0x136a518 -> pdu_0x136b1b0 -> pdu_0x136be48 -> pdu_0x136cae0 -> pdu_0x136d778 -> pdu_0x136e410 -> pdu_0x136f0a8 -> pdu_0x136fd40 -> pdu_0x13709d8 -> pdu_0x1371670 -> pdu_0x1372308 -> pdu_0x1372fa0 -> pdu_0x1373c38 -> pdu_0x13748d0 -> pdu_0x1375568 -> pdu_0x1376200 -> pdu_0x1376e98 -> pdu_0x1377b30 -> pdu_0x13787c8 -> pdu_0x1379460 -> pdu_0x137a0f8 -> pdu_0x137ad90 -> pdu_0x137ba28 -> pdu_0x137c6c0 -> pdu_0x137d358 -> pdu_0x137dff0 -> pdu_0x137ec88 -> pdu_0x137f920 -> pdu_0x13805b8 -> pdu_0x1381250 -> pdu_0x1381ee8 -> pdu_0x1382b80 -> pdu_0x1383818 -> pdu_0x13844b0 -> pdu_0x1385148 -> pdu_0x1385de0 -> pdu_0x1386a78 -> pdu_0x1387710 -> pdu_0x13883a8 -> pdu_0x1389040 -> pdu_0x1389cd8 -> pdu_0x138a970 -> pdu_0x138b608 -> pdu_0x138c2a0 -> pdu_0x138cf38 -> pdu_0x138dbd0 -> pdu_0x138e868 -> pdu_0x138f500 -> pdu_0x1390198 -> pdu_0x1390e30 -> pdu_0x1391ac8 -> pdu_0x1392760 -> pdu_0x13933f8 -> pdu_0x1394090 -> pdu_0x1394d28 -> pdu_0x13959c0 -> pdu_0x1396658 -> pdu_0x13972f0 -> pdu_0x1397f88 -> pdu_0x1398c20 -> pdu_0x13998b8 -> pdu_0x139a550 -> pdu_0x139b1e8 -> pdu_0x139be80 -> pdu_0x139cb18 -> pdu_0x139d7b0 -> pdu_0x139e448 -> pdu_0x139f0e0 -> pdu_0x139fd78 -> pdu_0x13a0a10 -> pdu_0x13a16a8 -> pdu_0x13a2340 -> pdu_0x13a2fd8 -> pdu_0x13a3c70 -> pdu_0x13a4908 -> pdu_0x13a55a0 -> pdu_0x13a6238 -> pdu_0x13a6ed0 -> pdu_0x13a7b68 -> pdu_0x13a8800 -> pdu_0x13a9498 -> pdu_0x13aa130 -> pdu_0x13aadc8 -> pdu_0x13aba60 -> pdu_0x13ac6f8 -> pdu_0x13ad390 -> pdu_0x13ae028 -> pdu_0x13aecc0 -> pdu_0x13af958 -> pdu_0x13b05f0 -> pdu_0x13b1288 -> pdu_0x13b1f20 -> pdu_0x13b2bb8 -> pdu_0x13b3850 -> pdu_0x13b44e8 -> pdu_0x13b5180 -> pdu_0x13b5e18 -> pdu_0x13b6ab0 -> pdu_0x13b7748 -> pdu_0x13b83e0 -> pdu_0x13b9078 -> pdu_0x13b9d10 -> pdu_0x13ba9a8 -> pdu_0x13bb640 -> pdu_0x13bc2d8 -> pdu_0x13bcf70 -> pdu_0x13bdc08 -> pdu_0x13be8a0 -> pdu_0x13bf538 -> pdu_0x13c01d0 -> pdu_0x13c0e68 -> pdu_0x13c1b00 -> pdu_0x13c2798 -> pdu_0x13c3430 -> pdu_0x13c40c8 -> pdu_0x13c4d60 -> pdu_0x13c59f8 -> pdu_0x13c6690 -> pdu_0x13c7328 -> pdu_0x13c7fc0 -> pdu_0x13c8c58 -> pdu_0x13c98f0 -> pdu_0x13ca588 -> pdu_0x13cb220 -> pdu_0x13cbeb8 -> pdu_0x13ccb50 -> pdu_0x13cd7e8 -> pdu_0x13ce480 -> pdu_0x13cf118 -> pdu_0x13cfdb0 -> pdu_0x13d0a48 -> pdu_0x13d16e0 -> pdu_0x13d2378 -> pdu_0x13d3010 -> pdu_0x13d3ca8 -> pdu_0x13d4940 -> pdu_0x13d55d8 -> pdu_0x13d6270 -> pdu_0x13d6f08 -> pdu_0x13d7ba0 -> pdu_0x13d8838 -> pdu_0x13d94d0 -> pdu_0x13da168 -> pdu_0x13dae00 -> pdu_0x13dba98 -> pdu_0x13dc730 -> pdu_0x13dd3c8 -> pdu_0x13de060 -> pdu_0x13decf8 -> pdu_0x13df990 -> pdu_0x13e0628 -> pdu_0x13e12c0 -> pdu_0x13e1f58 -> pdu_0x13e2bf0 -> pdu_0x13e3888 -> pdu_0x13e4520 -> pdu_0x13e51b8 -> pdu_0x13e5e50 -> pdu_0x13e6ae8 -> pdu_0x13e7780 -> pdu_0x13e8418 -> pdu_0x13e90b0 -> pdu_0x13e9d48 -> pdu_0x13ea9e0 -> pdu_0x13eb678 -> pdu_0x13ec310 -> pdu_0x13ecfa8 -> pdu_0x13edc40 -> pdu_0x13ee8d8 -> pdu_0x13ef570 -> pdu_0x13f0208 -> pdu_0x13f0ea0 -> pdu_0x13f1b38 -> pdu_0x13f27d0 -> pdu_0x13f3468 -> pdu_0x13f4100 -> pdu_0x13f4d98 -> pdu_0x13f5a30 -> pdu_0x13f66c8 -> pdu_0x13f7360 -> pdu_0x13f7ff8 -> pdu_0x13f8c90 -> pdu_0x13f9928 -> pdu_0x13fa5c0 -> pdu_0x13fb258 -> pdu_0x13fbef0 -> pdu_0x13fcb88 -> pdu_0x13fd820 -> pdu_0x13fe4b8 -> pdu_0x13ff150 -> pdu_0x13ffde8 -> pdu_0x1400a80 -> pdu_0x1401718 -> pdu_0x14023b0 -> pdu_0x1403048 -> pdu_0x1403ce0 -> pdu_0x1404978 -> pdu_0x1405610 -> pdu_0x14062a8 -> pdu_0x1406f40 -> pdu_0x1407bd8 -> pdu_0x1408870 -> pdu_0x1409508 -> pdu_0x140a1a0 -> pdu_0x140ae38 -> pdu_0x140bad0 -> pdu_0x140c768 -> pdu_0x140d400 -> pdu_0x140e098 -> pdu_0x140ed30 -> pdu_0x140f9c8 -> pdu_0x1410660 -> pdu_0x14112f8 -> pdu_0x1411f90 -> pdu_0x1412c28 -> pdu_0x14138c0 -> pdu_0x1414558 -> pdu_0x14151f0 -> pdu_0x1415e88 -> pdu_0x1416b20 -> pdu_0x14177b8 -> pdu_0x1418450 -> pdu_0x14190e8 -> pdu_0x1419d80 -> pdu_0x141aa18 -> pdu_0x141b6b0 -> pdu_0x141c348 -> pdu_0x141cfe0 -> pdu_0x141dc78 -> pdu_0x141e910 -> pdu_0x141f5a8 -> pdu_0x1420240 -> pdu_0x1420ed8 -> pdu_0x1421b70 -> pdu_0x1422808 -> pdu_0x14234a0 -> pdu_0x1424138 -> pdu_0x1424dd0 -> pdu_0x1425a68 -> pdu_0x1426700 -> pdu_0x1427398 -> pdu_0x1428030 -> pdu_0x1428cc8 -> pdu_0x1429960 -> pdu_0x142a5f8 -> pdu_0x142b290 -> pdu_0x142bf28 -> pdu_0x142cbc0 -> pdu_0x142d858 -> pdu_0x142e4f0 -> pdu_0x142f188 -> pdu_0x142fe20 -> pdu_0x1430ab8 -> pdu_0x1431750 -> pdu_0x14323e8 -> pdu_0x1433080 -> pdu_0x1433d18 -> pdu_0x14349b0 -> pdu_0x1435648 -> pdu_0x14362e0 -> pdu_0x1436f78 -> pdu_0x1437c10 -> pdu_0x14388a8 -> pdu_0x1439540 -> pdu_0x143a1d8 -> pdu_0x143ae70 -> pdu_0x143bb08 -> pdu_0x143c7a0 -> pdu_0x143d438 -> pdu_0x143e0d0 -> pdu_0x143ed68 -> pdu_0x143fa00 -> pdu_0x1440698 -> pdu_0x1441330 -> pdu_0x1441fc8 -> pdu_0x1442c60 -> pdu_0x14438f8 -> pdu_0x1444590 -> pdu_0x1445228 -> pdu_0x1445ec0 -> pdu_0x1446b58 -> pdu_0x14477f0 -> pdu_0x1448488 -> pdu_0x1449120 -> pdu_0x1449db8 -> pdu_0x144aa50 -> pdu_0x144b6e8 -> pdu_0x144c380 -> pdu_0x144d018 -> pdu_0x144dcb0 -> pdu_0x144e948 -> pdu_0x144f5e0 -> pdu_0x1450278 -> pdu_0x1450f10 -> pdu_0x1451ba8 -> pdu_0x1452840 -> pdu_0x14534d8 -> pdu_0x1454170 -> pdu_0x1454e08 -> pdu_0x1455aa0 -> pdu_0x1456738 -> pdu_0x14573d0 -> pdu_0x1458068 -> pdu_0x1458d00 -> pdu_0x1459998 -> pdu_0x145a630 -> pdu_0x145b2c8 -> pdu_0x145bf60 -> pdu_0x145cbf8 -> pdu_0x145d890 -> pdu_0x145e528 -> pdu_0x145f1c0 -> pdu_0x145fe58 -> pdu_0x1460af0 -> pdu_0x1461788 -> pdu_0x1462420 -> pdu_0x14630b8 -> pdu_0x1463d50 -> pdu_0x14649e8 -> pdu_0x1465680 -> pdu_0x1466318 -> pdu_0x1466fb0 -> pdu_0x1467c48 -> pdu_0x14688e0 -> pdu_0x1469578 -> pdu_0x146a210 -> pdu_0x146aea8 -> pdu_0x146bb40 -> pdu_0x146c7d8 -> pdu_0x146d470 -> pdu_0x146e108 -> pdu_0x146eda0 -> pdu_0x146fa38 -> pdu_0x14706d0 -> pdu_0x1471368 -> pdu_0x1472000 -> pdu_0x1472c98 -> pdu_0x1473930 -> pdu_0x14745c8 -> pdu_0x1475260 -> pdu_0x1475ef8 -> pdu_0x1476b90 -> pdu_0x1477828 -> pdu_0x14784c0 -> pdu_0x1479158 -> pdu_0x1479df0 -> pdu_0x147aa88 -> pdu_0x147b720 -> pdu_0x147c3b8 -> pdu_0x147d050 -> pdu_0x147dce8 -> pdu_0x147e980 -> pdu_0x147f618 -> pdu_0x14802b0 -> pdu_0x1480f48 -> pdu_0x1481be0 -> pdu_0x1482878 -> pdu_0x1483510 -> pdu_0x14841a8 -> pdu_0x1484e40 -> pdu_0x1485ad8 -> pdu_0x1486770 -> pdu_0x1487408 -> pdu_0x14880a0 -> pdu_0x1488d38 -> pdu_0x14899d0 -> pdu_0x148a668 -> pdu_0x148b300 -> pdu_0x148bf98 -> pdu_0x148cc30 -> pdu_0x148d8c8 -> pdu_0x148e560 -> pdu_0x148f1f8 -> pdu_0x148fe90 -> pdu_0x1490b28 -> pdu_0x14917c0 -> pdu_0x1492458 -> pdu_0x14930f0 -> pdu_0x1493d88 -> pdu_0x1494a20 -> pdu_0x14956b8 -> pdu_0x1496350 -> pdu_0x1496fe8 -> pdu_0x1497c80 -> pdu_0x1498918 -> pdu_0x14995b0 -> pdu_0x149a248 -> pdu_0x149aee0 -> pdu_0x149bb78 -> pdu_0x149c810 -> pdu_0x149d4a8 -> pdu_0x149e140 -> pdu_0x149edd8 -> pdu_0x149fa70 -> pdu_0x14a0708 -> pdu_0x14a13a0 -> pdu_0x14a2038 -> pdu_0x14a2cd0 -> pdu_0x14a3968 -> pdu_0x14a4600 -> pdu_0x14a5298 -> pdu_0x14a5f30 -> pdu_0x14a6bc8 -> pdu_0x14a7860 -> pdu_0x14a84f8 -> pdu_0x14a9190 -> pdu_0x14a9e28 -> pdu_0x14aaac0 -> pdu_0x14ab758 -> pdu_0x14ac3f0 -> pdu_0x14ad088 -> pdu_0x14add20 -> pdu_0x14ae9b8 -> pdu_0x14af650 -> pdu_0x14b02e8 -> pdu_0x14b0f80 -> pdu_0x14b1c18 -> pdu_0x14b28b0 -> pdu_0x14b3548 -> pdu_0x14b41e0 -> pdu_0x14b4e78 -> pdu_0x14b5b10 -> pdu_0x14b67a8 -> pdu_0x14b7440 -> pdu_0x14b80d8 -> pdu_0x14b8d70 -> pdu_0x14b9a08 -> pdu_0x14ba6a0 -> pdu_0x14bb338 -> pdu_0x14bbfd0 -> pdu_0x14bcc68 -> pdu_0x14bd900 -> pdu_0x14be598 -> pdu_0x14bf230 -> pdu_0x14bfec8 -> pdu_0x14c0b60 -> pdu_0x14c17f8 -> pdu_0x14c2490 -> pdu_0x14c3128 -> pdu_0x14c3dc0 -> pdu_0x14c4a58 -> pdu_0x14c56f0 -> pdu_0x14c6388 -> pdu_0x14c7020 -> pdu_0x14c7cb8 -> pdu_0x14c8950 -> pdu_0x14c95e8 -> pdu_0x14ca280 -> pdu_0x14caf18 -> pdu_0x14cbbb0 -> pdu_0x14cc848 -> pdu_0x14cd4e0 -> pdu_0x14ce178 -> pdu_0x14cee10 -> pdu_0x14cfaa8 -> pdu_0x14d0740 -> pdu_0x14d13d8 -> pdu_0x14d2070 -> pdu_0x14d2d08 -> pdu_0x14d39a0 -> pdu_0x14d4638 -> pdu_0x14d52d0 -> pdu_0x14d5f68 -> pdu_0x14d6c00 -> pdu_0x14d7898 -> pdu_0x14d8530 -> pdu_0x14d91c8 -> pdu_0x14d9e60 -> pdu_0x14daaf8 -> pdu_0x14db790 -> pdu_0x14dc428 -> pdu_0x14dd0c0 -> pdu_0x14ddd58 -> pdu_0x14de9f0 -> pdu_0x14df688 -> pdu_0x14e0320 -> pdu_0x14e0fb8 -> pdu_0x14e1c50 -> pdu_0x14e28e8 -> pdu_0x14e3580 -> pdu_0x14e4218 -> pdu_0x14e4eb0 -> pdu_0x14e5b48 -> pdu_0x14e67e0 -> pdu_0x14e7478 -> pdu_0x14e8110 -> pdu_0x14e8da8 -> pdu_0x14e9a40 -> pdu_0x14ea6d8 -> pdu_0x14eb370 -> pdu_0x14ec008 -> pdu_0x14ecca0 -> pdu_0x14ed938 -> pdu_0x14ee5d0 -> pdu_0x14ef268 -> pdu_0x14eff00 -> pdu_0x14f0b98 -> pdu_0x14f1830 -> pdu_0x14f24c8 -> pdu_0x14f3160 -> pdu_0x14f3df8 -> pdu_0x14f4a90 -> pdu_0x14f5728 -> pdu_0x14f63c0 -> pdu_0x14f7058 -> pdu_0x14f7cf0 -> pdu_0x14f8988 -> pdu_0x14f9620 -> pdu_0x14fa2b8 -> pdu_0x14faf50 -> pdu_0x14fbbe8 -> pdu_0x14fc880 -> pdu_0x14fd518 -> pdu_0x14fe1b0 -> pdu_0x14fee48 -> pdu_0x14ffae0 -> pdu_0x1500778 -> pdu_0x1501410 -> pdu_0x15020a8 -> pdu_0x1502d40 -> pdu_0x15039d8 -> pdu_0x1504670 -> pdu_0x1505308 -> pdu_0x1505fa0 -> pdu_0x1506c38 -> pdu_0x15078d0 -> pdu_0x1508568 -> pdu_0x1509200 -> pdu_0x1509e98 -> pdu_0x150ab30 -> pdu_0x150b7c8 -> pdu_0x150c460 -> pdu_0x150d0f8 -> pdu_0x150dd90 -> pdu_0x150ea28 -> pdu_0x150f6c0 -> pdu_0x1510358 -> pdu_0x1510ff0 -> pdu_0x1511c88 -> pdu_0x1512920 -> pdu_0x15135b8 -> pdu_0x1514250 -> pdu_0x1514ee8 -> pdu_0x1515b80 -> pdu_0x1516818 -> pdu_0x15174b0 -> pdu_0x1518148 -> pdu_0x1518de0 -> pdu_0x1519a78 -> pdu_0x151a710 -> pdu_0x151b3a8 -> pdu_0x151c040 -> pdu_0x151ccd8 -> pdu_0x151d970 -> pdu_0x151e608 -> pdu_0x151f2a0 -> pdu_0x151ff38 -> pdu_0x1520bd0 -> pdu_0x1521868 -> pdu_0x1522500 -> pdu_0x1523198 -> pdu_0x1523e30 -> pdu_0x1524ac8 -> pdu_0x1525760 -> pdu_0x15263f8 -> pdu_0x1527090 -> pdu_0x1527d28 -> pdu_0x15289c0 -> pdu_0x1529658 -> pdu_0x152a2f0 -> pdu_0x152af88 -> pdu_0x152bc20 -> pdu_0x152c8b8 -> pdu_0x152d550 -> pdu_0x152e1e8 -> pdu_0x152ee80 -> pdu_0x152fb18 -> pdu_0x15307b0 -> pdu_0x1531448 -> pdu_0x15320e0 -> pdu_0x1532d78 -> pdu_0x1533a10 -> pdu_0x15346a8 -> pdu_0x1535340 -> pdu_0x1535fd8 -> pdu_0x1536c70 -> pdu_0x1537908 -> pdu_0x15385a0 -> pdu_0x1539238 -> pdu_0x1539ed0 -> pdu_0x153ab68 -> pdu_0x153b800 -> pdu_0x153c498 -> pdu_0x153d130 -> pdu_0x153ddc8 -> pdu_0x153ea60 -> pdu_0x153f6f8 -> pdu_0x1540390 -> pdu_0x1541028 -> pdu_0x1541cc0 -> pdu_0x1542958 -> pdu_0x15435f0 -> pdu_0x1544288 -> pdu_0x1544f20 -> pdu_0x1545bb8 -> pdu_0x1546850 -> pdu_0x15474e8 -> pdu_0x1548180 -> pdu_0x1548e18 -> pdu_0x1549ab0 -> pdu_0x154a748 -> pdu_0x154b3e0 -> pdu_0x154c078 -> pdu_0x154cd10 -> pdu_0x154d9a8 -> pdu_0x154e640 -> pdu_0x154f2d8 -> pdu_0x154ff70 -> pdu_0x1550c08 -> pdu_0x15518a0 -> pdu_0x1552538 -> pdu_0x15531d0 -> pdu_0x1553e68 -> pdu_0x1554b00 -> pdu_0x1555798 -> pdu_0x1556430 -> pdu_0x15570c8 -> pdu_0x1557d60 -> pdu_0x15589f8 -> pdu_0x1559690 -> pdu_0x155a328 -> pdu_0x155afc0 -> pdu_0x155bc58 -> pdu_0x155c8f0 -> pdu_0x155d588 -> pdu_0x155e220 -> pdu_0x155eeb8 -> pdu_0x155fb50 -> pdu_0x15607e8 -> pdu_0x1561480 -> pdu_0x1562118 -> pdu_0x1562db0 -> pdu_0x1563a48 -> pdu_0x15646e0 -> pdu_0x1565378 -> pdu_0x1566010 -> pdu_0x1566ca8 -> pdu_0x1567940 -> pdu_0x15685d8 -> pdu_0x1569270 -> pdu_0x1569f08 -> pdu_0x156aba0 -> pdu_0x156b838 -> pdu_0x156c4d0 -> pdu_0x156d168 -> pdu_0x156de00 -> pdu_0x156ea98 -> pdu_0x156f730 -> pdu_0x15703c8 -> pdu_0x1571060 -> pdu_0x1571cf8 -> pdu_0x1572990 -> pdu_0x1573628 -> pdu_0x15742c0 -> pdu_0x1574f58 -> pdu_0x1575bf0 -> pdu_0x1576888 -> pdu_0x1577520 -> pdu_0x15781b8 -> pdu_0x1578e50 -> pdu_0x1579ae8 -> pdu_0x157a780 -> pdu_0x157b418 -> pdu_0x157c0b0 -> pdu_0x157cd48 -> pdu_0x157d9e0 -> pdu_0x157e678 -> pdu_0x157f310 -> pdu_0x157ffa8 -> pdu_0x1580c40 -> pdu_0x15818d8 -> pdu_0x1582570 -> pdu_0x1583208 -> pdu_0x1583ea0 -> pdu_0x1584b38 -> pdu_0x15857d0 -> pdu_0x1586468 -> pdu_0x1587100 -> pdu_0x1587d98 -> pdu_0x1588a30 -> pdu_0x15896c8 -> pdu_0x158a360 -> pdu_0x158aff8 -> pdu_0x158bc90 -> pdu_0x158c928 -> pdu_0x158d5c0 -> pdu_0x158e258 -> pdu_0x158eef0 -> pdu_0x158fb88 -> pdu_0x1590820 -> pdu_0x15914b8 -> pdu_0x1592150 -> pdu_0x1592de8 -> pdu_0x1593a80 -> pdu_0x1594718 -> pdu_0x15953b0 -> pdu_0x1596048 -> pdu_0x1596ce0 -> pdu_0x1597978 -> pdu_0x1598610 -> pdu_0x15992a8 -> pdu_0x1599f40 -> pdu_0x159abd8 -> pdu_0x159b870 -> pdu_0x159c508 -> pdu_0x159d1a0 -> pdu_0x159de38 -> pdu_0x159ead0 -> pdu_0x159f768 -> pdu_0x15a0400 -> pdu_0x15a1098 -> pdu_0x15a1d30 -> pdu_0x15a29c8 -> pdu_0x15a3660 -> pdu_0x15a42f8 -> pdu_0x15a4f90 -> pdu_0x15a5c28 -> pdu_0x15a68c0 -> pdu_0x15a7558 -> pdu_0x15a81f0 -> pdu_0x15a8e88 -> pdu_0x15a9b20 -> pdu_0x15aa7b8 -> pdu_0x15ab450 -> pdu_0x15ac0e8 -> pdu_0x15acd80 -> pdu_0x15ada18 -> pdu_0x15ae6b0 -> pdu_0x15af348 -> pdu_0x15affe0 -> pdu_0x15b0c78 -> pdu_0x15b1910 -> pdu_0x15b25a8 -> pdu_0x15b3240 -> pdu_0x15b3ed8 -> pdu_0x15b4b70 -> pdu_0x15b5808 -> pdu_0x15b64a0 -> pdu_0x15b7138 -> pdu_0x15b7dd0 -> pdu_0x15b8a68 -> pdu_0x15b9700 -> pdu_0x15ba398 -> pdu_0x15bb030 -> pdu_0x15bbcc8 -> pdu_0x15bc960 -> pdu_0x15bd5f8 -> pdu_0x15be290 -> pdu_0x15bef28 -> pdu_0x15bfbc0 -> pdu_0x15c0858 -> pdu_0x15c14f0 -> pdu_0x15c2188 -> pdu_0x15c2e20 -> pdu_0x15c3ab8 -> pdu_0x15c4750 -> pdu_0x15c53e8 -> pdu_0x15c6080 -> pdu_0x15c6d18 -> pdu_0x15c79b0 -> pdu_0x15c8648 -> pdu_0x15c92e0 -> pdu_0x15c9f78 -> pdu_0x15cac10 -> pdu_0x15cb8a8 -> pdu_0x15cc540 -> pdu_0x15cd1d8 -> pdu_0x15cde70 -> pdu_0x15ceb08 -> pdu_0x15cf7a0 -> pdu_0x15d0438 -> pdu_0x15d10d0 -> pdu_0x15d1d68 -> pdu_0x15d2a00 -> pdu_0x15d3698 -> pdu_0x15d4330 -> pdu_0x15d4fc8 -> pdu_0x15d5c60 -> pdu_0x15d68f8 -> pdu_0x15d7590 -> pdu_0x15d8228 -> pdu_0x15d8ec0 -> pdu_0x15d9b58 -> pdu_0x15da7f0 -> pdu_0x15db488 -> pdu_0x15dc120 -> pdu_0x15dcdb8 -> pdu_0x15dda50 -> pdu_0x15de6e8 -> pdu_0x15df380 -> pdu_0x15e0018 -> pdu_0x15e0cb0 -> pdu_0x15e1948 -> pdu_0x15e25e0 -> pdu_0x15e3278 -> pdu_0x15e3f10 -> pdu_0x15e4ba8 -> pdu_0x15e5840 -> pdu_0x15e64d8 -> pdu_0x15e7170 -> pdu_0x15e7e08 -> pdu_0x15e8aa0 -> pdu_0x15e9738 -> pdu_0x15ea3d0 -> pdu_0x15eb068 -> pdu_0x15ebd00 -> pdu_0x15ec998 -> pdu_0x15ed630 -> pdu_0x15ee2c8 -> pdu_0x15eef60 -> pdu_0x15efbf8 -> pdu_0x15f0890 -> pdu_0x15f1528 -> pdu_0x15f21c0 -> pdu_0x15f2e58 -> pdu_0x15f3af0 -> pdu_0x15f4788 -> pdu_0x15f5420 -> pdu_0x15f60b8 -> pdu_0x15f6d50 -> pdu_0x15f79e8 -> pdu_0x15f8680 -> pdu_0x15f9318 -> pdu_0x15f9fb0 -> pdu_0x15fac48 -> pdu_0x15fb8e0 -> pdu_0x15fc578 -> pdu_0x15fd210 -> pdu_0x15fdea8 -> pdu_0x15feb40 -> pdu_0x15ff7d8 -> pdu_0x1600470 -> pdu_0x1601108 -> pdu_0x1601da0 -> pdu_0x1602a38 -> pdu_0x16036d0 -> pdu_0x1604368 -> pdu_0x1605000 -> pdu_0x1605c98 -> pdu_0x1606930 -> pdu_0x16075c8 -> pdu_0x1608260 -> pdu_0x1608ef8 -> pdu_0x1609b90 -> pdu_0x160a828 -> pdu_0x160b4c0 -> pdu_0x160c158 -> pdu_0x160cdf0 -> pdu_0x160da88 -> pdu_0x160e720 -> pdu_0x160f3b8 -> pdu_0x1610050 -> pdu_0x1610ce8 -> pdu_0x1611980 -> pdu_0x1612618 -> pdu_0x16132b0 -> pdu_0x1613f48 -> pdu_0x1614be0 -> pdu_0x1615878 -> pdu_0x1616510 -> pdu_0x16171a8 -> pdu_0x1617e40 -> pdu_0x1618ad8 -> pdu_0x1619770 -> pdu_0x161a408 -> pdu_0x161b0a0 -> pdu_0x161bd38 -> pdu_0x161c9d0 -> pdu_0x161d668 -> pdu_0x161e300 -> pdu_0x161ef98 -> pdu_0x161fc30 -> pdu_0x16208c8 -> pdu_0x1621560 -> pdu_0x16221f8 -> pdu_0x1622e90 -> pdu_0x1623b28 -> pdu_0x16247c0 -> pdu_0x1625458 -> pdu_0x16260f0 -> pdu_0x1626d88 -> pdu_0x1627a20 -> pdu_0x16286b8 -> pdu_0x1629350 -> pdu_0x1629fe8 -> pdu_0x162ac80 -> pdu_0x162b918 -> pdu_0x162c5b0 -> pdu_0x162d248 -> pdu_0x162dee0 -> pdu_0x162eb78 -> pdu_0x162f810 -> pdu_0x16304a8 -> pdu_0x1631140 -> pdu_0x1631dd8 -> pdu_0x1632a70 -> pdu_0x1633708 -> pdu_0x16343a0 -> pdu_0x1635038 -> pdu_0x1635cd0 -> pdu_0x1636968 -> pdu_0x1637600 -> pdu_0x1638298 -> pdu_0x1638f30 -> pdu_0x1639bc8 -> pdu_0x163a860 -> pdu_0x163b4f8 -> pdu_0x163c190 -> pdu_0x163ce28 -> pdu_0x163dac0 -> pdu_0x163e758 -> pdu_0x163f3f0 -> pdu_0x1640088 -> pdu_0x1640d20 -> pdu_0x16419b8 -> pdu_0x1642650 -> pdu_0x16432e8 -> pdu_0x1643f80 -> pdu_0x1644c18 -> pdu_0x16458b0 -> pdu_0x1646548 -> pdu_0x16471e0 -> pdu_0x1647e78 -> pdu_0x1648b10 -> pdu_0x16497a8 -> pdu_0x164a440 -> pdu_0x164b0d8 -> pdu_0x164bd70 -> pdu_0x164ca08 -> pdu_0x164d6a0 -> pdu_0x164e338 -> pdu_0x164efd0 -> pdu_0x164fc68 -> pdu_0x1650900 -> pdu_0x1651598 -> pdu_0x1652230 -> pdu_0x1652ec8 -> pdu_0x1653b60 -> pdu_0x16547f8 -> pdu_0x1655490 -> pdu_0x1656128 -> pdu_0x1656dc0 -> pdu_0x1657a58 -> pdu_0x16586f0 -> pdu_0x1659388 -> pdu_0x165a020 -> pdu_0x165acb8 -> pdu_0x165b950 -> pdu_0x165c5e8 -> pdu_0x165d280 -> pdu_0x165df18 -> pdu_0x165ebb0 -> pdu_0x165f848 -> pdu_0x16604e0 -> pdu_0x1661178 -> pdu_0x1661e10 -> pdu_0x1662aa8 -> pdu_0x1663740 -> pdu_0x16643d8 -> pdu_0x1665070 -> pdu_0x1665d08 -> pdu_0x16669a0 -> pdu_0x1667638 -> pdu_0x16682d0 -> pdu_0x1668f68 -> pdu_0x1669c00 -> pdu_0x166a898 -> pdu_0x166b530 -> pdu_0x166c1c8 -> pdu_0x166ce60 -> pdu_0x166daf8 -> pdu_0x166e790 -> pdu_0x166f428 -> pdu_0x16700c0 -> pdu_0x1670d58 -> pdu_0x16719f0 -> pdu_0x1672688 -> pdu_0x1673320 -> pdu_0x1673fb8 -> pdu_0x1674c50 -> pdu_0x16758e8 -> pdu_0x1676580 -> pdu_0x1677218 -> pdu_0x1677eb0 -> pdu_0x1678b48 -> pdu_0x16797e0 -> pdu_0x167a478 -> pdu_0x167b110 -> pdu_0x167bda8 -> pdu_0x167ca40 -> pdu_0x167d6d8 -> pdu_0x167e370 -> pdu_0x167f008 -> pdu_0x167fca0 -> pdu_0x1680938 -> pdu_0x16815d0 -> pdu_0x1682268 -> pdu_0x1682f00 -> pdu_0x1683b98 -> pdu_0x1684830 -> pdu_0x16854c8 -> pdu_0x1686160 -> pdu_0x1686df8 -> pdu_0x1687a90 -> pdu_0x1688728 -> pdu_0x16893c0 -> pdu_0x168a058 -> pdu_0x168acf0 -> pdu_0x168b988 -> pdu_0x168c620 -> pdu_0x168d2b8 -> pdu_0x168df50 -> pdu_0x168ebe8 -> pdu_0x168f880 -> pdu_0x1690518 -> pdu_0x16911b0 -> pdu_0x1691e48 -> pdu_0x1692ae0 -> pdu_0x1693778 -> pdu_0x1694410 -> pdu_0x16950a8 -> pdu_0x1695d40 -> pdu_0x16969d8 -> pdu_0x1697670 -> pdu_0x1698308 -> pdu_0x1698fa0 -> pdu_0x1699c38 -> pdu_0x169a8d0 -> pdu_0x169b568 -> pdu_0x169c200 -> pdu_0x169ce98 -> pdu_0x169db30 -> pdu_0x169e7c8 -> pdu_0x169f460 -> pdu_0x16a00f8 -> pdu_0x16a0d90 -> pdu_0x16a1a28 -> pdu_0x16a26c0 -> pdu_0x16a3358 -> pdu_0x16a3ff0 -> pdu_0x16a4c88 -> pdu_0x16a5920 -> pdu_0x16a65b8 -> pdu_0x16a7250 -> pdu_0x16a7ee8 -> pdu_0x16a8b80 -> pdu_0x16a9818 -> pdu_0x16aa4b0 -> pdu_0x16ab148 -> pdu_0x16abde0 -> pdu_0x16aca78 -> pdu_0x16ad710 -> pdu_0x16ae3a8 -> pdu_0x16af040 -> pdu_0x16afcd8 -> pdu_0x16b0970 -> pdu_0x16b1608 -> pdu_0x16b22a0 -> pdu_0x16b2f38 -> pdu_0x16b3bd0 -> pdu_0x16b4868 -> pdu_0x16b5500 -> pdu_0x16b6198 -> pdu_0x16b6e30 -> pdu_0x16b7ac8 -> pdu_0x16b8760 -> pdu_0x16b93f8 -> pdu_0x16ba090 -> pdu_0x16bad28 -> pdu_0x16bb9c0 -> pdu_0x16bc658 -> pdu_0x16bd2f0 -> pdu_0x16bdf88 -> pdu_0x16bec20 -> pdu_0x16bf8b8 -> pdu_0x16c0550 -> pdu_0x16c11e8 -> pdu_0x16c1e80 -> pdu_0x16c2b18 -> pdu_0x16c37b0 -> pdu_0x16c4448 -> pdu_0x16c50e0 -> pdu_0x16c5d78 -> pdu_0x16c6a10 -> pdu_0x16c76a8 -> pdu_0x16c8340 -> pdu_0x16c8fd8 -> pdu_0x16c9c70 -> pdu_0x16ca908 -> pdu_0x16cb5a0 -> pdu_0x16cc238 -> pdu_0x16cced0 -> pdu_0x16cdb68 -> pdu_0x16ce800 -> pdu_0x16cf498 -> pdu_0x16d0130 -> pdu_0x16d0dc8 -> pdu_0x16d1a60 -> pdu_0x16d26f8 -> pdu_0x16d3390 -> pdu_0x16d4028 -> pdu_0x16d4cc0 -> pdu_0x16d5958 -> pdu_0x16d65f0 -> pdu_0x16d7288 -> pdu_0x16d7f20 -> pdu_0x16d8bb8 -> pdu_0x16d9850 -> pdu_0x16da4e8 -> pdu_0x16db180 -> pdu_0x16dbe18 -> pdu_0x16dcab0 -> pdu_0x16dd748 -> pdu_0x16de3e0 -> pdu_0x16df078 -> pdu_0x16dfd10 -> pdu_0x16e09a8 -> pdu_0x16e1640 -> pdu_0x16e22d8 -> pdu_0x16e2f70 -> pdu_0x16e3c08 -> pdu_0x16e48a0 -> pdu_0x16e5538 -> pdu_0x16e61d0 -> pdu_0x16e6e68 -> pdu_0x16e7b00 -> pdu_0x16e8798 -> pdu_0x16e9430 -> pdu_0x16ea0c8 -> pdu_0x16ead60 -> pdu_0x16eb9f8 -> pdu_0x16ec690 -> pdu_0x16ed328 -> pdu_0x16edfc0 -> pdu_0x16eec58 -> pdu_0x16ef8f0 -> pdu_0x16f0588 -> pdu_0x16f1220 -> pdu_0x16f1eb8 -> pdu_0x16f2b50 -> pdu_0x16f37e8 -> pdu_0x16f4480 -> pdu_0x16f5118 -> pdu_0x16f5db0 -> pdu_0x16f6a48 -> pdu_0x16f76e0 -> pdu_0x16f8378 -> pdu_0x16f9010 -> pdu_0x16f9ca8 -> pdu_0x16fa940 -> pdu_0x16fb5d8 -> pdu_0x16fc270 -> pdu_0x16fcf08 -> pdu_0x16fdba0 -> pdu_0x16fe838 -> pdu_0x16ff4d0 -> pdu_0x1700168 -> pdu_0x1700e00 -> pdu_0x1701a98 -> pdu_0x1702730 -> pdu_0x17033c8 -> pdu_0x1704060 -> pdu_0x1704cf8 -> pdu_0x1705990 -> pdu_0x1706628 -> pdu_0x17072c0 -> pdu_0x1707f58 -> pdu_0x1708bf0 -> pdu_0x1709888 -> pdu_0x170a520 -> pdu_0x170b1b8 -> pdu_0x170be50 -> pdu_0x170cae8 -> pdu_0x170d780 -> pdu_0x170e418 -> pdu_0x170f0b0 -> pdu_0x170fd48 -> pdu_0x17109e0 -> pdu_0x1711678 -> pdu_0x1712310 -> pdu_0x1712fa8 -> pdu_0x1713c40 -> pdu_0x17148d8 -> pdu_0x1715570 -> pdu_0x1716208 -> pdu_0x1716ea0 -> pdu_0x1717b38 -> pdu_0x17187d0 -> pdu_0x1719468 -> pdu_0x171a100 -> pdu_0x171ad98 -> pdu_0x171ba30 -> pdu_0x171c6c8 -> pdu_0x171d360 -> pdu_0x171dff8 -> pdu_0x171ec90 -> pdu_0x171f928 -> pdu_0x17205c0 -> pdu_0x1721258 -> pdu_0x1721ef0 -> pdu_0x1722b88 -> pdu_0x1723820 -> pdu_0x17244b8 -> pdu_0x1725150 -> pdu_0x1725de8 -> pdu_0x1726a80 -> pdu_0x1727718 -> pdu_0x17283b0 -> pdu_0x1729048 -> pdu_0x1729ce0 -> pdu_0x172a978 -> pdu_0x172b610 -> pdu_0x172c2a8 -> pdu_0x172cf40 -> pdu_0x172dbd8 -> pdu_0x172e870 -> pdu_0x172f508 -> pdu_0x17301a0 -> pdu_0x1730e38 -> pdu_0x1731ad0 -> pdu_0x1732768 -> pdu_0x1733400 -> pdu_0x1734098 -> pdu_0x1734d30 -> pdu_0x17359c8 -> pdu_0x1736660 -> pdu_0x17372f8 -> pdu_0x1737f90 -> pdu_0x1738c28 -> pdu_0x17398c0 -> pdu_0x173a558 -> pdu_0x173b1f0 -> pdu_0x173be88 -> pdu_0x173cb20 -> pdu_0x173d7b8 -> pdu_0x173e450 -> pdu_0x173f0e8 -> pdu_0x173fd80 -> pdu_0x1740a18 -> pdu_0x17416b0 -> pdu_0x1742348 -> pdu_0x1742fe0 -> pdu_0x1743c78 -> pdu_0x1744910 -> pdu_0x17455a8 -> pdu_0x1746240 -> pdu_0x1746ed8 -> pdu_0x1747b70 -> pdu_0x1748808 -> pdu_0x17494a0 -> pdu_0x174a138 -> pdu_0x174add0 -> pdu_0x174ba68 -> pdu_0x174c700 -> pdu_0x174d398 -> pdu_0x174e030 -> pdu_0x174ecc8 -> pdu_0x174f960 -> pdu_0x17505f8 -> pdu_0x1751290 -> pdu_0x1751f28 -> pdu_0x1752bc0 -> pdu_0x1753858 -> pdu_0x17544f0 -> pdu_0x1755188 -> pdu_0x1755e20 -> pdu_0x1756ab8 -> pdu_0x1757750 -> pdu_0x17583e8 -> pdu_0x1759080 -> pdu_0x1759d18 -> pdu_0x175a9b0 -> pdu_0x175b648 -> pdu_0x175c2e0 -> pdu_0x175cf78 -> pdu_0x175dc10 -> pdu_0x175e8a8 -> pdu_0x175f540 -> pdu_0x17601d8 -> pdu_0x1760e70 -> pdu_0x1761b08 -> pdu_0x17627a0 -> pdu_0x1763438 -> pdu_0x17640d0 -> pdu_0x1764d68 -> pdu_0x1765a00 -> pdu_0x1766698 -> pdu_0x1767330 -> pdu_0x1767fc8 -> pdu_0x1768c60 -> pdu_0x17698f8 -> pdu_0x176a590 -> pdu_0x176b228 -> pdu_0x176bec0 -> pdu_0x176cb58 -> pdu_0x176d7f0 -> pdu_0x176e488 -> pdu_0x176f120 -> pdu_0x176fdb8 -> pdu_0x1770a50 -> pdu_0x17716e8 -> pdu_0x1772380 -> pdu_0x1773018 -> pdu_0x1773cb0 -> pdu_0x1774948 -> pdu_0x17755e0 -> pdu_0x1776278 -> pdu_0x1776f10 -> pdu_0x1777ba8 -> pdu_0x1778840 -> pdu_0x17794d8 -> pdu_0x177a170 -> pdu_0x177ae08 -> pdu_0x177baa0 -> pdu_0x177c738 -> pdu_0x177d3d0 -> pdu_0x177e068 -> pdu_0x177ed00 -> pdu_0x177f998 -> pdu_0x1780630 -> pdu_0x17812c8 -> pdu_0x1781f60 -> pdu_0x1782bf8 -> pdu_0x1783890 -> pdu_0x1784528 -> pdu_0x17851c0 -> pdu_0x1785e58 -> pdu_0x1786af0 -> pdu_0x1787788 -> pdu_0x1788420 -> pdu_0x17890b8 -> pdu_0x1789d50 -> pdu_0x178a9e8 -> pdu_0x178b680 -> pdu_0x178c318 -> pdu_0x178cfb0 -> pdu_0x178dc48 -> pdu_0x178e8e0 -> pdu_0x178f578 -> pdu_0x1790210 -> pdu_0x1790ea8 -> pdu_0x1791b40 -> pdu_0x17927d8 -> pdu_0x1793470 -> pdu_0x1794108 -> pdu_0x1794da0 -> pdu_0x1795a38 -> pdu_0x17966d0 -> pdu_0x1797368 -> pdu_0x1798000 -> pdu_0x1798c98 -> pdu_0x1799930 -> pdu_0x179a5c8 -> pdu_0x179b260 -> pdu_0x179bef8 -> pdu_0x179cb90 -> pdu_0x179d828 -> pdu_0x179e4c0 -> pdu_0x179f158 -> pdu_0x179fdf0 -> pdu_0x17a0a88 -> pdu_0x17a1720 -> pdu_0x17a23b8 -> pdu_0x17a3050 -> pdu_0x17a3ce8 -> pdu_0x17a4980 -> pdu_0x17a5618 -> pdu_0x17a62b0 -> pdu_0x17a6f48 -> pdu_0x17a7be0 -> pdu_0x17a8878 -> pdu_0x17a9510 -> pdu_0x17aa1a8 -> pdu_0x17aae40 -> pdu_0x17abad8 -> pdu_0x17ac770 -> pdu_0x17ad408 -> pdu_0x17ae0a0 -> pdu_0x17aed38 -> pdu_0x17af9d0 -> pdu_0x17b0668 -> pdu_0x17b1300 -> pdu_0x17b1f98 -> pdu_0x17b2c30 -> pdu_0x17b38c8 -> pdu_0x17b4560 -> pdu_0x17b51f8 -> pdu_0x17b5e90 -> pdu_0x17b6b28 -> pdu_0x17b77c0 -> pdu_0x17b8458 -> pdu_0x17b90f0 -> pdu_0x17b9d88 -> pdu_0x17baa20 -> pdu_0x17bb6b8 -> pdu_0x17bc350 -> pdu_0x17bcfe8 -> pdu_0x17bdc80 -> pdu_0x17be918 -> pdu_0x17bf5b0 -> pdu_0x17c0248 -> pdu_0x17c0ee0 -> pdu_0x17c1b78 -> pdu_0x17c2810 -> pdu_0x17c34a8 -> pdu_0x17c4140 -> pdu_0x17c4dd8 -> pdu_0x17c5a70 -> pdu_0x17c6708 -> pdu_0x17c73a0 -> pdu_0x17c8038 -> pdu_0x17c8cd0 -> pdu_0x17c9968 -> pdu_0x17ca600 -> pdu_0x17cb298 -> pdu_0x17cbf30 -> pdu_0x17ccbc8 -> pdu_0x17cd860 -> pdu_0x17ce4f8 -> pdu_0x17cf190 -> pdu_0x17cfe28 -> pdu_0x17d0ac0 -> pdu_0x17d1758 -> pdu_0x17d23f0 -> pdu_0x17d3088 -> pdu_0x17d3d20 -> pdu_0x17d49b8 -> pdu_0x17d5650 -> pdu_0x17d62e8 -> pdu_0x17d6f80 -> pdu_0x17d7c18 -> pdu_0x17d88b0 -> pdu_0x17d9548 -> pdu_0x17da1e0 -> pdu_0x17dae78 -> pdu_0x17dbb10 -> pdu_0x17dc7a8 -> pdu_0x17dd440 -> pdu_0x17de0d8 -> pdu_0x17ded70 -> pdu_0x17dfa08 -> pdu_0x17e06a0 -> pdu_0x17e1338 -> pdu_0x17e1fd0 -> pdu_0x17e2c68 -> pdu_0x17e3900 -> pdu_0x17e4598 -> pdu_0x17e5230 -> pdu_0x17e5ec8 -> pdu_0x17e6b60 -> pdu_0x17e77f8 -> pdu_0x17e8490 -> pdu_0x17e9128 -> pdu_0x17e9dc0 -> pdu_0x17eaa58 -> pdu_0x17eb6f0 -> pdu_0x17ec388 -> pdu_0x17ed020 -> pdu_0x17edcb8 -> pdu_0x17ee950 -> pdu_0x17ef5e8 -> pdu_0x17f0280 -> pdu_0x17f0f18 -> pdu_0x17f1bb0 -> pdu_0x17f2848 -> pdu_0x17f34e0 -> pdu_0x17f4178 -> pdu_0x17f4e10 -> pdu_0x17f5aa8 -> pdu_0x17f6740 -> pdu_0x17f73d8 -> pdu_0x17f8070 -> pdu_0x17f8d08 -> pdu_0x17f99a0 -> pdu_0x17fa638 -> pdu_0x17fb2d0 -> pdu_0x17fbf68 -> pdu_0x17fcc00 -> pdu_0x17fd898 -> pdu_0x17fe530 -> pdu_0x17ff1c8 -> pdu_0x17ffe60 -> pdu_0x1800af8 -> pdu_0x1801790 -> pdu_0x1802428 -> pdu_0x18030c0 -> pdu_0x1803d58 -> pdu_0x18049f0 -> pdu_0x1805688 -> pdu_0x1806320 -> pdu_0x1806fb8 -> pdu_0x1807c50 -> pdu_0x18088e8 -> pdu_0x1809580 -> pdu_0x180a218 -> pdu_0x180aeb0 -> pdu_0x180bb48 -> pdu_0x180c7e0 -> pdu_0x180d478 -> pdu_0x180e110 -> pdu_0x180eda8 -> pdu_0x180fa40 -> pdu_0x18106d8 -> pdu_0x1811370 -> pdu_0x1812008 -> pdu_0x1812ca0 -> pdu_0x1813938 -> pdu_0x18145d0 -> pdu_0x1815268 -> pdu_0x1815f00 -> pdu_0x1816b98 -> pdu_0x1817830 -> pdu_0x18184c8 -> pdu_0x1819160 -> pdu_0x1819df8 -> pdu_0x181aa90 -> pdu_0x181b728 -> pdu_0x181c3c0 -> pdu_0x181d058 -> pdu_0x181dcf0 -> pdu_0x181e988 -> pdu_0x181f620 -> pdu_0x18202b8 -> pdu_0x1820f50 -> pdu_0x1821be8 -> pdu_0x1822880 -> pdu_0x1823518 -> pdu_0x18241b0 -> pdu_0x1824e48 -> pdu_0x1825ae0 -> pdu_0x1826778 -> pdu_0x1827410 -> pdu_0x18280a8 -> pdu_0x1828d40 -> pdu_0x18299d8 -> pdu_0x182a670 -> pdu_0x182b308 -> pdu_0x182bfa0 -> pdu_0x182cc38 -> pdu_0x182d8d0 -> pdu_0x182e568 -> pdu_0x182f200 -> pdu_0x182fe98 -> pdu_0x1830b30 -> pdu_0x18317c8 -> pdu_0x1832460 -> pdu_0x18330f8 -> pdu_0x1833d90 -> pdu_0x1834a28 -> pdu_0x18356c0 -> pdu_0x1836358 -> pdu_0x1836ff0 -> pdu_0x1837c88 -> pdu_0x1838920 -> pdu_0x18395b8 -> pdu_0x183a250 -> pdu_0x183aee8 -> pdu_0x183bb80 -> pdu_0x183c818 -> pdu_0x183d4b0 -> pdu_0x183e148 -> pdu_0x183ede0 -> pdu_0x183fa78 -> pdu_0x1840710 -> pdu_0x18413a8 -> pdu_0x1842040 -> pdu_0x1842cd8 -> pdu_0x1843970 -> pdu_0x1844608 -> pdu_0x18452a0 -> pdu_0x1845f38 -> pdu_0x1846bd0 -> pdu_0x1847868 -> pdu_0x1848500 -> pdu_0x1849198 -> pdu_0x1849e30 -> pdu_0x184aac8 -> pdu_0x184b760 -> pdu_0x184c3f8 -> pdu_0x184d090 -> pdu_0x184dd28 -> pdu_0x184e9c0 -> pdu_0x184f658 -> pdu_0x18502f0 -> pdu_0x1850f88 -> pdu_0x1851c20 -> pdu_0x18528b8 -> pdu_0x1853550 -> pdu_0x18541e8 -> pdu_0x1854e80 -> pdu_0x1855b18 -> pdu_0x18567b0 -> pdu_0x1857448 -> pdu_0x18580e0 -> pdu_0x1858d78 -> pdu_0x1859a10 -> pdu_0x185a6a8 -> pdu_0x185b340 -> pdu_0x185bfd8 -> pdu_0x185cc70 -> pdu_0x185d908 -> pdu_0x185e5a0 -> pdu_0x185f238 -> pdu_0x185fed0 -> pdu_0x1860b68 -> pdu_0x1861800 -> pdu_0x1862498 -> pdu_0x1863130 -> pdu_0x1863dc8 -> pdu_0x1864a60 -> pdu_0x18656f8 -> pdu_0x1866390 -> pdu_0x1867028 -> pdu_0x1867cc0 -> pdu_0x1868958 -> pdu_0x18695f0 -> pdu_0x186a288 -> pdu_0x186af20 -> pdu_0x186bbb8 -> pdu_0x186c850 -> pdu_0x186d4e8 -> pdu_0x186e180 -> pdu_0x186ee18 -> pdu_0x186fab0 -> pdu_0x1870748 -> pdu_0x18713e0 -> pdu_0x1872078 -> pdu_0x1872d10 -> pdu_0x18739a8 -> pdu_0x1874640 -> pdu_0x18752d8 -> pdu_0x1875f70 -> pdu_0x1876c08 -> pdu_0x18778a0 -> pdu_0x1878538 -> pdu_0x18791d0 -> pdu_0x1879e68 -> pdu_0x187ab00 -> pdu_0x187b798 -> pdu_0x187c430 -> pdu_0x187d0c8 -> pdu_0x187dd60 -> pdu_0x187e9f8 -> pdu_0x187f690 -> pdu_0x1880328 -> pdu_0x1880fc0 -> pdu_0x1881c58 -> pdu_0x18828f0 -> pdu_0x1883588 -> pdu_0x1884220 -> pdu_0x1884eb8 -> pdu_0x1885b50 -> pdu_0x18867e8 -> pdu_0x1887480 -> pdu_0x1888118 -> pdu_0x1888db0 -> pdu_0x1889a48 -> pdu_0x188a6e0 -> pdu_0x188b378 -> pdu_0x188c010 -> pdu_0x188cca8 -> pdu_0x188d940 -> pdu_0x188e5d8 -> pdu_0x188f270 -> pdu_0x188ff08 -> pdu_0x1890ba0 -> pdu_0x1891838 -> pdu_0x18924d0 -> pdu_0x1893168 -> pdu_0x1893e00 -> pdu_0x1894a98 -> pdu_0x1895730 -> pdu_0x18963c8 -> pdu_0x1897060 -> pdu_0x1897cf8 -> pdu_0x1898990 -> pdu_0x1899628 -> pdu_0x189a2c0 -> pdu_0x189af58 -> pdu_0x189bbf0 -> pdu_0x189c888 -> pdu_0x189d520 -> pdu_0x189e1b8 -> pdu_0x189ee50 -> pdu_0x189fae8 -> pdu_0x18a0780 -> pdu_0x18a1418 -> pdu_0x18a20b0 -> pdu_0x18a2d48 -> pdu_0x18a39e0 -> pdu_0x18a4678 -> pdu_0x18a5310 -> pdu_0x18a5fa8 -> pdu_0x18a6c40 -> pdu_0x18a78d8 -> pdu_0x18a8570 -> pdu_0x18a9208 -> pdu_0x18a9ea0 -> pdu_0x18aab38 -> pdu_0x18ab7d0 -> pdu_0x18ac468 -> pdu_0x18ad100 -> pdu_0x18add98 -> pdu_0x18aea30 -> pdu_0x18af6c8 -> pdu_0x18b0360 -> pdu_0x18b0ff8 -> pdu_0x18b1c90 -> pdu_0x18b2928 -> pdu_0x18b35c0 -> pdu_0x18b4258 -> pdu_0x18b4ef0 -> pdu_0x18b5b88 -> pdu_0x18b6820 -> pdu_0x18b74b8 -> pdu_0x18b8150 -> pdu_0x18b8de8 -> pdu_0x18b9a80 -> pdu_0x18ba718 -> pdu_0x18bb3b0 -> pdu_0x18bc048 -> pdu_0x18bcce0 -> pdu_0x18bd978 -> pdu_0x18be610 -> pdu_0x18bf2a8 -> pdu_0x18bff40 -> pdu_0x18c0bd8 -> pdu_0x18c1870 -> pdu_0x18c2508 -> pdu_0x18c31a0 -> pdu_0x18c3e38 -> pdu_0x18c4ad0 -> pdu_0x18c5768 -> pdu_0x18c6400 -> pdu_0x18c7098 -> pdu_0x18c7d30 -> pdu_0x18c89c8 -> pdu_0x18c9660 -> pdu_0x18ca2f8 -> pdu_0x18caf90 -> pdu_0x18cbc28 -> pdu_0x18cc8c0 -> pdu_0x18cd558 -> pdu_0x18ce1f0 -> pdu_0x18cee88 -> pdu_0x18cfb20 -> pdu_0x18d07b8 -> pdu_0x18d1450 -> pdu_0x18d20e8 -> pdu_0x18d2d80 -> pdu_0x18d3a18 -> pdu_0x18d46b0 -> pdu_0x18d5348 -> pdu_0x18d5fe0 -> pdu_0x18d6c78 -> pdu_0x18d7910 -> pdu_0x18d85a8 -> pdu_0x18d9240 -> pdu_0x18d9ed8 -> pdu_0x18dab70 -> pdu_0x18db808 -> pdu_0x18dc4a0 -> pdu_0x18dd138 -> pdu_0x18dddd0 -> pdu_0x18dea68 -> pdu_0x18df700 -> pdu_0x18e0398 -> pdu_0x18e1030 -> pdu_0x18e1cc8 -> pdu_0x18e2960 -> pdu_0x18e35f8 -> pdu_0x18e4290 -> pdu_0x18e4f28 -> pdu_0x18e5bc0 -> pdu_0x18e6858 -> pdu_0x18e74f0 -> pdu_0x18e8188 -> pdu_0x18e8e20 -> pdu_0x18e9ab8 -> pdu_0x18ea750 -> pdu_0x18eb3e8 -> pdu_0x18ec080 -> pdu_0x18ecd18 -> pdu_0x18ed9b0 -> pdu_0x18ee648 -> pdu_0x18ef2e0 -> pdu_0x18eff78 -> pdu_0x18f0c10 -> pdu_0x18f18a8 -> pdu_0x18f2540 -> pdu_0x18f31d8 -> pdu_0x18f3e70 -> pdu_0x18f4b08 -> pdu_0x18f57a0 -> pdu_0x18f6438 -> pdu_0x18f70d0 -> pdu_0x18f7d68 -> pdu_0x18f8a00 -> pdu_0x18f9698 -> pdu_0x18fa330 -> pdu_0x18fafc8 -> pdu_0x18fbc60 -> pdu_0x18fc8f8 -> pdu_0x18fd590 -> pdu_0x18fe228 -> pdu_0x18feec0 -> pdu_0x18ffb58 -> pdu_0x19007f0 -> pdu_0x1901488 -> pdu_0x1902120 -> pdu_0x1902db8 -> pdu_0x1903a50 -> pdu_0x19046e8 -> pdu_0x1905380 -> pdu_0x1906018 -> pdu_0x1906cb0 -> pdu_0x1907948 -> pdu_0x19085e0 -> pdu_0x1909278 -> pdu_0x1909f10 -> pdu_0x190aba8 -> pdu_0x190b840 -> pdu_0x190c4d8 -> pdu_0x190d170 -> pdu_0x190de08 -> pdu_0x190eaa0 -> pdu_0x190f738 -> pdu_0x19103d0 -> pdu_0x1911068 -> pdu_0x1911d00 -> pdu_0x1912998 -> pdu_0x1913630 -> pdu_0x19142c8 -> pdu_0x1914f60 -> pdu_0x1915bf8 -> pdu_0x1916890 -> pdu_0x1917528 -> pdu_0x19181c0 -> pdu_0x1918e58 -> pdu_0x1919af0 -> pdu_0x191a788 -> pdu_0x191b420 -> pdu_0x191c0b8 -> pdu_0x191cd50 -> pdu_0x191d9e8 -> pdu_0x191e680 -> pdu_0x191f318 -> pdu_0x191ffb0 -> pdu_0x1920c48 -> pdu_0x19218e0 -> pdu_0x1922578 -> pdu_0x1923210 -> pdu_0x1923ea8 -> pdu_0x1924b40 -> pdu_0x19257d8 -> pdu_0x1926470 -> pdu_0x1927108 -> pdu_0x1927da0 -> pdu_0x1928a38 -> pdu_0x19296d0 -> pdu_0x192a368 -> pdu_0x192b000 -> pdu_0x192bc98 -> pdu_0x192c930 -> pdu_0x192d5c8 -> pdu_0x192e260 -> pdu_0x192eef8 -> pdu_0x192fb90 -> pdu_0x1930828 -> pdu_0x19314c0 -> pdu_0x1932158 -> pdu_0x1932df0 -> pdu_0x1933a88 -> pdu_0x1934720 -> pdu_0x19353b8 -> pdu_0x1936050 -> pdu_0x1936ce8 -> pdu_0x1937980 -> pdu_0x1938618 -> pdu_0x19392b0 -> pdu_0x1939f48 -> pdu_0x193abe0 -> pdu_0x193b878 -> pdu_0x193c510 -> pdu_0x193d1a8 -> pdu_0x193de40 -> pdu_0x193ead8 -> pdu_0x193f770 -> pdu_0x1940408 -> pdu_0x19410a0 -> pdu_0x1941d38 -> pdu_0x19429d0 -> pdu_0x1943668 -> pdu_0x1944300 -> pdu_0x1944f98 -> pdu_0x1945c30 -> pdu_0x19468c8 -> pdu_0x1947560 -> pdu_0x19481f8 -> pdu_0x1948e90 -> pdu_0x1949b28 -> pdu_0x194a7c0 -> pdu_0x194b458 -> pdu_0x194c0f0 -> pdu_0x194cd88 -> pdu_0x194da20 -> pdu_0x194e6b8 -> pdu_0x194f350 -> pdu_0x194ffe8 -> pdu_0x1950c80 -> pdu_0x1951918 -> pdu_0x19525b0 -> pdu_0x1953248 -> pdu_0x1953ee0 -> pdu_0x1954b78 -> pdu_0x1955810 -> pdu_0x19564a8 -> pdu_0x1957140 -> pdu_0x1957dd8 -> pdu_0x1958a70 -> pdu_0x1959708 -> pdu_0x195a3a0 -> pdu_0x195b038 -> pdu_0x195bcd0 -> pdu_0x195c968 -> pdu_0x195d600 -> pdu_0x195e298 -> pdu_0x195ef30 -> pdu_0x195fbc8 -> pdu_0x1960860 -> pdu_0x19614f8 -> pdu_0x1962190 -> pdu_0x1962e28 -> pdu_0x1963ac0 -> pdu_0x1964758 -> pdu_0x19653f0 -> pdu_0x1966088 -> pdu_0x1966d20 -> pdu_0x19679b8 -> pdu_0x1968650 -> pdu_0x19692e8 -> pdu_0x1969f80 -> pdu_0x196ac18 -> pdu_0x196b8b0 -> pdu_0x196c548 -> pdu_0x196d1e0 -> pdu_0x196de78 -> pdu_0x196eb10 -> pdu_0x196f7a8 -> pdu_0x1970440 -> pdu_0x19710d8 -> pdu_0x1971d70 -> pdu_0x1972a08 -> pdu_0x19736a0 -> pdu_0x1974338 -> pdu_0x1974fd0 -> pdu_0x1975c68 -> pdu_0x1976900 -> pdu_0x1977598 -> pdu_0x1978230 -> pdu_0x1978ec8 -> pdu_0x1979b60 -> pdu_0x197a7f8 -> pdu_0x197b490 -> pdu_0x197c128 -> pdu_0x197cdc0 -> pdu_0x197da58 -> pdu_0x197e6f0 -> pdu_0x197f388 -> pdu_0x1980020 -> pdu_0x1980cb8 -> pdu_0x1981950 -> pdu_0x19825e8 -> pdu_0x1983280 -> pdu_0x1983f18 -> pdu_0x1984bb0 -> pdu_0x1985848 -> pdu_0x19864e0 -> pdu_0x1987178 -> pdu_0x1987e10 -> pdu_0x1988aa8 -> pdu_0x1989740 -> pdu_0x198a3d8 -> pdu_0x198b070 -> pdu_0x198bd08 -> pdu_0x198c9a0 -> pdu_0x198d638 -> pdu_0x198e2d0 -> pdu_0x198ef68 -> pdu_0x198fc00 -> pdu_0x1990898 -> pdu_0x1991530 -> pdu_0x19921c8 -> pdu_0x1992e60 -> pdu_0x1993af8 -> pdu_0x1994790 -> pdu_0x1995428 -> pdu_0x19960c0 -> pdu_0x1996d58 -> pdu_0x19979f0 -> pdu_0x1998688 -> pdu_0x1999320 -> pdu_0x1999fb8 -> pdu_0x199ac50 -> pdu_0x199b8e8 -> pdu_0x199c580 -> pdu_0x199d218 -> pdu_0x199deb0 -> pdu_0x199eb48 -> pdu_0x199f7e0 -> pdu_0x19a0478 -> pdu_0x19a1110 -> pdu_0x19a1da8 -> pdu_0x19a2a40 -> pdu_0x19a36d8 -> pdu_0x19a4370 -> pdu_0x19a5008 -> pdu_0x19a5ca0 -> pdu_0x19a6938 -> pdu_0x19a75d0 -> pdu_0x19a8268 -> pdu_0x19a8f00 -> pdu_0x19a9b98 -> pdu_0x19aa830 -> pdu_0x19ab4c8 -> pdu_0x19ac160 -> pdu_0x19acdf8 -> pdu_0x19ada90 -> pdu_0x19ae728 -> pdu_0x19af3c0 -> pdu_0x19b0058 -> pdu_0x19b0cf0 -> pdu_0x19b1988 -> pdu_0x19b2620 -> pdu_0x19b32b8 -> pdu_0x19b3f50 -> pdu_0x19b4be8 -> pdu_0x19b5880 -> pdu_0x19b6518 -> pdu_0x19b71b0 -> pdu_0x19b7e48 -> pdu_0x19b8ae0 -> pdu_0x19b9778 -> pdu_0x19ba410 -> pdu_0x19bb0a8 -> pdu_0x19bbd40 -> pdu_0x19bc9d8 -> pdu_0x19bd670 -> pdu_0x19be308 -> pdu_0x19befa0 -> pdu_0x19bfc38 -> pdu_0x19c08d0 -> pdu_0x19c1568 -> pdu_0x19c2200 -> pdu_0x19c2e98 -> pdu_0x19c3b30 -> pdu_0x19c47c8 -> pdu_0x19c5460 -> pdu_0x19c60f8 -> pdu_0x19c6d90 -> pdu_0x19c7a28 -> pdu_0x19c86c0 -> pdu_0x19c9358 -> pdu_0x19c9ff0 -> pdu_0x19cac88 -> pdu_0x19cb920 -> pdu_0x19cc5b8 -> pdu_0x19cd250 -> pdu_0x19cdee8 -> pdu_0x19ceb80 -> pdu_0x19cf818 -> pdu_0x19d04b0 -> pdu_0x19d1148 -> pdu_0x19d1de0 -> pdu_0x19d2a78 -> pdu_0x19d3710 -> pdu_0x19d43a8 -> pdu_0x19d5040 -> pdu_0x19d5cd8 -> pdu_0x19d6970 -> pdu_0x19d7608 -> pdu_0x19d82a0 -> pdu_0x19d8f38 -> pdu_0x19d9bd0 -> pdu_0x19da868 -> pdu_0x19db500 -> pdu_0x19dc198 -> pdu_0x19dce30 -> pdu_0x19ddac8 -> pdu_0x19de760 -> pdu_0x19df3f8 -> pdu_0x19e0090 -> pdu_0x19e0d28 -> pdu_0x19e19c0 -> pdu_0x19e2658 -> pdu_0x19e32f0 -> pdu_0x19e3f88 -> pdu_0x19e4c20 -> pdu_0x19e58b8 -> pdu_0x19e6550 -> pdu_0x19e71e8 -> pdu_0x19e7e80 -> pdu_0x19e8b18 -> pdu_0x19e97b0 -> pdu_0x19ea448 -> pdu_0x19eb0e0 -> pdu_0x19ebd78 -> pdu_0x19eca10 -> pdu_0x19ed6a8 -> pdu_0x19ee340 -> pdu_0x19eefd8 -> pdu_0x19efc70 -> pdu_0x19f0908 -> pdu_0x19f15a0 -> pdu_0x19f2238 -> pdu_0x19f2ed0 -> pdu_0x19f3b68 -> pdu_0x19f4800 -> pdu_0x19f5498 -> pdu_0x19f6130 -> pdu_0x19f6dc8 -> pdu_0x19f7a60 -> pdu_0x19f86f8 -> pdu_0x19f9390 -> pdu_0x19fa028 -> pdu_0x19facc0 -> pdu_0x19fb958 -> pdu_0x19fc5f0 -> pdu_0x19fd288 -> pdu_0x19fdf20 -> pdu_0x19febb8 -> pdu_0x19ff850 -> pdu_0x1a004e8 -> pdu_0x1a01180 -> pdu_0x1a01e18 -> pdu_0x1a02ab0 -> pdu_0x1a03748 -> pdu_0x1a043e0 -> pdu_0x1a05078 -> pdu_0x1a05d10 -> pdu_0x1a069a8 -> pdu_0x1a07640 -> pdu_0x1a082d8 -> pdu_0x1a08f70 -> pdu_0x1a09c08 -> pdu_0x1a0a8a0 -> pdu_0x1a0b538 -> pdu_0x1a0c1d0 -> pdu_0x1a0ce68 -> pdu_0x1a0db00 -> pdu_0x1a0e798 -> pdu_0x1a0f430 -> pdu_0x1a100c8 -> pdu_0x1a10d60 -> pdu_0x1a119f8 -> pdu_0x1a12690 -> pdu_0x1a13328 -> pdu_0x1a13fc0 -> pdu_0x1a14c58 -> pdu_0x1a158f0 -> pdu_0x1a16588 -> pdu_0x1a17220 -> pdu_0x1a17eb8 -> pdu_0x1a18b50 -> pdu_0x1a197e8 -> pdu_0x1a1a480 -> pdu_0x1a1b118 -> pdu_0x1a1bdb0 -> pdu_0x1a1ca48 -> pdu_0x1a1d6e0 -> pdu_0x1a1e378 -> pdu_0x1a1f010 -> pdu_0x1a1fca8 -> pdu_0x1a20940 -> pdu_0x1a215d8 -> pdu_0x1a22270 -> pdu_0x1a22f08 -> pdu_0x1a23ba0 -> pdu_0x1a24838 -> pdu_0x1a254d0 -> pdu_0x1a26168 -> pdu_0x1a26e00 -> pdu_0x1a27a98 -> pdu_0x1a28730 -> pdu_0x1a293c8 -> pdu_0x1a2a060 -> pdu_0x1a2acf8 -> pdu_0x1a2b990 -> pdu_0x1a2c628 -> pdu_0x1a2d2c0 -> pdu_0x1a2df58 -> pdu_0x1a2ebf0 -> pdu_0x1a2f888 -> pdu_0x1a30520 -> pdu_0x1a311b8 -> pdu_0x1a31e50 -> pdu_0x1a32ae8 -> pdu_0x1a33780 -> pdu_0x1a34418 -> pdu_0x1a350b0 -> pdu_0x1a35d48 -> pdu_0x1a369e0 -> pdu_0x1a37678 -> pdu_0x1a38310 -> pdu_0x1a38fa8 -> pdu_0x1a39c40 -> pdu_0x1a3a8d8 -> pdu_0x1a3b570 -> pdu_0x1a3c208 -> pdu_0x1a3cea0 -> pdu_0x1a3db38 -> pdu_0x1a3e7d0 -> pdu_0x1a3f468 -> pdu_0x1a40100 -> pdu_0x1a40d98 -> pdu_0x1a41a30 -> pdu_0x1a426c8 -> pdu_0x1a43360 -> pdu_0x1a43ff8 -> pdu_0x1a44c90 -> pdu_0x1a45928 -> pdu_0x1a465c0 -> pdu_0x1a47258 -> pdu_0x1a47ef0 -> pdu_0x1a48b88 -> pdu_0x1a49820 -> pdu_0x1a4a4b8 -> pdu_0x1a4b150 -> pdu_0x1a4bde8 -> pdu_0x1a4ca80 -> pdu_0x1a4d718 -> pdu_0x1a4e3b0 -> pdu_0x1a4f048 -> pdu_0x1a4fce0 -> pdu_0x1a50978 -> pdu_0x1a51610 -> pdu_0x1a522a8 -> pdu_0x1a52f40 -> pdu_0x1a53bd8 -> pdu_0x1a54870 -> pdu_0x1a55508 -> pdu_0x1a561a0 -> pdu_0x1a56e38 -> pdu_0x1a57ad0 -> pdu_0x1a58768 -> pdu_0x1a59400 -> pdu_0x1a5a098 -> pdu_0x1a5ad30 -> pdu_0x1a5b9c8 -> pdu_0x1a5c660 -> pdu_0x1a5d2f8 -> pdu_0x1a5df90 -> pdu_0x1a5ec28 -> pdu_0x1a5f8c0 -> pdu_0x1a60558 -> pdu_0x1a611f0 -> pdu_0x1a61e88 -> pdu_0x1a62b20 -> pdu_0x1a637b8 -> pdu_0x1a64450 -> pdu_0x1a650e8 -> pdu_0x1a65d80 -> pdu_0x1a66a18 -> pdu_0x1a676b0 -> pdu_0x1a68348 -> pdu_0x1a68fe0 -> pdu_0x1a69c78 -> pdu_0x1a6a910 -> pdu_0x1a6b5a8 -> pdu_0x1a6c240 -> pdu_0x1a6ced8 -> pdu_0x1a6db70 -> pdu_0x1a6e808 -> pdu_0x1a6f4a0 -> pdu_0x1a70138 -> pdu_0x1a70dd0 -> pdu_0x1a71a68 -> pdu_0x1a72700 -> pdu_0x1a73398 -> pdu_0x1a74030 -> pdu_0x1a74cc8 -> pdu_0x1a75960 -> pdu_0x1a765f8 -> pdu_0x1a77290 -> pdu_0x1a77f28 -> pdu_0x1a78bc0 -> pdu_0x1a79858 -> pdu_0x1a7a4f0 -> pdu_0x1a7b188 -> pdu_0x1a7be20 -> pdu_0x1a7cab8 -> pdu_0x1a7d750 -> pdu_0x1a7e3e8 -> pdu_0x1a7f080 -> pdu_0x1a7fd18 -> pdu_0x1a809b0 -> pdu_0x1a81648 -> pdu_0x1a822e0 -> pdu_0x1a82f78 -> pdu_0x1a83c10 -> pdu_0x1a848a8 -> pdu_0x1a85540 -> pdu_0x1a861d8 -> pdu_0x1a86e70 -> pdu_0x1a87b08 -> pdu_0x1a887a0 -> pdu_0x1a89438 -> pdu_0x1a8a0d0 -> pdu_0x1a8ad68 -> pdu_0x1a8ba00 -> pdu_0x1a8c698 -> pdu_0x1a8d330 -> pdu_0x1a8dfc8 -> pdu_0x1a8ec60 -> pdu_0x1a8f8f8 -> pdu_0x1a90590 -> pdu_0x1a91228 -> pdu_0x1a91ec0 -> pdu_0x1a92b58 -> pdu_0x1a937f0 -> pdu_0x1a94488 -> pdu_0x1a95120 -> pdu_0x1a95db8 -> pdu_0x1a96a50 -> pdu_0x1a976e8 -> pdu_0x1a98380 -> pdu_0x1a99018 -> pdu_0x1a99cb0 -> pdu_0x1a9a948 -> pdu_0x1a9b5e0 -> pdu_0x1a9c278 -> pdu_0x1a9cf10 -> pdu_0x1a9dba8 -> pdu_0x1a9e840 -> pdu_0x1a9f4d8 -> pdu_0x1aa0170 -> pdu_0x1aa0e08 -> pdu_0x1aa1aa0 -> pdu_0x1aa2738 -> pdu_0x1aa33d0 -> pdu_0x1aa4068 -> pdu_0x1aa4d00 -> pdu_0x1aa5998 -> pdu_0x1aa6630 -> pdu_0x1aa72c8 -> pdu_0x1aa7f60 -> pdu_0x1aa8bf8 -> pdu_0x1aa9890 -> pdu_0x1aaa528 -> pdu_0x1aab1c0 -> pdu_0x1aabe58 -> pdu_0x1aacaf0 -> pdu_0x1aad788 -> pdu_0x1aae420 -> pdu_0x1aaf0b8 -> pdu_0x1aafd50 -> pdu_0x1ab09e8 -> pdu_0x1ab1680 -> pdu_0x1ab2318 -> pdu_0x1ab2fb0 -> pdu_0x1ab3c48 -> pdu_0x1ab48e0 -> pdu_0x1ab5578 -> pdu_0x1ab6210 -> pdu_0x1ab6ea8 -> pdu_0x1ab7b40 -> pdu_0x1ab87d8 -> pdu_0x1ab9470 -> pdu_0x1aba108 -> pdu_0x1abada0 -> pdu_0x1abba38 -> pdu_0x1abc6d0 -> pdu_0x1abd368 -> pdu_0x1abe000 -> pdu_0x1abec98 -> pdu_0x1abf930 -> pdu_0x1ac05c8 -> pdu_0x1ac1260 -> pdu_0x1ac1ef8 -> pdu_0x1ac2b90 -> pdu_0x1ac3828 -> pdu_0x1ac44c0 -> pdu_0x1ac5158 -> pdu_0x1ac5df0 -> pdu_0x1ac6a88 -> pdu_0x1ac7720 -> pdu_0x1ac83b8 -> pdu_0x1ac9050 -> pdu_0x1ac9ce8 -> pdu_0x1aca980 -> pdu_0x1acb618 -> pdu_0x1acc2b0 -> pdu_0x1accf48 -> pdu_0x1acdbe0 -> pdu_0x1ace878 -> pdu_0x1acf510 -> pdu_0x1ad01a8 -> pdu_0x1ad0e40 -> pdu_0x1ad1ad8 -> pdu_0x1ad2770 -> pdu_0x1ad3408 -> pdu_0x1ad40a0 -> pdu_0x1ad4d38 -> pdu_0x1ad59d0 -> pdu_0x1ad6668 -> pdu_0x1ad7300 -> pdu_0x1ad7f98 -> pdu_0x1ad8c30 -> pdu_0x1ad98c8 -> pdu_0x1ada560 -> pdu_0x1adb1f8 -> pdu_0x1adbe90 -> pdu_0x1adcb28 -> pdu_0x1add7c0 -> pdu_0x1ade458 -> pdu_0x1adf0f0 -> pdu_0x1adfd88 -> pdu_0x1ae0a20 -> pdu_0x1ae16b8 -> pdu_0x1ae2350 -> pdu_0x1ae2fe8 -> pdu_0x1ae3c80 -> pdu_0x1ae4918 -> pdu_0x1ae55b0 -> pdu_0x1ae6248 -> pdu_0x1ae6ee0 -> pdu_0x1ae7b78 -> pdu_0x1ae8810 -> pdu_0x1ae94a8 -> pdu_0x1aea140 -> pdu_0x1aeadd8 -> pdu_0x1aeba70 -> pdu_0x1aec708 -> pdu_0x1aed3a0 -> pdu_0x1aee038 -> pdu_0x1aeecd0 -> pdu_0x1aef968 -> pdu_0x1af0600 -> pdu_0x1af1298 -> pdu_0x1af1f30 -> pdu_0x1af2bc8 -> pdu_0x1af3860 -> pdu_0x1af44f8 -> pdu_0x1af5190 -> pdu_0x1af5e28 -> pdu_0x1af6ac0 -> pdu_0x1af7758 -> pdu_0x1af83f0 -> pdu_0x1af9088 -> pdu_0x1af9d20 -> pdu_0x1afa9b8 -> pdu_0x1afb650 -> pdu_0x1afc2e8 -> pdu_0x1afcf80 -> pdu_0x1afdc18 -> pdu_0x1afe8b0 -> pdu_0x1aff548 -> pdu_0x1b001e0 -> pdu_0x1b00e78 -> pdu_0x1b01b10 -> pdu_0x1b027a8 -> pdu_0x1b03440 -> pdu_0x1b040d8 -> pdu_0x1b04d70 -> pdu_0x1b05a08 -> pdu_0x1b066a0 -> pdu_0x1b07338 -> pdu_0x1b07fd0 -> pdu_0x1b08c68 -> pdu_0x1b09900 -> pdu_0x1b0a598 -> pdu_0x1b0b230 -> pdu_0x1b0bec8 -> pdu_0x1b0cb60 -> pdu_0x1b0d7f8 -> pdu_0x1b0e490 -> pdu_0x1b0f128 -> pdu_0x1b0fdc0 -> pdu_0x1b10a58 -> pdu_0x1b116f0 -> pdu_0x1b12388 -> pdu_0x1b13020 -> pdu_0x1b13cb8 -> pdu_0x1b14950 -> pdu_0x1b155e8 -> pdu_0x1b16280 -> pdu_0x1b16f18 -> pdu_0x1b17bb0 -> pdu_0x1b18848 -> pdu_0x1b194e0 -> pdu_0x1b1a178 -> pdu_0x1b1ae10 -> pdu_0x1b1baa8 -> pdu_0x1b1c740 -> pdu_0x1b1d3d8 -> pdu_0x1b1e070 -> pdu_0x1b1ed08 -> pdu_0x1b1f9a0 -> pdu_0x1b20638 -> pdu_0x1b212d0 -> pdu_0x1b21f68 -> pdu_0x1b22c00 -> pdu_0x1b23898 -> pdu_0x1b24530 -> pdu_0x1b251c8 -> pdu_0x1b25e60 -> pdu_0x1b26af8 -> pdu_0x1b27790 -> pdu_0x1b28428 -> pdu_0x1b290c0 -> pdu_0x1b29d58 -> pdu_0x1b2a9f0 -> pdu_0x1b2b688 -> pdu_0x1b2c320 -> pdu_0x1b2cfb8 -> pdu_0x1b2dc50 -> pdu_0x1b2e8e8 -> pdu_0x1b2f580 -> pdu_0x1b30218 -> pdu_0x1b30eb0 -> pdu_0x1b31b48 -> pdu_0x1b327e0 -> pdu_0x1b33478 -> pdu_0x1b34110 -> pdu_0x1b34da8 -> pdu_0x1b35a40 -> pdu_0x1b366d8 -> pdu_0x1b37370 -> pdu_0x1b38008 -> pdu_0x1b38ca0 -> pdu_0x1b39938 -> pdu_0x1b3a5d0 -> pdu_0x1b3b268 -> pdu_0x1b3bf00 -> pdu_0x1b3cb98 -> pdu_0x1b3d830 -> pdu_0x1b3e4c8 -> pdu_0x1b3f160 -> pdu_0x1b3fdf8 -> pdu_0x1b40a90 -> pdu_0x1b41728 -> pdu_0x1b423c0 -> pdu_0x1b43058 -> pdu_0x1b43cf0 -> pdu_0x1b44988 -> pdu_0x1b45620 -> pdu_0x1b462b8 -> pdu_0x1b46f50 -> pdu_0x1b47be8 -> pdu_0x1b48880 -> pdu_0x1b49518 -> pdu_0x1b4a1b0 -> pdu_0x1b4ae48 -> pdu_0x1b4bae0 -> pdu_0x1b4c778 -> pdu_0x1b4d410 -> pdu_0x1b4e0a8 -> pdu_0x1b4ed40 -> pdu_0x1b4f9d8 -> pdu_0x1b50670 -> pdu_0x1b51308 -> pdu_0x1b51fa0 -> pdu_0x1b52c38 -> pdu_0x1b538d0 -> pdu_0x1b54568 -> pdu_0x1b55200 -> pdu_0x1b55e98 -> pdu_0x1b56b30 -> pdu_0x1b577c8 -> pdu_0x1b58460 -> pdu_0x1b590f8 -> pdu_0x1b59d90 -> pdu_0x1b5aa28 -> pdu_0x1b5b6c0 -> pdu_0x1b5c358 -> pdu_0x1b5cff0 -> pdu_0x1b5dc88 -> pdu_0x1b5e920 -> pdu_0x1b5f5b8 -> pdu_0x1b60250 -> pdu_0x1b60ee8 -> pdu_0x1b61b80 -> pdu_0x1b62818 -> pdu_0x1b634b0 -> pdu_0x1b64148 -> pdu_0x1b64de0 -> pdu_0x1b65a78 -> pdu_0x1b66710 -> pdu_0x1b673a8 -> pdu_0x1b68040 -> pdu_0x1b68cd8 -> pdu_0x1b69970 -> pdu_0x1b6a608 -> pdu_0x1b6b2a0 -> pdu_0x1b6bf38 -> pdu_0x1b6cbd0 -> pdu_0x1b6d868 -> pdu_0x1b6e500 -> pdu_0x1b6f198 -> pdu_0x1b6fe30 -> pdu_0x1b70ac8 -> pdu_0x1b71760 -> pdu_0x1b723f8 -> pdu_0x1b73090 -> pdu_0x1b73d28 -> pdu_0x1b749c0 -> pdu_0x1b75658 -> pdu_0x1b762f0 -> pdu_0x1b76f88 -> pdu_0x1b77c20 -> pdu_0x1b788b8 -> pdu_0x1b79550 -> pdu_0x1b7a1e8 -> pdu_0x1b7ae80 -> pdu_0x1b7bb18 -> pdu_0x1b7c7b0 -> pdu_0x1b7d448 -> pdu_0x1b7e0e0 -> pdu_0x1b7ed78 -> pdu_0x1b7fa10 -> pdu_0x1b806a8 -> pdu_0x1b81340 -> pdu_0x1b81fd8 -> pdu_0x1b82c70 -> pdu_0x1b83908 -> pdu_0x1b845a0 -> pdu_0x1b85238 -> pdu_0x1b85ed0 -> pdu_0x1b86b68 -> pdu_0x1b87800 -> pdu_0x1b88498 -> pdu_0x1b89130 -> pdu_0x1b89dc8 -> pdu_0x1b8aa60 -> pdu_0x1b8b6f8 -> pdu_0x1b8c390 -> pdu_0x1b8d028 -> pdu_0x1b8dcc0 -> pdu_0x1b8e958 -> pdu_0x1b8f5f0 -> pdu_0x1b90288 -> pdu_0x1b90f20 -> pdu_0x1b91bb8 -> pdu_0x1b92850 -> pdu_0x1b934e8 -> pdu_0x1b94180 -> pdu_0x1b94e18 -> pdu_0x1b95ab0 -> pdu_0x1b96748 -> pdu_0x1b973e0 -> pdu_0x1b98078 -> pdu_0x1b98d10 -> pdu_0x1b999a8 -> pdu_0x1b9a640 -> pdu_0x1b9b2d8 -> pdu_0x1b9bf70 -> pdu_0x1b9cc08 -> pdu_0x1b9d8a0 -> pdu_0x1b9e538 -> pdu_0x1b9f1d0 -> pdu_0x1b9fe68 -> pdu_0x1ba0b00 -> pdu_0x1ba1798 -> pdu_0x1ba2430 -> pdu_0x1ba30c8 -> pdu_0x1ba3d60 -> pdu_0x1ba49f8 -> pdu_0x1ba5690 -> pdu_0x1ba6328 -> pdu_0x1ba6fc0 -> pdu_0x1ba7c58 -> pdu_0x1ba88f0 -> pdu_0x1ba9588 -> pdu_0x1baa220 -> pdu_0x1baaeb8 -> pdu_0x1babb50 -> pdu_0x1bac7e8 -> pdu_0x1bad480 -> pdu_0x1bae118 -> pdu_0x1baedb0 -> pdu_0x1bafa48 -> pdu_0x1bb06e0 -> pdu_0x1bb1378 -> pdu_0x1bb2010 -> pdu_0x1bb2ca8 -> pdu_0x1bb3940 -> pdu_0x1bb45d8 -> pdu_0x1bb5270 -> pdu_0x1bb5f08 -> pdu_0x1bb6ba0 -> pdu_0x1bb7838 -> pdu_0x1bb84d0 -> pdu_0x1bb9168 -> pdu_0x1bb9e00 -> pdu_0x1bbaa98 -> pdu_0x1bbb730 -> pdu_0x1bbc3c8 -> pdu_0x1bbd060 -> pdu_0x1bbdcf8 -> pdu_0x1bbe990 -> pdu_0x1bbf628 -> pdu_0x1bc02c0 -> pdu_0x1bc0f58 -> pdu_0x1bc1bf0 -> pdu_0x1bc2888 -> pdu_0x1bc3520 -> pdu_0x1bc41b8 -> pdu_0x1bc4e50 -> pdu_0x1bc5ae8 -> pdu_0x1bc6780 -> pdu_0x1bc7418 -> pdu_0x1bc80b0 -> pdu_0x1bc8d48 -> pdu_0x1bc99e0 -> pdu_0x1bca678 -> pdu_0x1bcb310 -> pdu_0x1bcbfa8 -> pdu_0x1bccc40 -> pdu_0x1bcd8d8 -> pdu_0x1bce570 -> pdu_0x1bcf208 -> pdu_0x1bcfea0 -> pdu_0x1bd0b38 -> pdu_0x1bd17d0 -> pdu_0x1bd2468 -> pdu_0x1bd3100 -> pdu_0x1bd3d98 -> pdu_0x1bd4a30 -> pdu_0x1bd56c8 -> pdu_0x1bd6360 -> pdu_0x1bd6ff8 -> pdu_0x1bd7c90 -> pdu_0x1bd8928 -> pdu_0x1bd95c0 -> pdu_0x1bda258 -> pdu_0x1bdaef0 -> pdu_0x1bdbb88 -> pdu_0x1bdc820 -> pdu_0x1bdd4b8 -> pdu_0x1bde150 -> pdu_0x1bdede8 -> pdu_0x1bdfa80 -> pdu_0x1be0718 -> pdu_0x1be13b0 -> pdu_0x1be2048 -> pdu_0x1be2ce0 -> pdu_0x1be3978 -> pdu_0x1be4610 -> pdu_0x1be52a8 -> pdu_0x1be5f40 -> pdu_0x1be6bd8 -> pdu_0x1be7870 -> pdu_0x1be8508 -> pdu_0x1be91a0 -> pdu_0x1be9e38 -> pdu_0x1beaad0 -> pdu_0x1beb768 -> pdu_0x1bec400 -> pdu_0x1bed098 -> pdu_0x1bedd30 -> pdu_0x1bee9c8 -> pdu_0x1bef660 -> pdu_0x1bf02f8 -> pdu_0x1bf0f90 -> pdu_0x1bf1c28 -> pdu_0x1bf28c0 -> pdu_0x1bf3558 -> pdu_0x1bf41f0 -> pdu_0x1bf4e88 -> pdu_0x1bf5b20 -> pdu_0x1bf67b8 -> pdu_0x1bf7450 -> pdu_0x1bf80e8 -> pdu_0x1bf8d80 -> pdu_0x1bf9a18 -> pdu_0x1bfa6b0 -> pdu_0x1bfb348 -> pdu_0x1bfbfe0 -> pdu_0x1bfcc78 -> pdu_0x1bfd910 -> pdu_0x1bfe5a8 -> pdu_0x1bff240 -> pdu_0x1bffed8 -> pdu_0x1c00b70 -> pdu_0x1c01808 -> pdu_0x1c024a0 -> pdu_0x1c03138 -> pdu_0x1c03dd0 -> pdu_0x1c04a68 -> pdu_0x1c05700 -> pdu_0x1c06398 -> pdu_0x1c07030 -> pdu_0x1c07cc8 -> pdu_0x1c08960 -> pdu_0x1c095f8 -> pdu_0x1c0a290 -> pdu_0x1c0af28 -> pdu_0x1c0bbc0 -> pdu_0x1c0c858 -> pdu_0x1c0d4f0 -> pdu_0x1c0e188 -> pdu_0x1c0ee20 -> pdu_0x1c0fab8 -> pdu_0x1c10750 -> pdu_0x1c113e8 -> pdu_0x1c12080 -> pdu_0x1c12d18 -> pdu_0x1c139b0 -> pdu_0x1c14648 -> pdu_0x1c152e0 -> pdu_0x1c15f78 -> pdu_0x1c16c10 -> pdu_0x1c178a8 -> pdu_0x1c18540 -> pdu_0x1c191d8 -> pdu_0x1c19e70 -> pdu_0x1c1ab08 -> pdu_0x1c1b7a0 -> pdu_0x1c1c438 -> pdu_0x1c1d0d0 -> pdu_0x1c1dd68 -> pdu_0x1c1ea00 -> pdu_0x1c1f698 -> pdu_0x1c20330 -> pdu_0x1c20fc8 -> pdu_0x1c21c60 -> pdu_0x1c228f8 -> pdu_0x1c23590 -> pdu_0x1c24228 -> pdu_0x1c24ec0 -> pdu_0x1c25b58 -> pdu_0x1c267f0 -> pdu_0x1c27488 -> pdu_0x1c28120 -> pdu_0x1c28db8 -> pdu_0x1c29a50 -> pdu_0x1c2a6e8 -> pdu_0x1c2b380 -> pdu_0x1c2c018 -> pdu_0x1c2ccb0 -> pdu_0x1c2d948 -> pdu_0x1c2e5e0 -> pdu_0x1c2f278 -> pdu_0x1c2ff10 -> pdu_0x1c30ba8 -> pdu_0x1c31840 -> pdu_0x1c324d8 -> pdu_0x1c33170 -> pdu_0x1c33e08 -> pdu_0x1c34aa0 -> pdu_0x1c35738 -> pdu_0x1c363d0 -> pdu_0x1c37068 -> pdu_0x1c37d00 -> pdu_0x1c38998 -> pdu_0x1c39630 -> pdu_0x1c3a2c8 -> pdu_0x1c3af60 -> pdu_0x1c3bbf8 -> pdu_0x1c3c890 -> pdu_0x1c3d528 -> pdu_0x1c3e1c0 -> pdu_0x1c3ee58 -> pdu_0x1c3faf0 -> pdu_0x1c40788 -> pdu_0x1c41420 -> pdu_0x1c420b8 -> pdu_0x1c42d50 -> pdu_0x1c439e8 -> pdu_0x1c44680 -> pdu_0x1c45318 -> pdu_0x1c45fb0 -> pdu_0x1c46c48 -> pdu_0x1c478e0 -> pdu_0x1c48578 -> pdu_0x1c49210 -> pdu_0x1c49ea8 -> pdu_0x1c4ab40 -> pdu_0x1c4b7d8 -> pdu_0x1c4c470 -> pdu_0x1c4d108 -> pdu_0x1c4dda0 -> pdu_0x1c4ea38 -> pdu_0x1c4f6d0 -> pdu_0x1c50368 -> pdu_0x1c51000 -> pdu_0x1c51c98 -> pdu_0x1c52930 -> pdu_0x1c535c8 -> pdu_0x1c54260 -> pdu_0x1c54ef8 -> pdu_0x1c55b90 -> pdu_0x1c56828 -> pdu_0x1c574c0 -> pdu_0x1c58158 -> pdu_0x1c58df0 -> pdu_0x1c59a88 -> pdu_0x1c5a720 -> pdu_0x1c5b3b8 -> pdu_0x1c5c050 -> pdu_0x1c5cce8 -> pdu_0x1c5d980 -> pdu_0x1c5e618 -> pdu_0x1c5f2b0 -> pdu_0x1c5ff48 -> pdu_0x1c60be0 -> pdu_0x1c61878 -> pdu_0x1c62510 -> pdu_0x1c631a8 -> pdu_0x1c63e40 -> pdu_0x1c64ad8 -> pdu_0x1c65770 -> pdu_0x1c66408 -> pdu_0x1c670a0 -> pdu_0x1c67d38 -> pdu_0x1c689d0 -> pdu_0x1c69668 -> pdu_0x1c6a300 -> pdu_0x1c6af98 -> pdu_0x1c6bc30 [label=free_pdus];
Data structure dump 3576
----------------------
hit_0x97a200 [label="tid_97ab70"];
hit_0x97a200  // free_pdus
-> pdu_0x1153158  // (ACK
)
-> pdu_0x114e5c8  // (ACK
)
-> pdu_0x1149a38  // (ACK
)
-> pdu_0x11524c0  // (RECE)
[label=free_pdus];
Hit structure dump 4
======================
hit_0x5687200 [label="tid_5687b70"];
hit_0x5687200  // free_pdus
-> pdu_0x1172918  // (CONN)
[label=free_pdus];
Hit structure dump 1
======================
hit_0xbf8420e8 [label="tid_93bc830"];
hit_0xbf8420e8  // free_pdus
-> pdu_0x1168560  // (ACK
)
-> pdu_0x11639d0  // (ACK
)
-> pdu_0x1155720  // (ACK
)
-> pdu_0x114c000  // (ACK
)
-> pdu_0x11352c8  // (ACK
)
-> pdu_0x114fef8  // (ACK
)
-> pdu_0x1137890  // (ACK
)
[label=free_pdus];
Hit structure dump 7
======================
