SEND(test(7,10,20)) got RECEIPT 0
SEND(test(7,10,19)) got RECEIPT 1
SEND(test(7,10,18)) got RECEIPT 2
SEND(test(7,7,13)) got RECEIPT 5
SEND(test(7,7,12)) got RECEIPT 6
SEND(test(4,10,20)) got RECEIPT 0
SEND(test(4,10,19)) got RECEIPT 1
SEND(test(4,10,18)) got RECEIPT 2
SEND(test(4,7,14)) got RECEIPT 5
SEND(test(4,7,13)) got RECEIPT 6
SEND(test(4,5,19)) got RECEIPT 13
SEND(test(4,5,18)) got RECEIPT 14
SEND(test(4,5,17)) got RECEIPT 15
SEND(test(4,5,16)) got RECEIPT 16
SEND(test(3,10,20)) got RECEIPT 0
SEND(test(3,10,19)) got RECEIPT 1
SEND(test(3,7,14)) got RECEIPT 4
SEND(test(3,7,13)) got RECEIPT 5
SEND(test(6,10,20)) got RECEIPT 0
SEND(test(6,10,19)) got RECEIPT 1
SEND(test(6,10,18)) got RECEIPT 2
SEND(test(6,10,17)) got RECEIPT 3
SEND(test(6,10,16)) got RECEIPT 4
SEND(test(6,10,15)) got RECEIPT 5
SEND(test(6,10,14)) got RECEIPT 6
SEND(test(6,10,13)) got RECEIPT 7
