FMT0 persist at /var/zxid/bus/ch/default/zvuWsewQqt-hYflrtXC9yYEWb8E 'foo bar' len=61 rcpt(0)
FMT0 persist at /var/zxid/bus/ch/default/JW8CltIg8QbpBEDWamF1SPZxDYk '' len=54 rcpt(0)
FMT0 persist at /var/zxid/bus/ch/default/bjZtT6SuxzOFHc1GLnoFdMdSbm0 'F' len=55 rcpt(0)
FMT0 persist at /var/zxid/bus/ch/default/3yaWfCFEuyz-HXA7_PY2lV-zfYg 'test(-1,10' len=69 rcpt(0)
FMT0 persist at /var/zxid/bus/ch/default/35OUqHeMdhRnPCsPBJH-BCvMKoU 'test(-1,10' len=69 rcpt(1)
FMT0 persist at /var/zxid/bus/ch/default/5IDVUvOLVmHmexymd4x9U4_fGiE 'test(-1,10' len=69 rcpt(2)
FMT0 persist at /var/zxid/bus/ch/default/2ILOd9iA9sXKvGjpSAQebLoq2qw 'test(-1,10' len=69 rcpt(3)
FMT0 persist at /var/zxid/bus/ch/default/5-UizDkcKov2nGMBR17-7VpVeQ8 'test(-1,10' len=69 rcpt(4)
FMT0 persist at /var/zxid/bus/ch/default/JP2s0dI6xNkX63n7ZkAjqUUU-RM 'test(-1,10' len=69 rcpt(5)
FMT0 persist at /var/zxid/bus/ch/default/uwFxZrtMSOtP5tVOS0qE62ExX1Y 'test(-1,10' len=69 rcpt(6)
FMT0 persist at /var/zxid/bus/ch/default/HOXHKXrNynLHrbxJ7ff7TUU_7D4 'test(-1,10' len=69 rcpt(7)
FMT0 persist at /var/zxid/bus/ch/default/Xk6XftlZus_9dohsr01EI54p0OU 'test(-1,10' len=69 rcpt(8)
FMT0 persist at /var/zxid/bus/ch/default/d8lbiMfQlvezKDfBsg9NlAqSQ-8 'test(-1,10' len=69 rcpt(9)
FMT0 persist at /var/zxid/bus/ch/default/JEnG2wwROfDNZ36Sc9PWrpIWSCk 'test(-1,10' len=70 rcpt(10)
FMT0 persist at /var/zxid/bus/ch/default/f5-vIEPUTox43OUX1nL-yg-OS3o 'test(-1,10' len=69 rcpt(11)
FMT0 persist at /var/zxid/bus/ch/default/ojkE2iuWTmkaGBMgZ9SDyFUapkc 'test(-1,10' len=69 rcpt(12)
FMT0 persist at /var/zxid/bus/ch/default/V9ZWdFF9Jzkkdi8HYyt2a2kcizw 'test(-1,10' len=69 rcpt(13)
FMT0 persist at /var/zxid/bus/ch/default/Re6LCQ0mlGRH_UFkdIjxX6u-LQw 'test(-1,10' len=69 rcpt(14)
FMT0 persist at /var/zxid/bus/ch/default/wVbDRlDK_mvYm4b968rnOQfkHHI 'test(-1,10' len=69 rcpt(15)
FMT0 persist at /var/zxid/bus/ch/default/FM4qmrnEhUOsYmWO4iymXkZbSdQ 'test(-1,10' len=69 rcpt(16)
FMT0 persist at /var/zxid/bus/ch/default/vUj8SZ2Js2gY9s43iRSugPbzY_M 'test(-1,10' len=69 rcpt(17)
FMT0 persist at /var/zxid/bus/ch/default/LFtciBs-W1RGhdIjBPJYgd2Y_Ag 'test(-1,10' len=69 rcpt(18)
FMT0 persist at /var/zxid/bus/ch/default/44YuNEl5ol5XEF8Zh5_8s6esUFU 'test(-1,10' len=69 rcpt(19)
FMT0 persist at /var/zxid/bus/ch/default/biYNQsjIZvP9Nzwnjyjuhv4lwNw 'test(-1,9,' len=69 rcpt(20)
FMT0 persist at /var/zxid/bus/ch/default/h3hZBocFbvmGiqNhz1YCT8s2hxU 'test(-1,9,' len=69 rcpt(21)
FMT0 persist at /var/zxid/bus/ch/default/5gjqBP2HG8Z1RF00jeIZFRZ5iP8 'test(-1,9,' len=69 rcpt(22)
FMT0 persist at /var/zxid/bus/ch/default/UrP8sCUgjN_SESLjVJfR6SBECwI 'test(-1,9,' len=69 rcpt(23)
FMT0 persist at /var/zxid/bus/ch/default/pM5fhVEqNf4aWOiA9gsH2KRJ_mw 'test(-1,9,' len=69 rcpt(24)
FMT0 persist at /var/zxid/bus/ch/default/rmWZsD9S-WqqPRbKdSDWNM-t9Ek 'test(-1,9,' len=69 rcpt(25)
FMT0 persist at /var/zxid/bus/ch/default/B0AY5AARAoRD6S9XHG7T1p7QWsU 'test(-1,9,' len=69 rcpt(26)
FMT0 persist at /var/zxid/bus/ch/default/IRcNzrDtvUVA7Yhte9B_1mJOvrw 'test(-1,9,' len=69 rcpt(27)
FMT0 persist at /var/zxid/bus/ch/default/BGxDDKGsUPzGm7yl51XEMy-omLQ 'test(-1,9,' len=69 rcpt(28)
FMT0 persist at /var/zxid/bus/ch/default/jizdvrPVXQnWw-R0kUc7qENVhnE 'test(-1,9,' len=69 rcpt(29)
FMT0 persist at /var/zxid/bus/ch/default/tcQ8k_GtGPAMHY3PywB7lL6xBnc 'test(-1,9,' len=69 rcpt(30)
FMT0 persist at /var/zxid/bus/ch/default/i46sMKPBfLtcHWSkFhTGc2Nc8kQ 'test(-1,9,' len=68 rcpt(31)
FMT0 persist at /var/zxid/bus/ch/default/3AvhHDlW7RkcvqVKSXhIdaUoGTk 'test(-1,9,' len=68 rcpt(32)
FMT0 persist at /var/zxid/bus/ch/default/GTMBriSVyCUZUEmVfto66XGANOY 'test(-1,9,' len=68 rcpt(33)
FMT0 persist at /var/zxid/bus/ch/default/5f2JBM5H7TbJcVBwsnqYWlBg79E 'test(-1,9,' len=68 rcpt(34)
FMT0 persist at /var/zxid/bus/ch/default/noC8r6nipKLfR-j-0MDrOUr2L5I 'test(-1,9,' len=68 rcpt(35)
FMT0 persist at /var/zxid/bus/ch/default/PJ0PYqJnQHHeAisAMh3PYZslkxE 'test(-1,9,' len=68 rcpt(36)
FMT0 persist at /var/zxid/bus/ch/default/LhdKzX6uoPPtYJQwFMBL7UIKQtk 'test(-1,9,' len=68 rcpt(37)
FMT0 persist at /var/zxid/bus/ch/default/HbNTqyQghBJBt_i6fTaQdWXt4KY 'test(-1,9,' len=68 rcpt(38)
FMT0 persist at /var/zxid/bus/ch/default/SKxkqUzpErNZwM2c7U0pMFDh0c4 'test(-1,9,' len=68 rcpt(39)
FMT0 persist at /var/zxid/bus/ch/default/xpoEGlyR1nkyvXxnCHzb0GgRsCE 'test(-1,8,' len=69 rcpt(40)
FMT0 persist at /var/zxid/bus/ch/default/Zx7ZADF9J7uUktK8G_oueVMy4yk 'test(-1,8,' len=69 rcpt(41)
FMT0 persist at /var/zxid/bus/ch/default/sygRWnccwQRr2AQ1zfsVMklfT84 'test(-1,8,' len=69 rcpt(42)
FMT0 persist at /var/zxid/bus/ch/default/5m_BqIcyk2BJNUtXHQIMYNUXIFo 'test(-1,8,' len=69 rcpt(43)
FMT0 persist at /var/zxid/bus/ch/default/xMQa1PT4u5FmEPw6EM-Wws1lZ0s 'test(-1,8,' len=69 rcpt(44)
FMT0 persist at /var/zxid/bus/ch/default/sGvPDob7wE6ipUB8SxBTFrmkbcE 'test(-1,8,' len=69 rcpt(45)
FMT0 persist at /var/zxid/bus/ch/default/b73GDEZG3wZzj46nzpa_UH-sLq4 'test(-1,8,' len=69 rcpt(46)
FMT0 persist at /var/zxid/bus/ch/default/BAeuXWqo5o9Ej8etSbq1DQ5Rv3I 'test(-1,8,' len=69 rcpt(47)
FMT0 persist at /var/zxid/bus/ch/default/hjmE7GEoQUmmohpqo_pONQxCF34 'test(-1,8,' len=69 rcpt(48)
FMT0 persist at /var/zxid/bus/ch/default/zsmlR76yE4Fc_5Ofewocfja4mC0 'test(-1,8,' len=69 rcpt(49)
FMT0 persist at /var/zxid/bus/ch/default/4jRn6jxY9H0YVQY-alhYYIS4cBw 'test(-1,8,' len=69 rcpt(50)
FMT0 persist at /var/zxid/bus/ch/default/gr2Ql0JSHTcodq5aCN2ucfTMAvA 'test(-1,8,' len=68 rcpt(51)
FMT0 persist at /var/zxid/bus/ch/default/Dzxy0ddog2lA-exFSCzWZAngWlU 'test(-1,8,' len=68 rcpt(52)
FMT0 persist at /var/zxid/bus/ch/default/_lVyJBdnThbixgJkb42dz9RrztU 'test(-1,8,' len=68 rcpt(53)
FMT0 persist at /var/zxid/bus/ch/default/cmo1BQDiCACNBslCiAZT2IALDr4 'test(-1,8,' len=68 rcpt(54)
FMT0 persist at /var/zxid/bus/ch/default/5Zo2NZ0QCoZ-S-6eogoWx5RHZpk 'test(-1,8,' len=68 rcpt(55)
FMT0 persist at /var/zxid/bus/ch/default/q94P0s15BB5p8tBEacLw716KkiA 'test(-1,8,' len=68 rcpt(56)
FMT0 persist at /var/zxid/bus/ch/default/Rfro0cQiPGPb28S6irOC673brYg 'test(-1,8,' len=68 rcpt(57)
FMT0 persist at /var/zxid/bus/ch/default/lYO4gnFogbILyL_cVlXIrceTLm4 'test(-1,8,' len=68 rcpt(58)
FMT0 persist at /var/zxid/bus/ch/default/xa-QRsnQfA6ua-ShNpVrZNeshS8 'test(-1,8,' len=68 rcpt(59)
FMT0 persist at /var/zxid/bus/ch/default/Xrai02IvSenif5Br4Rv0wfVdrt4 'test(-1,7,' len=69 rcpt(60)
FMT0 persist at /var/zxid/bus/ch/default/QybmwQtGwTTlRtF4w-TS57pHrC4 'test(-1,7,' len=69 rcpt(61)
FMT0 persist at /var/zxid/bus/ch/default/mnSnI6vuA3A9e6vGpNqbvtxbIZ8 'test(-1,7,' len=69 rcpt(62)
FMT0 persist at /var/zxid/bus/ch/default/KFZ4s5RYugEc3IEua9N_Hp2ItKU 'test(-1,7,' len=69 rcpt(63)
FMT0 persist at /var/zxid/bus/ch/default/qjo5peUNiqaWMjcnpmcYyEFRGd4 'test(-1,7,' len=69 rcpt(64)
FMT0 persist at /var/zxid/bus/ch/default/0bbqnrgthv5AtKu_jvHHPYm7590 'test(-1,7,' len=69 rcpt(65)
FMT0 persist at /var/zxid/bus/ch/default/_aKBUUZgxAl9SgDyl2Zf65wGG6c 'test(-1,7,' len=69 rcpt(66)
FMT0 persist at /var/zxid/bus/ch/default/R2fMaTmsxl4tZS1gc7Qw1y07OLU 'test(-1,7,' len=69 rcpt(67)
FMT0 persist at /var/zxid/bus/ch/default/lxvddNO8gejTqKyT0XFOli-OL2k 'test(-1,7,' len=69 rcpt(68)
FMT0 persist at /var/zxid/bus/ch/default/UPJIRTBI5b3IwFJCnGwzhSAU6IQ 'test(-1,7,' len=69 rcpt(69)
FMT0 persist at /var/zxid/bus/ch/default/mdRUqS9rLqvWsnU81ntSNFjwI_U 'test(-1,7,' len=69 rcpt(70)
FMT0 persist at /var/zxid/bus/ch/default/ZnIp0VWMCP0CJCs7GX9zlScNTBc 'test(-1,7,' len=68 rcpt(71)
FMT0 persist at /var/zxid/bus/ch/default/X4dMKJbhbgh1PtkPnI4AbkzzASw 'test(-1,7,' len=68 rcpt(72)
FMT0 persist at /var/zxid/bus/ch/default/BIgPNyPRYli3Qr00FokPKkeMppE 'test(-1,7,' len=68 rcpt(73)
FMT0 persist at /var/zxid/bus/ch/default/A72Y2GXCU-9HiColGacDQNnx5_8 'test(-1,7,' len=68 rcpt(74)
FMT0 persist at /var/zxid/bus/ch/default/6WQ2WpEs_2hyFX_gEZmjACP71yo 'test(-1,7,' len=68 rcpt(75)
FMT0 persist at /var/zxid/bus/ch/default/lAZgZXVL5hyZDVZqfbl5D0fzJZ8 'test(-1,7,' len=68 rcpt(76)
FMT0 persist at /var/zxid/bus/ch/default/9YzHqcq1sfNyX-X2edrFYnDmPyU 'test(-1,7,' len=68 rcpt(77)
FMT0 persist at /var/zxid/bus/ch/default/eCbQv63zhXmNdap_uyeyjWyj4NI 'test(-1,7,' len=68 rcpt(78)
FMT0 persist at /var/zxid/bus/ch/default/FNIl6PkbdCKgVxxYuTLSTtcpF5o 'test(-1,7,' len=68 rcpt(79)
FMT0 persist at /var/zxid/bus/ch/default/zFz96-EeVViEflesk-062FlJ8QI 'test(-1,6,' len=69 rcpt(80)
FMT0 persist at /var/zxid/bus/ch/default/L_94L33TUBQvlIXrYOUsr1snmRQ 'test(-1,6,' len=69 rcpt(81)
FMT0 persist at /var/zxid/bus/ch/default/KCd0IP0ciufPZSRirnCwZmDIT_s 'test(-1,6,' len=69 rcpt(82)
FMT0 persist at /var/zxid/bus/ch/default/2onfwo1c0_7pj2lnjO6ewz8wZOk 'test(-1,6,' len=69 rcpt(83)
FMT0 persist at /var/zxid/bus/ch/default/T4L06ew8DrPUQ3CJret-RiSX27E 'test(-1,6,' len=69 rcpt(84)
FMT0 persist at /var/zxid/bus/ch/default/xDsutRnnIKGE1CrryQpBQYgH4oM 'test(-1,6,' len=69 rcpt(85)
FMT0 persist at /var/zxid/bus/ch/default/LgMXt2uB51eevW9auOQ88kQgLBE 'test(-1,6,' len=69 rcpt(86)
FMT0 persist at /var/zxid/bus/ch/default/v6u1dhsBKL2DWpa6NMPS0wBgQX4 'test(-1,6,' len=69 rcpt(87)
FMT0 persist at /var/zxid/bus/ch/default/vmtVbSJWik1U47nXOobDhU7wTWw 'test(-1,6,' len=69 rcpt(88)
FMT0 persist at /var/zxid/bus/ch/default/ZBAQVh9FcYp-t6McIpUTuUTwJ-U 'test(-1,6,' len=69 rcpt(89)
FMT0 persist at /var/zxid/bus/ch/default/ZnbFy7OOeb1i-hZZxFOYkRZLp-A 'test(-1,6,' len=69 rcpt(90)
FMT0 persist at /var/zxid/bus/ch/default/as2YvT-clvCgw6VRIpgQqDgVqQQ 'test(-1,6,' len=68 rcpt(91)
FMT0 persist at /var/zxid/bus/ch/default/CW4WwI1aeMmO5TEAJBR4sRtuKsk 'test(-1,6,' len=68 rcpt(92)
FMT0 persist at /var/zxid/bus/ch/default/JIIEkXyRwx56USf_4BnSuwmKlq8 'test(-1,6,' len=68 rcpt(93)
FMT0 persist at /var/zxid/bus/ch/default/KbrXYSmoAefYSlwEpFDhfQsnAAI 'test(-1,6,' len=68 rcpt(94)
FMT0 persist at /var/zxid/bus/ch/default/z7aqiIO6jgRDEO5OoG2DCe6i2T4 'test(-1,6,' len=68 rcpt(95)
FMT0 persist at /var/zxid/bus/ch/default/yUor9OPr4yf3jz1O033siWjAe5Y 'test(-1,6,' len=68 rcpt(96)
FMT0 persist at /var/zxid/bus/ch/default/qDiOmcWTD8eZTXE2V1wW0eSLtZo 'test(-1,6,' len=68 rcpt(97)
FMT0 persist at /var/zxid/bus/ch/default/7Lp_dNKGd2X5rvTLIle5nYejfno 'test(-1,6,' len=68 rcpt(98)
FMT0 persist at /var/zxid/bus/ch/default/_h1K3bAjOElDanDaT-yAE9hszQ4 'test(-1,6,' len=68 rcpt(99)
FMT0 persist at /var/zxid/bus/ch/default/LZT1EP94F3I1NzGqs282TmNtlNo 'test(-1,5,' len=70 rcpt(100)
FMT0 persist at /var/zxid/bus/ch/default/cSQlYF0fm-8kZWfOFuXxjQhy94E 'test(-1,5,' len=70 rcpt(101)
FMT0 persist at /var/zxid/bus/ch/default/meonGQF1u0WY13PWMNF4qPHfCTI 'test(-1,5,' len=70 rcpt(102)
FMT0 persist at /var/zxid/bus/ch/default/FTdGIcbA3LAG92MOx_Y7nr2AqsA 'test(-1,5,' len=70 rcpt(103)
FMT0 persist at /var/zxid/bus/ch/default/DIkWvqvezNzkYiwZPr5_rmTgTDQ 'test(-1,5,' len=70 rcpt(104)
FMT0 persist at /var/zxid/bus/ch/default/Fg9AesBS7ivwYhnGRe4aZw9Viuc 'test(-1,5,' len=70 rcpt(105)
FMT0 persist at /var/zxid/bus/ch/default/bNtzrYqJ7kOWVZgena59dlEpJec 'test(-1,5,' len=70 rcpt(106)
FMT0 persist at /var/zxid/bus/ch/default/Eb2IKFgFW-gJJegOM2jCv1-xE0E 'test(-1,5,' len=70 rcpt(107)
FMT0 persist at /var/zxid/bus/ch/default/8cg3W2phukvptJE64BdZfdp52js 'test(-1,5,' len=70 rcpt(108)
FMT0 persist at /var/zxid/bus/ch/default/V6HDTfum143issWLtf_Gyyl-uRQ 'test(-1,5,' len=70 rcpt(109)
FMT0 persist at /var/zxid/bus/ch/default/pzIrdf0SbaD5rch1M7GSLBXphTE 'test(-1,5,' len=70 rcpt(110)
FMT0 persist at /var/zxid/bus/ch/default/TOKjnCzX5Lb95AU2cV93MLDLQHc 'test(-1,5,' len=69 rcpt(111)
FMT0 persist at /var/zxid/bus/ch/default/NgrG590cMHwcgmp4w-N0f0k3NCA 'test(-1,5,' len=69 rcpt(112)
FMT0 persist at /var/zxid/bus/ch/default/BpCue7sH096euy0lv0Vx6hVOag8 'test(-1,5,' len=69 rcpt(113)
FMT0 persist at /var/zxid/bus/ch/default/wwlYzZrv-UUw7RdjclZao8OcElQ 'test(-1,5,' len=69 rcpt(114)
FMT0 persist at /var/zxid/bus/ch/default/ja8NTCvOcy8XJeFu1PTPYRRmyvM 'test(-1,5,' len=69 rcpt(115)
FMT0 persist at /var/zxid/bus/ch/default/gvYB68K9UvdZbFf_1CvYcM_0FM8 'test(-1,5,' len=69 rcpt(116)
FMT0 persist at /var/zxid/bus/ch/default/0BRxlK2XOL7INWxuqtlDRvf-MxU 'test(-1,5,' len=69 rcpt(117)
FMT0 persist at /var/zxid/bus/ch/default/Wdz9pmEJgLJ3qeVzjSkF3vnSGkU 'test(-1,5,' len=69 rcpt(118)
FMT0 persist at /var/zxid/bus/ch/default/dk4rTd0d9tV4O8VjZylIcFPkrTA 'test(-1,5,' len=69 rcpt(119)
FMT0 persist at /var/zxid/bus/ch/default/W4jwsMZtvg_KHi-5UaLsd7CCokM 'test(-1,4,' len=70 rcpt(120)
FMT0 persist at /var/zxid/bus/ch/default/4jsA2lmzBzsnfcUfy1WEkIP1Xds 'test(-1,4,' len=70 rcpt(121)
FMT0 persist at /var/zxid/bus/ch/default/dfhu_C-cIOPVYg2iKuDNDn6J_yc 'test(-1,4,' len=70 rcpt(122)
FMT0 persist at /var/zxid/bus/ch/default/00BT2_Ui9mySoOX4HfhQ7A791FQ 'test(-1,4,' len=70 rcpt(123)
FMT0 persist at /var/zxid/bus/ch/default/nYS1dwS7lRG0B2RcNysJu7R9Q-Y 'test(-1,4,' len=70 rcpt(124)
FMT0 persist at /var/zxid/bus/ch/default/2hpVFDB2N_MPpDq8IbGER9zPu2w 'test(-1,4,' len=70 rcpt(125)
FMT0 persist at /var/zxid/bus/ch/default/LlNSq2WQi0fhnI49VzqscChqZVE 'test(-1,4,' len=70 rcpt(126)
FMT0 persist at /var/zxid/bus/ch/default/05s9jpPPgH0LiSh9w-ANhBcG-nE 'test(-1,4,' len=70 rcpt(127)
FMT0 persist at /var/zxid/bus/ch/default/K3bx9IXC2oquSq9VlbSuYUmisjg 'test(-1,4,' len=70 rcpt(128)
FMT0 persist at /var/zxid/bus/ch/default/Y9X0Oy_HcQrgwp_nBU5uwF_c3Bk 'test(-1,4,' len=70 rcpt(129)
FMT0 persist at /var/zxid/bus/ch/default/CkHmm6L0Mq6HtlSaqdn6H3KgKfM 'test(-1,4,' len=70 rcpt(130)
FMT0 persist at /var/zxid/bus/ch/default/ypRElrPQCfkTXw2ycoKxS7M2cQI 'test(-1,4,' len=69 rcpt(131)
FMT0 persist at /var/zxid/bus/ch/default/ZChCd0S-jDPdsFb7OR1MVgXs-C8 'test(-1,4,' len=69 rcpt(132)
FMT0 persist at /var/zxid/bus/ch/default/m-zNStWwgl0hhQbjBO4D6mzupo4 'test(-1,4,' len=69 rcpt(133)
FMT0 persist at /var/zxid/bus/ch/default/TOdjKcaamSiB0VWhgnYiRYbuZpY 'test(-1,4,' len=69 rcpt(134)
FMT0 persist at /var/zxid/bus/ch/default/hTR5iwb2Cgxbhi_DuvCJrKCWzRw 'test(-1,4,' len=69 rcpt(135)
FMT0 persist at /var/zxid/bus/ch/default/ZjFUVxV5CgKaOB-BccuQb2NnzTs 'test(-1,4,' len=69 rcpt(136)
FMT0 persist at /var/zxid/bus/ch/default/IRdq7XcDuNkJgNaTKClWEwvrEYU 'test(-1,4,' len=69 rcpt(137)
FMT0 persist at /var/zxid/bus/ch/default/Mn4bloiCsyIeB_WkArjqfhUOF3U 'test(-1,4,' len=69 rcpt(138)
FMT0 persist at /var/zxid/bus/ch/default/29UZMYJ99BAV2GMYdcBR1H1bbq0 'test(-1,4,' len=69 rcpt(139)
FMT0 persist at /var/zxid/bus/ch/default/UscZJTTrin-zp6C2V1EKAF8LDDE 'test(-1,3,' len=70 rcpt(140)
FMT0 persist at /var/zxid/bus/ch/default/z4RwGDKCu7bW4DgX_5tCj5ujfl8 'test(-1,3,' len=70 rcpt(141)
FMT0 persist at /var/zxid/bus/ch/default/0YVwjtB4MJA0PgehcIetmfLm5FU 'test(-1,3,' len=70 rcpt(142)
FMT0 persist at /var/zxid/bus/ch/default/TuIok8dpIoNEAKT3NK7HoQKy8Kg 'test(-1,3,' len=70 rcpt(143)
FMT0 persist at /var/zxid/bus/ch/default/W1YVGDnVjrNuQHd6PigcP2VNGiY 'test(-1,3,' len=70 rcpt(144)
FMT0 persist at /var/zxid/bus/ch/default/0BQJWxTmBGsiobu3zkJthgxd4wc 'test(-1,3,' len=70 rcpt(145)
FMT0 persist at /var/zxid/bus/ch/default/JaQSZrLGBP6cGmuJ6jM84ll0CU0 'test(-1,3,' len=70 rcpt(146)
FMT0 persist at /var/zxid/bus/ch/default/Z_XTFjsBsMLJXzVFdfdiQVkNY5I 'test(-1,3,' len=70 rcpt(147)
FMT0 persist at /var/zxid/bus/ch/default/hX-XXtfwOQnVRhlcZlAHMPlflIg 'test(-1,3,' len=70 rcpt(148)
FMT0 persist at /var/zxid/bus/ch/default/foz3BSwKX_AT-Q1XA1GyAR0tp9Y 'test(-1,3,' len=70 rcpt(149)
FMT0 persist at /var/zxid/bus/ch/default/SX5XfEEhrNjSCXgCfuCSi-rTO0o 'test(-1,3,' len=70 rcpt(150)
FMT0 persist at /var/zxid/bus/ch/default/ivDpH6Z_HHQiAATEgQRnMao_vTM 'test(-1,3,' len=69 rcpt(151)
FMT0 persist at /var/zxid/bus/ch/default/8dNhtKMPKQvX2DONhuAXFKjc97I 'test(-1,3,' len=69 rcpt(152)
FMT0 persist at /var/zxid/bus/ch/default/cAkKE-eDkcF6m2PWemz3Gw1OuH4 'test(-1,3,' len=69 rcpt(153)
FMT0 persist at /var/zxid/bus/ch/default/EbfQNnlK3X3RzHXyKby3NJrtiM0 'test(-1,3,' len=69 rcpt(154)
FMT0 persist at /var/zxid/bus/ch/default/N190LEzSPIux9aBO_irUmYKFQQo 'test(-1,3,' len=69 rcpt(155)
FMT0 persist at /var/zxid/bus/ch/default/S62rHOsQOAYlglszGN3A5cXsawo 'test(-1,3,' len=69 rcpt(156)
FMT0 persist at /var/zxid/bus/ch/default/J_Veqb3jIiDbWVBWbyB3LWvX3pQ 'test(-1,3,' len=69 rcpt(157)
FMT0 persist at /var/zxid/bus/ch/default/n1gsTaQYo1QlAN0mHMvsNAN0r6s 'test(-1,3,' len=69 rcpt(158)
FMT0 persist at /var/zxid/bus/ch/default/2aPxi95SpiyL_heNGwpNFr8IepQ 'test(-1,3,' len=69 rcpt(159)
FMT0 persist at /var/zxid/bus/ch/default/IehJYGmI1JUiTdxeoSf5AUIpS1g 'test(-1,2,' len=70 rcpt(160)
FMT0 persist at /var/zxid/bus/ch/default/GXzJSX-aw2S5J3SILIV7oFY12Xw 'test(-1,2,' len=70 rcpt(161)
FMT0 persist at /var/zxid/bus/ch/default/OVITqqRDqsEgWLZWMtqh_b-A5H0 'test(-1,2,' len=70 rcpt(162)
FMT0 persist at /var/zxid/bus/ch/default/zmX4tm_h9f2Gs6j-nvAq79shCec 'test(-1,2,' len=70 rcpt(163)
FMT0 persist at /var/zxid/bus/ch/default/M4ZJtVs3OBLo97CH8Xcw6Y_CLLw 'test(-1,2,' len=70 rcpt(164)
FMT0 persist at /var/zxid/bus/ch/default/FNTx1LzxYaVxAclHQlCH7X-XvBg 'test(-1,2,' len=70 rcpt(165)
FMT0 persist at /var/zxid/bus/ch/default/LNIiGVuBPlRuAnk4UZN9Nvjzi4I 'test(-1,2,' len=70 rcpt(166)
FMT0 persist at /var/zxid/bus/ch/default/eVrAjlWfNeJ4TJE8vKPKn2bWEl8 'test(-1,2,' len=70 rcpt(167)
FMT0 persist at /var/zxid/bus/ch/default/UiwTfv7jGrH8vME3s5H35PVGFVc 'test(-1,2,' len=70 rcpt(168)
FMT0 persist at /var/zxid/bus/ch/default/9z41Y0nA6sQc4paSHpzS6mlKxi4 'test(-1,2,' len=70 rcpt(169)
FMT0 persist at /var/zxid/bus/ch/default/CJoEkOA5pKW_haDaVzfDM5JKfWw 'test(-1,2,' len=70 rcpt(170)
FMT0 persist at /var/zxid/bus/ch/default/qWz7fHkE3YnqQTEJcy4AIA5sKaY 'test(-1,2,' len=69 rcpt(171)
FMT0 persist at /var/zxid/bus/ch/default/olnYjB4PxChY-pglI3gtzbq-vJo 'test(-1,2,' len=69 rcpt(172)
FMT0 persist at /var/zxid/bus/ch/default/fLAkyZYPWt6KOQoeomP-vKGPVN0 'test(-1,2,' len=69 rcpt(173)
FMT0 persist at /var/zxid/bus/ch/default/ohDSEgSk6ryf5PHMmfQHJKq-PFI 'test(-1,2,' len=69 rcpt(174)
FMT0 persist at /var/zxid/bus/ch/default/fPJFRyMvU6g8K7Hw3TvkR2OtocM 'test(-1,2,' len=69 rcpt(175)
FMT0 persist at /var/zxid/bus/ch/default/GGfLl6j_InTy5ytbDVs2ujcDlZw 'test(-1,2,' len=69 rcpt(176)
FMT0 persist at /var/zxid/bus/ch/default/7YxW2VaB5DpDkAz5trwp3Ax3wZI 'test(-1,2,' len=69 rcpt(177)
FMT0 persist at /var/zxid/bus/ch/default/BR9Ph-SeirIURiHt-qVU_ZteJlY 'test(-1,2,' len=69 rcpt(178)
FMT0 persist at /var/zxid/bus/ch/default/CAabkvyFRx0BKllrR-vcVGY54Ms 'test(-1,2,' len=69 rcpt(179)
FMT0 persist at /var/zxid/bus/ch/default/5JZfNr46_6qI7vhecLqw_ILHG_0 'test(-1,1,' len=70 rcpt(180)
FMT0 persist at /var/zxid/bus/ch/default/SGwxQ_FdT3A6ik5tNKbC5mvnzgM 'test(-1,1,' len=70 rcpt(181)
FMT0 persist at /var/zxid/bus/ch/default/Ia_CFrw1-zoHcg7S5QxyCQx-SU4 'test(-1,1,' len=70 rcpt(182)
FMT0 persist at /var/zxid/bus/ch/default/0ZbZgCo4g0vu5h28Ek9gw7Ytdjs 'test(-1,1,' len=70 rcpt(183)
FMT0 persist at /var/zxid/bus/ch/default/w-eykZu45fM_XvjDBOYUSF2FZM4 'test(-1,1,' len=70 rcpt(184)
FMT0 persist at /var/zxid/bus/ch/default/JyX63XJwQM7UYJSP5I4pIR0VmZk 'test(-1,1,' len=70 rcpt(185)
FMT0 persist at /var/zxid/bus/ch/default/NSJPenF9FjogbKEJw6ca26PS_YQ 'test(-1,1,' len=70 rcpt(186)
FMT0 persist at /var/zxid/bus/ch/default/wDLZVz5CSdJSrcKVQyrWNFdeBoM 'test(-1,1,' len=70 rcpt(187)
FMT0 persist at /var/zxid/bus/ch/default/81PyqnAeb_IbFBYE1OmhR657z8Y 'test(-1,1,' len=70 rcpt(188)
FMT0 persist at /var/zxid/bus/ch/default/5aMsniqYhZ3BaaGpzAx4KIsoMf0 'test(-1,1,' len=70 rcpt(189)
FMT0 persist at /var/zxid/bus/ch/default/DWbJHkKz6WiSupYaA3tL1rHHVrI 'test(-1,1,' len=70 rcpt(190)
FMT0 persist at /var/zxid/bus/ch/default/_QstI9txTGoLfzRpuSJMjECdseo 'test(-1,1,' len=69 rcpt(191)
FMT0 persist at /var/zxid/bus/ch/default/lkDhTw_AmwroUMna8wJmuPpPRco 'test(-1,1,' len=69 rcpt(192)
FMT0 persist at /var/zxid/bus/ch/default/eSJEWgmOM7T_qutlQzr2gNBviEc 'test(-1,1,' len=69 rcpt(193)
FMT0 persist at /var/zxid/bus/ch/default/zkm-zt2jLxp1Qm27FLBXXk1q5J8 'test(-1,1,' len=69 rcpt(194)
FMT0 persist at /var/zxid/bus/ch/default/60La3iNyMut5ik_JXt13n5LBDV0 'test(-1,1,' len=69 rcpt(195)
FMT0 persist at /var/zxid/bus/ch/default/Mimck2fMjz8BkutqZvW_8NPAm70 'test(-1,1,' len=69 rcpt(196)
FMT0 persist at /var/zxid/bus/ch/default/-mGfiZRtzEvudDjZueFqgkmWPDs 'test(-1,1,' len=69 rcpt(197)
FMT0 persist at /var/zxid/bus/ch/default/TK4nD0AlE09MVKvIziTJsooAlxQ 'test(-1,1,' len=69 rcpt(198)
FMT0 persist at /var/zxid/bus/ch/default/Vh27nmUo7GROgR2smUSy5U4yWnw 'test(-1,1,' len=69 rcpt(199)
FMT0 persist at /var/zxid/bus/ch/default/bjZtT6SuxzOFHc1GLnoFdMdSbm0 'F' len=55 rcpt(0)
shf_0xa3fd400  // max_ios=1000
-> io_0x3c1418
  io_0x3c1418 -> pdu_0x977268 [label=cur_pdu]; // fd=0x4
  io_0x3c1418 -> null [label=reqs];
  io_0x3c1418 -> null [label=pending];
  io_0x3c1418 -> null [label=to_write_produce];
  io_0x3c1418 -> null [label=to_write_consume];  // n_to_write=0
  io_0x3c1418 -> null [label=in_write];
-> io_0x3c1620
  io_0x3c1620 -> pdu_0xe89180 [label=cur_pdu]; // fd=0x6
  io_0x3c1620 -> null [label=reqs];
  io_0x3c1620 -> null [label=pending];
  io_0x3c1620 -> null [label=to_write_produce];
  io_0x3c1620 -> null [label=to_write_consume];  // n_to_write=0
  io_0x3c1620 -> null [label=in_write];
-> io_0x3c1724
  io_0x3c1724 -> pdu_0xe8c3e0 [label=cur_pdu]; // fd=0x7
  io_0x3c1724 -> null [label=reqs];
  io_0x3c1724 -> null [label=pending];
  io_0x3c1724 -> null [label=to_write_produce];
  io_0x3c1724 -> null [label=to_write_consume];  // n_to_write=0
  io_0x3c1724 -> null [label=in_write];
-> io_0x3c1828
  io_0x3c1828 -> pdu_0xe8aab0 [label=cur_pdu]; // fd=0x8
  io_0x3c1828  // reqs
    -> pdu_0xe795a0  // (ZXCT)
    pdu_0xe795a0 -> null [label=reals];
    pdu_0xe795a0 -> null [label=synths];
    pdu_0xe795a0 -> null [label=subresps];
[label=reqs];
  io_0x3c1828 -> null [label=pending];
[label=pending];
  io_0x3c1828 -> null [label=to_write_produce];
  io_0x3c1828 -> null [label=to_write_consume];  // n_to_write=0
  io_0x3c1828 -> null [label=in_write];
[label=ios];
shf_0xa3fd400 -> null [label=todo_consume];
shf_0xa3fd400   // free_pdus (color=4)
-> pdu_0xe91c08 -> pdu_0xe928a0 -> pdu_0xe93538 -> pdu_0xe941d0 -> pdu_0xe94e68 -> pdu_0xe95b00 -> pdu_0xe96798 -> pdu_0xe97430 -> pdu_0xe980c8 -> pdu_0xe98d60 -> pdu_0xe999f8 -> pdu_0xe9a690 -> pdu_0xe9b328 -> pdu_0xe9bfc0 -> pdu_0xe9cc58 -> pdu_0xe9d8f0 -> pdu_0xe9e588 -> pdu_0xe9f220 -> pdu_0xe9feb8 -> pdu_0xea0b50 -> pdu_0xea17e8 -> pdu_0xea2480 -> pdu_0xea3118 -> pdu_0xea3db0 -> pdu_0xea4a48 -> pdu_0xea56e0 -> pdu_0xea6378 -> pdu_0xea7010 -> pdu_0xea7ca8 -> pdu_0xea8940 -> pdu_0xea95d8 -> pdu_0xeaa270 -> pdu_0xeaaf08 -> pdu_0xeabba0 -> pdu_0xeac838 -> pdu_0xead4d0 -> pdu_0xeae168 -> pdu_0xeaee00 -> pdu_0xeafa98 -> pdu_0xeb0730 -> pdu_0xeb13c8 -> pdu_0xeb2060 -> pdu_0xeb2cf8 -> pdu_0xeb3990 -> pdu_0xeb4628 -> pdu_0xeb52c0 -> pdu_0xeb5f58 -> pdu_0xeb6bf0 -> pdu_0xeb7888 -> pdu_0xeb8520 -> pdu_0xeb91b8 -> pdu_0xeb9e50 -> pdu_0xebaae8 -> pdu_0xebb780 -> pdu_0xebc418 -> pdu_0xebd0b0 -> pdu_0xebdd48 -> pdu_0xebe9e0 -> pdu_0xebf678 -> pdu_0xec0310 -> pdu_0xec0fa8 -> pdu_0xec1c40 -> pdu_0xec28d8 -> pdu_0xec3570 -> pdu_0xec4208 -> pdu_0xec4ea0 -> pdu_0xec5b38 -> pdu_0xec67d0 -> pdu_0xec7468 -> pdu_0xec8100 -> pdu_0xec8d98 -> pdu_0xec9a30 -> pdu_0xeca6c8 -> pdu_0xecb360 -> pdu_0xecbff8 -> pdu_0xeccc90 -> pdu_0xecd928 -> pdu_0xece5c0 -> pdu_0xecf258 -> pdu_0xecfef0 -> pdu_0xed0b88 -> pdu_0xed1820 -> pdu_0xed24b8 -> pdu_0xed3150 -> pdu_0xed3de8 -> pdu_0xed4a80 -> pdu_0xed5718 -> pdu_0xed63b0 -> pdu_0xed7048 -> pdu_0xed7ce0 -> pdu_0xed8978 -> pdu_0xed9610 -> pdu_0xeda2a8 -> pdu_0xedaf40 -> pdu_0xedbbd8 -> pdu_0xedc870 -> pdu_0xedd508 -> pdu_0xede1a0 -> pdu_0xedee38 -> pdu_0xedfad0 -> pdu_0xee0768 -> pdu_0xee1400 -> pdu_0xee2098 -> pdu_0xee2d30 -> pdu_0xee39c8 -> pdu_0xee4660 -> pdu_0xee52f8 -> pdu_0xee5f90 -> pdu_0xee6c28 -> pdu_0xee78c0 -> pdu_0xee8558 -> pdu_0xee91f0 -> pdu_0xee9e88 -> pdu_0xeeab20 -> pdu_0xeeb7b8 -> pdu_0xeec450 -> pdu_0xeed0e8 -> pdu_0xeedd80 -> pdu_0xeeea18 -> pdu_0xeef6b0 -> pdu_0xef0348 -> pdu_0xef0fe0 -> pdu_0xef1c78 -> pdu_0xef2910 -> pdu_0xef35a8 -> pdu_0xef4240 -> pdu_0xef4ed8 -> pdu_0xef5b70 -> pdu_0xef6808 -> pdu_0xef74a0 -> pdu_0xef8138 -> pdu_0xef8dd0 -> pdu_0xef9a68 -> pdu_0xefa700 -> pdu_0xefb398 -> pdu_0xefc030 -> pdu_0xefccc8 -> pdu_0xefd960 -> pdu_0xefe5f8 -> pdu_0xeff290 -> pdu_0xefff28 -> pdu_0xf00bc0 -> pdu_0xf01858 -> pdu_0xf024f0 -> pdu_0xf03188 -> pdu_0xf03e20 -> pdu_0xf04ab8 -> pdu_0xf05750 -> pdu_0xf063e8 -> pdu_0xf07080 -> pdu_0xf07d18 -> pdu_0xf089b0 -> pdu_0xf09648 -> pdu_0xf0a2e0 -> pdu_0xf0af78 -> pdu_0xf0bc10 -> pdu_0xf0c8a8 -> pdu_0xf0d540 -> pdu_0xf0e1d8 -> pdu_0xf0ee70 -> pdu_0xf0fb08 -> pdu_0xf107a0 -> pdu_0xf11438 -> pdu_0xf120d0 -> pdu_0xf12d68 -> pdu_0xf13a00 -> pdu_0xf14698 -> pdu_0xf15330 -> pdu_0xf15fc8 -> pdu_0xf16c60 -> pdu_0xf178f8 -> pdu_0xf18590 -> pdu_0xf19228 -> pdu_0xf19ec0 -> pdu_0xf1ab58 -> pdu_0xf1b7f0 -> pdu_0xf1c488 -> pdu_0xf1d120 -> pdu_0xf1ddb8 -> pdu_0xf1ea50 -> pdu_0xf1f6e8 -> pdu_0xf20380 -> pdu_0xf21018 -> pdu_0xf21cb0 -> pdu_0xf22948 -> pdu_0xf235e0 -> pdu_0xf24278 -> pdu_0xf24f10 -> pdu_0xf25ba8 -> pdu_0xf26840 -> pdu_0xf274d8 -> pdu_0xf28170 -> pdu_0xf28e08 -> pdu_0xf29aa0 -> pdu_0xf2a738 -> pdu_0xf2b3d0 -> pdu_0xf2c068 -> pdu_0xf2cd00 -> pdu_0xf2d998 -> pdu_0xf2e630 -> pdu_0xf2f2c8 -> pdu_0xf2ff60 -> pdu_0xf30bf8 -> pdu_0xf31890 -> pdu_0xf32528 -> pdu_0xf331c0 -> pdu_0xf33e58 -> pdu_0xf34af0 -> pdu_0xf35788 -> pdu_0xf36420 -> pdu_0xf370b8 -> pdu_0xf37d50 -> pdu_0xf389e8 -> pdu_0xf39680 -> pdu_0xf3a318 -> pdu_0xf3afb0 -> pdu_0xf3bc48 -> pdu_0xf3c8e0 -> pdu_0xf3d578 -> pdu_0xf3e210 -> pdu_0xf3eea8 -> pdu_0xf3fb40 -> pdu_0xf407d8 -> pdu_0xf41470 -> pdu_0xf42108 -> pdu_0xf42da0 -> pdu_0xf43a38 -> pdu_0xf446d0 -> pdu_0xf45368 -> pdu_0xf46000 -> pdu_0xf46c98 -> pdu_0xf47930 -> pdu_0xf485c8 -> pdu_0xf49260 -> pdu_0xf49ef8 -> pdu_0xf4ab90 -> pdu_0xf4b828 -> pdu_0xf4c4c0 -> pdu_0xf4d158 -> pdu_0xf4ddf0 -> pdu_0xf4ea88 -> pdu_0xf4f720 -> pdu_0xf503b8 -> pdu_0xf51050 -> pdu_0xf51ce8 -> pdu_0xf52980 -> pdu_0xf53618 -> pdu_0xf542b0 -> pdu_0xf54f48 -> pdu_0xf55be0 -> pdu_0xf56878 -> pdu_0xf57510 -> pdu_0xf581a8 -> pdu_0xf58e40 -> pdu_0xf59ad8 -> pdu_0xf5a770 -> pdu_0xf5b408 -> pdu_0xf5c0a0 -> pdu_0xf5cd38 -> pdu_0xf5d9d0 -> pdu_0xf5e668 -> pdu_0xf5f300 -> pdu_0xf5ff98 -> pdu_0xf60c30 -> pdu_0xf618c8 -> pdu_0xf62560 -> pdu_0xf631f8 -> pdu_0xf63e90 -> pdu_0xf64b28 -> pdu_0xf657c0 -> pdu_0xf66458 -> pdu_0xf670f0 -> pdu_0xf67d88 -> pdu_0xf68a20 -> pdu_0xf696b8 -> pdu_0xf6a350 -> pdu_0xf6afe8 -> pdu_0xf6bc80 -> pdu_0xf6c918 -> pdu_0xf6d5b0 -> pdu_0xf6e248 -> pdu_0xf6eee0 -> pdu_0xf6fb78 -> pdu_0xf70810 -> pdu_0xf714a8 -> pdu_0xf72140 -> pdu_0xf72dd8 -> pdu_0xf73a70 -> pdu_0xf74708 -> pdu_0xf753a0 -> pdu_0xf76038 -> pdu_0xf76cd0 -> pdu_0xf77968 -> pdu_0xf78600 -> pdu_0xf79298 -> pdu_0xf79f30 -> pdu_0xf7abc8 -> pdu_0xf7b860 -> pdu_0xf7c4f8 -> pdu_0xf7d190 -> pdu_0xf7de28 -> pdu_0xf7eac0 -> pdu_0xf7f758 -> pdu_0xf803f0 -> pdu_0xf81088 -> pdu_0xf81d20 -> pdu_0xf829b8 -> pdu_0xf83650 -> pdu_0xf842e8 -> pdu_0xf84f80 -> pdu_0xf85c18 -> pdu_0xf868b0 -> pdu_0xf87548 -> pdu_0xf881e0 -> pdu_0xf88e78 -> pdu_0xf89b10 -> pdu_0xf8a7a8 -> pdu_0xf8b440 -> pdu_0xf8c0d8 -> pdu_0xf8cd70 -> pdu_0xf8da08 -> pdu_0xf8e6a0 -> pdu_0xf8f338 -> pdu_0xf8ffd0 -> pdu_0xf90c68 -> pdu_0xf91900 -> pdu_0xf92598 -> pdu_0xf93230 -> pdu_0xf93ec8 -> pdu_0xf94b60 -> pdu_0xf957f8 -> pdu_0xf96490 -> pdu_0xf97128 -> pdu_0xf97dc0 -> pdu_0xf98a58 -> pdu_0xf996f0 -> pdu_0xf9a388 -> pdu_0xf9b020 -> pdu_0xf9bcb8 -> pdu_0xf9c950 -> pdu_0xf9d5e8 -> pdu_0xf9e280 -> pdu_0xf9ef18 -> pdu_0xf9fbb0 -> pdu_0xfa0848 -> pdu_0xfa14e0 -> pdu_0xfa2178 -> pdu_0xfa2e10 -> pdu_0xfa3aa8 -> pdu_0xfa4740 -> pdu_0xfa53d8 -> pdu_0xfa6070 -> pdu_0xfa6d08 -> pdu_0xfa79a0 -> pdu_0xfa8638 -> pdu_0xfa92d0 -> pdu_0xfa9f68 -> pdu_0xfaac00 -> pdu_0xfab898 -> pdu_0xfac530 -> pdu_0xfad1c8 -> pdu_0xfade60 -> pdu_0xfaeaf8 -> pdu_0xfaf790 -> pdu_0xfb0428 -> pdu_0xfb10c0 -> pdu_0xfb1d58 -> pdu_0xfb29f0 -> pdu_0xfb3688 -> pdu_0xfb4320 -> pdu_0xfb4fb8 -> pdu_0xfb5c50 -> pdu_0xfb68e8 -> pdu_0xfb7580 -> pdu_0xfb8218 -> pdu_0xfb8eb0 -> pdu_0xfb9b48 -> pdu_0xfba7e0 -> pdu_0xfbb478 -> pdu_0xfbc110 -> pdu_0xfbcda8 -> pdu_0xfbda40 -> pdu_0xfbe6d8 -> pdu_0xfbf370 -> pdu_0xfc0008 -> pdu_0xfc0ca0 -> pdu_0xfc1938 -> pdu_0xfc25d0 -> pdu_0xfc3268 -> pdu_0xfc3f00 -> pdu_0xfc4b98 -> pdu_0xfc5830 -> pdu_0xfc64c8 -> pdu_0xfc7160 -> pdu_0xfc7df8 -> pdu_0xfc8a90 -> pdu_0xfc9728 -> pdu_0xfca3c0 -> pdu_0xfcb058 -> pdu_0xfcbcf0 -> pdu_0xfcc988 -> pdu_0xfcd620 -> pdu_0xfce2b8 -> pdu_0xfcef50 -> pdu_0xfcfbe8 -> pdu_0xfd0880 -> pdu_0xfd1518 -> pdu_0xfd21b0 -> pdu_0xfd2e48 -> pdu_0xfd3ae0 -> pdu_0xfd4778 -> pdu_0xfd5410 -> pdu_0xfd60a8 -> pdu_0xfd6d40 -> pdu_0xfd79d8 -> pdu_0xfd8670 -> pdu_0xfd9308 -> pdu_0xfd9fa0 -> pdu_0xfdac38 -> pdu_0xfdb8d0 -> pdu_0xfdc568 -> pdu_0xfdd200 -> pdu_0xfdde98 -> pdu_0xfdeb30 -> pdu_0xfdf7c8 -> pdu_0xfe0460 -> pdu_0xfe10f8 -> pdu_0xfe1d90 -> pdu_0xfe2a28 -> pdu_0xfe36c0 -> pdu_0xfe4358 -> pdu_0xfe4ff0 -> pdu_0xfe5c88 -> pdu_0xfe6920 -> pdu_0xfe75b8 -> pdu_0xfe8250 -> pdu_0xfe8ee8 -> pdu_0xfe9b80 -> pdu_0xfea818 -> pdu_0xfeb4b0 -> pdu_0xfec148 -> pdu_0xfecde0 -> pdu_0xfeda78 -> pdu_0xfee710 -> pdu_0xfef3a8 -> pdu_0xff0040 -> pdu_0xff0cd8 -> pdu_0xff1970 -> pdu_0xff2608 -> pdu_0xff32a0 -> pdu_0xff3f38 -> pdu_0xff4bd0 -> pdu_0xff5868 -> pdu_0xff6500 -> pdu_0xff7198 -> pdu_0xff7e30 -> pdu_0xff8ac8 -> pdu_0xff9760 -> pdu_0xffa3f8 -> pdu_0xffb090 -> pdu_0xffbd28 -> pdu_0xffc9c0 -> pdu_0xffd658 -> pdu_0xffe2f0 -> pdu_0xffef88 -> pdu_0xfffc20 -> pdu_0x10008b8 -> pdu_0x1001550 -> pdu_0x10021e8 -> pdu_0x1002e80 -> pdu_0x1003b18 -> pdu_0x10047b0 -> pdu_0x1005448 -> pdu_0x10060e0 -> pdu_0x1006d78 -> pdu_0x1007a10 -> pdu_0x10086a8 -> pdu_0x1009340 -> pdu_0x1009fd8 -> pdu_0x100ac70 -> pdu_0x100b908 -> pdu_0x100c5a0 -> pdu_0x100d238 -> pdu_0x100ded0 -> pdu_0x100eb68 -> pdu_0x100f800 -> pdu_0x1010498 -> pdu_0x1011130 -> pdu_0x1011dc8 -> pdu_0x1012a60 -> pdu_0x10136f8 -> pdu_0x1014390 -> pdu_0x1015028 -> pdu_0x1015cc0 -> pdu_0x1016958 -> pdu_0x10175f0 -> pdu_0x1018288 -> pdu_0x1018f20 -> pdu_0x1019bb8 -> pdu_0x101a850 -> pdu_0x101b4e8 -> pdu_0x101c180 -> pdu_0x101ce18 -> pdu_0x101dab0 -> pdu_0x101e748 -> pdu_0x101f3e0 -> pdu_0x1020078 -> pdu_0x1020d10 -> pdu_0x10219a8 -> pdu_0x1022640 -> pdu_0x10232d8 -> pdu_0x1023f70 -> pdu_0x1024c08 -> pdu_0x10258a0 -> pdu_0x1026538 -> pdu_0x10271d0 -> pdu_0x1027e68 -> pdu_0x1028b00 -> pdu_0x1029798 -> pdu_0x102a430 -> pdu_0x102b0c8 -> pdu_0x102bd60 -> pdu_0x102c9f8 -> pdu_0x102d690 -> pdu_0x102e328 -> pdu_0x102efc0 -> pdu_0x102fc58 -> pdu_0x10308f0 -> pdu_0x1031588 -> pdu_0x1032220 -> pdu_0x1032eb8 -> pdu_0x1033b50 -> pdu_0x10347e8 -> pdu_0x1035480 -> pdu_0x1036118 -> pdu_0x1036db0 -> pdu_0x1037a48 -> pdu_0x10386e0 -> pdu_0x1039378 -> pdu_0x103a010 -> pdu_0x103aca8 -> pdu_0x103b940 -> pdu_0x103c5d8 -> pdu_0x103d270 -> pdu_0x103df08 -> pdu_0x103eba0 -> pdu_0x103f838 -> pdu_0x10404d0 -> pdu_0x1041168 -> pdu_0x1041e00 -> pdu_0x1042a98 -> pdu_0x1043730 -> pdu_0x10443c8 -> pdu_0x1045060 -> pdu_0x1045cf8 -> pdu_0x1046990 -> pdu_0x1047628 -> pdu_0x10482c0 -> pdu_0x1048f58 -> pdu_0x1049bf0 -> pdu_0x104a888 -> pdu_0x104b520 -> pdu_0x104c1b8 -> pdu_0x104ce50 -> pdu_0x104dae8 -> pdu_0x104e780 -> pdu_0x104f418 -> pdu_0x10500b0 -> pdu_0x1050d48 -> pdu_0x10519e0 -> pdu_0x1052678 -> pdu_0x1053310 -> pdu_0x1053fa8 -> pdu_0x1054c40 -> pdu_0x10558d8 -> pdu_0x1056570 -> pdu_0x1057208 -> pdu_0x1057ea0 -> pdu_0x1058b38 -> pdu_0x10597d0 -> pdu_0x105a468 -> pdu_0x105b100 -> pdu_0x105bd98 -> pdu_0x105ca30 -> pdu_0x105d6c8 -> pdu_0x105e360 -> pdu_0x105eff8 -> pdu_0x105fc90 -> pdu_0x1060928 -> pdu_0x10615c0 -> pdu_0x1062258 -> pdu_0x1062ef0 -> pdu_0x1063b88 -> pdu_0x1064820 -> pdu_0x10654b8 -> pdu_0x1066150 -> pdu_0x1066de8 -> pdu_0x1067a80 -> pdu_0x1068718 -> pdu_0x10693b0 -> pdu_0x106a048 -> pdu_0x106ace0 -> pdu_0x106b978 -> pdu_0x106c610 -> pdu_0x106d2a8 -> pdu_0x106df40 -> pdu_0x106ebd8 -> pdu_0x106f870 -> pdu_0x1070508 -> pdu_0x10711a0 -> pdu_0x1071e38 -> pdu_0x1072ad0 -> pdu_0x1073768 -> pdu_0x1074400 -> pdu_0x1075098 -> pdu_0x1075d30 -> pdu_0x10769c8 -> pdu_0x1077660 -> pdu_0x10782f8 -> pdu_0x1078f90 -> pdu_0x1079c28 -> pdu_0x107a8c0 -> pdu_0x107b558 -> pdu_0x107c1f0 -> pdu_0x107ce88 -> pdu_0x107db20 -> pdu_0x107e7b8 -> pdu_0x107f450 -> pdu_0x10800e8 -> pdu_0x1080d80 -> pdu_0x1081a18 -> pdu_0x10826b0 -> pdu_0x1083348 -> pdu_0x1083fe0 -> pdu_0x1084c78 -> pdu_0x1085910 -> pdu_0x10865a8 -> pdu_0x1087240 -> pdu_0x1087ed8 -> pdu_0x1088b70 -> pdu_0x1089808 -> pdu_0x108a4a0 -> pdu_0x108b138 -> pdu_0x108bdd0 -> pdu_0x108ca68 -> pdu_0x108d700 -> pdu_0x108e398 -> pdu_0x108f030 -> pdu_0x108fcc8 -> pdu_0x1090960 -> pdu_0x10915f8 -> pdu_0x1092290 -> pdu_0x1092f28 -> pdu_0x1093bc0 -> pdu_0x1094858 -> pdu_0x10954f0 -> pdu_0x1096188 -> pdu_0x1096e20 -> pdu_0x1097ab8 -> pdu_0x1098750 -> pdu_0x10993e8 -> pdu_0x109a080 -> pdu_0x109ad18 -> pdu_0x109b9b0 -> pdu_0x109c648 -> pdu_0x109d2e0 -> pdu_0x109df78 -> pdu_0x109ec10 -> pdu_0x109f8a8 -> pdu_0x10a0540 -> pdu_0x10a11d8 -> pdu_0x10a1e70 -> pdu_0x10a2b08 -> pdu_0x10a37a0 -> pdu_0x10a4438 -> pdu_0x10a50d0 -> pdu_0x10a5d68 -> pdu_0x10a6a00 -> pdu_0x10a7698 -> pdu_0x10a8330 -> pdu_0x10a8fc8 -> pdu_0x10a9c60 -> pdu_0x10aa8f8 -> pdu_0x10ab590 -> pdu_0x10ac228 -> pdu_0x10acec0 -> pdu_0x10adb58 -> pdu_0x10ae7f0 -> pdu_0x10af488 -> pdu_0x10b0120 -> pdu_0x10b0db8 -> pdu_0x10b1a50 -> pdu_0x10b26e8 -> pdu_0x10b3380 -> pdu_0x10b4018 -> pdu_0x10b4cb0 -> pdu_0x10b5948 -> pdu_0x10b65e0 -> pdu_0x10b7278 -> pdu_0x10b7f10 -> pdu_0x10b8ba8 -> pdu_0x10b9840 -> pdu_0x10ba4d8 -> pdu_0x10bb170 -> pdu_0x10bbe08 -> pdu_0x10bcaa0 -> pdu_0x10bd738 -> pdu_0x10be3d0 -> pdu_0x10bf068 -> pdu_0x10bfd00 -> pdu_0x10c0998 -> pdu_0x10c1630 -> pdu_0x10c22c8 -> pdu_0x10c2f60 -> pdu_0x10c3bf8 -> pdu_0x10c4890 -> pdu_0x10c5528 -> pdu_0x10c61c0 -> pdu_0x10c6e58 -> pdu_0x10c7af0 -> pdu_0x10c8788 -> pdu_0x10c9420 -> pdu_0x10ca0b8 -> pdu_0x10cad50 -> pdu_0x10cb9e8 -> pdu_0x10cc680 -> pdu_0x10cd318 -> pdu_0x10cdfb0 -> pdu_0x10cec48 -> pdu_0x10cf8e0 -> pdu_0x10d0578 -> pdu_0x10d1210 -> pdu_0x10d1ea8 -> pdu_0x10d2b40 -> pdu_0x10d37d8 -> pdu_0x10d4470 -> pdu_0x10d5108 -> pdu_0x10d5da0 -> pdu_0x10d6a38 -> pdu_0x10d76d0 -> pdu_0x10d8368 -> pdu_0x10d9000 -> pdu_0x10d9c98 -> pdu_0x10da930 -> pdu_0x10db5c8 -> pdu_0x10dc260 -> pdu_0x10dcef8 -> pdu_0x10ddb90 -> pdu_0x10de828 -> pdu_0x10df4c0 -> pdu_0x10e0158 -> pdu_0x10e0df0 -> pdu_0x10e1a88 -> pdu_0x10e2720 -> pdu_0x10e33b8 -> pdu_0x10e4050 -> pdu_0x10e4ce8 -> pdu_0x10e5980 -> pdu_0x10e6618 -> pdu_0x10e72b0 -> pdu_0x10e7f48 -> pdu_0x10e8be0 -> pdu_0x10e9878 -> pdu_0x10ea510 -> pdu_0x10eb1a8 -> pdu_0x10ebe40 -> pdu_0x10ecad8 -> pdu_0x10ed770 -> pdu_0x10ee408 -> pdu_0x10ef0a0 -> pdu_0x10efd38 -> pdu_0x10f09d0 -> pdu_0x10f1668 -> pdu_0x10f2300 -> pdu_0x10f2f98 -> pdu_0x10f3c30 -> pdu_0x10f48c8 -> pdu_0x10f5560 -> pdu_0x10f61f8 -> pdu_0x10f6e90 -> pdu_0x10f7b28 -> pdu_0x10f87c0 -> pdu_0x10f9458 -> pdu_0x10fa0f0 -> pdu_0x10fad88 -> pdu_0x10fba20 -> pdu_0x10fc6b8 -> pdu_0x10fd350 -> pdu_0x10fdfe8 -> pdu_0x10fec80 -> pdu_0x10ff918 -> pdu_0x11005b0 -> pdu_0x1101248 -> pdu_0x1101ee0 -> pdu_0x1102b78 -> pdu_0x1103810 -> pdu_0x11044a8 -> pdu_0x1105140 -> pdu_0x1105dd8 -> pdu_0x1106a70 -> pdu_0x1107708 -> pdu_0x11083a0 -> pdu_0x1109038 -> pdu_0x1109cd0 -> pdu_0x110a968 -> pdu_0x110b600 -> pdu_0x110c298 -> pdu_0x110cf30 -> pdu_0x110dbc8 -> pdu_0x110e860 -> pdu_0x110f4f8 -> pdu_0x1110190 -> pdu_0x1110e28 -> pdu_0x1111ac0 -> pdu_0x1112758 -> pdu_0x11133f0 -> pdu_0x1114088 -> pdu_0x1114d20 -> pdu_0x11159b8 -> pdu_0x1116650 -> pdu_0x11172e8 -> pdu_0x1117f80 -> pdu_0x1118c18 -> pdu_0x11198b0 -> pdu_0x111a548 -> pdu_0x111b1e0 -> pdu_0x111be78 -> pdu_0x111cb10 -> pdu_0x111d7a8 -> pdu_0x111e440 -> pdu_0x111f0d8 -> pdu_0x111fd70 -> pdu_0x1120a08 -> pdu_0x11216a0 -> pdu_0x1122338 -> pdu_0x1122fd0 -> pdu_0x1123c68 -> pdu_0x1124900 -> pdu_0x1125598 -> pdu_0x1126230 -> pdu_0x1126ec8 -> pdu_0x1127b60 -> pdu_0x11287f8 -> pdu_0x1129490 -> pdu_0x112a128 -> pdu_0x112adc0 -> pdu_0x112ba58 -> pdu_0x112c6f0 -> pdu_0x112d388 -> pdu_0x112e020 -> pdu_0x112ecb8 -> pdu_0x112f950 -> pdu_0x11305e8 -> pdu_0x1131280 -> pdu_0x1131f18 -> pdu_0x1132bb0 -> pdu_0x1133848 -> pdu_0x11344e0 -> pdu_0x1135178 -> pdu_0x1135e10 -> pdu_0x1136aa8 -> pdu_0x1137740 -> pdu_0x11383d8 -> pdu_0x1139070 -> pdu_0x1139d08 -> pdu_0x113a9a0 -> pdu_0x113b638 -> pdu_0x113c2d0 -> pdu_0x113cf68 -> pdu_0x113dc00 -> pdu_0x113e898 -> pdu_0x113f530 -> pdu_0x11401c8 -> pdu_0x1140e60 -> pdu_0x1141af8 -> pdu_0x1142790 -> pdu_0x1143428 -> pdu_0x11440c0 -> pdu_0x1144d58 -> pdu_0x11459f0 -> pdu_0x1146688 -> pdu_0x1147320 -> pdu_0x1147fb8 -> pdu_0x1148c50 -> pdu_0x11498e8 -> pdu_0x114a580 -> pdu_0x114b218 -> pdu_0x114beb0 -> pdu_0x114cb48 -> pdu_0x114d7e0 -> pdu_0x114e478 -> pdu_0x114f110 -> pdu_0x114fda8 -> pdu_0x1150a40 -> pdu_0x11516d8 -> pdu_0x1152370 -> pdu_0x1153008 -> pdu_0x1153ca0 -> pdu_0x1154938 -> pdu_0x11555d0 -> pdu_0x1156268 -> pdu_0x1156f00 -> pdu_0x1157b98 -> pdu_0x1158830 -> pdu_0x11594c8 -> pdu_0x115a160 -> pdu_0x115adf8 -> pdu_0x115ba90 -> pdu_0x115c728 -> pdu_0x115d3c0 -> pdu_0x115e058 -> pdu_0x115ecf0 -> pdu_0x115f988 -> pdu_0x1160620 -> pdu_0x11612b8 -> pdu_0x1161f50 -> pdu_0x1162be8 -> pdu_0x1163880 -> pdu_0x1164518 -> pdu_0x11651b0 -> pdu_0x1165e48 -> pdu_0x1166ae0 -> pdu_0x1167778 -> pdu_0x1168410 -> pdu_0x11690a8 -> pdu_0x1169d40 -> pdu_0x116a9d8 -> pdu_0x116b670 -> pdu_0x116c308 -> pdu_0x116cfa0 -> pdu_0x116dc38 -> pdu_0x116e8d0 -> pdu_0x116f568 -> pdu_0x1170200 -> pdu_0x1170e98 -> pdu_0x1171b30 -> pdu_0x11727c8 -> pdu_0x1173460 -> pdu_0x11740f8 -> pdu_0x1174d90 -> pdu_0x1175a28 -> pdu_0x11766c0 -> pdu_0x1177358 -> pdu_0x1177ff0 -> pdu_0x1178c88 -> pdu_0x1179920 -> pdu_0x117a5b8 -> pdu_0x117b250 -> pdu_0x117bee8 -> pdu_0x117cb80 -> pdu_0x117d818 -> pdu_0x117e4b0 -> pdu_0x117f148 -> pdu_0x117fde0 -> pdu_0x1180a78 -> pdu_0x1181710 -> pdu_0x11823a8 -> pdu_0x1183040 -> pdu_0x1183cd8 -> pdu_0x1184970 -> pdu_0x1185608 -> pdu_0x11862a0 -> pdu_0x1186f38 -> pdu_0x1187bd0 -> pdu_0x1188868 -> pdu_0x1189500 -> pdu_0x118a198 -> pdu_0x118ae30 -> pdu_0x118bac8 -> pdu_0x118c760 -> pdu_0x118d3f8 -> pdu_0x118e090 -> pdu_0x118ed28 -> pdu_0x118f9c0 -> pdu_0x1190658 -> pdu_0x11912f0 -> pdu_0x1191f88 -> pdu_0x1192c20 -> pdu_0x11938b8 -> pdu_0x1194550 -> pdu_0x11951e8 -> pdu_0x1195e80 -> pdu_0x1196b18 -> pdu_0x11977b0 -> pdu_0x1198448 -> pdu_0x11990e0 -> pdu_0x1199d78 -> pdu_0x119aa10 -> pdu_0x119b6a8 -> pdu_0x119c340 -> pdu_0x119cfd8 -> pdu_0x119dc70 -> pdu_0x119e908 -> pdu_0x119f5a0 -> pdu_0x11a0238 -> pdu_0x11a0ed0 -> pdu_0x11a1b68 -> pdu_0x11a2800 -> pdu_0x11a3498 -> pdu_0x11a4130 -> pdu_0x11a4dc8 -> pdu_0x11a5a60 -> pdu_0x11a66f8 -> pdu_0x11a7390 -> pdu_0x11a8028 -> pdu_0x11a8cc0 -> pdu_0x11a9958 -> pdu_0x11aa5f0 -> pdu_0x11ab288 -> pdu_0x11abf20 -> pdu_0x11acbb8 -> pdu_0x11ad850 -> pdu_0x11ae4e8 -> pdu_0x11af180 -> pdu_0x11afe18 -> pdu_0x11b0ab0 -> pdu_0x11b1748 -> pdu_0x11b23e0 -> pdu_0x11b3078 -> pdu_0x11b3d10 -> pdu_0x11b49a8 -> pdu_0x11b5640 -> pdu_0x11b62d8 -> pdu_0x11b6f70 -> pdu_0x11b7c08 -> pdu_0x11b88a0 -> pdu_0x11b9538 -> pdu_0x11ba1d0 -> pdu_0x11bae68 -> pdu_0x11bbb00 -> pdu_0x11bc798 -> pdu_0x11bd430 -> pdu_0x11be0c8 -> pdu_0x11bed60 -> pdu_0x11bf9f8 -> pdu_0x11c0690 -> pdu_0x11c1328 -> pdu_0x11c1fc0 -> pdu_0x11c2c58 -> pdu_0x11c38f0 -> pdu_0x11c4588 -> pdu_0x11c5220 -> pdu_0x11c5eb8 -> pdu_0x11c6b50 -> pdu_0x11c77e8 -> pdu_0x11c8480 -> pdu_0x11c9118 -> pdu_0x11c9db0 -> pdu_0x11caa48 -> pdu_0x11cb6e0 -> pdu_0x11cc378 -> pdu_0x11cd010 -> pdu_0x11cdca8 -> pdu_0x11ce940 -> pdu_0x11cf5d8 -> pdu_0x11d0270 -> pdu_0x11d0f08 -> pdu_0x11d1ba0 -> pdu_0x11d2838 -> pdu_0x11d34d0 -> pdu_0x11d4168 -> pdu_0x11d4e00 -> pdu_0x11d5a98 -> pdu_0x11d6730 -> pdu_0x11d73c8 -> pdu_0x11d8060 -> pdu_0x11d8cf8 -> pdu_0x11d9990 -> pdu_0x11da628 -> pdu_0x11db2c0 -> pdu_0x11dbf58 -> pdu_0x11dcbf0 -> pdu_0x11dd888 -> pdu_0x11de520 -> pdu_0x11df1b8 -> pdu_0x11dfe50 -> pdu_0x11e0ae8 -> pdu_0x11e1780 -> pdu_0x11e2418 -> pdu_0x11e30b0 -> pdu_0x11e3d48 -> pdu_0x11e49e0 -> pdu_0x11e5678 -> pdu_0x11e6310 -> pdu_0x11e6fa8 -> pdu_0x11e7c40 -> pdu_0x11e88d8 -> pdu_0x11e9570 -> pdu_0x11ea208 -> pdu_0x11eaea0 -> pdu_0x11ebb38 -> pdu_0x11ec7d0 -> pdu_0x11ed468 -> pdu_0x11ee100 -> pdu_0x11eed98 -> pdu_0x11efa30 -> pdu_0x11f06c8 -> pdu_0x11f1360 -> pdu_0x11f1ff8 -> pdu_0x11f2c90 -> pdu_0x11f3928 -> pdu_0x11f45c0 -> pdu_0x11f5258 -> pdu_0x11f5ef0 -> pdu_0x11f6b88 -> pdu_0x11f7820 -> pdu_0x11f84b8 -> pdu_0x11f9150 -> pdu_0x11f9de8 -> pdu_0x11faa80 -> pdu_0x11fb718 -> pdu_0x11fc3b0 -> pdu_0x11fd048 -> pdu_0x11fdce0 -> pdu_0x11fe978 -> pdu_0x11ff610 -> pdu_0x12002a8 -> pdu_0x1200f40 -> pdu_0x1201bd8 -> pdu_0x1202870 -> pdu_0x1203508 -> pdu_0x12041a0 -> pdu_0x1204e38 -> pdu_0x1205ad0 -> pdu_0x1206768 -> pdu_0x1207400 -> pdu_0x1208098 -> pdu_0x1208d30 -> pdu_0x12099c8 -> pdu_0x120a660 -> pdu_0x120b2f8 -> pdu_0x120bf90 -> pdu_0x120cc28 -> pdu_0x120d8c0 -> pdu_0x120e558 -> pdu_0x120f1f0 -> pdu_0x120fe88 -> pdu_0x1210b20 -> pdu_0x12117b8 -> pdu_0x1212450 -> pdu_0x12130e8 -> pdu_0x1213d80 -> pdu_0x1214a18 -> pdu_0x12156b0 -> pdu_0x1216348 -> pdu_0x1216fe0 -> pdu_0x1217c78 -> pdu_0x1218910 -> pdu_0x12195a8 -> pdu_0x121a240 -> pdu_0x121aed8 -> pdu_0x121bb70 -> pdu_0x121c808 -> pdu_0x121d4a0 -> pdu_0x121e138 -> pdu_0x121edd0 -> pdu_0x121fa68 -> pdu_0x1220700 -> pdu_0x1221398 -> pdu_0x1222030 -> pdu_0x1222cc8 -> pdu_0x1223960 -> pdu_0x12245f8 -> pdu_0x1225290 -> pdu_0x1225f28 -> pdu_0x1226bc0 -> pdu_0x1227858 -> pdu_0x12284f0 -> pdu_0x1229188 -> pdu_0x1229e20 -> pdu_0x122aab8 -> pdu_0x122b750 -> pdu_0x122c3e8 -> pdu_0x122d080 -> pdu_0x122dd18 -> pdu_0x122e9b0 -> pdu_0x122f648 -> pdu_0x12302e0 -> pdu_0x1230f78 -> pdu_0x1231c10 -> pdu_0x12328a8 -> pdu_0x1233540 -> pdu_0x12341d8 -> pdu_0x1234e70 -> pdu_0x1235b08 -> pdu_0x12367a0 -> pdu_0x1237438 -> pdu_0x12380d0 -> pdu_0x1238d68 -> pdu_0x1239a00 -> pdu_0x123a698 -> pdu_0x123b330 -> pdu_0x123bfc8 -> pdu_0x123cc60 -> pdu_0x123d8f8 -> pdu_0x123e590 -> pdu_0x123f228 -> pdu_0x123fec0 -> pdu_0x1240b58 -> pdu_0x12417f0 -> pdu_0x1242488 -> pdu_0x1243120 -> pdu_0x1243db8 -> pdu_0x1244a50 -> pdu_0x12456e8 -> pdu_0x1246380 -> pdu_0x1247018 -> pdu_0x1247cb0 -> pdu_0x1248948 -> pdu_0x12495e0 -> pdu_0x124a278 -> pdu_0x124af10 -> pdu_0x124bba8 -> pdu_0x124c840 -> pdu_0x124d4d8 -> pdu_0x124e170 -> pdu_0x124ee08 -> pdu_0x124faa0 -> pdu_0x1250738 -> pdu_0x12513d0 -> pdu_0x1252068 -> pdu_0x1252d00 -> pdu_0x1253998 -> pdu_0x1254630 -> pdu_0x12552c8 -> pdu_0x1255f60 -> pdu_0x1256bf8 -> pdu_0x1257890 -> pdu_0x1258528 -> pdu_0x12591c0 -> pdu_0x1259e58 -> pdu_0x125aaf0 -> pdu_0x125b788 -> pdu_0x125c420 -> pdu_0x125d0b8 -> pdu_0x125dd50 -> pdu_0x125e9e8 -> pdu_0x125f680 -> pdu_0x1260318 -> pdu_0x1260fb0 -> pdu_0x1261c48 -> pdu_0x12628e0 -> pdu_0x1263578 -> pdu_0x1264210 -> pdu_0x1264ea8 -> pdu_0x1265b40 -> pdu_0x12667d8 -> pdu_0x1267470 -> pdu_0x1268108 -> pdu_0x1268da0 -> pdu_0x1269a38 -> pdu_0x126a6d0 -> pdu_0x126b368 -> pdu_0x126c000 -> pdu_0x126cc98 -> pdu_0x126d930 -> pdu_0x126e5c8 -> pdu_0x126f260 -> pdu_0x126fef8 -> pdu_0x1270b90 -> pdu_0x1271828 -> pdu_0x12724c0 -> pdu_0x1273158 -> pdu_0x1273df0 -> pdu_0x1274a88 -> pdu_0x1275720 -> pdu_0x12763b8 -> pdu_0x1277050 -> pdu_0x1277ce8 -> pdu_0x1278980 -> pdu_0x1279618 -> pdu_0x127a2b0 -> pdu_0x127af48 -> pdu_0x127bbe0 -> pdu_0x127c878 -> pdu_0x127d510 -> pdu_0x127e1a8 -> pdu_0x127ee40 -> pdu_0x127fad8 -> pdu_0x1280770 -> pdu_0x1281408 -> pdu_0x12820a0 -> pdu_0x1282d38 -> pdu_0x12839d0 -> pdu_0x1284668 -> pdu_0x1285300 -> pdu_0x1285f98 -> pdu_0x1286c30 -> pdu_0x12878c8 -> pdu_0x1288560 -> pdu_0x12891f8 -> pdu_0x1289e90 -> pdu_0x128ab28 -> pdu_0x128b7c0 -> pdu_0x128c458 -> pdu_0x128d0f0 -> pdu_0x128dd88 -> pdu_0x128ea20 -> pdu_0x128f6b8 -> pdu_0x1290350 -> pdu_0x1290fe8 -> pdu_0x1291c80 -> pdu_0x1292918 -> pdu_0x12935b0 -> pdu_0x1294248 -> pdu_0x1294ee0 -> pdu_0x1295b78 -> pdu_0x1296810 -> pdu_0x12974a8 -> pdu_0x1298140 -> pdu_0x1298dd8 -> pdu_0x1299a70 -> pdu_0x129a708 -> pdu_0x129b3a0 -> pdu_0x129c038 -> pdu_0x129ccd0 -> pdu_0x129d968 -> pdu_0x129e600 -> pdu_0x129f298 -> pdu_0x129ff30 -> pdu_0x12a0bc8 -> pdu_0x12a1860 -> pdu_0x12a24f8 -> pdu_0x12a3190 -> pdu_0x12a3e28 -> pdu_0x12a4ac0 -> pdu_0x12a5758 -> pdu_0x12a63f0 -> pdu_0x12a7088 -> pdu_0x12a7d20 -> pdu_0x12a89b8 -> pdu_0x12a9650 -> pdu_0x12aa2e8 -> pdu_0x12aaf80 -> pdu_0x12abc18 -> pdu_0x12ac8b0 -> pdu_0x12ad548 -> pdu_0x12ae1e0 -> pdu_0x12aee78 -> pdu_0x12afb10 -> pdu_0x12b07a8 -> pdu_0x12b1440 -> pdu_0x12b20d8 -> pdu_0x12b2d70 -> pdu_0x12b3a08 -> pdu_0x12b46a0 -> pdu_0x12b5338 -> pdu_0x12b5fd0 -> pdu_0x12b6c68 -> pdu_0x12b7900 -> pdu_0x12b8598 -> pdu_0x12b9230 -> pdu_0x12b9ec8 -> pdu_0x12bab60 -> pdu_0x12bb7f8 -> pdu_0x12bc490 -> pdu_0x12bd128 -> pdu_0x12bddc0 -> pdu_0x12bea58 -> pdu_0x12bf6f0 -> pdu_0x12c0388 -> pdu_0x12c1020 -> pdu_0x12c1cb8 -> pdu_0x12c2950 -> pdu_0x12c35e8 -> pdu_0x12c4280 -> pdu_0x12c4f18 -> pdu_0x12c5bb0 -> pdu_0x12c6848 -> pdu_0x12c74e0 -> pdu_0x12c8178 -> pdu_0x12c8e10 -> pdu_0x12c9aa8 -> pdu_0x12ca740 -> pdu_0x12cb3d8 -> pdu_0x12cc070 -> pdu_0x12ccd08 -> pdu_0x12cd9a0 -> pdu_0x12ce638 -> pdu_0x12cf2d0 -> pdu_0x12cff68 -> pdu_0x12d0c00 -> pdu_0x12d1898 -> pdu_0x12d2530 -> pdu_0x12d31c8 -> pdu_0x12d3e60 -> pdu_0x12d4af8 -> pdu_0x12d5790 -> pdu_0x12d6428 -> pdu_0x12d70c0 -> pdu_0x12d7d58 -> pdu_0x12d89f0 -> pdu_0x12d9688 -> pdu_0x12da320 -> pdu_0x12dafb8 -> pdu_0x12dbc50 -> pdu_0x12dc8e8 -> pdu_0x12dd580 -> pdu_0x12de218 -> pdu_0x12deeb0 -> pdu_0x12dfb48 -> pdu_0x12e07e0 -> pdu_0x12e1478 -> pdu_0x12e2110 -> pdu_0x12e2da8 -> pdu_0x12e3a40 -> pdu_0x12e46d8 -> pdu_0x12e5370 -> pdu_0x12e6008 -> pdu_0x12e6ca0 -> pdu_0x12e7938 -> pdu_0x12e85d0 -> pdu_0x12e9268 -> pdu_0x12e9f00 -> pdu_0x12eab98 -> pdu_0x12eb830 -> pdu_0x12ec4c8 -> pdu_0x12ed160 -> pdu_0x12eddf8 -> pdu_0x12eea90 -> pdu_0x12ef728 -> pdu_0x12f03c0 -> pdu_0x12f1058 -> pdu_0x12f1cf0 -> pdu_0x12f2988 -> pdu_0x12f3620 -> pdu_0x12f42b8 -> pdu_0x12f4f50 -> pdu_0x12f5be8 -> pdu_0x12f6880 -> pdu_0x12f7518 -> pdu_0x12f81b0 -> pdu_0x12f8e48 -> pdu_0x12f9ae0 -> pdu_0x12fa778 -> pdu_0x12fb410 -> pdu_0x12fc0a8 -> pdu_0x12fcd40 -> pdu_0x12fd9d8 -> pdu_0x12fe670 -> pdu_0x12ff308 -> pdu_0x12fffa0 -> pdu_0x1300c38 -> pdu_0x13018d0 -> pdu_0x1302568 -> pdu_0x1303200 -> pdu_0x1303e98 -> pdu_0x1304b30 -> pdu_0x13057c8 -> pdu_0x1306460 -> pdu_0x13070f8 -> pdu_0x1307d90 -> pdu_0x1308a28 -> pdu_0x13096c0 -> pdu_0x130a358 -> pdu_0x130aff0 -> pdu_0x130bc88 -> pdu_0x130c920 -> pdu_0x130d5b8 -> pdu_0x130e250 -> pdu_0x130eee8 -> pdu_0x130fb80 -> pdu_0x1310818 -> pdu_0x13114b0 -> pdu_0x1312148 -> pdu_0x1312de0 -> pdu_0x1313a78 -> pdu_0x1314710 -> pdu_0x13153a8 -> pdu_0x1316040 -> pdu_0x1316cd8 -> pdu_0x1317970 -> pdu_0x1318608 -> pdu_0x13192a0 -> pdu_0x1319f38 -> pdu_0x131abd0 -> pdu_0x131b868 -> pdu_0x131c500 -> pdu_0x131d198 -> pdu_0x131de30 -> pdu_0x131eac8 -> pdu_0x131f760 -> pdu_0x13203f8 -> pdu_0x1321090 -> pdu_0x1321d28 -> pdu_0x13229c0 -> pdu_0x1323658 -> pdu_0x13242f0 -> pdu_0x1324f88 -> pdu_0x1325c20 -> pdu_0x13268b8 -> pdu_0x1327550 -> pdu_0x13281e8 -> pdu_0x1328e80 -> pdu_0x1329b18 -> pdu_0x132a7b0 -> pdu_0x132b448 -> pdu_0x132c0e0 -> pdu_0x132cd78 -> pdu_0x132da10 -> pdu_0x132e6a8 -> pdu_0x132f340 -> pdu_0x132ffd8 -> pdu_0x1330c70 -> pdu_0x1331908 -> pdu_0x13325a0 -> pdu_0x1333238 -> pdu_0x1333ed0 -> pdu_0x1334b68 -> pdu_0x1335800 -> pdu_0x1336498 -> pdu_0x1337130 -> pdu_0x1337dc8 -> pdu_0x1338a60 -> pdu_0x13396f8 -> pdu_0x133a390 -> pdu_0x133b028 -> pdu_0x133bcc0 -> pdu_0x133c958 -> pdu_0x133d5f0 -> pdu_0x133e288 -> pdu_0x133ef20 -> pdu_0x133fbb8 -> pdu_0x1340850 -> pdu_0x13414e8 -> pdu_0x1342180 -> pdu_0x1342e18 -> pdu_0x1343ab0 -> pdu_0x1344748 -> pdu_0x13453e0 -> pdu_0x1346078 -> pdu_0x1346d10 -> pdu_0x13479a8 -> pdu_0x1348640 -> pdu_0x13492d8 -> pdu_0x1349f70 -> pdu_0x134ac08 -> pdu_0x134b8a0 -> pdu_0x134c538 -> pdu_0x134d1d0 -> pdu_0x134de68 -> pdu_0x134eb00 -> pdu_0x134f798 -> pdu_0x1350430 -> pdu_0x13510c8 -> pdu_0x1351d60 -> pdu_0x13529f8 -> pdu_0x1353690 -> pdu_0x1354328 -> pdu_0x1354fc0 -> pdu_0x1355c58 -> pdu_0x13568f0 -> pdu_0x1357588 -> pdu_0x1358220 -> pdu_0x1358eb8 -> pdu_0x1359b50 -> pdu_0x135a7e8 -> pdu_0x135b480 -> pdu_0x135c118 -> pdu_0x135cdb0 -> pdu_0x135da48 -> pdu_0x135e6e0 -> pdu_0x135f378 -> pdu_0x1360010 -> pdu_0x1360ca8 -> pdu_0x1361940 -> pdu_0x13625d8 -> pdu_0x1363270 -> pdu_0x1363f08 -> pdu_0x1364ba0 -> pdu_0x1365838 -> pdu_0x13664d0 -> pdu_0x1367168 -> pdu_0x1367e00 -> pdu_0x1368a98 -> pdu_0x1369730 -> pdu_0x136a3c8 -> pdu_0x136b060 -> pdu_0x136bcf8 -> pdu_0x136c990 -> pdu_0x136d628 -> pdu_0x136e2c0 -> pdu_0x136ef58 -> pdu_0x136fbf0 -> pdu_0x1370888 -> pdu_0x1371520 -> pdu_0x13721b8 -> pdu_0x1372e50 -> pdu_0x1373ae8 -> pdu_0x1374780 -> pdu_0x1375418 -> pdu_0x13760b0 -> pdu_0x1376d48 -> pdu_0x13779e0 -> pdu_0x1378678 -> pdu_0x1379310 -> pdu_0x1379fa8 -> pdu_0x137ac40 -> pdu_0x137b8d8 -> pdu_0x137c570 -> pdu_0x137d208 -> pdu_0x137dea0 -> pdu_0x137eb38 -> pdu_0x137f7d0 -> pdu_0x1380468 -> pdu_0x1381100 -> pdu_0x1381d98 -> pdu_0x1382a30 -> pdu_0x13836c8 -> pdu_0x1384360 -> pdu_0x1384ff8 -> pdu_0x1385c90 -> pdu_0x1386928 -> pdu_0x13875c0 -> pdu_0x1388258 -> pdu_0x1388ef0 -> pdu_0x1389b88 -> pdu_0x138a820 -> pdu_0x138b4b8 -> pdu_0x138c150 -> pdu_0x138cde8 -> pdu_0x138da80 -> pdu_0x138e718 -> pdu_0x138f3b0 -> pdu_0x1390048 -> pdu_0x1390ce0 -> pdu_0x1391978 -> pdu_0x1392610 -> pdu_0x13932a8 -> pdu_0x1393f40 -> pdu_0x1394bd8 -> pdu_0x1395870 -> pdu_0x1396508 -> pdu_0x13971a0 -> pdu_0x1397e38 -> pdu_0x1398ad0 -> pdu_0x1399768 -> pdu_0x139a400 -> pdu_0x139b098 -> pdu_0x139bd30 -> pdu_0x139c9c8 -> pdu_0x139d660 -> pdu_0x139e2f8 -> pdu_0x139ef90 -> pdu_0x139fc28 -> pdu_0x13a08c0 -> pdu_0x13a1558 -> pdu_0x13a21f0 -> pdu_0x13a2e88 -> pdu_0x13a3b20 -> pdu_0x13a47b8 -> pdu_0x13a5450 -> pdu_0x13a60e8 -> pdu_0x13a6d80 -> pdu_0x13a7a18 -> pdu_0x13a86b0 -> pdu_0x13a9348 -> pdu_0x13a9fe0 -> pdu_0x13aac78 -> pdu_0x13ab910 -> pdu_0x13ac5a8 -> pdu_0x13ad240 -> pdu_0x13aded8 -> pdu_0x13aeb70 -> pdu_0x13af808 -> pdu_0x13b04a0 -> pdu_0x13b1138 -> pdu_0x13b1dd0 -> pdu_0x13b2a68 -> pdu_0x13b3700 -> pdu_0x13b4398 -> pdu_0x13b5030 -> pdu_0x13b5cc8 -> pdu_0x13b6960 -> pdu_0x13b75f8 -> pdu_0x13b8290 -> pdu_0x13b8f28 -> pdu_0x13b9bc0 -> pdu_0x13ba858 -> pdu_0x13bb4f0 -> pdu_0x13bc188 -> pdu_0x13bce20 -> pdu_0x13bdab8 -> pdu_0x13be750 -> pdu_0x13bf3e8 -> pdu_0x13c0080 -> pdu_0x13c0d18 -> pdu_0x13c19b0 -> pdu_0x13c2648 -> pdu_0x13c32e0 -> pdu_0x13c3f78 -> pdu_0x13c4c10 -> pdu_0x13c58a8 -> pdu_0x13c6540 -> pdu_0x13c71d8 -> pdu_0x13c7e70 -> pdu_0x13c8b08 -> pdu_0x13c97a0 -> pdu_0x13ca438 -> pdu_0x13cb0d0 -> pdu_0x13cbd68 -> pdu_0x13cca00 -> pdu_0x13cd698 -> pdu_0x13ce330 -> pdu_0x13cefc8 -> pdu_0x13cfc60 -> pdu_0x13d08f8 -> pdu_0x13d1590 -> pdu_0x13d2228 -> pdu_0x13d2ec0 -> pdu_0x13d3b58 -> pdu_0x13d47f0 -> pdu_0x13d5488 -> pdu_0x13d6120 -> pdu_0x13d6db8 -> pdu_0x13d7a50 -> pdu_0x13d86e8 -> pdu_0x13d9380 -> pdu_0x13da018 -> pdu_0x13dacb0 -> pdu_0x13db948 -> pdu_0x13dc5e0 -> pdu_0x13dd278 -> pdu_0x13ddf10 -> pdu_0x13deba8 -> pdu_0x13df840 -> pdu_0x13e04d8 -> pdu_0x13e1170 -> pdu_0x13e1e08 -> pdu_0x13e2aa0 -> pdu_0x13e3738 -> pdu_0x13e43d0 -> pdu_0x13e5068 -> pdu_0x13e5d00 -> pdu_0x13e6998 -> pdu_0x13e7630 -> pdu_0x13e82c8 -> pdu_0x13e8f60 -> pdu_0x13e9bf8 -> pdu_0x13ea890 -> pdu_0x13eb528 -> pdu_0x13ec1c0 -> pdu_0x13ece58 -> pdu_0x13edaf0 -> pdu_0x13ee788 -> pdu_0x13ef420 -> pdu_0x13f00b8 -> pdu_0x13f0d50 -> pdu_0x13f19e8 -> pdu_0x13f2680 -> pdu_0x13f3318 -> pdu_0x13f3fb0 -> pdu_0x13f4c48 -> pdu_0x13f58e0 -> pdu_0x13f6578 -> pdu_0x13f7210 -> pdu_0x13f7ea8 -> pdu_0x13f8b40 -> pdu_0x13f97d8 -> pdu_0x13fa470 -> pdu_0x13fb108 -> pdu_0x13fbda0 -> pdu_0x13fca38 -> pdu_0x13fd6d0 -> pdu_0x13fe368 -> pdu_0x13ff000 -> pdu_0x13ffc98 -> pdu_0x1400930 -> pdu_0x14015c8 -> pdu_0x1402260 -> pdu_0x1402ef8 -> pdu_0x1403b90 -> pdu_0x1404828 -> pdu_0x14054c0 -> pdu_0x1406158 -> pdu_0x1406df0 -> pdu_0x1407a88 -> pdu_0x1408720 -> pdu_0x14093b8 -> pdu_0x140a050 -> pdu_0x140ace8 -> pdu_0x140b980 -> pdu_0x140c618 -> pdu_0x140d2b0 -> pdu_0x140df48 -> pdu_0x140ebe0 -> pdu_0x140f878 -> pdu_0x1410510 -> pdu_0x14111a8 -> pdu_0x1411e40 -> pdu_0x1412ad8 -> pdu_0x1413770 -> pdu_0x1414408 -> pdu_0x14150a0 -> pdu_0x1415d38 -> pdu_0x14169d0 -> pdu_0x1417668 -> pdu_0x1418300 -> pdu_0x1418f98 -> pdu_0x1419c30 -> pdu_0x141a8c8 -> pdu_0x141b560 -> pdu_0x141c1f8 -> pdu_0x141ce90 -> pdu_0x141db28 -> pdu_0x141e7c0 -> pdu_0x141f458 -> pdu_0x14200f0 -> pdu_0x1420d88 -> pdu_0x1421a20 -> pdu_0x14226b8 -> pdu_0x1423350 -> pdu_0x1423fe8 -> pdu_0x1424c80 -> pdu_0x1425918 -> pdu_0x14265b0 -> pdu_0x1427248 -> pdu_0x1427ee0 -> pdu_0x1428b78 -> pdu_0x1429810 -> pdu_0x142a4a8 -> pdu_0x142b140 -> pdu_0x142bdd8 -> pdu_0x142ca70 -> pdu_0x142d708 -> pdu_0x142e3a0 -> pdu_0x142f038 -> pdu_0x142fcd0 -> pdu_0x1430968 -> pdu_0x1431600 -> pdu_0x1432298 -> pdu_0x1432f30 -> pdu_0x1433bc8 -> pdu_0x1434860 -> pdu_0x14354f8 -> pdu_0x1436190 -> pdu_0x1436e28 -> pdu_0x1437ac0 -> pdu_0x1438758 -> pdu_0x14393f0 -> pdu_0x143a088 -> pdu_0x143ad20 -> pdu_0x143b9b8 -> pdu_0x143c650 -> pdu_0x143d2e8 -> pdu_0x143df80 -> pdu_0x143ec18 -> pdu_0x143f8b0 -> pdu_0x1440548 -> pdu_0x14411e0 -> pdu_0x1441e78 -> pdu_0x1442b10 -> pdu_0x14437a8 -> pdu_0x1444440 -> pdu_0x14450d8 -> pdu_0x1445d70 -> pdu_0x1446a08 -> pdu_0x14476a0 -> pdu_0x1448338 -> pdu_0x1448fd0 -> pdu_0x1449c68 -> pdu_0x144a900 -> pdu_0x144b598 -> pdu_0x144c230 -> pdu_0x144cec8 -> pdu_0x144db60 -> pdu_0x144e7f8 -> pdu_0x144f490 -> pdu_0x1450128 -> pdu_0x1450dc0 -> pdu_0x1451a58 -> pdu_0x14526f0 -> pdu_0x1453388 -> pdu_0x1454020 -> pdu_0x1454cb8 -> pdu_0x1455950 -> pdu_0x14565e8 -> pdu_0x1457280 -> pdu_0x1457f18 -> pdu_0x1458bb0 -> pdu_0x1459848 -> pdu_0x145a4e0 -> pdu_0x145b178 -> pdu_0x145be10 -> pdu_0x145caa8 -> pdu_0x145d740 -> pdu_0x145e3d8 -> pdu_0x145f070 -> pdu_0x145fd08 -> pdu_0x14609a0 -> pdu_0x1461638 -> pdu_0x14622d0 -> pdu_0x1462f68 -> pdu_0x1463c00 -> pdu_0x1464898 -> pdu_0x1465530 -> pdu_0x14661c8 -> pdu_0x1466e60 -> pdu_0x1467af8 -> pdu_0x1468790 -> pdu_0x1469428 -> pdu_0x146a0c0 -> pdu_0x146ad58 -> pdu_0x146b9f0 -> pdu_0x146c688 -> pdu_0x146d320 -> pdu_0x146dfb8 -> pdu_0x146ec50 -> pdu_0x146f8e8 -> pdu_0x1470580 -> pdu_0x1471218 -> pdu_0x1471eb0 -> pdu_0x1472b48 -> pdu_0x14737e0 -> pdu_0x1474478 -> pdu_0x1475110 -> pdu_0x1475da8 -> pdu_0x1476a40 -> pdu_0x14776d8 -> pdu_0x1478370 -> pdu_0x1479008 -> pdu_0x1479ca0 -> pdu_0x147a938 -> pdu_0x147b5d0 -> pdu_0x147c268 -> pdu_0x147cf00 -> pdu_0x147db98 -> pdu_0x147e830 -> pdu_0x147f4c8 -> pdu_0x1480160 -> pdu_0x1480df8 -> pdu_0x1481a90 -> pdu_0x1482728 -> pdu_0x14833c0 -> pdu_0x1484058 -> pdu_0x1484cf0 -> pdu_0x1485988 -> pdu_0x1486620 -> pdu_0x14872b8 -> pdu_0x1487f50 -> pdu_0x1488be8 -> pdu_0x1489880 -> pdu_0x148a518 -> pdu_0x148b1b0 -> pdu_0x148be48 -> pdu_0x148cae0 -> pdu_0x148d778 -> pdu_0x148e410 -> pdu_0x148f0a8 -> pdu_0x148fd40 -> pdu_0x14909d8 -> pdu_0x1491670 -> pdu_0x1492308 -> pdu_0x1492fa0 -> pdu_0x1493c38 -> pdu_0x14948d0 -> pdu_0x1495568 -> pdu_0x1496200 -> pdu_0x1496e98 -> pdu_0x1497b30 -> pdu_0x14987c8 -> pdu_0x1499460 -> pdu_0x149a0f8 -> pdu_0x149ad90 -> pdu_0x149ba28 -> pdu_0x149c6c0 -> pdu_0x149d358 -> pdu_0x149dff0 -> pdu_0x149ec88 -> pdu_0x149f920 -> pdu_0x14a05b8 -> pdu_0x14a1250 -> pdu_0x14a1ee8 -> pdu_0x14a2b80 -> pdu_0x14a3818 -> pdu_0x14a44b0 -> pdu_0x14a5148 -> pdu_0x14a5de0 -> pdu_0x14a6a78 -> pdu_0x14a7710 -> pdu_0x14a83a8 -> pdu_0x14a9040 -> pdu_0x14a9cd8 -> pdu_0x14aa970 -> pdu_0x14ab608 -> pdu_0x14ac2a0 -> pdu_0x14acf38 -> pdu_0x14adbd0 -> pdu_0x14ae868 -> pdu_0x14af500 -> pdu_0x14b0198 -> pdu_0x14b0e30 -> pdu_0x14b1ac8 -> pdu_0x14b2760 -> pdu_0x14b33f8 -> pdu_0x14b4090 -> pdu_0x14b4d28 -> pdu_0x14b59c0 -> pdu_0x14b6658 -> pdu_0x14b72f0 -> pdu_0x14b7f88 -> pdu_0x14b8c20 -> pdu_0x14b98b8 -> pdu_0x14ba550 -> pdu_0x14bb1e8 -> pdu_0x14bbe80 -> pdu_0x14bcb18 -> pdu_0x14bd7b0 -> pdu_0x14be448 -> pdu_0x14bf0e0 -> pdu_0x14bfd78 -> pdu_0x14c0a10 -> pdu_0x14c16a8 -> pdu_0x14c2340 -> pdu_0x14c2fd8 -> pdu_0x14c3c70 -> pdu_0x14c4908 -> pdu_0x14c55a0 -> pdu_0x14c6238 -> pdu_0x14c6ed0 -> pdu_0x14c7b68 -> pdu_0x14c8800 -> pdu_0x14c9498 -> pdu_0x14ca130 -> pdu_0x14cadc8 -> pdu_0x14cba60 -> pdu_0x14cc6f8 -> pdu_0x14cd390 -> pdu_0x14ce028 -> pdu_0x14cecc0 -> pdu_0x14cf958 -> pdu_0x14d05f0 -> pdu_0x14d1288 -> pdu_0x14d1f20 -> pdu_0x14d2bb8 -> pdu_0x14d3850 -> pdu_0x14d44e8 -> pdu_0x14d5180 -> pdu_0x14d5e18 -> pdu_0x14d6ab0 -> pdu_0x14d7748 -> pdu_0x14d83e0 -> pdu_0x14d9078 -> pdu_0x14d9d10 -> pdu_0x14da9a8 -> pdu_0x14db640 -> pdu_0x14dc2d8 -> pdu_0x14dcf70 -> pdu_0x14ddc08 -> pdu_0x14de8a0 -> pdu_0x14df538 -> pdu_0x14e01d0 -> pdu_0x14e0e68 -> pdu_0x14e1b00 -> pdu_0x14e2798 -> pdu_0x14e3430 -> pdu_0x14e40c8 -> pdu_0x14e4d60 -> pdu_0x14e59f8 -> pdu_0x14e6690 -> pdu_0x14e7328 -> pdu_0x14e7fc0 -> pdu_0x14e8c58 -> pdu_0x14e98f0 -> pdu_0x14ea588 -> pdu_0x14eb220 -> pdu_0x14ebeb8 -> pdu_0x14ecb50 -> pdu_0x14ed7e8 -> pdu_0x14ee480 -> pdu_0x14ef118 -> pdu_0x14efdb0 -> pdu_0x14f0a48 -> pdu_0x14f16e0 -> pdu_0x14f2378 -> pdu_0x14f3010 -> pdu_0x14f3ca8 -> pdu_0x14f4940 -> pdu_0x14f55d8 -> pdu_0x14f6270 -> pdu_0x14f6f08 -> pdu_0x14f7ba0 -> pdu_0x14f8838 -> pdu_0x14f94d0 -> pdu_0x14fa168 -> pdu_0x14fae00 -> pdu_0x14fba98 -> pdu_0x14fc730 -> pdu_0x14fd3c8 -> pdu_0x14fe060 -> pdu_0x14fecf8 -> pdu_0x14ff990 -> pdu_0x1500628 -> pdu_0x15012c0 -> pdu_0x1501f58 -> pdu_0x1502bf0 -> pdu_0x1503888 -> pdu_0x1504520 -> pdu_0x15051b8 -> pdu_0x1505e50 -> pdu_0x1506ae8 -> pdu_0x1507780 -> pdu_0x1508418 -> pdu_0x15090b0 -> pdu_0x1509d48 -> pdu_0x150a9e0 -> pdu_0x150b678 -> pdu_0x150c310 -> pdu_0x150cfa8 -> pdu_0x150dc40 -> pdu_0x150e8d8 -> pdu_0x150f570 -> pdu_0x1510208 -> pdu_0x1510ea0 -> pdu_0x1511b38 -> pdu_0x15127d0 -> pdu_0x1513468 -> pdu_0x1514100 -> pdu_0x1514d98 -> pdu_0x1515a30 -> pdu_0x15166c8 -> pdu_0x1517360 -> pdu_0x1517ff8 -> pdu_0x1518c90 -> pdu_0x1519928 -> pdu_0x151a5c0 -> pdu_0x151b258 -> pdu_0x151bef0 -> pdu_0x151cb88 -> pdu_0x151d820 -> pdu_0x151e4b8 -> pdu_0x151f150 -> pdu_0x151fde8 -> pdu_0x1520a80 -> pdu_0x1521718 -> pdu_0x15223b0 -> pdu_0x1523048 -> pdu_0x1523ce0 -> pdu_0x1524978 -> pdu_0x1525610 -> pdu_0x15262a8 -> pdu_0x1526f40 -> pdu_0x1527bd8 -> pdu_0x1528870 -> pdu_0x1529508 -> pdu_0x152a1a0 -> pdu_0x152ae38 -> pdu_0x152bad0 -> pdu_0x152c768 -> pdu_0x152d400 -> pdu_0x152e098 -> pdu_0x152ed30 -> pdu_0x152f9c8 -> pdu_0x1530660 -> pdu_0x15312f8 -> pdu_0x1531f90 -> pdu_0x1532c28 -> pdu_0x15338c0 -> pdu_0x1534558 -> pdu_0x15351f0 -> pdu_0x1535e88 -> pdu_0x1536b20 -> pdu_0x15377b8 -> pdu_0x1538450 -> pdu_0x15390e8 -> pdu_0x1539d80 -> pdu_0x153aa18 -> pdu_0x153b6b0 -> pdu_0x153c348 -> pdu_0x153cfe0 -> pdu_0x153dc78 -> pdu_0x153e910 -> pdu_0x153f5a8 -> pdu_0x1540240 -> pdu_0x1540ed8 -> pdu_0x1541b70 -> pdu_0x1542808 -> pdu_0x15434a0 -> pdu_0x1544138 -> pdu_0x1544dd0 -> pdu_0x1545a68 -> pdu_0x1546700 -> pdu_0x1547398 -> pdu_0x1548030 -> pdu_0x1548cc8 -> pdu_0x1549960 -> pdu_0x154a5f8 -> pdu_0x154b290 -> pdu_0x154bf28 -> pdu_0x154cbc0 -> pdu_0x154d858 -> pdu_0x154e4f0 -> pdu_0x154f188 -> pdu_0x154fe20 -> pdu_0x1550ab8 -> pdu_0x1551750 -> pdu_0x15523e8 -> pdu_0x1553080 -> pdu_0x1553d18 -> pdu_0x15549b0 -> pdu_0x1555648 -> pdu_0x15562e0 -> pdu_0x1556f78 -> pdu_0x1557c10 -> pdu_0x15588a8 -> pdu_0x1559540 -> pdu_0x155a1d8 -> pdu_0x155ae70 -> pdu_0x155bb08 -> pdu_0x155c7a0 -> pdu_0x155d438 -> pdu_0x155e0d0 -> pdu_0x155ed68 -> pdu_0x155fa00 -> pdu_0x1560698 -> pdu_0x1561330 -> pdu_0x1561fc8 -> pdu_0x1562c60 -> pdu_0x15638f8 -> pdu_0x1564590 -> pdu_0x1565228 -> pdu_0x1565ec0 -> pdu_0x1566b58 -> pdu_0x15677f0 -> pdu_0x1568488 -> pdu_0x1569120 -> pdu_0x1569db8 -> pdu_0x156aa50 -> pdu_0x156b6e8 -> pdu_0x156c380 -> pdu_0x156d018 -> pdu_0x156dcb0 -> pdu_0x156e948 -> pdu_0x156f5e0 -> pdu_0x1570278 -> pdu_0x1570f10 -> pdu_0x1571ba8 -> pdu_0x1572840 -> pdu_0x15734d8 -> pdu_0x1574170 -> pdu_0x1574e08 -> pdu_0x1575aa0 -> pdu_0x1576738 -> pdu_0x15773d0 -> pdu_0x1578068 -> pdu_0x1578d00 -> pdu_0x1579998 -> pdu_0x157a630 -> pdu_0x157b2c8 -> pdu_0x157bf60 -> pdu_0x157cbf8 -> pdu_0x157d890 -> pdu_0x157e528 -> pdu_0x157f1c0 -> pdu_0x157fe58 -> pdu_0x1580af0 -> pdu_0x1581788 -> pdu_0x1582420 -> pdu_0x15830b8 -> pdu_0x1583d50 -> pdu_0x15849e8 -> pdu_0x1585680 -> pdu_0x1586318 -> pdu_0x1586fb0 -> pdu_0x1587c48 -> pdu_0x15888e0 -> pdu_0x1589578 -> pdu_0x158a210 -> pdu_0x158aea8 -> pdu_0x158bb40 -> pdu_0x158c7d8 -> pdu_0x158d470 -> pdu_0x158e108 -> pdu_0x158eda0 -> pdu_0x158fa38 -> pdu_0x15906d0 -> pdu_0x1591368 -> pdu_0x1592000 -> pdu_0x1592c98 -> pdu_0x1593930 -> pdu_0x15945c8 -> pdu_0x1595260 -> pdu_0x1595ef8 -> pdu_0x1596b90 -> pdu_0x1597828 -> pdu_0x15984c0 -> pdu_0x1599158 -> pdu_0x1599df0 -> pdu_0x159aa88 -> pdu_0x159b720 -> pdu_0x159c3b8 -> pdu_0x159d050 -> pdu_0x159dce8 -> pdu_0x159e980 -> pdu_0x159f618 -> pdu_0x15a02b0 -> pdu_0x15a0f48 -> pdu_0x15a1be0 -> pdu_0x15a2878 -> pdu_0x15a3510 -> pdu_0x15a41a8 -> pdu_0x15a4e40 -> pdu_0x15a5ad8 -> pdu_0x15a6770 -> pdu_0x15a7408 -> pdu_0x15a80a0 -> pdu_0x15a8d38 -> pdu_0x15a99d0 -> pdu_0x15aa668 -> pdu_0x15ab300 -> pdu_0x15abf98 -> pdu_0x15acc30 -> pdu_0x15ad8c8 -> pdu_0x15ae560 -> pdu_0x15af1f8 -> pdu_0x15afe90 -> pdu_0x15b0b28 -> pdu_0x15b17c0 -> pdu_0x15b2458 -> pdu_0x15b30f0 -> pdu_0x15b3d88 -> pdu_0x15b4a20 -> pdu_0x15b56b8 -> pdu_0x15b6350 -> pdu_0x15b6fe8 -> pdu_0x15b7c80 -> pdu_0x15b8918 -> pdu_0x15b95b0 -> pdu_0x15ba248 -> pdu_0x15baee0 -> pdu_0x15bbb78 -> pdu_0x15bc810 -> pdu_0x15bd4a8 -> pdu_0x15be140 -> pdu_0x15bedd8 -> pdu_0x15bfa70 -> pdu_0x15c0708 -> pdu_0x15c13a0 -> pdu_0x15c2038 -> pdu_0x15c2cd0 -> pdu_0x15c3968 -> pdu_0x15c4600 -> pdu_0x15c5298 -> pdu_0x15c5f30 -> pdu_0x15c6bc8 -> pdu_0x15c7860 -> pdu_0x15c84f8 -> pdu_0x15c9190 -> pdu_0x15c9e28 -> pdu_0x15caac0 -> pdu_0x15cb758 -> pdu_0x15cc3f0 -> pdu_0x15cd088 -> pdu_0x15cdd20 -> pdu_0x15ce9b8 -> pdu_0x15cf650 -> pdu_0x15d02e8 -> pdu_0x15d0f80 -> pdu_0x15d1c18 -> pdu_0x15d28b0 -> pdu_0x15d3548 -> pdu_0x15d41e0 -> pdu_0x15d4e78 -> pdu_0x15d5b10 -> pdu_0x15d67a8 -> pdu_0x15d7440 -> pdu_0x15d80d8 -> pdu_0x15d8d70 -> pdu_0x15d9a08 -> pdu_0x15da6a0 -> pdu_0x15db338 -> pdu_0x15dbfd0 -> pdu_0x15dcc68 -> pdu_0x15dd900 -> pdu_0x15de598 -> pdu_0x15df230 -> pdu_0x15dfec8 -> pdu_0x15e0b60 -> pdu_0x15e17f8 -> pdu_0x15e2490 -> pdu_0x15e3128 -> pdu_0x15e3dc0 -> pdu_0x15e4a58 -> pdu_0x15e56f0 -> pdu_0x15e6388 -> pdu_0x15e7020 -> pdu_0x15e7cb8 -> pdu_0x15e8950 -> pdu_0x15e95e8 -> pdu_0x15ea280 -> pdu_0x15eaf18 -> pdu_0x15ebbb0 -> pdu_0x15ec848 -> pdu_0x15ed4e0 -> pdu_0x15ee178 -> pdu_0x15eee10 -> pdu_0x15efaa8 -> pdu_0x15f0740 -> pdu_0x15f13d8 -> pdu_0x15f2070 -> pdu_0x15f2d08 -> pdu_0x15f39a0 -> pdu_0x15f4638 -> pdu_0x15f52d0 -> pdu_0x15f5f68 -> pdu_0x15f6c00 -> pdu_0x15f7898 -> pdu_0x15f8530 -> pdu_0x15f91c8 -> pdu_0x15f9e60 -> pdu_0x15faaf8 -> pdu_0x15fb790 -> pdu_0x15fc428 -> pdu_0x15fd0c0 -> pdu_0x15fdd58 -> pdu_0x15fe9f0 -> pdu_0x15ff688 -> pdu_0x1600320 -> pdu_0x1600fb8 -> pdu_0x1601c50 -> pdu_0x16028e8 -> pdu_0x1603580 -> pdu_0x1604218 -> pdu_0x1604eb0 -> pdu_0x1605b48 -> pdu_0x16067e0 -> pdu_0x1607478 -> pdu_0x1608110 -> pdu_0x1608da8 -> pdu_0x1609a40 -> pdu_0x160a6d8 -> pdu_0x160b370 -> pdu_0x160c008 -> pdu_0x160cca0 -> pdu_0x160d938 -> pdu_0x160e5d0 -> pdu_0x160f268 -> pdu_0x160ff00 -> pdu_0x1610b98 -> pdu_0x1611830 -> pdu_0x16124c8 -> pdu_0x1613160 -> pdu_0x1613df8 -> pdu_0x1614a90 -> pdu_0x1615728 -> pdu_0x16163c0 -> pdu_0x1617058 -> pdu_0x1617cf0 -> pdu_0x1618988 -> pdu_0x1619620 -> pdu_0x161a2b8 -> pdu_0x161af50 -> pdu_0x161bbe8 -> pdu_0x161c880 -> pdu_0x161d518 -> pdu_0x161e1b0 -> pdu_0x161ee48 -> pdu_0x161fae0 -> pdu_0x1620778 -> pdu_0x1621410 -> pdu_0x16220a8 -> pdu_0x1622d40 -> pdu_0x16239d8 -> pdu_0x1624670 -> pdu_0x1625308 -> pdu_0x1625fa0 -> pdu_0x1626c38 -> pdu_0x16278d0 -> pdu_0x1628568 -> pdu_0x1629200 -> pdu_0x1629e98 -> pdu_0x162ab30 -> pdu_0x162b7c8 -> pdu_0x162c460 -> pdu_0x162d0f8 -> pdu_0x162dd90 -> pdu_0x162ea28 -> pdu_0x162f6c0 -> pdu_0x1630358 -> pdu_0x1630ff0 -> pdu_0x1631c88 -> pdu_0x1632920 -> pdu_0x16335b8 -> pdu_0x1634250 -> pdu_0x1634ee8 -> pdu_0x1635b80 -> pdu_0x1636818 -> pdu_0x16374b0 -> pdu_0x1638148 -> pdu_0x1638de0 -> pdu_0x1639a78 -> pdu_0x163a710 -> pdu_0x163b3a8 -> pdu_0x163c040 -> pdu_0x163ccd8 -> pdu_0x163d970 -> pdu_0x163e608 -> pdu_0x163f2a0 -> pdu_0x163ff38 -> pdu_0x1640bd0 -> pdu_0x1641868 -> pdu_0x1642500 -> pdu_0x1643198 -> pdu_0x1643e30 -> pdu_0x1644ac8 -> pdu_0x1645760 -> pdu_0x16463f8 -> pdu_0x1647090 -> pdu_0x1647d28 -> pdu_0x16489c0 -> pdu_0x1649658 -> pdu_0x164a2f0 -> pdu_0x164af88 -> pdu_0x164bc20 -> pdu_0x164c8b8 -> pdu_0x164d550 -> pdu_0x164e1e8 -> pdu_0x164ee80 -> pdu_0x164fb18 -> pdu_0x16507b0 -> pdu_0x1651448 -> pdu_0x16520e0 -> pdu_0x1652d78 -> pdu_0x1653a10 -> pdu_0x16546a8 -> pdu_0x1655340 -> pdu_0x1655fd8 -> pdu_0x1656c70 -> pdu_0x1657908 -> pdu_0x16585a0 -> pdu_0x1659238 -> pdu_0x1659ed0 -> pdu_0x165ab68 -> pdu_0x165b800 -> pdu_0x165c498 -> pdu_0x165d130 -> pdu_0x165ddc8 -> pdu_0x165ea60 -> pdu_0x165f6f8 -> pdu_0x1660390 -> pdu_0x1661028 -> pdu_0x1661cc0 -> pdu_0x1662958 -> pdu_0x16635f0 -> pdu_0x1664288 -> pdu_0x1664f20 -> pdu_0x1665bb8 -> pdu_0x1666850 -> pdu_0x16674e8 -> pdu_0x1668180 -> pdu_0x1668e18 -> pdu_0x1669ab0 -> pdu_0x166a748 -> pdu_0x166b3e0 -> pdu_0x166c078 -> pdu_0x166cd10 -> pdu_0x166d9a8 -> pdu_0x166e640 -> pdu_0x166f2d8 -> pdu_0x166ff70 -> pdu_0x1670c08 -> pdu_0x16718a0 -> pdu_0x1672538 -> pdu_0x16731d0 -> pdu_0x1673e68 -> pdu_0x1674b00 -> pdu_0x1675798 -> pdu_0x1676430 -> pdu_0x16770c8 -> pdu_0x1677d60 -> pdu_0x16789f8 -> pdu_0x1679690 -> pdu_0x167a328 -> pdu_0x167afc0 -> pdu_0x167bc58 -> pdu_0x167c8f0 -> pdu_0x167d588 -> pdu_0x167e220 -> pdu_0x167eeb8 -> pdu_0x167fb50 -> pdu_0x16807e8 -> pdu_0x1681480 -> pdu_0x1682118 -> pdu_0x1682db0 -> pdu_0x1683a48 -> pdu_0x16846e0 -> pdu_0x1685378 -> pdu_0x1686010 -> pdu_0x1686ca8 -> pdu_0x1687940 -> pdu_0x16885d8 -> pdu_0x1689270 -> pdu_0x1689f08 -> pdu_0x168aba0 -> pdu_0x168b838 -> pdu_0x168c4d0 -> pdu_0x168d168 -> pdu_0x168de00 -> pdu_0x168ea98 -> pdu_0x168f730 -> pdu_0x16903c8 -> pdu_0x1691060 -> pdu_0x1691cf8 -> pdu_0x1692990 -> pdu_0x1693628 -> pdu_0x16942c0 -> pdu_0x1694f58 -> pdu_0x1695bf0 -> pdu_0x1696888 -> pdu_0x1697520 -> pdu_0x16981b8 -> pdu_0x1698e50 -> pdu_0x1699ae8 -> pdu_0x169a780 -> pdu_0x169b418 -> pdu_0x169c0b0 -> pdu_0x169cd48 -> pdu_0x169d9e0 -> pdu_0x169e678 -> pdu_0x169f310 -> pdu_0x169ffa8 -> pdu_0x16a0c40 -> pdu_0x16a18d8 -> pdu_0x16a2570 -> pdu_0x16a3208 -> pdu_0x16a3ea0 -> pdu_0x16a4b38 -> pdu_0x16a57d0 -> pdu_0x16a6468 -> pdu_0x16a7100 -> pdu_0x16a7d98 -> pdu_0x16a8a30 -> pdu_0x16a96c8 -> pdu_0x16aa360 -> pdu_0x16aaff8 -> pdu_0x16abc90 -> pdu_0x16ac928 -> pdu_0x16ad5c0 -> pdu_0x16ae258 -> pdu_0x16aeef0 -> pdu_0x16afb88 -> pdu_0x16b0820 -> pdu_0x16b14b8 -> pdu_0x16b2150 -> pdu_0x16b2de8 -> pdu_0x16b3a80 -> pdu_0x16b4718 -> pdu_0x16b53b0 -> pdu_0x16b6048 -> pdu_0x16b6ce0 -> pdu_0x16b7978 -> pdu_0x16b8610 -> pdu_0x16b92a8 -> pdu_0x16b9f40 -> pdu_0x16babd8 -> pdu_0x16bb870 -> pdu_0x16bc508 -> pdu_0x16bd1a0 -> pdu_0x16bde38 -> pdu_0x16bead0 -> pdu_0x16bf768 -> pdu_0x16c0400 -> pdu_0x16c1098 -> pdu_0x16c1d30 -> pdu_0x16c29c8 -> pdu_0x16c3660 -> pdu_0x16c42f8 -> pdu_0x16c4f90 -> pdu_0x16c5c28 -> pdu_0x16c68c0 -> pdu_0x16c7558 -> pdu_0x16c81f0 -> pdu_0x16c8e88 -> pdu_0x16c9b20 -> pdu_0x16ca7b8 -> pdu_0x16cb450 -> pdu_0x16cc0e8 -> pdu_0x16ccd80 -> pdu_0x16cda18 -> pdu_0x16ce6b0 -> pdu_0x16cf348 -> pdu_0x16cffe0 -> pdu_0x16d0c78 -> pdu_0x16d1910 -> pdu_0x16d25a8 -> pdu_0x16d3240 -> pdu_0x16d3ed8 -> pdu_0x16d4b70 -> pdu_0x16d5808 -> pdu_0x16d64a0 -> pdu_0x16d7138 -> pdu_0x16d7dd0 -> pdu_0x16d8a68 -> pdu_0x16d9700 -> pdu_0x16da398 -> pdu_0x16db030 -> pdu_0x16dbcc8 -> pdu_0x16dc960 -> pdu_0x16dd5f8 -> pdu_0x16de290 -> pdu_0x16def28 -> pdu_0x16dfbc0 -> pdu_0x16e0858 -> pdu_0x16e14f0 -> pdu_0x16e2188 -> pdu_0x16e2e20 -> pdu_0x16e3ab8 -> pdu_0x16e4750 -> pdu_0x16e53e8 -> pdu_0x16e6080 -> pdu_0x16e6d18 -> pdu_0x16e79b0 -> pdu_0x16e8648 -> pdu_0x16e92e0 -> pdu_0x16e9f78 -> pdu_0x16eac10 -> pdu_0x16eb8a8 -> pdu_0x16ec540 -> pdu_0x16ed1d8 -> pdu_0x16ede70 -> pdu_0x16eeb08 -> pdu_0x16ef7a0 -> pdu_0x16f0438 -> pdu_0x16f10d0 -> pdu_0x16f1d68 -> pdu_0x16f2a00 -> pdu_0x16f3698 -> pdu_0x16f4330 -> pdu_0x16f4fc8 -> pdu_0x16f5c60 -> pdu_0x16f68f8 -> pdu_0x16f7590 -> pdu_0x16f8228 -> pdu_0x16f8ec0 -> pdu_0x16f9b58 -> pdu_0x16fa7f0 -> pdu_0x16fb488 -> pdu_0x16fc120 -> pdu_0x16fcdb8 -> pdu_0x16fda50 -> pdu_0x16fe6e8 -> pdu_0x16ff380 -> pdu_0x1700018 -> pdu_0x1700cb0 -> pdu_0x1701948 -> pdu_0x17025e0 -> pdu_0x1703278 -> pdu_0x1703f10 -> pdu_0x1704ba8 -> pdu_0x1705840 -> pdu_0x17064d8 -> pdu_0x1707170 -> pdu_0x1707e08 -> pdu_0x1708aa0 -> pdu_0x1709738 -> pdu_0x170a3d0 -> pdu_0x170b068 -> pdu_0x170bd00 -> pdu_0x170c998 -> pdu_0x170d630 -> pdu_0x170e2c8 -> pdu_0x170ef60 -> pdu_0x170fbf8 -> pdu_0x1710890 -> pdu_0x1711528 -> pdu_0x17121c0 -> pdu_0x1712e58 -> pdu_0x1713af0 -> pdu_0x1714788 -> pdu_0x1715420 -> pdu_0x17160b8 -> pdu_0x1716d50 -> pdu_0x17179e8 -> pdu_0x1718680 -> pdu_0x1719318 -> pdu_0x1719fb0 -> pdu_0x171ac48 -> pdu_0x171b8e0 -> pdu_0x171c578 -> pdu_0x171d210 -> pdu_0x171dea8 -> pdu_0x171eb40 -> pdu_0x171f7d8 -> pdu_0x1720470 -> pdu_0x1721108 -> pdu_0x1721da0 -> pdu_0x1722a38 -> pdu_0x17236d0 -> pdu_0x1724368 -> pdu_0x1725000 -> pdu_0x1725c98 -> pdu_0x1726930 -> pdu_0x17275c8 -> pdu_0x1728260 -> pdu_0x1728ef8 -> pdu_0x1729b90 -> pdu_0x172a828 -> pdu_0x172b4c0 -> pdu_0x172c158 -> pdu_0x172cdf0 -> pdu_0x172da88 -> pdu_0x172e720 -> pdu_0x172f3b8 -> pdu_0x1730050 -> pdu_0x1730ce8 -> pdu_0x1731980 -> pdu_0x1732618 -> pdu_0x17332b0 -> pdu_0x1733f48 -> pdu_0x1734be0 -> pdu_0x1735878 -> pdu_0x1736510 -> pdu_0x17371a8 -> pdu_0x1737e40 -> pdu_0x1738ad8 -> pdu_0x1739770 -> pdu_0x173a408 -> pdu_0x173b0a0 -> pdu_0x173bd38 -> pdu_0x173c9d0 -> pdu_0x173d668 -> pdu_0x173e300 -> pdu_0x173ef98 -> pdu_0x173fc30 -> pdu_0x17408c8 -> pdu_0x1741560 -> pdu_0x17421f8 -> pdu_0x1742e90 -> pdu_0x1743b28 -> pdu_0x17447c0 -> pdu_0x1745458 -> pdu_0x17460f0 -> pdu_0x1746d88 -> pdu_0x1747a20 -> pdu_0x17486b8 -> pdu_0x1749350 -> pdu_0x1749fe8 -> pdu_0x174ac80 -> pdu_0x174b918 -> pdu_0x174c5b0 -> pdu_0x174d248 -> pdu_0x174dee0 -> pdu_0x174eb78 -> pdu_0x174f810 -> pdu_0x17504a8 -> pdu_0x1751140 -> pdu_0x1751dd8 -> pdu_0x1752a70 -> pdu_0x1753708 -> pdu_0x17543a0 -> pdu_0x1755038 -> pdu_0x1755cd0 -> pdu_0x1756968 -> pdu_0x1757600 -> pdu_0x1758298 -> pdu_0x1758f30 -> pdu_0x1759bc8 -> pdu_0x175a860 -> pdu_0x175b4f8 -> pdu_0x175c190 -> pdu_0x175ce28 -> pdu_0x175dac0 -> pdu_0x175e758 -> pdu_0x175f3f0 -> pdu_0x1760088 -> pdu_0x1760d20 -> pdu_0x17619b8 -> pdu_0x1762650 -> pdu_0x17632e8 -> pdu_0x1763f80 -> pdu_0x1764c18 -> pdu_0x17658b0 -> pdu_0x1766548 -> pdu_0x17671e0 -> pdu_0x1767e78 -> pdu_0x1768b10 -> pdu_0x17697a8 -> pdu_0x176a440 -> pdu_0x176b0d8 -> pdu_0x176bd70 -> pdu_0x176ca08 -> pdu_0x176d6a0 -> pdu_0x176e338 -> pdu_0x176efd0 -> pdu_0x176fc68 -> pdu_0x1770900 -> pdu_0x1771598 -> pdu_0x1772230 -> pdu_0x1772ec8 -> pdu_0x1773b60 -> pdu_0x17747f8 -> pdu_0x1775490 -> pdu_0x1776128 -> pdu_0x1776dc0 -> pdu_0x1777a58 -> pdu_0x17786f0 -> pdu_0x1779388 -> pdu_0x177a020 -> pdu_0x177acb8 -> pdu_0x177b950 -> pdu_0x177c5e8 -> pdu_0x177d280 -> pdu_0x177df18 -> pdu_0x177ebb0 -> pdu_0x177f848 -> pdu_0x17804e0 -> pdu_0x1781178 -> pdu_0x1781e10 -> pdu_0x1782aa8 -> pdu_0x1783740 -> pdu_0x17843d8 -> pdu_0x1785070 -> pdu_0x1785d08 -> pdu_0x17869a0 -> pdu_0x1787638 -> pdu_0x17882d0 -> pdu_0x1788f68 -> pdu_0x1789c00 -> pdu_0x178a898 -> pdu_0x178b530 -> pdu_0x178c1c8 -> pdu_0x178ce60 -> pdu_0x178daf8 -> pdu_0x178e790 -> pdu_0x178f428 -> pdu_0x17900c0 -> pdu_0x1790d58 -> pdu_0x17919f0 -> pdu_0x1792688 -> pdu_0x1793320 -> pdu_0x1793fb8 -> pdu_0x1794c50 -> pdu_0x17958e8 -> pdu_0x1796580 -> pdu_0x1797218 -> pdu_0x1797eb0 -> pdu_0x1798b48 -> pdu_0x17997e0 -> pdu_0x179a478 -> pdu_0x179b110 -> pdu_0x179bda8 -> pdu_0x179ca40 -> pdu_0x179d6d8 -> pdu_0x179e370 -> pdu_0x179f008 -> pdu_0x179fca0 -> pdu_0x17a0938 -> pdu_0x17a15d0 -> pdu_0x17a2268 -> pdu_0x17a2f00 -> pdu_0x17a3b98 -> pdu_0x17a4830 -> pdu_0x17a54c8 -> pdu_0x17a6160 -> pdu_0x17a6df8 -> pdu_0x17a7a90 -> pdu_0x17a8728 -> pdu_0x17a93c0 -> pdu_0x17aa058 -> pdu_0x17aacf0 -> pdu_0x17ab988 -> pdu_0x17ac620 -> pdu_0x17ad2b8 -> pdu_0x17adf50 -> pdu_0x17aebe8 -> pdu_0x17af880 -> pdu_0x17b0518 -> pdu_0x17b11b0 -> pdu_0x17b1e48 -> pdu_0x17b2ae0 -> pdu_0x17b3778 -> pdu_0x17b4410 -> pdu_0x17b50a8 -> pdu_0x17b5d40 -> pdu_0x17b69d8 -> pdu_0x17b7670 -> pdu_0x17b8308 -> pdu_0x17b8fa0 -> pdu_0x17b9c38 -> pdu_0x17ba8d0 -> pdu_0x17bb568 -> pdu_0x17bc200 -> pdu_0x17bce98 -> pdu_0x17bdb30 -> pdu_0x17be7c8 -> pdu_0x17bf460 -> pdu_0x17c00f8 -> pdu_0x17c0d90 -> pdu_0x17c1a28 -> pdu_0x17c26c0 -> pdu_0x17c3358 -> pdu_0x17c3ff0 -> pdu_0x17c4c88 -> pdu_0x17c5920 -> pdu_0x17c65b8 -> pdu_0x17c7250 -> pdu_0x17c7ee8 -> pdu_0x17c8b80 -> pdu_0x17c9818 -> pdu_0x17ca4b0 -> pdu_0x17cb148 -> pdu_0x17cbde0 -> pdu_0x17cca78 -> pdu_0x17cd710 -> pdu_0x17ce3a8 -> pdu_0x17cf040 -> pdu_0x17cfcd8 -> pdu_0x17d0970 -> pdu_0x17d1608 -> pdu_0x17d22a0 -> pdu_0x17d2f38 -> pdu_0x17d3bd0 -> pdu_0x17d4868 -> pdu_0x17d5500 -> pdu_0x17d6198 -> pdu_0x17d6e30 -> pdu_0x17d7ac8 -> pdu_0x17d8760 -> pdu_0x17d93f8 -> pdu_0x17da090 -> pdu_0x17dad28 -> pdu_0x17db9c0 -> pdu_0x17dc658 -> pdu_0x17dd2f0 -> pdu_0x17ddf88 -> pdu_0x17dec20 -> pdu_0x17df8b8 -> pdu_0x17e0550 -> pdu_0x17e11e8 -> pdu_0x17e1e80 -> pdu_0x17e2b18 -> pdu_0x17e37b0 -> pdu_0x17e4448 -> pdu_0x17e50e0 -> pdu_0x17e5d78 -> pdu_0x17e6a10 -> pdu_0x17e76a8 -> pdu_0x17e8340 -> pdu_0x17e8fd8 -> pdu_0x17e9c70 -> pdu_0x17ea908 -> pdu_0x17eb5a0 -> pdu_0x17ec238 -> pdu_0x17eced0 -> pdu_0x17edb68 -> pdu_0x17ee800 -> pdu_0x17ef498 -> pdu_0x17f0130 -> pdu_0x17f0dc8 -> pdu_0x17f1a60 -> pdu_0x17f26f8 -> pdu_0x17f3390 -> pdu_0x17f4028 -> pdu_0x17f4cc0 -> pdu_0x17f5958 -> pdu_0x17f65f0 -> pdu_0x17f7288 -> pdu_0x17f7f20 -> pdu_0x17f8bb8 -> pdu_0x17f9850 -> pdu_0x17fa4e8 -> pdu_0x17fb180 -> pdu_0x17fbe18 -> pdu_0x17fcab0 -> pdu_0x17fd748 -> pdu_0x17fe3e0 -> pdu_0x17ff078 -> pdu_0x17ffd10 -> pdu_0x18009a8 -> pdu_0x1801640 -> pdu_0x18022d8 -> pdu_0x1802f70 -> pdu_0x1803c08 -> pdu_0x18048a0 -> pdu_0x1805538 -> pdu_0x18061d0 -> pdu_0x1806e68 -> pdu_0x1807b00 -> pdu_0x1808798 -> pdu_0x1809430 -> pdu_0x180a0c8 -> pdu_0x180ad60 -> pdu_0x180b9f8 -> pdu_0x180c690 -> pdu_0x180d328 -> pdu_0x180dfc0 -> pdu_0x180ec58 -> pdu_0x180f8f0 -> pdu_0x1810588 -> pdu_0x1811220 -> pdu_0x1811eb8 -> pdu_0x1812b50 -> pdu_0x18137e8 -> pdu_0x1814480 -> pdu_0x1815118 -> pdu_0x1815db0 -> pdu_0x1816a48 -> pdu_0x18176e0 -> pdu_0x1818378 -> pdu_0x1819010 -> pdu_0x1819ca8 -> pdu_0x181a940 -> pdu_0x181b5d8 -> pdu_0x181c270 -> pdu_0x181cf08 -> pdu_0x181dba0 -> pdu_0x181e838 -> pdu_0x181f4d0 -> pdu_0x1820168 -> pdu_0x1820e00 -> pdu_0x1821a98 -> pdu_0x1822730 -> pdu_0x18233c8 -> pdu_0x1824060 -> pdu_0x1824cf8 -> pdu_0x1825990 -> pdu_0x1826628 -> pdu_0x18272c0 -> pdu_0x1827f58 -> pdu_0x1828bf0 -> pdu_0x1829888 -> pdu_0x182a520 -> pdu_0x182b1b8 -> pdu_0x182be50 -> pdu_0x182cae8 -> pdu_0x182d780 -> pdu_0x182e418 -> pdu_0x182f0b0 -> pdu_0x182fd48 -> pdu_0x18309e0 -> pdu_0x1831678 -> pdu_0x1832310 -> pdu_0x1832fa8 -> pdu_0x1833c40 -> pdu_0x18348d8 -> pdu_0x1835570 -> pdu_0x1836208 -> pdu_0x1836ea0 -> pdu_0x1837b38 -> pdu_0x18387d0 -> pdu_0x1839468 -> pdu_0x183a100 -> pdu_0x183ad98 -> pdu_0x183ba30 -> pdu_0x183c6c8 -> pdu_0x183d360 -> pdu_0x183dff8 -> pdu_0x183ec90 -> pdu_0x183f928 -> pdu_0x18405c0 -> pdu_0x1841258 -> pdu_0x1841ef0 -> pdu_0x1842b88 -> pdu_0x1843820 -> pdu_0x18444b8 -> pdu_0x1845150 -> pdu_0x1845de8 -> pdu_0x1846a80 -> pdu_0x1847718 -> pdu_0x18483b0 -> pdu_0x1849048 -> pdu_0x1849ce0 -> pdu_0x184a978 -> pdu_0x184b610 -> pdu_0x184c2a8 -> pdu_0x184cf40 -> pdu_0x184dbd8 -> pdu_0x184e870 -> pdu_0x184f508 -> pdu_0x18501a0 -> pdu_0x1850e38 -> pdu_0x1851ad0 -> pdu_0x1852768 -> pdu_0x1853400 -> pdu_0x1854098 -> pdu_0x1854d30 -> pdu_0x18559c8 -> pdu_0x1856660 -> pdu_0x18572f8 -> pdu_0x1857f90 -> pdu_0x1858c28 -> pdu_0x18598c0 -> pdu_0x185a558 -> pdu_0x185b1f0 -> pdu_0x185be88 -> pdu_0x185cb20 -> pdu_0x185d7b8 -> pdu_0x185e450 -> pdu_0x185f0e8 -> pdu_0x185fd80 -> pdu_0x1860a18 -> pdu_0x18616b0 -> pdu_0x1862348 -> pdu_0x1862fe0 -> pdu_0x1863c78 -> pdu_0x1864910 -> pdu_0x18655a8 -> pdu_0x1866240 -> pdu_0x1866ed8 -> pdu_0x1867b70 -> pdu_0x1868808 -> pdu_0x18694a0 -> pdu_0x186a138 -> pdu_0x186add0 -> pdu_0x186ba68 -> pdu_0x186c700 -> pdu_0x186d398 -> pdu_0x186e030 -> pdu_0x186ecc8 -> pdu_0x186f960 -> pdu_0x18705f8 -> pdu_0x1871290 -> pdu_0x1871f28 -> pdu_0x1872bc0 -> pdu_0x1873858 -> pdu_0x18744f0 -> pdu_0x1875188 -> pdu_0x1875e20 -> pdu_0x1876ab8 -> pdu_0x1877750 -> pdu_0x18783e8 -> pdu_0x1879080 -> pdu_0x1879d18 -> pdu_0x187a9b0 -> pdu_0x187b648 -> pdu_0x187c2e0 -> pdu_0x187cf78 -> pdu_0x187dc10 -> pdu_0x187e8a8 -> pdu_0x187f540 -> pdu_0x18801d8 -> pdu_0x1880e70 -> pdu_0x1881b08 -> pdu_0x18827a0 -> pdu_0x1883438 -> pdu_0x18840d0 -> pdu_0x1884d68 -> pdu_0x1885a00 -> pdu_0x1886698 -> pdu_0x1887330 -> pdu_0x1887fc8 -> pdu_0x1888c60 -> pdu_0x18898f8 -> pdu_0x188a590 -> pdu_0x188b228 -> pdu_0x188bec0 -> pdu_0x188cb58 -> pdu_0x188d7f0 -> pdu_0x188e488 -> pdu_0x188f120 -> pdu_0x188fdb8 -> pdu_0x1890a50 -> pdu_0x18916e8 -> pdu_0x1892380 -> pdu_0x1893018 -> pdu_0x1893cb0 -> pdu_0x1894948 -> pdu_0x18955e0 -> pdu_0x1896278 -> pdu_0x1896f10 -> pdu_0x1897ba8 -> pdu_0x1898840 -> pdu_0x18994d8 -> pdu_0x189a170 -> pdu_0x189ae08 -> pdu_0x189baa0 -> pdu_0x189c738 -> pdu_0x189d3d0 -> pdu_0x189e068 -> pdu_0x189ed00 -> pdu_0x189f998 -> pdu_0x18a0630 -> pdu_0x18a12c8 -> pdu_0x18a1f60 -> pdu_0x18a2bf8 -> pdu_0x18a3890 -> pdu_0x18a4528 -> pdu_0x18a51c0 -> pdu_0x18a5e58 -> pdu_0x18a6af0 -> pdu_0x18a7788 -> pdu_0x18a8420 -> pdu_0x18a90b8 -> pdu_0x18a9d50 -> pdu_0x18aa9e8 -> pdu_0x18ab680 -> pdu_0x18ac318 -> pdu_0x18acfb0 -> pdu_0x18adc48 -> pdu_0x18ae8e0 -> pdu_0x18af578 -> pdu_0x18b0210 -> pdu_0x18b0ea8 -> pdu_0x18b1b40 -> pdu_0x18b27d8 -> pdu_0x18b3470 -> pdu_0x18b4108 -> pdu_0x18b4da0 -> pdu_0x18b5a38 -> pdu_0x18b66d0 -> pdu_0x18b7368 -> pdu_0x18b8000 -> pdu_0x18b8c98 -> pdu_0x18b9930 -> pdu_0x18ba5c8 -> pdu_0x18bb260 -> pdu_0x18bbef8 -> pdu_0x18bcb90 -> pdu_0x18bd828 -> pdu_0x18be4c0 -> pdu_0x18bf158 -> pdu_0x18bfdf0 -> pdu_0x18c0a88 -> pdu_0x18c1720 -> pdu_0x18c23b8 -> pdu_0x18c3050 -> pdu_0x18c3ce8 -> pdu_0x18c4980 -> pdu_0x18c5618 -> pdu_0x18c62b0 -> pdu_0x18c6f48 -> pdu_0x18c7be0 -> pdu_0x18c8878 -> pdu_0x18c9510 -> pdu_0x18ca1a8 -> pdu_0x18cae40 -> pdu_0x18cbad8 -> pdu_0x18cc770 -> pdu_0x18cd408 -> pdu_0x18ce0a0 -> pdu_0x18ced38 -> pdu_0x18cf9d0 -> pdu_0x18d0668 -> pdu_0x18d1300 -> pdu_0x18d1f98 -> pdu_0x18d2c30 [label=free_pdus];
Data structure dump 3341
----------------------
hit_0xbfb6b2f8 [label="tid_a3e1830"];
hit_0xbfb6b2f8  // free_pdus
-> pdu_0xe902d8  // (ACK
)
-> pdu_0xe90f70  // (CONN)
[label=free_pdus];
Hit structure dump 2
======================
