SUBS() got RECEIPT 0
test(2,10,20)
test(1,10,20)
test(5,10,20)
test(0,10,20)
test(7,10,20)
test(4,10,20)
test(8,10,20)
test(3,10,20)
test(9,10,20)
test(6,10,20)
test(2,10,19)
test(1,10,19)
test(5,10,19)
test(0,10,19)
test(7,10,19)
test(7,10,18)
test(7,10,17)
test(4,10,19)
test(8,10,19)
test(3,10,19)
test(9,10,19)
test(6,10,19)
test(2,10,18)
test(1,10,18)
test(5,10,18)
test(0,10,18)
test(0,10,17)
test(7,10,16)
test(4,10,18)
test(8,10,18)
test(3,10,18)
test(9,10,18)
test(6,10,18)
test(2,10,17)
test(1,10,17)
test(5,10,17)
test(0,10,16)
test(7,10,15)
test(4,10,17)
test(8,10,17)
test(3,10,17)
test(9,10,17)
test(6,10,17)
test(2,10,16)
test(1,10,16)
test(5,10,16)
test(0,10,15)
test(7,10,14)
test(7,10,13)
test(4,10,16)
test(4,10,15)
test(4,10,14)
test(8,10,16)
test(3,10,16)
test(3,10,15)
test(9,10,16)
test(6,10,16)
test(2,10,15)
test(1,10,15)
test(5,10,15)
test(0,10,14)
test(7,10,12)
test(4,10,13)
test(8,10,15)
test(3,10,14)
test(9,10,15)
test(6,10,15)
test(2,10,14)
test(1,10,14)
test(5,10,14)
test(0,10,13)
test(0,10,12)
test(7,10,11)
test(7,10,10)
test(4,10,12)
test(4,10,11)
test(4,10,10)
test(8,10,14)
test(3,10,13)
test(9,10,14)
test(9,10,13)
test(6,10,14)
test(2,10,13)
test(1,10,13)
test(5,10,13)
test(0,10,11)
test(7,10,9)
test(4,10,9)
test(8,10,13)
test(3,10,12)
test(9,10,12)
test(6,10,13)
test(2,10,12)
test(1,10,12)
test(5,10,12)
test(0,10,10)
test(7,10,8)
test(4,10,8)
test(4,10,7)
test(8,10,12)
test(3,10,11)
test(9,10,11)
test(6,10,12)
test(2,10,11)
test(1,10,11)
test(5,10,11)
test(0,10,9)
test(7,10,7)
test(4,10,6)
test(8,10,11)
test(3,10,10)
test(9,10,10)
test(6,10,11)
test(2,10,10)
test(1,10,10)
test(5,10,10)
test(0,10,8)
test(7,10,6)
test(4,10,5)
test(4,10,4)
test(8,10,10)
test(8,10,9)
test(3,10,9)
test(9,10,9)
test(6,10,10)
test(2,10,9)
test(1,10,9)
test(5,10,9)
test(0,10,7)
test(7,10,5)
test(4,10,3)
test(8,10,8)
test(3,10,8)
test(9,10,8)
test(6,10,9)
test(2,10,8)
test(1,10,8)
test(5,10,8)
test(0,10,6)
test(0,10,5)
test(7,10,4)
test(7,10,3)
test(4,10,2)
test(4,10,1)
test(8,10,7)
test(3,10,7)
test(9,10,7)
test(6,10,8)
test(2,10,7)
test(1,10,7)
test(5,10,7)
test(5,10,6)
test(5,10,5)
test(0,10,4)
test(7,10,2)
test(8,10,6)
test(3,10,6)
test(9,10,6)
test(6,10,7)
test(2,10,6)
test(1,10,6)
test(5,10,4)
test(0,10,3)
test(7,10,1)
test(8,10,5)
test(8,10,4)
test(8,10,3)
test(3,10,5)
test(3,10,4)
test(3,10,3)
test(3,10,2)
test(9,10,5)
test(6,10,6)
test(2,10,5)
test(1,10,5)
test(5,10,3)
test(0,10,2)
test(8,10,2)
test(3,10,1)
test(9,10,4)
test(6,10,5)
test(2,10,4)
test(1,10,4)
test(5,10,2)
test(0,10,1)
test(4,9,20)
test(8,10,1)
test(9,10,3)
test(6,10,4)
test(2,10,3)
test(1,10,3)
test(7,9,20)
test(7,9,19)
test(5,10,1)
test(4,9,19)
test(9,10,2)
test(6,10,3)
test(2,10,2)
test(1,10,2)
test(7,9,18)
test(4,9,18)
test(9,10,1)
test(6,10,2)
test(2,10,1)
test(1,10,1)
test(7,9,17)
test(4,9,17)
test(3,9,20)
test(6,10,1)
test(0,9,20)
test(0,9,19)
test(7,9,16)
test(7,9,15)
test(7,9,14)
test(4,9,16)
test(3,9,19)
test(8,9,20)
test(5,9,20)
test(5,9,19)
test(5,9,18)
test(5,9,17)
test(0,9,18)
test(7,9,13)
test(4,9,15)
test(3,9,18)
test(2,9,20)
test(8,9,19)
test(9,9,20)
test(5,9,16)
test(5,9,15)
test(0,9,17)
test(7,9,12)
test(4,9,14)
test(3,9,17)
test(2,9,19)
test(1,9,20)
test(8,9,18)
test(8,9,17)
test(6,9,20)
test(9,9,19)
test(5,9,14)
test(0,9,16)
test(7,9,11)
test(4,9,13)
test(3,9,16)
test(2,9,18)
test(1,9,19)
test(8,9,16)
test(6,9,19)
test(9,9,18)
test(5,9,13)
test(0,9,15)
test(7,9,10)
test(4,9,12)
test(3,9,15)
test(2,9,17)
test(1,9,18)
test(8,9,15)
test(6,9,18)
test(9,9,17)
test(5,9,12)
test(0,9,14)
test(7,9,9)
test(4,9,11)
test(3,9,14)
test(2,9,16)
test(1,9,17)
test(8,9,14)
test(8,9,13)
test(6,9,17)
test(6,9,16)
test(9,9,16)
test(5,9,11)
test(5,9,10)
test(5,9,9)
test(0,9,13)
test(7,9,8)
test(4,9,10)
test(3,9,13)
test(2,9,15)
test(1,9,16)
test(1,9,15)
test(8,9,12)
test(6,9,15)
test(9,9,15)
test(5,9,8)
test(0,9,12)
test(7,9,7)
test(4,9,9)
test(3,9,12)
test(2,9,14)
test(1,9,14)
test(1,9,13)
test(1,9,12)
test(1,9,11)
test(1,9,10)
test(8,9,11)
test(6,9,14)
test(6,9,13)
test(9,9,14)
test(5,9,7)
test(0,9,11)
test(7,9,6)
test(4,9,8)
test(3,9,11)
test(2,9,13)
test(1,9,9)
test(8,9,10)
test(8,9,9)
test(6,9,12)
test(9,9,13)
test(5,9,6)
test(0,9,10)
test(7,9,5)
test(4,9,7)
test(3,9,10)
test(2,9,12)
test(1,9,8)
test(8,9,8)
test(6,9,11)
test(9,9,12)
test(9,9,11)
test(5,9,5)
test(5,9,4)
test(0,9,9)
test(7,9,4)
test(4,9,6)
test(3,9,9)
test(2,9,11)
test(1,9,7)
test(8,9,7)
test(6,9,10)
test(9,9,10)
test(5,9,3)
test(0,9,8)
test(7,9,3)
test(4,9,5)
test(3,9,8)
test(2,9,10)
test(1,9,6)
test(8,9,6)
test(6,9,9)
test(6,9,8)
test(6,9,7)
test(9,9,9)
test(5,9,2)
test(0,9,7)
test(7,9,2)
test(7,9,1)
test(4,9,4)
test(3,9,7)
test(2,9,9)
test(1,9,5)
test(8,9,5)
test(6,9,6)
test(9,9,8)
test(5,9,1)
test(0,9,6)
test(4,9,3)
test(3,9,6)
test(2,9,8)
test(1,9,4)
test(8,9,4)
test(6,9,5)
test(9,9,7)
test(0,9,5)
test(4,9,2)
test(3,9,5)
test(2,9,7)
test(1,9,3)
test(8,9,3)
test(6,9,4)
test(9,9,6)
test(7,8,20)
test(0,9,4)
test(4,9,1)
test(3,9,4)
test(3,9,3)
test(2,9,6)
test(1,9,2)
test(8,9,2)
test(6,9,3)
test(9,9,5)
test(7,8,19)
test(0,9,3)
test(3,9,2)
test(2,9,5)
test(1,9,1)
test(8,9,1)
test(6,9,2)
test(5,8,20)
test(9,9,4)
test(7,8,18)
test(0,9,2)
test(3,9,1)
test(2,9,4)
test(2,9,3)
test(6,9,1)
test(5,8,19)
test(9,9,3)
test(9,9,2)
test(7,8,17)
test(7,8,16)
test(0,9,1)
test(2,9,2)
test(5,8,18)
test(9,9,1)
test(7,8,15)
test(4,8,20)
test(2,9,1)
test(5,8,17)
test(1,8,20)
test(8,8,20)
test(8,8,19)
test(7,8,14)
test(4,8,19)
test(5,8,16)
test(3,8,20)
test(1,8,19)
test(6,8,20)
test(6,8,19)
test(8,8,18)
test(7,8,13)
test(4,8,18)
test(5,8,15)
test(3,8,19)
test(0,8,20)
test(1,8,18)
test(9,8,20)
test(9,8,19)
test(9,8,18)
test(9,8,17)
test(6,8,18)
test(8,8,17)
test(7,8,12)
test(4,8,17)
test(5,8,14)
test(3,8,18)
test(3,8,17)
test(0,8,19)
test(2,8,20)
test(1,8,17)
test(9,8,16)
test(6,8,17)
test(8,8,16)
test(7,8,11)
test(4,8,16)
test(5,8,13)
test(3,8,16)
test(0,8,18)
test(2,8,19)
test(1,8,16)
test(9,8,15)
test(6,8,16)
test(8,8,15)
test(7,8,10)
test(4,8,15)
test(5,8,12)
test(3,8,15)
test(0,8,17)
test(2,8,18)
test(1,8,15)
test(9,8,14)
test(6,8,15)
test(8,8,14)
test(7,8,9)
test(4,8,14)
test(5,8,11)
test(3,8,14)
test(0,8,16)
test(2,8,17)
test(1,8,14)
test(1,8,13)
test(1,8,12)
test(1,8,11)
test(9,8,13)
test(6,8,14)
test(8,8,13)
test(7,8,8)
test(4,8,13)
test(5,8,10)
test(3,8,13)
test(0,8,15)
test(2,8,16)
test(1,8,10)
test(9,8,12)
test(6,8,13)
test(8,8,12)
test(7,8,7)
test(4,8,12)
test(5,8,9)
test(3,8,12)
test(0,8,14)
test(2,8,15)
test(1,8,9)
test(9,8,11)
test(6,8,12)
test(8,8,11)
test(7,8,6)
test(4,8,11)
test(5,8,8)
test(3,8,11)
test(0,8,13)
test(2,8,14)
test(1,8,8)
test(9,8,10)
test(6,8,11)
test(8,8,10)
test(7,8,5)
test(4,8,10)
test(5,8,7)
test(3,8,10)
test(0,8,12)
test(2,8,13)
test(1,8,7)
test(9,8,9)
test(6,8,10)
test(8,8,9)
test(7,8,4)
test(4,8,9)
test(5,8,6)
test(3,8,9)
test(0,8,11)
test(2,8,12)
test(1,8,6)
test(9,8,8)
test(6,8,9)
test(8,8,8)
test(7,8,3)
test(4,8,8)
test(5,8,5)
test(3,8,8)
test(0,8,10)
test(2,8,11)
test(1,8,5)
test(9,8,7)
test(6,8,8)
test(8,8,7)
test(7,8,2)
test(4,8,7)
test(5,8,4)
test(3,8,7)
test(0,8,9)
test(2,8,10)
test(1,8,4)
test(9,8,6)
test(6,8,7)
test(8,8,6)
test(7,8,1)
test(4,8,6)
test(5,8,3)
test(3,8,6)
test(0,8,8)
test(2,8,9)
test(2,8,8)
test(1,8,3)
test(9,8,5)
test(6,8,6)
test(8,8,5)
test(4,8,5)
test(5,8,2)
test(3,8,5)
test(0,8,7)
test(2,8,7)
test(1,8,2)
test(9,8,4)
test(6,8,5)
test(8,8,4)
test(4,8,4)
test(5,8,1)
test(3,8,4)
test(0,8,6)
test(0,8,5)
test(2,8,6)
test(1,8,1)
test(9,8,3)
test(6,8,4)
test(8,8,3)
test(4,8,3)
test(3,8,3)
test(0,8,4)
test(2,8,5)
test(9,8,2)
test(6,8,3)
test(7,7,20)
test(8,8,2)
test(4,8,2)
test(3,8,2)
test(0,8,3)
test(2,8,4)
test(9,8,1)
test(6,8,2)
test(7,7,19)
test(8,8,1)
test(4,8,1)
test(3,8,1)
test(0,8,2)
test(1,7,20)
test(2,8,3)
test(6,8,1)
test(7,7,18)
test(5,7,20)
test(0,8,1)
test(1,7,19)
test(2,8,2)
test(7,7,17)
test(5,7,19)
test(1,7,18)
test(2,8,1)
test(7,7,16)
test(5,7,18)
test(1,7,17)
test(9,7,20)
test(7,7,15)
test(5,7,17)
test(8,7,20)
test(8,7,19)
test(4,7,20)
test(1,7,16)
test(9,7,19)
test(7,7,14)
test(5,7,16)
test(3,7,20)
test(3,7,19)
test(3,7,18)
test(3,7,17)
test(2,7,20)
test(2,7,19)
test(8,7,18)
test(8,7,17)
test(6,7,20)
test(4,7,19)
test(1,7,15)
test(9,7,18)
test(7,7,13)
test(5,7,15)
test(0,7,20)
test(3,7,16)
test(2,7,18)
test(8,7,16)
test(6,7,19)
test(4,7,18)
test(1,7,14)
test(9,7,17)
test(7,7,12)
test(5,7,14)
test(0,7,19)
test(3,7,15)
test(3,7,14)
test(2,7,17)
test(8,7,15)
test(6,7,18)
test(4,7,17)
test(1,7,13)
test(9,7,16)
test(7,7,11)
test(5,7,13)
test(0,7,18)
test(3,7,13)
test(3,7,12)
test(2,7,16)
test(8,7,14)
test(6,7,17)
test(6,7,16)
test(4,7,16)
test(1,7,12)
test(9,7,15)
test(7,7,10)
test(5,7,12)
test(0,7,17)
test(0,7,16)
test(3,7,11)
test(2,7,15)
test(8,7,13)
test(6,7,15)
test(4,7,15)
test(1,7,11)
test(9,7,14)
test(7,7,9)
test(5,7,11)
test(0,7,15)
test(3,7,10)
test(2,7,14)
test(2,7,13)
test(8,7,12)
test(6,7,14)
test(4,7,14)
test(4,7,13)
test(4,7,12)
test(4,7,11)
test(1,7,10)
test(9,7,13)
test(7,7,8)
test(5,7,10)
test(0,7,14)
test(3,7,9)
test(2,7,12)
test(8,7,11)
test(6,7,13)
test(4,7,10)
test(1,7,9)
test(9,7,12)
test(7,7,7)
test(5,7,9)
test(0,7,13)
test(3,7,8)
test(2,7,11)
test(8,7,10)
test(6,7,12)
test(4,7,9)
test(1,7,8)
test(9,7,11)
test(7,7,6)
test(5,7,8)
test(0,7,12)
test(3,7,7)
test(2,7,10)
test(8,7,9)
test(6,7,11)
test(4,7,8)
test(1,7,7)
test(9,7,10)
test(7,7,5)
test(5,7,7)
test(0,7,11)
test(0,7,10)
test(3,7,6)
test(2,7,9)
test(2,7,8)
test(2,7,7)
test(2,7,6)
test(8,7,8)
test(6,7,10)
test(4,7,7)
test(1,7,6)
test(9,7,9)
test(7,7,4)
test(5,7,6)
test(0,7,9)
test(3,7,5)
test(2,7,5)
test(8,7,7)
test(6,7,9)
test(4,7,6)
test(1,7,5)
test(9,7,8)
test(7,7,3)
test(5,7,5)
test(0,7,8)
test(3,7,4)
test(2,7,4)
test(8,7,6)
test(6,7,8)
test(4,7,5)
test(1,7,4)
test(9,7,7)
test(7,7,2)
test(5,7,4)
test(0,7,7)
test(3,7,3)
test(2,7,3)
test(8,7,5)
test(6,7,7)
test(4,7,4)
test(1,7,3)
test(9,7,6)
test(7,7,1)
test(5,7,3)
test(0,7,6)
test(3,7,2)
test(3,7,1)
test(2,7,2)
test(8,7,4)
test(8,7,3)
test(6,7,6)
test(4,7,3)
test(4,7,2)
test(1,7,2)
test(9,7,5)
test(5,7,2)
test(0,7,5)
test(2,7,1)
test(8,7,2)
test(6,7,5)
test(4,7,1)
test(1,7,1)
test(9,7,4)
test(5,7,1)
test(0,7,4)
test(8,7,1)
test(6,7,4)
test(9,7,3)
test(0,7,3)
test(6,7,3)
test(7,6,20)
test(9,7,2)
test(9,7,1)
test(3,6,20)
test(0,7,2)
test(6,7,2)
test(7,6,19)
test(2,6,20)
test(4,6,20)
test(3,6,19)
test(0,7,1)
test(6,7,1)
test(7,6,18)
test(2,6,19)
test(1,6,20)
test(5,6,20)
test(4,6,19)
test(3,6,18)
test(7,6,17)
test(7,6,16)
test(2,6,18)
test(2,6,17)
test(8,6,20)
test(1,6,19)
test(5,6,19)
test(4,6,18)
test(3,6,17)
test(7,6,15)
test(2,6,16)
test(8,6,19)
test(1,6,18)
test(9,6,20)
test(5,6,18)
test(4,6,17)
test(3,6,16)
test(7,6,14)
test(2,6,15)
test(8,6,18)
test(0,6,20)
test(6,6,20)
test(1,6,17)
test(9,6,19)
test(5,6,17)
test(4,6,16)
test(3,6,15)
test(7,6,13)
test(2,6,14)
test(8,6,17)
test(0,6,19)
test(6,6,19)
test(1,6,16)
test(1,6,15)
test(9,6,18)
test(9,6,17)
test(9,6,16)
test(9,6,15)
test(5,6,16)
test(5,6,15)
test(4,6,15)
test(3,6,14)
test(7,6,12)
test(2,6,13)
test(8,6,16)
test(0,6,18)
test(6,6,18)
test(1,6,14)
test(9,6,14)
test(5,6,14)
test(4,6,14)
test(3,6,13)
test(7,6,11)
test(2,6,12)
test(8,6,15)
test(0,6,17)
test(6,6,17)
test(6,6,16)
test(1,6,13)
test(9,6,13)
test(5,6,13)
test(4,6,13)
test(3,6,12)
test(7,6,10)
test(7,6,9)
test(2,6,11)
test(2,6,10)
test(8,6,14)
test(0,6,16)
test(6,6,15)
test(1,6,12)
test(9,6,12)
test(5,6,12)
test(4,6,12)
test(3,6,11)
test(7,6,8)
test(2,6,9)
test(8,6,13)
test(0,6,15)
test(6,6,14)
test(6,6,13)
test(6,6,12)
test(6,6,11)
test(1,6,11)
test(9,6,11)
test(5,6,11)
test(4,6,11)
test(3,6,10)
test(3,6,9)
test(7,6,7)
test(2,6,8)
test(8,6,12)
test(0,6,14)
test(6,6,10)
test(1,6,10)
test(9,6,10)
test(5,6,10)
test(4,6,10)
test(3,6,8)
test(7,6,6)
test(2,6,7)
test(8,6,11)
test(0,6,13)
test(6,6,9)
test(6,6,8)
test(1,6,9)
test(1,6,8)
test(9,6,9)
test(9,6,8)
test(5,6,9)
test(4,6,9)
test(4,6,8)
test(3,6,7)
test(7,6,5)
test(2,6,6)
test(8,6,10)
test(0,6,12)
test(6,6,7)
test(1,6,7)
test(9,6,7)
test(5,6,8)
test(4,6,7)
test(3,6,6)
test(7,6,4)
test(2,6,5)
test(8,6,9)
test(0,6,11)
test(6,6,6)
test(1,6,6)
test(9,6,6)
test(5,6,7)
test(5,6,6)
test(5,6,5)
test(5,6,4)
test(4,6,6)
test(3,6,5)
test(3,6,4)
test(7,6,3)
test(2,6,4)
test(8,6,8)
test(0,6,10)
test(6,6,5)
test(1,6,5)
test(9,6,5)
test(5,6,3)
test(4,6,5)
test(3,6,3)
test(7,6,2)
test(2,6,3)
test(8,6,7)
test(0,6,9)
test(6,6,4)
test(1,6,4)
test(9,6,4)
test(5,6,2)
test(4,6,4)
test(3,6,2)
test(7,6,1)
test(2,6,2)
test(8,6,6)
test(0,6,8)
test(6,6,3)
test(1,6,3)
test(1,6,2)
test(9,6,3)
test(5,6,1)
test(4,6,3)
test(3,6,1)
test(2,6,1)
test(8,6,5)
test(0,6,7)
test(0,6,6)
test(6,6,2)
test(1,6,1)
test(9,6,2)
test(9,6,1)
test(4,6,2)
test(4,6,1)
test(8,6,4)
test(0,6,5)
test(6,6,1)
test(7,5,20)
test(8,6,3)
test(0,6,4)
test(0,6,3)
test(7,5,19)
test(8,6,2)
test(0,6,2)
test(5,5,20)
test(7,5,18)
test(3,5,20)
test(8,6,1)
test(0,6,1)
test(5,5,19)
test(2,5,20)
test(2,5,19)
test(7,5,17)
test(3,5,19)
test(1,5,20)
test(5,5,18)
test(2,5,18)
test(7,5,16)
test(9,5,20)
test(3,5,18)
test(3,5,17)
test(4,5,20)
test(6,5,20)
test(1,5,19)
test(5,5,17)
test(2,5,17)
test(7,5,15)
test(7,5,14)
test(9,5,19)
test(3,5,16)
test(3,5,15)
test(4,5,19)
test(4,5,18)
test(6,5,19)
test(1,5,18)
test(5,5,16)
test(2,5,16)
test(7,5,13)
test(9,5,18)
test(3,5,14)
test(4,5,17)
test(6,5,18)
test(8,5,20)
test(8,5,19)
test(1,5,17)
test(1,5,16)
test(5,5,15)
test(5,5,14)
test(2,5,15)
test(7,5,12)
test(9,5,17)
test(3,5,13)
test(4,5,16)
test(0,5,20)
test(6,5,17)
test(8,5,18)
test(1,5,15)
test(5,5,13)
test(2,5,14)
test(7,5,11)
test(9,5,16)
test(3,5,12)
test(4,5,15)
test(0,5,19)
test(6,5,16)
test(8,5,17)
test(1,5,14)
test(1,5,13)
test(1,5,12)
test(1,5,11)
test(5,5,12)
test(5,5,11)
test(5,5,10)
test(2,5,13)
test(2,5,12)
test(7,5,10)
test(9,5,15)
test(3,5,11)
test(4,5,14)
test(0,5,18)
test(6,5,15)
test(8,5,16)
test(1,5,10)
test(5,5,9)
test(2,5,11)
test(7,5,9)
test(9,5,14)
test(3,5,10)
test(4,5,13)
test(0,5,17)
test(6,5,14)
test(8,5,15)
test(1,5,9)
test(1,5,8)
test(5,5,8)
test(2,5,10)
test(2,5,9)
test(2,5,8)
test(7,5,8)
test(9,5,13)
test(3,5,9)
test(4,5,12)
test(0,5,16)
test(6,5,13)
test(8,5,14)
test(1,5,7)
test(5,5,7)
test(2,5,7)
test(7,5,7)
test(9,5,12)
test(3,5,8)
test(4,5,11)
test(0,5,15)
test(6,5,12)
test(8,5,13)
test(1,5,6)
test(5,5,6)
test(5,5,5)
test(5,5,4)
test(5,5,3)
test(2,5,6)
test(7,5,6)
test(9,5,11)
test(3,5,7)
test(3,5,6)
test(4,5,10)
test(0,5,14)
test(6,5,11)
test(8,5,12)
test(1,5,5)
test(5,5,2)
test(2,5,5)
test(7,5,5)
test(9,5,10)
test(3,5,5)
test(4,5,9)
test(0,5,13)
test(6,5,10)
test(8,5,11)
test(8,5,10)
test(8,5,9)
test(1,5,4)
test(5,5,1)
test(2,5,4)
test(2,5,3)
test(2,5,2)
test(2,5,1)
test(7,5,4)
test(9,5,9)
test(3,5,4)
test(4,5,8)
test(0,5,12)
test(6,5,9)
test(8,5,8)
test(1,5,3)
test(7,5,3)
test(9,5,8)
test(3,5,3)
test(4,5,7)
test(0,5,11)
test(6,5,8)
test(6,5,7)
test(6,5,6)
test(6,5,5)
test(6,5,4)
test(6,5,3)
test(6,5,2)
test(8,5,7)
test(1,5,2)
test(1,5,1)
test(7,5,2)
test(9,5,7)
test(3,5,2)
test(4,5,6)
test(0,5,10)
test(6,5,1)
test(8,5,6)
test(5,4,20)
test(7,5,1)
test(9,5,6)
test(3,5,1)
test(4,5,5)
test(0,5,9)
test(2,4,20)
test(8,5,5)
test(5,4,19)
test(9,5,5)
test(9,5,4)
test(4,5,4)
test(0,5,8)
test(0,5,7)
test(0,5,6)
test(0,5,5)
test(2,4,19)
test(8,5,4)
test(5,4,18)
test(9,5,3)
test(4,5,3)
test(0,5,4)
test(2,4,18)
test(8,5,3)
test(1,4,20)
test(5,4,17)
test(5,4,16)
test(9,5,2)
test(4,5,2)
test(0,5,3)
test(2,4,17)
test(6,4,20)
test(8,5,2)
test(1,4,19)
test(5,4,15)
test(9,5,1)
test(4,5,1)
test(7,4,20)
test(0,5,2)
test(2,4,16)
test(6,4,19)
test(3,4,20)
test(8,5,1)
test(1,4,18)
test(5,4,14)
test(5,4,13)
test(7,4,19)
test(0,5,1)
test(2,4,15)
test(6,4,18)
test(6,4,17)
test(3,4,19)
test(1,4,17)
test(5,4,12)
test(7,4,18)
test(2,4,14)
test(6,4,16)
test(3,4,18)
test(1,4,16)
test(5,4,11)
test(5,4,10)
test(7,4,17)
test(2,4,13)
test(2,4,12)
test(6,4,15)
test(3,4,17)
test(3,4,16)
test(3,4,15)
test(1,4,15)
test(9,4,20)
test(5,4,9)
test(7,4,16)
test(2,4,11)
test(6,4,14)
test(3,4,14)
test(3,4,13)
test(4,4,20)
test(1,4,14)
test(9,4,19)
test(5,4,8)
test(7,4,15)
test(7,4,14)
test(2,4,10)
test(0,4,20)
test(6,4,13)
test(8,4,20)
test(3,4,12)
test(4,4,19)
test(1,4,13)
test(9,4,18)
test(5,4,7)
test(7,4,13)
test(2,4,9)
test(0,4,19)
test(6,4,12)
test(8,4,19)
test(3,4,11)
test(3,4,10)
test(4,4,18)
test(4,4,17)
test(4,4,16)
test(4,4,15)
test(4,4,14)
test(1,4,12)
test(9,4,17)
test(5,4,6)
test(7,4,12)
test(2,4,8)
test(0,4,18)
test(6,4,11)
test(8,4,18)
test(3,4,9)
test(4,4,13)
test(1,4,11)
test(9,4,16)
test(5,4,5)
test(7,4,11)
test(2,4,7)
test(0,4,17)
test(6,4,10)
test(8,4,17)
test(3,4,8)
test(4,4,12)
test(1,4,10)
test(9,4,15)
test(5,4,4)
test(7,4,10)
test(2,4,6)
test(0,4,16)
test(6,4,9)
test(8,4,16)
test(3,4,7)
test(4,4,11)
test(1,4,9)
test(9,4,14)
test(5,4,3)
test(7,4,9)
test(2,4,5)
test(0,4,15)
test(6,4,8)
test(8,4,15)
test(8,4,14)
test(3,4,6)
test(4,4,10)
test(1,4,8)
test(1,4,7)
test(9,4,13)
test(5,4,2)
test(7,4,8)
test(2,4,4)
test(0,4,14)
test(6,4,7)
test(8,4,13)
test(3,4,5)
test(4,4,9)
test(1,4,6)
test(9,4,12)
test(5,4,1)
test(7,4,7)
test(2,4,3)
test(0,4,13)
test(6,4,6)
test(8,4,12)
test(3,4,4)
test(3,4,3)
test(3,4,2)
test(3,4,1)
test(4,4,8)
test(1,4,5)
test(9,4,11)
test(7,4,6)
test(7,4,5)
test(7,4,4)
test(2,4,2)
test(0,4,12)
test(0,4,11)
test(6,4,5)
test(8,4,11)
test(4,4,7)
test(1,4,4)
test(9,4,10)
test(7,4,3)
test(2,4,1)
test(0,4,10)
test(6,4,4)
test(8,4,10)
test(8,4,9)
test(8,4,8)
test(4,4,6)
test(1,4,3)
test(5,3,20)
test(9,4,9)
test(9,4,8)
test(7,4,2)
test(0,4,9)
test(6,4,3)
test(6,4,2)
test(8,4,7)
test(4,4,5)
test(1,4,2)
test(5,3,19)
test(9,4,7)
test(7,4,1)
test(0,4,8)
test(6,4,1)
test(3,3,20)
test(8,4,6)
test(4,4,4)
test(4,4,3)
test(4,4,2)
test(1,4,1)
test(5,3,18)
test(5,3,17)
test(9,4,6)
test(2,3,20)
test(0,4,7)
test(3,3,19)
test(8,4,5)
test(4,4,1)
test(5,3,16)
test(9,4,5)
test(2,3,19)
test(0,4,6)
test(3,3,18)
test(8,4,4)
test(5,3,15)
test(5,3,14)
test(5,3,13)
test(9,4,4)
test(2,3,18)
test(0,4,5)
test(3,3,17)
test(8,4,3)
test(1,3,20)
test(5,3,12)
test(5,3,11)
test(9,4,3)
test(9,4,2)
test(6,3,20)
test(6,3,19)
test(2,3,17)
test(0,4,4)
test(7,3,20)
test(3,3,16)
test(8,4,2)
test(1,3,19)
test(5,3,10)
test(9,4,1)
test(6,3,18)
test(2,3,16)
test(4,3,20)
test(0,4,3)
test(7,3,19)
test(3,3,15)
test(8,4,1)
test(1,3,18)
test(5,3,9)
test(5,3,8)
test(5,3,7)
test(5,3,6)
test(5,3,5)
test(5,3,4)
test(5,3,3)
test(5,3,2)
test(5,3,1)
test(6,3,17)
test(6,3,16)
test(6,3,15)
test(6,3,14)
test(2,3,15)
test(4,3,19)
test(4,3,18)
test(0,4,2)
test(0,4,1)
test(7,3,18)
test(3,3,14)
test(3,3,13)
test(3,3,12)
test(1,3,17)
test(6,3,13)
test(2,3,14)
test(4,3,17)
test(7,3,17)
test(3,3,11)
test(1,3,16)
test(6,3,12)
test(2,3,13)
test(4,3,16)
test(7,3,16)
test(3,3,10)
test(5,2,20)
test(5,2,19)
test(1,3,15)
test(6,3,11)
test(9,3,20)
test(9,3,19)
test(9,3,18)
test(2,3,12)
test(4,3,15)
test(7,3,15)
test(3,3,9)
test(5,2,18)
test(1,3,14)
test(8,3,20)
test(6,3,10)
test(0,3,20)
test(9,3,17)
test(2,3,11)
test(4,3,14)
test(7,3,14)
test(7,3,13)
test(3,3,8)
test(5,2,17)
test(1,3,13)
test(8,3,19)
test(6,3,9)
test(6,3,8)
test(0,3,19)
test(9,3,16)
test(2,3,10)
test(4,3,13)
test(7,3,12)
test(3,3,7)
test(5,2,16)
test(1,3,12)
test(8,3,18)
test(6,3,7)
test(0,3,18)
test(0,3,17)
test(0,3,16)
test(0,3,15)
test(0,3,14)
test(9,3,15)
test(2,3,9)
test(2,3,8)
test(2,3,7)
test(4,3,12)
test(7,3,11)
test(3,3,6)
test(5,2,15)
test(1,3,11)
test(8,3,17)
test(8,3,16)
test(6,3,6)
test(0,3,13)
test(9,3,14)
test(2,3,6)
test(4,3,11)
test(7,3,10)
test(3,3,5)
test(5,2,14)
test(1,3,10)
test(8,3,15)
test(8,3,14)
test(6,3,5)
test(0,3,12)
test(9,3,13)
test(9,3,12)
test(9,3,11)
test(2,3,5)
test(2,3,4)
test(4,3,10)
test(7,3,9)
test(3,3,4)
test(5,2,13)
test(1,3,9)
test(1,3,8)
test(1,3,7)
test(1,3,6)
test(1,3,5)
test(1,3,4)
test(8,3,13)
test(6,3,4)
test(0,3,11)
test(9,3,10)
test(2,3,3)
test(4,3,9)
test(7,3,8)
test(3,3,3)
test(5,2,12)
test(1,3,3)
test(8,3,12)
test(8,3,11)
test(6,3,3)
test(0,3,10)
test(9,3,9)
test(2,3,2)
test(4,3,8)
test(7,3,7)
test(3,3,2)
test(3,3,1)
test(5,2,11)
test(1,3,2)
test(8,3,10)
test(6,3,2)
test(0,3,9)
test(9,3,8)
test(2,3,1)
test(4,3,7)
test(7,3,6)
test(5,2,10)
test(1,3,1)
test(8,3,9)
test(6,3,1)
test(0,3,8)
test(9,3,7)
test(4,3,6)
test(4,3,5)
test(4,3,4)
test(7,3,5)
test(5,2,9)
test(8,3,8)
test(0,3,7)
test(9,3,6)
test(4,3,3)
test(7,3,4)
test(5,2,8)
test(8,3,7)
test(0,3,6)
test(9,3,5)
test(4,3,2)
test(3,2,20)
test(7,3,3)
test(5,2,7)
test(6,2,20)
test(8,3,6)
test(0,3,5)
test(0,3,4)
test(9,3,4)
test(4,3,1)
test(3,2,19)
test(7,3,2)
test(2,2,20)
test(5,2,6)
test(1,2,20)
test(6,2,19)
test(6,2,18)
test(6,2,17)
test(8,3,5)
test(0,3,3)
test(9,3,3)
test(3,2,18)
test(3,2,17)
test(7,3,1)
test(2,2,19)
test(5,2,5)
test(1,2,19)
test(6,2,16)
test(8,3,4)
test(0,3,2)
test(9,3,2)
test(3,2,16)
test(2,2,18)
test(5,2,4)
test(5,2,3)
test(1,2,18)
test(1,2,17)
test(6,2,15)
test(8,3,3)
test(0,3,1)
test(9,3,1)
test(3,2,15)
test(2,2,17)
test(5,2,2)
test(1,2,16)
test(6,2,14)
test(8,3,2)
test(4,2,20)
test(3,2,14)
test(2,2,16)
test(7,2,20)
test(5,2,1)
test(1,2,15)
test(6,2,13)
test(8,3,1)
test(4,2,19)
test(3,2,13)
test(2,2,15)
test(7,2,19)
test(1,2,14)
test(6,2,12)
test(4,2,18)
test(3,2,12)
test(2,2,14)
test(7,2,18)
test(7,2,17)
test(1,2,13)
test(6,2,11)
test(6,2,10)
test(0,2,20)
test(4,2,17)
test(3,2,11)
test(2,2,13)
test(9,2,20)
test(7,2,16)
test(1,2,12)
test(6,2,9)
test(0,2,19)
test(4,2,16)
test(3,2,10)
test(5,1,20)
test(2,2,12)
test(8,2,20)
test(9,2,19)
test(7,2,15)
test(1,2,11)
test(6,2,8)
test(0,2,18)
test(4,2,15)
test(4,2,14)
test(3,2,9)
test(5,1,19)
test(2,2,11)
test(2,2,10)
test(2,2,9)
test(8,2,19)
test(9,2,18)
test(7,2,14)
test(7,2,13)
test(1,2,10)
test(6,2,7)
test(0,2,17)
test(4,2,13)
test(3,2,8)
test(5,1,18)
test(2,2,8)
test(8,2,18)
test(9,2,17)
test(7,2,12)
test(7,2,11)
test(7,2,10)
test(1,2,9)
test(6,2,6)
test(0,2,16)
test(4,2,12)
test(3,2,7)
test(5,1,17)
test(2,2,7)
test(8,2,17)
test(9,2,16)
test(7,2,9)
test(1,2,8)
test(6,2,5)
test(0,2,15)
test(0,2,14)
test(4,2,11)
test(3,2,6)
test(5,1,16)
test(2,2,6)
test(8,2,16)
test(8,2,15)
test(8,2,14)
test(9,2,15)
test(9,2,14)
test(7,2,8)
test(1,2,7)
test(6,2,4)
test(0,2,13)
test(4,2,10)
test(3,2,5)
test(5,1,15)
test(2,2,5)
test(8,2,13)
test(9,2,13)
test(7,2,7)
test(1,2,6)
test(6,2,3)
test(0,2,12)
test(4,2,9)
test(3,2,4)
test(5,1,14)
test(2,2,4)
test(8,2,12)
test(8,2,11)
test(8,2,10)
test(9,2,12)
test(9,2,11)
test(7,2,6)
test(1,2,5)
test(6,2,2)
test(0,2,11)
test(4,2,8)
test(3,2,3)
test(5,1,13)
test(2,2,3)
test(8,2,9)
test(9,2,10)
test(7,2,5)
test(1,2,4)
test(6,2,1)
test(0,2,10)
test(4,2,7)
test(3,2,2)
test(5,1,12)
test(2,2,2)
test(8,2,8)
test(9,2,9)
test(7,2,4)
test(1,2,3)
test(0,2,9)
test(4,2,6)
test(3,2,1)
test(5,1,11)
test(2,2,1)
test(8,2,7)
test(9,2,8)
test(7,2,3)
test(1,2,2)
test(0,2,8)
test(4,2,5)
test(5,1,10)
test(5,1,9)
test(5,1,8)
test(8,2,6)
test(9,2,7)
test(7,2,2)
test(1,2,1)
test(0,2,7)
test(0,2,6)
test(4,2,4)
test(5,1,7)
test(8,2,5)
test(9,2,6)
test(7,2,1)
test(6,1,20)
test(0,2,5)
test(4,2,3)
test(3,1,20)
test(5,1,6)
test(8,2,4)
test(8,2,3)
test(9,2,5)
test(6,1,19)
test(0,2,4)
test(0,2,3)
test(0,2,2)
test(0,2,1)
test(4,2,2)
test(3,1,19)
test(2,1,20)
test(5,1,5)
test(8,2,2)
test(9,2,4)
test(6,1,18)
test(4,2,1)
test(3,1,18)
test(1,1,20)
test(2,1,19)
test(2,1,18)
test(2,1,17)
test(2,1,16)
test(5,1,4)
test(8,2,1)
test(9,2,3)
test(9,2,2)
test(6,1,17)
test(3,1,17)
test(1,1,19)
test(2,1,15)
test(5,1,3)
test(7,1,20)
test(9,2,1)
test(6,1,16)
test(3,1,16)
test(1,1,18)
test(0,1,20)
test(2,1,14)
test(5,1,2)
test(7,1,19)
test(7,1,18)
test(6,1,15)
test(3,1,15)
test(1,1,17)
test(0,1,19)
test(2,1,13)
test(5,1,1)
test(7,1,17)
test(4,1,20)
test(6,1,14)
test(3,1,14)
test(1,1,16)
test(0,1,18)
test(8,1,20)
test(8,1,19)
test(2,1,12)
test(7,1,16)
test(4,1,19)
test(6,1,13)
test(3,1,13)
test(1,1,15)
test(9,1,20)
test(0,1,17)
test(8,1,18)
test(2,1,11)
test(7,1,15)
test(4,1,18)
test(6,1,12)
test(3,1,12)
test(1,1,14)
test(9,1,19)
test(9,1,18)
test(9,1,17)
test(0,1,16)
test(0,1,15)
test(8,1,17)
test(2,1,10)
test(7,1,14)
test(4,1,17)
test(6,1,11)
test(6,1,10)
test(3,1,11)
test(1,1,13)
test(9,1,16)
test(0,1,14)
test(8,1,16)
test(2,1,9)
test(7,1,13)
test(4,1,16)
test(6,1,9)
test(3,1,10)
test(1,1,12)
test(9,1,15)
test(0,1,13)
test(0,1,12)
test(8,1,15)
test(2,1,8)
test(7,1,12)
test(4,1,15)
test(6,1,8)
test(3,1,9)
test(1,1,11)
test(9,1,14)
test(0,1,11)
test(8,1,14)
test(2,1,7)
test(7,1,11)
test(4,1,14)
test(6,1,7)
test(3,1,8)
test(1,1,10)
test(9,1,13)
test(9,1,12)
test(0,1,10)
test(8,1,13)
test(2,1,6)
test(7,1,10)
test(4,1,13)
test(6,1,6)
test(3,1,7)
test(3,1,6)
test(1,1,9)
test(9,1,11)
test(0,1,9)
test(8,1,12)
test(2,1,5)
test(7,1,9)
test(4,1,12)
test(6,1,5)
test(3,1,5)
test(1,1,8)
test(9,1,10)
test(0,1,8)
test(8,1,11)
test(2,1,4)
test(7,1,8)
test(4,1,11)
test(6,1,4)
test(3,1,4)
test(1,1,7)
test(9,1,9)
test(0,1,7)
test(8,1,10)
test(2,1,3)
test(7,1,7)
test(4,1,10)
test(6,1,3)
test(3,1,3)
test(3,1,2)
test(1,1,6)
test(9,1,8)
test(0,1,6)
test(8,1,9)
test(2,1,2)
test(7,1,6)
test(4,1,9)
test(6,1,2)
test(6,1,1)
test(3,1,1)
test(1,1,5)
test(9,1,7)
test(0,1,5)
test(8,1,8)
test(2,1,1)
test(7,1,5)
test(4,1,8)
test(1,1,4)
test(9,1,6)
test(0,1,4)
test(8,1,7)
test(7,1,4)
test(4,1,7)
test(4,1,6)
test(1,1,3)
test(9,1,5)
test(0,1,3)
test(8,1,6)
test(7,1,3)
test(4,1,5)
test(4,1,4)
test(1,1,2)
test(1,1,1)
test(9,1,4)
test(9,1,3)
test(0,1,2)
test(8,1,5)
test(7,1,2)
test(4,1,3)
test(9,1,2)
test(0,1,1)
test(8,1,4)
test(7,1,1)
test(4,1,2)
test(4,1,1)
test(9,1,1)
test(8,1,3)
test(8,1,2)
test(8,1,1)
