FMT0 persist at /var/zxid/bus/ch/default/zvuWsewQqt-hYflrtXC9yYEWb8E 'foo bar' len=61 rcpt(0)
FMT0 persist at /var/zxid/bus/ch/default/JW8CltIg8QbpBEDWamF1SPZxDYk '' len=54 rcpt(0)
FMT0 persist at /var/zxid/bus/ch/default/bjZtT6SuxzOFHc1GLnoFdMdSbm0 'F' len=55 rcpt(0)
FMT0 persist at /var/zxid/bus/ch/default/3yaWfCFEuyz-HXA7_PY2lV-zfYg 'test(-1,10' len=69 rcpt(0)
FMT0 persist at /var/zxid/bus/ch/default/35OUqHeMdhRnPCsPBJH-BCvMKoU 'test(-1,10' len=69 rcpt(1)
FMT0 persist at /var/zxid/bus/ch/default/5IDVUvOLVmHmexymd4x9U4_fGiE 'test(-1,10' len=69 rcpt(2)
FMT0 persist at /var/zxid/bus/ch/default/2ILOd9iA9sXKvGjpSAQebLoq2qw 'test(-1,10' len=69 rcpt(3)
FMT0 persist at /var/zxid/bus/ch/default/5-UizDkcKov2nGMBR17-7VpVeQ8 'test(-1,10' len=69 rcpt(4)
FMT0 persist at /var/zxid/bus/ch/default/JP2s0dI6xNkX63n7ZkAjqUUU-RM 'test(-1,10' len=69 rcpt(5)
FMT0 persist at /var/zxid/bus/ch/default/uwFxZrtMSOtP5tVOS0qE62ExX1Y 'test(-1,10' len=69 rcpt(6)
FMT0 persist at /var/zxid/bus/ch/default/HOXHKXrNynLHrbxJ7ff7TUU_7D4 'test(-1,10' len=69 rcpt(7)
FMT0 persist at /var/zxid/bus/ch/default/Xk6XftlZus_9dohsr01EI54p0OU 'test(-1,10' len=69 rcpt(8)
FMT0 persist at /var/zxid/bus/ch/default/d8lbiMfQlvezKDfBsg9NlAqSQ-8 'test(-1,10' len=69 rcpt(9)
FMT0 persist at /var/zxid/bus/ch/default/JEnG2wwROfDNZ36Sc9PWrpIWSCk 'test(-1,10' len=70 rcpt(10)
FMT0 persist at /var/zxid/bus/ch/default/f5-vIEPUTox43OUX1nL-yg-OS3o 'test(-1,10' len=69 rcpt(11)
FMT0 persist at /var/zxid/bus/ch/default/ojkE2iuWTmkaGBMgZ9SDyFUapkc 'test(-1,10' len=69 rcpt(12)
FMT0 persist at /var/zxid/bus/ch/default/V9ZWdFF9Jzkkdi8HYyt2a2kcizw 'test(-1,10' len=69 rcpt(13)
FMT0 persist at /var/zxid/bus/ch/default/Re6LCQ0mlGRH_UFkdIjxX6u-LQw 'test(-1,10' len=69 rcpt(14)
FMT0 persist at /var/zxid/bus/ch/default/wVbDRlDK_mvYm4b968rnOQfkHHI 'test(-1,10' len=69 rcpt(15)
FMT0 persist at /var/zxid/bus/ch/default/FM4qmrnEhUOsYmWO4iymXkZbSdQ 'test(-1,10' len=69 rcpt(16)
FMT0 persist at /var/zxid/bus/ch/default/vUj8SZ2Js2gY9s43iRSugPbzY_M 'test(-1,10' len=69 rcpt(17)
FMT0 persist at /var/zxid/bus/ch/default/LFtciBs-W1RGhdIjBPJYgd2Y_Ag 'test(-1,10' len=69 rcpt(18)
FMT0 persist at /var/zxid/bus/ch/default/44YuNEl5ol5XEF8Zh5_8s6esUFU 'test(-1,10' len=69 rcpt(19)
FMT0 persist at /var/zxid/bus/ch/default/biYNQsjIZvP9Nzwnjyjuhv4lwNw 'test(-1,9,' len=69 rcpt(20)
FMT0 persist at /var/zxid/bus/ch/default/h3hZBocFbvmGiqNhz1YCT8s2hxU 'test(-1,9,' len=69 rcpt(21)
FMT0 persist at /var/zxid/bus/ch/default/5gjqBP2HG8Z1RF00jeIZFRZ5iP8 'test(-1,9,' len=69 rcpt(22)
FMT0 persist at /var/zxid/bus/ch/default/UrP8sCUgjN_SESLjVJfR6SBECwI 'test(-1,9,' len=69 rcpt(23)
FMT0 persist at /var/zxid/bus/ch/default/pM5fhVEqNf4aWOiA9gsH2KRJ_mw 'test(-1,9,' len=69 rcpt(24)
FMT0 persist at /var/zxid/bus/ch/default/rmWZsD9S-WqqPRbKdSDWNM-t9Ek 'test(-1,9,' len=69 rcpt(25)
FMT0 persist at /var/zxid/bus/ch/default/B0AY5AARAoRD6S9XHG7T1p7QWsU 'test(-1,9,' len=69 rcpt(26)
FMT0 persist at /var/zxid/bus/ch/default/IRcNzrDtvUVA7Yhte9B_1mJOvrw 'test(-1,9,' len=69 rcpt(27)
FMT0 persist at /var/zxid/bus/ch/default/BGxDDKGsUPzGm7yl51XEMy-omLQ 'test(-1,9,' len=69 rcpt(28)
FMT0 persist at /var/zxid/bus/ch/default/jizdvrPVXQnWw-R0kUc7qENVhnE 'test(-1,9,' len=69 rcpt(29)
FMT0 persist at /var/zxid/bus/ch/default/tcQ8k_GtGPAMHY3PywB7lL6xBnc 'test(-1,9,' len=69 rcpt(30)
FMT0 persist at /var/zxid/bus/ch/default/i46sMKPBfLtcHWSkFhTGc2Nc8kQ 'test(-1,9,' len=68 rcpt(31)
FMT0 persist at /var/zxid/bus/ch/default/3AvhHDlW7RkcvqVKSXhIdaUoGTk 'test(-1,9,' len=68 rcpt(32)
FMT0 persist at /var/zxid/bus/ch/default/GTMBriSVyCUZUEmVfto66XGANOY 'test(-1,9,' len=68 rcpt(33)
FMT0 persist at /var/zxid/bus/ch/default/5f2JBM5H7TbJcVBwsnqYWlBg79E 'test(-1,9,' len=68 rcpt(34)
FMT0 persist at /var/zxid/bus/ch/default/noC8r6nipKLfR-j-0MDrOUr2L5I 'test(-1,9,' len=68 rcpt(35)
FMT0 persist at /var/zxid/bus/ch/default/PJ0PYqJnQHHeAisAMh3PYZslkxE 'test(-1,9,' len=68 rcpt(36)
FMT0 persist at /var/zxid/bus/ch/default/LhdKzX6uoPPtYJQwFMBL7UIKQtk 'test(-1,9,' len=68 rcpt(37)
FMT0 persist at /var/zxid/bus/ch/default/HbNTqyQghBJBt_i6fTaQdWXt4KY 'test(-1,9,' len=68 rcpt(38)
FMT0 persist at /var/zxid/bus/ch/default/SKxkqUzpErNZwM2c7U0pMFDh0c4 'test(-1,9,' len=68 rcpt(39)
FMT0 persist at /var/zxid/bus/ch/default/xpoEGlyR1nkyvXxnCHzb0GgRsCE 'test(-1,8,' len=69 rcpt(40)
FMT0 persist at /var/zxid/bus/ch/default/Zx7ZADF9J7uUktK8G_oueVMy4yk 'test(-1,8,' len=69 rcpt(41)
FMT0 persist at /var/zxid/bus/ch/default/sygRWnccwQRr2AQ1zfsVMklfT84 'test(-1,8,' len=69 rcpt(42)
FMT0 persist at /var/zxid/bus/ch/default/5m_BqIcyk2BJNUtXHQIMYNUXIFo 'test(-1,8,' len=69 rcpt(43)
FMT0 persist at /var/zxid/bus/ch/default/xMQa1PT4u5FmEPw6EM-Wws1lZ0s 'test(-1,8,' len=69 rcpt(44)
FMT0 persist at /var/zxid/bus/ch/default/sGvPDob7wE6ipUB8SxBTFrmkbcE 'test(-1,8,' len=69 rcpt(45)
FMT0 persist at /var/zxid/bus/ch/default/b73GDEZG3wZzj46nzpa_UH-sLq4 'test(-1,8,' len=69 rcpt(46)
FMT0 persist at /var/zxid/bus/ch/default/BAeuXWqo5o9Ej8etSbq1DQ5Rv3I 'test(-1,8,' len=69 rcpt(47)
FMT0 persist at /var/zxid/bus/ch/default/hjmE7GEoQUmmohpqo_pONQxCF34 'test(-1,8,' len=69 rcpt(48)
FMT0 persist at /var/zxid/bus/ch/default/zsmlR76yE4Fc_5Ofewocfja4mC0 'test(-1,8,' len=69 rcpt(49)
FMT0 persist at /var/zxid/bus/ch/default/4jRn6jxY9H0YVQY-alhYYIS4cBw 'test(-1,8,' len=69 rcpt(50)
FMT0 persist at /var/zxid/bus/ch/default/gr2Ql0JSHTcodq5aCN2ucfTMAvA 'test(-1,8,' len=68 rcpt(51)
FMT0 persist at /var/zxid/bus/ch/default/Dzxy0ddog2lA-exFSCzWZAngWlU 'test(-1,8,' len=68 rcpt(52)
FMT0 persist at /var/zxid/bus/ch/default/_lVyJBdnThbixgJkb42dz9RrztU 'test(-1,8,' len=68 rcpt(53)
FMT0 persist at /var/zxid/bus/ch/default/cmo1BQDiCACNBslCiAZT2IALDr4 'test(-1,8,' len=68 rcpt(54)
FMT0 persist at /var/zxid/bus/ch/default/5Zo2NZ0QCoZ-S-6eogoWx5RHZpk 'test(-1,8,' len=68 rcpt(55)
FMT0 persist at /var/zxid/bus/ch/default/q94P0s15BB5p8tBEacLw716KkiA 'test(-1,8,' len=68 rcpt(56)
FMT0 persist at /var/zxid/bus/ch/default/Rfro0cQiPGPb28S6irOC673brYg 'test(-1,8,' len=68 rcpt(57)
FMT0 persist at /var/zxid/bus/ch/default/lYO4gnFogbILyL_cVlXIrceTLm4 'test(-1,8,' len=68 rcpt(58)
FMT0 persist at /var/zxid/bus/ch/default/xa-QRsnQfA6ua-ShNpVrZNeshS8 'test(-1,8,' len=68 rcpt(59)
FMT0 persist at /var/zxid/bus/ch/default/Xrai02IvSenif5Br4Rv0wfVdrt4 'test(-1,7,' len=69 rcpt(60)
FMT0 persist at /var/zxid/bus/ch/default/QybmwQtGwTTlRtF4w-TS57pHrC4 'test(-1,7,' len=69 rcpt(61)
FMT0 persist at /var/zxid/bus/ch/default/mnSnI6vuA3A9e6vGpNqbvtxbIZ8 'test(-1,7,' len=69 rcpt(62)
FMT0 persist at /var/zxid/bus/ch/default/KFZ4s5RYugEc3IEua9N_Hp2ItKU 'test(-1,7,' len=69 rcpt(63)
FMT0 persist at /var/zxid/bus/ch/default/qjo5peUNiqaWMjcnpmcYyEFRGd4 'test(-1,7,' len=69 rcpt(64)
FMT0 persist at /var/zxid/bus/ch/default/0bbqnrgthv5AtKu_jvHHPYm7590 'test(-1,7,' len=69 rcpt(65)
FMT0 persist at /var/zxid/bus/ch/default/_aKBUUZgxAl9SgDyl2Zf65wGG6c 'test(-1,7,' len=69 rcpt(66)
FMT0 persist at /var/zxid/bus/ch/default/R2fMaTmsxl4tZS1gc7Qw1y07OLU 'test(-1,7,' len=69 rcpt(67)
FMT0 persist at /var/zxid/bus/ch/default/lxvddNO8gejTqKyT0XFOli-OL2k 'test(-1,7,' len=69 rcpt(68)
FMT0 persist at /var/zxid/bus/ch/default/UPJIRTBI5b3IwFJCnGwzhSAU6IQ 'test(-1,7,' len=69 rcpt(69)
FMT0 persist at /var/zxid/bus/ch/default/mdRUqS9rLqvWsnU81ntSNFjwI_U 'test(-1,7,' len=69 rcpt(70)
FMT0 persist at /var/zxid/bus/ch/default/ZnIp0VWMCP0CJCs7GX9zlScNTBc 'test(-1,7,' len=68 rcpt(71)
FMT0 persist at /var/zxid/bus/ch/default/X4dMKJbhbgh1PtkPnI4AbkzzASw 'test(-1,7,' len=68 rcpt(72)
FMT0 persist at /var/zxid/bus/ch/default/BIgPNyPRYli3Qr00FokPKkeMppE 'test(-1,7,' len=68 rcpt(73)
FMT0 persist at /var/zxid/bus/ch/default/A72Y2GXCU-9HiColGacDQNnx5_8 'test(-1,7,' len=68 rcpt(74)
FMT0 persist at /var/zxid/bus/ch/default/6WQ2WpEs_2hyFX_gEZmjACP71yo 'test(-1,7,' len=68 rcpt(75)
FMT0 persist at /var/zxid/bus/ch/default/lAZgZXVL5hyZDVZqfbl5D0fzJZ8 'test(-1,7,' len=68 rcpt(76)
FMT0 persist at /var/zxid/bus/ch/default/9YzHqcq1sfNyX-X2edrFYnDmPyU 'test(-1,7,' len=68 rcpt(77)
FMT0 persist at /var/zxid/bus/ch/default/eCbQv63zhXmNdap_uyeyjWyj4NI 'test(-1,7,' len=68 rcpt(78)
FMT0 persist at /var/zxid/bus/ch/default/FNIl6PkbdCKgVxxYuTLSTtcpF5o 'test(-1,7,' len=68 rcpt(79)
FMT0 persist at /var/zxid/bus/ch/default/zFz96-EeVViEflesk-062FlJ8QI 'test(-1,6,' len=69 rcpt(80)
FMT0 persist at /var/zxid/bus/ch/default/L_94L33TUBQvlIXrYOUsr1snmRQ 'test(-1,6,' len=69 rcpt(81)
FMT0 persist at /var/zxid/bus/ch/default/KCd0IP0ciufPZSRirnCwZmDIT_s 'test(-1,6,' len=69 rcpt(82)
FMT0 persist at /var/zxid/bus/ch/default/2onfwo1c0_7pj2lnjO6ewz8wZOk 'test(-1,6,' len=69 rcpt(83)
FMT0 persist at /var/zxid/bus/ch/default/T4L06ew8DrPUQ3CJret-RiSX27E 'test(-1,6,' len=69 rcpt(84)
FMT0 persist at /var/zxid/bus/ch/default/xDsutRnnIKGE1CrryQpBQYgH4oM 'test(-1,6,' len=69 rcpt(85)
FMT0 persist at /var/zxid/bus/ch/default/LgMXt2uB51eevW9auOQ88kQgLBE 'test(-1,6,' len=69 rcpt(86)
FMT0 persist at /var/zxid/bus/ch/default/v6u1dhsBKL2DWpa6NMPS0wBgQX4 'test(-1,6,' len=69 rcpt(87)
FMT0 persist at /var/zxid/bus/ch/default/vmtVbSJWik1U47nXOobDhU7wTWw 'test(-1,6,' len=69 rcpt(88)
FMT0 persist at /var/zxid/bus/ch/default/ZBAQVh9FcYp-t6McIpUTuUTwJ-U 'test(-1,6,' len=69 rcpt(89)
FMT0 persist at /var/zxid/bus/ch/default/ZnbFy7OOeb1i-hZZxFOYkRZLp-A 'test(-1,6,' len=69 rcpt(90)
FMT0 persist at /var/zxid/bus/ch/default/as2YvT-clvCgw6VRIpgQqDgVqQQ 'test(-1,6,' len=68 rcpt(91)
FMT0 persist at /var/zxid/bus/ch/default/CW4WwI1aeMmO5TEAJBR4sRtuKsk 'test(-1,6,' len=68 rcpt(92)
FMT0 persist at /var/zxid/bus/ch/default/JIIEkXyRwx56USf_4BnSuwmKlq8 'test(-1,6,' len=68 rcpt(93)
FMT0 persist at /var/zxid/bus/ch/default/KbrXYSmoAefYSlwEpFDhfQsnAAI 'test(-1,6,' len=68 rcpt(94)
FMT0 persist at /var/zxid/bus/ch/default/z7aqiIO6jgRDEO5OoG2DCe6i2T4 'test(-1,6,' len=68 rcpt(95)
FMT0 persist at /var/zxid/bus/ch/default/yUor9OPr4yf3jz1O033siWjAe5Y 'test(-1,6,' len=68 rcpt(96)
FMT0 persist at /var/zxid/bus/ch/default/qDiOmcWTD8eZTXE2V1wW0eSLtZo 'test(-1,6,' len=68 rcpt(97)
FMT0 persist at /var/zxid/bus/ch/default/7Lp_dNKGd2X5rvTLIle5nYejfno 'test(-1,6,' len=68 rcpt(98)
FMT0 persist at /var/zxid/bus/ch/default/_h1K3bAjOElDanDaT-yAE9hszQ4 'test(-1,6,' len=68 rcpt(99)
FMT0 persist at /var/zxid/bus/ch/default/LZT1EP94F3I1NzGqs282TmNtlNo 'test(-1,5,' len=70 rcpt(100)
FMT0 persist at /var/zxid/bus/ch/default/cSQlYF0fm-8kZWfOFuXxjQhy94E 'test(-1,5,' len=70 rcpt(101)
FMT0 persist at /var/zxid/bus/ch/default/meonGQF1u0WY13PWMNF4qPHfCTI 'test(-1,5,' len=70 rcpt(102)
FMT0 persist at /var/zxid/bus/ch/default/FTdGIcbA3LAG92MOx_Y7nr2AqsA 'test(-1,5,' len=70 rcpt(103)
FMT0 persist at /var/zxid/bus/ch/default/DIkWvqvezNzkYiwZPr5_rmTgTDQ 'test(-1,5,' len=70 rcpt(104)
FMT0 persist at /var/zxid/bus/ch/default/Fg9AesBS7ivwYhnGRe4aZw9Viuc 'test(-1,5,' len=70 rcpt(105)
FMT0 persist at /var/zxid/bus/ch/default/bNtzrYqJ7kOWVZgena59dlEpJec 'test(-1,5,' len=70 rcpt(106)
FMT0 persist at /var/zxid/bus/ch/default/Eb2IKFgFW-gJJegOM2jCv1-xE0E 'test(-1,5,' len=70 rcpt(107)
FMT0 persist at /var/zxid/bus/ch/default/8cg3W2phukvptJE64BdZfdp52js 'test(-1,5,' len=70 rcpt(108)
FMT0 persist at /var/zxid/bus/ch/default/V6HDTfum143issWLtf_Gyyl-uRQ 'test(-1,5,' len=70 rcpt(109)
FMT0 persist at /var/zxid/bus/ch/default/pzIrdf0SbaD5rch1M7GSLBXphTE 'test(-1,5,' len=70 rcpt(110)
FMT0 persist at /var/zxid/bus/ch/default/TOKjnCzX5Lb95AU2cV93MLDLQHc 'test(-1,5,' len=69 rcpt(111)
FMT0 persist at /var/zxid/bus/ch/default/NgrG590cMHwcgmp4w-N0f0k3NCA 'test(-1,5,' len=69 rcpt(112)
FMT0 persist at /var/zxid/bus/ch/default/BpCue7sH096euy0lv0Vx6hVOag8 'test(-1,5,' len=69 rcpt(113)
FMT0 persist at /var/zxid/bus/ch/default/wwlYzZrv-UUw7RdjclZao8OcElQ 'test(-1,5,' len=69 rcpt(114)
FMT0 persist at /var/zxid/bus/ch/default/ja8NTCvOcy8XJeFu1PTPYRRmyvM 'test(-1,5,' len=69 rcpt(115)
FMT0 persist at /var/zxid/bus/ch/default/gvYB68K9UvdZbFf_1CvYcM_0FM8 'test(-1,5,' len=69 rcpt(116)
FMT0 persist at /var/zxid/bus/ch/default/0BRxlK2XOL7INWxuqtlDRvf-MxU 'test(-1,5,' len=69 rcpt(117)
FMT0 persist at /var/zxid/bus/ch/default/Wdz9pmEJgLJ3qeVzjSkF3vnSGkU 'test(-1,5,' len=69 rcpt(118)
FMT0 persist at /var/zxid/bus/ch/default/dk4rTd0d9tV4O8VjZylIcFPkrTA 'test(-1,5,' len=69 rcpt(119)
FMT0 persist at /var/zxid/bus/ch/default/W4jwsMZtvg_KHi-5UaLsd7CCokM 'test(-1,4,' len=70 rcpt(120)
FMT0 persist at /var/zxid/bus/ch/default/4jsA2lmzBzsnfcUfy1WEkIP1Xds 'test(-1,4,' len=70 rcpt(121)
FMT0 persist at /var/zxid/bus/ch/default/dfhu_C-cIOPVYg2iKuDNDn6J_yc 'test(-1,4,' len=70 rcpt(122)
FMT0 persist at /var/zxid/bus/ch/default/00BT2_Ui9mySoOX4HfhQ7A791FQ 'test(-1,4,' len=70 rcpt(123)
FMT0 persist at /var/zxid/bus/ch/default/nYS1dwS7lRG0B2RcNysJu7R9Q-Y 'test(-1,4,' len=70 rcpt(124)
FMT0 persist at /var/zxid/bus/ch/default/2hpVFDB2N_MPpDq8IbGER9zPu2w 'test(-1,4,' len=70 rcpt(125)
FMT0 persist at /var/zxid/bus/ch/default/LlNSq2WQi0fhnI49VzqscChqZVE 'test(-1,4,' len=70 rcpt(126)
FMT0 persist at /var/zxid/bus/ch/default/05s9jpPPgH0LiSh9w-ANhBcG-nE 'test(-1,4,' len=70 rcpt(127)
FMT0 persist at /var/zxid/bus/ch/default/K3bx9IXC2oquSq9VlbSuYUmisjg 'test(-1,4,' len=70 rcpt(128)
FMT0 persist at /var/zxid/bus/ch/default/Y9X0Oy_HcQrgwp_nBU5uwF_c3Bk 'test(-1,4,' len=70 rcpt(129)
FMT0 persist at /var/zxid/bus/ch/default/CkHmm6L0Mq6HtlSaqdn6H3KgKfM 'test(-1,4,' len=70 rcpt(130)
FMT0 persist at /var/zxid/bus/ch/default/ypRElrPQCfkTXw2ycoKxS7M2cQI 'test(-1,4,' len=69 rcpt(131)
FMT0 persist at /var/zxid/bus/ch/default/ZChCd0S-jDPdsFb7OR1MVgXs-C8 'test(-1,4,' len=69 rcpt(132)
FMT0 persist at /var/zxid/bus/ch/default/m-zNStWwgl0hhQbjBO4D6mzupo4 'test(-1,4,' len=69 rcpt(133)
FMT0 persist at /var/zxid/bus/ch/default/TOdjKcaamSiB0VWhgnYiRYbuZpY 'test(-1,4,' len=69 rcpt(134)
FMT0 persist at /var/zxid/bus/ch/default/hTR5iwb2Cgxbhi_DuvCJrKCWzRw 'test(-1,4,' len=69 rcpt(135)
FMT0 persist at /var/zxid/bus/ch/default/ZjFUVxV5CgKaOB-BccuQb2NnzTs 'test(-1,4,' len=69 rcpt(136)
FMT0 persist at /var/zxid/bus/ch/default/IRdq7XcDuNkJgNaTKClWEwvrEYU 'test(-1,4,' len=69 rcpt(137)
FMT0 persist at /var/zxid/bus/ch/default/Mn4bloiCsyIeB_WkArjqfhUOF3U 'test(-1,4,' len=69 rcpt(138)
FMT0 persist at /var/zxid/bus/ch/default/29UZMYJ99BAV2GMYdcBR1H1bbq0 'test(-1,4,' len=69 rcpt(139)
FMT0 persist at /var/zxid/bus/ch/default/UscZJTTrin-zp6C2V1EKAF8LDDE 'test(-1,3,' len=70 rcpt(140)
FMT0 persist at /var/zxid/bus/ch/default/z4RwGDKCu7bW4DgX_5tCj5ujfl8 'test(-1,3,' len=70 rcpt(141)
FMT0 persist at /var/zxid/bus/ch/default/0YVwjtB4MJA0PgehcIetmfLm5FU 'test(-1,3,' len=70 rcpt(142)
FMT0 persist at /var/zxid/bus/ch/default/TuIok8dpIoNEAKT3NK7HoQKy8Kg 'test(-1,3,' len=70 rcpt(143)
FMT0 persist at /var/zxid/bus/ch/default/W1YVGDnVjrNuQHd6PigcP2VNGiY 'test(-1,3,' len=70 rcpt(144)
FMT0 persist at /var/zxid/bus/ch/default/0BQJWxTmBGsiobu3zkJthgxd4wc 'test(-1,3,' len=70 rcpt(145)
FMT0 persist at /var/zxid/bus/ch/default/JaQSZrLGBP6cGmuJ6jM84ll0CU0 'test(-1,3,' len=70 rcpt(146)
FMT0 persist at /var/zxid/bus/ch/default/Z_XTFjsBsMLJXzVFdfdiQVkNY5I 'test(-1,3,' len=70 rcpt(147)
FMT0 persist at /var/zxid/bus/ch/default/hX-XXtfwOQnVRhlcZlAHMPlflIg 'test(-1,3,' len=70 rcpt(148)
FMT0 persist at /var/zxid/bus/ch/default/foz3BSwKX_AT-Q1XA1GyAR0tp9Y 'test(-1,3,' len=70 rcpt(149)
FMT0 persist at /var/zxid/bus/ch/default/SX5XfEEhrNjSCXgCfuCSi-rTO0o 'test(-1,3,' len=70 rcpt(150)
FMT0 persist at /var/zxid/bus/ch/default/ivDpH6Z_HHQiAATEgQRnMao_vTM 'test(-1,3,' len=69 rcpt(151)
FMT0 persist at /var/zxid/bus/ch/default/8dNhtKMPKQvX2DONhuAXFKjc97I 'test(-1,3,' len=69 rcpt(152)
FMT0 persist at /var/zxid/bus/ch/default/cAkKE-eDkcF6m2PWemz3Gw1OuH4 'test(-1,3,' len=69 rcpt(153)
FMT0 persist at /var/zxid/bus/ch/default/EbfQNnlK3X3RzHXyKby3NJrtiM0 'test(-1,3,' len=69 rcpt(154)
FMT0 persist at /var/zxid/bus/ch/default/N190LEzSPIux9aBO_irUmYKFQQo 'test(-1,3,' len=69 rcpt(155)
FMT0 persist at /var/zxid/bus/ch/default/S62rHOsQOAYlglszGN3A5cXsawo 'test(-1,3,' len=69 rcpt(156)
FMT0 persist at /var/zxid/bus/ch/default/J_Veqb3jIiDbWVBWbyB3LWvX3pQ 'test(-1,3,' len=69 rcpt(157)
FMT0 persist at /var/zxid/bus/ch/default/n1gsTaQYo1QlAN0mHMvsNAN0r6s 'test(-1,3,' len=69 rcpt(158)
FMT0 persist at /var/zxid/bus/ch/default/2aPxi95SpiyL_heNGwpNFr8IepQ 'test(-1,3,' len=69 rcpt(159)
FMT0 persist at /var/zxid/bus/ch/default/IehJYGmI1JUiTdxeoSf5AUIpS1g 'test(-1,2,' len=70 rcpt(160)
FMT0 persist at /var/zxid/bus/ch/default/GXzJSX-aw2S5J3SILIV7oFY12Xw 'test(-1,2,' len=70 rcpt(161)
FMT0 persist at /var/zxid/bus/ch/default/OVITqqRDqsEgWLZWMtqh_b-A5H0 'test(-1,2,' len=70 rcpt(162)
FMT0 persist at /var/zxid/bus/ch/default/zmX4tm_h9f2Gs6j-nvAq79shCec 'test(-1,2,' len=70 rcpt(163)
FMT0 persist at /var/zxid/bus/ch/default/M4ZJtVs3OBLo97CH8Xcw6Y_CLLw 'test(-1,2,' len=70 rcpt(164)
FMT0 persist at /var/zxid/bus/ch/default/FNTx1LzxYaVxAclHQlCH7X-XvBg 'test(-1,2,' len=70 rcpt(165)
FMT0 persist at /var/zxid/bus/ch/default/LNIiGVuBPlRuAnk4UZN9Nvjzi4I 'test(-1,2,' len=70 rcpt(166)
FMT0 persist at /var/zxid/bus/ch/default/eVrAjlWfNeJ4TJE8vKPKn2bWEl8 'test(-1,2,' len=70 rcpt(167)
FMT0 persist at /var/zxid/bus/ch/default/UiwTfv7jGrH8vME3s5H35PVGFVc 'test(-1,2,' len=70 rcpt(168)
FMT0 persist at /var/zxid/bus/ch/default/9z41Y0nA6sQc4paSHpzS6mlKxi4 'test(-1,2,' len=70 rcpt(169)
FMT0 persist at /var/zxid/bus/ch/default/CJoEkOA5pKW_haDaVzfDM5JKfWw 'test(-1,2,' len=70 rcpt(170)
FMT0 persist at /var/zxid/bus/ch/default/qWz7fHkE3YnqQTEJcy4AIA5sKaY 'test(-1,2,' len=69 rcpt(171)
FMT0 persist at /var/zxid/bus/ch/default/olnYjB4PxChY-pglI3gtzbq-vJo 'test(-1,2,' len=69 rcpt(172)
FMT0 persist at /var/zxid/bus/ch/default/fLAkyZYPWt6KOQoeomP-vKGPVN0 'test(-1,2,' len=69 rcpt(173)
FMT0 persist at /var/zxid/bus/ch/default/ohDSEgSk6ryf5PHMmfQHJKq-PFI 'test(-1,2,' len=69 rcpt(174)
FMT0 persist at /var/zxid/bus/ch/default/fPJFRyMvU6g8K7Hw3TvkR2OtocM 'test(-1,2,' len=69 rcpt(175)
FMT0 persist at /var/zxid/bus/ch/default/GGfLl6j_InTy5ytbDVs2ujcDlZw 'test(-1,2,' len=69 rcpt(176)
FMT0 persist at /var/zxid/bus/ch/default/7YxW2VaB5DpDkAz5trwp3Ax3wZI 'test(-1,2,' len=69 rcpt(177)
FMT0 persist at /var/zxid/bus/ch/default/BR9Ph-SeirIURiHt-qVU_ZteJlY 'test(-1,2,' len=69 rcpt(178)
FMT0 persist at /var/zxid/bus/ch/default/CAabkvyFRx0BKllrR-vcVGY54Ms 'test(-1,2,' len=69 rcpt(179)
FMT0 persist at /var/zxid/bus/ch/default/5JZfNr46_6qI7vhecLqw_ILHG_0 'test(-1,1,' len=70 rcpt(180)
FMT0 persist at /var/zxid/bus/ch/default/SGwxQ_FdT3A6ik5tNKbC5mvnzgM 'test(-1,1,' len=70 rcpt(181)
FMT0 persist at /var/zxid/bus/ch/default/Ia_CFrw1-zoHcg7S5QxyCQx-SU4 'test(-1,1,' len=70 rcpt(182)
FMT0 persist at /var/zxid/bus/ch/default/0ZbZgCo4g0vu5h28Ek9gw7Ytdjs 'test(-1,1,' len=70 rcpt(183)
FMT0 persist at /var/zxid/bus/ch/default/w-eykZu45fM_XvjDBOYUSF2FZM4 'test(-1,1,' len=70 rcpt(184)
FMT0 persist at /var/zxid/bus/ch/default/JyX63XJwQM7UYJSP5I4pIR0VmZk 'test(-1,1,' len=70 rcpt(185)
FMT0 persist at /var/zxid/bus/ch/default/NSJPenF9FjogbKEJw6ca26PS_YQ 'test(-1,1,' len=70 rcpt(186)
FMT0 persist at /var/zxid/bus/ch/default/wDLZVz5CSdJSrcKVQyrWNFdeBoM 'test(-1,1,' len=70 rcpt(187)
FMT0 persist at /var/zxid/bus/ch/default/81PyqnAeb_IbFBYE1OmhR657z8Y 'test(-1,1,' len=70 rcpt(188)
FMT0 persist at /var/zxid/bus/ch/default/5aMsniqYhZ3BaaGpzAx4KIsoMf0 'test(-1,1,' len=70 rcpt(189)
FMT0 persist at /var/zxid/bus/ch/default/DWbJHkKz6WiSupYaA3tL1rHHVrI 'test(-1,1,' len=70 rcpt(190)
FMT0 persist at /var/zxid/bus/ch/default/_QstI9txTGoLfzRpuSJMjECdseo 'test(-1,1,' len=69 rcpt(191)
FMT0 persist at /var/zxid/bus/ch/default/lkDhTw_AmwroUMna8wJmuPpPRco 'test(-1,1,' len=69 rcpt(192)
FMT0 persist at /var/zxid/bus/ch/default/eSJEWgmOM7T_qutlQzr2gNBviEc 'test(-1,1,' len=69 rcpt(193)
FMT0 persist at /var/zxid/bus/ch/default/zkm-zt2jLxp1Qm27FLBXXk1q5J8 'test(-1,1,' len=69 rcpt(194)
FMT0 persist at /var/zxid/bus/ch/default/60La3iNyMut5ik_JXt13n5LBDV0 'test(-1,1,' len=69 rcpt(195)
FMT0 persist at /var/zxid/bus/ch/default/Mimck2fMjz8BkutqZvW_8NPAm70 'test(-1,1,' len=69 rcpt(196)
FMT0 persist at /var/zxid/bus/ch/default/-mGfiZRtzEvudDjZueFqgkmWPDs 'test(-1,1,' len=69 rcpt(197)
FMT0 persist at /var/zxid/bus/ch/default/TK4nD0AlE09MVKvIziTJsooAlxQ 'test(-1,1,' len=69 rcpt(198)
FMT0 persist at /var/zxid/bus/ch/default/Vh27nmUo7GROgR2smUSy5U4yWnw 'test(-1,1,' len=69 rcpt(199)
FMT0 persist at /var/zxid/bus/ch/default/bjZtT6SuxzOFHc1GLnoFdMdSbm0 'F' len=55 rcpt(0)
shf_0x9381550  // max_ios=1000
-> io_0xb683a418
  io_0xb683a418 -> pdu_0xb687d268 [label=cur_pdu]; // fd=0x4
  io_0xb683a418 -> null [label=reqs];
  io_0xb683a418 -> null [label=pending];
  io_0xb683a418 -> null [label=to_write_produce];
  io_0xb683a418 -> null [label=to_write_consume];  // n_to_write=0
  io_0xb683a418 -> null [label=in_write];
-> io_0xb683a620
  io_0xb683a620 -> pdu_0xb6cd6e90 [label=cur_pdu]; // fd=0x6
  io_0xb683a620  // reqs
    -> pdu_0xb6cd48c8  // (ZXCT)
    pdu_0xb6cd48c8 -> null [label=reals];
    pdu_0xb6cd48c8 -> null [label=synths];
    pdu_0xb6cd48c8 -> null [label=subresps];
[label=reqs];
  io_0xb683a620 -> null [label=pending];
[label=pending];
  io_0xb683a620 -> null [label=to_write_produce];
  io_0xb683a620 -> null [label=to_write_consume];  // n_to_write=0
  io_0xb683a620 -> null [label=in_write];
-> io_0xb683a724
  io_0xb683a724 -> pdu_0xb6cda0f0 [label=cur_pdu]; // fd=0x7
  io_0xb683a724 -> null [label=reqs];
  io_0xb683a724  // pending
    -> pdu_0xb6cd09d0  // (MESS)
    pdu_0xb6cd09d0 -> null [label=reals];
    pdu_0xb6cd09d0 -> null [label=synths];
    pdu_0xb6cd09d0 -> null [label=subresps];
  io_0xb683a724 -> null [label=to_write_produce];
  io_0xb683a724 -> null [label=to_write_consume];  // n_to_write=0
  io_0xb683a724 -> null [label=in_write];
-> io_0xb683b048
  io_0xb683b048 -> pdu_0xb6cccad8 [label=cur_pdu]; // fd=0x10
  io_0xb683b048 -> null [label=reqs];
  io_0xb683b048  // pending
    -> pdu_0xb6cd9458  // (MESS)
    pdu_0xb6cd9458 -> null [label=reals];
    pdu_0xb6cd9458 -> null [label=synths];
    pdu_0xb6cd9458 -> null [label=subresps];
  io_0xb683b048 -> null [label=to_write_produce];
  io_0xb683b048 -> null [label=to_write_consume];  // n_to_write=0
  io_0xb683b048 -> null [label=in_write];
[label=ios];
shf_0x9381550 -> null [label=todo_consume];
shf_0x9381550   // free_pdus (color=4)
-> pdu_0xb6cdad88 -> pdu_0xb6cdba20 -> pdu_0xb6cdc6b8 -> pdu_0xb6cdd350 -> pdu_0xb6cddfe8 -> pdu_0xb6cdec80 -> pdu_0xb6cdf918 -> pdu_0xb6ce05b0 -> pdu_0xb6ce1248 -> pdu_0xb6ce1ee0 -> pdu_0xb6ce2b78 -> pdu_0xb6ce3810 -> pdu_0xb6ce44a8 -> pdu_0xb6ce5140 -> pdu_0xb6ce5dd8 -> pdu_0xb6ce6a70 -> pdu_0xb6ce7708 -> pdu_0xb6ce83a0 -> pdu_0xb6ce9038 -> pdu_0xb6ce9cd0 -> pdu_0xb6cea968 -> pdu_0xb6ceb600 -> pdu_0xb6cec298 -> pdu_0xb6cecf30 -> pdu_0xb6cedbc8 -> pdu_0xb6cee860 -> pdu_0xb6cef4f8 -> pdu_0xb6cf0190 -> pdu_0xb6cf0e28 -> pdu_0xb6cf1ac0 -> pdu_0xb6cf2758 -> pdu_0xb6cf33f0 -> pdu_0xb6cf4088 -> pdu_0xb6cf4d20 -> pdu_0xb6cf59b8 -> pdu_0xb6cf6650 -> pdu_0xb6cf72e8 -> pdu_0xb6cf7f80 -> pdu_0xb6cf8c18 -> pdu_0xb6cf98b0 -> pdu_0xb6cfa548 -> pdu_0xb6cfb1e0 -> pdu_0xb6cfbe78 -> pdu_0xb6cfcb10 -> pdu_0xb6cfd7a8 -> pdu_0xb6cfe440 -> pdu_0xb6cff0d8 -> pdu_0xb6cffd70 -> pdu_0xb6d00a08 -> pdu_0xb6d016a0 -> pdu_0xb6d02338 -> pdu_0xb6d02fd0 -> pdu_0xb6d03c68 -> pdu_0xb6d04900 -> pdu_0xb6d05598 -> pdu_0xb6d06230 -> pdu_0xb6d06ec8 -> pdu_0xb6d07b60 -> pdu_0xb6d087f8 -> pdu_0xb6d09490 -> pdu_0xb6d0a128 -> pdu_0xb6d0adc0 -> pdu_0xb6d0ba58 -> pdu_0xb6d0c6f0 -> pdu_0xb6d0d388 -> pdu_0xb6d0e020 -> pdu_0xb6d0ecb8 -> pdu_0xb6d0f950 -> pdu_0xb6d105e8 -> pdu_0xb6d11280 -> pdu_0xb6d11f18 -> pdu_0xb6d12bb0 -> pdu_0xb6d13848 -> pdu_0xb6d144e0 -> pdu_0xb6d15178 -> pdu_0xb6d15e10 -> pdu_0xb6d16aa8 -> pdu_0xb6d17740 -> pdu_0xb6d183d8 -> pdu_0xb6d19070 -> pdu_0xb6d19d08 -> pdu_0xb6d1a9a0 -> pdu_0xb6d1b638 -> pdu_0xb6d1c2d0 -> pdu_0xb6d1cf68 -> pdu_0xb6d1dc00 -> pdu_0xb6d1e898 -> pdu_0xb6d1f530 -> pdu_0xb6d201c8 -> pdu_0xb6d20e60 -> pdu_0xb6d21af8 -> pdu_0xb6d22790 -> pdu_0xb6d23428 -> pdu_0xb6d240c0 -> pdu_0xb6d24d58 -> pdu_0xb6d259f0 -> pdu_0xb6d26688 -> pdu_0xb6d27320 -> pdu_0xb6d27fb8 -> pdu_0xb6d28c50 -> pdu_0xb6d298e8 -> pdu_0xb6d2a580 -> pdu_0xb6d2b218 -> pdu_0xb6d2beb0 -> pdu_0xb6d2cb48 -> pdu_0xb6d2d7e0 -> pdu_0xb6d2e478 -> pdu_0xb6d2f110 -> pdu_0xb6d2fda8 -> pdu_0xb6d30a40 -> pdu_0xb6d316d8 -> pdu_0xb6d32370 -> pdu_0xb6d33008 -> pdu_0xb6d33ca0 -> pdu_0xb6d34938 -> pdu_0xb6d355d0 -> pdu_0xb6d36268 -> pdu_0xb6d36f00 -> pdu_0xb6d37b98 -> pdu_0xb6d38830 -> pdu_0xb6d394c8 -> pdu_0xb6d3a160 -> pdu_0xb6d3adf8 -> pdu_0xb6d3ba90 -> pdu_0xb6d3c728 -> pdu_0xb6d3d3c0 -> pdu_0xb6d3e058 -> pdu_0xb6d3ecf0 -> pdu_0xb6d3f988 -> pdu_0xb6d40620 -> pdu_0xb6d412b8 -> pdu_0xb6d41f50 -> pdu_0xb6d42be8 -> pdu_0xb6d43880 -> pdu_0xb6d44518 -> pdu_0xb6d451b0 -> pdu_0xb6d45e48 -> pdu_0xb6d46ae0 -> pdu_0xb6d47778 -> pdu_0xb6d48410 -> pdu_0xb6d490a8 -> pdu_0xb6d49d40 -> pdu_0xb6d4a9d8 -> pdu_0xb6d4b670 -> pdu_0xb6d4c308 -> pdu_0xb6d4cfa0 -> pdu_0xb6d4dc38 -> pdu_0xb6d4e8d0 -> pdu_0xb6d4f568 -> pdu_0xb6d50200 -> pdu_0xb6d50e98 -> pdu_0xb6d51b30 -> pdu_0xb6d527c8 -> pdu_0xb6d53460 -> pdu_0xb6d540f8 -> pdu_0xb6d54d90 -> pdu_0xb6d55a28 -> pdu_0xb6d566c0 -> pdu_0xb6d57358 -> pdu_0xb6d57ff0 -> pdu_0xb6d58c88 -> pdu_0xb6d59920 -> pdu_0xb6d5a5b8 -> pdu_0xb6d5b250 -> pdu_0xb6d5bee8 -> pdu_0xb6d5cb80 -> pdu_0xb6d5d818 -> pdu_0xb6d5e4b0 -> pdu_0xb6d5f148 -> pdu_0xb6d5fde0 -> pdu_0xb6d60a78 -> pdu_0xb6d61710 -> pdu_0xb6d623a8 -> pdu_0xb6d63040 -> pdu_0xb6d63cd8 -> pdu_0xb6d64970 -> pdu_0xb6d65608 -> pdu_0xb6d662a0 -> pdu_0xb6d66f38 -> pdu_0xb6d67bd0 -> pdu_0xb6d68868 -> pdu_0xb6d69500 -> pdu_0xb6d6a198 -> pdu_0xb6d6ae30 -> pdu_0xb6d6bac8 -> pdu_0xb6d6c760 -> pdu_0xb6d6d3f8 -> pdu_0xb6d6e090 -> pdu_0xb6d6ed28 -> pdu_0xb6d6f9c0 -> pdu_0xb6d70658 -> pdu_0xb6d712f0 -> pdu_0xb6d71f88 -> pdu_0xb6d72c20 -> pdu_0xb6d738b8 -> pdu_0xb6d74550 -> pdu_0xb6d751e8 -> pdu_0xb6d75e80 -> pdu_0xb6d76b18 -> pdu_0xb6d777b0 -> pdu_0xb6d78448 -> pdu_0xb6d790e0 -> pdu_0xb6d79d78 -> pdu_0xb6d7aa10 -> pdu_0xb6d7b6a8 -> pdu_0xb6d7c340 -> pdu_0xb6d7cfd8 -> pdu_0xb6d7dc70 -> pdu_0xb6d7e908 -> pdu_0xb6d7f5a0 -> pdu_0xb6d80238 -> pdu_0xb6d80ed0 -> pdu_0xb6d81b68 -> pdu_0xb6d82800 -> pdu_0xb6d83498 -> pdu_0xb6d84130 -> pdu_0xb6d84dc8 -> pdu_0xb6d85a60 -> pdu_0xb6d866f8 -> pdu_0xb6d87390 -> pdu_0xb6d88028 -> pdu_0xb6d88cc0 -> pdu_0xb6d89958 -> pdu_0xb6d8a5f0 -> pdu_0xb6d8b288 -> pdu_0xb6d8bf20 -> pdu_0xb6d8cbb8 -> pdu_0xb6d8d850 -> pdu_0xb6d8e4e8 -> pdu_0xb6d8f180 -> pdu_0xb6d8fe18 -> pdu_0xb6d90ab0 -> pdu_0xb6d91748 -> pdu_0xb6d923e0 -> pdu_0xb6d93078 -> pdu_0xb6d93d10 -> pdu_0xb6d949a8 -> pdu_0xb6d95640 -> pdu_0xb6d962d8 -> pdu_0xb6d96f70 -> pdu_0xb6d97c08 -> pdu_0xb6d988a0 -> pdu_0xb6d99538 -> pdu_0xb6d9a1d0 -> pdu_0xb6d9ae68 -> pdu_0xb6d9bb00 -> pdu_0xb6d9c798 -> pdu_0xb6d9d430 -> pdu_0xb6d9e0c8 -> pdu_0xb6d9ed60 -> pdu_0xb6d9f9f8 -> pdu_0xb6da0690 -> pdu_0xb6da1328 -> pdu_0xb6da1fc0 -> pdu_0xb6da2c58 -> pdu_0xb6da38f0 -> pdu_0xb6da4588 -> pdu_0xb6da5220 -> pdu_0xb6da5eb8 -> pdu_0xb6da6b50 -> pdu_0xb6da77e8 -> pdu_0xb6da8480 -> pdu_0xb6da9118 -> pdu_0xb6da9db0 -> pdu_0xb6daaa48 -> pdu_0xb6dab6e0 -> pdu_0xb6dac378 -> pdu_0xb6dad010 -> pdu_0xb6dadca8 -> pdu_0xb6dae940 -> pdu_0xb6daf5d8 -> pdu_0xb6db0270 -> pdu_0xb6db0f08 -> pdu_0xb6db1ba0 -> pdu_0xb6db2838 -> pdu_0xb6db34d0 -> pdu_0xb6db4168 -> pdu_0xb6db4e00 -> pdu_0xb6db5a98 -> pdu_0xb6db6730 -> pdu_0xb6db73c8 -> pdu_0xb6db8060 -> pdu_0xb6db8cf8 -> pdu_0xb6db9990 -> pdu_0xb6dba628 -> pdu_0xb6dbb2c0 -> pdu_0xb6dbbf58 -> pdu_0xb6dbcbf0 -> pdu_0xb6dbd888 -> pdu_0xb6dbe520 -> pdu_0xb6dbf1b8 -> pdu_0xb6dbfe50 -> pdu_0xb6dc0ae8 -> pdu_0xb6dc1780 -> pdu_0xb6dc2418 -> pdu_0xb6dc30b0 -> pdu_0xb6dc3d48 -> pdu_0xb6dc49e0 -> pdu_0xb6dc5678 -> pdu_0xb6dc6310 -> pdu_0xb6dc6fa8 -> pdu_0xb6dc7c40 -> pdu_0xb6dc88d8 -> pdu_0xb6dc9570 -> pdu_0xb6dca208 -> pdu_0xb6dcaea0 -> pdu_0xb6dcbb38 -> pdu_0xb6dcc7d0 -> pdu_0xb6dcd468 -> pdu_0xb6dce100 -> pdu_0xb6dced98 -> pdu_0xb6dcfa30 -> pdu_0xb6dd06c8 -> pdu_0xb6dd1360 -> pdu_0xb6dd1ff8 -> pdu_0xb6dd2c90 -> pdu_0xb6dd3928 -> pdu_0xb6dd45c0 -> pdu_0xb6dd5258 -> pdu_0xb6dd5ef0 -> pdu_0xb6dd6b88 -> pdu_0xb6dd7820 -> pdu_0xb6dd84b8 -> pdu_0xb6dd9150 -> pdu_0xb6dd9de8 -> pdu_0xb6ddaa80 -> pdu_0xb6ddb718 -> pdu_0xb6ddc3b0 -> pdu_0xb6ddd048 -> pdu_0xb6dddce0 -> pdu_0xb6dde978 -> pdu_0xb6ddf610 -> pdu_0xb6de02a8 -> pdu_0xb6de0f40 -> pdu_0xb6de1bd8 -> pdu_0xb6de2870 -> pdu_0xb6de3508 -> pdu_0xb6de41a0 -> pdu_0xb6de4e38 -> pdu_0xb6de5ad0 -> pdu_0xb6de6768 -> pdu_0xb6de7400 -> pdu_0xb6de8098 -> pdu_0xb6de8d30 -> pdu_0xb6de99c8 -> pdu_0xb6dea660 -> pdu_0xb6deb2f8 -> pdu_0xb6debf90 -> pdu_0xb6decc28 -> pdu_0xb6ded8c0 -> pdu_0xb6dee558 -> pdu_0xb6def1f0 -> pdu_0xb6defe88 -> pdu_0xb6df0b20 -> pdu_0xb6df17b8 -> pdu_0xb6df2450 -> pdu_0xb6df30e8 -> pdu_0xb6df3d80 -> pdu_0xb6df4a18 -> pdu_0xb6df56b0 -> pdu_0xb6df6348 -> pdu_0xb6df6fe0 -> pdu_0xb6df7c78 -> pdu_0xb6df8910 -> pdu_0xb6df95a8 -> pdu_0xb6dfa240 -> pdu_0xb6dfaed8 -> pdu_0xb6dfbb70 -> pdu_0xb6dfc808 -> pdu_0xb6dfd4a0 -> pdu_0xb6dfe138 -> pdu_0xb6dfedd0 -> pdu_0xb6dffa68 -> pdu_0xb6e00700 -> pdu_0xb6e01398 -> pdu_0xb6e02030 -> pdu_0xb6e02cc8 -> pdu_0xb6e03960 -> pdu_0xb6e045f8 -> pdu_0xb6e05290 -> pdu_0xb6e05f28 -> pdu_0xb6e06bc0 -> pdu_0xb6e07858 -> pdu_0xb6e084f0 -> pdu_0xb6e09188 -> pdu_0xb6e09e20 -> pdu_0xb6e0aab8 -> pdu_0xb6e0b750 -> pdu_0xb6e0c3e8 -> pdu_0xb6e0d080 -> pdu_0xb6e0dd18 -> pdu_0xb6e0e9b0 -> pdu_0xb6e0f648 -> pdu_0xb6e102e0 -> pdu_0xb6e10f78 -> pdu_0xb6e11c10 -> pdu_0xb6e128a8 -> pdu_0xb6e13540 -> pdu_0xb6e141d8 -> pdu_0xb6e14e70 -> pdu_0xb6e15b08 -> pdu_0xb6e167a0 -> pdu_0xb6e17438 -> pdu_0xb6e180d0 -> pdu_0xb6e18d68 -> pdu_0xb6e19a00 -> pdu_0xb6e1a698 -> pdu_0xb6e1b330 -> pdu_0xb6e1bfc8 -> pdu_0xb6e1cc60 -> pdu_0xb6e1d8f8 -> pdu_0xb6e1e590 -> pdu_0xb6e1f228 -> pdu_0xb6e1fec0 -> pdu_0xb6e20b58 -> pdu_0xb6e217f0 -> pdu_0xb6e22488 -> pdu_0xb6e23120 -> pdu_0xb6e23db8 -> pdu_0xb6e24a50 -> pdu_0xb6e256e8 -> pdu_0xb6e26380 -> pdu_0xb6e27018 -> pdu_0xb6e27cb0 -> pdu_0xb6e28948 -> pdu_0xb6e295e0 -> pdu_0xb6e2a278 -> pdu_0xb6e2af10 -> pdu_0xb6e2bba8 -> pdu_0xb6e2c840 -> pdu_0xb6e2d4d8 -> pdu_0xb6e2e170 -> pdu_0xb6e2ee08 -> pdu_0xb6e2faa0 -> pdu_0xb6e30738 -> pdu_0xb6e313d0 -> pdu_0xb6e32068 -> pdu_0xb6e32d00 -> pdu_0xb6e33998 -> pdu_0xb6e34630 -> pdu_0xb6e352c8 -> pdu_0xb6e35f60 -> pdu_0xb6e36bf8 -> pdu_0xb6e37890 -> pdu_0xb6e38528 -> pdu_0xb6e391c0 -> pdu_0xb6e39e58 -> pdu_0xb6e3aaf0 -> pdu_0xb6e3b788 -> pdu_0xb6e3c420 -> pdu_0xb6e3d0b8 -> pdu_0xb6e3dd50 -> pdu_0xb6e3e9e8 -> pdu_0xb6e3f680 -> pdu_0xb6e40318 -> pdu_0xb6e40fb0 -> pdu_0xb6e41c48 -> pdu_0xb6e428e0 -> pdu_0xb6e43578 -> pdu_0xb6e44210 -> pdu_0xb6e44ea8 -> pdu_0xb6e45b40 -> pdu_0xb6e467d8 -> pdu_0xb6e47470 -> pdu_0xb6e48108 -> pdu_0xb6e48da0 -> pdu_0xb6e49a38 -> pdu_0xb6e4a6d0 -> pdu_0xb6e4b368 -> pdu_0xb6e4c000 -> pdu_0xb6e4cc98 -> pdu_0xb6e4d930 -> pdu_0xb6e4e5c8 -> pdu_0xb6e4f260 -> pdu_0xb6e4fef8 -> pdu_0xb6e50b90 -> pdu_0xb6e51828 -> pdu_0xb6e524c0 -> pdu_0xb6e53158 -> pdu_0xb6e53df0 -> pdu_0xb6e54a88 -> pdu_0xb6e55720 -> pdu_0xb6e563b8 -> pdu_0xb6e57050 -> pdu_0xb6e57ce8 -> pdu_0xb6e58980 -> pdu_0xb6e59618 -> pdu_0xb6e5a2b0 -> pdu_0xb6e5af48 -> pdu_0xb6e5bbe0 -> pdu_0xb6e5c878 -> pdu_0xb6e5d510 -> pdu_0xb6e5e1a8 -> pdu_0xb6e5ee40 -> pdu_0xb6e5fad8 -> pdu_0xb6e60770 -> pdu_0xb6e61408 -> pdu_0xb6e620a0 -> pdu_0xb6e62d38 -> pdu_0xb6e639d0 -> pdu_0xb6e64668 -> pdu_0xb6e65300 -> pdu_0xb6e65f98 -> pdu_0xb6e66c30 -> pdu_0xb6e678c8 -> pdu_0xb6e68560 -> pdu_0xb6e691f8 -> pdu_0xb6e69e90 -> pdu_0xb6e6ab28 -> pdu_0xb6e6b7c0 -> pdu_0xb6e6c458 -> pdu_0xb6e6d0f0 -> pdu_0xb6e6dd88 -> pdu_0xb6e6ea20 -> pdu_0xb6e6f6b8 -> pdu_0xb6e70350 -> pdu_0xb6e70fe8 -> pdu_0xb6e71c80 -> pdu_0xb6e72918 -> pdu_0xb6e735b0 -> pdu_0xb6e74248 -> pdu_0xb6e74ee0 -> pdu_0xb6e75b78 -> pdu_0xb6e76810 -> pdu_0xb6e774a8 -> pdu_0xb6e78140 -> pdu_0xb6e78dd8 -> pdu_0xb6e79a70 -> pdu_0xb6e7a708 -> pdu_0xb6e7b3a0 -> pdu_0xb6e7c038 -> pdu_0xb6e7ccd0 -> pdu_0xb6e7d968 -> pdu_0xb6e7e600 -> pdu_0xb6e7f298 -> pdu_0xb6e7ff30 -> pdu_0xb6e80bc8 -> pdu_0xb6e81860 -> pdu_0xb6e824f8 -> pdu_0xb6e83190 -> pdu_0xb6e83e28 -> pdu_0xb6e84ac0 -> pdu_0xb6e85758 -> pdu_0xb6e863f0 -> pdu_0xb6e87088 -> pdu_0xb6e87d20 -> pdu_0xb6e889b8 -> pdu_0xb6e89650 -> pdu_0xb6e8a2e8 -> pdu_0xb6e8af80 -> pdu_0xb6e8bc18 -> pdu_0xb6e8c8b0 -> pdu_0xb6e8d548 -> pdu_0xb6e8e1e0 -> pdu_0xb6e8ee78 -> pdu_0xb6e8fb10 -> pdu_0xb6e907a8 -> pdu_0xb6e91440 -> pdu_0xb6e920d8 -> pdu_0xb6e92d70 -> pdu_0xb6e93a08 -> pdu_0xb6e946a0 -> pdu_0xb6e95338 -> pdu_0xb6e95fd0 -> pdu_0xb6e96c68 -> pdu_0xb6e97900 -> pdu_0xb6e98598 -> pdu_0xb6e99230 -> pdu_0xb6e99ec8 -> pdu_0xb6e9ab60 -> pdu_0xb6e9b7f8 -> pdu_0xb6e9c490 -> pdu_0xb6e9d128 -> pdu_0xb6e9ddc0 -> pdu_0xb6e9ea58 -> pdu_0xb6e9f6f0 -> pdu_0xb6ea0388 -> pdu_0xb6ea1020 -> pdu_0xb6ea1cb8 -> pdu_0xb6ea2950 -> pdu_0xb6ea35e8 -> pdu_0xb6ea4280 -> pdu_0xb6ea4f18 -> pdu_0xb6ea5bb0 -> pdu_0xb6ea6848 -> pdu_0xb6ea74e0 -> pdu_0xb6ea8178 -> pdu_0xb6ea8e10 -> pdu_0xb6ea9aa8 -> pdu_0xb6eaa740 -> pdu_0xb6eab3d8 -> pdu_0xb6eac070 -> pdu_0xb6eacd08 -> pdu_0xb6ead9a0 -> pdu_0xb6eae638 -> pdu_0xb6eaf2d0 -> pdu_0xb6eaff68 -> pdu_0xb6eb0c00 -> pdu_0xb6eb1898 -> pdu_0xb6eb2530 -> pdu_0xb6eb31c8 -> pdu_0xb6eb3e60 -> pdu_0xb6eb4af8 -> pdu_0xb6eb5790 -> pdu_0xb6eb6428 -> pdu_0xb6eb70c0 -> pdu_0xb6eb7d58 -> pdu_0xb6eb89f0 -> pdu_0xb6eb9688 -> pdu_0xb6eba320 -> pdu_0xb6ebafb8 -> pdu_0xb6ebbc50 -> pdu_0xb6ebc8e8 -> pdu_0xb6ebd580 -> pdu_0xb6ebe218 -> pdu_0xb6ebeeb0 -> pdu_0xb6ebfb48 -> pdu_0xb6ec07e0 -> pdu_0xb6ec1478 -> pdu_0xb6ec2110 -> pdu_0xb6ec2da8 -> pdu_0xb6ec3a40 -> pdu_0xb6ec46d8 -> pdu_0xb6ec5370 -> pdu_0xb6ec6008 -> pdu_0xb6ec6ca0 -> pdu_0xb6ec7938 -> pdu_0xb6ec85d0 -> pdu_0xb6ec9268 -> pdu_0xb6ec9f00 -> pdu_0xb6ecab98 -> pdu_0xb6ecb830 -> pdu_0xb6ecc4c8 -> pdu_0xb6ecd160 -> pdu_0xb6ecddf8 -> pdu_0xb6ecea90 -> pdu_0xb6ecf728 -> pdu_0xb6ed03c0 -> pdu_0xb6ed1058 -> pdu_0xb6ed1cf0 -> pdu_0xb6ed2988 -> pdu_0xb6ed3620 -> pdu_0xb6ed42b8 -> pdu_0xb6ed4f50 -> pdu_0xb6ed5be8 -> pdu_0xb6ed6880 -> pdu_0xb6ed7518 -> pdu_0xb6ed81b0 -> pdu_0xb6ed8e48 -> pdu_0xb6ed9ae0 -> pdu_0xb6eda778 -> pdu_0xb6edb410 -> pdu_0xb6edc0a8 -> pdu_0xb6edcd40 -> pdu_0xb6edd9d8 -> pdu_0xb6ede670 -> pdu_0xb6edf308 -> pdu_0xb6edffa0 -> pdu_0xb6ee0c38 -> pdu_0xb6ee18d0 -> pdu_0xb6ee2568 -> pdu_0xb6ee3200 -> pdu_0xb6ee3e98 -> pdu_0xb6ee4b30 -> pdu_0xb6ee57c8 -> pdu_0xb6ee6460 -> pdu_0xb6ee70f8 -> pdu_0xb6ee7d90 -> pdu_0xb6ee8a28 -> pdu_0xb6ee96c0 -> pdu_0xb6eea358 -> pdu_0xb6eeaff0 -> pdu_0xb6eebc88 -> pdu_0xb6eec920 -> pdu_0xb6eed5b8 -> pdu_0xb6eee250 -> pdu_0xb6eeeee8 -> pdu_0xb6eefb80 -> pdu_0xb6ef0818 -> pdu_0xb6ef14b0 -> pdu_0xb6ef2148 -> pdu_0xb6ef2de0 -> pdu_0xb6ef3a78 -> pdu_0xb6ef4710 -> pdu_0xb6ef53a8 -> pdu_0xb6ef6040 -> pdu_0xb6ef6cd8 -> pdu_0xb6ef7970 -> pdu_0xb6ef8608 -> pdu_0xb6ef92a0 -> pdu_0xb6ef9f38 -> pdu_0xb6efabd0 -> pdu_0xb6efb868 -> pdu_0xb6efc500 -> pdu_0xb6efd198 -> pdu_0xb6efde30 -> pdu_0xb6efeac8 -> pdu_0xb6eff760 -> pdu_0xb6f003f8 -> pdu_0xb6f01090 -> pdu_0xb6f01d28 -> pdu_0xb6f029c0 -> pdu_0xb6f03658 -> pdu_0xb6f042f0 -> pdu_0xb6f04f88 -> pdu_0xb6f05c20 -> pdu_0xb6f068b8 -> pdu_0xb6f07550 -> pdu_0xb6f081e8 -> pdu_0xb6f08e80 -> pdu_0xb6f09b18 -> pdu_0xb6f0a7b0 -> pdu_0xb6f0b448 -> pdu_0xb6f0c0e0 -> pdu_0xb6f0cd78 -> pdu_0xb6f0da10 -> pdu_0xb6f0e6a8 -> pdu_0xb6f0f340 -> pdu_0xb6f0ffd8 -> pdu_0xb6f10c70 -> pdu_0xb6f11908 -> pdu_0xb6f125a0 -> pdu_0xb6f13238 -> pdu_0xb6f13ed0 -> pdu_0xb6f14b68 -> pdu_0xb6f15800 -> pdu_0xb6f16498 -> pdu_0xb6f17130 -> pdu_0xb6f17dc8 -> pdu_0xb6f18a60 -> pdu_0xb6f196f8 -> pdu_0xb6f1a390 -> pdu_0xb6f1b028 -> pdu_0xb6f1bcc0 -> pdu_0xb6f1c958 -> pdu_0xb6f1d5f0 -> pdu_0xb6f1e288 -> pdu_0xb6f1ef20 -> pdu_0xb6f1fbb8 -> pdu_0xb6f20850 -> pdu_0xb6f214e8 -> pdu_0xb6f22180 -> pdu_0xb6f22e18 -> pdu_0xb6f23ab0 -> pdu_0xb6f24748 -> pdu_0xb6f253e0 -> pdu_0xb6f26078 -> pdu_0xb6f26d10 -> pdu_0xb6f279a8 -> pdu_0xb6f28640 -> pdu_0xb6f292d8 -> pdu_0xb6f29f70 -> pdu_0xb6f2ac08 -> pdu_0xb6f2b8a0 -> pdu_0xb6f2c538 -> pdu_0xb6f2d1d0 -> pdu_0xb6f2de68 -> pdu_0xb6f2eb00 -> pdu_0xb6f2f798 -> pdu_0xb6f30430 -> pdu_0xb6f310c8 -> pdu_0xb6f31d60 -> pdu_0xb6f329f8 -> pdu_0xb6f33690 -> pdu_0xb6f34328 -> pdu_0xb6f34fc0 -> pdu_0xb6f35c58 -> pdu_0xb6f368f0 -> pdu_0xb6f37588 -> pdu_0xb6f38220 -> pdu_0xb6f38eb8 -> pdu_0xb6f39b50 -> pdu_0xb6f3a7e8 -> pdu_0xb6f3b480 -> pdu_0xb6f3c118 -> pdu_0xb6f3cdb0 -> pdu_0xb6f3da48 -> pdu_0xb6f3e6e0 -> pdu_0xb6f3f378 -> pdu_0xb6f40010 -> pdu_0xb6f40ca8 -> pdu_0xb6f41940 -> pdu_0xb6f425d8 -> pdu_0xb6f43270 -> pdu_0xb6f43f08 -> pdu_0xb6f44ba0 -> pdu_0xb6f45838 -> pdu_0xb6f464d0 -> pdu_0xb6f47168 -> pdu_0xb6f47e00 -> pdu_0xb6f48a98 -> pdu_0xb6f49730 -> pdu_0xb6f4a3c8 -> pdu_0xb6f4b060 -> pdu_0xb6f4bcf8 -> pdu_0xb6f4c990 -> pdu_0xb6f4d628 -> pdu_0xb6f4e2c0 -> pdu_0xb6f4ef58 -> pdu_0xb6f4fbf0 -> pdu_0xb6f50888 -> pdu_0xb6f51520 -> pdu_0xb6f521b8 -> pdu_0xb6f52e50 -> pdu_0xb6f53ae8 -> pdu_0xb6f54780 -> pdu_0xb6f55418 -> pdu_0xb6f560b0 -> pdu_0xb6f56d48 -> pdu_0xb6f579e0 -> pdu_0xb6f58678 -> pdu_0xb6f59310 -> pdu_0xb6f59fa8 -> pdu_0xb6f5ac40 -> pdu_0xb6f5b8d8 -> pdu_0xb6f5c570 -> pdu_0xb6f5d208 -> pdu_0xb6f5dea0 -> pdu_0xb6f5eb38 -> pdu_0xb6f5f7d0 -> pdu_0xb6f60468 -> pdu_0xb6f61100 -> pdu_0xb6f61d98 -> pdu_0xb6f62a30 -> pdu_0xb6f636c8 -> pdu_0xb6f64360 -> pdu_0xb6f64ff8 -> pdu_0xb6f65c90 -> pdu_0xb6f66928 -> pdu_0xb6f675c0 -> pdu_0xb6f68258 -> pdu_0xb6f68ef0 -> pdu_0xb6f69b88 -> pdu_0xb6f6a820 -> pdu_0xb6f6b4b8 -> pdu_0xb6f6c150 -> pdu_0xb6f6cde8 -> pdu_0xb6f6da80 -> pdu_0xb6f6e718 -> pdu_0xb6f6f3b0 -> pdu_0xb6f70048 -> pdu_0xb6f70ce0 -> pdu_0xb6f71978 -> pdu_0xb6f72610 -> pdu_0xb6f732a8 -> pdu_0xb6f73f40 -> pdu_0xb6f74bd8 -> pdu_0xb6f75870 -> pdu_0xb6f76508 -> pdu_0xb6f771a0 -> pdu_0xb6f77e38 -> pdu_0xb6f78ad0 -> pdu_0xb6f79768 -> pdu_0xb6f7a400 -> pdu_0xb6f7b098 -> pdu_0xb6f7bd30 -> pdu_0xb6f7c9c8 -> pdu_0xb6f7d660 -> pdu_0xb6f7e2f8 -> pdu_0xb6f7ef90 -> pdu_0xb6f7fc28 -> pdu_0xb6f808c0 -> pdu_0xb6f81558 -> pdu_0xb6f821f0 -> pdu_0xb6f82e88 -> pdu_0xb6f83b20 -> pdu_0xb6f847b8 -> pdu_0xb6f85450 -> pdu_0xb6f860e8 -> pdu_0xb6f86d80 -> pdu_0xb6f87a18 -> pdu_0xb6f886b0 -> pdu_0xb6f89348 -> pdu_0xb6f89fe0 -> pdu_0xb6f8ac78 -> pdu_0xb6f8b910 -> pdu_0xb6f8c5a8 -> pdu_0xb6f8d240 -> pdu_0xb6f8ded8 -> pdu_0xb6f8eb70 -> pdu_0xb6f8f808 -> pdu_0xb6f904a0 -> pdu_0xb6f91138 -> pdu_0xb6f91dd0 -> pdu_0xb6f92a68 -> pdu_0xb6f93700 -> pdu_0xb6f94398 -> pdu_0xb6f95030 -> pdu_0xb6f95cc8 -> pdu_0xb6f96960 -> pdu_0xb6f975f8 -> pdu_0xb6f98290 -> pdu_0xb6f98f28 -> pdu_0xb6f99bc0 -> pdu_0xb6f9a858 -> pdu_0xb6f9b4f0 -> pdu_0xb6f9c188 -> pdu_0xb6f9ce20 -> pdu_0xb6f9dab8 -> pdu_0xb6f9e750 -> pdu_0xb6f9f3e8 -> pdu_0xb6fa0080 -> pdu_0xb6fa0d18 -> pdu_0xb6fa19b0 -> pdu_0xb6fa2648 -> pdu_0xb6fa32e0 -> pdu_0xb6fa3f78 -> pdu_0xb6fa4c10 -> pdu_0xb6fa58a8 -> pdu_0xb6fa6540 -> pdu_0xb6fa71d8 -> pdu_0xb6fa7e70 -> pdu_0xb6fa8b08 -> pdu_0xb6fa97a0 -> pdu_0xb6faa438 -> pdu_0xb6fab0d0 -> pdu_0xb6fabd68 -> pdu_0xb6faca00 -> pdu_0xb6fad698 -> pdu_0xb6fae330 -> pdu_0xb6faefc8 -> pdu_0xb6fafc60 -> pdu_0xb6fb08f8 -> pdu_0xb6fb1590 -> pdu_0xb6fb2228 -> pdu_0xb6fb2ec0 -> pdu_0xb6fb3b58 -> pdu_0xb6fb47f0 -> pdu_0xb6fb5488 -> pdu_0xb6fb6120 -> pdu_0xb6fb6db8 -> pdu_0xb6fb7a50 -> pdu_0xb6fb86e8 -> pdu_0xb6fb9380 -> pdu_0xb6fba018 -> pdu_0xb6fbacb0 -> pdu_0xb6fbb948 -> pdu_0xb6fbc5e0 -> pdu_0xb6fbd278 -> pdu_0xb6fbdf10 -> pdu_0xb6fbeba8 -> pdu_0xb6fbf840 -> pdu_0xb6fc04d8 -> pdu_0xb6fc1170 -> pdu_0xb6fc1e08 -> pdu_0xb6fc2aa0 -> pdu_0xb6fc3738 -> pdu_0xb6fc43d0 -> pdu_0xb6fc5068 -> pdu_0xb6fc5d00 -> pdu_0xb6fc6998 -> pdu_0xb6fc7630 -> pdu_0xb6fc82c8 -> pdu_0xb6fc8f60 -> pdu_0xb6fc9bf8 -> pdu_0xb6fca890 -> pdu_0xb6fcb528 -> pdu_0xb6fcc1c0 -> pdu_0xb6fcce58 -> pdu_0xb6fcdaf0 -> pdu_0xb6fce788 -> pdu_0xb6fcf420 -> pdu_0xb6fd00b8 -> pdu_0xb6fd0d50 -> pdu_0xb6fd19e8 -> pdu_0xb6fd2680 -> pdu_0xb6fd3318 -> pdu_0xb6fd3fb0 -> pdu_0xb6fd4c48 -> pdu_0xb6fd58e0 -> pdu_0xb6fd6578 -> pdu_0xb6fd7210 -> pdu_0xb6fd7ea8 -> pdu_0xb6fd8b40 -> pdu_0xb6fd97d8 -> pdu_0xb6fda470 -> pdu_0xb6fdb108 -> pdu_0xb6fdbda0 -> pdu_0xb6fdca38 -> pdu_0xb6fdd6d0 -> pdu_0xb6fde368 -> pdu_0xb6fdf000 -> pdu_0xb6fdfc98 -> pdu_0xb6fe0930 -> pdu_0xb6fe15c8 -> pdu_0xb6fe2260 -> pdu_0xb6fe2ef8 -> pdu_0xb6fe3b90 -> pdu_0xb6fe4828 -> pdu_0xb6fe54c0 -> pdu_0xb6fe6158 -> pdu_0xb6fe6df0 -> pdu_0xb6fe7a88 -> pdu_0xb6fe8720 -> pdu_0xb6fe93b8 -> pdu_0xb6fea050 -> pdu_0xb6feace8 -> pdu_0xb6feb980 -> pdu_0xb6fec618 -> pdu_0xb6fed2b0 -> pdu_0xb6fedf48 -> pdu_0xb6feebe0 -> pdu_0xb6fef878 -> pdu_0xb6ff0510 -> pdu_0xb6ff11a8 -> pdu_0xb6ff1e40 -> pdu_0xb6ff2ad8 -> pdu_0xb6ff3770 -> pdu_0xb6ff4408 -> pdu_0xb6ff50a0 -> pdu_0xb6ff5d38 -> pdu_0xb6ff69d0 -> pdu_0xb6ff7668 -> pdu_0xb6ff8300 -> pdu_0xb6ff8f98 -> pdu_0xb6ff9c30 -> pdu_0xb6ffa8c8 -> pdu_0xb6ffb560 -> pdu_0xb6ffc1f8 -> pdu_0xb6ffce90 -> pdu_0xb6ffdb28 -> pdu_0xb6ffe7c0 -> pdu_0xb6fff458 -> pdu_0xb70000f0 -> pdu_0xb7000d88 -> pdu_0xb7001a20 -> pdu_0xb70026b8 -> pdu_0xb7003350 -> pdu_0xb7003fe8 -> pdu_0xb7004c80 -> pdu_0xb7005918 -> pdu_0xb70065b0 -> pdu_0xb7007248 -> pdu_0xb7007ee0 -> pdu_0xb7008b78 -> pdu_0xb7009810 -> pdu_0xb700a4a8 -> pdu_0xb700b140 -> pdu_0xb700bdd8 -> pdu_0xb700ca70 -> pdu_0xb700d708 -> pdu_0xb700e3a0 -> pdu_0xb700f038 -> pdu_0xb700fcd0 -> pdu_0xb7010968 -> pdu_0xb7011600 -> pdu_0xb7012298 -> pdu_0xb7012f30 -> pdu_0xb7013bc8 -> pdu_0xb7014860 -> pdu_0xb70154f8 -> pdu_0xb7016190 -> pdu_0xb7016e28 -> pdu_0xb7017ac0 -> pdu_0xb7018758 -> pdu_0xb70193f0 -> pdu_0xb701a088 -> pdu_0xb701ad20 -> pdu_0xb701b9b8 -> pdu_0xb701c650 -> pdu_0xb701d2e8 -> pdu_0xb701df80 -> pdu_0xb701ec18 -> pdu_0xb701f8b0 -> pdu_0xb7020548 -> pdu_0xb70211e0 -> pdu_0xb7021e78 -> pdu_0xb7022b10 -> pdu_0xb70237a8 -> pdu_0xb7024440 -> pdu_0xb70250d8 -> pdu_0xb7025d70 -> pdu_0xb7026a08 -> pdu_0xb70276a0 -> pdu_0xb7028338 -> pdu_0xb7028fd0 -> pdu_0xb7029c68 -> pdu_0xb702a900 -> pdu_0xb702b598 -> pdu_0xb702c230 -> pdu_0xb702cec8 -> pdu_0xb702db60 -> pdu_0xb702e7f8 -> pdu_0xb702f490 -> pdu_0xb7030128 -> pdu_0xb7030dc0 -> pdu_0xb7031a58 -> pdu_0xb70326f0 -> pdu_0xb7033388 -> pdu_0xb7034020 -> pdu_0xb7034cb8 -> pdu_0xb7035950 -> pdu_0xb70365e8 -> pdu_0xb7037280 -> pdu_0xb7037f18 -> pdu_0xb7038bb0 -> pdu_0xb7039848 -> pdu_0xb703a4e0 -> pdu_0xb703b178 -> pdu_0xb703be10 -> pdu_0xb703caa8 -> pdu_0xb703d740 -> pdu_0xb703e3d8 -> pdu_0xb703f070 -> pdu_0xb703fd08 -> pdu_0xb70409a0 -> pdu_0xb7041638 -> pdu_0xb70422d0 -> pdu_0xb7042f68 -> pdu_0xb7043c00 -> pdu_0xb7044898 -> pdu_0xb7045530 -> pdu_0xb70461c8 -> pdu_0xb7046e60 -> pdu_0xb7047af8 -> pdu_0xb7048790 -> pdu_0xb7049428 -> pdu_0xb704a0c0 -> pdu_0xb704ad58 -> pdu_0xb704b9f0 -> pdu_0xb704c688 -> pdu_0xb704d320 -> pdu_0xb704dfb8 -> pdu_0xb704ec50 -> pdu_0xb704f8e8 -> pdu_0xb7050580 -> pdu_0xb7051218 -> pdu_0xb7051eb0 -> pdu_0xb7052b48 -> pdu_0xb70537e0 -> pdu_0xb7054478 -> pdu_0xb7055110 -> pdu_0xb7055da8 -> pdu_0xb7056a40 -> pdu_0xb70576d8 -> pdu_0xb7058370 -> pdu_0xb7059008 -> pdu_0xb7059ca0 -> pdu_0xb705a938 -> pdu_0xb705b5d0 -> pdu_0xb705c268 -> pdu_0xb705cf00 -> pdu_0xb705db98 -> pdu_0xb705e830 -> pdu_0xb705f4c8 -> pdu_0xb7060160 -> pdu_0xb7060df8 -> pdu_0xb7061a90 -> pdu_0xb7062728 -> pdu_0xb70633c0 -> pdu_0xb7064058 -> pdu_0xb7064cf0 -> pdu_0xb7065988 -> pdu_0xb7066620 -> pdu_0xb70672b8 -> pdu_0xb7067f50 -> pdu_0xb7068be8 -> pdu_0xb7069880 -> pdu_0xb706a518 -> pdu_0xb706b1b0 -> pdu_0xb706be48 -> pdu_0xb706cae0 -> pdu_0xb706d778 -> pdu_0xb706e410 -> pdu_0xb706f0a8 -> pdu_0xb706fd40 -> pdu_0xb70709d8 -> pdu_0xb7071670 -> pdu_0xb7072308 -> pdu_0xb7072fa0 -> pdu_0xb7073c38 -> pdu_0xb70748d0 -> pdu_0xb7075568 -> pdu_0xb7076200 -> pdu_0xb7076e98 -> pdu_0xb7077b30 -> pdu_0xb70787c8 -> pdu_0xb7079460 -> pdu_0xb707a0f8 -> pdu_0xb707ad90 -> pdu_0xb707ba28 -> pdu_0xb707c6c0 -> pdu_0xb707d358 -> pdu_0xb707dff0 -> pdu_0xb707ec88 -> pdu_0xb707f920 -> pdu_0xb70805b8 -> pdu_0xb7081250 -> pdu_0xb7081ee8 -> pdu_0xb7082b80 -> pdu_0xb7083818 -> pdu_0xb70844b0 -> pdu_0xb7085148 -> pdu_0xb7085de0 -> pdu_0xb7086a78 -> pdu_0xb7087710 -> pdu_0xb70883a8 -> pdu_0xb7089040 -> pdu_0xb7089cd8 -> pdu_0xb708a970 -> pdu_0xb708b608 -> pdu_0xb708c2a0 -> pdu_0xb708cf38 -> pdu_0xb708dbd0 -> pdu_0xb708e868 -> pdu_0xb708f500 -> pdu_0xb7090198 -> pdu_0xb7090e30 -> pdu_0xb7091ac8 -> pdu_0xb7092760 -> pdu_0xb70933f8 -> pdu_0xb7094090 -> pdu_0xb7094d28 -> pdu_0xb70959c0 -> pdu_0xb7096658 -> pdu_0xb70972f0 -> pdu_0xb7097f88 -> pdu_0xb7098c20 -> pdu_0xb70998b8 -> pdu_0xb709a550 -> pdu_0xb709b1e8 -> pdu_0xb709be80 -> pdu_0xb709cb18 -> pdu_0xb709d7b0 -> pdu_0xb709e448 -> pdu_0xb709f0e0 -> pdu_0xb709fd78 -> pdu_0xb70a0a10 -> pdu_0xb70a16a8 -> pdu_0xb70a2340 -> pdu_0xb70a2fd8 -> pdu_0xb70a3c70 -> pdu_0xb70a4908 -> pdu_0xb70a55a0 -> pdu_0xb70a6238 -> pdu_0xb70a6ed0 -> pdu_0xb70a7b68 -> pdu_0xb70a8800 -> pdu_0xb70a9498 -> pdu_0xb70aa130 -> pdu_0xb70aadc8 -> pdu_0xb70aba60 -> pdu_0xb70ac6f8 -> pdu_0xb70ad390 -> pdu_0xb70ae028 -> pdu_0xb70aecc0 -> pdu_0xb70af958 -> pdu_0xb70b05f0 -> pdu_0xb70b1288 -> pdu_0xb70b1f20 -> pdu_0xb70b2bb8 -> pdu_0xb70b3850 -> pdu_0xb70b44e8 -> pdu_0xb70b5180 -> pdu_0xb70b5e18 -> pdu_0xb70b6ab0 -> pdu_0xb70b7748 -> pdu_0xb70b83e0 -> pdu_0xb70b9078 -> pdu_0xb70b9d10 -> pdu_0xb70ba9a8 -> pdu_0xb70bb640 -> pdu_0xb70bc2d8 -> pdu_0xb70bcf70 -> pdu_0xb70bdc08 -> pdu_0xb70be8a0 -> pdu_0xb70bf538 -> pdu_0xb70c01d0 -> pdu_0xb70c0e68 -> pdu_0xb70c1b00 -> pdu_0xb70c2798 -> pdu_0xb70c3430 -> pdu_0xb70c40c8 -> pdu_0xb70c4d60 -> pdu_0xb70c59f8 -> pdu_0xb70c6690 -> pdu_0xb70c7328 -> pdu_0xb70c7fc0 -> pdu_0xb70c8c58 -> pdu_0xb70c98f0 -> pdu_0xb70ca588 -> pdu_0xb70cb220 -> pdu_0xb70cbeb8 -> pdu_0xb70ccb50 -> pdu_0xb70cd7e8 -> pdu_0xb70ce480 -> pdu_0xb70cf118 -> pdu_0xb70cfdb0 -> pdu_0xb70d0a48 -> pdu_0xb70d16e0 -> pdu_0xb70d2378 -> pdu_0xb70d3010 -> pdu_0xb70d3ca8 -> pdu_0xb70d4940 -> pdu_0xb70d55d8 -> pdu_0xb70d6270 -> pdu_0xb70d6f08 -> pdu_0xb70d7ba0 -> pdu_0xb70d8838 -> pdu_0xb70d94d0 -> pdu_0xb70da168 -> pdu_0xb70dae00 -> pdu_0xb70dba98 -> pdu_0xb70dc730 -> pdu_0xb70dd3c8 -> pdu_0xb70de060 -> pdu_0xb70decf8 -> pdu_0xb70df990 -> pdu_0xb70e0628 -> pdu_0xb70e12c0 -> pdu_0xb70e1f58 -> pdu_0xb70e2bf0 -> pdu_0xb70e3888 -> pdu_0xb70e4520 -> pdu_0xb70e51b8 -> pdu_0xb70e5e50 -> pdu_0xb70e6ae8 -> pdu_0xb70e7780 -> pdu_0xb70e8418 -> pdu_0xb70e90b0 -> pdu_0xb70e9d48 -> pdu_0xb70ea9e0 -> pdu_0xb70eb678 -> pdu_0xb70ec310 -> pdu_0xb70ecfa8 -> pdu_0xb70edc40 -> pdu_0xb70ee8d8 -> pdu_0xb70ef570 -> pdu_0xb70f0208 -> pdu_0xb70f0ea0 -> pdu_0xb70f1b38 -> pdu_0xb70f27d0 -> pdu_0xb70f3468 -> pdu_0xb70f4100 -> pdu_0xb70f4d98 -> pdu_0xb70f5a30 -> pdu_0xb70f66c8 -> pdu_0xb70f7360 -> pdu_0xb70f7ff8 -> pdu_0xb70f8c90 -> pdu_0xb70f9928 -> pdu_0xb70fa5c0 -> pdu_0xb70fb258 -> pdu_0xb70fbef0 -> pdu_0xb70fcb88 -> pdu_0xb70fd820 -> pdu_0xb70fe4b8 -> pdu_0xb70ff150 -> pdu_0xb70ffde8 -> pdu_0xb7100a80 -> pdu_0xb7101718 -> pdu_0xb71023b0 -> pdu_0xb7103048 -> pdu_0xb7103ce0 -> pdu_0xb7104978 -> pdu_0xb7105610 -> pdu_0xb71062a8 -> pdu_0xb7106f40 -> pdu_0xb7107bd8 -> pdu_0xb7108870 -> pdu_0xb7109508 -> pdu_0xb710a1a0 -> pdu_0xb710ae38 -> pdu_0xb710bad0 -> pdu_0xb710c768 -> pdu_0xb710d400 -> pdu_0xb710e098 -> pdu_0xb710ed30 -> pdu_0xb710f9c8 -> pdu_0xb7110660 -> pdu_0xb71112f8 -> pdu_0xb7111f90 -> pdu_0xb7112c28 -> pdu_0xb71138c0 -> pdu_0xb7114558 -> pdu_0xb71151f0 -> pdu_0xb7115e88 -> pdu_0xb7116b20 -> pdu_0xb71177b8 -> pdu_0xb7118450 -> pdu_0xb71190e8 -> pdu_0xb7119d80 -> pdu_0xb711aa18 -> pdu_0xb711b6b0 -> pdu_0xb711c348 -> pdu_0xb711cfe0 -> pdu_0xb711dc78 -> pdu_0xb711e910 -> pdu_0xb711f5a8 -> pdu_0xb7120240 -> pdu_0xb7120ed8 -> pdu_0xb7121b70 -> pdu_0xb7122808 -> pdu_0xb71234a0 -> pdu_0xb7124138 -> pdu_0xb7124dd0 -> pdu_0xb7125a68 -> pdu_0xb7126700 -> pdu_0xb7127398 -> pdu_0xb7128030 -> pdu_0xb7128cc8 -> pdu_0xb7129960 -> pdu_0xb712a5f8 -> pdu_0xb712b290 -> pdu_0xb712bf28 -> pdu_0xb712cbc0 -> pdu_0xb712d858 -> pdu_0xb712e4f0 -> pdu_0xb712f188 -> pdu_0xb712fe20 -> pdu_0xb7130ab8 -> pdu_0xb7131750 -> pdu_0xb71323e8 -> pdu_0xb7133080 -> pdu_0xb7133d18 -> pdu_0xb71349b0 -> pdu_0xb7135648 -> pdu_0xb71362e0 -> pdu_0xb7136f78 -> pdu_0xb7137c10 -> pdu_0xb71388a8 -> pdu_0xb7139540 -> pdu_0xb713a1d8 -> pdu_0xb713ae70 -> pdu_0xb713bb08 -> pdu_0xb713c7a0 -> pdu_0xb713d438 -> pdu_0xb713e0d0 -> pdu_0xb713ed68 -> pdu_0xb713fa00 -> pdu_0xb7140698 -> pdu_0xb7141330 -> pdu_0xb7141fc8 -> pdu_0xb7142c60 -> pdu_0xb71438f8 -> pdu_0xb7144590 -> pdu_0xb7145228 -> pdu_0xb7145ec0 -> pdu_0xb7146b58 -> pdu_0xb71477f0 -> pdu_0xb7148488 -> pdu_0xb7149120 -> pdu_0xb7149db8 -> pdu_0xb714aa50 -> pdu_0xb714b6e8 -> pdu_0xb714c380 -> pdu_0xb714d018 -> pdu_0xb714dcb0 -> pdu_0xb714e948 -> pdu_0xb714f5e0 -> pdu_0xb7150278 -> pdu_0xb7150f10 -> pdu_0xb7151ba8 -> pdu_0xb7152840 -> pdu_0xb71534d8 -> pdu_0xb7154170 -> pdu_0xb7154e08 -> pdu_0xb7155aa0 -> pdu_0xb7156738 -> pdu_0xb71573d0 -> pdu_0xb7158068 -> pdu_0xb7158d00 -> pdu_0xb7159998 -> pdu_0xb715a630 -> pdu_0xb715b2c8 -> pdu_0xb715bf60 -> pdu_0xb715cbf8 -> pdu_0xb715d890 -> pdu_0xb715e528 -> pdu_0xb715f1c0 -> pdu_0xb715fe58 -> pdu_0xb7160af0 -> pdu_0xb7161788 -> pdu_0xb7162420 -> pdu_0xb71630b8 -> pdu_0xb7163d50 -> pdu_0xb71649e8 -> pdu_0xb7165680 -> pdu_0xb7166318 -> pdu_0xb7166fb0 -> pdu_0xb7167c48 -> pdu_0xb71688e0 -> pdu_0xb7169578 -> pdu_0xb716a210 -> pdu_0xb716aea8 -> pdu_0xb716bb40 -> pdu_0xb716c7d8 -> pdu_0xb716d470 -> pdu_0xb716e108 -> pdu_0xb716eda0 -> pdu_0xb716fa38 -> pdu_0xb71706d0 -> pdu_0xb7171368 -> pdu_0xb7172000 -> pdu_0xb7172c98 -> pdu_0xb7173930 -> pdu_0xb71745c8 -> pdu_0xb7175260 -> pdu_0xb7175ef8 -> pdu_0xb7176b90 -> pdu_0xb7177828 -> pdu_0xb71784c0 -> pdu_0xb7179158 -> pdu_0xb7179df0 -> pdu_0xb717aa88 -> pdu_0xb717b720 -> pdu_0xb717c3b8 -> pdu_0xb717d050 -> pdu_0xb717dce8 -> pdu_0xb717e980 -> pdu_0xb717f618 -> pdu_0xb71802b0 -> pdu_0xb7180f48 -> pdu_0xb7181be0 -> pdu_0xb7182878 -> pdu_0xb7183510 -> pdu_0xb71841a8 -> pdu_0xb7184e40 -> pdu_0xb7185ad8 -> pdu_0xb7186770 -> pdu_0xb7187408 -> pdu_0xb71880a0 -> pdu_0xb7188d38 -> pdu_0xb71899d0 -> pdu_0xb718a668 -> pdu_0xb718b300 -> pdu_0xb718bf98 -> pdu_0xb718cc30 -> pdu_0xb718d8c8 -> pdu_0xb718e560 -> pdu_0xb718f1f8 -> pdu_0xb718fe90 -> pdu_0xb7190b28 -> pdu_0xb71917c0 -> pdu_0xb7192458 -> pdu_0xb71930f0 -> pdu_0xb7193d88 -> pdu_0xb7194a20 -> pdu_0xb71956b8 -> pdu_0xb7196350 -> pdu_0xb7196fe8 -> pdu_0xb7197c80 -> pdu_0xb7198918 -> pdu_0xb71995b0 -> pdu_0xb719a248 -> pdu_0xb719aee0 -> pdu_0xb719bb78 -> pdu_0xb719c810 -> pdu_0xb719d4a8 -> pdu_0xb719e140 -> pdu_0xb719edd8 -> pdu_0xb719fa70 -> pdu_0xb71a0708 -> pdu_0xb71a13a0 -> pdu_0xb71a2038 -> pdu_0xb71a2cd0 -> pdu_0xb71a3968 -> pdu_0xb71a4600 -> pdu_0xb71a5298 -> pdu_0xb71a5f30 -> pdu_0xb71a6bc8 -> pdu_0xb71a7860 -> pdu_0xb71a84f8 -> pdu_0xb71a9190 -> pdu_0xb71a9e28 -> pdu_0xb71aaac0 -> pdu_0xb71ab758 -> pdu_0xb71ac3f0 -> pdu_0xb71ad088 -> pdu_0xb71add20 -> pdu_0xb71ae9b8 -> pdu_0xb71af650 -> pdu_0xb71b02e8 -> pdu_0xb71b0f80 -> pdu_0xb71b1c18 -> pdu_0xb71b28b0 -> pdu_0xb71b3548 -> pdu_0xb71b41e0 -> pdu_0xb71b4e78 -> pdu_0xb71b5b10 -> pdu_0xb71b67a8 -> pdu_0xb71b7440 -> pdu_0xb71b80d8 -> pdu_0xb71b8d70 -> pdu_0xb71b9a08 -> pdu_0xb71ba6a0 -> pdu_0xb71bb338 -> pdu_0xb71bbfd0 -> pdu_0xb71bcc68 -> pdu_0xb71bd900 -> pdu_0xb71be598 -> pdu_0xb71bf230 -> pdu_0xb71bfec8 -> pdu_0xb71c0b60 -> pdu_0xb71c17f8 -> pdu_0xb71c2490 -> pdu_0xb71c3128 -> pdu_0xb71c3dc0 -> pdu_0xb71c4a58 -> pdu_0xb71c56f0 -> pdu_0xb71c6388 -> pdu_0xb71c7020 -> pdu_0xb71c7cb8 -> pdu_0xb71c8950 -> pdu_0xb71c95e8 -> pdu_0xb71ca280 -> pdu_0xb71caf18 -> pdu_0xb71cbbb0 -> pdu_0xb71cc848 -> pdu_0xb71cd4e0 -> pdu_0xb71ce178 -> pdu_0xb71cee10 -> pdu_0xb71cfaa8 -> pdu_0xb71d0740 -> pdu_0xb71d13d8 -> pdu_0xb71d2070 -> pdu_0xb71d2d08 -> pdu_0xb71d39a0 -> pdu_0xb71d4638 -> pdu_0xb71d52d0 -> pdu_0xb71d5f68 -> pdu_0xb71d6c00 -> pdu_0xb71d7898 -> pdu_0xb71d8530 -> pdu_0xb71d91c8 -> pdu_0xb71d9e60 -> pdu_0xb71daaf8 -> pdu_0xb71db790 -> pdu_0xb71dc428 -> pdu_0xb71dd0c0 -> pdu_0xb71ddd58 -> pdu_0xb71de9f0 -> pdu_0xb71df688 -> pdu_0xb71e0320 -> pdu_0xb71e0fb8 -> pdu_0xb71e1c50 -> pdu_0xb71e28e8 -> pdu_0xb71e3580 -> pdu_0xb71e4218 -> pdu_0xb71e4eb0 -> pdu_0xb71e5b48 -> pdu_0xb71e67e0 -> pdu_0xb71e7478 -> pdu_0xb71e8110 -> pdu_0xb71e8da8 -> pdu_0xb71e9a40 -> pdu_0xb71ea6d8 -> pdu_0xb71eb370 -> pdu_0xb71ec008 -> pdu_0xb71ecca0 -> pdu_0xb71ed938 -> pdu_0xb71ee5d0 -> pdu_0xb71ef268 -> pdu_0xb71eff00 -> pdu_0xb71f0b98 -> pdu_0xb71f1830 -> pdu_0xb71f24c8 -> pdu_0xb71f3160 -> pdu_0xb71f3df8 -> pdu_0xb71f4a90 -> pdu_0xb71f5728 -> pdu_0xb71f63c0 -> pdu_0xb71f7058 -> pdu_0xb71f7cf0 -> pdu_0xb71f8988 -> pdu_0xb71f9620 -> pdu_0xb71fa2b8 -> pdu_0xb71faf50 -> pdu_0xb71fbbe8 -> pdu_0xb71fc880 -> pdu_0xb71fd518 -> pdu_0xb71fe1b0 -> pdu_0xb71fee48 -> pdu_0xb71ffae0 -> pdu_0xb7200778 -> pdu_0xb7201410 -> pdu_0xb72020a8 -> pdu_0xb7202d40 -> pdu_0xb72039d8 -> pdu_0xb7204670 -> pdu_0xb7205308 -> pdu_0xb7205fa0 -> pdu_0xb7206c38 -> pdu_0xb72078d0 -> pdu_0xb7208568 -> pdu_0xb7209200 -> pdu_0xb7209e98 -> pdu_0xb720ab30 -> pdu_0xb720b7c8 -> pdu_0xb720c460 -> pdu_0xb720d0f8 -> pdu_0xb720dd90 -> pdu_0xb720ea28 -> pdu_0xb720f6c0 -> pdu_0xb7210358 -> pdu_0xb7210ff0 -> pdu_0xb7211c88 -> pdu_0xb7212920 -> pdu_0xb72135b8 -> pdu_0xb7214250 -> pdu_0xb7214ee8 -> pdu_0xb7215b80 -> pdu_0xb7216818 -> pdu_0xb72174b0 -> pdu_0xb7218148 -> pdu_0xb7218de0 -> pdu_0xb7219a78 -> pdu_0xb721a710 -> pdu_0xb721b3a8 -> pdu_0xb721c040 -> pdu_0xb721ccd8 -> pdu_0xb721d970 -> pdu_0xb721e608 -> pdu_0xb721f2a0 -> pdu_0xb721ff38 -> pdu_0xb7220bd0 -> pdu_0xb7221868 -> pdu_0xb7222500 -> pdu_0xb7223198 -> pdu_0xb7223e30 -> pdu_0xb7224ac8 -> pdu_0xb7225760 -> pdu_0xb72263f8 -> pdu_0xb7227090 -> pdu_0xb7227d28 -> pdu_0xb72289c0 -> pdu_0xb7229658 -> pdu_0xb722a2f0 -> pdu_0xb722af88 -> pdu_0xb722bc20 -> pdu_0xb722c8b8 -> pdu_0xb722d550 -> pdu_0xb722e1e8 -> pdu_0xb722ee80 -> pdu_0xb722fb18 -> pdu_0xb72307b0 -> pdu_0xb7231448 -> pdu_0xb72320e0 -> pdu_0xb7232d78 -> pdu_0xb7233a10 -> pdu_0xb72346a8 -> pdu_0xb7235340 -> pdu_0xb7235fd8 -> pdu_0xb7236c70 -> pdu_0xb7237908 -> pdu_0xb72385a0 -> pdu_0xb7239238 -> pdu_0xb7239ed0 -> pdu_0xb723ab68 -> pdu_0xb723b800 -> pdu_0xb723c498 -> pdu_0xb723d130 -> pdu_0xb723ddc8 -> pdu_0xb723ea60 -> pdu_0xb723f6f8 -> pdu_0xb7240390 -> pdu_0xb7241028 -> pdu_0xb7241cc0 -> pdu_0xb7242958 -> pdu_0xb72435f0 -> pdu_0xb7244288 -> pdu_0xb7244f20 -> pdu_0xb7245bb8 -> pdu_0xb7246850 -> pdu_0xb72474e8 -> pdu_0xb7248180 -> pdu_0xb7248e18 -> pdu_0xb7249ab0 -> pdu_0xb724a748 -> pdu_0xb724b3e0 -> pdu_0xb724c078 -> pdu_0xb724cd10 -> pdu_0xb724d9a8 -> pdu_0xb724e640 -> pdu_0xb724f2d8 -> pdu_0xb724ff70 -> pdu_0xb7250c08 -> pdu_0xb72518a0 -> pdu_0xb7252538 -> pdu_0xb72531d0 -> pdu_0xb7253e68 -> pdu_0xb7254b00 -> pdu_0xb7255798 -> pdu_0xb7256430 -> pdu_0xb72570c8 -> pdu_0xb7257d60 -> pdu_0xb72589f8 -> pdu_0xb7259690 -> pdu_0xb725a328 -> pdu_0xb725afc0 -> pdu_0xb725bc58 -> pdu_0xb725c8f0 -> pdu_0xb725d588 -> pdu_0xb725e220 -> pdu_0xb725eeb8 -> pdu_0xb725fb50 -> pdu_0xb72607e8 -> pdu_0xb7261480 -> pdu_0xb7262118 -> pdu_0xb7262db0 -> pdu_0xb7263a48 -> pdu_0xb72646e0 -> pdu_0xb7265378 -> pdu_0xb7266010 -> pdu_0xb7266ca8 -> pdu_0xb7267940 -> pdu_0xb72685d8 -> pdu_0xb7269270 -> pdu_0xb7269f08 -> pdu_0xb726aba0 -> pdu_0xb726b838 -> pdu_0xb726c4d0 -> pdu_0xb726d168 -> pdu_0xb726de00 -> pdu_0xb726ea98 -> pdu_0xb726f730 -> pdu_0xb72703c8 -> pdu_0xb7271060 -> pdu_0xb7271cf8 -> pdu_0xb7272990 -> pdu_0xb7273628 -> pdu_0xb72742c0 -> pdu_0xb7274f58 -> pdu_0xb7275bf0 -> pdu_0xb7276888 -> pdu_0xb7277520 -> pdu_0xb72781b8 -> pdu_0xb7278e50 -> pdu_0xb7279ae8 -> pdu_0xb727a780 -> pdu_0xb727b418 -> pdu_0xb727c0b0 -> pdu_0xb727cd48 -> pdu_0xb727d9e0 -> pdu_0xb727e678 -> pdu_0xb727f310 -> pdu_0xb727ffa8 -> pdu_0xb7280c40 -> pdu_0xb72818d8 -> pdu_0xb7282570 -> pdu_0xb7283208 -> pdu_0xb7283ea0 -> pdu_0xb7284b38 -> pdu_0xb72857d0 -> pdu_0xb7286468 -> pdu_0xb7287100 -> pdu_0xb7287d98 -> pdu_0xb7288a30 -> pdu_0xb72896c8 -> pdu_0xb728a360 -> pdu_0xb728aff8 -> pdu_0xb728bc90 -> pdu_0xb728c928 -> pdu_0xb728d5c0 -> pdu_0xb728e258 -> pdu_0xb728eef0 -> pdu_0xb728fb88 -> pdu_0xb7290820 -> pdu_0xb72914b8 -> pdu_0xb7292150 -> pdu_0xb7292de8 -> pdu_0xb7293a80 -> pdu_0xb7294718 -> pdu_0xb72953b0 -> pdu_0xb7296048 -> pdu_0xb7296ce0 -> pdu_0xb7297978 -> pdu_0xb7298610 -> pdu_0xb72992a8 -> pdu_0xb7299f40 -> pdu_0xb729abd8 -> pdu_0xb729b870 -> pdu_0xb729c508 -> pdu_0xb729d1a0 -> pdu_0xb729de38 -> pdu_0xb729ead0 -> pdu_0xb729f768 -> pdu_0xb72a0400 -> pdu_0xb72a1098 -> pdu_0xb72a1d30 -> pdu_0xb72a29c8 -> pdu_0xb72a3660 -> pdu_0xb72a42f8 -> pdu_0xb72a4f90 -> pdu_0xb72a5c28 -> pdu_0xb72a68c0 -> pdu_0xb72a7558 -> pdu_0xb72a81f0 -> pdu_0xb72a8e88 -> pdu_0xb72a9b20 -> pdu_0xb72aa7b8 -> pdu_0xb72ab450 -> pdu_0xb72ac0e8 -> pdu_0xb72acd80 -> pdu_0xb72ada18 -> pdu_0xb72ae6b0 -> pdu_0xb72af348 -> pdu_0xb72affe0 -> pdu_0xb72b0c78 -> pdu_0xb72b1910 -> pdu_0xb72b25a8 -> pdu_0xb72b3240 -> pdu_0xb72b3ed8 -> pdu_0xb72b4b70 -> pdu_0xb72b5808 -> pdu_0xb72b64a0 -> pdu_0xb72b7138 -> pdu_0xb72b7dd0 -> pdu_0xb72b8a68 -> pdu_0xb72b9700 -> pdu_0xb72ba398 -> pdu_0xb72bb030 -> pdu_0xb72bbcc8 -> pdu_0xb72bc960 -> pdu_0xb72bd5f8 -> pdu_0xb72be290 -> pdu_0xb72bef28 -> pdu_0xb72bfbc0 -> pdu_0xb72c0858 -> pdu_0xb72c14f0 -> pdu_0xb72c2188 -> pdu_0xb72c2e20 -> pdu_0xb72c3ab8 -> pdu_0xb72c4750 -> pdu_0xb72c53e8 -> pdu_0xb72c6080 -> pdu_0xb72c6d18 -> pdu_0xb72c79b0 -> pdu_0xb72c8648 -> pdu_0xb72c92e0 -> pdu_0xb72c9f78 -> pdu_0xb72cac10 -> pdu_0xb72cb8a8 -> pdu_0xb72cc540 -> pdu_0xb72cd1d8 -> pdu_0xb72cde70 -> pdu_0xb72ceb08 -> pdu_0xb72cf7a0 -> pdu_0xb72d0438 -> pdu_0xb72d10d0 -> pdu_0xb72d1d68 -> pdu_0xb72d2a00 -> pdu_0xb72d3698 -> pdu_0xb72d4330 -> pdu_0xb72d4fc8 -> pdu_0xb72d5c60 -> pdu_0xb72d68f8 -> pdu_0xb72d7590 -> pdu_0xb72d8228 -> pdu_0xb72d8ec0 -> pdu_0xb72d9b58 -> pdu_0xb72da7f0 -> pdu_0xb72db488 -> pdu_0xb72dc120 -> pdu_0xb72dcdb8 -> pdu_0xb72dda50 -> pdu_0xb72de6e8 -> pdu_0xb72df380 -> pdu_0xb72e0018 -> pdu_0xb72e0cb0 -> pdu_0xb72e1948 -> pdu_0xb72e25e0 -> pdu_0xb72e3278 -> pdu_0xb72e3f10 -> pdu_0xb72e4ba8 -> pdu_0xb72e5840 -> pdu_0xb72e64d8 -> pdu_0xb72e7170 -> pdu_0xb72e7e08 -> pdu_0xb72e8aa0 -> pdu_0xb72e9738 -> pdu_0xb72ea3d0 -> pdu_0xb72eb068 -> pdu_0xb72ebd00 -> pdu_0xb72ec998 -> pdu_0xb72ed630 -> pdu_0xb72ee2c8 -> pdu_0xb72eef60 -> pdu_0xb72efbf8 -> pdu_0xb72f0890 -> pdu_0xb72f1528 -> pdu_0xb72f21c0 -> pdu_0xb72f2e58 -> pdu_0xb72f3af0 -> pdu_0xb72f4788 -> pdu_0xb72f5420 -> pdu_0xb72f60b8 -> pdu_0xb72f6d50 -> pdu_0xb72f79e8 -> pdu_0xb72f8680 -> pdu_0xb72f9318 -> pdu_0xb72f9fb0 -> pdu_0xb72fac48 -> pdu_0xb72fb8e0 -> pdu_0xb72fc578 -> pdu_0xb72fd210 -> pdu_0xb72fdea8 -> pdu_0xb72feb40 -> pdu_0xb72ff7d8 -> pdu_0xb7300470 -> pdu_0xb7301108 -> pdu_0xb7301da0 -> pdu_0xb7302a38 -> pdu_0xb73036d0 -> pdu_0xb7304368 -> pdu_0xb7305000 -> pdu_0xb7305c98 -> pdu_0xb7306930 -> pdu_0xb73075c8 -> pdu_0xb7308260 -> pdu_0xb7308ef8 -> pdu_0xb7309b90 -> pdu_0xb730a828 -> pdu_0xb730b4c0 -> pdu_0xb730c158 -> pdu_0xb730cdf0 -> pdu_0xb730da88 -> pdu_0xb730e720 -> pdu_0xb730f3b8 -> pdu_0xb7310050 -> pdu_0xb7310ce8 -> pdu_0xb7311980 -> pdu_0xb7312618 -> pdu_0xb73132b0 -> pdu_0xb7313f48 -> pdu_0xb7314be0 -> pdu_0xb7315878 -> pdu_0xb7316510 -> pdu_0xb73171a8 -> pdu_0xb7317e40 -> pdu_0xb7318ad8 -> pdu_0xb7319770 -> pdu_0xb731a408 -> pdu_0xb731b0a0 -> pdu_0xb731bd38 -> pdu_0xb731c9d0 -> pdu_0xb731d668 -> pdu_0xb731e300 -> pdu_0xb731ef98 -> pdu_0xb731fc30 -> pdu_0xb73208c8 -> pdu_0xb7321560 -> pdu_0xb73221f8 -> pdu_0xb7322e90 -> pdu_0xb7323b28 -> pdu_0xb73247c0 -> pdu_0xb7325458 -> pdu_0xb73260f0 -> pdu_0xb7326d88 -> pdu_0xb7327a20 -> pdu_0xb73286b8 -> pdu_0xb7329350 -> pdu_0xb7329fe8 -> pdu_0xb732ac80 -> pdu_0xb732b918 -> pdu_0xb732c5b0 -> pdu_0xb732d248 -> pdu_0xb732dee0 -> pdu_0xb732eb78 -> pdu_0xb732f810 -> pdu_0xb73304a8 -> pdu_0xb7331140 -> pdu_0xb7331dd8 -> pdu_0xb7332a70 -> pdu_0xb7333708 -> pdu_0xb73343a0 -> pdu_0xb7335038 -> pdu_0xb7335cd0 -> pdu_0xb7336968 -> pdu_0xb7337600 -> pdu_0xb7338298 -> pdu_0xb7338f30 -> pdu_0xb7339bc8 -> pdu_0xb733a860 -> pdu_0xb733b4f8 -> pdu_0xb733c190 -> pdu_0xb733ce28 -> pdu_0xb733dac0 -> pdu_0xb733e758 -> pdu_0xb733f3f0 -> pdu_0xb7340088 -> pdu_0xb7340d20 -> pdu_0xb73419b8 -> pdu_0xb7342650 -> pdu_0xb73432e8 -> pdu_0xb7343f80 -> pdu_0xb7344c18 -> pdu_0xb73458b0 -> pdu_0xb7346548 -> pdu_0xb73471e0 -> pdu_0xb7347e78 -> pdu_0xb7348b10 -> pdu_0xb73497a8 -> pdu_0xb734a440 -> pdu_0xb734b0d8 -> pdu_0xb734bd70 -> pdu_0xb734ca08 -> pdu_0xb734d6a0 -> pdu_0xb734e338 -> pdu_0xb734efd0 -> pdu_0xb734fc68 -> pdu_0xb7350900 -> pdu_0xb7351598 -> pdu_0xb7352230 -> pdu_0xb7352ec8 -> pdu_0xb7353b60 -> pdu_0xb73547f8 -> pdu_0xb7355490 -> pdu_0xb7356128 -> pdu_0xb7356dc0 -> pdu_0xb7357a58 -> pdu_0xb73586f0 -> pdu_0xb7359388 -> pdu_0xb735a020 -> pdu_0xb735acb8 -> pdu_0xb735b950 -> pdu_0xb735c5e8 -> pdu_0xb735d280 -> pdu_0xb735df18 -> pdu_0xb735ebb0 -> pdu_0xb735f848 -> pdu_0xb73604e0 -> pdu_0xb7361178 -> pdu_0xb7361e10 -> pdu_0xb7362aa8 -> pdu_0xb7363740 -> pdu_0xb73643d8 -> pdu_0xb7365070 -> pdu_0xb7365d08 -> pdu_0xb73669a0 -> pdu_0xb7367638 -> pdu_0xb73682d0 -> pdu_0xb7368f68 -> pdu_0xb7369c00 -> pdu_0xb736a898 -> pdu_0xb736b530 -> pdu_0xb736c1c8 -> pdu_0xb736ce60 -> pdu_0xb736daf8 -> pdu_0xb736e790 -> pdu_0xb736f428 -> pdu_0xb73700c0 -> pdu_0xb7370d58 -> pdu_0xb73719f0 -> pdu_0xb7372688 -> pdu_0xb7373320 -> pdu_0xb7373fb8 -> pdu_0xb7374c50 -> pdu_0xb73758e8 -> pdu_0xb7376580 -> pdu_0xb7377218 -> pdu_0xb7377eb0 -> pdu_0xb7378b48 -> pdu_0xb73797e0 -> pdu_0xb737a478 -> pdu_0xb737b110 -> pdu_0xb737bda8 -> pdu_0xb737ca40 -> pdu_0xb737d6d8 -> pdu_0xb737e370 -> pdu_0xb737f008 -> pdu_0xb737fca0 -> pdu_0xb7380938 -> pdu_0xb73815d0 -> pdu_0xb7382268 -> pdu_0xb7382f00 -> pdu_0xb7383b98 -> pdu_0xb7384830 -> pdu_0xb73854c8 -> pdu_0xb7386160 -> pdu_0xb7386df8 -> pdu_0xb7387a90 -> pdu_0xb7388728 -> pdu_0xb73893c0 -> pdu_0xb738a058 -> pdu_0xb738acf0 -> pdu_0xb738b988 -> pdu_0xb738c620 -> pdu_0xb738d2b8 -> pdu_0xb738df50 -> pdu_0xb738ebe8 -> pdu_0xb738f880 -> pdu_0xb7390518 -> pdu_0xb73911b0 -> pdu_0xb7391e48 -> pdu_0xb7392ae0 -> pdu_0xb7393778 -> pdu_0xb7394410 -> pdu_0xb73950a8 -> pdu_0xb7395d40 -> pdu_0xb73969d8 -> pdu_0xb7397670 -> pdu_0xb7398308 -> pdu_0xb7398fa0 -> pdu_0xb7399c38 -> pdu_0xb739a8d0 -> pdu_0xb739b568 -> pdu_0xb739c200 -> pdu_0xb739ce98 -> pdu_0xb739db30 -> pdu_0xb739e7c8 -> pdu_0xb739f460 -> pdu_0xb73a00f8 -> pdu_0xb73a0d90 -> pdu_0xb73a1a28 -> pdu_0xb73a26c0 -> pdu_0xb73a3358 -> pdu_0xb73a3ff0 -> pdu_0xb73a4c88 -> pdu_0xb73a5920 -> pdu_0xb73a65b8 -> pdu_0xb73a7250 -> pdu_0xb73a7ee8 -> pdu_0xb73a8b80 -> pdu_0xb73a9818 -> pdu_0xb73aa4b0 -> pdu_0xb73ab148 -> pdu_0xb73abde0 -> pdu_0xb73aca78 -> pdu_0xb73ad710 -> pdu_0xb73ae3a8 -> pdu_0xb73af040 -> pdu_0xb73afcd8 -> pdu_0xb73b0970 -> pdu_0xb73b1608 -> pdu_0xb73b22a0 -> pdu_0xb73b2f38 -> pdu_0xb73b3bd0 -> pdu_0xb73b4868 -> pdu_0xb73b5500 -> pdu_0xb73b6198 -> pdu_0xb73b6e30 -> pdu_0xb73b7ac8 -> pdu_0xb73b8760 -> pdu_0xb73b93f8 -> pdu_0xb73ba090 -> pdu_0xb73bad28 -> pdu_0xb73bb9c0 -> pdu_0xb73bc658 -> pdu_0xb73bd2f0 -> pdu_0xb73bdf88 -> pdu_0xb73bec20 -> pdu_0xb73bf8b8 -> pdu_0xb73c0550 -> pdu_0xb73c11e8 -> pdu_0xb73c1e80 -> pdu_0xb73c2b18 -> pdu_0xb73c37b0 -> pdu_0xb73c4448 -> pdu_0xb73c50e0 -> pdu_0xb73c5d78 -> pdu_0xb73c6a10 -> pdu_0xb73c76a8 -> pdu_0xb73c8340 -> pdu_0xb73c8fd8 -> pdu_0xb73c9c70 -> pdu_0xb73ca908 -> pdu_0xb73cb5a0 -> pdu_0xb73cc238 -> pdu_0xb73cced0 -> pdu_0xb73cdb68 -> pdu_0xb73ce800 -> pdu_0xb73cf498 -> pdu_0xb73d0130 -> pdu_0xb73d0dc8 -> pdu_0xb73d1a60 -> pdu_0xb73d26f8 -> pdu_0xb73d3390 -> pdu_0xb73d4028 -> pdu_0xb73d4cc0 -> pdu_0xb73d5958 -> pdu_0xb73d65f0 -> pdu_0xb73d7288 -> pdu_0xb73d7f20 -> pdu_0xb73d8bb8 -> pdu_0xb73d9850 -> pdu_0xb73da4e8 -> pdu_0xb73db180 -> pdu_0xb73dbe18 -> pdu_0xb73dcab0 -> pdu_0xb73dd748 -> pdu_0xb73de3e0 -> pdu_0xb73df078 -> pdu_0xb73dfd10 -> pdu_0xb73e09a8 -> pdu_0xb73e1640 -> pdu_0xb73e22d8 -> pdu_0xb73e2f70 -> pdu_0xb73e3c08 -> pdu_0xb73e48a0 -> pdu_0xb73e5538 -> pdu_0xb73e61d0 -> pdu_0xb73e6e68 -> pdu_0xb73e7b00 -> pdu_0xb73e8798 -> pdu_0xb73e9430 -> pdu_0xb73ea0c8 -> pdu_0xb73ead60 -> pdu_0xb73eb9f8 -> pdu_0xb73ec690 -> pdu_0xb73ed328 -> pdu_0xb73edfc0 -> pdu_0xb73eec58 -> pdu_0xb73ef8f0 -> pdu_0xb73f0588 -> pdu_0xb73f1220 -> pdu_0xb73f1eb8 -> pdu_0xb73f2b50 -> pdu_0xb73f37e8 -> pdu_0xb73f4480 -> pdu_0xb73f5118 -> pdu_0xb73f5db0 -> pdu_0xb73f6a48 -> pdu_0xb73f76e0 -> pdu_0xb73f8378 -> pdu_0xb73f9010 -> pdu_0xb73f9ca8 -> pdu_0xb73fa940 -> pdu_0xb73fb5d8 -> pdu_0xb73fc270 -> pdu_0xb73fcf08 -> pdu_0xb73fdba0 -> pdu_0xb73fe838 -> pdu_0xb73ff4d0 -> pdu_0xb7400168 -> pdu_0xb7400e00 -> pdu_0xb7401a98 -> pdu_0xb7402730 -> pdu_0xb74033c8 -> pdu_0xb7404060 -> pdu_0xb7404cf8 -> pdu_0xb7405990 -> pdu_0xb7406628 -> pdu_0xb74072c0 -> pdu_0xb7407f58 -> pdu_0xb7408bf0 -> pdu_0xb7409888 -> pdu_0xb740a520 -> pdu_0xb740b1b8 -> pdu_0xb740be50 -> pdu_0xb740cae8 -> pdu_0xb740d780 -> pdu_0xb740e418 -> pdu_0xb740f0b0 -> pdu_0xb740fd48 -> pdu_0xb74109e0 -> pdu_0xb7411678 -> pdu_0xb7412310 -> pdu_0xb7412fa8 -> pdu_0xb7413c40 -> pdu_0xb74148d8 -> pdu_0xb7415570 -> pdu_0xb7416208 -> pdu_0xb7416ea0 -> pdu_0xb7417b38 -> pdu_0xb74187d0 -> pdu_0xb7419468 -> pdu_0xb741a100 -> pdu_0xb741ad98 -> pdu_0xb741ba30 -> pdu_0xb741c6c8 -> pdu_0xb741d360 -> pdu_0xb741dff8 -> pdu_0xb741ec90 -> pdu_0xb741f928 -> pdu_0xb74205c0 -> pdu_0xb7421258 -> pdu_0xb7421ef0 -> pdu_0xb7422b88 -> pdu_0xb7423820 -> pdu_0xb74244b8 -> pdu_0xb7425150 -> pdu_0xb7425de8 -> pdu_0xb7426a80 -> pdu_0xb7427718 -> pdu_0xb74283b0 -> pdu_0xb7429048 -> pdu_0xb7429ce0 -> pdu_0xb742a978 -> pdu_0xb742b610 -> pdu_0xb742c2a8 -> pdu_0xb742cf40 -> pdu_0xb742dbd8 -> pdu_0xb742e870 -> pdu_0xb742f508 -> pdu_0xb74301a0 -> pdu_0xb7430e38 -> pdu_0xb7431ad0 -> pdu_0xb7432768 -> pdu_0xb7433400 -> pdu_0xb7434098 -> pdu_0xb7434d30 -> pdu_0xb74359c8 -> pdu_0xb7436660 -> pdu_0xb74372f8 -> pdu_0xb7437f90 -> pdu_0xb7438c28 -> pdu_0xb74398c0 -> pdu_0xb743a558 -> pdu_0xb743b1f0 -> pdu_0xb743be88 -> pdu_0xb743cb20 -> pdu_0xb743d7b8 -> pdu_0xb743e450 -> pdu_0xb743f0e8 -> pdu_0xb743fd80 -> pdu_0xb7440a18 -> pdu_0xb74416b0 -> pdu_0xb7442348 -> pdu_0xb7442fe0 -> pdu_0xb7443c78 -> pdu_0xb7444910 -> pdu_0xb74455a8 -> pdu_0xb7446240 -> pdu_0xb7446ed8 -> pdu_0xb7447b70 -> pdu_0xb7448808 -> pdu_0xb74494a0 -> pdu_0xb744a138 -> pdu_0xb744add0 -> pdu_0xb744ba68 -> pdu_0xb744c700 -> pdu_0xb744d398 -> pdu_0xb744e030 -> pdu_0xb744ecc8 -> pdu_0xb744f960 -> pdu_0xb74505f8 -> pdu_0xb7451290 -> pdu_0xb7451f28 -> pdu_0xb7452bc0 -> pdu_0xb7453858 -> pdu_0xb74544f0 -> pdu_0xb7455188 -> pdu_0xb7455e20 -> pdu_0xb7456ab8 -> pdu_0xb7457750 -> pdu_0xb74583e8 -> pdu_0xb7459080 -> pdu_0xb7459d18 -> pdu_0xb745a9b0 -> pdu_0xb745b648 -> pdu_0xb745c2e0 -> pdu_0xb745cf78 -> pdu_0xb745dc10 -> pdu_0xb745e8a8 -> pdu_0xb745f540 -> pdu_0xb74601d8 -> pdu_0xb7460e70 -> pdu_0xb7461b08 -> pdu_0xb74627a0 -> pdu_0xb7463438 -> pdu_0xb74640d0 -> pdu_0xb7464d68 -> pdu_0xb7465a00 -> pdu_0xb7466698 -> pdu_0xb7467330 -> pdu_0xb7467fc8 -> pdu_0xb7468c60 -> pdu_0xb74698f8 -> pdu_0xb746a590 -> pdu_0xb746b228 -> pdu_0xb746bec0 -> pdu_0xb746cb58 -> pdu_0xb746d7f0 -> pdu_0xb746e488 -> pdu_0xb746f120 -> pdu_0xb746fdb8 -> pdu_0xb7470a50 -> pdu_0xb74716e8 -> pdu_0xb7472380 -> pdu_0xb7473018 -> pdu_0xb7473cb0 -> pdu_0xb7474948 -> pdu_0xb74755e0 -> pdu_0xb7476278 -> pdu_0xb7476f10 -> pdu_0xb7477ba8 -> pdu_0xb7478840 -> pdu_0xb74794d8 -> pdu_0xb747a170 -> pdu_0xb747ae08 -> pdu_0xb747baa0 -> pdu_0xb747c738 -> pdu_0xb747d3d0 -> pdu_0xb747e068 -> pdu_0xb747ed00 -> pdu_0xb747f998 -> pdu_0xb7480630 -> pdu_0xb74812c8 -> pdu_0xb7481f60 -> pdu_0xb7482bf8 -> pdu_0xb7483890 -> pdu_0xb7484528 -> pdu_0xb74851c0 -> pdu_0xb7485e58 -> pdu_0xb7486af0 -> pdu_0xb7487788 -> pdu_0xb7488420 -> pdu_0xb74890b8 -> pdu_0xb7489d50 -> pdu_0xb748a9e8 -> pdu_0xb748b680 -> pdu_0xb748c318 -> pdu_0xb748cfb0 -> pdu_0xb748dc48 -> pdu_0xb748e8e0 -> pdu_0xb748f578 -> pdu_0xb7490210 -> pdu_0xb7490ea8 -> pdu_0xb7491b40 -> pdu_0xb74927d8 -> pdu_0xb7493470 -> pdu_0xb7494108 -> pdu_0xb7494da0 -> pdu_0xb7495a38 -> pdu_0xb74966d0 -> pdu_0xb7497368 -> pdu_0xb7498000 -> pdu_0xb7498c98 -> pdu_0xb7499930 -> pdu_0xb749a5c8 -> pdu_0xb749b260 -> pdu_0xb749bef8 -> pdu_0xb749cb90 -> pdu_0xb749d828 -> pdu_0xb749e4c0 -> pdu_0xb749f158 -> pdu_0xb749fdf0 -> pdu_0xb74a0a88 -> pdu_0xb74a1720 -> pdu_0xb74a23b8 -> pdu_0xb74a3050 -> pdu_0xb74a3ce8 -> pdu_0xb74a4980 -> pdu_0xb74a5618 -> pdu_0xb74a62b0 -> pdu_0xb74a6f48 -> pdu_0xb74a7be0 -> pdu_0xb74a8878 -> pdu_0xb74a9510 -> pdu_0xb74aa1a8 -> pdu_0xb74aae40 -> pdu_0xb74abad8 -> pdu_0xb74ac770 -> pdu_0xb74ad408 -> pdu_0xb74ae0a0 -> pdu_0xb74aed38 -> pdu_0xb74af9d0 -> pdu_0xb74b0668 -> pdu_0xb74b1300 -> pdu_0xb74b1f98 -> pdu_0xb74b2c30 -> pdu_0xb74b38c8 -> pdu_0xb74b4560 -> pdu_0xb74b51f8 -> pdu_0xb74b5e90 -> pdu_0xb74b6b28 -> pdu_0xb74b77c0 -> pdu_0xb74b8458 -> pdu_0xb74b90f0 -> pdu_0xb74b9d88 -> pdu_0xb74baa20 -> pdu_0xb74bb6b8 -> pdu_0xb74bc350 -> pdu_0xb74bcfe8 -> pdu_0xb74bdc80 -> pdu_0xb74be918 -> pdu_0xb74bf5b0 -> pdu_0xb74c0248 -> pdu_0xb74c0ee0 -> pdu_0xb74c1b78 -> pdu_0xb74c2810 -> pdu_0xb74c34a8 -> pdu_0xb74c4140 -> pdu_0xb74c4dd8 -> pdu_0xb74c5a70 -> pdu_0xb74c6708 -> pdu_0xb74c73a0 -> pdu_0xb74c8038 -> pdu_0xb74c8cd0 -> pdu_0xb74c9968 -> pdu_0xb74ca600 -> pdu_0xb74cb298 -> pdu_0xb74cbf30 -> pdu_0xb74ccbc8 -> pdu_0xb74cd860 -> pdu_0xb74ce4f8 -> pdu_0xb74cf190 -> pdu_0xb74cfe28 -> pdu_0xb74d0ac0 -> pdu_0xb74d1758 -> pdu_0xb74d23f0 -> pdu_0xb74d3088 -> pdu_0xb74d3d20 -> pdu_0xb74d49b8 -> pdu_0xb74d5650 -> pdu_0xb74d62e8 -> pdu_0xb74d6f80 -> pdu_0xb74d7c18 -> pdu_0xb74d88b0 -> pdu_0xb74d9548 -> pdu_0xb74da1e0 -> pdu_0xb74dae78 -> pdu_0xb74dbb10 -> pdu_0xb74dc7a8 -> pdu_0xb74dd440 -> pdu_0xb74de0d8 -> pdu_0xb74ded70 -> pdu_0xb74dfa08 -> pdu_0xb74e06a0 -> pdu_0xb74e1338 -> pdu_0xb74e1fd0 -> pdu_0xb74e2c68 -> pdu_0xb74e3900 -> pdu_0xb74e4598 -> pdu_0xb74e5230 -> pdu_0xb74e5ec8 -> pdu_0xb74e6b60 -> pdu_0xb74e77f8 -> pdu_0xb74e8490 -> pdu_0xb74e9128 -> pdu_0xb74e9dc0 -> pdu_0xb74eaa58 -> pdu_0xb74eb6f0 -> pdu_0xb74ec388 -> pdu_0xb74ed020 -> pdu_0xb74edcb8 -> pdu_0xb74ee950 -> pdu_0xb74ef5e8 -> pdu_0xb74f0280 -> pdu_0xb74f0f18 -> pdu_0xb74f1bb0 -> pdu_0xb74f2848 -> pdu_0xb74f34e0 -> pdu_0xb74f4178 -> pdu_0xb74f4e10 -> pdu_0xb74f5aa8 -> pdu_0xb74f6740 -> pdu_0xb74f73d8 -> pdu_0xb74f8070 -> pdu_0xb74f8d08 -> pdu_0xb74f99a0 -> pdu_0xb74fa638 -> pdu_0xb74fb2d0 -> pdu_0xb74fbf68 -> pdu_0xb74fcc00 -> pdu_0xb74fd898 -> pdu_0xb74fe530 -> pdu_0xb74ff1c8 -> pdu_0xb74ffe60 -> pdu_0xb7500af8 -> pdu_0xb7501790 -> pdu_0xb7502428 -> pdu_0xb75030c0 -> pdu_0xb7503d58 -> pdu_0xb75049f0 -> pdu_0xb7505688 -> pdu_0xb7506320 -> pdu_0xb7506fb8 -> pdu_0xb7507c50 -> pdu_0xb75088e8 -> pdu_0xb7509580 -> pdu_0xb750a218 -> pdu_0xb750aeb0 -> pdu_0xb750bb48 -> pdu_0xb750c7e0 -> pdu_0xb750d478 -> pdu_0xb750e110 -> pdu_0xb750eda8 -> pdu_0xb750fa40 -> pdu_0xb75106d8 -> pdu_0xb7511370 -> pdu_0xb7512008 -> pdu_0xb7512ca0 -> pdu_0xb7513938 -> pdu_0xb75145d0 -> pdu_0xb7515268 -> pdu_0xb7515f00 -> pdu_0xb7516b98 -> pdu_0xb7517830 -> pdu_0xb75184c8 -> pdu_0xb7519160 -> pdu_0xb7519df8 -> pdu_0xb751aa90 -> pdu_0xb751b728 -> pdu_0xb751c3c0 -> pdu_0xb751d058 -> pdu_0xb751dcf0 -> pdu_0xb751e988 -> pdu_0xb751f620 -> pdu_0xb75202b8 -> pdu_0xb7520f50 -> pdu_0xb7521be8 -> pdu_0xb7522880 -> pdu_0xb7523518 -> pdu_0xb75241b0 -> pdu_0xb7524e48 -> pdu_0xb7525ae0 -> pdu_0xb7526778 -> pdu_0xb7527410 -> pdu_0xb75280a8 -> pdu_0xb7528d40 -> pdu_0xb75299d8 -> pdu_0xb752a670 -> pdu_0xb752b308 -> pdu_0xb752bfa0 -> pdu_0xb752cc38 -> pdu_0xb752d8d0 -> pdu_0xb752e568 -> pdu_0xb752f200 -> pdu_0xb752fe98 -> pdu_0xb7530b30 -> pdu_0xb75317c8 -> pdu_0xb7532460 -> pdu_0xb75330f8 -> pdu_0xb7533d90 -> pdu_0xb7534a28 -> pdu_0xb75356c0 -> pdu_0xb7536358 -> pdu_0xb7536ff0 -> pdu_0xb7537c88 -> pdu_0xb7538920 -> pdu_0xb75395b8 -> pdu_0xb753a250 -> pdu_0xb753aee8 -> pdu_0xb753bb80 -> pdu_0xb753c818 -> pdu_0xb753d4b0 -> pdu_0xb753e148 -> pdu_0xb753ede0 -> pdu_0xb753fa78 -> pdu_0xb7540710 -> pdu_0xb75413a8 -> pdu_0xb7542040 -> pdu_0xb7542cd8 -> pdu_0xb7543970 -> pdu_0xb7544608 -> pdu_0xb75452a0 -> pdu_0xb7545f38 -> pdu_0xb7546bd0 -> pdu_0xb7547868 -> pdu_0xb7548500 -> pdu_0xb7549198 -> pdu_0xb7549e30 -> pdu_0xb754aac8 -> pdu_0xb754b760 -> pdu_0xb754c3f8 -> pdu_0xb754d090 -> pdu_0xb754dd28 -> pdu_0xb754e9c0 -> pdu_0xb754f658 -> pdu_0xb75502f0 -> pdu_0xb7550f88 -> pdu_0xb7551c20 -> pdu_0xb75528b8 -> pdu_0xb7553550 -> pdu_0xb75541e8 -> pdu_0xb7554e80 -> pdu_0xb7555b18 -> pdu_0xb75567b0 -> pdu_0xb7557448 -> pdu_0xb75580e0 -> pdu_0xb7558d78 -> pdu_0xb7559a10 -> pdu_0xb755a6a8 -> pdu_0xb755b340 -> pdu_0xb755bfd8 -> pdu_0xb755cc70 -> pdu_0xb755d908 -> pdu_0xb755e5a0 -> pdu_0xb755f238 -> pdu_0xb755fed0 -> pdu_0xb7560b68 -> pdu_0xb7561800 -> pdu_0xb7562498 -> pdu_0xb7563130 -> pdu_0xb7563dc8 -> pdu_0xb7564a60 -> pdu_0xb75656f8 -> pdu_0xb7566390 -> pdu_0xb7567028 -> pdu_0xb7567cc0 -> pdu_0xb7568958 -> pdu_0xb75695f0 -> pdu_0xb756a288 -> pdu_0xb756af20 -> pdu_0xb756bbb8 -> pdu_0xb756c850 -> pdu_0xb756d4e8 -> pdu_0xb756e180 -> pdu_0xb756ee18 -> pdu_0xb756fab0 -> pdu_0xb7570748 -> pdu_0xb75713e0 -> pdu_0xb7572078 -> pdu_0xb7572d10 -> pdu_0xb75739a8 -> pdu_0xb7574640 -> pdu_0xb75752d8 -> pdu_0xb7575f70 -> pdu_0xb7576c08 -> pdu_0xb75778a0 -> pdu_0xb7578538 -> pdu_0xb75791d0 -> pdu_0xb7579e68 -> pdu_0xb757ab00 -> pdu_0xb757b798 -> pdu_0xb757c430 -> pdu_0xb757d0c8 -> pdu_0xb757dd60 -> pdu_0xb757e9f8 -> pdu_0xb757f690 -> pdu_0xb7580328 -> pdu_0xb7580fc0 -> pdu_0xb7581c58 -> pdu_0xb75828f0 -> pdu_0xb7583588 -> pdu_0xb7584220 -> pdu_0xb7584eb8 -> pdu_0xb7585b50 -> pdu_0xb75867e8 -> pdu_0xb7587480 -> pdu_0xb7588118 -> pdu_0xb7588db0 -> pdu_0xb7589a48 -> pdu_0xb758a6e0 -> pdu_0xb758b378 -> pdu_0xb758c010 -> pdu_0xb758cca8 -> pdu_0xb758d940 -> pdu_0xb758e5d8 -> pdu_0xb758f270 -> pdu_0xb758ff08 -> pdu_0xb7590ba0 -> pdu_0xb7591838 -> pdu_0xb75924d0 -> pdu_0xb7593168 -> pdu_0xb7593e00 -> pdu_0xb7594a98 -> pdu_0xb7595730 -> pdu_0xb75963c8 -> pdu_0xb7597060 -> pdu_0xb7597cf8 -> pdu_0xb7598990 -> pdu_0xb7599628 -> pdu_0xb759a2c0 -> pdu_0xb759af58 -> pdu_0xb759bbf0 -> pdu_0xb759c888 -> pdu_0xb759d520 -> pdu_0xb759e1b8 -> pdu_0xb759ee50 -> pdu_0xb759fae8 -> pdu_0xb75a0780 -> pdu_0xb75a1418 -> pdu_0xb75a20b0 -> pdu_0xb75a2d48 -> pdu_0xb75a39e0 -> pdu_0xb75a4678 -> pdu_0xb75a5310 -> pdu_0xb75a5fa8 -> pdu_0xb75a6c40 -> pdu_0xb75a78d8 -> pdu_0xb75a8570 -> pdu_0xb75a9208 -> pdu_0xb75a9ea0 -> pdu_0xb75aab38 -> pdu_0xb75ab7d0 -> pdu_0xb75ac468 -> pdu_0xb75ad100 -> pdu_0xb75add98 -> pdu_0xb75aea30 -> pdu_0xb75af6c8 -> pdu_0xb75b0360 -> pdu_0xb75b0ff8 -> pdu_0xb75b1c90 -> pdu_0xb75b2928 -> pdu_0xb75b35c0 -> pdu_0xb75b4258 -> pdu_0xb75b4ef0 -> pdu_0xb75b5b88 -> pdu_0xb75b6820 -> pdu_0xb75b74b8 -> pdu_0xb75b8150 -> pdu_0xb75b8de8 -> pdu_0xb75b9a80 -> pdu_0xb75ba718 -> pdu_0xb75bb3b0 -> pdu_0xb75bc048 -> pdu_0xb75bcce0 -> pdu_0xb75bd978 -> pdu_0xb75be610 -> pdu_0xb75bf2a8 -> pdu_0xb75bff40 -> pdu_0xb75c0bd8 -> pdu_0xb75c1870 -> pdu_0xb75c2508 -> pdu_0xb75c31a0 -> pdu_0xb75c3e38 -> pdu_0xb75c4ad0 -> pdu_0xb75c5768 -> pdu_0xb75c6400 -> pdu_0xb75c7098 -> pdu_0xb75c7d30 -> pdu_0xb75c89c8 -> pdu_0xb75c9660 -> pdu_0xb75ca2f8 -> pdu_0xb75caf90 -> pdu_0xb75cbc28 -> pdu_0xb75cc8c0 -> pdu_0xb75cd558 -> pdu_0xb75ce1f0 -> pdu_0xb75cee88 -> pdu_0xb75cfb20 -> pdu_0xb75d07b8 -> pdu_0xb75d1450 -> pdu_0xb75d20e8 -> pdu_0xb75d2d80 -> pdu_0xb75d3a18 -> pdu_0xb75d46b0 -> pdu_0xb75d5348 -> pdu_0xb75d5fe0 -> pdu_0xb75d6c78 -> pdu_0xb75d7910 -> pdu_0xb75d85a8 -> pdu_0xb75d9240 -> pdu_0xb75d9ed8 -> pdu_0xb75dab70 -> pdu_0xb75db808 -> pdu_0xb75dc4a0 -> pdu_0xb75dd138 -> pdu_0xb75dddd0 -> pdu_0xb75dea68 -> pdu_0xb75df700 -> pdu_0xb75e0398 -> pdu_0xb75e1030 -> pdu_0xb75e1cc8 -> pdu_0xb75e2960 -> pdu_0xb75e35f8 -> pdu_0xb75e4290 -> pdu_0xb75e4f28 -> pdu_0xb75e5bc0 -> pdu_0xb75e6858 -> pdu_0xb75e74f0 -> pdu_0xb75e8188 -> pdu_0xb75e8e20 -> pdu_0xb75e9ab8 -> pdu_0xb75ea750 -> pdu_0xb75eb3e8 -> pdu_0xb75ec080 -> pdu_0xb75ecd18 -> pdu_0xb75ed9b0 -> pdu_0xb75ee648 -> pdu_0xb75ef2e0 -> pdu_0xb75eff78 -> pdu_0xb75f0c10 -> pdu_0xb75f18a8 -> pdu_0xb75f2540 -> pdu_0xb75f31d8 -> pdu_0xb75f3e70 -> pdu_0xb75f4b08 -> pdu_0xb75f57a0 -> pdu_0xb75f6438 -> pdu_0xb75f70d0 -> pdu_0xb75f7d68 -> pdu_0xb75f8a00 -> pdu_0xb75f9698 -> pdu_0xb75fa330 -> pdu_0xb75fafc8 -> pdu_0xb75fbc60 -> pdu_0xb75fc8f8 -> pdu_0xb75fd590 -> pdu_0xb75fe228 -> pdu_0xb75feec0 -> pdu_0xb75ffb58 -> pdu_0xb76007f0 -> pdu_0xb7601488 -> pdu_0xb7602120 -> pdu_0xb7602db8 -> pdu_0xb7603a50 -> pdu_0xb76046e8 -> pdu_0xb7605380 -> pdu_0xb7606018 -> pdu_0xb7606cb0 -> pdu_0xb7607948 -> pdu_0xb76085e0 -> pdu_0xb7609278 -> pdu_0xb7609f10 -> pdu_0xb760aba8 -> pdu_0xb760b840 -> pdu_0xb760c4d8 -> pdu_0xb760d170 -> pdu_0xb760de08 -> pdu_0xb760eaa0 -> pdu_0xb760f738 -> pdu_0xb76103d0 -> pdu_0xb7611068 -> pdu_0xb7611d00 -> pdu_0xb7612998 -> pdu_0xb7613630 -> pdu_0xb76142c8 -> pdu_0xb7614f60 -> pdu_0xb7615bf8 -> pdu_0xb7616890 -> pdu_0xb7617528 -> pdu_0xb76181c0 -> pdu_0xb7618e58 -> pdu_0xb7619af0 -> pdu_0xb761a788 -> pdu_0xb761b420 -> pdu_0xb761c0b8 -> pdu_0xb761cd50 -> pdu_0xb761d9e8 -> pdu_0xb761e680 -> pdu_0xb761f318 -> pdu_0xb761ffb0 -> pdu_0xb7620c48 -> pdu_0xb76218e0 -> pdu_0xb7622578 -> pdu_0xb7623210 -> pdu_0xb7623ea8 -> pdu_0xb7624b40 -> pdu_0xb76257d8 -> pdu_0xb7626470 -> pdu_0xb7627108 -> pdu_0xb7627da0 -> pdu_0xb7628a38 -> pdu_0xb76296d0 -> pdu_0xb762a368 -> pdu_0xb762b000 -> pdu_0xb762bc98 -> pdu_0xb762c930 -> pdu_0xb762d5c8 -> pdu_0xb762e260 -> pdu_0xb762eef8 -> pdu_0xb762fb90 -> pdu_0xb7630828 -> pdu_0xb76314c0 -> pdu_0xb7632158 -> pdu_0xb7632df0 -> pdu_0xb7633a88 -> pdu_0xb7634720 -> pdu_0xb76353b8 -> pdu_0xb7636050 -> pdu_0xb7636ce8 -> pdu_0xb7637980 -> pdu_0xb7638618 -> pdu_0xb76392b0 -> pdu_0xb7639f48 -> pdu_0xb763abe0 -> pdu_0xb763b878 -> pdu_0xb763c510 -> pdu_0xb763d1a8 -> pdu_0xb763de40 -> pdu_0xb763ead8 -> pdu_0xb763f770 -> pdu_0xb7640408 -> pdu_0xb76410a0 -> pdu_0xb7641d38 -> pdu_0xb76429d0 -> pdu_0xb7643668 -> pdu_0xb7644300 -> pdu_0xb7644f98 -> pdu_0xb7645c30 -> pdu_0xb76468c8 -> pdu_0xb7647560 -> pdu_0xb76481f8 -> pdu_0xb7648e90 -> pdu_0xb7649b28 -> pdu_0xb764a7c0 -> pdu_0xb764b458 -> pdu_0xb764c0f0 -> pdu_0xb764cd88 -> pdu_0xb764da20 -> pdu_0xb764e6b8 -> pdu_0xb764f350 -> pdu_0xb764ffe8 -> pdu_0xb7650c80 -> pdu_0xb7651918 -> pdu_0xb76525b0 -> pdu_0xb7653248 -> pdu_0xb7653ee0 -> pdu_0xb7654b78 -> pdu_0xb7655810 -> pdu_0xb76564a8 -> pdu_0xb7657140 -> pdu_0xb7657dd8 -> pdu_0xb7658a70 -> pdu_0xb7659708 -> pdu_0xb765a3a0 -> pdu_0xb765b038 -> pdu_0xb765bcd0 -> pdu_0xb765c968 -> pdu_0xb765d600 -> pdu_0xb765e298 -> pdu_0xb765ef30 -> pdu_0xb765fbc8 -> pdu_0xb7660860 -> pdu_0xb76614f8 -> pdu_0xb7662190 -> pdu_0xb7662e28 -> pdu_0xb7663ac0 -> pdu_0xb7664758 -> pdu_0xb76653f0 -> pdu_0xb7666088 -> pdu_0xb7666d20 -> pdu_0xb76679b8 -> pdu_0xb7668650 -> pdu_0xb76692e8 -> pdu_0xb7669f80 -> pdu_0xb766ac18 -> pdu_0xb766b8b0 -> pdu_0xb766c548 -> pdu_0xb766d1e0 -> pdu_0xb766de78 -> pdu_0xb766eb10 -> pdu_0xb766f7a8 -> pdu_0xb7670440 -> pdu_0xb76710d8 -> pdu_0xb7671d70 -> pdu_0xb7672a08 -> pdu_0xb76736a0 -> pdu_0xb7674338 -> pdu_0xb7674fd0 -> pdu_0xb7675c68 -> pdu_0xb7676900 -> pdu_0xb7677598 -> pdu_0xb7678230 -> pdu_0xb7678ec8 -> pdu_0xb7679b60 -> pdu_0xb767a7f8 -> pdu_0xb767b490 -> pdu_0xb767c128 -> pdu_0xb767cdc0 -> pdu_0xb767da58 -> pdu_0xb767e6f0 -> pdu_0xb767f388 -> pdu_0xb7680020 -> pdu_0xb7680cb8 -> pdu_0xb7681950 -> pdu_0xb76825e8 -> pdu_0xb7683280 -> pdu_0xb7683f18 -> pdu_0xb7684bb0 -> pdu_0xb7685848 -> pdu_0xb76864e0 -> pdu_0xb7687178 -> pdu_0xb7687e10 -> pdu_0xb7688aa8 -> pdu_0xb7689740 -> pdu_0xb768a3d8 -> pdu_0xb768b070 -> pdu_0xb768bd08 -> pdu_0xb768c9a0 -> pdu_0xb768d638 -> pdu_0xb768e2d0 -> pdu_0xb768ef68 -> pdu_0xb768fc00 -> pdu_0xb7690898 -> pdu_0xb7691530 -> pdu_0xb76921c8 -> pdu_0xb7692e60 -> pdu_0xb7693af8 -> pdu_0xb7694790 -> pdu_0xb7695428 -> pdu_0xb76960c0 -> pdu_0xb7696d58 -> pdu_0xb76979f0 -> pdu_0xb7698688 -> pdu_0xb7699320 -> pdu_0xb7699fb8 -> pdu_0xb769ac50 -> pdu_0xb769b8e8 -> pdu_0xb769c580 -> pdu_0xb769d218 -> pdu_0xb769deb0 -> pdu_0xb769eb48 -> pdu_0xb769f7e0 -> pdu_0xb76a0478 -> pdu_0xb76a1110 -> pdu_0xb76a1da8 -> pdu_0xb76a2a40 -> pdu_0xb76a36d8 -> pdu_0xb76a4370 -> pdu_0xb76a5008 -> pdu_0xb76a5ca0 -> pdu_0xb76a6938 -> pdu_0xb76a75d0 -> pdu_0xb76a8268 -> pdu_0xb76a8f00 -> pdu_0xb76a9b98 -> pdu_0xb76aa830 -> pdu_0xb76ab4c8 -> pdu_0xb76ac160 -> pdu_0xb76acdf8 -> pdu_0xb76ada90 -> pdu_0xb76ae728 -> pdu_0xb76af3c0 -> pdu_0xb76b0058 -> pdu_0xb76b0cf0 -> pdu_0xb76b1988 -> pdu_0xb76b2620 -> pdu_0xb76b32b8 -> pdu_0xb76b3f50 -> pdu_0xb76b4be8 -> pdu_0xb76b5880 -> pdu_0xb76b6518 -> pdu_0xb76b71b0 -> pdu_0xb76b7e48 -> pdu_0xb76b8ae0 -> pdu_0xb76b9778 -> pdu_0xb76ba410 -> pdu_0xb76bb0a8 -> pdu_0xb76bbd40 -> pdu_0xb76bc9d8 -> pdu_0xb76bd670 -> pdu_0xb76be308 -> pdu_0xb76befa0 -> pdu_0xb76bfc38 -> pdu_0xb76c08d0 -> pdu_0xb76c1568 -> pdu_0xb76c2200 -> pdu_0xb76c2e98 -> pdu_0xb76c3b30 -> pdu_0xb76c47c8 -> pdu_0xb76c5460 -> pdu_0xb76c60f8 -> pdu_0xb76c6d90 -> pdu_0xb76c7a28 -> pdu_0xb76c86c0 -> pdu_0xb76c9358 -> pdu_0xb76c9ff0 -> pdu_0xb76cac88 -> pdu_0xb76cb920 -> pdu_0xb76cc5b8 -> pdu_0xb76cd250 -> pdu_0xb76cdee8 -> pdu_0xb76ceb80 -> pdu_0xb76cf818 -> pdu_0xb76d04b0 -> pdu_0xb76d1148 -> pdu_0xb76d1de0 -> pdu_0xb76d2a78 -> pdu_0xb76d3710 -> pdu_0xb76d43a8 -> pdu_0xb76d5040 -> pdu_0xb76d5cd8 -> pdu_0xb76d6970 -> pdu_0xb76d7608 -> pdu_0xb76d82a0 -> pdu_0xb76d8f38 -> pdu_0xb76d9bd0 -> pdu_0xb76da868 -> pdu_0xb76db500 -> pdu_0xb76dc198 -> pdu_0xb76dce30 -> pdu_0xb76ddac8 -> pdu_0xb76de760 -> pdu_0xb76df3f8 -> pdu_0xb76e0090 -> pdu_0xb76e0d28 -> pdu_0xb76e19c0 -> pdu_0xb76e2658 -> pdu_0xb76e32f0 -> pdu_0xb76e3f88 -> pdu_0xb76e4c20 -> pdu_0xb76e58b8 -> pdu_0xb76e6550 -> pdu_0xb76e71e8 -> pdu_0xb76e7e80 -> pdu_0xb76e8b18 -> pdu_0xb76e97b0 -> pdu_0xb76ea448 -> pdu_0xb76eb0e0 -> pdu_0xb76ebd78 -> pdu_0xb76eca10 -> pdu_0xb76ed6a8 -> pdu_0xb76ee340 -> pdu_0xb76eefd8 -> pdu_0xb76efc70 -> pdu_0xb76f0908 -> pdu_0xb76f15a0 -> pdu_0xb76f2238 -> pdu_0xb76f2ed0 -> pdu_0xb76f3b68 -> pdu_0xb76f4800 -> pdu_0xb76f5498 -> pdu_0xb76f6130 -> pdu_0xb76f6dc8 -> pdu_0xb76f7a60 -> pdu_0xb76f86f8 -> pdu_0xb76f9390 -> pdu_0xb76fa028 -> pdu_0xb76facc0 -> pdu_0xb76fb958 -> pdu_0xb76fc5f0 -> pdu_0xb76fd288 -> pdu_0xb76fdf20 -> pdu_0xb76febb8 -> pdu_0xb76ff850 -> pdu_0xb77004e8 -> pdu_0xb7701180 -> pdu_0xb7701e18 -> pdu_0xb7702ab0 -> pdu_0xb7703748 -> pdu_0xb77043e0 -> pdu_0xb7705078 -> pdu_0xb7705d10 -> pdu_0xb77069a8 -> pdu_0xb7707640 -> pdu_0xb77082d8 -> pdu_0xb7708f70 -> pdu_0xb7709c08 -> pdu_0xb770a8a0 -> pdu_0xb770b538 -> pdu_0xb770c1d0 -> pdu_0xb770ce68 -> pdu_0xb770db00 -> pdu_0xb770e798 -> pdu_0xb770f430 -> pdu_0xb77100c8 -> pdu_0xb7710d60 -> pdu_0xb77119f8 -> pdu_0xb7712690 -> pdu_0xb7713328 -> pdu_0xb7713fc0 -> pdu_0xb7714c58 -> pdu_0xb77158f0 -> pdu_0xb7716588 -> pdu_0xb7717220 -> pdu_0xb7717eb8 -> pdu_0xb7718b50 -> pdu_0xb77197e8 -> pdu_0xb771a480 -> pdu_0xb771b118 -> pdu_0xb771bdb0 -> pdu_0xb771ca48 -> pdu_0xb771d6e0 -> pdu_0xb771e378 -> pdu_0xb771f010 -> pdu_0xb771fca8 -> pdu_0xb7720940 -> pdu_0xb77215d8 -> pdu_0xb7722270 -> pdu_0xb7722f08 -> pdu_0xb7723ba0 -> pdu_0xb7724838 -> pdu_0xb77254d0 -> pdu_0xb7726168 -> pdu_0xb7726e00 -> pdu_0xb7727a98 -> pdu_0xb7728730 -> pdu_0xb77293c8 -> pdu_0xb772a060 -> pdu_0xb772acf8 -> pdu_0xb772b990 -> pdu_0xb772c628 -> pdu_0xb772d2c0 -> pdu_0xb772df58 -> pdu_0xb772ebf0 -> pdu_0xb772f888 -> pdu_0xb7730520 -> pdu_0xb77311b8 -> pdu_0xb7731e50 -> pdu_0xb7732ae8 -> pdu_0xb7733780 -> pdu_0xb7734418 -> pdu_0xb77350b0 -> pdu_0xb7735d48 -> pdu_0xb77369e0 -> pdu_0xb7737678 -> pdu_0xb7738310 -> pdu_0xb7738fa8 -> pdu_0xb7739c40 -> pdu_0xb773a8d8 -> pdu_0xb773b570 -> pdu_0xb773c208 -> pdu_0xb773cea0 -> pdu_0xb773db38 -> pdu_0xb773e7d0 -> pdu_0xb773f468 -> pdu_0xb7740100 -> pdu_0xb7740d98 -> pdu_0xb7741a30 -> pdu_0xb77426c8 -> pdu_0xb7743360 -> pdu_0xb7743ff8 -> pdu_0xb7744c90 -> pdu_0xb7745928 -> pdu_0xb77465c0 -> pdu_0xb7747258 -> pdu_0xb7747ef0 -> pdu_0xb7748b88 -> pdu_0xb7749820 -> pdu_0xb774a4b8 -> pdu_0xb774b150 -> pdu_0xb774bde8 -> pdu_0xb774ca80 -> pdu_0xb774d718 -> pdu_0xb774e3b0 -> pdu_0xb774f048 -> pdu_0xb774fce0 -> pdu_0xb7750978 -> pdu_0xb7751610 -> pdu_0xb77522a8 -> pdu_0xb7752f40 -> pdu_0xb7753bd8 -> pdu_0xb7754870 -> pdu_0xb7755508 -> pdu_0xb77561a0 -> pdu_0xb7756e38 -> pdu_0xb7757ad0 -> pdu_0xb7758768 -> pdu_0xb7759400 -> pdu_0xb775a098 -> pdu_0xb775ad30 -> pdu_0xb775b9c8 -> pdu_0xb775c660 -> pdu_0xb775d2f8 -> pdu_0xb775df90 -> pdu_0xb775ec28 -> pdu_0xb775f8c0 -> pdu_0xb7760558 -> pdu_0xb77611f0 -> pdu_0xb7761e88 -> pdu_0xb7762b20 -> pdu_0xb77637b8 -> pdu_0xb7764450 -> pdu_0xb77650e8 -> pdu_0xb7765d80 -> pdu_0xb7766a18 -> pdu_0xb77676b0 -> pdu_0xb7768348 -> pdu_0xb7768fe0 -> pdu_0xb7769c78 -> pdu_0xb776a910 -> pdu_0xb776b5a8 -> pdu_0xb776c240 -> pdu_0xb776ced8 -> pdu_0xb776db70 -> pdu_0xb776e808 -> pdu_0xb776f4a0 -> pdu_0xb7770138 -> pdu_0xb7770dd0 -> pdu_0xb7771a68 -> pdu_0xb7772700 -> pdu_0xb7773398 -> pdu_0xb7774030 -> pdu_0xb7774cc8 -> pdu_0xb7775960 -> pdu_0xb77765f8 -> pdu_0xb7777290 -> pdu_0xb7777f28 -> pdu_0xb7778bc0 -> pdu_0xb7779858 -> pdu_0xb777a4f0 -> pdu_0xb777b188 -> pdu_0xb777be20 -> pdu_0xb777cab8 -> pdu_0xb777d750 -> pdu_0xb777e3e8 -> pdu_0xb777f080 -> pdu_0xb777fd18 -> pdu_0xb77809b0 -> pdu_0xb7781648 -> pdu_0xb77822e0 -> pdu_0xb7782f78 -> pdu_0xb7783c10 -> pdu_0xb77848a8 -> pdu_0xb7785540 -> pdu_0xb77861d8 -> pdu_0xb7786e70 -> pdu_0xb7787b08 -> pdu_0xb77887a0 -> pdu_0xb7789438 -> pdu_0xb778a0d0 -> pdu_0xb778ad68 -> pdu_0xb778ba00 -> pdu_0xb778c698 -> pdu_0xb778d330 -> pdu_0xb778dfc8 -> pdu_0xb778ec60 -> pdu_0xb778f8f8 -> pdu_0xb7790590 -> pdu_0xb7791228 -> pdu_0xb7791ec0 -> pdu_0xb7792b58 -> pdu_0xb77937f0 -> pdu_0xb7794488 -> pdu_0xb7795120 -> pdu_0xb7795db8 -> pdu_0xb7796a50 -> pdu_0xb77976e8 -> pdu_0xb7798380 -> pdu_0xb7799018 -> pdu_0xb7799cb0 -> pdu_0xb779a948 -> pdu_0xb779b5e0 -> pdu_0xb779c278 -> pdu_0xb779cf10 -> pdu_0xb779dba8 -> pdu_0xb779e840 -> pdu_0xb779f4d8 -> pdu_0xb77a0170 -> pdu_0xb77a0e08 -> pdu_0xb77a1aa0 -> pdu_0xb77a2738 -> pdu_0xb77a33d0 -> pdu_0xb77a4068 -> pdu_0xb77a4d00 -> pdu_0xb77a5998 -> pdu_0xb77a6630 -> pdu_0xb77a72c8 -> pdu_0xb77a7f60 -> pdu_0xb77a8bf8 -> pdu_0xb77a9890 -> pdu_0xb77aa528 -> pdu_0xb77ab1c0 -> pdu_0xb77abe58 -> pdu_0xb77acaf0 -> pdu_0xb77ad788 -> pdu_0xb77ae420 -> pdu_0xb77af0b8 -> pdu_0xb77afd50 -> pdu_0xb77b09e8 -> pdu_0xb77b1680 -> pdu_0xb77b2318 -> pdu_0xb77b2fb0 -> pdu_0xb77b3c48 -> pdu_0xb77b48e0 -> pdu_0xb77b5578 -> pdu_0xb77b6210 -> pdu_0xb77b6ea8 -> pdu_0xb77b7b40 -> pdu_0xb77b87d8 -> pdu_0xb77b9470 -> pdu_0xb77ba108 -> pdu_0xb77bada0 -> pdu_0xb77bba38 -> pdu_0xb77bc6d0 -> pdu_0xb77bd368 -> pdu_0xb77be000 -> pdu_0xb77bec98 -> pdu_0xb77bf930 -> pdu_0xb77c05c8 -> pdu_0xb77c1260 -> pdu_0xb77c1ef8 -> pdu_0xb77c2b90 -> pdu_0xb77c3828 -> pdu_0xb77c44c0 -> pdu_0xb77c5158 -> pdu_0xb77c5df0 -> pdu_0xb77c6a88 -> pdu_0xb77c7720 -> pdu_0xb77c83b8 -> pdu_0xb77c9050 -> pdu_0xb77c9ce8 -> pdu_0xb77ca980 -> pdu_0xb77cb618 -> pdu_0xb77cc2b0 -> pdu_0xb77ccf48 -> pdu_0xb77cdbe0 -> pdu_0xb77ce878 -> pdu_0xb77cf510 -> pdu_0xb77d01a8 -> pdu_0xb77d0e40 -> pdu_0xb77d1ad8 -> pdu_0xb77d2770 -> pdu_0xb77d3408 -> pdu_0xb77d40a0 -> pdu_0xb77d4d38 -> pdu_0xb77d59d0 -> pdu_0xb77d6668 -> pdu_0xb77d7300 -> pdu_0xb77d7f98 -> pdu_0xb77d8c30 [label=free_pdus];
Data structure dump 3583
----------------------
hit_0x2dd8350 [label="tid_2dd8b70"];
hit_0x2dd8350  // free_pdus
-> pdu_0xb6cd3c30  // (SEND)
-> pdu_0xb6ccf0a0  // (ACK
)
[label=free_pdus];
Hit structure dump 2
======================
hit_0x178f350 [label="tid_178fb70"];
hit_0x178f350  // free_pdus
-> pdu_0xb6cd7b28  // (RECE)
[label=free_pdus];
Hit structure dump 1
======================
hit_0xbfc46758 [label="tid_b77da960"];
hit_0xbfc46758  // free_pdus
-> pdu_0xb6cc9878  // (STOM)
-> pdu_0xb6cad318  // (CONN)
-> pdu_0xb6ccd770  // (ACK
)
-> pdu_0xb6cd5560  // (RECE)
[label=free_pdus];
Hit structure dump 4
======================
