FMT0 persist at /var/zxid/bus/ch/default/zvuWsewQqt-hYflrtXC9yYEWb8E 'foo bar' len=61 rcpt(0)
FMT0 persist at /var/zxid/bus/ch/default/JW8CltIg8QbpBEDWamF1SPZxDYk '' len=54 rcpt(0)
FMT0 persist at /var/zxid/bus/ch/default/bjZtT6SuxzOFHc1GLnoFdMdSbm0 'F' len=55 rcpt(0)
FMT0 persist at /var/zxid/bus/ch/default/3yaWfCFEuyz-HXA7_PY2lV-zfYg 'test(-1,10' len=69 rcpt(0)
FMT0 persist at /var/zxid/bus/ch/default/35OUqHeMdhRnPCsPBJH-BCvMKoU 'test(-1,10' len=69 rcpt(1)
FMT0 persist at /var/zxid/bus/ch/default/5IDVUvOLVmHmexymd4x9U4_fGiE 'test(-1,10' len=69 rcpt(2)
FMT0 persist at /var/zxid/bus/ch/default/2ILOd9iA9sXKvGjpSAQebLoq2qw 'test(-1,10' len=69 rcpt(3)
FMT0 persist at /var/zxid/bus/ch/default/5-UizDkcKov2nGMBR17-7VpVeQ8 'test(-1,10' len=69 rcpt(4)
FMT0 persist at /var/zxid/bus/ch/default/JP2s0dI6xNkX63n7ZkAjqUUU-RM 'test(-1,10' len=69 rcpt(5)
FMT0 persist at /var/zxid/bus/ch/default/uwFxZrtMSOtP5tVOS0qE62ExX1Y 'test(-1,10' len=69 rcpt(6)
FMT0 persist at /var/zxid/bus/ch/default/HOXHKXrNynLHrbxJ7ff7TUU_7D4 'test(-1,10' len=69 rcpt(7)
FMT0 persist at /var/zxid/bus/ch/default/Xk6XftlZus_9dohsr01EI54p0OU 'test(-1,10' len=69 rcpt(8)
FMT0 persist at /var/zxid/bus/ch/default/d8lbiMfQlvezKDfBsg9NlAqSQ-8 'test(-1,10' len=69 rcpt(9)
FMT0 persist at /var/zxid/bus/ch/default/JEnG2wwROfDNZ36Sc9PWrpIWSCk 'test(-1,10' len=70 rcpt(10)
FMT0 persist at /var/zxid/bus/ch/default/f5-vIEPUTox43OUX1nL-yg-OS3o 'test(-1,10' len=69 rcpt(11)
FMT0 persist at /var/zxid/bus/ch/default/ojkE2iuWTmkaGBMgZ9SDyFUapkc 'test(-1,10' len=69 rcpt(12)
FMT0 persist at /var/zxid/bus/ch/default/V9ZWdFF9Jzkkdi8HYyt2a2kcizw 'test(-1,10' len=69 rcpt(13)
FMT0 persist at /var/zxid/bus/ch/default/Re6LCQ0mlGRH_UFkdIjxX6u-LQw 'test(-1,10' len=69 rcpt(14)
FMT0 persist at /var/zxid/bus/ch/default/wVbDRlDK_mvYm4b968rnOQfkHHI 'test(-1,10' len=69 rcpt(15)
FMT0 persist at /var/zxid/bus/ch/default/FM4qmrnEhUOsYmWO4iymXkZbSdQ 'test(-1,10' len=69 rcpt(16)
FMT0 persist at /var/zxid/bus/ch/default/vUj8SZ2Js2gY9s43iRSugPbzY_M 'test(-1,10' len=69 rcpt(17)
FMT0 persist at /var/zxid/bus/ch/default/LFtciBs-W1RGhdIjBPJYgd2Y_Ag 'test(-1,10' len=69 rcpt(18)
FMT0 persist at /var/zxid/bus/ch/default/44YuNEl5ol5XEF8Zh5_8s6esUFU 'test(-1,10' len=69 rcpt(19)
FMT0 persist at /var/zxid/bus/ch/default/biYNQsjIZvP9Nzwnjyjuhv4lwNw 'test(-1,9,' len=69 rcpt(20)
FMT0 persist at /var/zxid/bus/ch/default/h3hZBocFbvmGiqNhz1YCT8s2hxU 'test(-1,9,' len=69 rcpt(21)
FMT0 persist at /var/zxid/bus/ch/default/5gjqBP2HG8Z1RF00jeIZFRZ5iP8 'test(-1,9,' len=69 rcpt(22)
FMT0 persist at /var/zxid/bus/ch/default/UrP8sCUgjN_SESLjVJfR6SBECwI 'test(-1,9,' len=69 rcpt(23)
FMT0 persist at /var/zxid/bus/ch/default/pM5fhVEqNf4aWOiA9gsH2KRJ_mw 'test(-1,9,' len=69 rcpt(24)
FMT0 persist at /var/zxid/bus/ch/default/rmWZsD9S-WqqPRbKdSDWNM-t9Ek 'test(-1,9,' len=69 rcpt(25)
FMT0 persist at /var/zxid/bus/ch/default/B0AY5AARAoRD6S9XHG7T1p7QWsU 'test(-1,9,' len=69 rcpt(26)
FMT0 persist at /var/zxid/bus/ch/default/IRcNzrDtvUVA7Yhte9B_1mJOvrw 'test(-1,9,' len=69 rcpt(27)
FMT0 persist at /var/zxid/bus/ch/default/BGxDDKGsUPzGm7yl51XEMy-omLQ 'test(-1,9,' len=69 rcpt(28)
FMT0 persist at /var/zxid/bus/ch/default/jizdvrPVXQnWw-R0kUc7qENVhnE 'test(-1,9,' len=69 rcpt(29)
FMT0 persist at /var/zxid/bus/ch/default/tcQ8k_GtGPAMHY3PywB7lL6xBnc 'test(-1,9,' len=69 rcpt(30)
FMT0 persist at /var/zxid/bus/ch/default/i46sMKPBfLtcHWSkFhTGc2Nc8kQ 'test(-1,9,' len=68 rcpt(31)
FMT0 persist at /var/zxid/bus/ch/default/3AvhHDlW7RkcvqVKSXhIdaUoGTk 'test(-1,9,' len=68 rcpt(32)
FMT0 persist at /var/zxid/bus/ch/default/GTMBriSVyCUZUEmVfto66XGANOY 'test(-1,9,' len=68 rcpt(33)
FMT0 persist at /var/zxid/bus/ch/default/5f2JBM5H7TbJcVBwsnqYWlBg79E 'test(-1,9,' len=68 rcpt(34)
FMT0 persist at /var/zxid/bus/ch/default/noC8r6nipKLfR-j-0MDrOUr2L5I 'test(-1,9,' len=68 rcpt(35)
FMT0 persist at /var/zxid/bus/ch/default/PJ0PYqJnQHHeAisAMh3PYZslkxE 'test(-1,9,' len=68 rcpt(36)
FMT0 persist at /var/zxid/bus/ch/default/LhdKzX6uoPPtYJQwFMBL7UIKQtk 'test(-1,9,' len=68 rcpt(37)
FMT0 persist at /var/zxid/bus/ch/default/HbNTqyQghBJBt_i6fTaQdWXt4KY 'test(-1,9,' len=68 rcpt(38)
FMT0 persist at /var/zxid/bus/ch/default/SKxkqUzpErNZwM2c7U0pMFDh0c4 'test(-1,9,' len=68 rcpt(39)
FMT0 persist at /var/zxid/bus/ch/default/xpoEGlyR1nkyvXxnCHzb0GgRsCE 'test(-1,8,' len=69 rcpt(40)
FMT0 persist at /var/zxid/bus/ch/default/Zx7ZADF9J7uUktK8G_oueVMy4yk 'test(-1,8,' len=69 rcpt(41)
FMT0 persist at /var/zxid/bus/ch/default/sygRWnccwQRr2AQ1zfsVMklfT84 'test(-1,8,' len=69 rcpt(42)
FMT0 persist at /var/zxid/bus/ch/default/5m_BqIcyk2BJNUtXHQIMYNUXIFo 'test(-1,8,' len=69 rcpt(43)
FMT0 persist at /var/zxid/bus/ch/default/xMQa1PT4u5FmEPw6EM-Wws1lZ0s 'test(-1,8,' len=69 rcpt(44)
FMT0 persist at /var/zxid/bus/ch/default/sGvPDob7wE6ipUB8SxBTFrmkbcE 'test(-1,8,' len=69 rcpt(45)
FMT0 persist at /var/zxid/bus/ch/default/b73GDEZG3wZzj46nzpa_UH-sLq4 'test(-1,8,' len=69 rcpt(46)
FMT0 persist at /var/zxid/bus/ch/default/BAeuXWqo5o9Ej8etSbq1DQ5Rv3I 'test(-1,8,' len=69 rcpt(47)
FMT0 persist at /var/zxid/bus/ch/default/hjmE7GEoQUmmohpqo_pONQxCF34 'test(-1,8,' len=69 rcpt(48)
FMT0 persist at /var/zxid/bus/ch/default/zsmlR76yE4Fc_5Ofewocfja4mC0 'test(-1,8,' len=69 rcpt(49)
FMT0 persist at /var/zxid/bus/ch/default/4jRn6jxY9H0YVQY-alhYYIS4cBw 'test(-1,8,' len=69 rcpt(50)
FMT0 persist at /var/zxid/bus/ch/default/gr2Ql0JSHTcodq5aCN2ucfTMAvA 'test(-1,8,' len=68 rcpt(51)
FMT0 persist at /var/zxid/bus/ch/default/Dzxy0ddog2lA-exFSCzWZAngWlU 'test(-1,8,' len=68 rcpt(52)
FMT0 persist at /var/zxid/bus/ch/default/_lVyJBdnThbixgJkb42dz9RrztU 'test(-1,8,' len=68 rcpt(53)
FMT0 persist at /var/zxid/bus/ch/default/cmo1BQDiCACNBslCiAZT2IALDr4 'test(-1,8,' len=68 rcpt(54)
FMT0 persist at /var/zxid/bus/ch/default/5Zo2NZ0QCoZ-S-6eogoWx5RHZpk 'test(-1,8,' len=68 rcpt(55)
FMT0 persist at /var/zxid/bus/ch/default/q94P0s15BB5p8tBEacLw716KkiA 'test(-1,8,' len=68 rcpt(56)
FMT0 persist at /var/zxid/bus/ch/default/Rfro0cQiPGPb28S6irOC673brYg 'test(-1,8,' len=68 rcpt(57)
FMT0 persist at /var/zxid/bus/ch/default/lYO4gnFogbILyL_cVlXIrceTLm4 'test(-1,8,' len=68 rcpt(58)
FMT0 persist at /var/zxid/bus/ch/default/xa-QRsnQfA6ua-ShNpVrZNeshS8 'test(-1,8,' len=68 rcpt(59)
FMT0 persist at /var/zxid/bus/ch/default/Xrai02IvSenif5Br4Rv0wfVdrt4 'test(-1,7,' len=69 rcpt(60)
FMT0 persist at /var/zxid/bus/ch/default/QybmwQtGwTTlRtF4w-TS57pHrC4 'test(-1,7,' len=69 rcpt(61)
FMT0 persist at /var/zxid/bus/ch/default/mnSnI6vuA3A9e6vGpNqbvtxbIZ8 'test(-1,7,' len=69 rcpt(62)
FMT0 persist at /var/zxid/bus/ch/default/KFZ4s5RYugEc3IEua9N_Hp2ItKU 'test(-1,7,' len=69 rcpt(63)
FMT0 persist at /var/zxid/bus/ch/default/qjo5peUNiqaWMjcnpmcYyEFRGd4 'test(-1,7,' len=69 rcpt(64)
FMT0 persist at /var/zxid/bus/ch/default/0bbqnrgthv5AtKu_jvHHPYm7590 'test(-1,7,' len=69 rcpt(65)
FMT0 persist at /var/zxid/bus/ch/default/_aKBUUZgxAl9SgDyl2Zf65wGG6c 'test(-1,7,' len=69 rcpt(66)
FMT0 persist at /var/zxid/bus/ch/default/R2fMaTmsxl4tZS1gc7Qw1y07OLU 'test(-1,7,' len=69 rcpt(67)
FMT0 persist at /var/zxid/bus/ch/default/lxvddNO8gejTqKyT0XFOli-OL2k 'test(-1,7,' len=69 rcpt(68)
FMT0 persist at /var/zxid/bus/ch/default/UPJIRTBI5b3IwFJCnGwzhSAU6IQ 'test(-1,7,' len=69 rcpt(69)
FMT0 persist at /var/zxid/bus/ch/default/mdRUqS9rLqvWsnU81ntSNFjwI_U 'test(-1,7,' len=69 rcpt(70)
FMT0 persist at /var/zxid/bus/ch/default/ZnIp0VWMCP0CJCs7GX9zlScNTBc 'test(-1,7,' len=68 rcpt(71)
FMT0 persist at /var/zxid/bus/ch/default/X4dMKJbhbgh1PtkPnI4AbkzzASw 'test(-1,7,' len=68 rcpt(72)
FMT0 persist at /var/zxid/bus/ch/default/BIgPNyPRYli3Qr00FokPKkeMppE 'test(-1,7,' len=68 rcpt(73)
FMT0 persist at /var/zxid/bus/ch/default/A72Y2GXCU-9HiColGacDQNnx5_8 'test(-1,7,' len=68 rcpt(74)
FMT0 persist at /var/zxid/bus/ch/default/6WQ2WpEs_2hyFX_gEZmjACP71yo 'test(-1,7,' len=68 rcpt(75)
FMT0 persist at /var/zxid/bus/ch/default/lAZgZXVL5hyZDVZqfbl5D0fzJZ8 'test(-1,7,' len=68 rcpt(76)
FMT0 persist at /var/zxid/bus/ch/default/9YzHqcq1sfNyX-X2edrFYnDmPyU 'test(-1,7,' len=68 rcpt(77)
FMT0 persist at /var/zxid/bus/ch/default/eCbQv63zhXmNdap_uyeyjWyj4NI 'test(-1,7,' len=68 rcpt(78)
FMT0 persist at /var/zxid/bus/ch/default/FNIl6PkbdCKgVxxYuTLSTtcpF5o 'test(-1,7,' len=68 rcpt(79)
FMT0 persist at /var/zxid/bus/ch/default/zFz96-EeVViEflesk-062FlJ8QI 'test(-1,6,' len=69 rcpt(80)
FMT0 persist at /var/zxid/bus/ch/default/L_94L33TUBQvlIXrYOUsr1snmRQ 'test(-1,6,' len=69 rcpt(81)
FMT0 persist at /var/zxid/bus/ch/default/KCd0IP0ciufPZSRirnCwZmDIT_s 'test(-1,6,' len=69 rcpt(82)
FMT0 persist at /var/zxid/bus/ch/default/2onfwo1c0_7pj2lnjO6ewz8wZOk 'test(-1,6,' len=69 rcpt(83)
FMT0 persist at /var/zxid/bus/ch/default/T4L06ew8DrPUQ3CJret-RiSX27E 'test(-1,6,' len=69 rcpt(84)
FMT0 persist at /var/zxid/bus/ch/default/xDsutRnnIKGE1CrryQpBQYgH4oM 'test(-1,6,' len=69 rcpt(85)
FMT0 persist at /var/zxid/bus/ch/default/LgMXt2uB51eevW9auOQ88kQgLBE 'test(-1,6,' len=69 rcpt(86)
FMT0 persist at /var/zxid/bus/ch/default/v6u1dhsBKL2DWpa6NMPS0wBgQX4 'test(-1,6,' len=69 rcpt(87)
FMT0 persist at /var/zxid/bus/ch/default/vmtVbSJWik1U47nXOobDhU7wTWw 'test(-1,6,' len=69 rcpt(88)
FMT0 persist at /var/zxid/bus/ch/default/ZBAQVh9FcYp-t6McIpUTuUTwJ-U 'test(-1,6,' len=69 rcpt(89)
FMT0 persist at /var/zxid/bus/ch/default/ZnbFy7OOeb1i-hZZxFOYkRZLp-A 'test(-1,6,' len=69 rcpt(90)
FMT0 persist at /var/zxid/bus/ch/default/as2YvT-clvCgw6VRIpgQqDgVqQQ 'test(-1,6,' len=68 rcpt(91)
FMT0 persist at /var/zxid/bus/ch/default/CW4WwI1aeMmO5TEAJBR4sRtuKsk 'test(-1,6,' len=68 rcpt(92)
FMT0 persist at /var/zxid/bus/ch/default/JIIEkXyRwx56USf_4BnSuwmKlq8 'test(-1,6,' len=68 rcpt(93)
FMT0 persist at /var/zxid/bus/ch/default/KbrXYSmoAefYSlwEpFDhfQsnAAI 'test(-1,6,' len=68 rcpt(94)
FMT0 persist at /var/zxid/bus/ch/default/z7aqiIO6jgRDEO5OoG2DCe6i2T4 'test(-1,6,' len=68 rcpt(95)
FMT0 persist at /var/zxid/bus/ch/default/yUor9OPr4yf3jz1O033siWjAe5Y 'test(-1,6,' len=68 rcpt(96)
FMT0 persist at /var/zxid/bus/ch/default/qDiOmcWTD8eZTXE2V1wW0eSLtZo 'test(-1,6,' len=68 rcpt(97)
FMT0 persist at /var/zxid/bus/ch/default/7Lp_dNKGd2X5rvTLIle5nYejfno 'test(-1,6,' len=68 rcpt(98)
FMT0 persist at /var/zxid/bus/ch/default/_h1K3bAjOElDanDaT-yAE9hszQ4 'test(-1,6,' len=68 rcpt(99)
FMT0 persist at /var/zxid/bus/ch/default/LZT1EP94F3I1NzGqs282TmNtlNo 'test(-1,5,' len=70 rcpt(100)
FMT0 persist at /var/zxid/bus/ch/default/cSQlYF0fm-8kZWfOFuXxjQhy94E 'test(-1,5,' len=70 rcpt(101)
FMT0 persist at /var/zxid/bus/ch/default/meonGQF1u0WY13PWMNF4qPHfCTI 'test(-1,5,' len=70 rcpt(102)
FMT0 persist at /var/zxid/bus/ch/default/FTdGIcbA3LAG92MOx_Y7nr2AqsA 'test(-1,5,' len=70 rcpt(103)
FMT0 persist at /var/zxid/bus/ch/default/DIkWvqvezNzkYiwZPr5_rmTgTDQ 'test(-1,5,' len=70 rcpt(104)
FMT0 persist at /var/zxid/bus/ch/default/Fg9AesBS7ivwYhnGRe4aZw9Viuc 'test(-1,5,' len=70 rcpt(105)
FMT0 persist at /var/zxid/bus/ch/default/bNtzrYqJ7kOWVZgena59dlEpJec 'test(-1,5,' len=70 rcpt(106)
FMT0 persist at /var/zxid/bus/ch/default/Eb2IKFgFW-gJJegOM2jCv1-xE0E 'test(-1,5,' len=70 rcpt(107)
FMT0 persist at /var/zxid/bus/ch/default/8cg3W2phukvptJE64BdZfdp52js 'test(-1,5,' len=70 rcpt(108)
FMT0 persist at /var/zxid/bus/ch/default/V6HDTfum143issWLtf_Gyyl-uRQ 'test(-1,5,' len=70 rcpt(109)
FMT0 persist at /var/zxid/bus/ch/default/pzIrdf0SbaD5rch1M7GSLBXphTE 'test(-1,5,' len=70 rcpt(110)
FMT0 persist at /var/zxid/bus/ch/default/TOKjnCzX5Lb95AU2cV93MLDLQHc 'test(-1,5,' len=69 rcpt(111)
FMT0 persist at /var/zxid/bus/ch/default/NgrG590cMHwcgmp4w-N0f0k3NCA 'test(-1,5,' len=69 rcpt(112)
FMT0 persist at /var/zxid/bus/ch/default/BpCue7sH096euy0lv0Vx6hVOag8 'test(-1,5,' len=69 rcpt(113)
FMT0 persist at /var/zxid/bus/ch/default/wwlYzZrv-UUw7RdjclZao8OcElQ 'test(-1,5,' len=69 rcpt(114)
FMT0 persist at /var/zxid/bus/ch/default/ja8NTCvOcy8XJeFu1PTPYRRmyvM 'test(-1,5,' len=69 rcpt(115)
FMT0 persist at /var/zxid/bus/ch/default/gvYB68K9UvdZbFf_1CvYcM_0FM8 'test(-1,5,' len=69 rcpt(116)
FMT0 persist at /var/zxid/bus/ch/default/0BRxlK2XOL7INWxuqtlDRvf-MxU 'test(-1,5,' len=69 rcpt(117)
FMT0 persist at /var/zxid/bus/ch/default/Wdz9pmEJgLJ3qeVzjSkF3vnSGkU 'test(-1,5,' len=69 rcpt(118)
FMT0 persist at /var/zxid/bus/ch/default/dk4rTd0d9tV4O8VjZylIcFPkrTA 'test(-1,5,' len=69 rcpt(119)
FMT0 persist at /var/zxid/bus/ch/default/W4jwsMZtvg_KHi-5UaLsd7CCokM 'test(-1,4,' len=70 rcpt(120)
FMT0 persist at /var/zxid/bus/ch/default/4jsA2lmzBzsnfcUfy1WEkIP1Xds 'test(-1,4,' len=70 rcpt(121)
FMT0 persist at /var/zxid/bus/ch/default/dfhu_C-cIOPVYg2iKuDNDn6J_yc 'test(-1,4,' len=70 rcpt(122)
FMT0 persist at /var/zxid/bus/ch/default/00BT2_Ui9mySoOX4HfhQ7A791FQ 'test(-1,4,' len=70 rcpt(123)
FMT0 persist at /var/zxid/bus/ch/default/nYS1dwS7lRG0B2RcNysJu7R9Q-Y 'test(-1,4,' len=70 rcpt(124)
FMT0 persist at /var/zxid/bus/ch/default/2hpVFDB2N_MPpDq8IbGER9zPu2w 'test(-1,4,' len=70 rcpt(125)
FMT0 persist at /var/zxid/bus/ch/default/LlNSq2WQi0fhnI49VzqscChqZVE 'test(-1,4,' len=70 rcpt(126)
FMT0 persist at /var/zxid/bus/ch/default/05s9jpPPgH0LiSh9w-ANhBcG-nE 'test(-1,4,' len=70 rcpt(127)
FMT0 persist at /var/zxid/bus/ch/default/K3bx9IXC2oquSq9VlbSuYUmisjg 'test(-1,4,' len=70 rcpt(128)
FMT0 persist at /var/zxid/bus/ch/default/Y9X0Oy_HcQrgwp_nBU5uwF_c3Bk 'test(-1,4,' len=70 rcpt(129)
FMT0 persist at /var/zxid/bus/ch/default/CkHmm6L0Mq6HtlSaqdn6H3KgKfM 'test(-1,4,' len=70 rcpt(130)
FMT0 persist at /var/zxid/bus/ch/default/ypRElrPQCfkTXw2ycoKxS7M2cQI 'test(-1,4,' len=69 rcpt(131)
FMT0 persist at /var/zxid/bus/ch/default/ZChCd0S-jDPdsFb7OR1MVgXs-C8 'test(-1,4,' len=69 rcpt(132)
FMT0 persist at /var/zxid/bus/ch/default/m-zNStWwgl0hhQbjBO4D6mzupo4 'test(-1,4,' len=69 rcpt(133)
FMT0 persist at /var/zxid/bus/ch/default/TOdjKcaamSiB0VWhgnYiRYbuZpY 'test(-1,4,' len=69 rcpt(134)
FMT0 persist at /var/zxid/bus/ch/default/hTR5iwb2Cgxbhi_DuvCJrKCWzRw 'test(-1,4,' len=69 rcpt(135)
FMT0 persist at /var/zxid/bus/ch/default/ZjFUVxV5CgKaOB-BccuQb2NnzTs 'test(-1,4,' len=69 rcpt(136)
FMT0 persist at /var/zxid/bus/ch/default/IRdq7XcDuNkJgNaTKClWEwvrEYU 'test(-1,4,' len=69 rcpt(137)
FMT0 persist at /var/zxid/bus/ch/default/Mn4bloiCsyIeB_WkArjqfhUOF3U 'test(-1,4,' len=69 rcpt(138)
FMT0 persist at /var/zxid/bus/ch/default/29UZMYJ99BAV2GMYdcBR1H1bbq0 'test(-1,4,' len=69 rcpt(139)
FMT0 persist at /var/zxid/bus/ch/default/UscZJTTrin-zp6C2V1EKAF8LDDE 'test(-1,3,' len=70 rcpt(140)
FMT0 persist at /var/zxid/bus/ch/default/z4RwGDKCu7bW4DgX_5tCj5ujfl8 'test(-1,3,' len=70 rcpt(141)
FMT0 persist at /var/zxid/bus/ch/default/0YVwjtB4MJA0PgehcIetmfLm5FU 'test(-1,3,' len=70 rcpt(142)
FMT0 persist at /var/zxid/bus/ch/default/TuIok8dpIoNEAKT3NK7HoQKy8Kg 'test(-1,3,' len=70 rcpt(143)
FMT0 persist at /var/zxid/bus/ch/default/W1YVGDnVjrNuQHd6PigcP2VNGiY 'test(-1,3,' len=70 rcpt(144)
FMT0 persist at /var/zxid/bus/ch/default/0BQJWxTmBGsiobu3zkJthgxd4wc 'test(-1,3,' len=70 rcpt(145)
FMT0 persist at /var/zxid/bus/ch/default/JaQSZrLGBP6cGmuJ6jM84ll0CU0 'test(-1,3,' len=70 rcpt(146)
FMT0 persist at /var/zxid/bus/ch/default/Z_XTFjsBsMLJXzVFdfdiQVkNY5I 'test(-1,3,' len=70 rcpt(147)
FMT0 persist at /var/zxid/bus/ch/default/hX-XXtfwOQnVRhlcZlAHMPlflIg 'test(-1,3,' len=70 rcpt(148)
FMT0 persist at /var/zxid/bus/ch/default/foz3BSwKX_AT-Q1XA1GyAR0tp9Y 'test(-1,3,' len=70 rcpt(149)
FMT0 persist at /var/zxid/bus/ch/default/SX5XfEEhrNjSCXgCfuCSi-rTO0o 'test(-1,3,' len=70 rcpt(150)
FMT0 persist at /var/zxid/bus/ch/default/ivDpH6Z_HHQiAATEgQRnMao_vTM 'test(-1,3,' len=69 rcpt(151)
FMT0 persist at /var/zxid/bus/ch/default/8dNhtKMPKQvX2DONhuAXFKjc97I 'test(-1,3,' len=69 rcpt(152)
FMT0 persist at /var/zxid/bus/ch/default/cAkKE-eDkcF6m2PWemz3Gw1OuH4 'test(-1,3,' len=69 rcpt(153)
FMT0 persist at /var/zxid/bus/ch/default/EbfQNnlK3X3RzHXyKby3NJrtiM0 'test(-1,3,' len=69 rcpt(154)
FMT0 persist at /var/zxid/bus/ch/default/N190LEzSPIux9aBO_irUmYKFQQo 'test(-1,3,' len=69 rcpt(155)
FMT0 persist at /var/zxid/bus/ch/default/S62rHOsQOAYlglszGN3A5cXsawo 'test(-1,3,' len=69 rcpt(156)
FMT0 persist at /var/zxid/bus/ch/default/J_Veqb3jIiDbWVBWbyB3LWvX3pQ 'test(-1,3,' len=69 rcpt(157)
FMT0 persist at /var/zxid/bus/ch/default/n1gsTaQYo1QlAN0mHMvsNAN0r6s 'test(-1,3,' len=69 rcpt(158)
FMT0 persist at /var/zxid/bus/ch/default/2aPxi95SpiyL_heNGwpNFr8IepQ 'test(-1,3,' len=69 rcpt(159)
FMT0 persist at /var/zxid/bus/ch/default/IehJYGmI1JUiTdxeoSf5AUIpS1g 'test(-1,2,' len=70 rcpt(160)
FMT0 persist at /var/zxid/bus/ch/default/GXzJSX-aw2S5J3SILIV7oFY12Xw 'test(-1,2,' len=70 rcpt(161)
FMT0 persist at /var/zxid/bus/ch/default/OVITqqRDqsEgWLZWMtqh_b-A5H0 'test(-1,2,' len=70 rcpt(162)
FMT0 persist at /var/zxid/bus/ch/default/zmX4tm_h9f2Gs6j-nvAq79shCec 'test(-1,2,' len=70 rcpt(163)
FMT0 persist at /var/zxid/bus/ch/default/M4ZJtVs3OBLo97CH8Xcw6Y_CLLw 'test(-1,2,' len=70 rcpt(164)
FMT0 persist at /var/zxid/bus/ch/default/FNTx1LzxYaVxAclHQlCH7X-XvBg 'test(-1,2,' len=70 rcpt(165)
FMT0 persist at /var/zxid/bus/ch/default/LNIiGVuBPlRuAnk4UZN9Nvjzi4I 'test(-1,2,' len=70 rcpt(166)
FMT0 persist at /var/zxid/bus/ch/default/eVrAjlWfNeJ4TJE8vKPKn2bWEl8 'test(-1,2,' len=70 rcpt(167)
FMT0 persist at /var/zxid/bus/ch/default/UiwTfv7jGrH8vME3s5H35PVGFVc 'test(-1,2,' len=70 rcpt(168)
FMT0 persist at /var/zxid/bus/ch/default/9z41Y0nA6sQc4paSHpzS6mlKxi4 'test(-1,2,' len=70 rcpt(169)
FMT0 persist at /var/zxid/bus/ch/default/CJoEkOA5pKW_haDaVzfDM5JKfWw 'test(-1,2,' len=70 rcpt(170)
FMT0 persist at /var/zxid/bus/ch/default/qWz7fHkE3YnqQTEJcy4AIA5sKaY 'test(-1,2,' len=69 rcpt(171)
FMT0 persist at /var/zxid/bus/ch/default/olnYjB4PxChY-pglI3gtzbq-vJo 'test(-1,2,' len=69 rcpt(172)
FMT0 persist at /var/zxid/bus/ch/default/fLAkyZYPWt6KOQoeomP-vKGPVN0 'test(-1,2,' len=69 rcpt(173)
FMT0 persist at /var/zxid/bus/ch/default/ohDSEgSk6ryf5PHMmfQHJKq-PFI 'test(-1,2,' len=69 rcpt(174)
FMT0 persist at /var/zxid/bus/ch/default/fPJFRyMvU6g8K7Hw3TvkR2OtocM 'test(-1,2,' len=69 rcpt(175)
FMT0 persist at /var/zxid/bus/ch/default/GGfLl6j_InTy5ytbDVs2ujcDlZw 'test(-1,2,' len=69 rcpt(176)
FMT0 persist at /var/zxid/bus/ch/default/7YxW2VaB5DpDkAz5trwp3Ax3wZI 'test(-1,2,' len=69 rcpt(177)
FMT0 persist at /var/zxid/bus/ch/default/BR9Ph-SeirIURiHt-qVU_ZteJlY 'test(-1,2,' len=69 rcpt(178)
FMT0 persist at /var/zxid/bus/ch/default/CAabkvyFRx0BKllrR-vcVGY54Ms 'test(-1,2,' len=69 rcpt(179)
FMT0 persist at /var/zxid/bus/ch/default/5JZfNr46_6qI7vhecLqw_ILHG_0 'test(-1,1,' len=70 rcpt(180)
FMT0 persist at /var/zxid/bus/ch/default/SGwxQ_FdT3A6ik5tNKbC5mvnzgM 'test(-1,1,' len=70 rcpt(181)
FMT0 persist at /var/zxid/bus/ch/default/Ia_CFrw1-zoHcg7S5QxyCQx-SU4 'test(-1,1,' len=70 rcpt(182)
FMT0 persist at /var/zxid/bus/ch/default/0ZbZgCo4g0vu5h28Ek9gw7Ytdjs 'test(-1,1,' len=70 rcpt(183)
FMT0 persist at /var/zxid/bus/ch/default/w-eykZu45fM_XvjDBOYUSF2FZM4 'test(-1,1,' len=70 rcpt(184)
FMT0 persist at /var/zxid/bus/ch/default/JyX63XJwQM7UYJSP5I4pIR0VmZk 'test(-1,1,' len=70 rcpt(185)
FMT0 persist at /var/zxid/bus/ch/default/NSJPenF9FjogbKEJw6ca26PS_YQ 'test(-1,1,' len=70 rcpt(186)
FMT0 persist at /var/zxid/bus/ch/default/wDLZVz5CSdJSrcKVQyrWNFdeBoM 'test(-1,1,' len=70 rcpt(187)
FMT0 persist at /var/zxid/bus/ch/default/81PyqnAeb_IbFBYE1OmhR657z8Y 'test(-1,1,' len=70 rcpt(188)
FMT0 persist at /var/zxid/bus/ch/default/5aMsniqYhZ3BaaGpzAx4KIsoMf0 'test(-1,1,' len=70 rcpt(189)
FMT0 persist at /var/zxid/bus/ch/default/DWbJHkKz6WiSupYaA3tL1rHHVrI 'test(-1,1,' len=70 rcpt(190)
FMT0 persist at /var/zxid/bus/ch/default/_QstI9txTGoLfzRpuSJMjECdseo 'test(-1,1,' len=69 rcpt(191)
FMT0 persist at /var/zxid/bus/ch/default/lkDhTw_AmwroUMna8wJmuPpPRco 'test(-1,1,' len=69 rcpt(192)
FMT0 persist at /var/zxid/bus/ch/default/eSJEWgmOM7T_qutlQzr2gNBviEc 'test(-1,1,' len=69 rcpt(193)
FMT0 persist at /var/zxid/bus/ch/default/zkm-zt2jLxp1Qm27FLBXXk1q5J8 'test(-1,1,' len=69 rcpt(194)
FMT0 persist at /var/zxid/bus/ch/default/60La3iNyMut5ik_JXt13n5LBDV0 'test(-1,1,' len=69 rcpt(195)
FMT0 persist at /var/zxid/bus/ch/default/Mimck2fMjz8BkutqZvW_8NPAm70 'test(-1,1,' len=69 rcpt(196)
FMT0 persist at /var/zxid/bus/ch/default/-mGfiZRtzEvudDjZueFqgkmWPDs 'test(-1,1,' len=69 rcpt(197)
FMT0 persist at /var/zxid/bus/ch/default/TK4nD0AlE09MVKvIziTJsooAlxQ 'test(-1,1,' len=69 rcpt(198)
FMT0 persist at /var/zxid/bus/ch/default/Vh27nmUo7GROgR2smUSy5U4yWnw 'test(-1,1,' len=69 rcpt(199)
FMT0 persist at /var/zxid/bus/ch/default/bjZtT6SuxzOFHc1GLnoFdMdSbm0 'F' len=55 rcpt(0)
shf_0x8897550  // max_ios=1000
-> io_0xb677c418
  io_0xb677c418 -> pdu_0xb67bf268 [label=cur_pdu]; // fd=0x4
  io_0xb677c418 -> null [label=reqs];
  io_0xb677c418 -> null [label=pending];
  io_0xb677c418 -> null [label=to_write_produce];
  io_0xb677c418 -> null [label=to_write_consume];  // n_to_write=0
  io_0xb677c418 -> null [label=in_write];
-> io_0xb677c620
  io_0xb677c620 -> pdu_0xb6ae45d0 [label=cur_pdu]; // fd=0x6
  io_0xb677c620 -> null [label=reqs];
  io_0xb677c620 -> null [label=pending];
  io_0xb677c620 -> null [label=to_write_produce];
  io_0xb677c620 -> null [label=to_write_consume];  // n_to_write=0
  io_0xb677c620 -> null [label=in_write];
-> io_0xb677c724
  io_0xb677c724 -> pdu_0xb6c3d1e0 [label=cur_pdu]; // fd=0x7
  io_0xb677c724 -> null [label=reqs];
  io_0xb677c724  // pending
    -> pdu_0xb6c53280  // (MESS)
    pdu_0xb6c53280 -> null [label=reals];
    pdu_0xb6c53280 -> null [label=synths];
    pdu_0xb6c53280 -> null [label=subresps];
  io_0xb677c724 -> null [label=to_write_produce];
  io_0xb677c724 -> null [label=to_write_consume];  // n_to_write=0
  io_0xb677c724 -> null [label=in_write];
-> io_0xb677c828
  io_0xb677c828 -> pdu_0xb6c50cb8 [label=cur_pdu]; // fd=0x8
  io_0xb677c828 -> null [label=reqs];
  io_0xb677c828  // pending
    -> pdu_0xb6c40440  // (MESS)
    pdu_0xb6c40440 -> null [label=reals];
    pdu_0xb6c40440 -> null [label=synths];
    pdu_0xb6c40440 -> null [label=subresps];
  io_0xb677c828 -> null [label=to_write_produce];
  io_0xb677c828 -> null [label=to_write_consume];  // n_to_write=0
  io_0xb677c828 -> null [label=in_write];
-> io_0xb677c92c
  io_0xb677c92c -> pdu_0xb6c5a3d8 [label=cur_pdu]; // fd=0x9
  io_0xb677c92c  // reqs
    -> pdu_0xb6c57178  // (ZXCT)
    pdu_0xb6c57178 -> null [label=reals];
    pdu_0xb6c57178 -> null [label=synths];
    pdu_0xb6c57178 -> null [label=subresps];
[label=reqs];
  io_0xb677c92c -> null [label=pending];
[label=pending];
  io_0xb677c92c -> null [label=to_write_produce];
  io_0xb677c92c -> null [label=to_write_consume];  // n_to_write=0
  io_0xb677c92c -> null [label=in_write];
[label=ios];
shf_0x8897550 -> null [label=todo_consume];
shf_0x8897550   // free_pdus (color=4)
-> pdu_0xb6c5c9a0 -> pdu_0xb6c5d638 -> pdu_0xb6c5e2d0 -> pdu_0xb6c5ef68 -> pdu_0xb6c5fc00 -> pdu_0xb6c60898 -> pdu_0xb6c61530 -> pdu_0xb6c621c8 -> pdu_0xb6c62e60 -> pdu_0xb6c63af8 -> pdu_0xb6c64790 -> pdu_0xb6c65428 -> pdu_0xb6c660c0 -> pdu_0xb6c66d58 -> pdu_0xb6c679f0 -> pdu_0xb6c68688 -> pdu_0xb6c69320 -> pdu_0xb6c69fb8 -> pdu_0xb6c6ac50 -> pdu_0xb6c6b8e8 -> pdu_0xb6c6c580 -> pdu_0xb6c6d218 -> pdu_0xb6c6deb0 -> pdu_0xb6c6eb48 -> pdu_0xb6c6f7e0 -> pdu_0xb6c70478 -> pdu_0xb6c71110 -> pdu_0xb6c71da8 -> pdu_0xb6c72a40 -> pdu_0xb6c736d8 -> pdu_0xb6c74370 -> pdu_0xb6c75008 -> pdu_0xb6c75ca0 -> pdu_0xb6c76938 -> pdu_0xb6c775d0 -> pdu_0xb6c78268 -> pdu_0xb6c78f00 -> pdu_0xb6c79b98 -> pdu_0xb6c7a830 -> pdu_0xb6c7b4c8 -> pdu_0xb6c7c160 -> pdu_0xb6c7cdf8 -> pdu_0xb6c7da90 -> pdu_0xb6c7e728 -> pdu_0xb6c7f3c0 -> pdu_0xb6c80058 -> pdu_0xb6c80cf0 -> pdu_0xb6c81988 -> pdu_0xb6c82620 -> pdu_0xb6c832b8 -> pdu_0xb6c83f50 -> pdu_0xb6c84be8 -> pdu_0xb6c85880 -> pdu_0xb6c86518 -> pdu_0xb6c871b0 -> pdu_0xb6c87e48 -> pdu_0xb6c88ae0 -> pdu_0xb6c89778 -> pdu_0xb6c8a410 -> pdu_0xb6c8b0a8 -> pdu_0xb6c8bd40 -> pdu_0xb6c8c9d8 -> pdu_0xb6c8d670 -> pdu_0xb6c8e308 -> pdu_0xb6c8efa0 -> pdu_0xb6c8fc38 -> pdu_0xb6c908d0 -> pdu_0xb6c91568 -> pdu_0xb6c92200 -> pdu_0xb6c92e98 -> pdu_0xb6c93b30 -> pdu_0xb6c947c8 -> pdu_0xb6c95460 -> pdu_0xb6c960f8 -> pdu_0xb6c96d90 -> pdu_0xb6c97a28 -> pdu_0xb6c986c0 -> pdu_0xb6c99358 -> pdu_0xb6c99ff0 -> pdu_0xb6c9ac88 -> pdu_0xb6c9b920 -> pdu_0xb6c9c5b8 -> pdu_0xb6c9d250 -> pdu_0xb6c9dee8 -> pdu_0xb6c9eb80 -> pdu_0xb6c9f818 -> pdu_0xb6ca04b0 -> pdu_0xb6ca1148 -> pdu_0xb6ca1de0 -> pdu_0xb6ca2a78 -> pdu_0xb6ca3710 -> pdu_0xb6ca43a8 -> pdu_0xb6ca5040 -> pdu_0xb6ca5cd8 -> pdu_0xb6ca6970 -> pdu_0xb6ca7608 -> pdu_0xb6ca82a0 -> pdu_0xb6ca8f38 -> pdu_0xb6ca9bd0 -> pdu_0xb6caa868 -> pdu_0xb6cab500 -> pdu_0xb6cac198 -> pdu_0xb6cace30 -> pdu_0xb6cadac8 -> pdu_0xb6cae760 -> pdu_0xb6caf3f8 -> pdu_0xb6cb0090 -> pdu_0xb6cb0d28 -> pdu_0xb6cb19c0 -> pdu_0xb6cb2658 -> pdu_0xb6cb32f0 -> pdu_0xb6cb3f88 -> pdu_0xb6cb4c20 -> pdu_0xb6cb58b8 -> pdu_0xb6cb6550 -> pdu_0xb6cb71e8 -> pdu_0xb6cb7e80 -> pdu_0xb6cb8b18 -> pdu_0xb6cb97b0 -> pdu_0xb6cba448 -> pdu_0xb6cbb0e0 -> pdu_0xb6cbbd78 -> pdu_0xb6cbca10 -> pdu_0xb6cbd6a8 -> pdu_0xb6cbe340 -> pdu_0xb6cbefd8 -> pdu_0xb6cbfc70 -> pdu_0xb6cc0908 -> pdu_0xb6cc15a0 -> pdu_0xb6cc2238 -> pdu_0xb6cc2ed0 -> pdu_0xb6cc3b68 -> pdu_0xb6cc4800 -> pdu_0xb6cc5498 -> pdu_0xb6cc6130 -> pdu_0xb6cc6dc8 -> pdu_0xb6cc7a60 -> pdu_0xb6cc86f8 -> pdu_0xb6cc9390 -> pdu_0xb6cca028 -> pdu_0xb6ccacc0 -> pdu_0xb6ccb958 -> pdu_0xb6ccc5f0 -> pdu_0xb6ccd288 -> pdu_0xb6ccdf20 -> pdu_0xb6ccebb8 -> pdu_0xb6ccf850 -> pdu_0xb6cd04e8 -> pdu_0xb6cd1180 -> pdu_0xb6cd1e18 -> pdu_0xb6cd2ab0 -> pdu_0xb6cd3748 -> pdu_0xb6cd43e0 -> pdu_0xb6cd5078 -> pdu_0xb6cd5d10 -> pdu_0xb6cd69a8 -> pdu_0xb6cd7640 -> pdu_0xb6cd82d8 -> pdu_0xb6cd8f70 -> pdu_0xb6cd9c08 -> pdu_0xb6cda8a0 -> pdu_0xb6cdb538 -> pdu_0xb6cdc1d0 -> pdu_0xb6cdce68 -> pdu_0xb6cddb00 -> pdu_0xb6cde798 -> pdu_0xb6cdf430 -> pdu_0xb6ce00c8 -> pdu_0xb6ce0d60 -> pdu_0xb6ce19f8 -> pdu_0xb6ce2690 -> pdu_0xb6ce3328 -> pdu_0xb6ce3fc0 -> pdu_0xb6ce4c58 -> pdu_0xb6ce58f0 -> pdu_0xb6ce6588 -> pdu_0xb6ce7220 -> pdu_0xb6ce7eb8 -> pdu_0xb6ce8b50 -> pdu_0xb6ce97e8 -> pdu_0xb6cea480 -> pdu_0xb6ceb118 -> pdu_0xb6cebdb0 -> pdu_0xb6ceca48 -> pdu_0xb6ced6e0 -> pdu_0xb6cee378 -> pdu_0xb6cef010 -> pdu_0xb6cefca8 -> pdu_0xb6cf0940 -> pdu_0xb6cf15d8 -> pdu_0xb6cf2270 -> pdu_0xb6cf2f08 -> pdu_0xb6cf3ba0 -> pdu_0xb6cf4838 -> pdu_0xb6cf54d0 -> pdu_0xb6cf6168 -> pdu_0xb6cf6e00 -> pdu_0xb6cf7a98 -> pdu_0xb6cf8730 -> pdu_0xb6cf93c8 -> pdu_0xb6cfa060 -> pdu_0xb6cfacf8 -> pdu_0xb6cfb990 -> pdu_0xb6cfc628 -> pdu_0xb6cfd2c0 -> pdu_0xb6cfdf58 -> pdu_0xb6cfebf0 -> pdu_0xb6cff888 -> pdu_0xb6d00520 -> pdu_0xb6d011b8 -> pdu_0xb6d01e50 -> pdu_0xb6d02ae8 -> pdu_0xb6d03780 -> pdu_0xb6d04418 -> pdu_0xb6d050b0 -> pdu_0xb6d05d48 -> pdu_0xb6d069e0 -> pdu_0xb6d07678 -> pdu_0xb6d08310 -> pdu_0xb6d08fa8 -> pdu_0xb6d09c40 -> pdu_0xb6d0a8d8 -> pdu_0xb6d0b570 -> pdu_0xb6d0c208 -> pdu_0xb6d0cea0 -> pdu_0xb6d0db38 -> pdu_0xb6d0e7d0 -> pdu_0xb6d0f468 -> pdu_0xb6d10100 -> pdu_0xb6d10d98 -> pdu_0xb6d11a30 -> pdu_0xb6d126c8 -> pdu_0xb6d13360 -> pdu_0xb6d13ff8 -> pdu_0xb6d14c90 -> pdu_0xb6d15928 -> pdu_0xb6d165c0 -> pdu_0xb6d17258 -> pdu_0xb6d17ef0 -> pdu_0xb6d18b88 -> pdu_0xb6d19820 -> pdu_0xb6d1a4b8 -> pdu_0xb6d1b150 -> pdu_0xb6d1bde8 -> pdu_0xb6d1ca80 -> pdu_0xb6d1d718 -> pdu_0xb6d1e3b0 -> pdu_0xb6d1f048 -> pdu_0xb6d1fce0 -> pdu_0xb6d20978 -> pdu_0xb6d21610 -> pdu_0xb6d222a8 -> pdu_0xb6d22f40 -> pdu_0xb6d23bd8 -> pdu_0xb6d24870 -> pdu_0xb6d25508 -> pdu_0xb6d261a0 -> pdu_0xb6d26e38 -> pdu_0xb6d27ad0 -> pdu_0xb6d28768 -> pdu_0xb6d29400 -> pdu_0xb6d2a098 -> pdu_0xb6d2ad30 -> pdu_0xb6d2b9c8 -> pdu_0xb6d2c660 -> pdu_0xb6d2d2f8 -> pdu_0xb6d2df90 -> pdu_0xb6d2ec28 -> pdu_0xb6d2f8c0 -> pdu_0xb6d30558 -> pdu_0xb6d311f0 -> pdu_0xb6d31e88 -> pdu_0xb6d32b20 -> pdu_0xb6d337b8 -> pdu_0xb6d34450 -> pdu_0xb6d350e8 -> pdu_0xb6d35d80 -> pdu_0xb6d36a18 -> pdu_0xb6d376b0 -> pdu_0xb6d38348 -> pdu_0xb6d38fe0 -> pdu_0xb6d39c78 -> pdu_0xb6d3a910 -> pdu_0xb6d3b5a8 -> pdu_0xb6d3c240 -> pdu_0xb6d3ced8 -> pdu_0xb6d3db70 -> pdu_0xb6d3e808 -> pdu_0xb6d3f4a0 -> pdu_0xb6d40138 -> pdu_0xb6d40dd0 -> pdu_0xb6d41a68 -> pdu_0xb6d42700 -> pdu_0xb6d43398 -> pdu_0xb6d44030 -> pdu_0xb6d44cc8 -> pdu_0xb6d45960 -> pdu_0xb6d465f8 -> pdu_0xb6d47290 -> pdu_0xb6d47f28 -> pdu_0xb6d48bc0 -> pdu_0xb6d49858 -> pdu_0xb6d4a4f0 -> pdu_0xb6d4b188 -> pdu_0xb6d4be20 -> pdu_0xb6d4cab8 -> pdu_0xb6d4d750 -> pdu_0xb6d4e3e8 -> pdu_0xb6d4f080 -> pdu_0xb6d4fd18 -> pdu_0xb6d509b0 -> pdu_0xb6d51648 -> pdu_0xb6d522e0 -> pdu_0xb6d52f78 -> pdu_0xb6d53c10 -> pdu_0xb6d548a8 -> pdu_0xb6d55540 -> pdu_0xb6d561d8 -> pdu_0xb6d56e70 -> pdu_0xb6d57b08 -> pdu_0xb6d587a0 -> pdu_0xb6d59438 -> pdu_0xb6d5a0d0 -> pdu_0xb6d5ad68 -> pdu_0xb6d5ba00 -> pdu_0xb6d5c698 -> pdu_0xb6d5d330 -> pdu_0xb6d5dfc8 -> pdu_0xb6d5ec60 -> pdu_0xb6d5f8f8 -> pdu_0xb6d60590 -> pdu_0xb6d61228 -> pdu_0xb6d61ec0 -> pdu_0xb6d62b58 -> pdu_0xb6d637f0 -> pdu_0xb6d64488 -> pdu_0xb6d65120 -> pdu_0xb6d65db8 -> pdu_0xb6d66a50 -> pdu_0xb6d676e8 -> pdu_0xb6d68380 -> pdu_0xb6d69018 -> pdu_0xb6d69cb0 -> pdu_0xb6d6a948 -> pdu_0xb6d6b5e0 -> pdu_0xb6d6c278 -> pdu_0xb6d6cf10 -> pdu_0xb6d6dba8 -> pdu_0xb6d6e840 -> pdu_0xb6d6f4d8 -> pdu_0xb6d70170 -> pdu_0xb6d70e08 -> pdu_0xb6d71aa0 -> pdu_0xb6d72738 -> pdu_0xb6d733d0 -> pdu_0xb6d74068 -> pdu_0xb6d74d00 -> pdu_0xb6d75998 -> pdu_0xb6d76630 -> pdu_0xb6d772c8 -> pdu_0xb6d77f60 -> pdu_0xb6d78bf8 -> pdu_0xb6d79890 -> pdu_0xb6d7a528 -> pdu_0xb6d7b1c0 -> pdu_0xb6d7be58 -> pdu_0xb6d7caf0 -> pdu_0xb6d7d788 -> pdu_0xb6d7e420 -> pdu_0xb6d7f0b8 -> pdu_0xb6d7fd50 -> pdu_0xb6d809e8 -> pdu_0xb6d81680 -> pdu_0xb6d82318 -> pdu_0xb6d82fb0 -> pdu_0xb6d83c48 -> pdu_0xb6d848e0 -> pdu_0xb6d85578 -> pdu_0xb6d86210 -> pdu_0xb6d86ea8 -> pdu_0xb6d87b40 -> pdu_0xb6d887d8 -> pdu_0xb6d89470 -> pdu_0xb6d8a108 -> pdu_0xb6d8ada0 -> pdu_0xb6d8ba38 -> pdu_0xb6d8c6d0 -> pdu_0xb6d8d368 -> pdu_0xb6d8e000 -> pdu_0xb6d8ec98 -> pdu_0xb6d8f930 -> pdu_0xb6d905c8 -> pdu_0xb6d91260 -> pdu_0xb6d91ef8 -> pdu_0xb6d92b90 -> pdu_0xb6d93828 -> pdu_0xb6d944c0 -> pdu_0xb6d95158 -> pdu_0xb6d95df0 -> pdu_0xb6d96a88 -> pdu_0xb6d97720 -> pdu_0xb6d983b8 -> pdu_0xb6d99050 -> pdu_0xb6d99ce8 -> pdu_0xb6d9a980 -> pdu_0xb6d9b618 -> pdu_0xb6d9c2b0 -> pdu_0xb6d9cf48 -> pdu_0xb6d9dbe0 -> pdu_0xb6d9e878 -> pdu_0xb6d9f510 -> pdu_0xb6da01a8 -> pdu_0xb6da0e40 -> pdu_0xb6da1ad8 -> pdu_0xb6da2770 -> pdu_0xb6da3408 -> pdu_0xb6da40a0 -> pdu_0xb6da4d38 -> pdu_0xb6da59d0 -> pdu_0xb6da6668 -> pdu_0xb6da7300 -> pdu_0xb6da7f98 -> pdu_0xb6da8c30 -> pdu_0xb6da98c8 -> pdu_0xb6daa560 -> pdu_0xb6dab1f8 -> pdu_0xb6dabe90 -> pdu_0xb6dacb28 -> pdu_0xb6dad7c0 -> pdu_0xb6dae458 -> pdu_0xb6daf0f0 -> pdu_0xb6dafd88 -> pdu_0xb6db0a20 -> pdu_0xb6db16b8 -> pdu_0xb6db2350 -> pdu_0xb6db2fe8 -> pdu_0xb6db3c80 -> pdu_0xb6db4918 -> pdu_0xb6db55b0 -> pdu_0xb6db6248 -> pdu_0xb6db6ee0 -> pdu_0xb6db7b78 -> pdu_0xb6db8810 -> pdu_0xb6db94a8 -> pdu_0xb6dba140 -> pdu_0xb6dbadd8 -> pdu_0xb6dbba70 -> pdu_0xb6dbc708 -> pdu_0xb6dbd3a0 -> pdu_0xb6dbe038 -> pdu_0xb6dbecd0 -> pdu_0xb6dbf968 -> pdu_0xb6dc0600 -> pdu_0xb6dc1298 -> pdu_0xb6dc1f30 -> pdu_0xb6dc2bc8 -> pdu_0xb6dc3860 -> pdu_0xb6dc44f8 -> pdu_0xb6dc5190 -> pdu_0xb6dc5e28 -> pdu_0xb6dc6ac0 -> pdu_0xb6dc7758 -> pdu_0xb6dc83f0 -> pdu_0xb6dc9088 -> pdu_0xb6dc9d20 -> pdu_0xb6dca9b8 -> pdu_0xb6dcb650 -> pdu_0xb6dcc2e8 -> pdu_0xb6dccf80 -> pdu_0xb6dcdc18 -> pdu_0xb6dce8b0 -> pdu_0xb6dcf548 -> pdu_0xb6dd01e0 -> pdu_0xb6dd0e78 -> pdu_0xb6dd1b10 -> pdu_0xb6dd27a8 -> pdu_0xb6dd3440 -> pdu_0xb6dd40d8 -> pdu_0xb6dd4d70 -> pdu_0xb6dd5a08 -> pdu_0xb6dd66a0 -> pdu_0xb6dd7338 -> pdu_0xb6dd7fd0 -> pdu_0xb6dd8c68 -> pdu_0xb6dd9900 -> pdu_0xb6dda598 -> pdu_0xb6ddb230 -> pdu_0xb6ddbec8 -> pdu_0xb6ddcb60 -> pdu_0xb6ddd7f8 -> pdu_0xb6dde490 -> pdu_0xb6ddf128 -> pdu_0xb6ddfdc0 -> pdu_0xb6de0a58 -> pdu_0xb6de16f0 -> pdu_0xb6de2388 -> pdu_0xb6de3020 -> pdu_0xb6de3cb8 -> pdu_0xb6de4950 -> pdu_0xb6de55e8 -> pdu_0xb6de6280 -> pdu_0xb6de6f18 -> pdu_0xb6de7bb0 -> pdu_0xb6de8848 -> pdu_0xb6de94e0 -> pdu_0xb6dea178 -> pdu_0xb6deae10 -> pdu_0xb6debaa8 -> pdu_0xb6dec740 -> pdu_0xb6ded3d8 -> pdu_0xb6dee070 -> pdu_0xb6deed08 -> pdu_0xb6def9a0 -> pdu_0xb6df0638 -> pdu_0xb6df12d0 -> pdu_0xb6df1f68 -> pdu_0xb6df2c00 -> pdu_0xb6df3898 -> pdu_0xb6df4530 -> pdu_0xb6df51c8 -> pdu_0xb6df5e60 -> pdu_0xb6df6af8 -> pdu_0xb6df7790 -> pdu_0xb6df8428 -> pdu_0xb6df90c0 -> pdu_0xb6df9d58 -> pdu_0xb6dfa9f0 -> pdu_0xb6dfb688 -> pdu_0xb6dfc320 -> pdu_0xb6dfcfb8 -> pdu_0xb6dfdc50 -> pdu_0xb6dfe8e8 -> pdu_0xb6dff580 -> pdu_0xb6e00218 -> pdu_0xb6e00eb0 -> pdu_0xb6e01b48 -> pdu_0xb6e027e0 -> pdu_0xb6e03478 -> pdu_0xb6e04110 -> pdu_0xb6e04da8 -> pdu_0xb6e05a40 -> pdu_0xb6e066d8 -> pdu_0xb6e07370 -> pdu_0xb6e08008 -> pdu_0xb6e08ca0 -> pdu_0xb6e09938 -> pdu_0xb6e0a5d0 -> pdu_0xb6e0b268 -> pdu_0xb6e0bf00 -> pdu_0xb6e0cb98 -> pdu_0xb6e0d830 -> pdu_0xb6e0e4c8 -> pdu_0xb6e0f160 -> pdu_0xb6e0fdf8 -> pdu_0xb6e10a90 -> pdu_0xb6e11728 -> pdu_0xb6e123c0 -> pdu_0xb6e13058 -> pdu_0xb6e13cf0 -> pdu_0xb6e14988 -> pdu_0xb6e15620 -> pdu_0xb6e162b8 -> pdu_0xb6e16f50 -> pdu_0xb6e17be8 -> pdu_0xb6e18880 -> pdu_0xb6e19518 -> pdu_0xb6e1a1b0 -> pdu_0xb6e1ae48 -> pdu_0xb6e1bae0 -> pdu_0xb6e1c778 -> pdu_0xb6e1d410 -> pdu_0xb6e1e0a8 -> pdu_0xb6e1ed40 -> pdu_0xb6e1f9d8 -> pdu_0xb6e20670 -> pdu_0xb6e21308 -> pdu_0xb6e21fa0 -> pdu_0xb6e22c38 -> pdu_0xb6e238d0 -> pdu_0xb6e24568 -> pdu_0xb6e25200 -> pdu_0xb6e25e98 -> pdu_0xb6e26b30 -> pdu_0xb6e277c8 -> pdu_0xb6e28460 -> pdu_0xb6e290f8 -> pdu_0xb6e29d90 -> pdu_0xb6e2aa28 -> pdu_0xb6e2b6c0 -> pdu_0xb6e2c358 -> pdu_0xb6e2cff0 -> pdu_0xb6e2dc88 -> pdu_0xb6e2e920 -> pdu_0xb6e2f5b8 -> pdu_0xb6e30250 -> pdu_0xb6e30ee8 -> pdu_0xb6e31b80 -> pdu_0xb6e32818 -> pdu_0xb6e334b0 -> pdu_0xb6e34148 -> pdu_0xb6e34de0 -> pdu_0xb6e35a78 -> pdu_0xb6e36710 -> pdu_0xb6e373a8 -> pdu_0xb6e38040 -> pdu_0xb6e38cd8 -> pdu_0xb6e39970 -> pdu_0xb6e3a608 -> pdu_0xb6e3b2a0 -> pdu_0xb6e3bf38 -> pdu_0xb6e3cbd0 -> pdu_0xb6e3d868 -> pdu_0xb6e3e500 -> pdu_0xb6e3f198 -> pdu_0xb6e3fe30 -> pdu_0xb6e40ac8 -> pdu_0xb6e41760 -> pdu_0xb6e423f8 -> pdu_0xb6e43090 -> pdu_0xb6e43d28 -> pdu_0xb6e449c0 -> pdu_0xb6e45658 -> pdu_0xb6e462f0 -> pdu_0xb6e46f88 -> pdu_0xb6e47c20 -> pdu_0xb6e488b8 -> pdu_0xb6e49550 -> pdu_0xb6e4a1e8 -> pdu_0xb6e4ae80 -> pdu_0xb6e4bb18 -> pdu_0xb6e4c7b0 -> pdu_0xb6e4d448 -> pdu_0xb6e4e0e0 -> pdu_0xb6e4ed78 -> pdu_0xb6e4fa10 -> pdu_0xb6e506a8 -> pdu_0xb6e51340 -> pdu_0xb6e51fd8 -> pdu_0xb6e52c70 -> pdu_0xb6e53908 -> pdu_0xb6e545a0 -> pdu_0xb6e55238 -> pdu_0xb6e55ed0 -> pdu_0xb6e56b68 -> pdu_0xb6e57800 -> pdu_0xb6e58498 -> pdu_0xb6e59130 -> pdu_0xb6e59dc8 -> pdu_0xb6e5aa60 -> pdu_0xb6e5b6f8 -> pdu_0xb6e5c390 -> pdu_0xb6e5d028 -> pdu_0xb6e5dcc0 -> pdu_0xb6e5e958 -> pdu_0xb6e5f5f0 -> pdu_0xb6e60288 -> pdu_0xb6e60f20 -> pdu_0xb6e61bb8 -> pdu_0xb6e62850 -> pdu_0xb6e634e8 -> pdu_0xb6e64180 -> pdu_0xb6e64e18 -> pdu_0xb6e65ab0 -> pdu_0xb6e66748 -> pdu_0xb6e673e0 -> pdu_0xb6e68078 -> pdu_0xb6e68d10 -> pdu_0xb6e699a8 -> pdu_0xb6e6a640 -> pdu_0xb6e6b2d8 -> pdu_0xb6e6bf70 -> pdu_0xb6e6cc08 -> pdu_0xb6e6d8a0 -> pdu_0xb6e6e538 -> pdu_0xb6e6f1d0 -> pdu_0xb6e6fe68 -> pdu_0xb6e70b00 -> pdu_0xb6e71798 -> pdu_0xb6e72430 -> pdu_0xb6e730c8 -> pdu_0xb6e73d60 -> pdu_0xb6e749f8 -> pdu_0xb6e75690 -> pdu_0xb6e76328 -> pdu_0xb6e76fc0 -> pdu_0xb6e77c58 -> pdu_0xb6e788f0 -> pdu_0xb6e79588 -> pdu_0xb6e7a220 -> pdu_0xb6e7aeb8 -> pdu_0xb6e7bb50 -> pdu_0xb6e7c7e8 -> pdu_0xb6e7d480 -> pdu_0xb6e7e118 -> pdu_0xb6e7edb0 -> pdu_0xb6e7fa48 -> pdu_0xb6e806e0 -> pdu_0xb6e81378 -> pdu_0xb6e82010 -> pdu_0xb6e82ca8 -> pdu_0xb6e83940 -> pdu_0xb6e845d8 -> pdu_0xb6e85270 -> pdu_0xb6e85f08 -> pdu_0xb6e86ba0 -> pdu_0xb6e87838 -> pdu_0xb6e884d0 -> pdu_0xb6e89168 -> pdu_0xb6e89e00 -> pdu_0xb6e8aa98 -> pdu_0xb6e8b730 -> pdu_0xb6e8c3c8 -> pdu_0xb6e8d060 -> pdu_0xb6e8dcf8 -> pdu_0xb6e8e990 -> pdu_0xb6e8f628 -> pdu_0xb6e902c0 -> pdu_0xb6e90f58 -> pdu_0xb6e91bf0 -> pdu_0xb6e92888 -> pdu_0xb6e93520 -> pdu_0xb6e941b8 -> pdu_0xb6e94e50 -> pdu_0xb6e95ae8 -> pdu_0xb6e96780 -> pdu_0xb6e97418 -> pdu_0xb6e980b0 -> pdu_0xb6e98d48 -> pdu_0xb6e999e0 -> pdu_0xb6e9a678 -> pdu_0xb6e9b310 -> pdu_0xb6e9bfa8 -> pdu_0xb6e9cc40 -> pdu_0xb6e9d8d8 -> pdu_0xb6e9e570 -> pdu_0xb6e9f208 -> pdu_0xb6e9fea0 -> pdu_0xb6ea0b38 -> pdu_0xb6ea17d0 -> pdu_0xb6ea2468 -> pdu_0xb6ea3100 -> pdu_0xb6ea3d98 -> pdu_0xb6ea4a30 -> pdu_0xb6ea56c8 -> pdu_0xb6ea6360 -> pdu_0xb6ea6ff8 -> pdu_0xb6ea7c90 -> pdu_0xb6ea8928 -> pdu_0xb6ea95c0 -> pdu_0xb6eaa258 -> pdu_0xb6eaaef0 -> pdu_0xb6eabb88 -> pdu_0xb6eac820 -> pdu_0xb6ead4b8 -> pdu_0xb6eae150 -> pdu_0xb6eaede8 -> pdu_0xb6eafa80 -> pdu_0xb6eb0718 -> pdu_0xb6eb13b0 -> pdu_0xb6eb2048 -> pdu_0xb6eb2ce0 -> pdu_0xb6eb3978 -> pdu_0xb6eb4610 -> pdu_0xb6eb52a8 -> pdu_0xb6eb5f40 -> pdu_0xb6eb6bd8 -> pdu_0xb6eb7870 -> pdu_0xb6eb8508 -> pdu_0xb6eb91a0 -> pdu_0xb6eb9e38 -> pdu_0xb6ebaad0 -> pdu_0xb6ebb768 -> pdu_0xb6ebc400 -> pdu_0xb6ebd098 -> pdu_0xb6ebdd30 -> pdu_0xb6ebe9c8 -> pdu_0xb6ebf660 -> pdu_0xb6ec02f8 -> pdu_0xb6ec0f90 -> pdu_0xb6ec1c28 -> pdu_0xb6ec28c0 -> pdu_0xb6ec3558 -> pdu_0xb6ec41f0 -> pdu_0xb6ec4e88 -> pdu_0xb6ec5b20 -> pdu_0xb6ec67b8 -> pdu_0xb6ec7450 -> pdu_0xb6ec80e8 -> pdu_0xb6ec8d80 -> pdu_0xb6ec9a18 -> pdu_0xb6eca6b0 -> pdu_0xb6ecb348 -> pdu_0xb6ecbfe0 -> pdu_0xb6eccc78 -> pdu_0xb6ecd910 -> pdu_0xb6ece5a8 -> pdu_0xb6ecf240 -> pdu_0xb6ecfed8 -> pdu_0xb6ed0b70 -> pdu_0xb6ed1808 -> pdu_0xb6ed24a0 -> pdu_0xb6ed3138 -> pdu_0xb6ed3dd0 -> pdu_0xb6ed4a68 -> pdu_0xb6ed5700 -> pdu_0xb6ed6398 -> pdu_0xb6ed7030 -> pdu_0xb6ed7cc8 -> pdu_0xb6ed8960 -> pdu_0xb6ed95f8 -> pdu_0xb6eda290 -> pdu_0xb6edaf28 -> pdu_0xb6edbbc0 -> pdu_0xb6edc858 -> pdu_0xb6edd4f0 -> pdu_0xb6ede188 -> pdu_0xb6edee20 -> pdu_0xb6edfab8 -> pdu_0xb6ee0750 -> pdu_0xb6ee13e8 -> pdu_0xb6ee2080 -> pdu_0xb6ee2d18 -> pdu_0xb6ee39b0 -> pdu_0xb6ee4648 -> pdu_0xb6ee52e0 -> pdu_0xb6ee5f78 -> pdu_0xb6ee6c10 -> pdu_0xb6ee78a8 -> pdu_0xb6ee8540 -> pdu_0xb6ee91d8 -> pdu_0xb6ee9e70 -> pdu_0xb6eeab08 -> pdu_0xb6eeb7a0 -> pdu_0xb6eec438 -> pdu_0xb6eed0d0 -> pdu_0xb6eedd68 -> pdu_0xb6eeea00 -> pdu_0xb6eef698 -> pdu_0xb6ef0330 -> pdu_0xb6ef0fc8 -> pdu_0xb6ef1c60 -> pdu_0xb6ef28f8 -> pdu_0xb6ef3590 -> pdu_0xb6ef4228 -> pdu_0xb6ef4ec0 -> pdu_0xb6ef5b58 -> pdu_0xb6ef67f0 -> pdu_0xb6ef7488 -> pdu_0xb6ef8120 -> pdu_0xb6ef8db8 -> pdu_0xb6ef9a50 -> pdu_0xb6efa6e8 -> pdu_0xb6efb380 -> pdu_0xb6efc018 -> pdu_0xb6efccb0 -> pdu_0xb6efd948 -> pdu_0xb6efe5e0 -> pdu_0xb6eff278 -> pdu_0xb6efff10 -> pdu_0xb6f00ba8 -> pdu_0xb6f01840 -> pdu_0xb6f024d8 -> pdu_0xb6f03170 -> pdu_0xb6f03e08 -> pdu_0xb6f04aa0 -> pdu_0xb6f05738 -> pdu_0xb6f063d0 -> pdu_0xb6f07068 -> pdu_0xb6f07d00 -> pdu_0xb6f08998 -> pdu_0xb6f09630 -> pdu_0xb6f0a2c8 -> pdu_0xb6f0af60 -> pdu_0xb6f0bbf8 -> pdu_0xb6f0c890 -> pdu_0xb6f0d528 -> pdu_0xb6f0e1c0 -> pdu_0xb6f0ee58 -> pdu_0xb6f0faf0 -> pdu_0xb6f10788 -> pdu_0xb6f11420 -> pdu_0xb6f120b8 -> pdu_0xb6f12d50 -> pdu_0xb6f139e8 -> pdu_0xb6f14680 -> pdu_0xb6f15318 -> pdu_0xb6f15fb0 -> pdu_0xb6f16c48 -> pdu_0xb6f178e0 -> pdu_0xb6f18578 -> pdu_0xb6f19210 -> pdu_0xb6f19ea8 -> pdu_0xb6f1ab40 -> pdu_0xb6f1b7d8 -> pdu_0xb6f1c470 -> pdu_0xb6f1d108 -> pdu_0xb6f1dda0 -> pdu_0xb6f1ea38 -> pdu_0xb6f1f6d0 -> pdu_0xb6f20368 -> pdu_0xb6f21000 -> pdu_0xb6f21c98 -> pdu_0xb6f22930 -> pdu_0xb6f235c8 -> pdu_0xb6f24260 -> pdu_0xb6f24ef8 -> pdu_0xb6f25b90 -> pdu_0xb6f26828 -> pdu_0xb6f274c0 -> pdu_0xb6f28158 -> pdu_0xb6f28df0 -> pdu_0xb6f29a88 -> pdu_0xb6f2a720 -> pdu_0xb6f2b3b8 -> pdu_0xb6f2c050 -> pdu_0xb6f2cce8 -> pdu_0xb6f2d980 -> pdu_0xb6f2e618 -> pdu_0xb6f2f2b0 -> pdu_0xb6f2ff48 -> pdu_0xb6f30be0 -> pdu_0xb6f31878 -> pdu_0xb6f32510 -> pdu_0xb6f331a8 -> pdu_0xb6f33e40 -> pdu_0xb6f34ad8 -> pdu_0xb6f35770 -> pdu_0xb6f36408 -> pdu_0xb6f370a0 -> pdu_0xb6f37d38 -> pdu_0xb6f389d0 -> pdu_0xb6f39668 -> pdu_0xb6f3a300 -> pdu_0xb6f3af98 -> pdu_0xb6f3bc30 -> pdu_0xb6f3c8c8 -> pdu_0xb6f3d560 -> pdu_0xb6f3e1f8 -> pdu_0xb6f3ee90 -> pdu_0xb6f3fb28 -> pdu_0xb6f407c0 -> pdu_0xb6f41458 -> pdu_0xb6f420f0 -> pdu_0xb6f42d88 -> pdu_0xb6f43a20 -> pdu_0xb6f446b8 -> pdu_0xb6f45350 -> pdu_0xb6f45fe8 -> pdu_0xb6f46c80 -> pdu_0xb6f47918 -> pdu_0xb6f485b0 -> pdu_0xb6f49248 -> pdu_0xb6f49ee0 -> pdu_0xb6f4ab78 -> pdu_0xb6f4b810 -> pdu_0xb6f4c4a8 -> pdu_0xb6f4d140 -> pdu_0xb6f4ddd8 -> pdu_0xb6f4ea70 -> pdu_0xb6f4f708 -> pdu_0xb6f503a0 -> pdu_0xb6f51038 -> pdu_0xb6f51cd0 -> pdu_0xb6f52968 -> pdu_0xb6f53600 -> pdu_0xb6f54298 -> pdu_0xb6f54f30 -> pdu_0xb6f55bc8 -> pdu_0xb6f56860 -> pdu_0xb6f574f8 -> pdu_0xb6f58190 -> pdu_0xb6f58e28 -> pdu_0xb6f59ac0 -> pdu_0xb6f5a758 -> pdu_0xb6f5b3f0 -> pdu_0xb6f5c088 -> pdu_0xb6f5cd20 -> pdu_0xb6f5d9b8 -> pdu_0xb6f5e650 -> pdu_0xb6f5f2e8 -> pdu_0xb6f5ff80 -> pdu_0xb6f60c18 -> pdu_0xb6f618b0 -> pdu_0xb6f62548 -> pdu_0xb6f631e0 -> pdu_0xb6f63e78 -> pdu_0xb6f64b10 -> pdu_0xb6f657a8 -> pdu_0xb6f66440 -> pdu_0xb6f670d8 -> pdu_0xb6f67d70 -> pdu_0xb6f68a08 -> pdu_0xb6f696a0 -> pdu_0xb6f6a338 -> pdu_0xb6f6afd0 -> pdu_0xb6f6bc68 -> pdu_0xb6f6c900 -> pdu_0xb6f6d598 -> pdu_0xb6f6e230 -> pdu_0xb6f6eec8 -> pdu_0xb6f6fb60 -> pdu_0xb6f707f8 -> pdu_0xb6f71490 -> pdu_0xb6f72128 -> pdu_0xb6f72dc0 -> pdu_0xb6f73a58 -> pdu_0xb6f746f0 -> pdu_0xb6f75388 -> pdu_0xb6f76020 -> pdu_0xb6f76cb8 -> pdu_0xb6f77950 -> pdu_0xb6f785e8 -> pdu_0xb6f79280 -> pdu_0xb6f79f18 -> pdu_0xb6f7abb0 -> pdu_0xb6f7b848 -> pdu_0xb6f7c4e0 -> pdu_0xb6f7d178 -> pdu_0xb6f7de10 -> pdu_0xb6f7eaa8 -> pdu_0xb6f7f740 -> pdu_0xb6f803d8 -> pdu_0xb6f81070 -> pdu_0xb6f81d08 -> pdu_0xb6f829a0 -> pdu_0xb6f83638 -> pdu_0xb6f842d0 -> pdu_0xb6f84f68 -> pdu_0xb6f85c00 -> pdu_0xb6f86898 -> pdu_0xb6f87530 -> pdu_0xb6f881c8 -> pdu_0xb6f88e60 -> pdu_0xb6f89af8 -> pdu_0xb6f8a790 -> pdu_0xb6f8b428 -> pdu_0xb6f8c0c0 -> pdu_0xb6f8cd58 -> pdu_0xb6f8d9f0 -> pdu_0xb6f8e688 -> pdu_0xb6f8f320 -> pdu_0xb6f8ffb8 -> pdu_0xb6f90c50 -> pdu_0xb6f918e8 -> pdu_0xb6f92580 -> pdu_0xb6f93218 -> pdu_0xb6f93eb0 -> pdu_0xb6f94b48 -> pdu_0xb6f957e0 -> pdu_0xb6f96478 -> pdu_0xb6f97110 -> pdu_0xb6f97da8 -> pdu_0xb6f98a40 -> pdu_0xb6f996d8 -> pdu_0xb6f9a370 -> pdu_0xb6f9b008 -> pdu_0xb6f9bca0 -> pdu_0xb6f9c938 -> pdu_0xb6f9d5d0 -> pdu_0xb6f9e268 -> pdu_0xb6f9ef00 -> pdu_0xb6f9fb98 -> pdu_0xb6fa0830 -> pdu_0xb6fa14c8 -> pdu_0xb6fa2160 -> pdu_0xb6fa2df8 -> pdu_0xb6fa3a90 -> pdu_0xb6fa4728 -> pdu_0xb6fa53c0 -> pdu_0xb6fa6058 -> pdu_0xb6fa6cf0 -> pdu_0xb6fa7988 -> pdu_0xb6fa8620 -> pdu_0xb6fa92b8 -> pdu_0xb6fa9f50 -> pdu_0xb6faabe8 -> pdu_0xb6fab880 -> pdu_0xb6fac518 -> pdu_0xb6fad1b0 -> pdu_0xb6fade48 -> pdu_0xb6faeae0 -> pdu_0xb6faf778 -> pdu_0xb6fb0410 -> pdu_0xb6fb10a8 -> pdu_0xb6fb1d40 -> pdu_0xb6fb29d8 -> pdu_0xb6fb3670 -> pdu_0xb6fb4308 -> pdu_0xb6fb4fa0 -> pdu_0xb6fb5c38 -> pdu_0xb6fb68d0 -> pdu_0xb6fb7568 -> pdu_0xb6fb8200 -> pdu_0xb6fb8e98 -> pdu_0xb6fb9b30 -> pdu_0xb6fba7c8 -> pdu_0xb6fbb460 -> pdu_0xb6fbc0f8 -> pdu_0xb6fbcd90 -> pdu_0xb6fbda28 -> pdu_0xb6fbe6c0 -> pdu_0xb6fbf358 -> pdu_0xb6fbfff0 -> pdu_0xb6fc0c88 -> pdu_0xb6fc1920 -> pdu_0xb6fc25b8 -> pdu_0xb6fc3250 -> pdu_0xb6fc3ee8 -> pdu_0xb6fc4b80 -> pdu_0xb6fc5818 -> pdu_0xb6fc64b0 -> pdu_0xb6fc7148 -> pdu_0xb6fc7de0 -> pdu_0xb6fc8a78 -> pdu_0xb6fc9710 -> pdu_0xb6fca3a8 -> pdu_0xb6fcb040 -> pdu_0xb6fcbcd8 -> pdu_0xb6fcc970 -> pdu_0xb6fcd608 -> pdu_0xb6fce2a0 -> pdu_0xb6fcef38 -> pdu_0xb6fcfbd0 -> pdu_0xb6fd0868 -> pdu_0xb6fd1500 -> pdu_0xb6fd2198 -> pdu_0xb6fd2e30 -> pdu_0xb6fd3ac8 -> pdu_0xb6fd4760 -> pdu_0xb6fd53f8 -> pdu_0xb6fd6090 -> pdu_0xb6fd6d28 -> pdu_0xb6fd79c0 -> pdu_0xb6fd8658 -> pdu_0xb6fd92f0 -> pdu_0xb6fd9f88 -> pdu_0xb6fdac20 -> pdu_0xb6fdb8b8 -> pdu_0xb6fdc550 -> pdu_0xb6fdd1e8 -> pdu_0xb6fdde80 -> pdu_0xb6fdeb18 -> pdu_0xb6fdf7b0 -> pdu_0xb6fe0448 -> pdu_0xb6fe10e0 -> pdu_0xb6fe1d78 -> pdu_0xb6fe2a10 -> pdu_0xb6fe36a8 -> pdu_0xb6fe4340 -> pdu_0xb6fe4fd8 -> pdu_0xb6fe5c70 -> pdu_0xb6fe6908 -> pdu_0xb6fe75a0 -> pdu_0xb6fe8238 -> pdu_0xb6fe8ed0 -> pdu_0xb6fe9b68 -> pdu_0xb6fea800 -> pdu_0xb6feb498 -> pdu_0xb6fec130 -> pdu_0xb6fecdc8 -> pdu_0xb6feda60 -> pdu_0xb6fee6f8 -> pdu_0xb6fef390 -> pdu_0xb6ff0028 -> pdu_0xb6ff0cc0 -> pdu_0xb6ff1958 -> pdu_0xb6ff25f0 -> pdu_0xb6ff3288 -> pdu_0xb6ff3f20 -> pdu_0xb6ff4bb8 -> pdu_0xb6ff5850 -> pdu_0xb6ff64e8 -> pdu_0xb6ff7180 -> pdu_0xb6ff7e18 -> pdu_0xb6ff8ab0 -> pdu_0xb6ff9748 -> pdu_0xb6ffa3e0 -> pdu_0xb6ffb078 -> pdu_0xb6ffbd10 -> pdu_0xb6ffc9a8 -> pdu_0xb6ffd640 -> pdu_0xb6ffe2d8 -> pdu_0xb6ffef70 -> pdu_0xb6fffc08 -> pdu_0xb70008a0 -> pdu_0xb7001538 -> pdu_0xb70021d0 -> pdu_0xb7002e68 -> pdu_0xb7003b00 -> pdu_0xb7004798 -> pdu_0xb7005430 -> pdu_0xb70060c8 -> pdu_0xb7006d60 -> pdu_0xb70079f8 -> pdu_0xb7008690 -> pdu_0xb7009328 -> pdu_0xb7009fc0 -> pdu_0xb700ac58 -> pdu_0xb700b8f0 -> pdu_0xb700c588 -> pdu_0xb700d220 -> pdu_0xb700deb8 -> pdu_0xb700eb50 -> pdu_0xb700f7e8 -> pdu_0xb7010480 -> pdu_0xb7011118 -> pdu_0xb7011db0 -> pdu_0xb7012a48 -> pdu_0xb70136e0 -> pdu_0xb7014378 -> pdu_0xb7015010 -> pdu_0xb7015ca8 -> pdu_0xb7016940 -> pdu_0xb70175d8 -> pdu_0xb7018270 -> pdu_0xb7018f08 -> pdu_0xb7019ba0 -> pdu_0xb701a838 -> pdu_0xb701b4d0 -> pdu_0xb701c168 -> pdu_0xb701ce00 -> pdu_0xb701da98 -> pdu_0xb701e730 -> pdu_0xb701f3c8 -> pdu_0xb7020060 -> pdu_0xb7020cf8 -> pdu_0xb7021990 -> pdu_0xb7022628 -> pdu_0xb70232c0 -> pdu_0xb7023f58 -> pdu_0xb7024bf0 -> pdu_0xb7025888 -> pdu_0xb7026520 -> pdu_0xb70271b8 -> pdu_0xb7027e50 -> pdu_0xb7028ae8 -> pdu_0xb7029780 -> pdu_0xb702a418 -> pdu_0xb702b0b0 -> pdu_0xb702bd48 -> pdu_0xb702c9e0 -> pdu_0xb702d678 -> pdu_0xb702e310 -> pdu_0xb702efa8 -> pdu_0xb702fc40 -> pdu_0xb70308d8 -> pdu_0xb7031570 -> pdu_0xb7032208 -> pdu_0xb7032ea0 -> pdu_0xb7033b38 -> pdu_0xb70347d0 -> pdu_0xb7035468 -> pdu_0xb7036100 -> pdu_0xb7036d98 -> pdu_0xb7037a30 -> pdu_0xb70386c8 -> pdu_0xb7039360 -> pdu_0xb7039ff8 -> pdu_0xb703ac90 -> pdu_0xb703b928 -> pdu_0xb703c5c0 -> pdu_0xb703d258 -> pdu_0xb703def0 -> pdu_0xb703eb88 -> pdu_0xb703f820 -> pdu_0xb70404b8 -> pdu_0xb7041150 -> pdu_0xb7041de8 -> pdu_0xb7042a80 -> pdu_0xb7043718 -> pdu_0xb70443b0 -> pdu_0xb7045048 -> pdu_0xb7045ce0 -> pdu_0xb7046978 -> pdu_0xb7047610 -> pdu_0xb70482a8 -> pdu_0xb7048f40 -> pdu_0xb7049bd8 -> pdu_0xb704a870 -> pdu_0xb704b508 -> pdu_0xb704c1a0 -> pdu_0xb704ce38 -> pdu_0xb704dad0 -> pdu_0xb704e768 -> pdu_0xb704f400 -> pdu_0xb7050098 -> pdu_0xb7050d30 -> pdu_0xb70519c8 -> pdu_0xb7052660 -> pdu_0xb70532f8 -> pdu_0xb7053f90 -> pdu_0xb7054c28 -> pdu_0xb70558c0 -> pdu_0xb7056558 -> pdu_0xb70571f0 -> pdu_0xb7057e88 -> pdu_0xb7058b20 -> pdu_0xb70597b8 -> pdu_0xb705a450 -> pdu_0xb705b0e8 -> pdu_0xb705bd80 -> pdu_0xb705ca18 -> pdu_0xb705d6b0 -> pdu_0xb705e348 -> pdu_0xb705efe0 -> pdu_0xb705fc78 -> pdu_0xb7060910 -> pdu_0xb70615a8 -> pdu_0xb7062240 -> pdu_0xb7062ed8 -> pdu_0xb7063b70 -> pdu_0xb7064808 -> pdu_0xb70654a0 -> pdu_0xb7066138 -> pdu_0xb7066dd0 -> pdu_0xb7067a68 -> pdu_0xb7068700 -> pdu_0xb7069398 -> pdu_0xb706a030 -> pdu_0xb706acc8 -> pdu_0xb706b960 -> pdu_0xb706c5f8 -> pdu_0xb706d290 -> pdu_0xb706df28 -> pdu_0xb706ebc0 -> pdu_0xb706f858 -> pdu_0xb70704f0 -> pdu_0xb7071188 -> pdu_0xb7071e20 -> pdu_0xb7072ab8 -> pdu_0xb7073750 -> pdu_0xb70743e8 -> pdu_0xb7075080 -> pdu_0xb7075d18 -> pdu_0xb70769b0 -> pdu_0xb7077648 -> pdu_0xb70782e0 -> pdu_0xb7078f78 -> pdu_0xb7079c10 -> pdu_0xb707a8a8 -> pdu_0xb707b540 -> pdu_0xb707c1d8 -> pdu_0xb707ce70 -> pdu_0xb707db08 -> pdu_0xb707e7a0 -> pdu_0xb707f438 -> pdu_0xb70800d0 -> pdu_0xb7080d68 -> pdu_0xb7081a00 -> pdu_0xb7082698 -> pdu_0xb7083330 -> pdu_0xb7083fc8 -> pdu_0xb7084c60 -> pdu_0xb70858f8 -> pdu_0xb7086590 -> pdu_0xb7087228 -> pdu_0xb7087ec0 -> pdu_0xb7088b58 -> pdu_0xb70897f0 -> pdu_0xb708a488 -> pdu_0xb708b120 -> pdu_0xb708bdb8 -> pdu_0xb708ca50 -> pdu_0xb708d6e8 -> pdu_0xb708e380 -> pdu_0xb708f018 -> pdu_0xb708fcb0 -> pdu_0xb7090948 -> pdu_0xb70915e0 -> pdu_0xb7092278 -> pdu_0xb7092f10 -> pdu_0xb7093ba8 -> pdu_0xb7094840 -> pdu_0xb70954d8 -> pdu_0xb7096170 -> pdu_0xb7096e08 -> pdu_0xb7097aa0 -> pdu_0xb7098738 -> pdu_0xb70993d0 -> pdu_0xb709a068 -> pdu_0xb709ad00 -> pdu_0xb709b998 -> pdu_0xb709c630 -> pdu_0xb709d2c8 -> pdu_0xb709df60 -> pdu_0xb709ebf8 -> pdu_0xb709f890 -> pdu_0xb70a0528 -> pdu_0xb70a11c0 -> pdu_0xb70a1e58 -> pdu_0xb70a2af0 -> pdu_0xb70a3788 -> pdu_0xb70a4420 -> pdu_0xb70a50b8 -> pdu_0xb70a5d50 -> pdu_0xb70a69e8 -> pdu_0xb70a7680 -> pdu_0xb70a8318 -> pdu_0xb70a8fb0 -> pdu_0xb70a9c48 -> pdu_0xb70aa8e0 -> pdu_0xb70ab578 -> pdu_0xb70ac210 -> pdu_0xb70acea8 -> pdu_0xb70adb40 -> pdu_0xb70ae7d8 -> pdu_0xb70af470 -> pdu_0xb70b0108 -> pdu_0xb70b0da0 -> pdu_0xb70b1a38 -> pdu_0xb70b26d0 -> pdu_0xb70b3368 -> pdu_0xb70b4000 -> pdu_0xb70b4c98 -> pdu_0xb70b5930 -> pdu_0xb70b65c8 -> pdu_0xb70b7260 -> pdu_0xb70b7ef8 -> pdu_0xb70b8b90 -> pdu_0xb70b9828 -> pdu_0xb70ba4c0 -> pdu_0xb70bb158 -> pdu_0xb70bbdf0 -> pdu_0xb70bca88 -> pdu_0xb70bd720 -> pdu_0xb70be3b8 -> pdu_0xb70bf050 -> pdu_0xb70bfce8 -> pdu_0xb70c0980 -> pdu_0xb70c1618 -> pdu_0xb70c22b0 -> pdu_0xb70c2f48 -> pdu_0xb70c3be0 -> pdu_0xb70c4878 -> pdu_0xb70c5510 -> pdu_0xb70c61a8 -> pdu_0xb70c6e40 -> pdu_0xb70c7ad8 -> pdu_0xb70c8770 -> pdu_0xb70c9408 -> pdu_0xb70ca0a0 -> pdu_0xb70cad38 -> pdu_0xb70cb9d0 -> pdu_0xb70cc668 -> pdu_0xb70cd300 -> pdu_0xb70cdf98 -> pdu_0xb70cec30 -> pdu_0xb70cf8c8 -> pdu_0xb70d0560 -> pdu_0xb70d11f8 -> pdu_0xb70d1e90 -> pdu_0xb70d2b28 -> pdu_0xb70d37c0 -> pdu_0xb70d4458 -> pdu_0xb70d50f0 -> pdu_0xb70d5d88 -> pdu_0xb70d6a20 -> pdu_0xb70d76b8 -> pdu_0xb70d8350 -> pdu_0xb70d8fe8 -> pdu_0xb70d9c80 -> pdu_0xb70da918 -> pdu_0xb70db5b0 -> pdu_0xb70dc248 -> pdu_0xb70dcee0 -> pdu_0xb70ddb78 -> pdu_0xb70de810 -> pdu_0xb70df4a8 -> pdu_0xb70e0140 -> pdu_0xb70e0dd8 -> pdu_0xb70e1a70 -> pdu_0xb70e2708 -> pdu_0xb70e33a0 -> pdu_0xb70e4038 -> pdu_0xb70e4cd0 -> pdu_0xb70e5968 -> pdu_0xb70e6600 -> pdu_0xb70e7298 -> pdu_0xb70e7f30 -> pdu_0xb70e8bc8 -> pdu_0xb70e9860 -> pdu_0xb70ea4f8 -> pdu_0xb70eb190 -> pdu_0xb70ebe28 -> pdu_0xb70ecac0 -> pdu_0xb70ed758 -> pdu_0xb70ee3f0 -> pdu_0xb70ef088 -> pdu_0xb70efd20 -> pdu_0xb70f09b8 -> pdu_0xb70f1650 -> pdu_0xb70f22e8 -> pdu_0xb70f2f80 -> pdu_0xb70f3c18 -> pdu_0xb70f48b0 -> pdu_0xb70f5548 -> pdu_0xb70f61e0 -> pdu_0xb70f6e78 -> pdu_0xb70f7b10 -> pdu_0xb70f87a8 -> pdu_0xb70f9440 -> pdu_0xb70fa0d8 -> pdu_0xb70fad70 -> pdu_0xb70fba08 -> pdu_0xb70fc6a0 -> pdu_0xb70fd338 -> pdu_0xb70fdfd0 -> pdu_0xb70fec68 -> pdu_0xb70ff900 -> pdu_0xb7100598 -> pdu_0xb7101230 -> pdu_0xb7101ec8 -> pdu_0xb7102b60 -> pdu_0xb71037f8 -> pdu_0xb7104490 -> pdu_0xb7105128 -> pdu_0xb7105dc0 -> pdu_0xb7106a58 -> pdu_0xb71076f0 -> pdu_0xb7108388 -> pdu_0xb7109020 -> pdu_0xb7109cb8 -> pdu_0xb710a950 -> pdu_0xb710b5e8 -> pdu_0xb710c280 -> pdu_0xb710cf18 -> pdu_0xb710dbb0 -> pdu_0xb710e848 -> pdu_0xb710f4e0 -> pdu_0xb7110178 -> pdu_0xb7110e10 -> pdu_0xb7111aa8 -> pdu_0xb7112740 -> pdu_0xb71133d8 -> pdu_0xb7114070 -> pdu_0xb7114d08 -> pdu_0xb71159a0 -> pdu_0xb7116638 -> pdu_0xb71172d0 -> pdu_0xb7117f68 -> pdu_0xb7118c00 -> pdu_0xb7119898 -> pdu_0xb711a530 -> pdu_0xb711b1c8 -> pdu_0xb711be60 -> pdu_0xb711caf8 -> pdu_0xb711d790 -> pdu_0xb711e428 -> pdu_0xb711f0c0 -> pdu_0xb711fd58 -> pdu_0xb71209f0 -> pdu_0xb7121688 -> pdu_0xb7122320 -> pdu_0xb7122fb8 -> pdu_0xb7123c50 -> pdu_0xb71248e8 -> pdu_0xb7125580 -> pdu_0xb7126218 -> pdu_0xb7126eb0 -> pdu_0xb7127b48 -> pdu_0xb71287e0 -> pdu_0xb7129478 -> pdu_0xb712a110 -> pdu_0xb712ada8 -> pdu_0xb712ba40 -> pdu_0xb712c6d8 -> pdu_0xb712d370 -> pdu_0xb712e008 -> pdu_0xb712eca0 -> pdu_0xb712f938 -> pdu_0xb71305d0 -> pdu_0xb7131268 -> pdu_0xb7131f00 -> pdu_0xb7132b98 -> pdu_0xb7133830 -> pdu_0xb71344c8 -> pdu_0xb7135160 -> pdu_0xb7135df8 -> pdu_0xb7136a90 -> pdu_0xb7137728 -> pdu_0xb71383c0 -> pdu_0xb7139058 -> pdu_0xb7139cf0 -> pdu_0xb713a988 -> pdu_0xb713b620 -> pdu_0xb713c2b8 -> pdu_0xb713cf50 -> pdu_0xb713dbe8 -> pdu_0xb713e880 -> pdu_0xb713f518 -> pdu_0xb71401b0 -> pdu_0xb7140e48 -> pdu_0xb7141ae0 -> pdu_0xb7142778 -> pdu_0xb7143410 -> pdu_0xb71440a8 -> pdu_0xb7144d40 -> pdu_0xb71459d8 -> pdu_0xb7146670 -> pdu_0xb7147308 -> pdu_0xb7147fa0 -> pdu_0xb7148c38 -> pdu_0xb71498d0 -> pdu_0xb714a568 -> pdu_0xb714b200 -> pdu_0xb714be98 -> pdu_0xb714cb30 -> pdu_0xb714d7c8 -> pdu_0xb714e460 -> pdu_0xb714f0f8 -> pdu_0xb714fd90 -> pdu_0xb7150a28 -> pdu_0xb71516c0 -> pdu_0xb7152358 -> pdu_0xb7152ff0 -> pdu_0xb7153c88 -> pdu_0xb7154920 -> pdu_0xb71555b8 -> pdu_0xb7156250 -> pdu_0xb7156ee8 -> pdu_0xb7157b80 -> pdu_0xb7158818 -> pdu_0xb71594b0 -> pdu_0xb715a148 -> pdu_0xb715ade0 -> pdu_0xb715ba78 -> pdu_0xb715c710 -> pdu_0xb715d3a8 -> pdu_0xb715e040 -> pdu_0xb715ecd8 -> pdu_0xb715f970 -> pdu_0xb7160608 -> pdu_0xb71612a0 -> pdu_0xb7161f38 -> pdu_0xb7162bd0 -> pdu_0xb7163868 -> pdu_0xb7164500 -> pdu_0xb7165198 -> pdu_0xb7165e30 -> pdu_0xb7166ac8 -> pdu_0xb7167760 -> pdu_0xb71683f8 -> pdu_0xb7169090 -> pdu_0xb7169d28 -> pdu_0xb716a9c0 -> pdu_0xb716b658 -> pdu_0xb716c2f0 -> pdu_0xb716cf88 -> pdu_0xb716dc20 -> pdu_0xb716e8b8 -> pdu_0xb716f550 -> pdu_0xb71701e8 -> pdu_0xb7170e80 -> pdu_0xb7171b18 -> pdu_0xb71727b0 -> pdu_0xb7173448 -> pdu_0xb71740e0 -> pdu_0xb7174d78 -> pdu_0xb7175a10 -> pdu_0xb71766a8 -> pdu_0xb7177340 -> pdu_0xb7177fd8 -> pdu_0xb7178c70 -> pdu_0xb7179908 -> pdu_0xb717a5a0 -> pdu_0xb717b238 -> pdu_0xb717bed0 -> pdu_0xb717cb68 -> pdu_0xb717d800 -> pdu_0xb717e498 -> pdu_0xb717f130 -> pdu_0xb717fdc8 -> pdu_0xb7180a60 -> pdu_0xb71816f8 -> pdu_0xb7182390 -> pdu_0xb7183028 -> pdu_0xb7183cc0 -> pdu_0xb7184958 -> pdu_0xb71855f0 -> pdu_0xb7186288 -> pdu_0xb7186f20 -> pdu_0xb7187bb8 -> pdu_0xb7188850 -> pdu_0xb71894e8 -> pdu_0xb718a180 -> pdu_0xb718ae18 -> pdu_0xb718bab0 -> pdu_0xb718c748 -> pdu_0xb718d3e0 -> pdu_0xb718e078 -> pdu_0xb718ed10 -> pdu_0xb718f9a8 -> pdu_0xb7190640 -> pdu_0xb71912d8 -> pdu_0xb7191f70 -> pdu_0xb7192c08 -> pdu_0xb71938a0 -> pdu_0xb7194538 -> pdu_0xb71951d0 -> pdu_0xb7195e68 -> pdu_0xb7196b00 -> pdu_0xb7197798 -> pdu_0xb7198430 -> pdu_0xb71990c8 -> pdu_0xb7199d60 -> pdu_0xb719a9f8 -> pdu_0xb719b690 -> pdu_0xb719c328 -> pdu_0xb719cfc0 -> pdu_0xb719dc58 -> pdu_0xb719e8f0 -> pdu_0xb719f588 -> pdu_0xb71a0220 -> pdu_0xb71a0eb8 -> pdu_0xb71a1b50 -> pdu_0xb71a27e8 -> pdu_0xb71a3480 -> pdu_0xb71a4118 -> pdu_0xb71a4db0 -> pdu_0xb71a5a48 -> pdu_0xb71a66e0 -> pdu_0xb71a7378 -> pdu_0xb71a8010 -> pdu_0xb71a8ca8 -> pdu_0xb71a9940 -> pdu_0xb71aa5d8 -> pdu_0xb71ab270 -> pdu_0xb71abf08 -> pdu_0xb71acba0 -> pdu_0xb71ad838 -> pdu_0xb71ae4d0 -> pdu_0xb71af168 -> pdu_0xb71afe00 -> pdu_0xb71b0a98 -> pdu_0xb71b1730 -> pdu_0xb71b23c8 -> pdu_0xb71b3060 -> pdu_0xb71b3cf8 -> pdu_0xb71b4990 -> pdu_0xb71b5628 -> pdu_0xb71b62c0 -> pdu_0xb71b6f58 -> pdu_0xb71b7bf0 -> pdu_0xb71b8888 -> pdu_0xb71b9520 -> pdu_0xb71ba1b8 -> pdu_0xb71bae50 -> pdu_0xb71bbae8 -> pdu_0xb71bc780 -> pdu_0xb71bd418 -> pdu_0xb71be0b0 -> pdu_0xb71bed48 -> pdu_0xb71bf9e0 -> pdu_0xb71c0678 -> pdu_0xb71c1310 -> pdu_0xb71c1fa8 -> pdu_0xb71c2c40 -> pdu_0xb71c38d8 -> pdu_0xb71c4570 -> pdu_0xb71c5208 -> pdu_0xb71c5ea0 -> pdu_0xb71c6b38 -> pdu_0xb71c77d0 -> pdu_0xb71c8468 -> pdu_0xb71c9100 -> pdu_0xb71c9d98 -> pdu_0xb71caa30 -> pdu_0xb71cb6c8 -> pdu_0xb71cc360 -> pdu_0xb71ccff8 -> pdu_0xb71cdc90 -> pdu_0xb71ce928 -> pdu_0xb71cf5c0 -> pdu_0xb71d0258 -> pdu_0xb71d0ef0 -> pdu_0xb71d1b88 -> pdu_0xb71d2820 -> pdu_0xb71d34b8 -> pdu_0xb71d4150 -> pdu_0xb71d4de8 -> pdu_0xb71d5a80 -> pdu_0xb71d6718 -> pdu_0xb71d73b0 -> pdu_0xb71d8048 -> pdu_0xb71d8ce0 -> pdu_0xb71d9978 -> pdu_0xb71da610 -> pdu_0xb71db2a8 -> pdu_0xb71dbf40 -> pdu_0xb71dcbd8 -> pdu_0xb71dd870 -> pdu_0xb71de508 -> pdu_0xb71df1a0 -> pdu_0xb71dfe38 -> pdu_0xb71e0ad0 -> pdu_0xb71e1768 -> pdu_0xb71e2400 -> pdu_0xb71e3098 -> pdu_0xb71e3d30 -> pdu_0xb71e49c8 -> pdu_0xb71e5660 -> pdu_0xb71e62f8 -> pdu_0xb71e6f90 -> pdu_0xb71e7c28 -> pdu_0xb71e88c0 -> pdu_0xb71e9558 -> pdu_0xb71ea1f0 -> pdu_0xb71eae88 -> pdu_0xb71ebb20 -> pdu_0xb71ec7b8 -> pdu_0xb71ed450 -> pdu_0xb71ee0e8 -> pdu_0xb71eed80 -> pdu_0xb71efa18 -> pdu_0xb71f06b0 -> pdu_0xb71f1348 -> pdu_0xb71f1fe0 -> pdu_0xb71f2c78 -> pdu_0xb71f3910 -> pdu_0xb71f45a8 -> pdu_0xb71f5240 -> pdu_0xb71f5ed8 -> pdu_0xb71f6b70 -> pdu_0xb71f7808 -> pdu_0xb71f84a0 -> pdu_0xb71f9138 -> pdu_0xb71f9dd0 -> pdu_0xb71faa68 -> pdu_0xb71fb700 -> pdu_0xb71fc398 -> pdu_0xb71fd030 -> pdu_0xb71fdcc8 -> pdu_0xb71fe960 -> pdu_0xb71ff5f8 -> pdu_0xb7200290 -> pdu_0xb7200f28 -> pdu_0xb7201bc0 -> pdu_0xb7202858 -> pdu_0xb72034f0 -> pdu_0xb7204188 -> pdu_0xb7204e20 -> pdu_0xb7205ab8 -> pdu_0xb7206750 -> pdu_0xb72073e8 -> pdu_0xb7208080 -> pdu_0xb7208d18 -> pdu_0xb72099b0 -> pdu_0xb720a648 -> pdu_0xb720b2e0 -> pdu_0xb720bf78 -> pdu_0xb720cc10 -> pdu_0xb720d8a8 -> pdu_0xb720e540 -> pdu_0xb720f1d8 -> pdu_0xb720fe70 -> pdu_0xb7210b08 -> pdu_0xb72117a0 -> pdu_0xb7212438 -> pdu_0xb72130d0 -> pdu_0xb7213d68 -> pdu_0xb7214a00 -> pdu_0xb7215698 -> pdu_0xb7216330 -> pdu_0xb7216fc8 -> pdu_0xb7217c60 -> pdu_0xb72188f8 -> pdu_0xb7219590 -> pdu_0xb721a228 -> pdu_0xb721aec0 -> pdu_0xb721bb58 -> pdu_0xb721c7f0 -> pdu_0xb721d488 -> pdu_0xb721e120 -> pdu_0xb721edb8 -> pdu_0xb721fa50 -> pdu_0xb72206e8 -> pdu_0xb7221380 -> pdu_0xb7222018 -> pdu_0xb7222cb0 -> pdu_0xb7223948 -> pdu_0xb72245e0 -> pdu_0xb7225278 -> pdu_0xb7225f10 -> pdu_0xb7226ba8 -> pdu_0xb7227840 -> pdu_0xb72284d8 -> pdu_0xb7229170 -> pdu_0xb7229e08 -> pdu_0xb722aaa0 -> pdu_0xb722b738 -> pdu_0xb722c3d0 -> pdu_0xb722d068 -> pdu_0xb722dd00 -> pdu_0xb722e998 -> pdu_0xb722f630 -> pdu_0xb72302c8 -> pdu_0xb7230f60 -> pdu_0xb7231bf8 -> pdu_0xb7232890 -> pdu_0xb7233528 -> pdu_0xb72341c0 -> pdu_0xb7234e58 -> pdu_0xb7235af0 -> pdu_0xb7236788 -> pdu_0xb7237420 -> pdu_0xb72380b8 -> pdu_0xb7238d50 -> pdu_0xb72399e8 -> pdu_0xb723a680 -> pdu_0xb723b318 -> pdu_0xb723bfb0 -> pdu_0xb723cc48 -> pdu_0xb723d8e0 -> pdu_0xb723e578 -> pdu_0xb723f210 -> pdu_0xb723fea8 -> pdu_0xb7240b40 -> pdu_0xb72417d8 -> pdu_0xb7242470 -> pdu_0xb7243108 -> pdu_0xb7243da0 -> pdu_0xb7244a38 -> pdu_0xb72456d0 -> pdu_0xb7246368 -> pdu_0xb7247000 -> pdu_0xb7247c98 -> pdu_0xb7248930 -> pdu_0xb72495c8 -> pdu_0xb724a260 -> pdu_0xb724aef8 -> pdu_0xb724bb90 -> pdu_0xb724c828 -> pdu_0xb724d4c0 -> pdu_0xb724e158 -> pdu_0xb724edf0 -> pdu_0xb724fa88 -> pdu_0xb7250720 -> pdu_0xb72513b8 -> pdu_0xb7252050 -> pdu_0xb7252ce8 -> pdu_0xb7253980 -> pdu_0xb7254618 -> pdu_0xb72552b0 -> pdu_0xb7255f48 -> pdu_0xb7256be0 -> pdu_0xb7257878 -> pdu_0xb7258510 -> pdu_0xb72591a8 -> pdu_0xb7259e40 -> pdu_0xb725aad8 -> pdu_0xb725b770 -> pdu_0xb725c408 -> pdu_0xb725d0a0 -> pdu_0xb725dd38 -> pdu_0xb725e9d0 -> pdu_0xb725f668 -> pdu_0xb7260300 -> pdu_0xb7260f98 -> pdu_0xb7261c30 -> pdu_0xb72628c8 -> pdu_0xb7263560 -> pdu_0xb72641f8 -> pdu_0xb7264e90 -> pdu_0xb7265b28 -> pdu_0xb72667c0 -> pdu_0xb7267458 -> pdu_0xb72680f0 -> pdu_0xb7268d88 -> pdu_0xb7269a20 -> pdu_0xb726a6b8 -> pdu_0xb726b350 -> pdu_0xb726bfe8 -> pdu_0xb726cc80 -> pdu_0xb726d918 -> pdu_0xb726e5b0 -> pdu_0xb726f248 -> pdu_0xb726fee0 -> pdu_0xb7270b78 -> pdu_0xb7271810 -> pdu_0xb72724a8 -> pdu_0xb7273140 -> pdu_0xb7273dd8 -> pdu_0xb7274a70 -> pdu_0xb7275708 -> pdu_0xb72763a0 -> pdu_0xb7277038 -> pdu_0xb7277cd0 -> pdu_0xb7278968 -> pdu_0xb7279600 -> pdu_0xb727a298 -> pdu_0xb727af30 -> pdu_0xb727bbc8 -> pdu_0xb727c860 -> pdu_0xb727d4f8 -> pdu_0xb727e190 -> pdu_0xb727ee28 -> pdu_0xb727fac0 -> pdu_0xb7280758 -> pdu_0xb72813f0 -> pdu_0xb7282088 -> pdu_0xb7282d20 -> pdu_0xb72839b8 -> pdu_0xb7284650 -> pdu_0xb72852e8 -> pdu_0xb7285f80 -> pdu_0xb7286c18 -> pdu_0xb72878b0 -> pdu_0xb7288548 -> pdu_0xb72891e0 -> pdu_0xb7289e78 -> pdu_0xb728ab10 -> pdu_0xb728b7a8 -> pdu_0xb728c440 -> pdu_0xb728d0d8 -> pdu_0xb728dd70 -> pdu_0xb728ea08 -> pdu_0xb728f6a0 -> pdu_0xb7290338 -> pdu_0xb7290fd0 -> pdu_0xb7291c68 -> pdu_0xb7292900 -> pdu_0xb7293598 -> pdu_0xb7294230 -> pdu_0xb7294ec8 -> pdu_0xb7295b60 -> pdu_0xb72967f8 -> pdu_0xb7297490 -> pdu_0xb7298128 -> pdu_0xb7298dc0 -> pdu_0xb7299a58 -> pdu_0xb729a6f0 -> pdu_0xb729b388 -> pdu_0xb729c020 -> pdu_0xb729ccb8 -> pdu_0xb729d950 -> pdu_0xb729e5e8 -> pdu_0xb729f280 -> pdu_0xb729ff18 -> pdu_0xb72a0bb0 -> pdu_0xb72a1848 -> pdu_0xb72a24e0 -> pdu_0xb72a3178 -> pdu_0xb72a3e10 -> pdu_0xb72a4aa8 -> pdu_0xb72a5740 -> pdu_0xb72a63d8 -> pdu_0xb72a7070 -> pdu_0xb72a7d08 -> pdu_0xb72a89a0 -> pdu_0xb72a9638 -> pdu_0xb72aa2d0 -> pdu_0xb72aaf68 -> pdu_0xb72abc00 -> pdu_0xb72ac898 -> pdu_0xb72ad530 -> pdu_0xb72ae1c8 -> pdu_0xb72aee60 -> pdu_0xb72afaf8 -> pdu_0xb72b0790 -> pdu_0xb72b1428 -> pdu_0xb72b20c0 -> pdu_0xb72b2d58 -> pdu_0xb72b39f0 -> pdu_0xb72b4688 -> pdu_0xb72b5320 -> pdu_0xb72b5fb8 -> pdu_0xb72b6c50 -> pdu_0xb72b78e8 -> pdu_0xb72b8580 -> pdu_0xb72b9218 -> pdu_0xb72b9eb0 -> pdu_0xb72bab48 -> pdu_0xb72bb7e0 -> pdu_0xb72bc478 -> pdu_0xb72bd110 -> pdu_0xb72bdda8 -> pdu_0xb72bea40 -> pdu_0xb72bf6d8 -> pdu_0xb72c0370 -> pdu_0xb72c1008 -> pdu_0xb72c1ca0 -> pdu_0xb72c2938 -> pdu_0xb72c35d0 -> pdu_0xb72c4268 -> pdu_0xb72c4f00 -> pdu_0xb72c5b98 -> pdu_0xb72c6830 -> pdu_0xb72c74c8 -> pdu_0xb72c8160 -> pdu_0xb72c8df8 -> pdu_0xb72c9a90 -> pdu_0xb72ca728 -> pdu_0xb72cb3c0 -> pdu_0xb72cc058 -> pdu_0xb72cccf0 -> pdu_0xb72cd988 -> pdu_0xb72ce620 -> pdu_0xb72cf2b8 -> pdu_0xb72cff50 -> pdu_0xb72d0be8 -> pdu_0xb72d1880 -> pdu_0xb72d2518 -> pdu_0xb72d31b0 -> pdu_0xb72d3e48 -> pdu_0xb72d4ae0 -> pdu_0xb72d5778 -> pdu_0xb72d6410 -> pdu_0xb72d70a8 -> pdu_0xb72d7d40 -> pdu_0xb72d89d8 -> pdu_0xb72d9670 -> pdu_0xb72da308 -> pdu_0xb72dafa0 -> pdu_0xb72dbc38 -> pdu_0xb72dc8d0 -> pdu_0xb72dd568 -> pdu_0xb72de200 -> pdu_0xb72dee98 -> pdu_0xb72dfb30 -> pdu_0xb72e07c8 -> pdu_0xb72e1460 -> pdu_0xb72e20f8 -> pdu_0xb72e2d90 -> pdu_0xb72e3a28 -> pdu_0xb72e46c0 -> pdu_0xb72e5358 -> pdu_0xb72e5ff0 -> pdu_0xb72e6c88 -> pdu_0xb72e7920 -> pdu_0xb72e85b8 -> pdu_0xb72e9250 -> pdu_0xb72e9ee8 -> pdu_0xb72eab80 -> pdu_0xb72eb818 -> pdu_0xb72ec4b0 -> pdu_0xb72ed148 -> pdu_0xb72edde0 -> pdu_0xb72eea78 -> pdu_0xb72ef710 -> pdu_0xb72f03a8 -> pdu_0xb72f1040 -> pdu_0xb72f1cd8 -> pdu_0xb72f2970 -> pdu_0xb72f3608 -> pdu_0xb72f42a0 -> pdu_0xb72f4f38 -> pdu_0xb72f5bd0 -> pdu_0xb72f6868 -> pdu_0xb72f7500 -> pdu_0xb72f8198 -> pdu_0xb72f8e30 -> pdu_0xb72f9ac8 -> pdu_0xb72fa760 -> pdu_0xb72fb3f8 -> pdu_0xb72fc090 -> pdu_0xb72fcd28 -> pdu_0xb72fd9c0 -> pdu_0xb72fe658 -> pdu_0xb72ff2f0 -> pdu_0xb72fff88 -> pdu_0xb7300c20 -> pdu_0xb73018b8 -> pdu_0xb7302550 -> pdu_0xb73031e8 -> pdu_0xb7303e80 -> pdu_0xb7304b18 -> pdu_0xb73057b0 -> pdu_0xb7306448 -> pdu_0xb73070e0 -> pdu_0xb7307d78 -> pdu_0xb7308a10 -> pdu_0xb73096a8 -> pdu_0xb730a340 -> pdu_0xb730afd8 -> pdu_0xb730bc70 -> pdu_0xb730c908 -> pdu_0xb730d5a0 -> pdu_0xb730e238 -> pdu_0xb730eed0 -> pdu_0xb730fb68 -> pdu_0xb7310800 -> pdu_0xb7311498 -> pdu_0xb7312130 -> pdu_0xb7312dc8 -> pdu_0xb7313a60 -> pdu_0xb73146f8 -> pdu_0xb7315390 -> pdu_0xb7316028 -> pdu_0xb7316cc0 -> pdu_0xb7317958 -> pdu_0xb73185f0 -> pdu_0xb7319288 -> pdu_0xb7319f20 -> pdu_0xb731abb8 -> pdu_0xb731b850 -> pdu_0xb731c4e8 -> pdu_0xb731d180 -> pdu_0xb731de18 -> pdu_0xb731eab0 -> pdu_0xb731f748 -> pdu_0xb73203e0 -> pdu_0xb7321078 -> pdu_0xb7321d10 -> pdu_0xb73229a8 -> pdu_0xb7323640 -> pdu_0xb73242d8 -> pdu_0xb7324f70 -> pdu_0xb7325c08 -> pdu_0xb73268a0 -> pdu_0xb7327538 -> pdu_0xb73281d0 -> pdu_0xb7328e68 -> pdu_0xb7329b00 -> pdu_0xb732a798 -> pdu_0xb732b430 -> pdu_0xb732c0c8 -> pdu_0xb732cd60 -> pdu_0xb732d9f8 -> pdu_0xb732e690 -> pdu_0xb732f328 -> pdu_0xb732ffc0 -> pdu_0xb7330c58 -> pdu_0xb73318f0 -> pdu_0xb7332588 -> pdu_0xb7333220 -> pdu_0xb7333eb8 -> pdu_0xb7334b50 -> pdu_0xb73357e8 -> pdu_0xb7336480 -> pdu_0xb7337118 -> pdu_0xb7337db0 -> pdu_0xb7338a48 -> pdu_0xb73396e0 -> pdu_0xb733a378 -> pdu_0xb733b010 -> pdu_0xb733bca8 -> pdu_0xb733c940 -> pdu_0xb733d5d8 -> pdu_0xb733e270 -> pdu_0xb733ef08 -> pdu_0xb733fba0 -> pdu_0xb7340838 -> pdu_0xb73414d0 -> pdu_0xb7342168 -> pdu_0xb7342e00 -> pdu_0xb7343a98 -> pdu_0xb7344730 -> pdu_0xb73453c8 -> pdu_0xb7346060 -> pdu_0xb7346cf8 -> pdu_0xb7347990 -> pdu_0xb7348628 -> pdu_0xb73492c0 -> pdu_0xb7349f58 -> pdu_0xb734abf0 -> pdu_0xb734b888 -> pdu_0xb734c520 -> pdu_0xb734d1b8 -> pdu_0xb734de50 -> pdu_0xb734eae8 -> pdu_0xb734f780 -> pdu_0xb7350418 -> pdu_0xb73510b0 -> pdu_0xb7351d48 -> pdu_0xb73529e0 -> pdu_0xb7353678 -> pdu_0xb7354310 -> pdu_0xb7354fa8 -> pdu_0xb7355c40 -> pdu_0xb73568d8 -> pdu_0xb7357570 -> pdu_0xb7358208 -> pdu_0xb7358ea0 -> pdu_0xb7359b38 -> pdu_0xb735a7d0 -> pdu_0xb735b468 -> pdu_0xb735c100 -> pdu_0xb735cd98 -> pdu_0xb735da30 -> pdu_0xb735e6c8 -> pdu_0xb735f360 -> pdu_0xb735fff8 -> pdu_0xb7360c90 -> pdu_0xb7361928 -> pdu_0xb73625c0 -> pdu_0xb7363258 -> pdu_0xb7363ef0 -> pdu_0xb7364b88 -> pdu_0xb7365820 -> pdu_0xb73664b8 -> pdu_0xb7367150 -> pdu_0xb7367de8 -> pdu_0xb7368a80 -> pdu_0xb7369718 -> pdu_0xb736a3b0 -> pdu_0xb736b048 -> pdu_0xb736bce0 -> pdu_0xb736c978 -> pdu_0xb736d610 -> pdu_0xb736e2a8 -> pdu_0xb736ef40 -> pdu_0xb736fbd8 -> pdu_0xb7370870 -> pdu_0xb7371508 -> pdu_0xb73721a0 -> pdu_0xb7372e38 -> pdu_0xb7373ad0 -> pdu_0xb7374768 -> pdu_0xb7375400 -> pdu_0xb7376098 -> pdu_0xb7376d30 -> pdu_0xb73779c8 -> pdu_0xb7378660 -> pdu_0xb73792f8 -> pdu_0xb7379f90 -> pdu_0xb737ac28 -> pdu_0xb737b8c0 -> pdu_0xb737c558 -> pdu_0xb737d1f0 -> pdu_0xb737de88 -> pdu_0xb737eb20 -> pdu_0xb737f7b8 -> pdu_0xb7380450 -> pdu_0xb73810e8 -> pdu_0xb7381d80 -> pdu_0xb7382a18 -> pdu_0xb73836b0 -> pdu_0xb7384348 -> pdu_0xb7384fe0 -> pdu_0xb7385c78 -> pdu_0xb7386910 -> pdu_0xb73875a8 -> pdu_0xb7388240 -> pdu_0xb7388ed8 -> pdu_0xb7389b70 -> pdu_0xb738a808 -> pdu_0xb738b4a0 -> pdu_0xb738c138 -> pdu_0xb738cdd0 -> pdu_0xb738da68 -> pdu_0xb738e700 -> pdu_0xb738f398 -> pdu_0xb7390030 -> pdu_0xb7390cc8 -> pdu_0xb7391960 -> pdu_0xb73925f8 -> pdu_0xb7393290 -> pdu_0xb7393f28 -> pdu_0xb7394bc0 -> pdu_0xb7395858 -> pdu_0xb73964f0 -> pdu_0xb7397188 -> pdu_0xb7397e20 -> pdu_0xb7398ab8 -> pdu_0xb7399750 -> pdu_0xb739a3e8 -> pdu_0xb739b080 -> pdu_0xb739bd18 -> pdu_0xb739c9b0 -> pdu_0xb739d648 -> pdu_0xb739e2e0 -> pdu_0xb739ef78 -> pdu_0xb739fc10 -> pdu_0xb73a08a8 -> pdu_0xb73a1540 -> pdu_0xb73a21d8 -> pdu_0xb73a2e70 -> pdu_0xb73a3b08 -> pdu_0xb73a47a0 -> pdu_0xb73a5438 -> pdu_0xb73a60d0 -> pdu_0xb73a6d68 -> pdu_0xb73a7a00 -> pdu_0xb73a8698 -> pdu_0xb73a9330 -> pdu_0xb73a9fc8 -> pdu_0xb73aac60 -> pdu_0xb73ab8f8 -> pdu_0xb73ac590 -> pdu_0xb73ad228 -> pdu_0xb73adec0 -> pdu_0xb73aeb58 -> pdu_0xb73af7f0 -> pdu_0xb73b0488 -> pdu_0xb73b1120 -> pdu_0xb73b1db8 -> pdu_0xb73b2a50 -> pdu_0xb73b36e8 -> pdu_0xb73b4380 -> pdu_0xb73b5018 -> pdu_0xb73b5cb0 -> pdu_0xb73b6948 -> pdu_0xb73b75e0 -> pdu_0xb73b8278 -> pdu_0xb73b8f10 -> pdu_0xb73b9ba8 -> pdu_0xb73ba840 -> pdu_0xb73bb4d8 -> pdu_0xb73bc170 -> pdu_0xb73bce08 -> pdu_0xb73bdaa0 -> pdu_0xb73be738 -> pdu_0xb73bf3d0 -> pdu_0xb73c0068 -> pdu_0xb73c0d00 -> pdu_0xb73c1998 -> pdu_0xb73c2630 -> pdu_0xb73c32c8 -> pdu_0xb73c3f60 -> pdu_0xb73c4bf8 -> pdu_0xb73c5890 -> pdu_0xb73c6528 -> pdu_0xb73c71c0 -> pdu_0xb73c7e58 -> pdu_0xb73c8af0 -> pdu_0xb73c9788 -> pdu_0xb73ca420 -> pdu_0xb73cb0b8 -> pdu_0xb73cbd50 -> pdu_0xb73cc9e8 -> pdu_0xb73cd680 -> pdu_0xb73ce318 -> pdu_0xb73cefb0 -> pdu_0xb73cfc48 -> pdu_0xb73d08e0 -> pdu_0xb73d1578 -> pdu_0xb73d2210 -> pdu_0xb73d2ea8 -> pdu_0xb73d3b40 -> pdu_0xb73d47d8 -> pdu_0xb73d5470 -> pdu_0xb73d6108 -> pdu_0xb73d6da0 -> pdu_0xb73d7a38 -> pdu_0xb73d86d0 -> pdu_0xb73d9368 -> pdu_0xb73da000 -> pdu_0xb73dac98 -> pdu_0xb73db930 -> pdu_0xb73dc5c8 -> pdu_0xb73dd260 -> pdu_0xb73ddef8 -> pdu_0xb73deb90 -> pdu_0xb73df828 -> pdu_0xb73e04c0 -> pdu_0xb73e1158 -> pdu_0xb73e1df0 -> pdu_0xb73e2a88 -> pdu_0xb73e3720 -> pdu_0xb73e43b8 -> pdu_0xb73e5050 -> pdu_0xb73e5ce8 -> pdu_0xb73e6980 -> pdu_0xb73e7618 -> pdu_0xb73e82b0 -> pdu_0xb73e8f48 -> pdu_0xb73e9be0 -> pdu_0xb73ea878 -> pdu_0xb73eb510 -> pdu_0xb73ec1a8 -> pdu_0xb73ece40 -> pdu_0xb73edad8 -> pdu_0xb73ee770 -> pdu_0xb73ef408 -> pdu_0xb73f00a0 -> pdu_0xb73f0d38 -> pdu_0xb73f19d0 -> pdu_0xb73f2668 -> pdu_0xb73f3300 -> pdu_0xb73f3f98 -> pdu_0xb73f4c30 -> pdu_0xb73f58c8 -> pdu_0xb73f6560 -> pdu_0xb73f71f8 -> pdu_0xb73f7e90 -> pdu_0xb73f8b28 -> pdu_0xb73f97c0 -> pdu_0xb73fa458 -> pdu_0xb73fb0f0 -> pdu_0xb73fbd88 -> pdu_0xb73fca20 -> pdu_0xb73fd6b8 -> pdu_0xb73fe350 -> pdu_0xb73fefe8 -> pdu_0xb73ffc80 -> pdu_0xb7400918 -> pdu_0xb74015b0 -> pdu_0xb7402248 -> pdu_0xb7402ee0 -> pdu_0xb7403b78 -> pdu_0xb7404810 -> pdu_0xb74054a8 -> pdu_0xb7406140 -> pdu_0xb7406dd8 -> pdu_0xb7407a70 -> pdu_0xb7408708 -> pdu_0xb74093a0 -> pdu_0xb740a038 -> pdu_0xb740acd0 -> pdu_0xb740b968 -> pdu_0xb740c600 -> pdu_0xb740d298 -> pdu_0xb740df30 -> pdu_0xb740ebc8 -> pdu_0xb740f860 -> pdu_0xb74104f8 -> pdu_0xb7411190 -> pdu_0xb7411e28 -> pdu_0xb7412ac0 -> pdu_0xb7413758 -> pdu_0xb74143f0 -> pdu_0xb7415088 -> pdu_0xb7415d20 -> pdu_0xb74169b8 -> pdu_0xb7417650 -> pdu_0xb74182e8 -> pdu_0xb7418f80 -> pdu_0xb7419c18 -> pdu_0xb741a8b0 -> pdu_0xb741b548 -> pdu_0xb741c1e0 -> pdu_0xb741ce78 -> pdu_0xb741db10 -> pdu_0xb741e7a8 -> pdu_0xb741f440 -> pdu_0xb74200d8 -> pdu_0xb7420d70 -> pdu_0xb7421a08 -> pdu_0xb74226a0 -> pdu_0xb7423338 -> pdu_0xb7423fd0 -> pdu_0xb7424c68 -> pdu_0xb7425900 -> pdu_0xb7426598 -> pdu_0xb7427230 -> pdu_0xb7427ec8 -> pdu_0xb7428b60 -> pdu_0xb74297f8 -> pdu_0xb742a490 -> pdu_0xb742b128 -> pdu_0xb742bdc0 -> pdu_0xb742ca58 -> pdu_0xb742d6f0 -> pdu_0xb742e388 -> pdu_0xb742f020 -> pdu_0xb742fcb8 -> pdu_0xb7430950 -> pdu_0xb74315e8 -> pdu_0xb7432280 -> pdu_0xb7432f18 -> pdu_0xb7433bb0 -> pdu_0xb7434848 -> pdu_0xb74354e0 -> pdu_0xb7436178 -> pdu_0xb7436e10 -> pdu_0xb7437aa8 -> pdu_0xb7438740 -> pdu_0xb74393d8 -> pdu_0xb743a070 -> pdu_0xb743ad08 -> pdu_0xb743b9a0 -> pdu_0xb743c638 -> pdu_0xb743d2d0 -> pdu_0xb743df68 -> pdu_0xb743ec00 -> pdu_0xb743f898 -> pdu_0xb7440530 -> pdu_0xb74411c8 -> pdu_0xb7441e60 -> pdu_0xb7442af8 -> pdu_0xb7443790 -> pdu_0xb7444428 -> pdu_0xb74450c0 -> pdu_0xb7445d58 -> pdu_0xb74469f0 -> pdu_0xb7447688 -> pdu_0xb7448320 -> pdu_0xb7448fb8 -> pdu_0xb7449c50 -> pdu_0xb744a8e8 -> pdu_0xb744b580 -> pdu_0xb744c218 -> pdu_0xb744ceb0 -> pdu_0xb744db48 -> pdu_0xb744e7e0 -> pdu_0xb744f478 -> pdu_0xb7450110 -> pdu_0xb7450da8 -> pdu_0xb7451a40 -> pdu_0xb74526d8 -> pdu_0xb7453370 -> pdu_0xb7454008 -> pdu_0xb7454ca0 -> pdu_0xb7455938 -> pdu_0xb74565d0 -> pdu_0xb7457268 -> pdu_0xb7457f00 -> pdu_0xb7458b98 -> pdu_0xb7459830 -> pdu_0xb745a4c8 -> pdu_0xb745b160 -> pdu_0xb745bdf8 -> pdu_0xb745ca90 -> pdu_0xb745d728 -> pdu_0xb745e3c0 -> pdu_0xb745f058 -> pdu_0xb745fcf0 -> pdu_0xb7460988 -> pdu_0xb7461620 -> pdu_0xb74622b8 -> pdu_0xb7462f50 -> pdu_0xb7463be8 -> pdu_0xb7464880 -> pdu_0xb7465518 -> pdu_0xb74661b0 -> pdu_0xb7466e48 -> pdu_0xb7467ae0 -> pdu_0xb7468778 -> pdu_0xb7469410 -> pdu_0xb746a0a8 -> pdu_0xb746ad40 -> pdu_0xb746b9d8 -> pdu_0xb746c670 -> pdu_0xb746d308 -> pdu_0xb746dfa0 -> pdu_0xb746ec38 -> pdu_0xb746f8d0 -> pdu_0xb7470568 -> pdu_0xb7471200 -> pdu_0xb7471e98 -> pdu_0xb7472b30 -> pdu_0xb74737c8 -> pdu_0xb7474460 -> pdu_0xb74750f8 -> pdu_0xb7475d90 -> pdu_0xb7476a28 -> pdu_0xb74776c0 -> pdu_0xb7478358 -> pdu_0xb7478ff0 -> pdu_0xb7479c88 -> pdu_0xb747a920 -> pdu_0xb747b5b8 -> pdu_0xb747c250 -> pdu_0xb747cee8 -> pdu_0xb747db80 -> pdu_0xb747e818 -> pdu_0xb747f4b0 -> pdu_0xb7480148 -> pdu_0xb7480de0 -> pdu_0xb7481a78 -> pdu_0xb7482710 -> pdu_0xb74833a8 -> pdu_0xb7484040 -> pdu_0xb7484cd8 -> pdu_0xb7485970 -> pdu_0xb7486608 -> pdu_0xb74872a0 -> pdu_0xb7487f38 -> pdu_0xb7488bd0 -> pdu_0xb7489868 -> pdu_0xb748a500 -> pdu_0xb748b198 -> pdu_0xb748be30 -> pdu_0xb748cac8 -> pdu_0xb748d760 -> pdu_0xb748e3f8 -> pdu_0xb748f090 -> pdu_0xb748fd28 -> pdu_0xb74909c0 -> pdu_0xb7491658 -> pdu_0xb74922f0 -> pdu_0xb7492f88 -> pdu_0xb7493c20 -> pdu_0xb74948b8 -> pdu_0xb7495550 -> pdu_0xb74961e8 -> pdu_0xb7496e80 -> pdu_0xb7497b18 -> pdu_0xb74987b0 -> pdu_0xb7499448 -> pdu_0xb749a0e0 -> pdu_0xb749ad78 -> pdu_0xb749ba10 -> pdu_0xb749c6a8 -> pdu_0xb749d340 -> pdu_0xb749dfd8 -> pdu_0xb749ec70 -> pdu_0xb749f908 -> pdu_0xb74a05a0 -> pdu_0xb74a1238 -> pdu_0xb74a1ed0 -> pdu_0xb74a2b68 -> pdu_0xb74a3800 -> pdu_0xb74a4498 -> pdu_0xb74a5130 -> pdu_0xb74a5dc8 -> pdu_0xb74a6a60 -> pdu_0xb74a76f8 -> pdu_0xb74a8390 -> pdu_0xb74a9028 -> pdu_0xb74a9cc0 -> pdu_0xb74aa958 -> pdu_0xb74ab5f0 -> pdu_0xb74ac288 -> pdu_0xb74acf20 -> pdu_0xb74adbb8 -> pdu_0xb74ae850 -> pdu_0xb74af4e8 -> pdu_0xb74b0180 -> pdu_0xb74b0e18 -> pdu_0xb74b1ab0 -> pdu_0xb74b2748 -> pdu_0xb74b33e0 -> pdu_0xb74b4078 -> pdu_0xb74b4d10 -> pdu_0xb74b59a8 -> pdu_0xb74b6640 -> pdu_0xb74b72d8 -> pdu_0xb74b7f70 -> pdu_0xb74b8c08 -> pdu_0xb74b98a0 -> pdu_0xb74ba538 -> pdu_0xb74bb1d0 -> pdu_0xb74bbe68 -> pdu_0xb74bcb00 -> pdu_0xb74bd798 -> pdu_0xb74be430 -> pdu_0xb74bf0c8 -> pdu_0xb74bfd60 -> pdu_0xb74c09f8 -> pdu_0xb74c1690 -> pdu_0xb74c2328 -> pdu_0xb74c2fc0 -> pdu_0xb74c3c58 -> pdu_0xb74c48f0 -> pdu_0xb74c5588 -> pdu_0xb74c6220 -> pdu_0xb74c6eb8 -> pdu_0xb74c7b50 -> pdu_0xb74c87e8 -> pdu_0xb74c9480 -> pdu_0xb74ca118 -> pdu_0xb74cadb0 -> pdu_0xb74cba48 -> pdu_0xb74cc6e0 -> pdu_0xb74cd378 -> pdu_0xb74ce010 -> pdu_0xb74ceca8 -> pdu_0xb74cf940 -> pdu_0xb74d05d8 -> pdu_0xb74d1270 -> pdu_0xb74d1f08 -> pdu_0xb74d2ba0 -> pdu_0xb74d3838 -> pdu_0xb74d44d0 -> pdu_0xb74d5168 -> pdu_0xb74d5e00 -> pdu_0xb74d6a98 -> pdu_0xb74d7730 -> pdu_0xb74d83c8 -> pdu_0xb74d9060 -> pdu_0xb74d9cf8 -> pdu_0xb74da990 -> pdu_0xb74db628 -> pdu_0xb74dc2c0 -> pdu_0xb74dcf58 -> pdu_0xb74ddbf0 -> pdu_0xb74de888 -> pdu_0xb74df520 -> pdu_0xb74e01b8 -> pdu_0xb74e0e50 -> pdu_0xb74e1ae8 -> pdu_0xb74e2780 -> pdu_0xb74e3418 -> pdu_0xb74e40b0 -> pdu_0xb74e4d48 -> pdu_0xb74e59e0 -> pdu_0xb74e6678 -> pdu_0xb74e7310 -> pdu_0xb74e7fa8 -> pdu_0xb74e8c40 -> pdu_0xb74e98d8 -> pdu_0xb74ea570 -> pdu_0xb74eb208 -> pdu_0xb74ebea0 -> pdu_0xb74ecb38 -> pdu_0xb74ed7d0 -> pdu_0xb74ee468 -> pdu_0xb74ef100 -> pdu_0xb74efd98 -> pdu_0xb74f0a30 -> pdu_0xb74f16c8 -> pdu_0xb74f2360 -> pdu_0xb74f2ff8 -> pdu_0xb74f3c90 -> pdu_0xb74f4928 -> pdu_0xb74f55c0 -> pdu_0xb74f6258 -> pdu_0xb74f6ef0 -> pdu_0xb74f7b88 -> pdu_0xb74f8820 -> pdu_0xb74f94b8 -> pdu_0xb74fa150 -> pdu_0xb74fade8 -> pdu_0xb74fba80 -> pdu_0xb74fc718 -> pdu_0xb74fd3b0 -> pdu_0xb74fe048 -> pdu_0xb74fece0 -> pdu_0xb74ff978 -> pdu_0xb7500610 -> pdu_0xb75012a8 -> pdu_0xb7501f40 -> pdu_0xb7502bd8 -> pdu_0xb7503870 -> pdu_0xb7504508 -> pdu_0xb75051a0 -> pdu_0xb7505e38 -> pdu_0xb7506ad0 -> pdu_0xb7507768 -> pdu_0xb7508400 -> pdu_0xb7509098 -> pdu_0xb7509d30 -> pdu_0xb750a9c8 -> pdu_0xb750b660 -> pdu_0xb750c2f8 -> pdu_0xb750cf90 -> pdu_0xb750dc28 -> pdu_0xb750e8c0 -> pdu_0xb750f558 -> pdu_0xb75101f0 -> pdu_0xb7510e88 -> pdu_0xb7511b20 -> pdu_0xb75127b8 -> pdu_0xb7513450 -> pdu_0xb75140e8 -> pdu_0xb7514d80 -> pdu_0xb7515a18 -> pdu_0xb75166b0 -> pdu_0xb7517348 -> pdu_0xb7517fe0 -> pdu_0xb7518c78 -> pdu_0xb7519910 -> pdu_0xb751a5a8 -> pdu_0xb751b240 -> pdu_0xb751bed8 -> pdu_0xb751cb70 -> pdu_0xb751d808 -> pdu_0xb751e4a0 -> pdu_0xb751f138 -> pdu_0xb751fdd0 -> pdu_0xb7520a68 -> pdu_0xb7521700 -> pdu_0xb7522398 -> pdu_0xb7523030 -> pdu_0xb7523cc8 -> pdu_0xb7524960 -> pdu_0xb75255f8 -> pdu_0xb7526290 -> pdu_0xb7526f28 -> pdu_0xb7527bc0 -> pdu_0xb7528858 -> pdu_0xb75294f0 -> pdu_0xb752a188 -> pdu_0xb752ae20 -> pdu_0xb752bab8 -> pdu_0xb752c750 -> pdu_0xb752d3e8 -> pdu_0xb752e080 -> pdu_0xb752ed18 -> pdu_0xb752f9b0 -> pdu_0xb7530648 -> pdu_0xb75312e0 -> pdu_0xb7531f78 -> pdu_0xb7532c10 -> pdu_0xb75338a8 -> pdu_0xb7534540 -> pdu_0xb75351d8 -> pdu_0xb7535e70 -> pdu_0xb7536b08 -> pdu_0xb75377a0 -> pdu_0xb7538438 -> pdu_0xb75390d0 -> pdu_0xb7539d68 -> pdu_0xb753aa00 -> pdu_0xb753b698 -> pdu_0xb753c330 -> pdu_0xb753cfc8 -> pdu_0xb753dc60 -> pdu_0xb753e8f8 -> pdu_0xb753f590 -> pdu_0xb7540228 -> pdu_0xb7540ec0 -> pdu_0xb7541b58 -> pdu_0xb75427f0 -> pdu_0xb7543488 -> pdu_0xb7544120 -> pdu_0xb7544db8 -> pdu_0xb7545a50 -> pdu_0xb75466e8 -> pdu_0xb7547380 -> pdu_0xb7548018 -> pdu_0xb7548cb0 -> pdu_0xb7549948 -> pdu_0xb754a5e0 -> pdu_0xb754b278 -> pdu_0xb754bf10 -> pdu_0xb754cba8 -> pdu_0xb754d840 -> pdu_0xb754e4d8 -> pdu_0xb754f170 -> pdu_0xb754fe08 -> pdu_0xb7550aa0 -> pdu_0xb7551738 -> pdu_0xb75523d0 -> pdu_0xb7553068 -> pdu_0xb7553d00 -> pdu_0xb7554998 -> pdu_0xb7555630 -> pdu_0xb75562c8 -> pdu_0xb7556f60 -> pdu_0xb7557bf8 -> pdu_0xb7558890 -> pdu_0xb7559528 -> pdu_0xb755a1c0 -> pdu_0xb755ae58 -> pdu_0xb755baf0 -> pdu_0xb755c788 -> pdu_0xb755d420 -> pdu_0xb755e0b8 -> pdu_0xb755ed50 -> pdu_0xb755f9e8 -> pdu_0xb7560680 -> pdu_0xb7561318 -> pdu_0xb7561fb0 -> pdu_0xb7562c48 -> pdu_0xb75638e0 -> pdu_0xb7564578 -> pdu_0xb7565210 -> pdu_0xb7565ea8 -> pdu_0xb7566b40 -> pdu_0xb75677d8 -> pdu_0xb7568470 -> pdu_0xb7569108 -> pdu_0xb7569da0 -> pdu_0xb756aa38 -> pdu_0xb756b6d0 -> pdu_0xb756c368 -> pdu_0xb756d000 -> pdu_0xb756dc98 -> pdu_0xb756e930 -> pdu_0xb756f5c8 -> pdu_0xb7570260 -> pdu_0xb7570ef8 -> pdu_0xb7571b90 -> pdu_0xb7572828 -> pdu_0xb75734c0 -> pdu_0xb7574158 -> pdu_0xb7574df0 -> pdu_0xb7575a88 -> pdu_0xb7576720 -> pdu_0xb75773b8 -> pdu_0xb7578050 -> pdu_0xb7578ce8 -> pdu_0xb7579980 -> pdu_0xb757a618 -> pdu_0xb757b2b0 -> pdu_0xb757bf48 -> pdu_0xb757cbe0 -> pdu_0xb757d878 -> pdu_0xb757e510 -> pdu_0xb757f1a8 -> pdu_0xb757fe40 -> pdu_0xb7580ad8 -> pdu_0xb7581770 -> pdu_0xb7582408 -> pdu_0xb75830a0 -> pdu_0xb7583d38 -> pdu_0xb75849d0 -> pdu_0xb7585668 -> pdu_0xb7586300 -> pdu_0xb7586f98 -> pdu_0xb7587c30 -> pdu_0xb75888c8 -> pdu_0xb7589560 -> pdu_0xb758a1f8 -> pdu_0xb758ae90 -> pdu_0xb758bb28 -> pdu_0xb758c7c0 -> pdu_0xb758d458 -> pdu_0xb758e0f0 -> pdu_0xb758ed88 -> pdu_0xb758fa20 -> pdu_0xb75906b8 -> pdu_0xb7591350 -> pdu_0xb7591fe8 -> pdu_0xb7592c80 -> pdu_0xb7593918 -> pdu_0xb75945b0 -> pdu_0xb7595248 -> pdu_0xb7595ee0 -> pdu_0xb7596b78 -> pdu_0xb7597810 -> pdu_0xb75984a8 -> pdu_0xb7599140 -> pdu_0xb7599dd8 -> pdu_0xb759aa70 -> pdu_0xb759b708 -> pdu_0xb759c3a0 -> pdu_0xb759d038 -> pdu_0xb759dcd0 -> pdu_0xb759e968 -> pdu_0xb759f600 -> pdu_0xb75a0298 -> pdu_0xb75a0f30 -> pdu_0xb75a1bc8 -> pdu_0xb75a2860 -> pdu_0xb75a34f8 -> pdu_0xb75a4190 -> pdu_0xb75a4e28 -> pdu_0xb75a5ac0 -> pdu_0xb75a6758 -> pdu_0xb75a73f0 -> pdu_0xb75a8088 -> pdu_0xb75a8d20 -> pdu_0xb75a99b8 -> pdu_0xb75aa650 -> pdu_0xb75ab2e8 -> pdu_0xb75abf80 -> pdu_0xb75acc18 -> pdu_0xb75ad8b0 -> pdu_0xb75ae548 -> pdu_0xb75af1e0 -> pdu_0xb75afe78 -> pdu_0xb75b0b10 -> pdu_0xb75b17a8 -> pdu_0xb75b2440 -> pdu_0xb75b30d8 -> pdu_0xb75b3d70 -> pdu_0xb75b4a08 -> pdu_0xb75b56a0 -> pdu_0xb75b6338 -> pdu_0xb75b6fd0 -> pdu_0xb75b7c68 -> pdu_0xb75b8900 -> pdu_0xb75b9598 -> pdu_0xb75ba230 -> pdu_0xb75baec8 -> pdu_0xb75bbb60 -> pdu_0xb75bc7f8 -> pdu_0xb75bd490 -> pdu_0xb75be128 -> pdu_0xb75bedc0 -> pdu_0xb75bfa58 -> pdu_0xb75c06f0 -> pdu_0xb75c1388 -> pdu_0xb75c2020 -> pdu_0xb75c2cb8 -> pdu_0xb75c3950 -> pdu_0xb75c45e8 -> pdu_0xb75c5280 -> pdu_0xb75c5f18 -> pdu_0xb75c6bb0 -> pdu_0xb75c7848 -> pdu_0xb75c84e0 -> pdu_0xb75c9178 -> pdu_0xb75c9e10 -> pdu_0xb75caaa8 -> pdu_0xb75cb740 -> pdu_0xb75cc3d8 -> pdu_0xb75cd070 -> pdu_0xb75cdd08 -> pdu_0xb75ce9a0 -> pdu_0xb75cf638 -> pdu_0xb75d02d0 -> pdu_0xb75d0f68 -> pdu_0xb75d1c00 -> pdu_0xb75d2898 -> pdu_0xb75d3530 -> pdu_0xb75d41c8 -> pdu_0xb75d4e60 -> pdu_0xb75d5af8 -> pdu_0xb75d6790 -> pdu_0xb75d7428 -> pdu_0xb75d80c0 -> pdu_0xb75d8d58 -> pdu_0xb75d99f0 -> pdu_0xb75da688 -> pdu_0xb75db320 -> pdu_0xb75dbfb8 -> pdu_0xb75dcc50 -> pdu_0xb75dd8e8 -> pdu_0xb75de580 -> pdu_0xb75df218 -> pdu_0xb75dfeb0 -> pdu_0xb75e0b48 -> pdu_0xb75e17e0 -> pdu_0xb75e2478 -> pdu_0xb75e3110 -> pdu_0xb75e3da8 -> pdu_0xb75e4a40 -> pdu_0xb75e56d8 -> pdu_0xb75e6370 -> pdu_0xb75e7008 -> pdu_0xb75e7ca0 -> pdu_0xb75e8938 -> pdu_0xb75e95d0 -> pdu_0xb75ea268 -> pdu_0xb75eaf00 -> pdu_0xb75ebb98 -> pdu_0xb75ec830 -> pdu_0xb75ed4c8 -> pdu_0xb75ee160 -> pdu_0xb75eedf8 -> pdu_0xb75efa90 -> pdu_0xb75f0728 -> pdu_0xb75f13c0 -> pdu_0xb75f2058 -> pdu_0xb75f2cf0 -> pdu_0xb75f3988 -> pdu_0xb75f4620 -> pdu_0xb75f52b8 -> pdu_0xb75f5f50 -> pdu_0xb75f6be8 -> pdu_0xb75f7880 -> pdu_0xb75f8518 -> pdu_0xb75f91b0 -> pdu_0xb75f9e48 -> pdu_0xb75faae0 -> pdu_0xb75fb778 -> pdu_0xb75fc410 -> pdu_0xb75fd0a8 -> pdu_0xb75fdd40 -> pdu_0xb75fe9d8 -> pdu_0xb75ff670 -> pdu_0xb7600308 -> pdu_0xb7600fa0 -> pdu_0xb7601c38 -> pdu_0xb76028d0 -> pdu_0xb7603568 -> pdu_0xb7604200 -> pdu_0xb7604e98 -> pdu_0xb7605b30 -> pdu_0xb76067c8 -> pdu_0xb7607460 -> pdu_0xb76080f8 -> pdu_0xb7608d90 -> pdu_0xb7609a28 -> pdu_0xb760a6c0 -> pdu_0xb760b358 -> pdu_0xb760bff0 -> pdu_0xb760cc88 -> pdu_0xb760d920 -> pdu_0xb760e5b8 -> pdu_0xb760f250 -> pdu_0xb760fee8 -> pdu_0xb7610b80 -> pdu_0xb7611818 -> pdu_0xb76124b0 -> pdu_0xb7613148 -> pdu_0xb7613de0 -> pdu_0xb7614a78 -> pdu_0xb7615710 -> pdu_0xb76163a8 -> pdu_0xb7617040 -> pdu_0xb7617cd8 -> pdu_0xb7618970 -> pdu_0xb7619608 -> pdu_0xb761a2a0 -> pdu_0xb761af38 -> pdu_0xb761bbd0 -> pdu_0xb761c868 -> pdu_0xb761d500 -> pdu_0xb761e198 -> pdu_0xb761ee30 -> pdu_0xb761fac8 -> pdu_0xb7620760 -> pdu_0xb76213f8 -> pdu_0xb7622090 -> pdu_0xb7622d28 -> pdu_0xb76239c0 -> pdu_0xb7624658 -> pdu_0xb76252f0 -> pdu_0xb7625f88 -> pdu_0xb7626c20 -> pdu_0xb76278b8 -> pdu_0xb7628550 -> pdu_0xb76291e8 -> pdu_0xb7629e80 -> pdu_0xb762ab18 -> pdu_0xb762b7b0 -> pdu_0xb762c448 -> pdu_0xb762d0e0 -> pdu_0xb762dd78 -> pdu_0xb762ea10 -> pdu_0xb762f6a8 -> pdu_0xb7630340 -> pdu_0xb7630fd8 -> pdu_0xb7631c70 -> pdu_0xb7632908 -> pdu_0xb76335a0 -> pdu_0xb7634238 -> pdu_0xb7634ed0 -> pdu_0xb7635b68 -> pdu_0xb7636800 -> pdu_0xb7637498 -> pdu_0xb7638130 -> pdu_0xb7638dc8 -> pdu_0xb7639a60 -> pdu_0xb763a6f8 -> pdu_0xb763b390 -> pdu_0xb763c028 -> pdu_0xb763ccc0 -> pdu_0xb763d958 -> pdu_0xb763e5f0 -> pdu_0xb763f288 -> pdu_0xb763ff20 -> pdu_0xb7640bb8 -> pdu_0xb7641850 -> pdu_0xb76424e8 -> pdu_0xb7643180 -> pdu_0xb7643e18 -> pdu_0xb7644ab0 -> pdu_0xb7645748 -> pdu_0xb76463e0 -> pdu_0xb7647078 -> pdu_0xb7647d10 -> pdu_0xb76489a8 -> pdu_0xb7649640 -> pdu_0xb764a2d8 -> pdu_0xb764af70 -> pdu_0xb764bc08 -> pdu_0xb764c8a0 -> pdu_0xb764d538 -> pdu_0xb764e1d0 -> pdu_0xb764ee68 -> pdu_0xb764fb00 -> pdu_0xb7650798 -> pdu_0xb7651430 -> pdu_0xb76520c8 -> pdu_0xb7652d60 -> pdu_0xb76539f8 -> pdu_0xb7654690 -> pdu_0xb7655328 -> pdu_0xb7655fc0 -> pdu_0xb7656c58 -> pdu_0xb76578f0 -> pdu_0xb7658588 -> pdu_0xb7659220 -> pdu_0xb7659eb8 -> pdu_0xb765ab50 -> pdu_0xb765b7e8 -> pdu_0xb765c480 -> pdu_0xb765d118 -> pdu_0xb765ddb0 -> pdu_0xb765ea48 -> pdu_0xb765f6e0 -> pdu_0xb7660378 -> pdu_0xb7661010 -> pdu_0xb7661ca8 -> pdu_0xb7662940 -> pdu_0xb76635d8 -> pdu_0xb7664270 -> pdu_0xb7664f08 -> pdu_0xb7665ba0 -> pdu_0xb7666838 -> pdu_0xb76674d0 -> pdu_0xb7668168 -> pdu_0xb7668e00 -> pdu_0xb7669a98 -> pdu_0xb766a730 -> pdu_0xb766b3c8 -> pdu_0xb766c060 -> pdu_0xb766ccf8 -> pdu_0xb766d990 -> pdu_0xb766e628 -> pdu_0xb766f2c0 -> pdu_0xb766ff58 -> pdu_0xb7670bf0 -> pdu_0xb7671888 -> pdu_0xb7672520 -> pdu_0xb76731b8 -> pdu_0xb7673e50 -> pdu_0xb7674ae8 -> pdu_0xb7675780 -> pdu_0xb7676418 -> pdu_0xb76770b0 -> pdu_0xb7677d48 -> pdu_0xb76789e0 -> pdu_0xb7679678 -> pdu_0xb767a310 -> pdu_0xb767afa8 -> pdu_0xb767bc40 -> pdu_0xb767c8d8 -> pdu_0xb767d570 -> pdu_0xb767e208 -> pdu_0xb767eea0 -> pdu_0xb767fb38 -> pdu_0xb76807d0 -> pdu_0xb7681468 -> pdu_0xb7682100 -> pdu_0xb7682d98 -> pdu_0xb7683a30 -> pdu_0xb76846c8 -> pdu_0xb7685360 -> pdu_0xb7685ff8 -> pdu_0xb7686c90 -> pdu_0xb7687928 -> pdu_0xb76885c0 -> pdu_0xb7689258 -> pdu_0xb7689ef0 -> pdu_0xb768ab88 -> pdu_0xb768b820 -> pdu_0xb768c4b8 -> pdu_0xb768d150 -> pdu_0xb768dde8 -> pdu_0xb768ea80 -> pdu_0xb768f718 -> pdu_0xb76903b0 -> pdu_0xb7691048 -> pdu_0xb7691ce0 -> pdu_0xb7692978 -> pdu_0xb7693610 -> pdu_0xb76942a8 -> pdu_0xb7694f40 -> pdu_0xb7695bd8 -> pdu_0xb7696870 -> pdu_0xb7697508 -> pdu_0xb76981a0 -> pdu_0xb7698e38 -> pdu_0xb7699ad0 -> pdu_0xb769a768 -> pdu_0xb769b400 -> pdu_0xb769c098 -> pdu_0xb769cd30 -> pdu_0xb769d9c8 -> pdu_0xb769e660 -> pdu_0xb769f2f8 -> pdu_0xb769ff90 -> pdu_0xb76a0c28 -> pdu_0xb76a18c0 -> pdu_0xb76a2558 -> pdu_0xb76a31f0 -> pdu_0xb76a3e88 -> pdu_0xb76a4b20 -> pdu_0xb76a57b8 -> pdu_0xb76a6450 -> pdu_0xb76a70e8 -> pdu_0xb76a7d80 -> pdu_0xb76a8a18 -> pdu_0xb76a96b0 -> pdu_0xb76aa348 -> pdu_0xb76aafe0 -> pdu_0xb76abc78 -> pdu_0xb76ac910 -> pdu_0xb76ad5a8 -> pdu_0xb76ae240 -> pdu_0xb76aeed8 -> pdu_0xb76afb70 -> pdu_0xb76b0808 -> pdu_0xb76b14a0 -> pdu_0xb76b2138 -> pdu_0xb76b2dd0 -> pdu_0xb76b3a68 -> pdu_0xb76b4700 -> pdu_0xb76b5398 -> pdu_0xb76b6030 -> pdu_0xb76b6cc8 -> pdu_0xb76b7960 -> pdu_0xb76b85f8 -> pdu_0xb76b9290 -> pdu_0xb76b9f28 -> pdu_0xb76babc0 -> pdu_0xb76bb858 -> pdu_0xb76bc4f0 -> pdu_0xb76bd188 -> pdu_0xb76bde20 -> pdu_0xb76beab8 -> pdu_0xb76bf750 -> pdu_0xb76c03e8 -> pdu_0xb76c1080 -> pdu_0xb76c1d18 -> pdu_0xb76c29b0 -> pdu_0xb76c3648 -> pdu_0xb76c42e0 -> pdu_0xb76c4f78 -> pdu_0xb76c5c10 -> pdu_0xb76c68a8 -> pdu_0xb76c7540 -> pdu_0xb76c81d8 -> pdu_0xb76c8e70 -> pdu_0xb76c9b08 -> pdu_0xb76ca7a0 -> pdu_0xb76cb438 -> pdu_0xb76cc0d0 -> pdu_0xb76ccd68 -> pdu_0xb76cda00 -> pdu_0xb76ce698 -> pdu_0xb76cf330 -> pdu_0xb76cffc8 -> pdu_0xb76d0c60 -> pdu_0xb76d18f8 -> pdu_0xb76d2590 -> pdu_0xb76d3228 -> pdu_0xb76d3ec0 -> pdu_0xb76d4b58 -> pdu_0xb76d57f0 -> pdu_0xb76d6488 -> pdu_0xb76d7120 -> pdu_0xb76d7db8 -> pdu_0xb76d8a50 -> pdu_0xb76d96e8 -> pdu_0xb76da380 -> pdu_0xb76db018 -> pdu_0xb76dbcb0 -> pdu_0xb76dc948 -> pdu_0xb76dd5e0 -> pdu_0xb76de278 -> pdu_0xb76def10 -> pdu_0xb76dfba8 -> pdu_0xb76e0840 -> pdu_0xb76e14d8 -> pdu_0xb76e2170 -> pdu_0xb76e2e08 -> pdu_0xb76e3aa0 -> pdu_0xb76e4738 -> pdu_0xb76e53d0 -> pdu_0xb76e6068 -> pdu_0xb76e6d00 -> pdu_0xb76e7998 -> pdu_0xb76e8630 -> pdu_0xb76e92c8 -> pdu_0xb76e9f60 -> pdu_0xb76eabf8 -> pdu_0xb76eb890 -> pdu_0xb76ec528 -> pdu_0xb76ed1c0 -> pdu_0xb76ede58 -> pdu_0xb76eeaf0 -> pdu_0xb76ef788 -> pdu_0xb76f0420 -> pdu_0xb76f10b8 -> pdu_0xb76f1d50 -> pdu_0xb76f29e8 -> pdu_0xb76f3680 -> pdu_0xb76f4318 -> pdu_0xb76f4fb0 -> pdu_0xb76f5c48 -> pdu_0xb76f68e0 -> pdu_0xb76f7578 -> pdu_0xb76f8210 -> pdu_0xb76f8ea8 -> pdu_0xb76f9b40 -> pdu_0xb76fa7d8 -> pdu_0xb76fb470 -> pdu_0xb76fc108 -> pdu_0xb76fcda0 -> pdu_0xb76fda38 -> pdu_0xb76fe6d0 -> pdu_0xb76ff368 -> pdu_0xb7700000 -> pdu_0xb7700c98 -> pdu_0xb7701930 -> pdu_0xb77025c8 -> pdu_0xb7703260 -> pdu_0xb7703ef8 -> pdu_0xb7704b90 -> pdu_0xb7705828 -> pdu_0xb77064c0 -> pdu_0xb7707158 -> pdu_0xb7707df0 -> pdu_0xb7708a88 -> pdu_0xb7709720 -> pdu_0xb770a3b8 -> pdu_0xb770b050 -> pdu_0xb770bce8 -> pdu_0xb770c980 -> pdu_0xb770d618 -> pdu_0xb770e2b0 -> pdu_0xb770ef48 -> pdu_0xb770fbe0 -> pdu_0xb7710878 -> pdu_0xb7711510 -> pdu_0xb77121a8 -> pdu_0xb7712e40 -> pdu_0xb7713ad8 -> pdu_0xb7714770 -> pdu_0xb7715408 -> pdu_0xb77160a0 -> pdu_0xb7716d38 -> pdu_0xb77179d0 -> pdu_0xb7718668 -> pdu_0xb7719300 -> pdu_0xb7719f98 -> pdu_0xb771ac30 [label=free_pdus];
Data structure dump 3503
----------------------
hit_0x1eb0350 [label="tid_1eb0b70"];
hit_0x1eb0350  // free_pdus
-> pdu_0xb6c58aa8  // (ACK
)
-> pdu_0xb6c5bd08  // (RECE)
[label=free_pdus];
Hit structure dump 2
======================
hit_0xbfa5d408 [label="tid_b771c960"];
hit_0xbfa5d408  // free_pdus
-> pdu_0xb6c4c128  // (CONN)
[label=free_pdus];
Hit structure dump 1
======================
hit_0x16af350 [label="tid_16afb70"];
hit_0x16af350  // free_pdus
-> pdu_0xb6c49b60  // (ACK
)
[label=free_pdus];
Hit structure dump 1
======================
