FMT0 persist at /var/zxid/bus/ch/default/zvuWsewQqt-hYflrtXC9yYEWb8E 'foo bar' len=61 rcpt(0)
FMT0 persist at /var/zxid/bus/ch/default/JW8CltIg8QbpBEDWamF1SPZxDYk '' len=54 rcpt(0)
FMT0 persist at /var/zxid/bus/ch/default/bjZtT6SuxzOFHc1GLnoFdMdSbm0 'F' len=55 rcpt(0)
FMT0 persist at /var/zxid/bus/ch/default/3yaWfCFEuyz-HXA7_PY2lV-zfYg 'test(-1,10' len=69 rcpt(0)
FMT0 persist at /var/zxid/bus/ch/default/35OUqHeMdhRnPCsPBJH-BCvMKoU 'test(-1,10' len=69 rcpt(1)
FMT0 persist at /var/zxid/bus/ch/default/5IDVUvOLVmHmexymd4x9U4_fGiE 'test(-1,10' len=69 rcpt(2)
FMT0 persist at /var/zxid/bus/ch/default/2ILOd9iA9sXKvGjpSAQebLoq2qw 'test(-1,10' len=69 rcpt(3)
FMT0 persist at /var/zxid/bus/ch/default/5-UizDkcKov2nGMBR17-7VpVeQ8 'test(-1,10' len=69 rcpt(4)
FMT0 persist at /var/zxid/bus/ch/default/JP2s0dI6xNkX63n7ZkAjqUUU-RM 'test(-1,10' len=69 rcpt(5)
FMT0 persist at /var/zxid/bus/ch/default/uwFxZrtMSOtP5tVOS0qE62ExX1Y 'test(-1,10' len=69 rcpt(6)
FMT0 persist at /var/zxid/bus/ch/default/HOXHKXrNynLHrbxJ7ff7TUU_7D4 'test(-1,10' len=69 rcpt(7)
FMT0 persist at /var/zxid/bus/ch/default/Xk6XftlZus_9dohsr01EI54p0OU 'test(-1,10' len=69 rcpt(8)
FMT0 persist at /var/zxid/bus/ch/default/d8lbiMfQlvezKDfBsg9NlAqSQ-8 'test(-1,10' len=69 rcpt(9)
FMT0 persist at /var/zxid/bus/ch/default/JEnG2wwROfDNZ36Sc9PWrpIWSCk 'test(-1,10' len=70 rcpt(10)
FMT0 persist at /var/zxid/bus/ch/default/f5-vIEPUTox43OUX1nL-yg-OS3o 'test(-1,10' len=69 rcpt(11)
FMT0 persist at /var/zxid/bus/ch/default/ojkE2iuWTmkaGBMgZ9SDyFUapkc 'test(-1,10' len=69 rcpt(12)
FMT0 persist at /var/zxid/bus/ch/default/V9ZWdFF9Jzkkdi8HYyt2a2kcizw 'test(-1,10' len=69 rcpt(13)
FMT0 persist at /var/zxid/bus/ch/default/Re6LCQ0mlGRH_UFkdIjxX6u-LQw 'test(-1,10' len=69 rcpt(14)
FMT0 persist at /var/zxid/bus/ch/default/wVbDRlDK_mvYm4b968rnOQfkHHI 'test(-1,10' len=69 rcpt(15)
FMT0 persist at /var/zxid/bus/ch/default/FM4qmrnEhUOsYmWO4iymXkZbSdQ 'test(-1,10' len=69 rcpt(16)
FMT0 persist at /var/zxid/bus/ch/default/vUj8SZ2Js2gY9s43iRSugPbzY_M 'test(-1,10' len=69 rcpt(17)
FMT0 persist at /var/zxid/bus/ch/default/LFtciBs-W1RGhdIjBPJYgd2Y_Ag 'test(-1,10' len=69 rcpt(18)
FMT0 persist at /var/zxid/bus/ch/default/44YuNEl5ol5XEF8Zh5_8s6esUFU 'test(-1,10' len=69 rcpt(19)
FMT0 persist at /var/zxid/bus/ch/default/biYNQsjIZvP9Nzwnjyjuhv4lwNw 'test(-1,9,' len=69 rcpt(20)
FMT0 persist at /var/zxid/bus/ch/default/h3hZBocFbvmGiqNhz1YCT8s2hxU 'test(-1,9,' len=69 rcpt(21)
FMT0 persist at /var/zxid/bus/ch/default/5gjqBP2HG8Z1RF00jeIZFRZ5iP8 'test(-1,9,' len=69 rcpt(22)
FMT0 persist at /var/zxid/bus/ch/default/UrP8sCUgjN_SESLjVJfR6SBECwI 'test(-1,9,' len=69 rcpt(23)
FMT0 persist at /var/zxid/bus/ch/default/pM5fhVEqNf4aWOiA9gsH2KRJ_mw 'test(-1,9,' len=69 rcpt(24)
FMT0 persist at /var/zxid/bus/ch/default/rmWZsD9S-WqqPRbKdSDWNM-t9Ek 'test(-1,9,' len=69 rcpt(25)
FMT0 persist at /var/zxid/bus/ch/default/B0AY5AARAoRD6S9XHG7T1p7QWsU 'test(-1,9,' len=69 rcpt(26)
FMT0 persist at /var/zxid/bus/ch/default/IRcNzrDtvUVA7Yhte9B_1mJOvrw 'test(-1,9,' len=69 rcpt(27)
FMT0 persist at /var/zxid/bus/ch/default/BGxDDKGsUPzGm7yl51XEMy-omLQ 'test(-1,9,' len=69 rcpt(28)
FMT0 persist at /var/zxid/bus/ch/default/jizdvrPVXQnWw-R0kUc7qENVhnE 'test(-1,9,' len=69 rcpt(29)
FMT0 persist at /var/zxid/bus/ch/default/tcQ8k_GtGPAMHY3PywB7lL6xBnc 'test(-1,9,' len=69 rcpt(30)
FMT0 persist at /var/zxid/bus/ch/default/i46sMKPBfLtcHWSkFhTGc2Nc8kQ 'test(-1,9,' len=68 rcpt(31)
FMT0 persist at /var/zxid/bus/ch/default/3AvhHDlW7RkcvqVKSXhIdaUoGTk 'test(-1,9,' len=68 rcpt(32)
FMT0 persist at /var/zxid/bus/ch/default/GTMBriSVyCUZUEmVfto66XGANOY 'test(-1,9,' len=68 rcpt(33)
FMT0 persist at /var/zxid/bus/ch/default/5f2JBM5H7TbJcVBwsnqYWlBg79E 'test(-1,9,' len=68 rcpt(34)
FMT0 persist at /var/zxid/bus/ch/default/noC8r6nipKLfR-j-0MDrOUr2L5I 'test(-1,9,' len=68 rcpt(35)
FMT0 persist at /var/zxid/bus/ch/default/PJ0PYqJnQHHeAisAMh3PYZslkxE 'test(-1,9,' len=68 rcpt(36)
FMT0 persist at /var/zxid/bus/ch/default/LhdKzX6uoPPtYJQwFMBL7UIKQtk 'test(-1,9,' len=68 rcpt(37)
FMT0 persist at /var/zxid/bus/ch/default/HbNTqyQghBJBt_i6fTaQdWXt4KY 'test(-1,9,' len=68 rcpt(38)
FMT0 persist at /var/zxid/bus/ch/default/SKxkqUzpErNZwM2c7U0pMFDh0c4 'test(-1,9,' len=68 rcpt(39)
FMT0 persist at /var/zxid/bus/ch/default/xpoEGlyR1nkyvXxnCHzb0GgRsCE 'test(-1,8,' len=69 rcpt(40)
FMT0 persist at /var/zxid/bus/ch/default/Zx7ZADF9J7uUktK8G_oueVMy4yk 'test(-1,8,' len=69 rcpt(41)
FMT0 persist at /var/zxid/bus/ch/default/sygRWnccwQRr2AQ1zfsVMklfT84 'test(-1,8,' len=69 rcpt(42)
FMT0 persist at /var/zxid/bus/ch/default/5m_BqIcyk2BJNUtXHQIMYNUXIFo 'test(-1,8,' len=69 rcpt(43)
FMT0 persist at /var/zxid/bus/ch/default/xMQa1PT4u5FmEPw6EM-Wws1lZ0s 'test(-1,8,' len=69 rcpt(44)
FMT0 persist at /var/zxid/bus/ch/default/sGvPDob7wE6ipUB8SxBTFrmkbcE 'test(-1,8,' len=69 rcpt(45)
FMT0 persist at /var/zxid/bus/ch/default/b73GDEZG3wZzj46nzpa_UH-sLq4 'test(-1,8,' len=69 rcpt(46)
FMT0 persist at /var/zxid/bus/ch/default/BAeuXWqo5o9Ej8etSbq1DQ5Rv3I 'test(-1,8,' len=69 rcpt(47)
FMT0 persist at /var/zxid/bus/ch/default/hjmE7GEoQUmmohpqo_pONQxCF34 'test(-1,8,' len=69 rcpt(48)
FMT0 persist at /var/zxid/bus/ch/default/zsmlR76yE4Fc_5Ofewocfja4mC0 'test(-1,8,' len=69 rcpt(49)
FMT0 persist at /var/zxid/bus/ch/default/4jRn6jxY9H0YVQY-alhYYIS4cBw 'test(-1,8,' len=69 rcpt(50)
FMT0 persist at /var/zxid/bus/ch/default/gr2Ql0JSHTcodq5aCN2ucfTMAvA 'test(-1,8,' len=68 rcpt(51)
FMT0 persist at /var/zxid/bus/ch/default/Dzxy0ddog2lA-exFSCzWZAngWlU 'test(-1,8,' len=68 rcpt(52)
FMT0 persist at /var/zxid/bus/ch/default/_lVyJBdnThbixgJkb42dz9RrztU 'test(-1,8,' len=68 rcpt(53)
FMT0 persist at /var/zxid/bus/ch/default/cmo1BQDiCACNBslCiAZT2IALDr4 'test(-1,8,' len=68 rcpt(54)
FMT0 persist at /var/zxid/bus/ch/default/5Zo2NZ0QCoZ-S-6eogoWx5RHZpk 'test(-1,8,' len=68 rcpt(55)
FMT0 persist at /var/zxid/bus/ch/default/q94P0s15BB5p8tBEacLw716KkiA 'test(-1,8,' len=68 rcpt(56)
FMT0 persist at /var/zxid/bus/ch/default/Rfro0cQiPGPb28S6irOC673brYg 'test(-1,8,' len=68 rcpt(57)
FMT0 persist at /var/zxid/bus/ch/default/lYO4gnFogbILyL_cVlXIrceTLm4 'test(-1,8,' len=68 rcpt(58)
FMT0 persist at /var/zxid/bus/ch/default/xa-QRsnQfA6ua-ShNpVrZNeshS8 'test(-1,8,' len=68 rcpt(59)
FMT0 persist at /var/zxid/bus/ch/default/Xrai02IvSenif5Br4Rv0wfVdrt4 'test(-1,7,' len=69 rcpt(60)
FMT0 persist at /var/zxid/bus/ch/default/QybmwQtGwTTlRtF4w-TS57pHrC4 'test(-1,7,' len=69 rcpt(61)
FMT0 persist at /var/zxid/bus/ch/default/mnSnI6vuA3A9e6vGpNqbvtxbIZ8 'test(-1,7,' len=69 rcpt(62)
FMT0 persist at /var/zxid/bus/ch/default/KFZ4s5RYugEc3IEua9N_Hp2ItKU 'test(-1,7,' len=69 rcpt(63)
FMT0 persist at /var/zxid/bus/ch/default/qjo5peUNiqaWMjcnpmcYyEFRGd4 'test(-1,7,' len=69 rcpt(64)
FMT0 persist at /var/zxid/bus/ch/default/0bbqnrgthv5AtKu_jvHHPYm7590 'test(-1,7,' len=69 rcpt(65)
FMT0 persist at /var/zxid/bus/ch/default/_aKBUUZgxAl9SgDyl2Zf65wGG6c 'test(-1,7,' len=69 rcpt(66)
FMT0 persist at /var/zxid/bus/ch/default/R2fMaTmsxl4tZS1gc7Qw1y07OLU 'test(-1,7,' len=69 rcpt(67)
FMT0 persist at /var/zxid/bus/ch/default/lxvddNO8gejTqKyT0XFOli-OL2k 'test(-1,7,' len=69 rcpt(68)
FMT0 persist at /var/zxid/bus/ch/default/UPJIRTBI5b3IwFJCnGwzhSAU6IQ 'test(-1,7,' len=69 rcpt(69)
FMT0 persist at /var/zxid/bus/ch/default/mdRUqS9rLqvWsnU81ntSNFjwI_U 'test(-1,7,' len=69 rcpt(70)
FMT0 persist at /var/zxid/bus/ch/default/ZnIp0VWMCP0CJCs7GX9zlScNTBc 'test(-1,7,' len=68 rcpt(71)
FMT0 persist at /var/zxid/bus/ch/default/X4dMKJbhbgh1PtkPnI4AbkzzASw 'test(-1,7,' len=68 rcpt(72)
FMT0 persist at /var/zxid/bus/ch/default/BIgPNyPRYli3Qr00FokPKkeMppE 'test(-1,7,' len=68 rcpt(73)
FMT0 persist at /var/zxid/bus/ch/default/A72Y2GXCU-9HiColGacDQNnx5_8 'test(-1,7,' len=68 rcpt(74)
FMT0 persist at /var/zxid/bus/ch/default/6WQ2WpEs_2hyFX_gEZmjACP71yo 'test(-1,7,' len=68 rcpt(75)
FMT0 persist at /var/zxid/bus/ch/default/lAZgZXVL5hyZDVZqfbl5D0fzJZ8 'test(-1,7,' len=68 rcpt(76)
FMT0 persist at /var/zxid/bus/ch/default/9YzHqcq1sfNyX-X2edrFYnDmPyU 'test(-1,7,' len=68 rcpt(77)
FMT0 persist at /var/zxid/bus/ch/default/eCbQv63zhXmNdap_uyeyjWyj4NI 'test(-1,7,' len=68 rcpt(78)
FMT0 persist at /var/zxid/bus/ch/default/FNIl6PkbdCKgVxxYuTLSTtcpF5o 'test(-1,7,' len=68 rcpt(79)
FMT0 persist at /var/zxid/bus/ch/default/zFz96-EeVViEflesk-062FlJ8QI 'test(-1,6,' len=69 rcpt(80)
FMT0 persist at /var/zxid/bus/ch/default/L_94L33TUBQvlIXrYOUsr1snmRQ 'test(-1,6,' len=69 rcpt(81)
FMT0 persist at /var/zxid/bus/ch/default/KCd0IP0ciufPZSRirnCwZmDIT_s 'test(-1,6,' len=69 rcpt(82)
FMT0 persist at /var/zxid/bus/ch/default/2onfwo1c0_7pj2lnjO6ewz8wZOk 'test(-1,6,' len=69 rcpt(83)
FMT0 persist at /var/zxid/bus/ch/default/T4L06ew8DrPUQ3CJret-RiSX27E 'test(-1,6,' len=69 rcpt(84)
FMT0 persist at /var/zxid/bus/ch/default/xDsutRnnIKGE1CrryQpBQYgH4oM 'test(-1,6,' len=69 rcpt(85)
FMT0 persist at /var/zxid/bus/ch/default/LgMXt2uB51eevW9auOQ88kQgLBE 'test(-1,6,' len=69 rcpt(86)
FMT0 persist at /var/zxid/bus/ch/default/v6u1dhsBKL2DWpa6NMPS0wBgQX4 'test(-1,6,' len=69 rcpt(87)
FMT0 persist at /var/zxid/bus/ch/default/vmtVbSJWik1U47nXOobDhU7wTWw 'test(-1,6,' len=69 rcpt(88)
FMT0 persist at /var/zxid/bus/ch/default/ZBAQVh9FcYp-t6McIpUTuUTwJ-U 'test(-1,6,' len=69 rcpt(89)
FMT0 persist at /var/zxid/bus/ch/default/ZnbFy7OOeb1i-hZZxFOYkRZLp-A 'test(-1,6,' len=69 rcpt(90)
FMT0 persist at /var/zxid/bus/ch/default/as2YvT-clvCgw6VRIpgQqDgVqQQ 'test(-1,6,' len=68 rcpt(91)
FMT0 persist at /var/zxid/bus/ch/default/CW4WwI1aeMmO5TEAJBR4sRtuKsk 'test(-1,6,' len=68 rcpt(92)
FMT0 persist at /var/zxid/bus/ch/default/JIIEkXyRwx56USf_4BnSuwmKlq8 'test(-1,6,' len=68 rcpt(93)
FMT0 persist at /var/zxid/bus/ch/default/KbrXYSmoAefYSlwEpFDhfQsnAAI 'test(-1,6,' len=68 rcpt(94)
FMT0 persist at /var/zxid/bus/ch/default/z7aqiIO6jgRDEO5OoG2DCe6i2T4 'test(-1,6,' len=68 rcpt(95)
FMT0 persist at /var/zxid/bus/ch/default/yUor9OPr4yf3jz1O033siWjAe5Y 'test(-1,6,' len=68 rcpt(96)
FMT0 persist at /var/zxid/bus/ch/default/qDiOmcWTD8eZTXE2V1wW0eSLtZo 'test(-1,6,' len=68 rcpt(97)
FMT0 persist at /var/zxid/bus/ch/default/7Lp_dNKGd2X5rvTLIle5nYejfno 'test(-1,6,' len=68 rcpt(98)
FMT0 persist at /var/zxid/bus/ch/default/_h1K3bAjOElDanDaT-yAE9hszQ4 'test(-1,6,' len=68 rcpt(99)
FMT0 persist at /var/zxid/bus/ch/default/LZT1EP94F3I1NzGqs282TmNtlNo 'test(-1,5,' len=70 rcpt(100)
FMT0 persist at /var/zxid/bus/ch/default/cSQlYF0fm-8kZWfOFuXxjQhy94E 'test(-1,5,' len=70 rcpt(101)
FMT0 persist at /var/zxid/bus/ch/default/meonGQF1u0WY13PWMNF4qPHfCTI 'test(-1,5,' len=70 rcpt(102)
FMT0 persist at /var/zxid/bus/ch/default/FTdGIcbA3LAG92MOx_Y7nr2AqsA 'test(-1,5,' len=70 rcpt(103)
FMT0 persist at /var/zxid/bus/ch/default/DIkWvqvezNzkYiwZPr5_rmTgTDQ 'test(-1,5,' len=70 rcpt(104)
FMT0 persist at /var/zxid/bus/ch/default/Fg9AesBS7ivwYhnGRe4aZw9Viuc 'test(-1,5,' len=70 rcpt(105)
FMT0 persist at /var/zxid/bus/ch/default/bNtzrYqJ7kOWVZgena59dlEpJec 'test(-1,5,' len=70 rcpt(106)
FMT0 persist at /var/zxid/bus/ch/default/Eb2IKFgFW-gJJegOM2jCv1-xE0E 'test(-1,5,' len=70 rcpt(107)
FMT0 persist at /var/zxid/bus/ch/default/8cg3W2phukvptJE64BdZfdp52js 'test(-1,5,' len=70 rcpt(108)
FMT0 persist at /var/zxid/bus/ch/default/V6HDTfum143issWLtf_Gyyl-uRQ 'test(-1,5,' len=70 rcpt(109)
FMT0 persist at /var/zxid/bus/ch/default/pzIrdf0SbaD5rch1M7GSLBXphTE 'test(-1,5,' len=70 rcpt(110)
FMT0 persist at /var/zxid/bus/ch/default/TOKjnCzX5Lb95AU2cV93MLDLQHc 'test(-1,5,' len=69 rcpt(111)
FMT0 persist at /var/zxid/bus/ch/default/NgrG590cMHwcgmp4w-N0f0k3NCA 'test(-1,5,' len=69 rcpt(112)
FMT0 persist at /var/zxid/bus/ch/default/BpCue7sH096euy0lv0Vx6hVOag8 'test(-1,5,' len=69 rcpt(113)
FMT0 persist at /var/zxid/bus/ch/default/wwlYzZrv-UUw7RdjclZao8OcElQ 'test(-1,5,' len=69 rcpt(114)
FMT0 persist at /var/zxid/bus/ch/default/ja8NTCvOcy8XJeFu1PTPYRRmyvM 'test(-1,5,' len=69 rcpt(115)
FMT0 persist at /var/zxid/bus/ch/default/gvYB68K9UvdZbFf_1CvYcM_0FM8 'test(-1,5,' len=69 rcpt(116)
FMT0 persist at /var/zxid/bus/ch/default/0BRxlK2XOL7INWxuqtlDRvf-MxU 'test(-1,5,' len=69 rcpt(117)
FMT0 persist at /var/zxid/bus/ch/default/Wdz9pmEJgLJ3qeVzjSkF3vnSGkU 'test(-1,5,' len=69 rcpt(118)
FMT0 persist at /var/zxid/bus/ch/default/dk4rTd0d9tV4O8VjZylIcFPkrTA 'test(-1,5,' len=69 rcpt(119)
FMT0 persist at /var/zxid/bus/ch/default/W4jwsMZtvg_KHi-5UaLsd7CCokM 'test(-1,4,' len=70 rcpt(120)
FMT0 persist at /var/zxid/bus/ch/default/4jsA2lmzBzsnfcUfy1WEkIP1Xds 'test(-1,4,' len=70 rcpt(121)
FMT0 persist at /var/zxid/bus/ch/default/dfhu_C-cIOPVYg2iKuDNDn6J_yc 'test(-1,4,' len=70 rcpt(122)
FMT0 persist at /var/zxid/bus/ch/default/00BT2_Ui9mySoOX4HfhQ7A791FQ 'test(-1,4,' len=70 rcpt(123)
FMT0 persist at /var/zxid/bus/ch/default/nYS1dwS7lRG0B2RcNysJu7R9Q-Y 'test(-1,4,' len=70 rcpt(124)
FMT0 persist at /var/zxid/bus/ch/default/2hpVFDB2N_MPpDq8IbGER9zPu2w 'test(-1,4,' len=70 rcpt(125)
FMT0 persist at /var/zxid/bus/ch/default/LlNSq2WQi0fhnI49VzqscChqZVE 'test(-1,4,' len=70 rcpt(126)
FMT0 persist at /var/zxid/bus/ch/default/05s9jpPPgH0LiSh9w-ANhBcG-nE 'test(-1,4,' len=70 rcpt(127)
FMT0 persist at /var/zxid/bus/ch/default/K3bx9IXC2oquSq9VlbSuYUmisjg 'test(-1,4,' len=70 rcpt(128)
FMT0 persist at /var/zxid/bus/ch/default/Y9X0Oy_HcQrgwp_nBU5uwF_c3Bk 'test(-1,4,' len=70 rcpt(129)
FMT0 persist at /var/zxid/bus/ch/default/CkHmm6L0Mq6HtlSaqdn6H3KgKfM 'test(-1,4,' len=70 rcpt(130)
FMT0 persist at /var/zxid/bus/ch/default/ypRElrPQCfkTXw2ycoKxS7M2cQI 'test(-1,4,' len=69 rcpt(131)
FMT0 persist at /var/zxid/bus/ch/default/ZChCd0S-jDPdsFb7OR1MVgXs-C8 'test(-1,4,' len=69 rcpt(132)
FMT0 persist at /var/zxid/bus/ch/default/m-zNStWwgl0hhQbjBO4D6mzupo4 'test(-1,4,' len=69 rcpt(133)
FMT0 persist at /var/zxid/bus/ch/default/TOdjKcaamSiB0VWhgnYiRYbuZpY 'test(-1,4,' len=69 rcpt(134)
FMT0 persist at /var/zxid/bus/ch/default/hTR5iwb2Cgxbhi_DuvCJrKCWzRw 'test(-1,4,' len=69 rcpt(135)
FMT0 persist at /var/zxid/bus/ch/default/ZjFUVxV5CgKaOB-BccuQb2NnzTs 'test(-1,4,' len=69 rcpt(136)
FMT0 persist at /var/zxid/bus/ch/default/IRdq7XcDuNkJgNaTKClWEwvrEYU 'test(-1,4,' len=69 rcpt(137)
FMT0 persist at /var/zxid/bus/ch/default/Mn4bloiCsyIeB_WkArjqfhUOF3U 'test(-1,4,' len=69 rcpt(138)
FMT0 persist at /var/zxid/bus/ch/default/29UZMYJ99BAV2GMYdcBR1H1bbq0 'test(-1,4,' len=69 rcpt(139)
FMT0 persist at /var/zxid/bus/ch/default/UscZJTTrin-zp6C2V1EKAF8LDDE 'test(-1,3,' len=70 rcpt(140)
FMT0 persist at /var/zxid/bus/ch/default/z4RwGDKCu7bW4DgX_5tCj5ujfl8 'test(-1,3,' len=70 rcpt(141)
FMT0 persist at /var/zxid/bus/ch/default/0YVwjtB4MJA0PgehcIetmfLm5FU 'test(-1,3,' len=70 rcpt(142)
FMT0 persist at /var/zxid/bus/ch/default/TuIok8dpIoNEAKT3NK7HoQKy8Kg 'test(-1,3,' len=70 rcpt(143)
FMT0 persist at /var/zxid/bus/ch/default/W1YVGDnVjrNuQHd6PigcP2VNGiY 'test(-1,3,' len=70 rcpt(144)
FMT0 persist at /var/zxid/bus/ch/default/0BQJWxTmBGsiobu3zkJthgxd4wc 'test(-1,3,' len=70 rcpt(145)
FMT0 persist at /var/zxid/bus/ch/default/JaQSZrLGBP6cGmuJ6jM84ll0CU0 'test(-1,3,' len=70 rcpt(146)
FMT0 persist at /var/zxid/bus/ch/default/Z_XTFjsBsMLJXzVFdfdiQVkNY5I 'test(-1,3,' len=70 rcpt(147)
FMT0 persist at /var/zxid/bus/ch/default/hX-XXtfwOQnVRhlcZlAHMPlflIg 'test(-1,3,' len=70 rcpt(148)
FMT0 persist at /var/zxid/bus/ch/default/foz3BSwKX_AT-Q1XA1GyAR0tp9Y 'test(-1,3,' len=70 rcpt(149)
FMT0 persist at /var/zxid/bus/ch/default/SX5XfEEhrNjSCXgCfuCSi-rTO0o 'test(-1,3,' len=70 rcpt(150)
FMT0 persist at /var/zxid/bus/ch/default/ivDpH6Z_HHQiAATEgQRnMao_vTM 'test(-1,3,' len=69 rcpt(151)
FMT0 persist at /var/zxid/bus/ch/default/8dNhtKMPKQvX2DONhuAXFKjc97I 'test(-1,3,' len=69 rcpt(152)
FMT0 persist at /var/zxid/bus/ch/default/cAkKE-eDkcF6m2PWemz3Gw1OuH4 'test(-1,3,' len=69 rcpt(153)
FMT0 persist at /var/zxid/bus/ch/default/EbfQNnlK3X3RzHXyKby3NJrtiM0 'test(-1,3,' len=69 rcpt(154)
FMT0 persist at /var/zxid/bus/ch/default/N190LEzSPIux9aBO_irUmYKFQQo 'test(-1,3,' len=69 rcpt(155)
FMT0 persist at /var/zxid/bus/ch/default/S62rHOsQOAYlglszGN3A5cXsawo 'test(-1,3,' len=69 rcpt(156)
FMT0 persist at /var/zxid/bus/ch/default/J_Veqb3jIiDbWVBWbyB3LWvX3pQ 'test(-1,3,' len=69 rcpt(157)
FMT0 persist at /var/zxid/bus/ch/default/n1gsTaQYo1QlAN0mHMvsNAN0r6s 'test(-1,3,' len=69 rcpt(158)
FMT0 persist at /var/zxid/bus/ch/default/2aPxi95SpiyL_heNGwpNFr8IepQ 'test(-1,3,' len=69 rcpt(159)
FMT0 persist at /var/zxid/bus/ch/default/IehJYGmI1JUiTdxeoSf5AUIpS1g 'test(-1,2,' len=70 rcpt(160)
FMT0 persist at /var/zxid/bus/ch/default/GXzJSX-aw2S5J3SILIV7oFY12Xw 'test(-1,2,' len=70 rcpt(161)
FMT0 persist at /var/zxid/bus/ch/default/OVITqqRDqsEgWLZWMtqh_b-A5H0 'test(-1,2,' len=70 rcpt(162)
FMT0 persist at /var/zxid/bus/ch/default/zmX4tm_h9f2Gs6j-nvAq79shCec 'test(-1,2,' len=70 rcpt(163)
FMT0 persist at /var/zxid/bus/ch/default/M4ZJtVs3OBLo97CH8Xcw6Y_CLLw 'test(-1,2,' len=70 rcpt(164)
FMT0 persist at /var/zxid/bus/ch/default/FNTx1LzxYaVxAclHQlCH7X-XvBg 'test(-1,2,' len=70 rcpt(165)
FMT0 persist at /var/zxid/bus/ch/default/LNIiGVuBPlRuAnk4UZN9Nvjzi4I 'test(-1,2,' len=70 rcpt(166)
FMT0 persist at /var/zxid/bus/ch/default/eVrAjlWfNeJ4TJE8vKPKn2bWEl8 'test(-1,2,' len=70 rcpt(167)
FMT0 persist at /var/zxid/bus/ch/default/UiwTfv7jGrH8vME3s5H35PVGFVc 'test(-1,2,' len=70 rcpt(168)
FMT0 persist at /var/zxid/bus/ch/default/9z41Y0nA6sQc4paSHpzS6mlKxi4 'test(-1,2,' len=70 rcpt(169)
FMT0 persist at /var/zxid/bus/ch/default/CJoEkOA5pKW_haDaVzfDM5JKfWw 'test(-1,2,' len=70 rcpt(170)
FMT0 persist at /var/zxid/bus/ch/default/qWz7fHkE3YnqQTEJcy4AIA5sKaY 'test(-1,2,' len=69 rcpt(171)
FMT0 persist at /var/zxid/bus/ch/default/olnYjB4PxChY-pglI3gtzbq-vJo 'test(-1,2,' len=69 rcpt(172)
FMT0 persist at /var/zxid/bus/ch/default/fLAkyZYPWt6KOQoeomP-vKGPVN0 'test(-1,2,' len=69 rcpt(173)
FMT0 persist at /var/zxid/bus/ch/default/ohDSEgSk6ryf5PHMmfQHJKq-PFI 'test(-1,2,' len=69 rcpt(174)
FMT0 persist at /var/zxid/bus/ch/default/fPJFRyMvU6g8K7Hw3TvkR2OtocM 'test(-1,2,' len=69 rcpt(175)
FMT0 persist at /var/zxid/bus/ch/default/GGfLl6j_InTy5ytbDVs2ujcDlZw 'test(-1,2,' len=69 rcpt(176)
FMT0 persist at /var/zxid/bus/ch/default/7YxW2VaB5DpDkAz5trwp3Ax3wZI 'test(-1,2,' len=69 rcpt(177)
FMT0 persist at /var/zxid/bus/ch/default/BR9Ph-SeirIURiHt-qVU_ZteJlY 'test(-1,2,' len=69 rcpt(178)
FMT0 persist at /var/zxid/bus/ch/default/CAabkvyFRx0BKllrR-vcVGY54Ms 'test(-1,2,' len=69 rcpt(179)
FMT0 persist at /var/zxid/bus/ch/default/5JZfNr46_6qI7vhecLqw_ILHG_0 'test(-1,1,' len=70 rcpt(180)
FMT0 persist at /var/zxid/bus/ch/default/SGwxQ_FdT3A6ik5tNKbC5mvnzgM 'test(-1,1,' len=70 rcpt(181)
FMT0 persist at /var/zxid/bus/ch/default/Ia_CFrw1-zoHcg7S5QxyCQx-SU4 'test(-1,1,' len=70 rcpt(182)
FMT0 persist at /var/zxid/bus/ch/default/0ZbZgCo4g0vu5h28Ek9gw7Ytdjs 'test(-1,1,' len=70 rcpt(183)
FMT0 persist at /var/zxid/bus/ch/default/w-eykZu45fM_XvjDBOYUSF2FZM4 'test(-1,1,' len=70 rcpt(184)
FMT0 persist at /var/zxid/bus/ch/default/JyX63XJwQM7UYJSP5I4pIR0VmZk 'test(-1,1,' len=70 rcpt(185)
FMT0 persist at /var/zxid/bus/ch/default/NSJPenF9FjogbKEJw6ca26PS_YQ 'test(-1,1,' len=70 rcpt(186)
FMT0 persist at /var/zxid/bus/ch/default/wDLZVz5CSdJSrcKVQyrWNFdeBoM 'test(-1,1,' len=70 rcpt(187)
FMT0 persist at /var/zxid/bus/ch/default/81PyqnAeb_IbFBYE1OmhR657z8Y 'test(-1,1,' len=70 rcpt(188)
FMT0 persist at /var/zxid/bus/ch/default/5aMsniqYhZ3BaaGpzAx4KIsoMf0 'test(-1,1,' len=70 rcpt(189)
FMT0 persist at /var/zxid/bus/ch/default/DWbJHkKz6WiSupYaA3tL1rHHVrI 'test(-1,1,' len=70 rcpt(190)
FMT0 persist at /var/zxid/bus/ch/default/_QstI9txTGoLfzRpuSJMjECdseo 'test(-1,1,' len=69 rcpt(191)
FMT0 persist at /var/zxid/bus/ch/default/lkDhTw_AmwroUMna8wJmuPpPRco 'test(-1,1,' len=69 rcpt(192)
FMT0 persist at /var/zxid/bus/ch/default/eSJEWgmOM7T_qutlQzr2gNBviEc 'test(-1,1,' len=69 rcpt(193)
FMT0 persist at /var/zxid/bus/ch/default/zkm-zt2jLxp1Qm27FLBXXk1q5J8 'test(-1,1,' len=69 rcpt(194)
FMT0 persist at /var/zxid/bus/ch/default/60La3iNyMut5ik_JXt13n5LBDV0 'test(-1,1,' len=69 rcpt(195)
FMT0 persist at /var/zxid/bus/ch/default/Mimck2fMjz8BkutqZvW_8NPAm70 'test(-1,1,' len=69 rcpt(196)
FMT0 persist at /var/zxid/bus/ch/default/-mGfiZRtzEvudDjZueFqgkmWPDs 'test(-1,1,' len=69 rcpt(197)
FMT0 persist at /var/zxid/bus/ch/default/TK4nD0AlE09MVKvIziTJsooAlxQ 'test(-1,1,' len=69 rcpt(198)
FMT0 persist at /var/zxid/bus/ch/default/Vh27nmUo7GROgR2smUSy5U4yWnw 'test(-1,1,' len=69 rcpt(199)
FMT0 persist at /var/zxid/bus/ch/default/bjZtT6SuxzOFHc1GLnoFdMdSbm0 'F' len=55 rcpt(0)
shf_0x9f06400  // max_ios=1000
-> io_0x110620
  io_0x110620 -> pdu_0x85eb98 [label=cur_pdu]; // fd=0x6
  io_0x110620 -> null [label=reqs];
  io_0x110620 -> null [label=pending];
  io_0x110620 -> null [label=to_write_produce];
  io_0x110620 -> null [label=to_write_consume];  // n_to_write=0
  io_0x110620 -> null [label=in_write];
-> io_0x110c38
  io_0x110c38 -> pdu_0xe65758 [label=cur_pdu]; // fd=0xc
  io_0x110c38 -> null [label=reqs];
  io_0x110c38 -> null [label=pending];
  io_0x110c38 -> null [label=to_write_produce];
  io_0x110c38 -> null [label=to_write_consume];  // n_to_write=0
  io_0x110c38 -> null [label=in_write];
-> io_0x126ba0
  io_0x126ba0 -> pdu_0xe60bc8 [label=cur_pdu]; // fd=0x166
  io_0x126ba0  // reqs
    -> pdu_0xe3e1a8  // (ZXCT)
    pdu_0xe3e1a8 -> null [label=reals];
    pdu_0xe3e1a8 -> null [label=synths];
    pdu_0xe3e1a8 -> null [label=subresps];
[label=reqs];
  io_0x126ba0 -> null [label=pending];
[label=pending];
  io_0x126ba0 -> null [label=to_write_produce];
  io_0x126ba0 -> null [label=to_write_consume];  // n_to_write=0
  io_0x126ba0 -> null [label=in_write];
[label=ios];
shf_0x9f06400 -> null [label=todo_consume];
shf_0x9f06400   // free_pdus (color=4)
-> pdu_0xe663f0 -> pdu_0xe67088 -> pdu_0xe67d20 -> pdu_0xe689b8 -> pdu_0xe69650 -> pdu_0xe6a2e8 -> pdu_0xe6af80 -> pdu_0xe6bc18 -> pdu_0xe6c8b0 -> pdu_0xe6d548 -> pdu_0xe6e1e0 -> pdu_0xe6ee78 -> pdu_0xe6fb10 -> pdu_0xe707a8 -> pdu_0xe71440 -> pdu_0xe720d8 -> pdu_0xe72d70 -> pdu_0xe73a08 -> pdu_0xe746a0 -> pdu_0xe75338 -> pdu_0xe75fd0 -> pdu_0xe76c68 -> pdu_0xe77900 -> pdu_0xe78598 -> pdu_0xe79230 -> pdu_0xe79ec8 -> pdu_0xe7ab60 -> pdu_0xe7b7f8 -> pdu_0xe7c490 -> pdu_0xe7d128 -> pdu_0xe7ddc0 -> pdu_0xe7ea58 -> pdu_0xe7f6f0 -> pdu_0xe80388 -> pdu_0xe81020 -> pdu_0xe81cb8 -> pdu_0xe82950 -> pdu_0xe835e8 -> pdu_0xe84280 -> pdu_0xe84f18 -> pdu_0xe85bb0 -> pdu_0xe86848 -> pdu_0xe874e0 -> pdu_0xe88178 -> pdu_0xe88e10 -> pdu_0xe89aa8 -> pdu_0xe8a740 -> pdu_0xe8b3d8 -> pdu_0xe8c070 -> pdu_0xe8cd08 -> pdu_0xe8d9a0 -> pdu_0xe8e638 -> pdu_0xe8f2d0 -> pdu_0xe8ff68 -> pdu_0xe90c00 -> pdu_0xe91898 -> pdu_0xe92530 -> pdu_0xe931c8 -> pdu_0xe93e60 -> pdu_0xe94af8 -> pdu_0xe95790 -> pdu_0xe96428 -> pdu_0xe970c0 -> pdu_0xe97d58 -> pdu_0xe989f0 -> pdu_0xe99688 -> pdu_0xe9a320 -> pdu_0xe9afb8 -> pdu_0xe9bc50 -> pdu_0xe9c8e8 -> pdu_0xe9d580 -> pdu_0xe9e218 -> pdu_0xe9eeb0 -> pdu_0xe9fb48 -> pdu_0xea07e0 -> pdu_0xea1478 -> pdu_0xea2110 -> pdu_0xea2da8 -> pdu_0xea3a40 -> pdu_0xea46d8 -> pdu_0xea5370 -> pdu_0xea6008 -> pdu_0xea6ca0 -> pdu_0xea7938 -> pdu_0xea85d0 -> pdu_0xea9268 -> pdu_0xea9f00 -> pdu_0xeaab98 -> pdu_0xeab830 -> pdu_0xeac4c8 -> pdu_0xead160 -> pdu_0xeaddf8 -> pdu_0xeaea90 -> pdu_0xeaf728 -> pdu_0xeb03c0 -> pdu_0xeb1058 -> pdu_0xeb1cf0 -> pdu_0xeb2988 -> pdu_0xeb3620 -> pdu_0xeb42b8 -> pdu_0xeb4f50 -> pdu_0xeb5be8 -> pdu_0xeb6880 -> pdu_0xeb7518 -> pdu_0xeb81b0 -> pdu_0xeb8e48 -> pdu_0xeb9ae0 -> pdu_0xeba778 -> pdu_0xebb410 -> pdu_0xebc0a8 -> pdu_0xebcd40 -> pdu_0xebd9d8 -> pdu_0xebe670 -> pdu_0xebf308 -> pdu_0xebffa0 -> pdu_0xec0c38 -> pdu_0xec18d0 -> pdu_0xec2568 -> pdu_0xec3200 -> pdu_0xec3e98 -> pdu_0xec4b30 -> pdu_0xec57c8 -> pdu_0xec6460 -> pdu_0xec70f8 -> pdu_0xec7d90 -> pdu_0xec8a28 -> pdu_0xec96c0 -> pdu_0xeca358 -> pdu_0xecaff0 -> pdu_0xecbc88 -> pdu_0xecc920 -> pdu_0xecd5b8 -> pdu_0xece250 -> pdu_0xeceee8 -> pdu_0xecfb80 -> pdu_0xed0818 -> pdu_0xed14b0 -> pdu_0xed2148 -> pdu_0xed2de0 -> pdu_0xed3a78 -> pdu_0xed4710 -> pdu_0xed53a8 -> pdu_0xed6040 -> pdu_0xed6cd8 -> pdu_0xed7970 -> pdu_0xed8608 -> pdu_0xed92a0 -> pdu_0xed9f38 -> pdu_0xedabd0 -> pdu_0xedb868 -> pdu_0xedc500 -> pdu_0xedd198 -> pdu_0xedde30 -> pdu_0xedeac8 -> pdu_0xedf760 -> pdu_0xee03f8 -> pdu_0xee1090 -> pdu_0xee1d28 -> pdu_0xee29c0 -> pdu_0xee3658 -> pdu_0xee42f0 -> pdu_0xee4f88 -> pdu_0xee5c20 -> pdu_0xee68b8 -> pdu_0xee7550 -> pdu_0xee81e8 -> pdu_0xee8e80 -> pdu_0xee9b18 -> pdu_0xeea7b0 -> pdu_0xeeb448 -> pdu_0xeec0e0 -> pdu_0xeecd78 -> pdu_0xeeda10 -> pdu_0xeee6a8 -> pdu_0xeef340 -> pdu_0xeeffd8 -> pdu_0xef0c70 -> pdu_0xef1908 -> pdu_0xef25a0 -> pdu_0xef3238 -> pdu_0xef3ed0 -> pdu_0xef4b68 -> pdu_0xef5800 -> pdu_0xef6498 -> pdu_0xef7130 -> pdu_0xef7dc8 -> pdu_0xef8a60 -> pdu_0xef96f8 -> pdu_0xefa390 -> pdu_0xefb028 -> pdu_0xefbcc0 -> pdu_0xefc958 -> pdu_0xefd5f0 -> pdu_0xefe288 -> pdu_0xefef20 -> pdu_0xeffbb8 -> pdu_0xf00850 -> pdu_0xf014e8 -> pdu_0xf02180 -> pdu_0xf02e18 -> pdu_0xf03ab0 -> pdu_0xf04748 -> pdu_0xf053e0 -> pdu_0xf06078 -> pdu_0xf06d10 -> pdu_0xf079a8 -> pdu_0xf08640 -> pdu_0xf092d8 -> pdu_0xf09f70 -> pdu_0xf0ac08 -> pdu_0xf0b8a0 -> pdu_0xf0c538 -> pdu_0xf0d1d0 -> pdu_0xf0de68 -> pdu_0xf0eb00 -> pdu_0xf0f798 -> pdu_0xf10430 -> pdu_0xf110c8 -> pdu_0xf11d60 -> pdu_0xf129f8 -> pdu_0xf13690 -> pdu_0xf14328 -> pdu_0xf14fc0 -> pdu_0xf15c58 -> pdu_0xf168f0 -> pdu_0xf17588 -> pdu_0xf18220 -> pdu_0xf18eb8 -> pdu_0xf19b50 -> pdu_0xf1a7e8 -> pdu_0xf1b480 -> pdu_0xf1c118 -> pdu_0xf1cdb0 -> pdu_0xf1da48 -> pdu_0xf1e6e0 -> pdu_0xf1f378 -> pdu_0xf20010 -> pdu_0xf20ca8 -> pdu_0xf21940 -> pdu_0xf225d8 -> pdu_0xf23270 -> pdu_0xf23f08 -> pdu_0xf24ba0 -> pdu_0xf25838 -> pdu_0xf264d0 -> pdu_0xf27168 -> pdu_0xf27e00 -> pdu_0xf28a98 -> pdu_0xf29730 -> pdu_0xf2a3c8 -> pdu_0xf2b060 -> pdu_0xf2bcf8 -> pdu_0xf2c990 -> pdu_0xf2d628 -> pdu_0xf2e2c0 -> pdu_0xf2ef58 -> pdu_0xf2fbf0 -> pdu_0xf30888 -> pdu_0xf31520 -> pdu_0xf321b8 -> pdu_0xf32e50 -> pdu_0xf33ae8 -> pdu_0xf34780 -> pdu_0xf35418 -> pdu_0xf360b0 -> pdu_0xf36d48 -> pdu_0xf379e0 -> pdu_0xf38678 -> pdu_0xf39310 -> pdu_0xf39fa8 -> pdu_0xf3ac40 -> pdu_0xf3b8d8 -> pdu_0xf3c570 -> pdu_0xf3d208 -> pdu_0xf3dea0 -> pdu_0xf3eb38 -> pdu_0xf3f7d0 -> pdu_0xf40468 -> pdu_0xf41100 -> pdu_0xf41d98 -> pdu_0xf42a30 -> pdu_0xf436c8 -> pdu_0xf44360 -> pdu_0xf44ff8 -> pdu_0xf45c90 -> pdu_0xf46928 -> pdu_0xf475c0 -> pdu_0xf48258 -> pdu_0xf48ef0 -> pdu_0xf49b88 -> pdu_0xf4a820 -> pdu_0xf4b4b8 -> pdu_0xf4c150 -> pdu_0xf4cde8 -> pdu_0xf4da80 -> pdu_0xf4e718 -> pdu_0xf4f3b0 -> pdu_0xf50048 -> pdu_0xf50ce0 -> pdu_0xf51978 -> pdu_0xf52610 -> pdu_0xf532a8 -> pdu_0xf53f40 -> pdu_0xf54bd8 -> pdu_0xf55870 -> pdu_0xf56508 -> pdu_0xf571a0 -> pdu_0xf57e38 -> pdu_0xf58ad0 -> pdu_0xf59768 -> pdu_0xf5a400 -> pdu_0xf5b098 -> pdu_0xf5bd30 -> pdu_0xf5c9c8 -> pdu_0xf5d660 -> pdu_0xf5e2f8 -> pdu_0xf5ef90 -> pdu_0xf5fc28 -> pdu_0xf608c0 -> pdu_0xf61558 -> pdu_0xf621f0 -> pdu_0xf62e88 -> pdu_0xf63b20 -> pdu_0xf647b8 -> pdu_0xf65450 -> pdu_0xf660e8 -> pdu_0xf66d80 -> pdu_0xf67a18 -> pdu_0xf686b0 -> pdu_0xf69348 -> pdu_0xf69fe0 -> pdu_0xf6ac78 -> pdu_0xf6b910 -> pdu_0xf6c5a8 -> pdu_0xf6d240 -> pdu_0xf6ded8 -> pdu_0xf6eb70 -> pdu_0xf6f808 -> pdu_0xf704a0 -> pdu_0xf71138 -> pdu_0xf71dd0 -> pdu_0xf72a68 -> pdu_0xf73700 -> pdu_0xf74398 -> pdu_0xf75030 -> pdu_0xf75cc8 -> pdu_0xf76960 -> pdu_0xf775f8 -> pdu_0xf78290 -> pdu_0xf78f28 -> pdu_0xf79bc0 -> pdu_0xf7a858 -> pdu_0xf7b4f0 -> pdu_0xf7c188 -> pdu_0xf7ce20 -> pdu_0xf7dab8 -> pdu_0xf7e750 -> pdu_0xf7f3e8 -> pdu_0xf80080 -> pdu_0xf80d18 -> pdu_0xf819b0 -> pdu_0xf82648 -> pdu_0xf832e0 -> pdu_0xf83f78 -> pdu_0xf84c10 -> pdu_0xf858a8 -> pdu_0xf86540 -> pdu_0xf871d8 -> pdu_0xf87e70 -> pdu_0xf88b08 -> pdu_0xf897a0 -> pdu_0xf8a438 -> pdu_0xf8b0d0 -> pdu_0xf8bd68 -> pdu_0xf8ca00 -> pdu_0xf8d698 -> pdu_0xf8e330 -> pdu_0xf8efc8 -> pdu_0xf8fc60 -> pdu_0xf908f8 -> pdu_0xf91590 -> pdu_0xf92228 -> pdu_0xf92ec0 -> pdu_0xf93b58 -> pdu_0xf947f0 -> pdu_0xf95488 -> pdu_0xf96120 -> pdu_0xf96db8 -> pdu_0xf97a50 -> pdu_0xf986e8 -> pdu_0xf99380 -> pdu_0xf9a018 -> pdu_0xf9acb0 -> pdu_0xf9b948 -> pdu_0xf9c5e0 -> pdu_0xf9d278 -> pdu_0xf9df10 -> pdu_0xf9eba8 -> pdu_0xf9f840 -> pdu_0xfa04d8 -> pdu_0xfa1170 -> pdu_0xfa1e08 -> pdu_0xfa2aa0 -> pdu_0xfa3738 -> pdu_0xfa43d0 -> pdu_0xfa5068 -> pdu_0xfa5d00 -> pdu_0xfa6998 -> pdu_0xfa7630 -> pdu_0xfa82c8 -> pdu_0xfa8f60 -> pdu_0xfa9bf8 -> pdu_0xfaa890 -> pdu_0xfab528 -> pdu_0xfac1c0 -> pdu_0xface58 -> pdu_0xfadaf0 -> pdu_0xfae788 -> pdu_0xfaf420 -> pdu_0xfb00b8 -> pdu_0xfb0d50 -> pdu_0xfb19e8 -> pdu_0xfb2680 -> pdu_0xfb3318 -> pdu_0xfb3fb0 -> pdu_0xfb4c48 -> pdu_0xfb58e0 -> pdu_0xfb6578 -> pdu_0xfb7210 -> pdu_0xfb7ea8 -> pdu_0xfb8b40 -> pdu_0xfb97d8 -> pdu_0xfba470 -> pdu_0xfbb108 -> pdu_0xfbbda0 -> pdu_0xfbca38 -> pdu_0xfbd6d0 -> pdu_0xfbe368 -> pdu_0xfbf000 -> pdu_0xfbfc98 -> pdu_0xfc0930 -> pdu_0xfc15c8 -> pdu_0xfc2260 -> pdu_0xfc2ef8 -> pdu_0xfc3b90 -> pdu_0xfc4828 -> pdu_0xfc54c0 -> pdu_0xfc6158 -> pdu_0xfc6df0 -> pdu_0xfc7a88 -> pdu_0xfc8720 -> pdu_0xfc93b8 -> pdu_0xfca050 -> pdu_0xfcace8 -> pdu_0xfcb980 -> pdu_0xfcc618 -> pdu_0xfcd2b0 -> pdu_0xfcdf48 -> pdu_0xfcebe0 -> pdu_0xfcf878 -> pdu_0xfd0510 -> pdu_0xfd11a8 -> pdu_0xfd1e40 -> pdu_0xfd2ad8 -> pdu_0xfd3770 -> pdu_0xfd4408 -> pdu_0xfd50a0 -> pdu_0xfd5d38 -> pdu_0xfd69d0 -> pdu_0xfd7668 -> pdu_0xfd8300 -> pdu_0xfd8f98 -> pdu_0xfd9c30 -> pdu_0xfda8c8 -> pdu_0xfdb560 -> pdu_0xfdc1f8 -> pdu_0xfdce90 -> pdu_0xfddb28 -> pdu_0xfde7c0 -> pdu_0xfdf458 -> pdu_0xfe00f0 -> pdu_0xfe0d88 -> pdu_0xfe1a20 -> pdu_0xfe26b8 -> pdu_0xfe3350 -> pdu_0xfe3fe8 -> pdu_0xfe4c80 -> pdu_0xfe5918 -> pdu_0xfe65b0 -> pdu_0xfe7248 -> pdu_0xfe7ee0 -> pdu_0xfe8b78 -> pdu_0xfe9810 -> pdu_0xfea4a8 -> pdu_0xfeb140 -> pdu_0xfebdd8 -> pdu_0xfeca70 -> pdu_0xfed708 -> pdu_0xfee3a0 -> pdu_0xfef038 -> pdu_0xfefcd0 -> pdu_0xff0968 -> pdu_0xff1600 -> pdu_0xff2298 -> pdu_0xff2f30 -> pdu_0xff3bc8 -> pdu_0xff4860 -> pdu_0xff54f8 -> pdu_0xff6190 -> pdu_0xff6e28 -> pdu_0xff7ac0 -> pdu_0xff8758 -> pdu_0xff93f0 -> pdu_0xffa088 -> pdu_0xffad20 -> pdu_0xffb9b8 -> pdu_0xffc650 -> pdu_0xffd2e8 -> pdu_0xffdf80 -> pdu_0xffec18 -> pdu_0xfff8b0 -> pdu_0x1000548 -> pdu_0x10011e0 -> pdu_0x1001e78 -> pdu_0x1002b10 -> pdu_0x10037a8 -> pdu_0x1004440 -> pdu_0x10050d8 -> pdu_0x1005d70 -> pdu_0x1006a08 -> pdu_0x10076a0 -> pdu_0x1008338 -> pdu_0x1008fd0 -> pdu_0x1009c68 -> pdu_0x100a900 -> pdu_0x100b598 -> pdu_0x100c230 -> pdu_0x100cec8 -> pdu_0x100db60 -> pdu_0x100e7f8 -> pdu_0x100f490 -> pdu_0x1010128 -> pdu_0x1010dc0 -> pdu_0x1011a58 -> pdu_0x10126f0 -> pdu_0x1013388 -> pdu_0x1014020 -> pdu_0x1014cb8 -> pdu_0x1015950 -> pdu_0x10165e8 -> pdu_0x1017280 -> pdu_0x1017f18 -> pdu_0x1018bb0 -> pdu_0x1019848 -> pdu_0x101a4e0 -> pdu_0x101b178 -> pdu_0x101be10 -> pdu_0x101caa8 -> pdu_0x101d740 -> pdu_0x101e3d8 -> pdu_0x101f070 -> pdu_0x101fd08 -> pdu_0x10209a0 -> pdu_0x1021638 -> pdu_0x10222d0 -> pdu_0x1022f68 -> pdu_0x1023c00 -> pdu_0x1024898 -> pdu_0x1025530 -> pdu_0x10261c8 -> pdu_0x1026e60 -> pdu_0x1027af8 -> pdu_0x1028790 -> pdu_0x1029428 -> pdu_0x102a0c0 -> pdu_0x102ad58 -> pdu_0x102b9f0 -> pdu_0x102c688 -> pdu_0x102d320 -> pdu_0x102dfb8 -> pdu_0x102ec50 -> pdu_0x102f8e8 -> pdu_0x1030580 -> pdu_0x1031218 -> pdu_0x1031eb0 -> pdu_0x1032b48 -> pdu_0x10337e0 -> pdu_0x1034478 -> pdu_0x1035110 -> pdu_0x1035da8 -> pdu_0x1036a40 -> pdu_0x10376d8 -> pdu_0x1038370 -> pdu_0x1039008 -> pdu_0x1039ca0 -> pdu_0x103a938 -> pdu_0x103b5d0 -> pdu_0x103c268 -> pdu_0x103cf00 -> pdu_0x103db98 -> pdu_0x103e830 -> pdu_0x103f4c8 -> pdu_0x1040160 -> pdu_0x1040df8 -> pdu_0x1041a90 -> pdu_0x1042728 -> pdu_0x10433c0 -> pdu_0x1044058 -> pdu_0x1044cf0 -> pdu_0x1045988 -> pdu_0x1046620 -> pdu_0x10472b8 -> pdu_0x1047f50 -> pdu_0x1048be8 -> pdu_0x1049880 -> pdu_0x104a518 -> pdu_0x104b1b0 -> pdu_0x104be48 -> pdu_0x104cae0 -> pdu_0x104d778 -> pdu_0x104e410 -> pdu_0x104f0a8 -> pdu_0x104fd40 -> pdu_0x10509d8 -> pdu_0x1051670 -> pdu_0x1052308 -> pdu_0x1052fa0 -> pdu_0x1053c38 -> pdu_0x10548d0 -> pdu_0x1055568 -> pdu_0x1056200 -> pdu_0x1056e98 -> pdu_0x1057b30 -> pdu_0x10587c8 -> pdu_0x1059460 -> pdu_0x105a0f8 -> pdu_0x105ad90 -> pdu_0x105ba28 -> pdu_0x105c6c0 -> pdu_0x105d358 -> pdu_0x105dff0 -> pdu_0x105ec88 -> pdu_0x105f920 -> pdu_0x10605b8 -> pdu_0x1061250 -> pdu_0x1061ee8 -> pdu_0x1062b80 -> pdu_0x1063818 -> pdu_0x10644b0 -> pdu_0x1065148 -> pdu_0x1065de0 -> pdu_0x1066a78 -> pdu_0x1067710 -> pdu_0x10683a8 -> pdu_0x1069040 -> pdu_0x1069cd8 -> pdu_0x106a970 -> pdu_0x106b608 -> pdu_0x106c2a0 -> pdu_0x106cf38 -> pdu_0x106dbd0 -> pdu_0x106e868 -> pdu_0x106f500 -> pdu_0x1070198 -> pdu_0x1070e30 -> pdu_0x1071ac8 -> pdu_0x1072760 -> pdu_0x10733f8 -> pdu_0x1074090 -> pdu_0x1074d28 -> pdu_0x10759c0 -> pdu_0x1076658 -> pdu_0x10772f0 -> pdu_0x1077f88 -> pdu_0x1078c20 -> pdu_0x10798b8 -> pdu_0x107a550 -> pdu_0x107b1e8 -> pdu_0x107be80 -> pdu_0x107cb18 -> pdu_0x107d7b0 -> pdu_0x107e448 -> pdu_0x107f0e0 -> pdu_0x107fd78 -> pdu_0x1080a10 -> pdu_0x10816a8 -> pdu_0x1082340 -> pdu_0x1082fd8 -> pdu_0x1083c70 -> pdu_0x1084908 -> pdu_0x10855a0 -> pdu_0x1086238 -> pdu_0x1086ed0 -> pdu_0x1087b68 -> pdu_0x1088800 -> pdu_0x1089498 -> pdu_0x108a130 -> pdu_0x108adc8 -> pdu_0x108ba60 -> pdu_0x108c6f8 -> pdu_0x108d390 -> pdu_0x108e028 -> pdu_0x108ecc0 -> pdu_0x108f958 -> pdu_0x10905f0 -> pdu_0x1091288 -> pdu_0x1091f20 -> pdu_0x1092bb8 -> pdu_0x1093850 -> pdu_0x10944e8 -> pdu_0x1095180 -> pdu_0x1095e18 -> pdu_0x1096ab0 -> pdu_0x1097748 -> pdu_0x10983e0 -> pdu_0x1099078 -> pdu_0x1099d10 -> pdu_0x109a9a8 -> pdu_0x109b640 -> pdu_0x109c2d8 -> pdu_0x109cf70 -> pdu_0x109dc08 -> pdu_0x109e8a0 -> pdu_0x109f538 -> pdu_0x10a01d0 -> pdu_0x10a0e68 -> pdu_0x10a1b00 -> pdu_0x10a2798 -> pdu_0x10a3430 -> pdu_0x10a40c8 -> pdu_0x10a4d60 -> pdu_0x10a59f8 -> pdu_0x10a6690 -> pdu_0x10a7328 -> pdu_0x10a7fc0 -> pdu_0x10a8c58 -> pdu_0x10a98f0 -> pdu_0x10aa588 -> pdu_0x10ab220 -> pdu_0x10abeb8 -> pdu_0x10acb50 -> pdu_0x10ad7e8 -> pdu_0x10ae480 -> pdu_0x10af118 -> pdu_0x10afdb0 -> pdu_0x10b0a48 -> pdu_0x10b16e0 -> pdu_0x10b2378 -> pdu_0x10b3010 -> pdu_0x10b3ca8 -> pdu_0x10b4940 -> pdu_0x10b55d8 -> pdu_0x10b6270 -> pdu_0x10b6f08 -> pdu_0x10b7ba0 -> pdu_0x10b8838 -> pdu_0x10b94d0 -> pdu_0x10ba168 -> pdu_0x10bae00 -> pdu_0x10bba98 -> pdu_0x10bc730 -> pdu_0x10bd3c8 -> pdu_0x10be060 -> pdu_0x10becf8 -> pdu_0x10bf990 -> pdu_0x10c0628 -> pdu_0x10c12c0 -> pdu_0x10c1f58 -> pdu_0x10c2bf0 -> pdu_0x10c3888 -> pdu_0x10c4520 -> pdu_0x10c51b8 -> pdu_0x10c5e50 -> pdu_0x10c6ae8 -> pdu_0x10c7780 -> pdu_0x10c8418 -> pdu_0x10c90b0 -> pdu_0x10c9d48 -> pdu_0x10ca9e0 -> pdu_0x10cb678 -> pdu_0x10cc310 -> pdu_0x10ccfa8 -> pdu_0x10cdc40 -> pdu_0x10ce8d8 -> pdu_0x10cf570 -> pdu_0x10d0208 -> pdu_0x10d0ea0 -> pdu_0x10d1b38 -> pdu_0x10d27d0 -> pdu_0x10d3468 -> pdu_0x10d4100 -> pdu_0x10d4d98 -> pdu_0x10d5a30 -> pdu_0x10d66c8 -> pdu_0x10d7360 -> pdu_0x10d7ff8 -> pdu_0x10d8c90 -> pdu_0x10d9928 -> pdu_0x10da5c0 -> pdu_0x10db258 -> pdu_0x10dbef0 -> pdu_0x10dcb88 -> pdu_0x10dd820 -> pdu_0x10de4b8 -> pdu_0x10df150 -> pdu_0x10dfde8 -> pdu_0x10e0a80 -> pdu_0x10e1718 -> pdu_0x10e23b0 -> pdu_0x10e3048 -> pdu_0x10e3ce0 -> pdu_0x10e4978 -> pdu_0x10e5610 -> pdu_0x10e62a8 -> pdu_0x10e6f40 -> pdu_0x10e7bd8 -> pdu_0x10e8870 -> pdu_0x10e9508 -> pdu_0x10ea1a0 -> pdu_0x10eae38 -> pdu_0x10ebad0 -> pdu_0x10ec768 -> pdu_0x10ed400 -> pdu_0x10ee098 -> pdu_0x10eed30 -> pdu_0x10ef9c8 -> pdu_0x10f0660 -> pdu_0x10f12f8 -> pdu_0x10f1f90 -> pdu_0x10f2c28 -> pdu_0x10f38c0 -> pdu_0x10f4558 -> pdu_0x10f51f0 -> pdu_0x10f5e88 -> pdu_0x10f6b20 -> pdu_0x10f77b8 -> pdu_0x10f8450 -> pdu_0x10f90e8 -> pdu_0x10f9d80 -> pdu_0x10faa18 -> pdu_0x10fb6b0 -> pdu_0x10fc348 -> pdu_0x10fcfe0 -> pdu_0x10fdc78 -> pdu_0x10fe910 -> pdu_0x10ff5a8 -> pdu_0x1100240 -> pdu_0x1100ed8 -> pdu_0x1101b70 -> pdu_0x1102808 -> pdu_0x11034a0 -> pdu_0x1104138 -> pdu_0x1104dd0 -> pdu_0x1105a68 -> pdu_0x1106700 -> pdu_0x1107398 -> pdu_0x1108030 -> pdu_0x1108cc8 -> pdu_0x1109960 -> pdu_0x110a5f8 -> pdu_0x110b290 -> pdu_0x110bf28 -> pdu_0x110cbc0 -> pdu_0x110d858 -> pdu_0x110e4f0 -> pdu_0x110f188 -> pdu_0x110fe20 -> pdu_0x1110ab8 -> pdu_0x1111750 -> pdu_0x11123e8 -> pdu_0x1113080 -> pdu_0x1113d18 -> pdu_0x11149b0 -> pdu_0x1115648 -> pdu_0x11162e0 -> pdu_0x1116f78 -> pdu_0x1117c10 -> pdu_0x11188a8 -> pdu_0x1119540 -> pdu_0x111a1d8 -> pdu_0x111ae70 -> pdu_0x111bb08 -> pdu_0x111c7a0 -> pdu_0x111d438 -> pdu_0x111e0d0 -> pdu_0x111ed68 -> pdu_0x111fa00 -> pdu_0x1120698 -> pdu_0x1121330 -> pdu_0x1121fc8 -> pdu_0x1122c60 -> pdu_0x11238f8 -> pdu_0x1124590 -> pdu_0x1125228 -> pdu_0x1125ec0 -> pdu_0x1126b58 -> pdu_0x11277f0 -> pdu_0x1128488 -> pdu_0x1129120 -> pdu_0x1129db8 -> pdu_0x112aa50 -> pdu_0x112b6e8 -> pdu_0x112c380 -> pdu_0x112d018 -> pdu_0x112dcb0 -> pdu_0x112e948 -> pdu_0x112f5e0 -> pdu_0x1130278 -> pdu_0x1130f10 -> pdu_0x1131ba8 -> pdu_0x1132840 -> pdu_0x11334d8 -> pdu_0x1134170 -> pdu_0x1134e08 -> pdu_0x1135aa0 -> pdu_0x1136738 -> pdu_0x11373d0 -> pdu_0x1138068 -> pdu_0x1138d00 -> pdu_0x1139998 -> pdu_0x113a630 -> pdu_0x113b2c8 -> pdu_0x113bf60 -> pdu_0x113cbf8 -> pdu_0x113d890 -> pdu_0x113e528 -> pdu_0x113f1c0 -> pdu_0x113fe58 -> pdu_0x1140af0 -> pdu_0x1141788 -> pdu_0x1142420 -> pdu_0x11430b8 -> pdu_0x1143d50 -> pdu_0x11449e8 -> pdu_0x1145680 -> pdu_0x1146318 -> pdu_0x1146fb0 -> pdu_0x1147c48 -> pdu_0x11488e0 -> pdu_0x1149578 -> pdu_0x114a210 -> pdu_0x114aea8 -> pdu_0x114bb40 -> pdu_0x114c7d8 -> pdu_0x114d470 -> pdu_0x114e108 -> pdu_0x114eda0 -> pdu_0x114fa38 -> pdu_0x11506d0 -> pdu_0x1151368 -> pdu_0x1152000 -> pdu_0x1152c98 -> pdu_0x1153930 -> pdu_0x11545c8 -> pdu_0x1155260 -> pdu_0x1155ef8 -> pdu_0x1156b90 -> pdu_0x1157828 -> pdu_0x11584c0 -> pdu_0x1159158 -> pdu_0x1159df0 -> pdu_0x115aa88 -> pdu_0x115b720 -> pdu_0x115c3b8 -> pdu_0x115d050 -> pdu_0x115dce8 -> pdu_0x115e980 -> pdu_0x115f618 -> pdu_0x11602b0 -> pdu_0x1160f48 -> pdu_0x1161be0 -> pdu_0x1162878 -> pdu_0x1163510 -> pdu_0x11641a8 -> pdu_0x1164e40 -> pdu_0x1165ad8 -> pdu_0x1166770 -> pdu_0x1167408 -> pdu_0x11680a0 -> pdu_0x1168d38 -> pdu_0x11699d0 -> pdu_0x116a668 -> pdu_0x116b300 -> pdu_0x116bf98 -> pdu_0x116cc30 -> pdu_0x116d8c8 -> pdu_0x116e560 -> pdu_0x116f1f8 -> pdu_0x116fe90 -> pdu_0x1170b28 -> pdu_0x11717c0 -> pdu_0x1172458 -> pdu_0x11730f0 -> pdu_0x1173d88 -> pdu_0x1174a20 -> pdu_0x11756b8 -> pdu_0x1176350 -> pdu_0x1176fe8 -> pdu_0x1177c80 -> pdu_0x1178918 -> pdu_0x11795b0 -> pdu_0x117a248 -> pdu_0x117aee0 -> pdu_0x117bb78 -> pdu_0x117c810 -> pdu_0x117d4a8 -> pdu_0x117e140 -> pdu_0x117edd8 -> pdu_0x117fa70 -> pdu_0x1180708 -> pdu_0x11813a0 -> pdu_0x1182038 -> pdu_0x1182cd0 -> pdu_0x1183968 -> pdu_0x1184600 -> pdu_0x1185298 -> pdu_0x1185f30 -> pdu_0x1186bc8 -> pdu_0x1187860 -> pdu_0x11884f8 -> pdu_0x1189190 -> pdu_0x1189e28 -> pdu_0x118aac0 -> pdu_0x118b758 -> pdu_0x118c3f0 -> pdu_0x118d088 -> pdu_0x118dd20 -> pdu_0x118e9b8 -> pdu_0x118f650 -> pdu_0x11902e8 -> pdu_0x1190f80 -> pdu_0x1191c18 -> pdu_0x11928b0 -> pdu_0x1193548 -> pdu_0x11941e0 -> pdu_0x1194e78 -> pdu_0x1195b10 -> pdu_0x11967a8 -> pdu_0x1197440 -> pdu_0x11980d8 -> pdu_0x1198d70 -> pdu_0x1199a08 -> pdu_0x119a6a0 -> pdu_0x119b338 -> pdu_0x119bfd0 -> pdu_0x119cc68 -> pdu_0x119d900 -> pdu_0x119e598 -> pdu_0x119f230 -> pdu_0x119fec8 -> pdu_0x11a0b60 -> pdu_0x11a17f8 -> pdu_0x11a2490 -> pdu_0x11a3128 -> pdu_0x11a3dc0 -> pdu_0x11a4a58 -> pdu_0x11a56f0 -> pdu_0x11a6388 -> pdu_0x11a7020 -> pdu_0x11a7cb8 -> pdu_0x11a8950 -> pdu_0x11a95e8 -> pdu_0x11aa280 -> pdu_0x11aaf18 -> pdu_0x11abbb0 -> pdu_0x11ac848 -> pdu_0x11ad4e0 -> pdu_0x11ae178 -> pdu_0x11aee10 -> pdu_0x11afaa8 -> pdu_0x11b0740 -> pdu_0x11b13d8 -> pdu_0x11b2070 -> pdu_0x11b2d08 -> pdu_0x11b39a0 -> pdu_0x11b4638 -> pdu_0x11b52d0 -> pdu_0x11b5f68 -> pdu_0x11b6c00 -> pdu_0x11b7898 -> pdu_0x11b8530 -> pdu_0x11b91c8 -> pdu_0x11b9e60 -> pdu_0x11baaf8 -> pdu_0x11bb790 -> pdu_0x11bc428 -> pdu_0x11bd0c0 -> pdu_0x11bdd58 -> pdu_0x11be9f0 -> pdu_0x11bf688 -> pdu_0x11c0320 -> pdu_0x11c0fb8 -> pdu_0x11c1c50 -> pdu_0x11c28e8 -> pdu_0x11c3580 -> pdu_0x11c4218 -> pdu_0x11c4eb0 -> pdu_0x11c5b48 -> pdu_0x11c67e0 -> pdu_0x11c7478 -> pdu_0x11c8110 -> pdu_0x11c8da8 -> pdu_0x11c9a40 -> pdu_0x11ca6d8 -> pdu_0x11cb370 -> pdu_0x11cc008 -> pdu_0x11ccca0 -> pdu_0x11cd938 -> pdu_0x11ce5d0 -> pdu_0x11cf268 -> pdu_0x11cff00 -> pdu_0x11d0b98 -> pdu_0x11d1830 -> pdu_0x11d24c8 -> pdu_0x11d3160 -> pdu_0x11d3df8 -> pdu_0x11d4a90 -> pdu_0x11d5728 -> pdu_0x11d63c0 -> pdu_0x11d7058 -> pdu_0x11d7cf0 -> pdu_0x11d8988 -> pdu_0x11d9620 -> pdu_0x11da2b8 -> pdu_0x11daf50 -> pdu_0x11dbbe8 -> pdu_0x11dc880 -> pdu_0x11dd518 -> pdu_0x11de1b0 -> pdu_0x11dee48 -> pdu_0x11dfae0 -> pdu_0x11e0778 -> pdu_0x11e1410 -> pdu_0x11e20a8 -> pdu_0x11e2d40 -> pdu_0x11e39d8 -> pdu_0x11e4670 -> pdu_0x11e5308 -> pdu_0x11e5fa0 -> pdu_0x11e6c38 -> pdu_0x11e78d0 -> pdu_0x11e8568 -> pdu_0x11e9200 -> pdu_0x11e9e98 -> pdu_0x11eab30 -> pdu_0x11eb7c8 -> pdu_0x11ec460 -> pdu_0x11ed0f8 -> pdu_0x11edd90 -> pdu_0x11eea28 -> pdu_0x11ef6c0 -> pdu_0x11f0358 -> pdu_0x11f0ff0 -> pdu_0x11f1c88 -> pdu_0x11f2920 -> pdu_0x11f35b8 -> pdu_0x11f4250 -> pdu_0x11f4ee8 -> pdu_0x11f5b80 -> pdu_0x11f6818 -> pdu_0x11f74b0 -> pdu_0x11f8148 -> pdu_0x11f8de0 -> pdu_0x11f9a78 -> pdu_0x11fa710 -> pdu_0x11fb3a8 -> pdu_0x11fc040 -> pdu_0x11fccd8 -> pdu_0x11fd970 -> pdu_0x11fe608 -> pdu_0x11ff2a0 -> pdu_0x11fff38 -> pdu_0x1200bd0 -> pdu_0x1201868 -> pdu_0x1202500 -> pdu_0x1203198 -> pdu_0x1203e30 -> pdu_0x1204ac8 -> pdu_0x1205760 -> pdu_0x12063f8 -> pdu_0x1207090 -> pdu_0x1207d28 -> pdu_0x12089c0 -> pdu_0x1209658 -> pdu_0x120a2f0 -> pdu_0x120af88 -> pdu_0x120bc20 -> pdu_0x120c8b8 -> pdu_0x120d550 -> pdu_0x120e1e8 -> pdu_0x120ee80 -> pdu_0x120fb18 -> pdu_0x12107b0 -> pdu_0x1211448 -> pdu_0x12120e0 -> pdu_0x1212d78 -> pdu_0x1213a10 -> pdu_0x12146a8 -> pdu_0x1215340 -> pdu_0x1215fd8 -> pdu_0x1216c70 -> pdu_0x1217908 -> pdu_0x12185a0 -> pdu_0x1219238 -> pdu_0x1219ed0 -> pdu_0x121ab68 -> pdu_0x121b800 -> pdu_0x121c498 -> pdu_0x121d130 -> pdu_0x121ddc8 -> pdu_0x121ea60 -> pdu_0x121f6f8 -> pdu_0x1220390 -> pdu_0x1221028 -> pdu_0x1221cc0 -> pdu_0x1222958 -> pdu_0x12235f0 -> pdu_0x1224288 -> pdu_0x1224f20 -> pdu_0x1225bb8 -> pdu_0x1226850 -> pdu_0x12274e8 -> pdu_0x1228180 -> pdu_0x1228e18 -> pdu_0x1229ab0 -> pdu_0x122a748 -> pdu_0x122b3e0 -> pdu_0x122c078 -> pdu_0x122cd10 -> pdu_0x122d9a8 -> pdu_0x122e640 -> pdu_0x122f2d8 -> pdu_0x122ff70 -> pdu_0x1230c08 -> pdu_0x12318a0 -> pdu_0x1232538 -> pdu_0x12331d0 -> pdu_0x1233e68 -> pdu_0x1234b00 -> pdu_0x1235798 -> pdu_0x1236430 -> pdu_0x12370c8 -> pdu_0x1237d60 -> pdu_0x12389f8 -> pdu_0x1239690 -> pdu_0x123a328 -> pdu_0x123afc0 -> pdu_0x123bc58 -> pdu_0x123c8f0 -> pdu_0x123d588 -> pdu_0x123e220 -> pdu_0x123eeb8 -> pdu_0x123fb50 -> pdu_0x12407e8 -> pdu_0x1241480 -> pdu_0x1242118 -> pdu_0x1242db0 -> pdu_0x1243a48 -> pdu_0x12446e0 -> pdu_0x1245378 -> pdu_0x1246010 -> pdu_0x1246ca8 -> pdu_0x1247940 -> pdu_0x12485d8 -> pdu_0x1249270 -> pdu_0x1249f08 -> pdu_0x124aba0 -> pdu_0x124b838 -> pdu_0x124c4d0 -> pdu_0x124d168 -> pdu_0x124de00 -> pdu_0x124ea98 -> pdu_0x124f730 -> pdu_0x12503c8 -> pdu_0x1251060 -> pdu_0x1251cf8 -> pdu_0x1252990 -> pdu_0x1253628 -> pdu_0x12542c0 -> pdu_0x1254f58 -> pdu_0x1255bf0 -> pdu_0x1256888 -> pdu_0x1257520 -> pdu_0x12581b8 -> pdu_0x1258e50 -> pdu_0x1259ae8 -> pdu_0x125a780 -> pdu_0x125b418 -> pdu_0x125c0b0 -> pdu_0x125cd48 -> pdu_0x125d9e0 -> pdu_0x125e678 -> pdu_0x125f310 -> pdu_0x125ffa8 -> pdu_0x1260c40 -> pdu_0x12618d8 -> pdu_0x1262570 -> pdu_0x1263208 -> pdu_0x1263ea0 -> pdu_0x1264b38 -> pdu_0x12657d0 -> pdu_0x1266468 -> pdu_0x1267100 -> pdu_0x1267d98 -> pdu_0x1268a30 -> pdu_0x12696c8 -> pdu_0x126a360 -> pdu_0x126aff8 -> pdu_0x126bc90 -> pdu_0x126c928 -> pdu_0x126d5c0 -> pdu_0x126e258 -> pdu_0x126eef0 -> pdu_0x126fb88 -> pdu_0x1270820 -> pdu_0x12714b8 -> pdu_0x1272150 -> pdu_0x1272de8 -> pdu_0x1273a80 -> pdu_0x1274718 -> pdu_0x12753b0 -> pdu_0x1276048 -> pdu_0x1276ce0 -> pdu_0x1277978 -> pdu_0x1278610 -> pdu_0x12792a8 -> pdu_0x1279f40 -> pdu_0x127abd8 -> pdu_0x127b870 -> pdu_0x127c508 -> pdu_0x127d1a0 -> pdu_0x127de38 -> pdu_0x127ead0 -> pdu_0x127f768 -> pdu_0x1280400 -> pdu_0x1281098 -> pdu_0x1281d30 -> pdu_0x12829c8 -> pdu_0x1283660 -> pdu_0x12842f8 -> pdu_0x1284f90 -> pdu_0x1285c28 -> pdu_0x12868c0 -> pdu_0x1287558 -> pdu_0x12881f0 -> pdu_0x1288e88 -> pdu_0x1289b20 -> pdu_0x128a7b8 -> pdu_0x128b450 -> pdu_0x128c0e8 -> pdu_0x128cd80 -> pdu_0x128da18 -> pdu_0x128e6b0 -> pdu_0x128f348 -> pdu_0x128ffe0 -> pdu_0x1290c78 -> pdu_0x1291910 -> pdu_0x12925a8 -> pdu_0x1293240 -> pdu_0x1293ed8 -> pdu_0x1294b70 -> pdu_0x1295808 -> pdu_0x12964a0 -> pdu_0x1297138 -> pdu_0x1297dd0 -> pdu_0x1298a68 -> pdu_0x1299700 -> pdu_0x129a398 -> pdu_0x129b030 -> pdu_0x129bcc8 -> pdu_0x129c960 -> pdu_0x129d5f8 -> pdu_0x129e290 -> pdu_0x129ef28 -> pdu_0x129fbc0 -> pdu_0x12a0858 -> pdu_0x12a14f0 -> pdu_0x12a2188 -> pdu_0x12a2e20 -> pdu_0x12a3ab8 -> pdu_0x12a4750 -> pdu_0x12a53e8 -> pdu_0x12a6080 -> pdu_0x12a6d18 -> pdu_0x12a79b0 -> pdu_0x12a8648 -> pdu_0x12a92e0 -> pdu_0x12a9f78 -> pdu_0x12aac10 -> pdu_0x12ab8a8 -> pdu_0x12ac540 -> pdu_0x12ad1d8 -> pdu_0x12ade70 -> pdu_0x12aeb08 -> pdu_0x12af7a0 -> pdu_0x12b0438 -> pdu_0x12b10d0 -> pdu_0x12b1d68 -> pdu_0x12b2a00 -> pdu_0x12b3698 -> pdu_0x12b4330 -> pdu_0x12b4fc8 -> pdu_0x12b5c60 -> pdu_0x12b68f8 -> pdu_0x12b7590 -> pdu_0x12b8228 -> pdu_0x12b8ec0 -> pdu_0x12b9b58 -> pdu_0x12ba7f0 -> pdu_0x12bb488 -> pdu_0x12bc120 -> pdu_0x12bcdb8 -> pdu_0x12bda50 -> pdu_0x12be6e8 -> pdu_0x12bf380 -> pdu_0x12c0018 -> pdu_0x12c0cb0 -> pdu_0x12c1948 -> pdu_0x12c25e0 -> pdu_0x12c3278 -> pdu_0x12c3f10 -> pdu_0x12c4ba8 -> pdu_0x12c5840 -> pdu_0x12c64d8 -> pdu_0x12c7170 -> pdu_0x12c7e08 -> pdu_0x12c8aa0 -> pdu_0x12c9738 -> pdu_0x12ca3d0 -> pdu_0x12cb068 -> pdu_0x12cbd00 -> pdu_0x12cc998 -> pdu_0x12cd630 -> pdu_0x12ce2c8 -> pdu_0x12cef60 -> pdu_0x12cfbf8 -> pdu_0x12d0890 -> pdu_0x12d1528 -> pdu_0x12d21c0 -> pdu_0x12d2e58 -> pdu_0x12d3af0 -> pdu_0x12d4788 -> pdu_0x12d5420 -> pdu_0x12d60b8 -> pdu_0x12d6d50 -> pdu_0x12d79e8 -> pdu_0x12d8680 -> pdu_0x12d9318 -> pdu_0x12d9fb0 -> pdu_0x12dac48 -> pdu_0x12db8e0 -> pdu_0x12dc578 -> pdu_0x12dd210 -> pdu_0x12ddea8 -> pdu_0x12deb40 -> pdu_0x12df7d8 -> pdu_0x12e0470 -> pdu_0x12e1108 -> pdu_0x12e1da0 -> pdu_0x12e2a38 -> pdu_0x12e36d0 -> pdu_0x12e4368 -> pdu_0x12e5000 -> pdu_0x12e5c98 -> pdu_0x12e6930 -> pdu_0x12e75c8 -> pdu_0x12e8260 -> pdu_0x12e8ef8 -> pdu_0x12e9b90 -> pdu_0x12ea828 -> pdu_0x12eb4c0 -> pdu_0x12ec158 -> pdu_0x12ecdf0 -> pdu_0x12eda88 -> pdu_0x12ee720 -> pdu_0x12ef3b8 -> pdu_0x12f0050 -> pdu_0x12f0ce8 -> pdu_0x12f1980 -> pdu_0x12f2618 -> pdu_0x12f32b0 -> pdu_0x12f3f48 -> pdu_0x12f4be0 -> pdu_0x12f5878 -> pdu_0x12f6510 -> pdu_0x12f71a8 -> pdu_0x12f7e40 -> pdu_0x12f8ad8 -> pdu_0x12f9770 -> pdu_0x12fa408 -> pdu_0x12fb0a0 -> pdu_0x12fbd38 -> pdu_0x12fc9d0 -> pdu_0x12fd668 -> pdu_0x12fe300 -> pdu_0x12fef98 -> pdu_0x12ffc30 -> pdu_0x13008c8 -> pdu_0x1301560 -> pdu_0x13021f8 -> pdu_0x1302e90 -> pdu_0x1303b28 -> pdu_0x13047c0 -> pdu_0x1305458 -> pdu_0x13060f0 -> pdu_0x1306d88 -> pdu_0x1307a20 -> pdu_0x13086b8 -> pdu_0x1309350 -> pdu_0x1309fe8 -> pdu_0x130ac80 -> pdu_0x130b918 -> pdu_0x130c5b0 -> pdu_0x130d248 -> pdu_0x130dee0 -> pdu_0x130eb78 -> pdu_0x130f810 -> pdu_0x13104a8 -> pdu_0x1311140 -> pdu_0x1311dd8 -> pdu_0x1312a70 -> pdu_0x1313708 -> pdu_0x13143a0 -> pdu_0x1315038 -> pdu_0x1315cd0 -> pdu_0x1316968 -> pdu_0x1317600 -> pdu_0x1318298 -> pdu_0x1318f30 -> pdu_0x1319bc8 -> pdu_0x131a860 -> pdu_0x131b4f8 -> pdu_0x131c190 -> pdu_0x131ce28 -> pdu_0x131dac0 -> pdu_0x131e758 -> pdu_0x131f3f0 -> pdu_0x1320088 -> pdu_0x1320d20 -> pdu_0x13219b8 -> pdu_0x1322650 -> pdu_0x13232e8 -> pdu_0x1323f80 -> pdu_0x1324c18 -> pdu_0x13258b0 -> pdu_0x1326548 -> pdu_0x13271e0 -> pdu_0x1327e78 -> pdu_0x1328b10 -> pdu_0x13297a8 -> pdu_0x132a440 -> pdu_0x132b0d8 -> pdu_0x132bd70 -> pdu_0x132ca08 -> pdu_0x132d6a0 -> pdu_0x132e338 -> pdu_0x132efd0 -> pdu_0x132fc68 -> pdu_0x1330900 -> pdu_0x1331598 -> pdu_0x1332230 -> pdu_0x1332ec8 -> pdu_0x1333b60 -> pdu_0x13347f8 -> pdu_0x1335490 -> pdu_0x1336128 -> pdu_0x1336dc0 -> pdu_0x1337a58 -> pdu_0x13386f0 -> pdu_0x1339388 -> pdu_0x133a020 -> pdu_0x133acb8 -> pdu_0x133b950 -> pdu_0x133c5e8 -> pdu_0x133d280 -> pdu_0x133df18 -> pdu_0x133ebb0 -> pdu_0x133f848 -> pdu_0x13404e0 -> pdu_0x1341178 -> pdu_0x1341e10 -> pdu_0x1342aa8 -> pdu_0x1343740 -> pdu_0x13443d8 -> pdu_0x1345070 -> pdu_0x1345d08 -> pdu_0x13469a0 -> pdu_0x1347638 -> pdu_0x13482d0 -> pdu_0x1348f68 -> pdu_0x1349c00 -> pdu_0x134a898 -> pdu_0x134b530 -> pdu_0x134c1c8 -> pdu_0x134ce60 -> pdu_0x134daf8 -> pdu_0x134e790 -> pdu_0x134f428 -> pdu_0x13500c0 -> pdu_0x1350d58 -> pdu_0x13519f0 -> pdu_0x1352688 -> pdu_0x1353320 -> pdu_0x1353fb8 -> pdu_0x1354c50 -> pdu_0x13558e8 -> pdu_0x1356580 -> pdu_0x1357218 -> pdu_0x1357eb0 -> pdu_0x1358b48 -> pdu_0x13597e0 -> pdu_0x135a478 -> pdu_0x135b110 -> pdu_0x135bda8 -> pdu_0x135ca40 -> pdu_0x135d6d8 -> pdu_0x135e370 -> pdu_0x135f008 -> pdu_0x135fca0 -> pdu_0x1360938 -> pdu_0x13615d0 -> pdu_0x1362268 -> pdu_0x1362f00 -> pdu_0x1363b98 -> pdu_0x1364830 -> pdu_0x13654c8 -> pdu_0x1366160 -> pdu_0x1366df8 -> pdu_0x1367a90 -> pdu_0x1368728 -> pdu_0x13693c0 -> pdu_0x136a058 -> pdu_0x136acf0 -> pdu_0x136b988 -> pdu_0x136c620 -> pdu_0x136d2b8 -> pdu_0x136df50 -> pdu_0x136ebe8 -> pdu_0x136f880 -> pdu_0x1370518 -> pdu_0x13711b0 -> pdu_0x1371e48 -> pdu_0x1372ae0 -> pdu_0x1373778 -> pdu_0x1374410 -> pdu_0x13750a8 -> pdu_0x1375d40 -> pdu_0x13769d8 -> pdu_0x1377670 -> pdu_0x1378308 -> pdu_0x1378fa0 -> pdu_0x1379c38 -> pdu_0x137a8d0 -> pdu_0x137b568 -> pdu_0x137c200 -> pdu_0x137ce98 -> pdu_0x137db30 -> pdu_0x137e7c8 -> pdu_0x137f460 -> pdu_0x13800f8 -> pdu_0x1380d90 -> pdu_0x1381a28 -> pdu_0x13826c0 -> pdu_0x1383358 -> pdu_0x1383ff0 -> pdu_0x1384c88 -> pdu_0x1385920 -> pdu_0x13865b8 -> pdu_0x1387250 -> pdu_0x1387ee8 -> pdu_0x1388b80 -> pdu_0x1389818 -> pdu_0x138a4b0 -> pdu_0x138b148 -> pdu_0x138bde0 -> pdu_0x138ca78 -> pdu_0x138d710 -> pdu_0x138e3a8 -> pdu_0x138f040 -> pdu_0x138fcd8 -> pdu_0x1390970 -> pdu_0x1391608 -> pdu_0x13922a0 -> pdu_0x1392f38 -> pdu_0x1393bd0 -> pdu_0x1394868 -> pdu_0x1395500 -> pdu_0x1396198 -> pdu_0x1396e30 -> pdu_0x1397ac8 -> pdu_0x1398760 -> pdu_0x13993f8 -> pdu_0x139a090 -> pdu_0x139ad28 -> pdu_0x139b9c0 -> pdu_0x139c658 -> pdu_0x139d2f0 -> pdu_0x139df88 -> pdu_0x139ec20 -> pdu_0x139f8b8 -> pdu_0x13a0550 -> pdu_0x13a11e8 -> pdu_0x13a1e80 -> pdu_0x13a2b18 -> pdu_0x13a37b0 -> pdu_0x13a4448 -> pdu_0x13a50e0 -> pdu_0x13a5d78 -> pdu_0x13a6a10 -> pdu_0x13a76a8 -> pdu_0x13a8340 -> pdu_0x13a8fd8 -> pdu_0x13a9c70 -> pdu_0x13aa908 -> pdu_0x13ab5a0 -> pdu_0x13ac238 -> pdu_0x13aced0 -> pdu_0x13adb68 -> pdu_0x13ae800 -> pdu_0x13af498 -> pdu_0x13b0130 -> pdu_0x13b0dc8 -> pdu_0x13b1a60 -> pdu_0x13b26f8 -> pdu_0x13b3390 -> pdu_0x13b4028 -> pdu_0x13b4cc0 -> pdu_0x13b5958 -> pdu_0x13b65f0 -> pdu_0x13b7288 -> pdu_0x13b7f20 -> pdu_0x13b8bb8 -> pdu_0x13b9850 -> pdu_0x13ba4e8 -> pdu_0x13bb180 -> pdu_0x13bbe18 -> pdu_0x13bcab0 -> pdu_0x13bd748 -> pdu_0x13be3e0 -> pdu_0x13bf078 -> pdu_0x13bfd10 -> pdu_0x13c09a8 -> pdu_0x13c1640 -> pdu_0x13c22d8 -> pdu_0x13c2f70 -> pdu_0x13c3c08 -> pdu_0x13c48a0 -> pdu_0x13c5538 -> pdu_0x13c61d0 -> pdu_0x13c6e68 -> pdu_0x13c7b00 -> pdu_0x13c8798 -> pdu_0x13c9430 -> pdu_0x13ca0c8 -> pdu_0x13cad60 -> pdu_0x13cb9f8 -> pdu_0x13cc690 -> pdu_0x13cd328 -> pdu_0x13cdfc0 -> pdu_0x13cec58 -> pdu_0x13cf8f0 -> pdu_0x13d0588 -> pdu_0x13d1220 -> pdu_0x13d1eb8 -> pdu_0x13d2b50 -> pdu_0x13d37e8 -> pdu_0x13d4480 -> pdu_0x13d5118 -> pdu_0x13d5db0 -> pdu_0x13d6a48 -> pdu_0x13d76e0 -> pdu_0x13d8378 -> pdu_0x13d9010 -> pdu_0x13d9ca8 -> pdu_0x13da940 -> pdu_0x13db5d8 -> pdu_0x13dc270 -> pdu_0x13dcf08 -> pdu_0x13ddba0 -> pdu_0x13de838 -> pdu_0x13df4d0 -> pdu_0x13e0168 -> pdu_0x13e0e00 -> pdu_0x13e1a98 -> pdu_0x13e2730 -> pdu_0x13e33c8 -> pdu_0x13e4060 -> pdu_0x13e4cf8 -> pdu_0x13e5990 -> pdu_0x13e6628 -> pdu_0x13e72c0 -> pdu_0x13e7f58 -> pdu_0x13e8bf0 -> pdu_0x13e9888 -> pdu_0x13ea520 -> pdu_0x13eb1b8 -> pdu_0x13ebe50 -> pdu_0x13ecae8 -> pdu_0x13ed780 -> pdu_0x13ee418 -> pdu_0x13ef0b0 -> pdu_0x13efd48 -> pdu_0x13f09e0 -> pdu_0x13f1678 -> pdu_0x13f2310 -> pdu_0x13f2fa8 -> pdu_0x13f3c40 -> pdu_0x13f48d8 -> pdu_0x13f5570 -> pdu_0x13f6208 -> pdu_0x13f6ea0 -> pdu_0x13f7b38 -> pdu_0x13f87d0 -> pdu_0x13f9468 -> pdu_0x13fa100 -> pdu_0x13fad98 -> pdu_0x13fba30 -> pdu_0x13fc6c8 -> pdu_0x13fd360 -> pdu_0x13fdff8 -> pdu_0x13fec90 -> pdu_0x13ff928 -> pdu_0x14005c0 -> pdu_0x1401258 -> pdu_0x1401ef0 -> pdu_0x1402b88 -> pdu_0x1403820 -> pdu_0x14044b8 -> pdu_0x1405150 -> pdu_0x1405de8 -> pdu_0x1406a80 -> pdu_0x1407718 -> pdu_0x14083b0 -> pdu_0x1409048 -> pdu_0x1409ce0 -> pdu_0x140a978 -> pdu_0x140b610 -> pdu_0x140c2a8 -> pdu_0x140cf40 -> pdu_0x140dbd8 -> pdu_0x140e870 -> pdu_0x140f508 -> pdu_0x14101a0 -> pdu_0x1410e38 -> pdu_0x1411ad0 -> pdu_0x1412768 -> pdu_0x1413400 -> pdu_0x1414098 -> pdu_0x1414d30 -> pdu_0x14159c8 -> pdu_0x1416660 -> pdu_0x14172f8 -> pdu_0x1417f90 -> pdu_0x1418c28 -> pdu_0x14198c0 -> pdu_0x141a558 -> pdu_0x141b1f0 -> pdu_0x141be88 -> pdu_0x141cb20 -> pdu_0x141d7b8 -> pdu_0x141e450 -> pdu_0x141f0e8 -> pdu_0x141fd80 -> pdu_0x1420a18 -> pdu_0x14216b0 -> pdu_0x1422348 -> pdu_0x1422fe0 -> pdu_0x1423c78 -> pdu_0x1424910 -> pdu_0x14255a8 -> pdu_0x1426240 -> pdu_0x1426ed8 -> pdu_0x1427b70 -> pdu_0x1428808 -> pdu_0x14294a0 -> pdu_0x142a138 -> pdu_0x142add0 -> pdu_0x142ba68 -> pdu_0x142c700 -> pdu_0x142d398 -> pdu_0x142e030 -> pdu_0x142ecc8 -> pdu_0x142f960 -> pdu_0x14305f8 -> pdu_0x1431290 -> pdu_0x1431f28 -> pdu_0x1432bc0 -> pdu_0x1433858 -> pdu_0x14344f0 -> pdu_0x1435188 -> pdu_0x1435e20 -> pdu_0x1436ab8 -> pdu_0x1437750 -> pdu_0x14383e8 -> pdu_0x1439080 -> pdu_0x1439d18 -> pdu_0x143a9b0 -> pdu_0x143b648 -> pdu_0x143c2e0 -> pdu_0x143cf78 -> pdu_0x143dc10 -> pdu_0x143e8a8 -> pdu_0x143f540 -> pdu_0x14401d8 -> pdu_0x1440e70 -> pdu_0x1441b08 -> pdu_0x14427a0 -> pdu_0x1443438 -> pdu_0x14440d0 -> pdu_0x1444d68 -> pdu_0x1445a00 -> pdu_0x1446698 -> pdu_0x1447330 -> pdu_0x1447fc8 -> pdu_0x1448c60 -> pdu_0x14498f8 -> pdu_0x144a590 -> pdu_0x144b228 -> pdu_0x144bec0 -> pdu_0x144cb58 -> pdu_0x144d7f0 -> pdu_0x144e488 -> pdu_0x144f120 -> pdu_0x144fdb8 -> pdu_0x1450a50 -> pdu_0x14516e8 -> pdu_0x1452380 -> pdu_0x1453018 -> pdu_0x1453cb0 -> pdu_0x1454948 -> pdu_0x14555e0 -> pdu_0x1456278 -> pdu_0x1456f10 -> pdu_0x1457ba8 -> pdu_0x1458840 -> pdu_0x14594d8 -> pdu_0x145a170 -> pdu_0x145ae08 -> pdu_0x145baa0 -> pdu_0x145c738 -> pdu_0x145d3d0 -> pdu_0x145e068 -> pdu_0x145ed00 -> pdu_0x145f998 -> pdu_0x1460630 -> pdu_0x14612c8 -> pdu_0x1461f60 -> pdu_0x1462bf8 -> pdu_0x1463890 -> pdu_0x1464528 -> pdu_0x14651c0 -> pdu_0x1465e58 -> pdu_0x1466af0 -> pdu_0x1467788 -> pdu_0x1468420 -> pdu_0x14690b8 -> pdu_0x1469d50 -> pdu_0x146a9e8 -> pdu_0x146b680 -> pdu_0x146c318 -> pdu_0x146cfb0 -> pdu_0x146dc48 -> pdu_0x146e8e0 -> pdu_0x146f578 -> pdu_0x1470210 -> pdu_0x1470ea8 -> pdu_0x1471b40 -> pdu_0x14727d8 -> pdu_0x1473470 -> pdu_0x1474108 -> pdu_0x1474da0 -> pdu_0x1475a38 -> pdu_0x14766d0 -> pdu_0x1477368 -> pdu_0x1478000 -> pdu_0x1478c98 -> pdu_0x1479930 -> pdu_0x147a5c8 -> pdu_0x147b260 -> pdu_0x147bef8 -> pdu_0x147cb90 -> pdu_0x147d828 -> pdu_0x147e4c0 -> pdu_0x147f158 -> pdu_0x147fdf0 -> pdu_0x1480a88 -> pdu_0x1481720 -> pdu_0x14823b8 -> pdu_0x1483050 -> pdu_0x1483ce8 -> pdu_0x1484980 -> pdu_0x1485618 -> pdu_0x14862b0 -> pdu_0x1486f48 -> pdu_0x1487be0 -> pdu_0x1488878 -> pdu_0x1489510 -> pdu_0x148a1a8 -> pdu_0x148ae40 -> pdu_0x148bad8 -> pdu_0x148c770 -> pdu_0x148d408 -> pdu_0x148e0a0 -> pdu_0x148ed38 -> pdu_0x148f9d0 -> pdu_0x1490668 -> pdu_0x1491300 -> pdu_0x1491f98 -> pdu_0x1492c30 -> pdu_0x14938c8 -> pdu_0x1494560 -> pdu_0x14951f8 -> pdu_0x1495e90 -> pdu_0x1496b28 -> pdu_0x14977c0 -> pdu_0x1498458 -> pdu_0x14990f0 -> pdu_0x1499d88 -> pdu_0x149aa20 -> pdu_0x149b6b8 -> pdu_0x149c350 -> pdu_0x149cfe8 -> pdu_0x149dc80 -> pdu_0x149e918 -> pdu_0x149f5b0 -> pdu_0x14a0248 -> pdu_0x14a0ee0 -> pdu_0x14a1b78 -> pdu_0x14a2810 -> pdu_0x14a34a8 -> pdu_0x14a4140 -> pdu_0x14a4dd8 -> pdu_0x14a5a70 -> pdu_0x14a6708 -> pdu_0x14a73a0 -> pdu_0x14a8038 -> pdu_0x14a8cd0 -> pdu_0x14a9968 -> pdu_0x14aa600 -> pdu_0x14ab298 -> pdu_0x14abf30 -> pdu_0x14acbc8 -> pdu_0x14ad860 -> pdu_0x14ae4f8 -> pdu_0x14af190 -> pdu_0x14afe28 -> pdu_0x14b0ac0 -> pdu_0x14b1758 -> pdu_0x14b23f0 -> pdu_0x14b3088 -> pdu_0x14b3d20 -> pdu_0x14b49b8 -> pdu_0x14b5650 -> pdu_0x14b62e8 -> pdu_0x14b6f80 -> pdu_0x14b7c18 -> pdu_0x14b88b0 -> pdu_0x14b9548 -> pdu_0x14ba1e0 -> pdu_0x14bae78 -> pdu_0x14bbb10 -> pdu_0x14bc7a8 -> pdu_0x14bd440 -> pdu_0x14be0d8 -> pdu_0x14bed70 -> pdu_0x14bfa08 -> pdu_0x14c06a0 -> pdu_0x14c1338 -> pdu_0x14c1fd0 -> pdu_0x14c2c68 -> pdu_0x14c3900 -> pdu_0x14c4598 -> pdu_0x14c5230 -> pdu_0x14c5ec8 -> pdu_0x14c6b60 -> pdu_0x14c77f8 -> pdu_0x14c8490 -> pdu_0x14c9128 -> pdu_0x14c9dc0 -> pdu_0x14caa58 -> pdu_0x14cb6f0 -> pdu_0x14cc388 -> pdu_0x14cd020 -> pdu_0x14cdcb8 -> pdu_0x14ce950 -> pdu_0x14cf5e8 -> pdu_0x14d0280 -> pdu_0x14d0f18 -> pdu_0x14d1bb0 -> pdu_0x14d2848 -> pdu_0x14d34e0 -> pdu_0x14d4178 -> pdu_0x14d4e10 -> pdu_0x14d5aa8 -> pdu_0x14d6740 -> pdu_0x14d73d8 -> pdu_0x14d8070 -> pdu_0x14d8d08 -> pdu_0x14d99a0 -> pdu_0x14da638 -> pdu_0x14db2d0 -> pdu_0x14dbf68 -> pdu_0x14dcc00 -> pdu_0x14dd898 -> pdu_0x14de530 -> pdu_0x14df1c8 -> pdu_0x14dfe60 -> pdu_0x14e0af8 -> pdu_0x14e1790 -> pdu_0x14e2428 -> pdu_0x14e30c0 -> pdu_0x14e3d58 -> pdu_0x14e49f0 -> pdu_0x14e5688 -> pdu_0x14e6320 -> pdu_0x14e6fb8 -> pdu_0x14e7c50 -> pdu_0x14e88e8 -> pdu_0x14e9580 -> pdu_0x14ea218 -> pdu_0x14eaeb0 -> pdu_0x14ebb48 -> pdu_0x14ec7e0 -> pdu_0x14ed478 -> pdu_0x14ee110 -> pdu_0x14eeda8 -> pdu_0x14efa40 -> pdu_0x14f06d8 -> pdu_0x14f1370 -> pdu_0x14f2008 -> pdu_0x14f2ca0 -> pdu_0x14f3938 -> pdu_0x14f45d0 -> pdu_0x14f5268 -> pdu_0x14f5f00 -> pdu_0x14f6b98 -> pdu_0x14f7830 -> pdu_0x14f84c8 -> pdu_0x14f9160 -> pdu_0x14f9df8 -> pdu_0x14faa90 -> pdu_0x14fb728 -> pdu_0x14fc3c0 -> pdu_0x14fd058 -> pdu_0x14fdcf0 -> pdu_0x14fe988 -> pdu_0x14ff620 -> pdu_0x15002b8 -> pdu_0x1500f50 -> pdu_0x1501be8 -> pdu_0x1502880 -> pdu_0x1503518 -> pdu_0x15041b0 -> pdu_0x1504e48 -> pdu_0x1505ae0 -> pdu_0x1506778 -> pdu_0x1507410 -> pdu_0x15080a8 -> pdu_0x1508d40 -> pdu_0x15099d8 -> pdu_0x150a670 -> pdu_0x150b308 -> pdu_0x150bfa0 -> pdu_0x150cc38 -> pdu_0x150d8d0 -> pdu_0x150e568 -> pdu_0x150f200 -> pdu_0x150fe98 -> pdu_0x1510b30 -> pdu_0x15117c8 -> pdu_0x1512460 -> pdu_0x15130f8 -> pdu_0x1513d90 -> pdu_0x1514a28 -> pdu_0x15156c0 -> pdu_0x1516358 -> pdu_0x1516ff0 -> pdu_0x1517c88 -> pdu_0x1518920 -> pdu_0x15195b8 -> pdu_0x151a250 -> pdu_0x151aee8 -> pdu_0x151bb80 -> pdu_0x151c818 -> pdu_0x151d4b0 -> pdu_0x151e148 -> pdu_0x151ede0 -> pdu_0x151fa78 -> pdu_0x1520710 -> pdu_0x15213a8 -> pdu_0x1522040 -> pdu_0x1522cd8 -> pdu_0x1523970 -> pdu_0x1524608 -> pdu_0x15252a0 -> pdu_0x1525f38 -> pdu_0x1526bd0 -> pdu_0x1527868 -> pdu_0x1528500 -> pdu_0x1529198 -> pdu_0x1529e30 -> pdu_0x152aac8 -> pdu_0x152b760 -> pdu_0x152c3f8 -> pdu_0x152d090 -> pdu_0x152dd28 -> pdu_0x152e9c0 -> pdu_0x152f658 -> pdu_0x15302f0 -> pdu_0x1530f88 -> pdu_0x1531c20 -> pdu_0x15328b8 -> pdu_0x1533550 -> pdu_0x15341e8 -> pdu_0x1534e80 -> pdu_0x1535b18 -> pdu_0x15367b0 -> pdu_0x1537448 -> pdu_0x15380e0 -> pdu_0x1538d78 -> pdu_0x1539a10 -> pdu_0x153a6a8 -> pdu_0x153b340 -> pdu_0x153bfd8 -> pdu_0x153cc70 -> pdu_0x153d908 -> pdu_0x153e5a0 -> pdu_0x153f238 -> pdu_0x153fed0 -> pdu_0x1540b68 -> pdu_0x1541800 -> pdu_0x1542498 -> pdu_0x1543130 -> pdu_0x1543dc8 -> pdu_0x1544a60 -> pdu_0x15456f8 -> pdu_0x1546390 -> pdu_0x1547028 -> pdu_0x1547cc0 -> pdu_0x1548958 -> pdu_0x15495f0 -> pdu_0x154a288 -> pdu_0x154af20 -> pdu_0x154bbb8 -> pdu_0x154c850 -> pdu_0x154d4e8 -> pdu_0x154e180 -> pdu_0x154ee18 -> pdu_0x154fab0 -> pdu_0x1550748 -> pdu_0x15513e0 -> pdu_0x1552078 -> pdu_0x1552d10 -> pdu_0x15539a8 -> pdu_0x1554640 -> pdu_0x15552d8 -> pdu_0x1555f70 -> pdu_0x1556c08 -> pdu_0x15578a0 -> pdu_0x1558538 -> pdu_0x15591d0 -> pdu_0x1559e68 -> pdu_0x155ab00 -> pdu_0x155b798 -> pdu_0x155c430 -> pdu_0x155d0c8 -> pdu_0x155dd60 -> pdu_0x155e9f8 -> pdu_0x155f690 -> pdu_0x1560328 -> pdu_0x1560fc0 -> pdu_0x1561c58 -> pdu_0x15628f0 -> pdu_0x1563588 -> pdu_0x1564220 -> pdu_0x1564eb8 -> pdu_0x1565b50 -> pdu_0x15667e8 -> pdu_0x1567480 -> pdu_0x1568118 -> pdu_0x1568db0 -> pdu_0x1569a48 -> pdu_0x156a6e0 -> pdu_0x156b378 -> pdu_0x156c010 -> pdu_0x156cca8 -> pdu_0x156d940 -> pdu_0x156e5d8 -> pdu_0x156f270 -> pdu_0x156ff08 -> pdu_0x1570ba0 -> pdu_0x1571838 -> pdu_0x15724d0 -> pdu_0x1573168 -> pdu_0x1573e00 -> pdu_0x1574a98 -> pdu_0x1575730 -> pdu_0x15763c8 -> pdu_0x1577060 -> pdu_0x1577cf8 -> pdu_0x1578990 -> pdu_0x1579628 -> pdu_0x157a2c0 -> pdu_0x157af58 -> pdu_0x157bbf0 -> pdu_0x157c888 -> pdu_0x157d520 -> pdu_0x157e1b8 -> pdu_0x157ee50 -> pdu_0x157fae8 -> pdu_0x1580780 -> pdu_0x1581418 -> pdu_0x15820b0 -> pdu_0x1582d48 -> pdu_0x15839e0 -> pdu_0x1584678 -> pdu_0x1585310 -> pdu_0x1585fa8 -> pdu_0x1586c40 -> pdu_0x15878d8 -> pdu_0x1588570 -> pdu_0x1589208 -> pdu_0x1589ea0 -> pdu_0x158ab38 -> pdu_0x158b7d0 -> pdu_0x158c468 -> pdu_0x158d100 -> pdu_0x158dd98 -> pdu_0x158ea30 -> pdu_0x158f6c8 -> pdu_0x1590360 -> pdu_0x1590ff8 -> pdu_0x1591c90 -> pdu_0x1592928 -> pdu_0x15935c0 -> pdu_0x1594258 -> pdu_0x1594ef0 -> pdu_0x1595b88 -> pdu_0x1596820 -> pdu_0x15974b8 -> pdu_0x1598150 -> pdu_0x1598de8 -> pdu_0x1599a80 -> pdu_0x159a718 -> pdu_0x159b3b0 -> pdu_0x159c048 -> pdu_0x159cce0 -> pdu_0x159d978 -> pdu_0x159e610 -> pdu_0x159f2a8 -> pdu_0x159ff40 -> pdu_0x15a0bd8 -> pdu_0x15a1870 -> pdu_0x15a2508 -> pdu_0x15a31a0 -> pdu_0x15a3e38 -> pdu_0x15a4ad0 -> pdu_0x15a5768 -> pdu_0x15a6400 -> pdu_0x15a7098 -> pdu_0x15a7d30 -> pdu_0x15a89c8 -> pdu_0x15a9660 -> pdu_0x15aa2f8 -> pdu_0x15aaf90 -> pdu_0x15abc28 -> pdu_0x15ac8c0 -> pdu_0x15ad558 -> pdu_0x15ae1f0 -> pdu_0x15aee88 -> pdu_0x15afb20 -> pdu_0x15b07b8 -> pdu_0x15b1450 -> pdu_0x15b20e8 -> pdu_0x15b2d80 -> pdu_0x15b3a18 -> pdu_0x15b46b0 -> pdu_0x15b5348 -> pdu_0x15b5fe0 -> pdu_0x15b6c78 -> pdu_0x15b7910 -> pdu_0x15b85a8 -> pdu_0x15b9240 -> pdu_0x15b9ed8 -> pdu_0x15bab70 -> pdu_0x15bb808 -> pdu_0x15bc4a0 -> pdu_0x15bd138 -> pdu_0x15bddd0 -> pdu_0x15bea68 -> pdu_0x15bf700 -> pdu_0x15c0398 -> pdu_0x15c1030 -> pdu_0x15c1cc8 -> pdu_0x15c2960 -> pdu_0x15c35f8 -> pdu_0x15c4290 -> pdu_0x15c4f28 -> pdu_0x15c5bc0 -> pdu_0x15c6858 -> pdu_0x15c74f0 -> pdu_0x15c8188 -> pdu_0x15c8e20 -> pdu_0x15c9ab8 -> pdu_0x15ca750 -> pdu_0x15cb3e8 -> pdu_0x15cc080 -> pdu_0x15ccd18 -> pdu_0x15cd9b0 -> pdu_0x15ce648 -> pdu_0x15cf2e0 -> pdu_0x15cff78 -> pdu_0x15d0c10 -> pdu_0x15d18a8 -> pdu_0x15d2540 -> pdu_0x15d31d8 -> pdu_0x15d3e70 -> pdu_0x15d4b08 -> pdu_0x15d57a0 -> pdu_0x15d6438 -> pdu_0x15d70d0 -> pdu_0x15d7d68 -> pdu_0x15d8a00 -> pdu_0x15d9698 -> pdu_0x15da330 -> pdu_0x15dafc8 -> pdu_0x15dbc60 -> pdu_0x15dc8f8 -> pdu_0x15dd590 -> pdu_0x15de228 -> pdu_0x15deec0 -> pdu_0x15dfb58 -> pdu_0x15e07f0 -> pdu_0x15e1488 -> pdu_0x15e2120 -> pdu_0x15e2db8 -> pdu_0x15e3a50 -> pdu_0x15e46e8 -> pdu_0x15e5380 -> pdu_0x15e6018 -> pdu_0x15e6cb0 -> pdu_0x15e7948 -> pdu_0x15e85e0 -> pdu_0x15e9278 -> pdu_0x15e9f10 -> pdu_0x15eaba8 -> pdu_0x15eb840 -> pdu_0x15ec4d8 -> pdu_0x15ed170 -> pdu_0x15ede08 -> pdu_0x15eeaa0 -> pdu_0x15ef738 -> pdu_0x15f03d0 -> pdu_0x15f1068 -> pdu_0x15f1d00 -> pdu_0x15f2998 -> pdu_0x15f3630 -> pdu_0x15f42c8 -> pdu_0x15f4f60 -> pdu_0x15f5bf8 -> pdu_0x15f6890 -> pdu_0x15f7528 -> pdu_0x15f81c0 -> pdu_0x15f8e58 -> pdu_0x15f9af0 -> pdu_0x15fa788 -> pdu_0x15fb420 -> pdu_0x15fc0b8 -> pdu_0x15fcd50 -> pdu_0x15fd9e8 -> pdu_0x15fe680 -> pdu_0x15ff318 -> pdu_0x15fffb0 -> pdu_0x1600c48 -> pdu_0x16018e0 -> pdu_0x1602578 -> pdu_0x1603210 -> pdu_0x1603ea8 -> pdu_0x1604b40 -> pdu_0x16057d8 -> pdu_0x1606470 -> pdu_0x1607108 -> pdu_0x1607da0 -> pdu_0x1608a38 -> pdu_0x16096d0 -> pdu_0x160a368 -> pdu_0x160b000 -> pdu_0x160bc98 -> pdu_0x160c930 -> pdu_0x160d5c8 -> pdu_0x160e260 -> pdu_0x160eef8 -> pdu_0x160fb90 -> pdu_0x1610828 -> pdu_0x16114c0 -> pdu_0x1612158 -> pdu_0x1612df0 -> pdu_0x1613a88 -> pdu_0x1614720 -> pdu_0x16153b8 -> pdu_0x1616050 -> pdu_0x1616ce8 -> pdu_0x1617980 -> pdu_0x1618618 -> pdu_0x16192b0 -> pdu_0x1619f48 -> pdu_0x161abe0 -> pdu_0x161b878 -> pdu_0x161c510 -> pdu_0x161d1a8 -> pdu_0x161de40 -> pdu_0x161ead8 -> pdu_0x161f770 -> pdu_0x1620408 -> pdu_0x16210a0 -> pdu_0x1621d38 -> pdu_0x16229d0 -> pdu_0x1623668 -> pdu_0x1624300 -> pdu_0x1624f98 -> pdu_0x1625c30 -> pdu_0x16268c8 -> pdu_0x1627560 -> pdu_0x16281f8 -> pdu_0x1628e90 -> pdu_0x1629b28 -> pdu_0x162a7c0 -> pdu_0x162b458 -> pdu_0x162c0f0 -> pdu_0x162cd88 -> pdu_0x162da20 -> pdu_0x162e6b8 -> pdu_0x162f350 -> pdu_0x162ffe8 -> pdu_0x1630c80 -> pdu_0x1631918 -> pdu_0x16325b0 -> pdu_0x1633248 -> pdu_0x1633ee0 -> pdu_0x1634b78 -> pdu_0x1635810 -> pdu_0x16364a8 -> pdu_0x1637140 -> pdu_0x1637dd8 -> pdu_0x1638a70 -> pdu_0x1639708 -> pdu_0x163a3a0 -> pdu_0x163b038 -> pdu_0x163bcd0 -> pdu_0x163c968 -> pdu_0x163d600 -> pdu_0x163e298 -> pdu_0x163ef30 -> pdu_0x163fbc8 -> pdu_0x1640860 -> pdu_0x16414f8 -> pdu_0x1642190 -> pdu_0x1642e28 -> pdu_0x1643ac0 -> pdu_0x1644758 -> pdu_0x16453f0 -> pdu_0x1646088 -> pdu_0x1646d20 -> pdu_0x16479b8 -> pdu_0x1648650 -> pdu_0x16492e8 -> pdu_0x1649f80 -> pdu_0x164ac18 -> pdu_0x164b8b0 -> pdu_0x164c548 -> pdu_0x164d1e0 -> pdu_0x164de78 -> pdu_0x164eb10 -> pdu_0x164f7a8 -> pdu_0x1650440 -> pdu_0x16510d8 -> pdu_0x1651d70 -> pdu_0x1652a08 -> pdu_0x16536a0 -> pdu_0x1654338 -> pdu_0x1654fd0 -> pdu_0x1655c68 -> pdu_0x1656900 -> pdu_0x1657598 -> pdu_0x1658230 -> pdu_0x1658ec8 -> pdu_0x1659b60 -> pdu_0x165a7f8 -> pdu_0x165b490 -> pdu_0x165c128 -> pdu_0x165cdc0 -> pdu_0x165da58 -> pdu_0x165e6f0 -> pdu_0x165f388 -> pdu_0x1660020 -> pdu_0x1660cb8 -> pdu_0x1661950 -> pdu_0x16625e8 -> pdu_0x1663280 -> pdu_0x1663f18 -> pdu_0x1664bb0 -> pdu_0x1665848 -> pdu_0x16664e0 -> pdu_0x1667178 -> pdu_0x1667e10 -> pdu_0x1668aa8 -> pdu_0x1669740 -> pdu_0x166a3d8 -> pdu_0x166b070 -> pdu_0x166bd08 -> pdu_0x166c9a0 -> pdu_0x166d638 -> pdu_0x166e2d0 -> pdu_0x166ef68 -> pdu_0x166fc00 -> pdu_0x1670898 -> pdu_0x1671530 -> pdu_0x16721c8 -> pdu_0x1672e60 -> pdu_0x1673af8 -> pdu_0x1674790 -> pdu_0x1675428 -> pdu_0x16760c0 -> pdu_0x1676d58 -> pdu_0x16779f0 -> pdu_0x1678688 -> pdu_0x1679320 -> pdu_0x1679fb8 -> pdu_0x167ac50 -> pdu_0x167b8e8 -> pdu_0x167c580 -> pdu_0x167d218 -> pdu_0x167deb0 -> pdu_0x167eb48 -> pdu_0x167f7e0 -> pdu_0x1680478 -> pdu_0x1681110 -> pdu_0x1681da8 -> pdu_0x1682a40 -> pdu_0x16836d8 -> pdu_0x1684370 -> pdu_0x1685008 -> pdu_0x1685ca0 -> pdu_0x1686938 -> pdu_0x16875d0 -> pdu_0x1688268 -> pdu_0x1688f00 -> pdu_0x1689b98 -> pdu_0x168a830 -> pdu_0x168b4c8 -> pdu_0x168c160 -> pdu_0x168cdf8 -> pdu_0x168da90 -> pdu_0x168e728 -> pdu_0x168f3c0 -> pdu_0x1690058 -> pdu_0x1690cf0 -> pdu_0x1691988 -> pdu_0x1692620 -> pdu_0x16932b8 -> pdu_0x1693f50 -> pdu_0x1694be8 -> pdu_0x1695880 -> pdu_0x1696518 -> pdu_0x16971b0 -> pdu_0x1697e48 -> pdu_0x1698ae0 -> pdu_0x1699778 -> pdu_0x169a410 -> pdu_0x169b0a8 -> pdu_0x169bd40 -> pdu_0x169c9d8 -> pdu_0x169d670 -> pdu_0x169e308 -> pdu_0x169efa0 -> pdu_0x169fc38 -> pdu_0x16a08d0 -> pdu_0x16a1568 -> pdu_0x16a2200 -> pdu_0x16a2e98 -> pdu_0x16a3b30 -> pdu_0x16a47c8 -> pdu_0x16a5460 -> pdu_0x16a60f8 -> pdu_0x16a6d90 -> pdu_0x16a7a28 -> pdu_0x16a86c0 -> pdu_0x16a9358 -> pdu_0x16a9ff0 -> pdu_0x16aac88 -> pdu_0x16ab920 -> pdu_0x16ac5b8 -> pdu_0x16ad250 -> pdu_0x16adee8 -> pdu_0x16aeb80 -> pdu_0x16af818 -> pdu_0x16b04b0 -> pdu_0x16b1148 -> pdu_0x16b1de0 -> pdu_0x16b2a78 -> pdu_0x16b3710 -> pdu_0x16b43a8 -> pdu_0x16b5040 -> pdu_0x16b5cd8 -> pdu_0x16b6970 -> pdu_0x16b7608 -> pdu_0x16b82a0 -> pdu_0x16b8f38 -> pdu_0x16b9bd0 -> pdu_0x16ba868 -> pdu_0x16bb500 -> pdu_0x16bc198 -> pdu_0x16bce30 -> pdu_0x16bdac8 -> pdu_0x16be760 -> pdu_0x16bf3f8 -> pdu_0x16c0090 -> pdu_0x16c0d28 -> pdu_0x16c19c0 -> pdu_0x16c2658 -> pdu_0x16c32f0 -> pdu_0x16c3f88 -> pdu_0x16c4c20 -> pdu_0x16c58b8 -> pdu_0x16c6550 -> pdu_0x16c71e8 -> pdu_0x16c7e80 -> pdu_0x16c8b18 -> pdu_0x16c97b0 -> pdu_0x16ca448 -> pdu_0x16cb0e0 -> pdu_0x16cbd78 -> pdu_0x16cca10 -> pdu_0x16cd6a8 -> pdu_0x16ce340 -> pdu_0x16cefd8 -> pdu_0x16cfc70 -> pdu_0x16d0908 -> pdu_0x16d15a0 -> pdu_0x16d2238 -> pdu_0x16d2ed0 -> pdu_0x16d3b68 -> pdu_0x16d4800 -> pdu_0x16d5498 -> pdu_0x16d6130 -> pdu_0x16d6dc8 -> pdu_0x16d7a60 -> pdu_0x16d86f8 -> pdu_0x16d9390 -> pdu_0x16da028 -> pdu_0x16dacc0 -> pdu_0x16db958 -> pdu_0x16dc5f0 -> pdu_0x16dd288 -> pdu_0x16ddf20 -> pdu_0x16debb8 -> pdu_0x16df850 -> pdu_0x16e04e8 -> pdu_0x16e1180 -> pdu_0x16e1e18 -> pdu_0x16e2ab0 -> pdu_0x16e3748 -> pdu_0x16e43e0 -> pdu_0x16e5078 -> pdu_0x16e5d10 -> pdu_0x16e69a8 -> pdu_0x16e7640 -> pdu_0x16e82d8 -> pdu_0x16e8f70 -> pdu_0x16e9c08 -> pdu_0x16ea8a0 -> pdu_0x16eb538 -> pdu_0x16ec1d0 -> pdu_0x16ece68 -> pdu_0x16edb00 -> pdu_0x16ee798 -> pdu_0x16ef430 -> pdu_0x16f00c8 -> pdu_0x16f0d60 -> pdu_0x16f19f8 -> pdu_0x16f2690 -> pdu_0x16f3328 -> pdu_0x16f3fc0 -> pdu_0x16f4c58 -> pdu_0x16f58f0 -> pdu_0x16f6588 -> pdu_0x16f7220 -> pdu_0x16f7eb8 -> pdu_0x16f8b50 -> pdu_0x16f97e8 -> pdu_0x16fa480 -> pdu_0x16fb118 -> pdu_0x16fbdb0 -> pdu_0x16fca48 -> pdu_0x16fd6e0 -> pdu_0x16fe378 -> pdu_0x16ff010 -> pdu_0x16ffca8 -> pdu_0x1700940 -> pdu_0x17015d8 -> pdu_0x1702270 -> pdu_0x1702f08 -> pdu_0x1703ba0 -> pdu_0x1704838 -> pdu_0x17054d0 -> pdu_0x1706168 -> pdu_0x1706e00 -> pdu_0x1707a98 -> pdu_0x1708730 -> pdu_0x17093c8 -> pdu_0x170a060 -> pdu_0x170acf8 -> pdu_0x170b990 -> pdu_0x170c628 -> pdu_0x170d2c0 -> pdu_0x170df58 -> pdu_0x170ebf0 -> pdu_0x170f888 -> pdu_0x1710520 -> pdu_0x17111b8 -> pdu_0x1711e50 -> pdu_0x1712ae8 -> pdu_0x1713780 -> pdu_0x1714418 -> pdu_0x17150b0 -> pdu_0x1715d48 -> pdu_0x17169e0 -> pdu_0x1717678 -> pdu_0x1718310 -> pdu_0x1718fa8 -> pdu_0x1719c40 -> pdu_0x171a8d8 -> pdu_0x171b570 -> pdu_0x171c208 -> pdu_0x171cea0 -> pdu_0x171db38 -> pdu_0x171e7d0 -> pdu_0x171f468 -> pdu_0x1720100 -> pdu_0x1720d98 -> pdu_0x1721a30 -> pdu_0x17226c8 -> pdu_0x1723360 -> pdu_0x1723ff8 -> pdu_0x1724c90 -> pdu_0x1725928 -> pdu_0x17265c0 -> pdu_0x1727258 -> pdu_0x1727ef0 -> pdu_0x1728b88 -> pdu_0x1729820 -> pdu_0x172a4b8 -> pdu_0x172b150 -> pdu_0x172bde8 -> pdu_0x172ca80 -> pdu_0x172d718 -> pdu_0x172e3b0 -> pdu_0x172f048 -> pdu_0x172fce0 -> pdu_0x1730978 -> pdu_0x1731610 -> pdu_0x17322a8 -> pdu_0x1732f40 -> pdu_0x1733bd8 -> pdu_0x1734870 -> pdu_0x1735508 -> pdu_0x17361a0 -> pdu_0x1736e38 -> pdu_0x1737ad0 -> pdu_0x1738768 -> pdu_0x1739400 -> pdu_0x173a098 -> pdu_0x173ad30 -> pdu_0x173b9c8 -> pdu_0x173c660 -> pdu_0x173d2f8 -> pdu_0x173df90 -> pdu_0x173ec28 -> pdu_0x173f8c0 -> pdu_0x1740558 -> pdu_0x17411f0 -> pdu_0x1741e88 -> pdu_0x1742b20 -> pdu_0x17437b8 -> pdu_0x1744450 -> pdu_0x17450e8 -> pdu_0x1745d80 -> pdu_0x1746a18 -> pdu_0x17476b0 -> pdu_0x1748348 -> pdu_0x1748fe0 -> pdu_0x1749c78 -> pdu_0x174a910 -> pdu_0x174b5a8 -> pdu_0x174c240 -> pdu_0x174ced8 -> pdu_0x174db70 -> pdu_0x174e808 -> pdu_0x174f4a0 -> pdu_0x1750138 -> pdu_0x1750dd0 -> pdu_0x1751a68 -> pdu_0x1752700 -> pdu_0x1753398 -> pdu_0x1754030 -> pdu_0x1754cc8 -> pdu_0x1755960 -> pdu_0x17565f8 -> pdu_0x1757290 -> pdu_0x1757f28 -> pdu_0x1758bc0 -> pdu_0x1759858 -> pdu_0x175a4f0 -> pdu_0x175b188 -> pdu_0x175be20 -> pdu_0x175cab8 -> pdu_0x175d750 -> pdu_0x175e3e8 -> pdu_0x175f080 -> pdu_0x175fd18 -> pdu_0x17609b0 -> pdu_0x1761648 -> pdu_0x17622e0 -> pdu_0x1762f78 -> pdu_0x1763c10 -> pdu_0x17648a8 -> pdu_0x1765540 -> pdu_0x17661d8 -> pdu_0x1766e70 -> pdu_0x1767b08 -> pdu_0x17687a0 -> pdu_0x1769438 -> pdu_0x176a0d0 -> pdu_0x176ad68 -> pdu_0x176ba00 -> pdu_0x176c698 -> pdu_0x176d330 -> pdu_0x176dfc8 -> pdu_0x176ec60 -> pdu_0x176f8f8 -> pdu_0x1770590 -> pdu_0x1771228 -> pdu_0x1771ec0 -> pdu_0x1772b58 -> pdu_0x17737f0 -> pdu_0x1774488 -> pdu_0x1775120 -> pdu_0x1775db8 -> pdu_0x1776a50 -> pdu_0x17776e8 -> pdu_0x1778380 -> pdu_0x1779018 -> pdu_0x1779cb0 -> pdu_0x177a948 -> pdu_0x177b5e0 -> pdu_0x177c278 -> pdu_0x177cf10 -> pdu_0x177dba8 -> pdu_0x177e840 -> pdu_0x177f4d8 -> pdu_0x1780170 -> pdu_0x1780e08 -> pdu_0x1781aa0 -> pdu_0x1782738 -> pdu_0x17833d0 -> pdu_0x1784068 -> pdu_0x1784d00 -> pdu_0x1785998 -> pdu_0x1786630 -> pdu_0x17872c8 -> pdu_0x1787f60 -> pdu_0x1788bf8 -> pdu_0x1789890 -> pdu_0x178a528 -> pdu_0x178b1c0 -> pdu_0x178be58 -> pdu_0x178caf0 -> pdu_0x178d788 -> pdu_0x178e420 -> pdu_0x178f0b8 -> pdu_0x178fd50 -> pdu_0x17909e8 -> pdu_0x1791680 -> pdu_0x1792318 -> pdu_0x1792fb0 -> pdu_0x1793c48 -> pdu_0x17948e0 -> pdu_0x1795578 -> pdu_0x1796210 -> pdu_0x1796ea8 -> pdu_0x1797b40 -> pdu_0x17987d8 -> pdu_0x1799470 -> pdu_0x179a108 -> pdu_0x179ada0 -> pdu_0x179ba38 -> pdu_0x179c6d0 -> pdu_0x179d368 -> pdu_0x179e000 -> pdu_0x179ec98 -> pdu_0x179f930 -> pdu_0x17a05c8 -> pdu_0x17a1260 -> pdu_0x17a1ef8 -> pdu_0x17a2b90 -> pdu_0x17a3828 -> pdu_0x17a44c0 -> pdu_0x17a5158 -> pdu_0x17a5df0 -> pdu_0x17a6a88 -> pdu_0x17a7720 -> pdu_0x17a83b8 -> pdu_0x17a9050 -> pdu_0x17a9ce8 -> pdu_0x17aa980 -> pdu_0x17ab618 -> pdu_0x17ac2b0 -> pdu_0x17acf48 -> pdu_0x17adbe0 -> pdu_0x17ae878 -> pdu_0x17af510 -> pdu_0x17b01a8 -> pdu_0x17b0e40 -> pdu_0x17b1ad8 -> pdu_0x17b2770 -> pdu_0x17b3408 -> pdu_0x17b40a0 -> pdu_0x17b4d38 -> pdu_0x17b59d0 -> pdu_0x17b6668 -> pdu_0x17b7300 -> pdu_0x17b7f98 -> pdu_0x17b8c30 [label=free_pdus];
Data structure dump 3037
----------------------
hit_0x57fe200 [label="tid_57feb70"];
hit_0x57fe200 -> null [label=free_pdus];
Hit structure dump 0
======================
hit_0x3874200 [label="tid_3874b70"];
hit_0x3874200 -> null [label=free_pdus];
Hit structure dump 0
======================
hit_0xbf8a0ac8 [label="tid_9eea830"];
hit_0xbf8a0ac8  // free_pdus
-> pdu_0xe5e600  // (STOM)
-> pdu_0xe63e28  // (CONN)
[label=free_pdus];
Hit structure dump 2
======================
hit_0x3073200 [label="tid_3073b70"];
hit_0x3073200 -> null [label=free_pdus];
Hit structure dump 0
======================
hit_0x2872200 [label="tid_2872b70"];
hit_0x2872200 -> null [label=free_pdus];
Hit structure dump 0
======================
hit_0x7972200 [label="tid_7972b70"];
hit_0x7972200 -> null [label=free_pdus];
Hit structure dump 0
======================
hit_0x6e84200 [label="tid_6e84b70"];
hit_0x6e84200  // free_pdus
-> pdu_0xe5d968  // (ACK
)
-> pdu_0xe63190  // (RECE)
[label=free_pdus];
Hit structure dump 2
======================
hit_0x8e55200 [label="tid_8e55b70"];
hit_0x8e55200  // free_pdus
-> pdu_0xe64ac0  // (RECE)
[label=free_pdus];
Hit structure dump 1
======================
hit_0x1fba200 [label="tid_1fbab70"];
hit_0x1fba200  // free_pdus
-> pdu_0xe45300  // (ACK
)
[label=free_pdus];
Hit structure dump 1
======================
hit_0x4e40200 [label="tid_4e40b70"];
hit_0x4e40200  // free_pdus
-> pdu_0xe52918  // (STOM)
-> pdu_0xe61860  // (CONN)
[label=free_pdus];
Hit structure dump 2
======================
