FMT0 persist at /var/zxid/bus/ch/default/rYMt0RJQKPO-ncOXXx2S02Tt0jU 'test(0,10,' len=68 rcpt(0)
FMT0 persist at /var/zxid/bus/ch/default/rYMt0RJQKPO-ncOXXx2S02Tt0jU 'test(0,10,' len=68 rcpt(0)
FMT0 persist at /var/zxid/bus/ch/default/9yO16P8-iK_vLT5EV43Pwu4JuLE 'test(0,10,' len=68 rcpt(1)
FMT0 persist at /var/zxid/bus/ch/default/psTI2tNzBtDYlCwCI-8r0Cw7TUw 'test(0,10,' len=68 rcpt(2)
FMT0 persist at /var/zxid/bus/ch/default/psTI2tNzBtDYlCwCI-8r0Cw7TUw 'test(0,10,' len=68 rcpt(2)
FMT0 persist at /var/zxid/bus/ch/default/tkhTUJn5DqjTay9wfCCtgj4WsfU 'test(0,10,' len=68 rcpt(3)
FMT0 persist at /var/zxid/bus/ch/default/tkhTUJn5DqjTay9wfCCtgj4WsfU 'test(0,10,' len=68 rcpt(3)
FMT0 persist at /var/zxid/bus/ch/default/nAzkQJ6J6CHHWJBYO7GbgPStMk4 'test(0,10,' len=68 rcpt(4)
FMT0 persist at /var/zxid/bus/ch/default/nAzkQJ6J6CHHWJBYO7GbgPStMk4 'test(0,10,' len=68 rcpt(4)
FMT0 persist at /var/zxid/bus/ch/default/ffzZKgCiy_piYGPX7Qx6HZyFiC4 'test(0,10,' len=68 rcpt(5)
FMT0 persist at /var/zxid/bus/ch/default/ffzZKgCiy_piYGPX7Qx6HZyFiC4 'test(0,10,' len=68 rcpt(5)
FMT0 persist at /var/zxid/bus/ch/default/NrI-Z78LlDr8J24qCcdC8E-9RQ8 'test(0,10,' len=68 rcpt(6)
FMT0 persist at /var/zxid/bus/ch/default/NrI-Z78LlDr8J24qCcdC8E-9RQ8 'test(0,10,' len=68 rcpt(6)
FMT0 persist at /var/zxid/bus/ch/default/ZuzUWOLDVWLe1HDzMTU8TQb3GP4 'test(0,10,' len=68 rcpt(7)
FMT0 persist at /var/zxid/bus/ch/default/ZuzUWOLDVWLe1HDzMTU8TQb3GP4 'test(0,10,' len=68 rcpt(7)
FMT0 persist at /var/zxid/bus/ch/default/B7qZlh73dmW6sqx0ZIGHOBmJLQs 'test(0,10,' len=68 rcpt(8)
FMT0 persist at /var/zxid/bus/ch/default/B7qZlh73dmW6sqx0ZIGHOBmJLQs 'test(0,10,' len=68 rcpt(8)
FMT0 persist at /var/zxid/bus/ch/default/mqXHkIc2gn9D9VkXTiBgSSdDoIY 'test(0,10,' len=68 rcpt(9)
FMT0 persist at /var/zxid/bus/ch/default/mqXHkIc2gn9D9VkXTiBgSSdDoIY 'test(0,10,' len=68 rcpt(9)
FMT0 persist at /var/zxid/bus/ch/default/QxrxNmK2rvY9b_gUaHj5sVArGZ0 'test(0,10,' len=69 rcpt(10)
FMT0 persist at /var/zxid/bus/ch/default/QxrxNmK2rvY9b_gUaHj5sVArGZ0 'test(0,10,' len=69 rcpt(10)
FMT0 persist at /var/zxid/bus/ch/default/3EZ-8AgfGYncrMsIkUEwZIlJK2o 'test(0,10,' len=68 rcpt(11)
FMT0 persist at /var/zxid/bus/ch/default/3EZ-8AgfGYncrMsIkUEwZIlJK2o 'test(0,10,' len=68 rcpt(11)
FMT0 persist at /var/zxid/bus/ch/default/zwlB-VtGtZxth2xf0tpULDhQokA 'test(0,10,' len=68 rcpt(12)
FMT0 persist at /var/zxid/bus/ch/default/zwlB-VtGtZxth2xf0tpULDhQokA 'test(0,10,' len=68 rcpt(12)
FMT0 persist at /var/zxid/bus/ch/default/QxIDHfy3r90CkjL2woAxfrMTuJ0 'test(0,10,' len=68 rcpt(13)
FMT0 persist at /var/zxid/bus/ch/default/QxIDHfy3r90CkjL2woAxfrMTuJ0 'test(0,10,' len=68 rcpt(13)
FMT0 persist at /var/zxid/bus/ch/default/blbj19OgbRDfjLCcIytnrW165-o 'test(0,10,' len=68 rcpt(14)
FMT0 persist at /var/zxid/bus/ch/default/blbj19OgbRDfjLCcIytnrW165-o 'test(0,10,' len=68 rcpt(14)
FMT0 persist at /var/zxid/bus/ch/default/D_llFTh4uUb93SUG89L2pwr8xec 'test(0,10,' len=68 rcpt(15)
FMT0 persist at /var/zxid/bus/ch/default/D_llFTh4uUb93SUG89L2pwr8xec 'test(0,10,' len=68 rcpt(15)
FMT0 persist at /var/zxid/bus/ch/default/-V6mVUivu5RrWc1f2EtzL3ZuDfc 'test(0,10,' len=68 rcpt(16)
FMT0 persist at /var/zxid/bus/ch/default/-V6mVUivu5RrWc1f2EtzL3ZuDfc 'test(0,10,' len=68 rcpt(16)
FMT0 persist at /var/zxid/bus/ch/default/uykdJOjg6e5bKIMGDtTsJYklFJ0 'test(0,10,' len=68 rcpt(17)
FMT0 persist at /var/zxid/bus/ch/default/uykdJOjg6e5bKIMGDtTsJYklFJ0 'test(0,10,' len=68 rcpt(17)
FMT0 persist at /var/zxid/bus/ch/default/pqBMpS-Erx0eYmsaiW7wsZERE3k 'test(0,10,' len=68 rcpt(18)
FMT0 persist at /var/zxid/bus/ch/default/pqBMpS-Erx0eYmsaiW7wsZERE3k 'test(0,10,' len=68 rcpt(18)
FMT0 persist at /var/zxid/bus/ch/default/xS4gJLIFxw-LnkIpV-3OqLUfGBM 'test(0,10,' len=68 rcpt(19)
FMT0 persist at /var/zxid/bus/ch/default/xS4gJLIFxw-LnkIpV-3OqLUfGBM 'test(0,10,' len=68 rcpt(19)
FMT0 persist at /var/zxid/bus/ch/default/8AtHr4sw0MIJHNW8rIrz8L5ID5k 'test(0,9,2' len=68 rcpt(20)
FMT0 persist at /var/zxid/bus/ch/default/8AtHr4sw0MIJHNW8rIrz8L5ID5k 'test(0,9,2' len=68 rcpt(20)
FMT0 persist at /var/zxid/bus/ch/default/LrkVYD_eYJQVoD9sn2FpUNqNUbY 'test(0,9,1' len=68 rcpt(21)
FMT0 persist at /var/zxid/bus/ch/default/LrkVYD_eYJQVoD9sn2FpUNqNUbY 'test(0,9,1' len=68 rcpt(21)
FMT0 persist at /var/zxid/bus/ch/default/jEMvCvCDSEu43IISTBHJ4U-Td2w 'test(0,9,1' len=68 rcpt(22)
FMT0 persist at /var/zxid/bus/ch/default/jEMvCvCDSEu43IISTBHJ4U-Td2w 'test(0,9,1' len=68 rcpt(22)
FMT0 persist at /var/zxid/bus/ch/default/SiXj-_HIh3p6tr9j36SyA1cpOLw 'test(0,9,1' len=68 rcpt(23)
FMT0 persist at /var/zxid/bus/ch/default/SiXj-_HIh3p6tr9j36SyA1cpOLw 'test(0,9,1' len=68 rcpt(23)
FMT0 persist at /var/zxid/bus/ch/default/-_aBSnqjZzp1gFAadNACD3VzGuM 'test(0,9,1' len=68 rcpt(24)
FMT0 persist at /var/zxid/bus/ch/default/-_aBSnqjZzp1gFAadNACD3VzGuM 'test(0,9,1' len=68 rcpt(24)
FMT0 persist at /var/zxid/bus/ch/default/KlZrimwQMUcfaWN7Xn9fuUMBYSs 'test(0,9,1' len=68 rcpt(25)
FMT0 persist at /var/zxid/bus/ch/default/KlZrimwQMUcfaWN7Xn9fuUMBYSs 'test(0,9,1' len=68 rcpt(25)
FMT0 persist at /var/zxid/bus/ch/default/qtgQdkarjLCnxRT7sPXOQduqLIo 'test(0,9,1' len=68 rcpt(26)
FMT0 persist at /var/zxid/bus/ch/default/qtgQdkarjLCnxRT7sPXOQduqLIo 'test(0,9,1' len=68 rcpt(26)
FMT0 persist at /var/zxid/bus/ch/default/Z-8TiVR6iNxOhpl91jQtW1w0cdA 'test(0,9,1' len=68 rcpt(27)
FMT0 persist at /var/zxid/bus/ch/default/Z-8TiVR6iNxOhpl91jQtW1w0cdA 'test(0,9,1' len=68 rcpt(27)
FMT0 persist at /var/zxid/bus/ch/default/kFieqIQiYcWsT6cnLs5BZleXwPY 'test(0,9,1' len=68 rcpt(28)
FMT0 persist at /var/zxid/bus/ch/default/kFieqIQiYcWsT6cnLs5BZleXwPY 'test(0,9,1' len=68 rcpt(28)
FMT0 persist at /var/zxid/bus/ch/default/cquyAIt4KB6YdriLOSv95lBfol4 'test(0,9,1' len=68 rcpt(29)
FMT0 persist at /var/zxid/bus/ch/default/cquyAIt4KB6YdriLOSv95lBfol4 'test(0,9,1' len=68 rcpt(29)
FMT0 persist at /var/zxid/bus/ch/default/Tvb1RTQvEr8aaO3lQSAXeJ95uL4 'test(0,9,1' len=68 rcpt(30)
FMT0 persist at /var/zxid/bus/ch/default/Tvb1RTQvEr8aaO3lQSAXeJ95uL4 'test(0,9,1' len=68 rcpt(30)
FMT0 persist at /var/zxid/bus/ch/default/-EgLeTpzjOnY4iQSgPSDBwNSKH8 'test(0,9,9' len=67 rcpt(31)
FMT0 persist at /var/zxid/bus/ch/default/-EgLeTpzjOnY4iQSgPSDBwNSKH8 'test(0,9,9' len=67 rcpt(31)
FMT0 persist at /var/zxid/bus/ch/default/Lali4IoR6hWoRexPSAYk7nPZAyI 'test(0,9,8' len=67 rcpt(32)
FMT0 persist at /var/zxid/bus/ch/default/Lali4IoR6hWoRexPSAYk7nPZAyI 'test(0,9,8' len=67 rcpt(32)
FMT0 persist at /var/zxid/bus/ch/default/n9ZQusiRas38T6-p1vy7QO1iizg 'test(0,9,7' len=67 rcpt(33)
FMT0 persist at /var/zxid/bus/ch/default/n9ZQusiRas38T6-p1vy7QO1iizg 'test(0,9,7' len=67 rcpt(33)
FMT0 persist at /var/zxid/bus/ch/default/5-S1-s19S7hM3VLkFnW-_7QF90w 'test(0,9,6' len=67 rcpt(34)
FMT0 persist at /var/zxid/bus/ch/default/5-S1-s19S7hM3VLkFnW-_7QF90w 'test(0,9,6' len=67 rcpt(34)
FMT0 persist at /var/zxid/bus/ch/default/8Kc_-AOeGDbHi8yQXaHVS7D9Uog 'test(0,9,5' len=67 rcpt(35)
FMT0 persist at /var/zxid/bus/ch/default/8Kc_-AOeGDbHi8yQXaHVS7D9Uog 'test(0,9,5' len=67 rcpt(35)
FMT0 persist at /var/zxid/bus/ch/default/qX_R9Hr4P9mhXN2HbK93PZ3G_yA 'test(0,9,4' len=67 rcpt(36)
FMT0 persist at /var/zxid/bus/ch/default/qX_R9Hr4P9mhXN2HbK93PZ3G_yA 'test(0,9,4' len=67 rcpt(36)
FMT0 persist at /var/zxid/bus/ch/default/fglhWCAVzp5D7hRoCZiLaPCXEvw 'test(0,9,3' len=67 rcpt(37)
FMT0 persist at /var/zxid/bus/ch/default/fglhWCAVzp5D7hRoCZiLaPCXEvw 'test(0,9,3' len=67 rcpt(37)
FMT0 persist at /var/zxid/bus/ch/default/k-h7lrItIRehGKaoKufr3tqkyXU 'test(0,9,2' len=67 rcpt(38)
FMT0 persist at /var/zxid/bus/ch/default/k-h7lrItIRehGKaoKufr3tqkyXU 'test(0,9,2' len=67 rcpt(38)
FMT0 persist at /var/zxid/bus/ch/default/P2_je_7bk2AYCu3qhxSKcPu_dhk 'test(0,9,1' len=67 rcpt(39)
FMT0 persist at /var/zxid/bus/ch/default/P2_je_7bk2AYCu3qhxSKcPu_dhk 'test(0,9,1' len=67 rcpt(39)
FMT0 persist at /var/zxid/bus/ch/default/CM9HlOYCxrUD_bmTMuK77CzhUuo 'test(0,8,2' len=68 rcpt(40)
FMT0 persist at /var/zxid/bus/ch/default/CM9HlOYCxrUD_bmTMuK77CzhUuo 'test(0,8,2' len=68 rcpt(40)
FMT0 persist at /var/zxid/bus/ch/default/9cjbpALQ5O7JcJSuiRxCSfdhpCc 'test(0,8,1' len=68 rcpt(41)
FMT0 persist at /var/zxid/bus/ch/default/9cjbpALQ5O7JcJSuiRxCSfdhpCc 'test(0,8,1' len=68 rcpt(41)
FMT0 persist at /var/zxid/bus/ch/default/Bplr0qhwWx_TmBp87wszBmPORns 'test(0,8,1' len=68 rcpt(42)
FMT0 persist at /var/zxid/bus/ch/default/Bplr0qhwWx_TmBp87wszBmPORns 'test(0,8,1' len=68 rcpt(42)
FMT0 persist at /var/zxid/bus/ch/default/ilvPwBZsgpLFWn2HLJPQgBYqwTY 'test(0,8,1' len=68 rcpt(43)
FMT0 persist at /var/zxid/bus/ch/default/ilvPwBZsgpLFWn2HLJPQgBYqwTY 'test(0,8,1' len=68 rcpt(43)
FMT0 persist at /var/zxid/bus/ch/default/IaLw02x0aGF5bCIL3c01jhDZZKg 'test(0,8,1' len=68 rcpt(44)
FMT0 persist at /var/zxid/bus/ch/default/IaLw02x0aGF5bCIL3c01jhDZZKg 'test(0,8,1' len=68 rcpt(44)
FMT0 persist at /var/zxid/bus/ch/default/o38XpiJXEMVWPlNK-gIcD5wkOrc 'test(0,8,1' len=68 rcpt(45)
FMT0 persist at /var/zxid/bus/ch/default/o38XpiJXEMVWPlNK-gIcD5wkOrc 'test(0,8,1' len=68 rcpt(45)
FMT0 persist at /var/zxid/bus/ch/default/fgdRXq3WtwcCL3cumfWkirWdr-I 'test(0,8,1' len=68 rcpt(46)
FMT0 persist at /var/zxid/bus/ch/default/fgdRXq3WtwcCL3cumfWkirWdr-I 'test(0,8,1' len=68 rcpt(46)
FMT0 persist at /var/zxid/bus/ch/default/ebT2sDst1UnbHkjYBXsw8Uuzwo4 'test(0,8,1' len=68 rcpt(47)
FMT0 persist at /var/zxid/bus/ch/default/ebT2sDst1UnbHkjYBXsw8Uuzwo4 'test(0,8,1' len=68 rcpt(47)
FMT0 persist at /var/zxid/bus/ch/default/X2fw7IfBGvqzB1qz6xKwkGGg2a4 'test(0,8,1' len=68 rcpt(48)
FMT0 persist at /var/zxid/bus/ch/default/X2fw7IfBGvqzB1qz6xKwkGGg2a4 'test(0,8,1' len=68 rcpt(48)
FMT0 persist at /var/zxid/bus/ch/default/qEmOp41AJsaGK4wQI3HuuuFabmI 'test(0,8,1' len=68 rcpt(49)
FMT0 persist at /var/zxid/bus/ch/default/qEmOp41AJsaGK4wQI3HuuuFabmI 'test(0,8,1' len=68 rcpt(49)
FMT0 persist at /var/zxid/bus/ch/default/8B1KAZ2qWu_i4RTfaDD-AYc5WMU 'test(0,8,1' len=68 rcpt(50)
FMT0 persist at /var/zxid/bus/ch/default/8B1KAZ2qWu_i4RTfaDD-AYc5WMU 'test(0,8,1' len=68 rcpt(50)
FMT0 persist at /var/zxid/bus/ch/default/zfe4vXcS9klrWMQTAvuCfBYKako 'test(0,8,9' len=67 rcpt(51)
FMT0 persist at /var/zxid/bus/ch/default/zfe4vXcS9klrWMQTAvuCfBYKako 'test(0,8,9' len=67 rcpt(51)
FMT0 persist at /var/zxid/bus/ch/default/O9jpHzyUdT-I2GYV6n15bR5oesY 'test(0,8,8' len=67 rcpt(52)
FMT0 persist at /var/zxid/bus/ch/default/O9jpHzyUdT-I2GYV6n15bR5oesY 'test(0,8,8' len=67 rcpt(52)
FMT0 persist at /var/zxid/bus/ch/default/CJZp1LClGJbePQPXwGIlQvPJ3t0 'test(0,8,7' len=67 rcpt(53)
FMT0 persist at /var/zxid/bus/ch/default/CJZp1LClGJbePQPXwGIlQvPJ3t0 'test(0,8,7' len=67 rcpt(53)
FMT0 persist at /var/zxid/bus/ch/default/th4tyeOx3aCugIT9BUIcHZvltWs 'test(0,8,6' len=67 rcpt(54)
FMT0 persist at /var/zxid/bus/ch/default/th4tyeOx3aCugIT9BUIcHZvltWs 'test(0,8,6' len=67 rcpt(54)
FMT0 persist at /var/zxid/bus/ch/default/8sSgcFHiyhrxsXedmsAVSHJW9Ug 'test(0,8,5' len=67 rcpt(55)
FMT0 persist at /var/zxid/bus/ch/default/8sSgcFHiyhrxsXedmsAVSHJW9Ug 'test(0,8,5' len=67 rcpt(55)
FMT0 persist at /var/zxid/bus/ch/default/HCiyuXL7gFlSKerx7OlYd3CEYQM 'test(0,8,4' len=67 rcpt(56)
FMT0 persist at /var/zxid/bus/ch/default/HCiyuXL7gFlSKerx7OlYd3CEYQM 'test(0,8,4' len=67 rcpt(56)
FMT0 persist at /var/zxid/bus/ch/default/4GbGLCRMxDzHcfEQYTKdcWLU13k 'test(0,8,3' len=67 rcpt(57)
FMT0 persist at /var/zxid/bus/ch/default/4GbGLCRMxDzHcfEQYTKdcWLU13k 'test(0,8,3' len=67 rcpt(57)
FMT0 persist at /var/zxid/bus/ch/default/U8DkG2j5wz7Xi4PTjGZKPAT14Xo 'test(0,8,2' len=67 rcpt(58)
FMT0 persist at /var/zxid/bus/ch/default/U8DkG2j5wz7Xi4PTjGZKPAT14Xo 'test(0,8,2' len=67 rcpt(58)
FMT0 persist at /var/zxid/bus/ch/default/zueR7x6oCesPYc2oHWDoekOSes0 'test(0,8,1' len=67 rcpt(59)
FMT0 persist at /var/zxid/bus/ch/default/zueR7x6oCesPYc2oHWDoekOSes0 'test(0,8,1' len=67 rcpt(59)
FMT0 persist at /var/zxid/bus/ch/default/STdGdkOR-4tPIcp2vJyA0YTXQwE 'test(0,7,2' len=68 rcpt(60)
FMT0 persist at /var/zxid/bus/ch/default/STdGdkOR-4tPIcp2vJyA0YTXQwE 'test(0,7,2' len=68 rcpt(60)
FMT0 persist at /var/zxid/bus/ch/default/J9wl9dvf2ZS5CNDmbo4jJchfHO0 'test(0,7,1' len=68 rcpt(61)
FMT0 persist at /var/zxid/bus/ch/default/J9wl9dvf2ZS5CNDmbo4jJchfHO0 'test(0,7,1' len=68 rcpt(61)
FMT0 persist at /var/zxid/bus/ch/default/V_egvIR9S8JFcP9enznYvMnuCSs 'test(0,7,1' len=68 rcpt(62)
FMT0 persist at /var/zxid/bus/ch/default/V_egvIR9S8JFcP9enznYvMnuCSs 'test(0,7,1' len=68 rcpt(62)
FMT0 persist at /var/zxid/bus/ch/default/mv91CdApJJPSUNM89EOxGkltTRA 'test(0,7,1' len=68 rcpt(63)
FMT0 persist at /var/zxid/bus/ch/default/mv91CdApJJPSUNM89EOxGkltTRA 'test(0,7,1' len=68 rcpt(63)
FMT0 persist at /var/zxid/bus/ch/default/iwYRr_atyRoHTXMzJZsP5-pztOU 'test(0,7,1' len=68 rcpt(64)
FMT0 persist at /var/zxid/bus/ch/default/iwYRr_atyRoHTXMzJZsP5-pztOU 'test(0,7,1' len=68 rcpt(64)
FMT0 persist at /var/zxid/bus/ch/default/NKd-0vOibqIjtlLs0cRXf0TjSeI 'test(0,7,1' len=68 rcpt(65)
FMT0 persist at /var/zxid/bus/ch/default/NKd-0vOibqIjtlLs0cRXf0TjSeI 'test(0,7,1' len=68 rcpt(65)
FMT0 persist at /var/zxid/bus/ch/default/44arYJVfVKz_wa53XDmywVfQ2dk 'test(0,7,1' len=68 rcpt(66)
FMT0 persist at /var/zxid/bus/ch/default/44arYJVfVKz_wa53XDmywVfQ2dk 'test(0,7,1' len=68 rcpt(66)
FMT0 persist at /var/zxid/bus/ch/default/IOkRRVD0xII2OBjNtlknFYnhvn0 'test(0,7,1' len=68 rcpt(67)
FMT0 persist at /var/zxid/bus/ch/default/IOkRRVD0xII2OBjNtlknFYnhvn0 'test(0,7,1' len=68 rcpt(67)
FMT0 persist at /var/zxid/bus/ch/default/6or-FeH9P5AQ5wAVLFO3Xqp2Sz0 'test(0,7,1' len=68 rcpt(68)
FMT0 persist at /var/zxid/bus/ch/default/6or-FeH9P5AQ5wAVLFO3Xqp2Sz0 'test(0,7,1' len=68 rcpt(68)
FMT0 persist at /var/zxid/bus/ch/default/9vvrfwkHWMYuGJzoltH8OBYUMXA 'test(0,7,1' len=68 rcpt(69)
FMT0 persist at /var/zxid/bus/ch/default/9vvrfwkHWMYuGJzoltH8OBYUMXA 'test(0,7,1' len=68 rcpt(69)
FMT0 persist at /var/zxid/bus/ch/default/0mT_xKUflSimiEhSyo3fvcx0pF0 'test(0,7,1' len=68 rcpt(70)
FMT0 persist at /var/zxid/bus/ch/default/0mT_xKUflSimiEhSyo3fvcx0pF0 'test(0,7,1' len=68 rcpt(70)
FMT0 persist at /var/zxid/bus/ch/default/5bv1rGm2ZF0x3Oer4AOtVGHPL6w 'test(0,7,9' len=67 rcpt(71)
FMT0 persist at /var/zxid/bus/ch/default/5bv1rGm2ZF0x3Oer4AOtVGHPL6w 'test(0,7,9' len=67 rcpt(71)
FMT0 persist at /var/zxid/bus/ch/default/pbSkMRtKeKFOIJcR6O6s29nJoY0 'test(0,7,8' len=67 rcpt(72)
FMT0 persist at /var/zxid/bus/ch/default/pbSkMRtKeKFOIJcR6O6s29nJoY0 'test(0,7,8' len=67 rcpt(72)
FMT0 persist at /var/zxid/bus/ch/default/3a2-FlU8-Vo0skT6qg8TL_9icAk 'test(0,7,7' len=67 rcpt(73)
FMT0 persist at /var/zxid/bus/ch/default/3a2-FlU8-Vo0skT6qg8TL_9icAk 'test(0,7,7' len=67 rcpt(73)
FMT0 persist at /var/zxid/bus/ch/default/y6R-xnFnoPwS1GfQVSGFcrqUXZY 'test(0,7,6' len=67 rcpt(74)
FMT0 persist at /var/zxid/bus/ch/default/y6R-xnFnoPwS1GfQVSGFcrqUXZY 'test(0,7,6' len=67 rcpt(74)
FMT0 persist at /var/zxid/bus/ch/default/HeSt9uY1Wc9QHDUCaLKg4N3AnVg 'test(0,7,5' len=67 rcpt(75)
FMT0 persist at /var/zxid/bus/ch/default/HeSt9uY1Wc9QHDUCaLKg4N3AnVg 'test(0,7,5' len=67 rcpt(75)
FMT0 persist at /var/zxid/bus/ch/default/NETHvh1U65p2efvqA_jqtXtitLY 'test(0,7,4' len=67 rcpt(76)
FMT0 persist at /var/zxid/bus/ch/default/NETHvh1U65p2efvqA_jqtXtitLY 'test(0,7,4' len=67 rcpt(76)
FMT0 persist at /var/zxid/bus/ch/default/2oE4xvDzcNnAocBxZxHMhC8nO9A 'test(0,7,3' len=67 rcpt(77)
FMT0 persist at /var/zxid/bus/ch/default/2oE4xvDzcNnAocBxZxHMhC8nO9A 'test(0,7,3' len=67 rcpt(77)
FMT0 persist at /var/zxid/bus/ch/default/aevQ97yBPwd2R0HXHCKU10ZlwFU 'test(0,7,2' len=67 rcpt(78)
FMT0 persist at /var/zxid/bus/ch/default/aevQ97yBPwd2R0HXHCKU10ZlwFU 'test(0,7,2' len=67 rcpt(78)
FMT0 persist at /var/zxid/bus/ch/default/XCcj5cYbiaxWHxDjf03XS9UxaO0 'test(0,7,1' len=67 rcpt(79)
FMT0 persist at /var/zxid/bus/ch/default/XCcj5cYbiaxWHxDjf03XS9UxaO0 'test(0,7,1' len=67 rcpt(79)
FMT0 persist at /var/zxid/bus/ch/default/6yqqGaB24up6M1rHRiKcdQqd8cQ 'test(0,6,2' len=68 rcpt(80)
FMT0 persist at /var/zxid/bus/ch/default/6yqqGaB24up6M1rHRiKcdQqd8cQ 'test(0,6,2' len=68 rcpt(80)
FMT0 persist at /var/zxid/bus/ch/default/oNw0DyBdFb6sDW32-cRBrTcdG_I 'test(0,6,1' len=68 rcpt(81)
FMT0 persist at /var/zxid/bus/ch/default/oNw0DyBdFb6sDW32-cRBrTcdG_I 'test(0,6,1' len=68 rcpt(81)
FMT0 persist at /var/zxid/bus/ch/default/poDhReQetZmD_Id5cxJPRto-JDg 'test(0,6,1' len=68 rcpt(82)
FMT0 persist at /var/zxid/bus/ch/default/poDhReQetZmD_Id5cxJPRto-JDg 'test(0,6,1' len=68 rcpt(82)
FMT0 persist at /var/zxid/bus/ch/default/tmdry9K2Jqr-SdXno6KUfVlXtgs 'test(0,6,1' len=68 rcpt(83)
FMT0 persist at /var/zxid/bus/ch/default/tmdry9K2Jqr-SdXno6KUfVlXtgs 'test(0,6,1' len=68 rcpt(83)
FMT0 persist at /var/zxid/bus/ch/default/NxLl9ERPhizLzgpcySRiWzrBaXU 'test(0,6,1' len=68 rcpt(84)
FMT0 persist at /var/zxid/bus/ch/default/NxLl9ERPhizLzgpcySRiWzrBaXU 'test(0,6,1' len=68 rcpt(84)
FMT0 persist at /var/zxid/bus/ch/default/2bBHrUZSQMayi_cQq8ZrCgjsE50 'test(0,6,1' len=68 rcpt(85)
FMT0 persist at /var/zxid/bus/ch/default/2bBHrUZSQMayi_cQq8ZrCgjsE50 'test(0,6,1' len=68 rcpt(85)
FMT0 persist at /var/zxid/bus/ch/default/_RX6XggBpS6PNOHVyzcIarR_FgA 'test(0,6,1' len=68 rcpt(86)
FMT0 persist at /var/zxid/bus/ch/default/_RX6XggBpS6PNOHVyzcIarR_FgA 'test(0,6,1' len=68 rcpt(86)
FMT0 persist at /var/zxid/bus/ch/default/biiBEwF7Q29ZjJxDA1uIr7j8qfM 'test(0,6,1' len=68 rcpt(87)
FMT0 persist at /var/zxid/bus/ch/default/biiBEwF7Q29ZjJxDA1uIr7j8qfM 'test(0,6,1' len=68 rcpt(87)
FMT0 persist at /var/zxid/bus/ch/default/epup8uubZ_Ub6g-UWoHas3BOmUo 'test(0,6,1' len=68 rcpt(88)
FMT0 persist at /var/zxid/bus/ch/default/epup8uubZ_Ub6g-UWoHas3BOmUo 'test(0,6,1' len=68 rcpt(88)
FMT0 persist at /var/zxid/bus/ch/default/vjV_tNaiszdeZrrugfXR6NTleCc 'test(0,6,1' len=68 rcpt(89)
FMT0 persist at /var/zxid/bus/ch/default/vjV_tNaiszdeZrrugfXR6NTleCc 'test(0,6,1' len=68 rcpt(89)
FMT0 persist at /var/zxid/bus/ch/default/3X6FRqgydFQdN4VQYTEFbHD9C9k 'test(0,6,1' len=68 rcpt(90)
FMT0 persist at /var/zxid/bus/ch/default/3X6FRqgydFQdN4VQYTEFbHD9C9k 'test(0,6,1' len=68 rcpt(90)
FMT0 persist at /var/zxid/bus/ch/default/W5z83DtcYDAbuikDnY2h8VsZNqo 'test(0,6,9' len=67 rcpt(91)
FMT0 persist at /var/zxid/bus/ch/default/W5z83DtcYDAbuikDnY2h8VsZNqo 'test(0,6,9' len=67 rcpt(91)
FMT0 persist at /var/zxid/bus/ch/default/LxScuReoVVNzL8p4ZqSzhydxBgw 'test(0,6,8' len=67 rcpt(92)
FMT0 persist at /var/zxid/bus/ch/default/LxScuReoVVNzL8p4ZqSzhydxBgw 'test(0,6,8' len=67 rcpt(92)
FMT0 persist at /var/zxid/bus/ch/default/pRwg0dOHX0YsA3-d_53RX03uVTw 'test(0,6,7' len=67 rcpt(93)
FMT0 persist at /var/zxid/bus/ch/default/pRwg0dOHX0YsA3-d_53RX03uVTw 'test(0,6,7' len=67 rcpt(93)
FMT0 persist at /var/zxid/bus/ch/default/DeBa0VtA2Hbh4mYplqXEjZEUIeA 'test(0,6,6' len=67 rcpt(94)
FMT0 persist at /var/zxid/bus/ch/default/DeBa0VtA2Hbh4mYplqXEjZEUIeA 'test(0,6,6' len=67 rcpt(94)
FMT0 persist at /var/zxid/bus/ch/default/YwAXxj0dN49m6JBjqN8v5P2cdeM 'test(0,6,5' len=67 rcpt(95)
FMT0 persist at /var/zxid/bus/ch/default/YwAXxj0dN49m6JBjqN8v5P2cdeM 'test(0,6,5' len=67 rcpt(95)
FMT0 persist at /var/zxid/bus/ch/default/UtWxBo6iFs17qYrFsV5E6sdnEDc 'test(0,6,4' len=67 rcpt(96)
FMT0 persist at /var/zxid/bus/ch/default/UtWxBo6iFs17qYrFsV5E6sdnEDc 'test(0,6,4' len=67 rcpt(96)
FMT0 persist at /var/zxid/bus/ch/default/4n5rQfrA9dclmt1ny5jZ6n3U-m4 'test(0,6,3' len=67 rcpt(97)
FMT0 persist at /var/zxid/bus/ch/default/4n5rQfrA9dclmt1ny5jZ6n3U-m4 'test(0,6,3' len=67 rcpt(97)
FMT0 persist at /var/zxid/bus/ch/default/6-CF3SeV0p322uANL9cc2cUlcbg 'test(0,6,2' len=67 rcpt(98)
FMT0 persist at /var/zxid/bus/ch/default/6-CF3SeV0p322uANL9cc2cUlcbg 'test(0,6,2' len=67 rcpt(98)
FMT0 persist at /var/zxid/bus/ch/default/XlimIC3LMSMBF2t6T2qzyA7-nFs 'test(0,6,1' len=67 rcpt(99)
FMT0 persist at /var/zxid/bus/ch/default/XlimIC3LMSMBF2t6T2qzyA7-nFs 'test(0,6,1' len=67 rcpt(99)
FMT0 persist at /var/zxid/bus/ch/default/FdQDLunLsyNWkwVdtKqH9bvBQ54 'test(0,5,2' len=69 rcpt(100)
FMT0 persist at /var/zxid/bus/ch/default/FdQDLunLsyNWkwVdtKqH9bvBQ54 'test(0,5,2' len=69 rcpt(100)
FMT0 persist at /var/zxid/bus/ch/default/eIS144uNERC4SlEZ7HcOBFyuJpo 'test(0,5,1' len=69 rcpt(101)
FMT0 persist at /var/zxid/bus/ch/default/eIS144uNERC4SlEZ7HcOBFyuJpo 'test(0,5,1' len=69 rcpt(101)
FMT0 persist at /var/zxid/bus/ch/default/IWmd4qGJRTuIKSmZl0zU0DjzuIE 'test(0,5,1' len=69 rcpt(102)
FMT0 persist at /var/zxid/bus/ch/default/IWmd4qGJRTuIKSmZl0zU0DjzuIE 'test(0,5,1' len=69 rcpt(102)
FMT0 persist at /var/zxid/bus/ch/default/bkZuPdB1tTns-Mqilr3KdhCkgYo 'test(0,5,1' len=69 rcpt(103)
FMT0 persist at /var/zxid/bus/ch/default/bkZuPdB1tTns-Mqilr3KdhCkgYo 'test(0,5,1' len=69 rcpt(103)
FMT0 persist at /var/zxid/bus/ch/default/xzjHJSidoZo0KIlTkfd0sktGJGQ 'test(0,5,1' len=69 rcpt(104)
FMT0 persist at /var/zxid/bus/ch/default/xzjHJSidoZo0KIlTkfd0sktGJGQ 'test(0,5,1' len=69 rcpt(104)
FMT0 persist at /var/zxid/bus/ch/default/lYlbk_kjDYCoojFOg2XvnJZMlqM 'test(0,5,1' len=69 rcpt(105)
FMT0 persist at /var/zxid/bus/ch/default/lYlbk_kjDYCoojFOg2XvnJZMlqM 'test(0,5,1' len=69 rcpt(105)
FMT0 persist at /var/zxid/bus/ch/default/absQjOkPG1I7lZESU907llpYcbU 'test(0,5,1' len=69 rcpt(106)
FMT0 persist at /var/zxid/bus/ch/default/absQjOkPG1I7lZESU907llpYcbU 'test(0,5,1' len=69 rcpt(106)
FMT0 persist at /var/zxid/bus/ch/default/tltS_YsOt4SCLdT7XQtBV_SCTWA 'test(0,5,1' len=69 rcpt(107)
FMT0 persist at /var/zxid/bus/ch/default/tltS_YsOt4SCLdT7XQtBV_SCTWA 'test(0,5,1' len=69 rcpt(107)
FMT0 persist at /var/zxid/bus/ch/default/CEgD_aBM1dSwxcHbeWJJ6O-9vgw 'test(0,5,1' len=69 rcpt(108)
FMT0 persist at /var/zxid/bus/ch/default/CEgD_aBM1dSwxcHbeWJJ6O-9vgw 'test(0,5,1' len=69 rcpt(108)
FMT0 persist at /var/zxid/bus/ch/default/YK3qW1YmaH45fMQIqQdvm63D5TM 'test(0,5,1' len=69 rcpt(109)
FMT0 persist at /var/zxid/bus/ch/default/YK3qW1YmaH45fMQIqQdvm63D5TM 'test(0,5,1' len=69 rcpt(109)
FMT0 persist at /var/zxid/bus/ch/default/EBCgFBUnn-y_tIcL5McJnq24BAA 'test(0,5,1' len=69 rcpt(110)
FMT0 persist at /var/zxid/bus/ch/default/EBCgFBUnn-y_tIcL5McJnq24BAA 'test(0,5,1' len=69 rcpt(110)
FMT0 persist at /var/zxid/bus/ch/default/Y3ECtW4GjoQ3JtChHfUaPrhssyo 'test(0,5,9' len=68 rcpt(111)
FMT0 persist at /var/zxid/bus/ch/default/Y3ECtW4GjoQ3JtChHfUaPrhssyo 'test(0,5,9' len=68 rcpt(111)
FMT0 persist at /var/zxid/bus/ch/default/iqp8JElD5fSQJ307LlRDMXh893U 'test(0,5,8' len=68 rcpt(112)
FMT0 persist at /var/zxid/bus/ch/default/iqp8JElD5fSQJ307LlRDMXh893U 'test(0,5,8' len=68 rcpt(112)
FMT0 persist at /var/zxid/bus/ch/default/EjDlt9H3j3VYXVEmkZjEqM1obTw 'test(0,5,7' len=68 rcpt(113)
FMT0 persist at /var/zxid/bus/ch/default/EjDlt9H3j3VYXVEmkZjEqM1obTw 'test(0,5,7' len=68 rcpt(113)
FMT0 persist at /var/zxid/bus/ch/default/81h7DjgJMJE2vP-ZKLzMlpt4nS0 'test(0,5,6' len=68 rcpt(114)
FMT0 persist at /var/zxid/bus/ch/default/81h7DjgJMJE2vP-ZKLzMlpt4nS0 'test(0,5,6' len=68 rcpt(114)
FMT0 persist at /var/zxid/bus/ch/default/Xf--92jtpiU70c1T-YaDLc2ADPY 'test(0,5,5' len=68 rcpt(115)
FMT0 persist at /var/zxid/bus/ch/default/Xf--92jtpiU70c1T-YaDLc2ADPY 'test(0,5,5' len=68 rcpt(115)
FMT0 persist at /var/zxid/bus/ch/default/_WSSkc45LQJl0bkezj3XQhWTIGI 'test(0,5,4' len=68 rcpt(116)
FMT0 persist at /var/zxid/bus/ch/default/_WSSkc45LQJl0bkezj3XQhWTIGI 'test(0,5,4' len=68 rcpt(116)
FMT0 persist at /var/zxid/bus/ch/default/OLoZwJ73710CA6ZYAqruHfF-UO8 'test(0,5,3' len=68 rcpt(117)
FMT0 persist at /var/zxid/bus/ch/default/OLoZwJ73710CA6ZYAqruHfF-UO8 'test(0,5,3' len=68 rcpt(117)
FMT0 persist at /var/zxid/bus/ch/default/Ns3JGzGw6VPIXv8CWNr6uWAh3RA 'test(0,5,2' len=68 rcpt(118)
FMT0 persist at /var/zxid/bus/ch/default/Ns3JGzGw6VPIXv8CWNr6uWAh3RA 'test(0,5,2' len=68 rcpt(118)
FMT0 persist at /var/zxid/bus/ch/default/MMYpjAV8cpBU6ckOVzWvCSSCyY4 'test(0,5,1' len=68 rcpt(119)
FMT0 persist at /var/zxid/bus/ch/default/MMYpjAV8cpBU6ckOVzWvCSSCyY4 'test(0,5,1' len=68 rcpt(119)
FMT0 persist at /var/zxid/bus/ch/default/IjFt_U1xXWds--tCeLzdoK3DhFA 'test(0,4,2' len=69 rcpt(120)
FMT0 persist at /var/zxid/bus/ch/default/IjFt_U1xXWds--tCeLzdoK3DhFA 'test(0,4,2' len=69 rcpt(120)
FMT0 persist at /var/zxid/bus/ch/default/tFdtasCGOhYM1czE7vr-vR_Lw2M 'test(0,4,1' len=69 rcpt(121)
FMT0 persist at /var/zxid/bus/ch/default/tFdtasCGOhYM1czE7vr-vR_Lw2M 'test(0,4,1' len=69 rcpt(121)
FMT0 persist at /var/zxid/bus/ch/default/SpA4mKcgyfNPVuzoI_JeflVpieU 'test(0,4,1' len=69 rcpt(122)
FMT0 persist at /var/zxid/bus/ch/default/SpA4mKcgyfNPVuzoI_JeflVpieU 'test(0,4,1' len=69 rcpt(122)
FMT0 persist at /var/zxid/bus/ch/default/uH_9iSL8Xap2I1fiTi_52mIwXl4 'test(0,4,1' len=69 rcpt(123)
FMT0 persist at /var/zxid/bus/ch/default/uH_9iSL8Xap2I1fiTi_52mIwXl4 'test(0,4,1' len=69 rcpt(123)
FMT0 persist at /var/zxid/bus/ch/default/LWaGH56BWjIg2PtKQIHNLfZWgQQ 'test(0,4,1' len=69 rcpt(124)
FMT0 persist at /var/zxid/bus/ch/default/LWaGH56BWjIg2PtKQIHNLfZWgQQ 'test(0,4,1' len=69 rcpt(124)
FMT0 persist at /var/zxid/bus/ch/default/rk_QFoAreMc26AfwfXFNzW2_h1w 'test(0,4,1' len=69 rcpt(125)
FMT0 persist at /var/zxid/bus/ch/default/rk_QFoAreMc26AfwfXFNzW2_h1w 'test(0,4,1' len=69 rcpt(125)
FMT0 persist at /var/zxid/bus/ch/default/GaRYFcW5B2MkLEuq8WA3E0P7nYQ 'test(0,4,1' len=69 rcpt(126)
FMT0 persist at /var/zxid/bus/ch/default/GaRYFcW5B2MkLEuq8WA3E0P7nYQ 'test(0,4,1' len=69 rcpt(126)
FMT0 persist at /var/zxid/bus/ch/default/raro2zweVNt1Tb2RlWeO7eWzpIQ 'test(0,4,1' len=69 rcpt(127)
FMT0 persist at /var/zxid/bus/ch/default/raro2zweVNt1Tb2RlWeO7eWzpIQ 'test(0,4,1' len=69 rcpt(127)
FMT0 persist at /var/zxid/bus/ch/default/06xKb_NCxr8BLEJptH1E9kZa3IU 'test(0,4,1' len=69 rcpt(128)
FMT0 persist at /var/zxid/bus/ch/default/06xKb_NCxr8BLEJptH1E9kZa3IU 'test(0,4,1' len=69 rcpt(128)
FMT0 persist at /var/zxid/bus/ch/default/bU2iSsW8p1JgdigsLKmfm1xRbo8 'test(0,4,1' len=69 rcpt(129)
FMT0 persist at /var/zxid/bus/ch/default/bU2iSsW8p1JgdigsLKmfm1xRbo8 'test(0,4,1' len=69 rcpt(129)
FMT0 persist at /var/zxid/bus/ch/default/FW8l79Egfr0sfxiqiGaG5-HDPgw 'test(0,4,1' len=69 rcpt(130)
FMT0 persist at /var/zxid/bus/ch/default/FW8l79Egfr0sfxiqiGaG5-HDPgw 'test(0,4,1' len=69 rcpt(130)
FMT0 persist at /var/zxid/bus/ch/default/ogBfvOIksFW5KtnkSPocOfQ-xZQ 'test(0,4,9' len=68 rcpt(131)
FMT0 persist at /var/zxid/bus/ch/default/ogBfvOIksFW5KtnkSPocOfQ-xZQ 'test(0,4,9' len=68 rcpt(131)
FMT0 persist at /var/zxid/bus/ch/default/_tkR3py3NLY4lp53rtrcVKx4l7w 'test(0,4,8' len=68 rcpt(132)
FMT0 persist at /var/zxid/bus/ch/default/_tkR3py3NLY4lp53rtrcVKx4l7w 'test(0,4,8' len=68 rcpt(132)
FMT0 persist at /var/zxid/bus/ch/default/HSpeArwv9a-vjdx0NhiQRrIiGhI 'test(0,4,7' len=68 rcpt(133)
FMT0 persist at /var/zxid/bus/ch/default/HSpeArwv9a-vjdx0NhiQRrIiGhI 'test(0,4,7' len=68 rcpt(133)
FMT0 persist at /var/zxid/bus/ch/default/bKQjk2GHcWPuzNFyQkl2OWA-xl0 'test(0,4,6' len=68 rcpt(134)
FMT0 persist at /var/zxid/bus/ch/default/bKQjk2GHcWPuzNFyQkl2OWA-xl0 'test(0,4,6' len=68 rcpt(134)
FMT0 persist at /var/zxid/bus/ch/default/SBGibI9tWwGpy5KsHlh7q4lMRAk 'test(0,4,5' len=68 rcpt(135)
FMT0 persist at /var/zxid/bus/ch/default/SBGibI9tWwGpy5KsHlh7q4lMRAk 'test(0,4,5' len=68 rcpt(135)
FMT0 persist at /var/zxid/bus/ch/default/r713M39TPmERxsx99Qp7Ao18GlM 'test(0,4,4' len=68 rcpt(136)
FMT0 persist at /var/zxid/bus/ch/default/r713M39TPmERxsx99Qp7Ao18GlM 'test(0,4,4' len=68 rcpt(136)
FMT0 persist at /var/zxid/bus/ch/default/E744RcQwnW9UHYauQJ-CJc5GHog 'test(0,4,3' len=68 rcpt(137)
FMT0 persist at /var/zxid/bus/ch/default/E744RcQwnW9UHYauQJ-CJc5GHog 'test(0,4,3' len=68 rcpt(137)
FMT0 persist at /var/zxid/bus/ch/default/OWob7PQ0bNXM5eKfTJFFpgaq8ws 'test(0,4,2' len=68 rcpt(138)
FMT0 persist at /var/zxid/bus/ch/default/OWob7PQ0bNXM5eKfTJFFpgaq8ws 'test(0,4,2' len=68 rcpt(138)
FMT0 persist at /var/zxid/bus/ch/default/LP3l3ai-9Ru9lk3DDIyESyZN7H4 'test(0,4,1' len=68 rcpt(139)
FMT0 persist at /var/zxid/bus/ch/default/LP3l3ai-9Ru9lk3DDIyESyZN7H4 'test(0,4,1' len=68 rcpt(139)
FMT0 persist at /var/zxid/bus/ch/default/-8AEDwkUHbS7fFaJZx0eEvBlXlE 'test(0,3,2' len=69 rcpt(140)
FMT0 persist at /var/zxid/bus/ch/default/-8AEDwkUHbS7fFaJZx0eEvBlXlE 'test(0,3,2' len=69 rcpt(140)
FMT0 persist at /var/zxid/bus/ch/default/jmnkdVH-HP6Kfwyd5nswftGH4zY 'test(0,3,1' len=69 rcpt(141)
FMT0 persist at /var/zxid/bus/ch/default/jmnkdVH-HP6Kfwyd5nswftGH4zY 'test(0,3,1' len=69 rcpt(141)
FMT0 persist at /var/zxid/bus/ch/default/yo_K9622fQ1X9F3CkWRjDER3nWc 'test(0,3,1' len=69 rcpt(142)
FMT0 persist at /var/zxid/bus/ch/default/yo_K9622fQ1X9F3CkWRjDER3nWc 'test(0,3,1' len=69 rcpt(142)
FMT0 persist at /var/zxid/bus/ch/default/O6i_48IuEK2hsDCG7rcZKXwFPAo 'test(0,3,1' len=69 rcpt(143)
FMT0 persist at /var/zxid/bus/ch/default/O6i_48IuEK2hsDCG7rcZKXwFPAo 'test(0,3,1' len=69 rcpt(143)
FMT0 persist at /var/zxid/bus/ch/default/1XE8jBZc8tivZjgwVuPIaTs2tjM 'test(0,3,1' len=69 rcpt(144)
FMT0 persist at /var/zxid/bus/ch/default/1XE8jBZc8tivZjgwVuPIaTs2tjM 'test(0,3,1' len=69 rcpt(144)
FMT0 persist at /var/zxid/bus/ch/default/nOLnicHlKgz8JxH8yw5Nwq6O_us 'test(0,3,1' len=69 rcpt(145)
FMT0 persist at /var/zxid/bus/ch/default/nOLnicHlKgz8JxH8yw5Nwq6O_us 'test(0,3,1' len=69 rcpt(145)
FMT0 persist at /var/zxid/bus/ch/default/MxHCQ-WXTBjDBdANp0kqiNJDm7k 'test(0,3,1' len=69 rcpt(146)
FMT0 persist at /var/zxid/bus/ch/default/MxHCQ-WXTBjDBdANp0kqiNJDm7k 'test(0,3,1' len=69 rcpt(146)
FMT0 persist at /var/zxid/bus/ch/default/5SnhrYj5VpOgPSlDrDd9DgiyzNQ 'test(0,3,1' len=69 rcpt(147)
FMT0 persist at /var/zxid/bus/ch/default/5SnhrYj5VpOgPSlDrDd9DgiyzNQ 'test(0,3,1' len=69 rcpt(147)
FMT0 persist at /var/zxid/bus/ch/default/7w-GdXBSq1d1iB34dskhuAi7YUk 'test(0,3,1' len=69 rcpt(148)
FMT0 persist at /var/zxid/bus/ch/default/7w-GdXBSq1d1iB34dskhuAi7YUk 'test(0,3,1' len=69 rcpt(148)
FMT0 persist at /var/zxid/bus/ch/default/xq_bql57cJTpd8vcQQzybxEPXPM 'test(0,3,1' len=69 rcpt(149)
FMT0 persist at /var/zxid/bus/ch/default/xq_bql57cJTpd8vcQQzybxEPXPM 'test(0,3,1' len=69 rcpt(149)
FMT0 persist at /var/zxid/bus/ch/default/0AeIZPaG2qhW5fKAT6LdbP_Qu7s 'test(0,3,1' len=69 rcpt(150)
FMT0 persist at /var/zxid/bus/ch/default/0AeIZPaG2qhW5fKAT6LdbP_Qu7s 'test(0,3,1' len=69 rcpt(150)
FMT0 persist at /var/zxid/bus/ch/default/RSS3TFtt28hXlzMYiOFnaBmpvPE 'test(0,3,9' len=68 rcpt(151)
FMT0 persist at /var/zxid/bus/ch/default/RSS3TFtt28hXlzMYiOFnaBmpvPE 'test(0,3,9' len=68 rcpt(151)
FMT0 persist at /var/zxid/bus/ch/default/wAWTEFgENXtwQVjUw9VHljgNAvw 'test(0,3,8' len=68 rcpt(152)
FMT0 persist at /var/zxid/bus/ch/default/wAWTEFgENXtwQVjUw9VHljgNAvw 'test(0,3,8' len=68 rcpt(152)
FMT0 persist at /var/zxid/bus/ch/default/B15PIyXIZFSM4i6-xsOzdK64NOA 'test(0,3,7' len=68 rcpt(153)
FMT0 persist at /var/zxid/bus/ch/default/B15PIyXIZFSM4i6-xsOzdK64NOA 'test(0,3,7' len=68 rcpt(153)
FMT0 persist at /var/zxid/bus/ch/default/qi-yoTUJac8Szc21oLbkjBtkMbc 'test(0,3,6' len=68 rcpt(154)
FMT0 persist at /var/zxid/bus/ch/default/qi-yoTUJac8Szc21oLbkjBtkMbc 'test(0,3,6' len=68 rcpt(154)
FMT0 persist at /var/zxid/bus/ch/default/8b7UvI0-eslm5BHl0OelDA5yl3Y 'test(0,3,5' len=68 rcpt(155)
FMT0 persist at /var/zxid/bus/ch/default/8b7UvI0-eslm5BHl0OelDA5yl3Y 'test(0,3,5' len=68 rcpt(155)
FMT0 persist at /var/zxid/bus/ch/default/iEPTtvrPXSg03EXVYVwvcFXzXeU 'test(0,3,4' len=68 rcpt(156)
FMT0 persist at /var/zxid/bus/ch/default/iEPTtvrPXSg03EXVYVwvcFXzXeU 'test(0,3,4' len=68 rcpt(156)
FMT0 persist at /var/zxid/bus/ch/default/HQlqny5Zmygf418dhBpDR3_iyuY 'test(0,3,3' len=68 rcpt(157)
FMT0 persist at /var/zxid/bus/ch/default/HQlqny5Zmygf418dhBpDR3_iyuY 'test(0,3,3' len=68 rcpt(157)
FMT0 persist at /var/zxid/bus/ch/default/8FyvDq6D4OPpiTFTrHdAo8pbFkQ 'test(0,3,2' len=68 rcpt(158)
FMT0 persist at /var/zxid/bus/ch/default/8FyvDq6D4OPpiTFTrHdAo8pbFkQ 'test(0,3,2' len=68 rcpt(158)
FMT0 persist at /var/zxid/bus/ch/default/EW5XFFT-5Z-tYNlpieUTzQC4Tyk 'test(0,3,1' len=68 rcpt(159)
FMT0 persist at /var/zxid/bus/ch/default/EW5XFFT-5Z-tYNlpieUTzQC4Tyk 'test(0,3,1' len=68 rcpt(159)
FMT0 persist at /var/zxid/bus/ch/default/YOGMeB09Q1-pg5MDxKNvMyXqNYI 'test(0,2,2' len=69 rcpt(160)
FMT0 persist at /var/zxid/bus/ch/default/YOGMeB09Q1-pg5MDxKNvMyXqNYI 'test(0,2,2' len=69 rcpt(160)
FMT0 persist at /var/zxid/bus/ch/default/r2XK9heCYqapKerx0zyA4FXy52o 'test(0,2,1' len=69 rcpt(161)
FMT0 persist at /var/zxid/bus/ch/default/r2XK9heCYqapKerx0zyA4FXy52o 'test(0,2,1' len=69 rcpt(161)
FMT0 persist at /var/zxid/bus/ch/default/MxWafgweHCtAHVcxt24Lm5UJI8I 'test(0,2,1' len=69 rcpt(162)
FMT0 persist at /var/zxid/bus/ch/default/MxWafgweHCtAHVcxt24Lm5UJI8I 'test(0,2,1' len=69 rcpt(162)
FMT0 persist at /var/zxid/bus/ch/default/is9IoLk-5CB5mujG-GGrSbdlRUA 'test(0,2,1' len=69 rcpt(163)
FMT0 persist at /var/zxid/bus/ch/default/is9IoLk-5CB5mujG-GGrSbdlRUA 'test(0,2,1' len=69 rcpt(163)
FMT0 persist at /var/zxid/bus/ch/default/Uv4Tzizu6ItNI3nhQcNIn5Py6Zs 'test(0,2,1' len=69 rcpt(164)
FMT0 persist at /var/zxid/bus/ch/default/Uv4Tzizu6ItNI3nhQcNIn5Py6Zs 'test(0,2,1' len=69 rcpt(164)
FMT0 persist at /var/zxid/bus/ch/default/UDEEs-XejV9SEVC4FeCh-IYQiJ8 'test(0,2,1' len=69 rcpt(165)
FMT0 persist at /var/zxid/bus/ch/default/UDEEs-XejV9SEVC4FeCh-IYQiJ8 'test(0,2,1' len=69 rcpt(165)
FMT0 persist at /var/zxid/bus/ch/default/9E-UGae8n_vE03zvUYOvILN14iU 'test(0,2,1' len=69 rcpt(166)
FMT0 persist at /var/zxid/bus/ch/default/9E-UGae8n_vE03zvUYOvILN14iU 'test(0,2,1' len=69 rcpt(166)
FMT0 persist at /var/zxid/bus/ch/default/VIDdDCVbI40QupwNh2_qodoCNpY 'test(0,2,1' len=69 rcpt(167)
FMT0 persist at /var/zxid/bus/ch/default/VIDdDCVbI40QupwNh2_qodoCNpY 'test(0,2,1' len=69 rcpt(167)
FMT0 persist at /var/zxid/bus/ch/default/0U1GVcGGhSqls_EQqNtazhOSOgE 'test(0,2,1' len=69 rcpt(168)
FMT0 persist at /var/zxid/bus/ch/default/0U1GVcGGhSqls_EQqNtazhOSOgE 'test(0,2,1' len=69 rcpt(168)
FMT0 persist at /var/zxid/bus/ch/default/1oBhDYAz0zTzWqZBS2m7ZPGvtt8 'test(0,2,1' len=69 rcpt(169)
FMT0 persist at /var/zxid/bus/ch/default/1oBhDYAz0zTzWqZBS2m7ZPGvtt8 'test(0,2,1' len=69 rcpt(169)
FMT0 persist at /var/zxid/bus/ch/default/WEgdmZiNIvItI94sBsqMgSBbxx4 'test(0,2,1' len=69 rcpt(170)
FMT0 persist at /var/zxid/bus/ch/default/WEgdmZiNIvItI94sBsqMgSBbxx4 'test(0,2,1' len=69 rcpt(170)
FMT0 persist at /var/zxid/bus/ch/default/sOUFzAybT2TBoIipRfKEK2XYEM8 'test(0,2,9' len=68 rcpt(171)
FMT0 persist at /var/zxid/bus/ch/default/sOUFzAybT2TBoIipRfKEK2XYEM8 'test(0,2,9' len=68 rcpt(171)
FMT0 persist at /var/zxid/bus/ch/default/dE4Dp7kTz6gJKJYTeRMHtzQbPWc 'test(0,2,8' len=68 rcpt(172)
FMT0 persist at /var/zxid/bus/ch/default/dE4Dp7kTz6gJKJYTeRMHtzQbPWc 'test(0,2,8' len=68 rcpt(172)
FMT0 persist at /var/zxid/bus/ch/default/Mj1DcQIRoay_2o6fVWKCRyTc8Lg 'test(0,2,7' len=68 rcpt(173)
FMT0 persist at /var/zxid/bus/ch/default/Mj1DcQIRoay_2o6fVWKCRyTc8Lg 'test(0,2,7' len=68 rcpt(173)
FMT0 persist at /var/zxid/bus/ch/default/ALpgc9Eax_JR6MxwX3G3vNddYfo 'test(0,2,6' len=68 rcpt(174)
FMT0 persist at /var/zxid/bus/ch/default/ALpgc9Eax_JR6MxwX3G3vNddYfo 'test(0,2,6' len=68 rcpt(174)
FMT0 persist at /var/zxid/bus/ch/default/REx0GJGBwe4Miow-JhhV2Tfb-K4 'test(0,2,5' len=68 rcpt(175)
FMT0 persist at /var/zxid/bus/ch/default/REx0GJGBwe4Miow-JhhV2Tfb-K4 'test(0,2,5' len=68 rcpt(175)
FMT0 persist at /var/zxid/bus/ch/default/HEE8N35E3f1wkWbvbOdAgY-cYx4 'test(0,2,4' len=68 rcpt(176)
FMT0 persist at /var/zxid/bus/ch/default/HEE8N35E3f1wkWbvbOdAgY-cYx4 'test(0,2,4' len=68 rcpt(176)
FMT0 persist at /var/zxid/bus/ch/default/OuUtA6noZqNZVHrTahHmbhtjpX4 'test(0,2,3' len=68 rcpt(177)
FMT0 persist at /var/zxid/bus/ch/default/OuUtA6noZqNZVHrTahHmbhtjpX4 'test(0,2,3' len=68 rcpt(177)
FMT0 persist at /var/zxid/bus/ch/default/3xnrXvuyQOL-EwTuJyYMnOOVw9k 'test(0,2,2' len=68 rcpt(178)
FMT0 persist at /var/zxid/bus/ch/default/3xnrXvuyQOL-EwTuJyYMnOOVw9k 'test(0,2,2' len=68 rcpt(178)
FMT0 persist at /var/zxid/bus/ch/default/T3e-6lM7qafrnXKyNfyApcljPxI 'test(0,2,1' len=68 rcpt(179)
FMT0 persist at /var/zxid/bus/ch/default/T3e-6lM7qafrnXKyNfyApcljPxI 'test(0,2,1' len=68 rcpt(179)
FMT0 persist at /var/zxid/bus/ch/default/xupS29_GKnGeTnMNsgXM6vRxF_I 'test(0,1,2' len=69 rcpt(180)
FMT0 persist at /var/zxid/bus/ch/default/xupS29_GKnGeTnMNsgXM6vRxF_I 'test(0,1,2' len=69 rcpt(180)
FMT0 persist at /var/zxid/bus/ch/default/eudWdzidZjgsvScGQYzSI1hNOL8 'test(0,1,1' len=69 rcpt(181)
FMT0 persist at /var/zxid/bus/ch/default/eudWdzidZjgsvScGQYzSI1hNOL8 'test(0,1,1' len=69 rcpt(181)
FMT0 persist at /var/zxid/bus/ch/default/fiUYcv7ukcxCV3YUl7VOJugwfpg 'test(0,1,1' len=69 rcpt(182)
FMT0 persist at /var/zxid/bus/ch/default/fiUYcv7ukcxCV3YUl7VOJugwfpg 'test(0,1,1' len=69 rcpt(182)
FMT0 persist at /var/zxid/bus/ch/default/hiqOLHgqG9Rzlr0JzsKehSNnCpI 'test(0,1,1' len=69 rcpt(183)
FMT0 persist at /var/zxid/bus/ch/default/hiqOLHgqG9Rzlr0JzsKehSNnCpI 'test(0,1,1' len=69 rcpt(183)
FMT0 persist at /var/zxid/bus/ch/default/IO5q0N4erM-0awz_R8NkL3yDP_o 'test(0,1,1' len=69 rcpt(184)
FMT0 persist at /var/zxid/bus/ch/default/IO5q0N4erM-0awz_R8NkL3yDP_o 'test(0,1,1' len=69 rcpt(184)
FMT0 persist at /var/zxid/bus/ch/default/SIzpjGV4fuyjNqC7KZJq1l1UoTo 'test(0,1,1' len=69 rcpt(185)
FMT0 persist at /var/zxid/bus/ch/default/SIzpjGV4fuyjNqC7KZJq1l1UoTo 'test(0,1,1' len=69 rcpt(185)
FMT0 persist at /var/zxid/bus/ch/default/BmjAjjVgyePtkgJLIsSb0M808RI 'test(0,1,1' len=69 rcpt(186)
FMT0 persist at /var/zxid/bus/ch/default/BmjAjjVgyePtkgJLIsSb0M808RI 'test(0,1,1' len=69 rcpt(186)
FMT0 persist at /var/zxid/bus/ch/default/WHXeuoSJSVXCz8XGM48YYOnWKo8 'test(0,1,1' len=69 rcpt(187)
FMT0 persist at /var/zxid/bus/ch/default/WHXeuoSJSVXCz8XGM48YYOnWKo8 'test(0,1,1' len=69 rcpt(187)
FMT0 persist at /var/zxid/bus/ch/default/SjiWvtBs1lzuDF-lOqdTmtCQU8s 'test(0,1,1' len=69 rcpt(188)
FMT0 persist at /var/zxid/bus/ch/default/SjiWvtBs1lzuDF-lOqdTmtCQU8s 'test(0,1,1' len=69 rcpt(188)
FMT0 persist at /var/zxid/bus/ch/default/xrMx_pRdEt-nmK0OLHlSidcXBog 'test(0,1,1' len=69 rcpt(189)
FMT0 persist at /var/zxid/bus/ch/default/xrMx_pRdEt-nmK0OLHlSidcXBog 'test(0,1,1' len=69 rcpt(189)
FMT0 persist at /var/zxid/bus/ch/default/WACo_Ki5ULrir8R7MdgBa14bcyA 'test(0,1,1' len=69 rcpt(190)
FMT0 persist at /var/zxid/bus/ch/default/WACo_Ki5ULrir8R7MdgBa14bcyA 'test(0,1,1' len=69 rcpt(190)
FMT0 persist at /var/zxid/bus/ch/default/cJv1kwhqyzWJnOjTuDecJ7K5zK4 'test(0,1,9' len=68 rcpt(191)
FMT0 persist at /var/zxid/bus/ch/default/cJv1kwhqyzWJnOjTuDecJ7K5zK4 'test(0,1,9' len=68 rcpt(191)
FMT0 persist at /var/zxid/bus/ch/default/oektFG-qalLfj46V6M6ViRqwwjQ 'test(0,1,8' len=68 rcpt(192)
FMT0 persist at /var/zxid/bus/ch/default/oektFG-qalLfj46V6M6ViRqwwjQ 'test(0,1,8' len=68 rcpt(192)
FMT0 persist at /var/zxid/bus/ch/default/BR98MsVD-VOqqcBSxGh-U_1hgwo 'test(0,1,7' len=68 rcpt(193)
FMT0 persist at /var/zxid/bus/ch/default/BR98MsVD-VOqqcBSxGh-U_1hgwo 'test(0,1,7' len=68 rcpt(193)
FMT0 persist at /var/zxid/bus/ch/default/iwS7zltQqBV9AEkQ94qv_17yL9U 'test(0,1,6' len=68 rcpt(194)
FMT0 persist at /var/zxid/bus/ch/default/iwS7zltQqBV9AEkQ94qv_17yL9U 'test(0,1,6' len=68 rcpt(194)
FMT0 persist at /var/zxid/bus/ch/default/TUTwtVgiJN1-8zYU_xTBXZ9tdI0 'test(0,1,5' len=68 rcpt(195)
FMT0 persist at /var/zxid/bus/ch/default/TUTwtVgiJN1-8zYU_xTBXZ9tdI0 'test(0,1,5' len=68 rcpt(195)
FMT0 persist at /var/zxid/bus/ch/default/agqD_RNbxDBNouQEXBbPAW91EAQ 'test(0,1,4' len=68 rcpt(196)
FMT0 persist at /var/zxid/bus/ch/default/agqD_RNbxDBNouQEXBbPAW91EAQ 'test(0,1,4' len=68 rcpt(196)
FMT0 persist at /var/zxid/bus/ch/default/bxH5Js1qgJBFfx2j8E-XjcsRvE0 'test(0,1,3' len=68 rcpt(197)
FMT0 persist at /var/zxid/bus/ch/default/bxH5Js1qgJBFfx2j8E-XjcsRvE0 'test(0,1,3' len=68 rcpt(197)
FMT0 persist at /var/zxid/bus/ch/default/OhWJ9zL7CFGRoAluB8CDMKkUzBA 'test(0,1,2' len=68 rcpt(198)
FMT0 persist at /var/zxid/bus/ch/default/OhWJ9zL7CFGRoAluB8CDMKkUzBA 'test(0,1,2' len=68 rcpt(198)
FMT0 persist at /var/zxid/bus/ch/default/P6YX37hs7S9tLtpCk4ZmA84ERbk 'test(0,1,1' len=68 rcpt(199)
FMT0 persist at /var/zxid/bus/ch/default/P6YX37hs7S9tLtpCk4ZmA84ERbk 'test(0,1,1' len=68 rcpt(199)
shf_0x84cb438  // max_ios=11
-> io_0x84e32c0
  io_0x84e32c0 -> pdu_0x84ce778 [label=cur_pdu]; // fd=0x4
  io_0x84e32c0 -> null [label=reqs];
  io_0x84e32c0 -> null [label=to_write_produce];
  io_0x84e32c0 -> null [label=to_write_consume];  // n_to_write=0
  io_0x84e32c0 -> null [label=in_write];
-> io_0x84e34a8
  io_0x84e34a8 -> pdu_0x84d0d40 [label=cur_pdu]; // fd=0x6
  io_0x84e34a8  // reqs
    -> pdu_0x84d19d8  // (ZXCT)
    pdu_0x84d19d8 -> null [label=reals];
    pdu_0x84d19d8 -> null [label=synths];
    pdu_0x84d19d8 -> null [label=subresps];
[label=reqs];
  io_0x84e34a8 -> null [label=to_write_produce];
  io_0x84e34a8 -> null [label=to_write_consume];  // n_to_write=0
  io_0x84e34a8 -> null [label=in_write];
[label=ios];
shf_0x84cb438 -> null [label=todo_consume];
shf_0x84cb438   // free_pdus (color=4)
-> pdu_0x84d8b30
-> pdu_0x84d97c8
-> pdu_0x84da460
-> pdu_0x84db0f8
-> pdu_0x84dbd90
-> pdu_0x84dca28
-> pdu_0x84dd6c0
-> pdu_0x84de358
-> pdu_0x84deff0
-> pdu_0x84dfc88
-> pdu_0x84e0920
-> pdu_0x84e15b8
-> pdu_0x84e2250
[label=free_pdus];
Data structure dump 16
----------------------
hit_0x1ef535c [label="tid_1ef5b70"];
hit_0x1ef535c  // free_pdus
-> pdu_0x84d3fa0  // (DISC)
-> pdu_0x84d6568  // (RECE)
[label=free_pdus];
Hit structure dump 2
======================
hit_0xbfc3ba84 [label="tid_b76eda30"];
hit_0xbfc3ba84  // free_pdus
-> pdu_0x84d7200  // (DISC)
-> pdu_0x84d4c38  // (RECE)
[label=free_pdus];
Hit structure dump 2
======================
hit_0x16f435c [label="tid_16f4b70"];
hit_0x16f435c  // free_pdus
-> pdu_0x84d7e98  // (CONN)
[label=free_pdus];
Hit structure dump 1
======================
