SEND(test(7,10,18)) got RECEIPT 2
SEND(test(7,10,17)) got RECEIPT 3
SEND(test(7,10,14)) got RECEIPT 6
SEND(test(7,10,13)) got RECEIPT 7
SEND(test(7,10,12)) got RECEIPT 8
SEND(test(7,10,11)) got RECEIPT 9
SEND(test(7,10,10)) got RECEIPT 10
SEND(test(7,10,9)) got RECEIPT 11
SEND(test(7,10,8)) got RECEIPT 12
SEND(test(7,10,7)) got RECEIPT 13
SEND(test(7,10,6)) got RECEIPT 14
SEND(test(7,10,5)) got RECEIPT 15
SEND(test(7,10,4)) got RECEIPT 16
SEND(test(7,10,3)) got RECEIPT 17
SEND(test(3,10,20)) got RECEIPT 0
SEND(test(3,10,19)) got RECEIPT 1
SEND(test(3,10,18)) got RECEIPT 2
SEND(test(3,10,17)) got RECEIPT 3
SEND(test(3,10,16)) got RECEIPT 4
SEND(test(3,10,15)) got RECEIPT 5
SEND(test(3,10,14)) got RECEIPT 6
SEND(test(3,10,13)) got RECEIPT 7
SEND(test(3,10,12)) got RECEIPT 8
SEND(test(3,10,11)) got RECEIPT 9
SEND(test(3,10,10)) got RECEIPT 10
SEND(test(3,10,9)) got RECEIPT 11
SEND(test(3,10,8)) got RECEIPT 12
SEND(test(3,10,7)) got RECEIPT 13
SEND(test(3,10,6)) got RECEIPT 14
SEND(test(5,10,20)) got RECEIPT 0
SEND(test(5,10,19)) got RECEIPT 1
SEND(test(5,10,18)) got RECEIPT 2
SEND(test(5,10,17)) got RECEIPT 3
SEND(test(5,10,16)) got RECEIPT 4
SEND(test(5,10,15)) got RECEIPT 5
SEND(test(5,10,14)) got RECEIPT 6
SEND(test(5,10,13)) got RECEIPT 7
SEND(test(5,10,12)) got RECEIPT 8
SEND(test(5,10,11)) got RECEIPT 9
SEND(test(5,10,10)) got RECEIPT 10
SEND(test(5,10,9)) got RECEIPT 11
SEND(test(5,10,8)) got RECEIPT 12
SEND(test(5,10,7)) got RECEIPT 13
SEND(test(5,10,6)) got RECEIPT 14
SEND(test(5,10,5)) got RECEIPT 15
SEND(test(1,10,20)) got RECEIPT 0
SEND(test(1,10,19)) got RECEIPT 1
SEND(test(1,10,18)) got RECEIPT 2
SEND(test(1,10,17)) got RECEIPT 3
SEND(test(1,10,16)) got RECEIPT 4
SEND(test(1,10,15)) got RECEIPT 5
SEND(test(1,10,14)) got RECEIPT 6
SEND(test(1,10,13)) got RECEIPT 7
SEND(test(1,10,12)) got RECEIPT 8
SEND(test(1,10,11)) got RECEIPT 9
SEND(test(1,10,10)) got RECEIPT 10
SEND(test(1,10,9)) got RECEIPT 11
SEND(test(1,10,8)) got RECEIPT 12
SEND(test(1,10,7)) got RECEIPT 13
SEND(test(1,10,6)) got RECEIPT 14
SEND(test(1,10,5)) got RECEIPT 15
SEND(test(2,10,20)) got RECEIPT 0
SEND(test(2,10,19)) got RECEIPT 1
SEND(test(2,9,16)) got RECEIPT 4
SEND(test(2,9,15)) got RECEIPT 5
SEND(test(2,9,14)) got RECEIPT 6
SEND(test(2,9,13)) got RECEIPT 7
SEND(test(2,9,12)) got RECEIPT 8
SEND(test(6,10,20)) got RECEIPT 0
SEND(test(6,10,19)) got RECEIPT 1
SEND(test(6,10,18)) got RECEIPT 2
SEND(test(6,10,17)) got RECEIPT 3
SEND(test(6,10,16)) got RECEIPT 4
SEND(test(6,10,15)) got RECEIPT 5
SEND(test(6,10,14)) got RECEIPT 6
SEND(test(6,10,13)) got RECEIPT 7
SEND(test(6,10,12)) got RECEIPT 8
SEND(test(6,10,11)) got RECEIPT 9
SEND(test(6,10,10)) got RECEIPT 10
SEND(test(6,10,9)) got RECEIPT 11
SEND(test(6,10,8)) got RECEIPT 12
SEND(test(6,10,7)) got RECEIPT 13
SEND(test(6,10,6)) got RECEIPT 14
SEND(test(6,10,5)) got RECEIPT 15
SEND(test(6,10,4)) got RECEIPT 16
SEND(test(6,10,3)) got RECEIPT 17
SEND(test(8,10,20)) got RECEIPT 0
SEND(test(8,10,19)) got RECEIPT 1
SEND(test(8,10,9)) got RECEIPT 4
SEND(test(8,10,8)) got RECEIPT 5
SEND(test(8,10,7)) got RECEIPT 6
SEND(test(8,10,6)) got RECEIPT 7
SEND(test(8,10,5)) got RECEIPT 8
SEND(test(8,10,4)) got RECEIPT 9
SEND(test(8,10,3)) got RECEIPT 10
SEND(test(8,10,2)) got RECEIPT 11
SEND(test(8,10,1)) got RECEIPT 12
SEND(test(4,10,20)) got RECEIPT 0
SEND(test(4,10,19)) got RECEIPT 1
SEND(test(4,10,18)) got RECEIPT 2
SEND(test(4,10,15)) got RECEIPT 5
SEND(test(4,10,14)) got RECEIPT 6
SEND(test(4,10,13)) got RECEIPT 7
SEND(test(4,10,12)) got RECEIPT 8
SEND(test(4,10,11)) got RECEIPT 9
SEND(test(4,10,10)) got RECEIPT 10
SEND(test(4,10,9)) got RECEIPT 11
SEND(test(4,10,8)) got RECEIPT 12
SEND(test(4,10,7)) got RECEIPT 13
SEND(test(4,10,6)) got RECEIPT 14
SEND(test(4,10,5)) got RECEIPT 15
SEND(test(4,10,4)) got RECEIPT 16
SEND(test(0,10,20)) got RECEIPT 0
SEND(test(0,10,15)) got RECEIPT 3
SEND(test(0,10,14)) got RECEIPT 4
SEND(test(0,10,13)) got RECEIPT 5
SEND(test(0,10,12)) got RECEIPT 6
SEND(test(0,10,11)) got RECEIPT 7
SEND(test(0,10,10)) got RECEIPT 8
SEND(test(0,10,4)) got RECEIPT 11
SEND(test(0,10,3)) got RECEIPT 12
SEND(test(0,5,11)) got RECEIPT 23
SEND(test(9,10,20)) got RECEIPT 0
SEND(test(9,10,19)) got RECEIPT 1
SEND(test(9,10,9)) got RECEIPT 4
SEND(test(9,10,8)) got RECEIPT 5
SEND(test(9,10,7)) got RECEIPT 6
SEND(test(9,10,6)) got RECEIPT 7
SEND(test(9,10,5)) got RECEIPT 8
SEND(test(9,9,20)) got RECEIPT 11
SEND(test(9,9,19)) got RECEIPT 12
SEND(test(9,9,18)) got RECEIPT 13
SEND(test(9,9,17)) got RECEIPT 14
SEND(test(9,9,13)) got RECEIPT 17
SEND(test(9,9,12)) got RECEIPT 18
SEND(test(9,9,11)) got RECEIPT 19
