FMT0 persist at /var/zxid/bus/ch/default/zvuWsewQqt-hYflrtXC9yYEWb8E 'foo bar' len=61 rcpt(0)
FMT0 persist at /var/zxid/bus/ch/default/JW8CltIg8QbpBEDWamF1SPZxDYk '' len=54 rcpt(0)
FMT0 persist at /var/zxid/bus/ch/default/bjZtT6SuxzOFHc1GLnoFdMdSbm0 'F' len=55 rcpt(0)
FMT0 persist at /var/zxid/bus/ch/default/3yaWfCFEuyz-HXA7_PY2lV-zfYg 'test(-1,10' len=69 rcpt(0)
FMT0 persist at /var/zxid/bus/ch/default/35OUqHeMdhRnPCsPBJH-BCvMKoU 'test(-1,10' len=69 rcpt(1)
FMT0 persist at /var/zxid/bus/ch/default/5IDVUvOLVmHmexymd4x9U4_fGiE 'test(-1,10' len=69 rcpt(2)
FMT0 persist at /var/zxid/bus/ch/default/2ILOd9iA9sXKvGjpSAQebLoq2qw 'test(-1,10' len=69 rcpt(3)
FMT0 persist at /var/zxid/bus/ch/default/5-UizDkcKov2nGMBR17-7VpVeQ8 'test(-1,10' len=69 rcpt(4)
FMT0 persist at /var/zxid/bus/ch/default/JP2s0dI6xNkX63n7ZkAjqUUU-RM 'test(-1,10' len=69 rcpt(5)
FMT0 persist at /var/zxid/bus/ch/default/uwFxZrtMSOtP5tVOS0qE62ExX1Y 'test(-1,10' len=69 rcpt(6)
FMT0 persist at /var/zxid/bus/ch/default/HOXHKXrNynLHrbxJ7ff7TUU_7D4 'test(-1,10' len=69 rcpt(7)
FMT0 persist at /var/zxid/bus/ch/default/Xk6XftlZus_9dohsr01EI54p0OU 'test(-1,10' len=69 rcpt(8)
FMT0 persist at /var/zxid/bus/ch/default/d8lbiMfQlvezKDfBsg9NlAqSQ-8 'test(-1,10' len=69 rcpt(9)
FMT0 persist at /var/zxid/bus/ch/default/JEnG2wwROfDNZ36Sc9PWrpIWSCk 'test(-1,10' len=70 rcpt(10)
FMT0 persist at /var/zxid/bus/ch/default/f5-vIEPUTox43OUX1nL-yg-OS3o 'test(-1,10' len=69 rcpt(11)
FMT0 persist at /var/zxid/bus/ch/default/ojkE2iuWTmkaGBMgZ9SDyFUapkc 'test(-1,10' len=69 rcpt(12)
FMT0 persist at /var/zxid/bus/ch/default/V9ZWdFF9Jzkkdi8HYyt2a2kcizw 'test(-1,10' len=69 rcpt(13)
FMT0 persist at /var/zxid/bus/ch/default/Re6LCQ0mlGRH_UFkdIjxX6u-LQw 'test(-1,10' len=69 rcpt(14)
FMT0 persist at /var/zxid/bus/ch/default/wVbDRlDK_mvYm4b968rnOQfkHHI 'test(-1,10' len=69 rcpt(15)
FMT0 persist at /var/zxid/bus/ch/default/FM4qmrnEhUOsYmWO4iymXkZbSdQ 'test(-1,10' len=69 rcpt(16)
FMT0 persist at /var/zxid/bus/ch/default/vUj8SZ2Js2gY9s43iRSugPbzY_M 'test(-1,10' len=69 rcpt(17)
FMT0 persist at /var/zxid/bus/ch/default/LFtciBs-W1RGhdIjBPJYgd2Y_Ag 'test(-1,10' len=69 rcpt(18)
FMT0 persist at /var/zxid/bus/ch/default/44YuNEl5ol5XEF8Zh5_8s6esUFU 'test(-1,10' len=69 rcpt(19)
FMT0 persist at /var/zxid/bus/ch/default/biYNQsjIZvP9Nzwnjyjuhv4lwNw 'test(-1,9,' len=69 rcpt(20)
FMT0 persist at /var/zxid/bus/ch/default/h3hZBocFbvmGiqNhz1YCT8s2hxU 'test(-1,9,' len=69 rcpt(21)
FMT0 persist at /var/zxid/bus/ch/default/5gjqBP2HG8Z1RF00jeIZFRZ5iP8 'test(-1,9,' len=69 rcpt(22)
FMT0 persist at /var/zxid/bus/ch/default/UrP8sCUgjN_SESLjVJfR6SBECwI 'test(-1,9,' len=69 rcpt(23)
FMT0 persist at /var/zxid/bus/ch/default/pM5fhVEqNf4aWOiA9gsH2KRJ_mw 'test(-1,9,' len=69 rcpt(24)
FMT0 persist at /var/zxid/bus/ch/default/rmWZsD9S-WqqPRbKdSDWNM-t9Ek 'test(-1,9,' len=69 rcpt(25)
FMT0 persist at /var/zxid/bus/ch/default/B0AY5AARAoRD6S9XHG7T1p7QWsU 'test(-1,9,' len=69 rcpt(26)
FMT0 persist at /var/zxid/bus/ch/default/IRcNzrDtvUVA7Yhte9B_1mJOvrw 'test(-1,9,' len=69 rcpt(27)
FMT0 persist at /var/zxid/bus/ch/default/BGxDDKGsUPzGm7yl51XEMy-omLQ 'test(-1,9,' len=69 rcpt(28)
FMT0 persist at /var/zxid/bus/ch/default/jizdvrPVXQnWw-R0kUc7qENVhnE 'test(-1,9,' len=69 rcpt(29)
FMT0 persist at /var/zxid/bus/ch/default/tcQ8k_GtGPAMHY3PywB7lL6xBnc 'test(-1,9,' len=69 rcpt(30)
FMT0 persist at /var/zxid/bus/ch/default/i46sMKPBfLtcHWSkFhTGc2Nc8kQ 'test(-1,9,' len=68 rcpt(31)
FMT0 persist at /var/zxid/bus/ch/default/3AvhHDlW7RkcvqVKSXhIdaUoGTk 'test(-1,9,' len=68 rcpt(32)
FMT0 persist at /var/zxid/bus/ch/default/GTMBriSVyCUZUEmVfto66XGANOY 'test(-1,9,' len=68 rcpt(33)
FMT0 persist at /var/zxid/bus/ch/default/5f2JBM5H7TbJcVBwsnqYWlBg79E 'test(-1,9,' len=68 rcpt(34)
FMT0 persist at /var/zxid/bus/ch/default/noC8r6nipKLfR-j-0MDrOUr2L5I 'test(-1,9,' len=68 rcpt(35)
FMT0 persist at /var/zxid/bus/ch/default/PJ0PYqJnQHHeAisAMh3PYZslkxE 'test(-1,9,' len=68 rcpt(36)
FMT0 persist at /var/zxid/bus/ch/default/LhdKzX6uoPPtYJQwFMBL7UIKQtk 'test(-1,9,' len=68 rcpt(37)
FMT0 persist at /var/zxid/bus/ch/default/HbNTqyQghBJBt_i6fTaQdWXt4KY 'test(-1,9,' len=68 rcpt(38)
FMT0 persist at /var/zxid/bus/ch/default/SKxkqUzpErNZwM2c7U0pMFDh0c4 'test(-1,9,' len=68 rcpt(39)
FMT0 persist at /var/zxid/bus/ch/default/xpoEGlyR1nkyvXxnCHzb0GgRsCE 'test(-1,8,' len=69 rcpt(40)
FMT0 persist at /var/zxid/bus/ch/default/Zx7ZADF9J7uUktK8G_oueVMy4yk 'test(-1,8,' len=69 rcpt(41)
FMT0 persist at /var/zxid/bus/ch/default/sygRWnccwQRr2AQ1zfsVMklfT84 'test(-1,8,' len=69 rcpt(42)
FMT0 persist at /var/zxid/bus/ch/default/5m_BqIcyk2BJNUtXHQIMYNUXIFo 'test(-1,8,' len=69 rcpt(43)
FMT0 persist at /var/zxid/bus/ch/default/xMQa1PT4u5FmEPw6EM-Wws1lZ0s 'test(-1,8,' len=69 rcpt(44)
FMT0 persist at /var/zxid/bus/ch/default/sGvPDob7wE6ipUB8SxBTFrmkbcE 'test(-1,8,' len=69 rcpt(45)
FMT0 persist at /var/zxid/bus/ch/default/b73GDEZG3wZzj46nzpa_UH-sLq4 'test(-1,8,' len=69 rcpt(46)
FMT0 persist at /var/zxid/bus/ch/default/BAeuXWqo5o9Ej8etSbq1DQ5Rv3I 'test(-1,8,' len=69 rcpt(47)
FMT0 persist at /var/zxid/bus/ch/default/hjmE7GEoQUmmohpqo_pONQxCF34 'test(-1,8,' len=69 rcpt(48)
FMT0 persist at /var/zxid/bus/ch/default/zsmlR76yE4Fc_5Ofewocfja4mC0 'test(-1,8,' len=69 rcpt(49)
FMT0 persist at /var/zxid/bus/ch/default/4jRn6jxY9H0YVQY-alhYYIS4cBw 'test(-1,8,' len=69 rcpt(50)
FMT0 persist at /var/zxid/bus/ch/default/gr2Ql0JSHTcodq5aCN2ucfTMAvA 'test(-1,8,' len=68 rcpt(51)
FMT0 persist at /var/zxid/bus/ch/default/Dzxy0ddog2lA-exFSCzWZAngWlU 'test(-1,8,' len=68 rcpt(52)
FMT0 persist at /var/zxid/bus/ch/default/_lVyJBdnThbixgJkb42dz9RrztU 'test(-1,8,' len=68 rcpt(53)
FMT0 persist at /var/zxid/bus/ch/default/cmo1BQDiCACNBslCiAZT2IALDr4 'test(-1,8,' len=68 rcpt(54)
FMT0 persist at /var/zxid/bus/ch/default/5Zo2NZ0QCoZ-S-6eogoWx5RHZpk 'test(-1,8,' len=68 rcpt(55)
FMT0 persist at /var/zxid/bus/ch/default/q94P0s15BB5p8tBEacLw716KkiA 'test(-1,8,' len=68 rcpt(56)
FMT0 persist at /var/zxid/bus/ch/default/Rfro0cQiPGPb28S6irOC673brYg 'test(-1,8,' len=68 rcpt(57)
FMT0 persist at /var/zxid/bus/ch/default/lYO4gnFogbILyL_cVlXIrceTLm4 'test(-1,8,' len=68 rcpt(58)
FMT0 persist at /var/zxid/bus/ch/default/xa-QRsnQfA6ua-ShNpVrZNeshS8 'test(-1,8,' len=68 rcpt(59)
FMT0 persist at /var/zxid/bus/ch/default/Xrai02IvSenif5Br4Rv0wfVdrt4 'test(-1,7,' len=69 rcpt(60)
FMT0 persist at /var/zxid/bus/ch/default/QybmwQtGwTTlRtF4w-TS57pHrC4 'test(-1,7,' len=69 rcpt(61)
FMT0 persist at /var/zxid/bus/ch/default/mnSnI6vuA3A9e6vGpNqbvtxbIZ8 'test(-1,7,' len=69 rcpt(62)
FMT0 persist at /var/zxid/bus/ch/default/KFZ4s5RYugEc3IEua9N_Hp2ItKU 'test(-1,7,' len=69 rcpt(63)
FMT0 persist at /var/zxid/bus/ch/default/qjo5peUNiqaWMjcnpmcYyEFRGd4 'test(-1,7,' len=69 rcpt(64)
FMT0 persist at /var/zxid/bus/ch/default/0bbqnrgthv5AtKu_jvHHPYm7590 'test(-1,7,' len=69 rcpt(65)
FMT0 persist at /var/zxid/bus/ch/default/_aKBUUZgxAl9SgDyl2Zf65wGG6c 'test(-1,7,' len=69 rcpt(66)
FMT0 persist at /var/zxid/bus/ch/default/R2fMaTmsxl4tZS1gc7Qw1y07OLU 'test(-1,7,' len=69 rcpt(67)
FMT0 persist at /var/zxid/bus/ch/default/lxvddNO8gejTqKyT0XFOli-OL2k 'test(-1,7,' len=69 rcpt(68)
FMT0 persist at /var/zxid/bus/ch/default/UPJIRTBI5b3IwFJCnGwzhSAU6IQ 'test(-1,7,' len=69 rcpt(69)
FMT0 persist at /var/zxid/bus/ch/default/mdRUqS9rLqvWsnU81ntSNFjwI_U 'test(-1,7,' len=69 rcpt(70)
FMT0 persist at /var/zxid/bus/ch/default/ZnIp0VWMCP0CJCs7GX9zlScNTBc 'test(-1,7,' len=68 rcpt(71)
FMT0 persist at /var/zxid/bus/ch/default/X4dMKJbhbgh1PtkPnI4AbkzzASw 'test(-1,7,' len=68 rcpt(72)
FMT0 persist at /var/zxid/bus/ch/default/BIgPNyPRYli3Qr00FokPKkeMppE 'test(-1,7,' len=68 rcpt(73)
FMT0 persist at /var/zxid/bus/ch/default/A72Y2GXCU-9HiColGacDQNnx5_8 'test(-1,7,' len=68 rcpt(74)
FMT0 persist at /var/zxid/bus/ch/default/6WQ2WpEs_2hyFX_gEZmjACP71yo 'test(-1,7,' len=68 rcpt(75)
FMT0 persist at /var/zxid/bus/ch/default/lAZgZXVL5hyZDVZqfbl5D0fzJZ8 'test(-1,7,' len=68 rcpt(76)
FMT0 persist at /var/zxid/bus/ch/default/9YzHqcq1sfNyX-X2edrFYnDmPyU 'test(-1,7,' len=68 rcpt(77)
FMT0 persist at /var/zxid/bus/ch/default/eCbQv63zhXmNdap_uyeyjWyj4NI 'test(-1,7,' len=68 rcpt(78)
FMT0 persist at /var/zxid/bus/ch/default/FNIl6PkbdCKgVxxYuTLSTtcpF5o 'test(-1,7,' len=68 rcpt(79)
FMT0 persist at /var/zxid/bus/ch/default/zFz96-EeVViEflesk-062FlJ8QI 'test(-1,6,' len=69 rcpt(80)
FMT0 persist at /var/zxid/bus/ch/default/L_94L33TUBQvlIXrYOUsr1snmRQ 'test(-1,6,' len=69 rcpt(81)
FMT0 persist at /var/zxid/bus/ch/default/KCd0IP0ciufPZSRirnCwZmDIT_s 'test(-1,6,' len=69 rcpt(82)
FMT0 persist at /var/zxid/bus/ch/default/2onfwo1c0_7pj2lnjO6ewz8wZOk 'test(-1,6,' len=69 rcpt(83)
FMT0 persist at /var/zxid/bus/ch/default/T4L06ew8DrPUQ3CJret-RiSX27E 'test(-1,6,' len=69 rcpt(84)
FMT0 persist at /var/zxid/bus/ch/default/xDsutRnnIKGE1CrryQpBQYgH4oM 'test(-1,6,' len=69 rcpt(85)
FMT0 persist at /var/zxid/bus/ch/default/LgMXt2uB51eevW9auOQ88kQgLBE 'test(-1,6,' len=69 rcpt(86)
FMT0 persist at /var/zxid/bus/ch/default/v6u1dhsBKL2DWpa6NMPS0wBgQX4 'test(-1,6,' len=69 rcpt(87)
FMT0 persist at /var/zxid/bus/ch/default/vmtVbSJWik1U47nXOobDhU7wTWw 'test(-1,6,' len=69 rcpt(88)
FMT0 persist at /var/zxid/bus/ch/default/ZBAQVh9FcYp-t6McIpUTuUTwJ-U 'test(-1,6,' len=69 rcpt(89)
FMT0 persist at /var/zxid/bus/ch/default/ZnbFy7OOeb1i-hZZxFOYkRZLp-A 'test(-1,6,' len=69 rcpt(90)
FMT0 persist at /var/zxid/bus/ch/default/as2YvT-clvCgw6VRIpgQqDgVqQQ 'test(-1,6,' len=68 rcpt(91)
FMT0 persist at /var/zxid/bus/ch/default/CW4WwI1aeMmO5TEAJBR4sRtuKsk 'test(-1,6,' len=68 rcpt(92)
FMT0 persist at /var/zxid/bus/ch/default/JIIEkXyRwx56USf_4BnSuwmKlq8 'test(-1,6,' len=68 rcpt(93)
FMT0 persist at /var/zxid/bus/ch/default/KbrXYSmoAefYSlwEpFDhfQsnAAI 'test(-1,6,' len=68 rcpt(94)
FMT0 persist at /var/zxid/bus/ch/default/z7aqiIO6jgRDEO5OoG2DCe6i2T4 'test(-1,6,' len=68 rcpt(95)
FMT0 persist at /var/zxid/bus/ch/default/yUor9OPr4yf3jz1O033siWjAe5Y 'test(-1,6,' len=68 rcpt(96)
FMT0 persist at /var/zxid/bus/ch/default/qDiOmcWTD8eZTXE2V1wW0eSLtZo 'test(-1,6,' len=68 rcpt(97)
FMT0 persist at /var/zxid/bus/ch/default/7Lp_dNKGd2X5rvTLIle5nYejfno 'test(-1,6,' len=68 rcpt(98)
FMT0 persist at /var/zxid/bus/ch/default/_h1K3bAjOElDanDaT-yAE9hszQ4 'test(-1,6,' len=68 rcpt(99)
FMT0 persist at /var/zxid/bus/ch/default/LZT1EP94F3I1NzGqs282TmNtlNo 'test(-1,5,' len=70 rcpt(100)
FMT0 persist at /var/zxid/bus/ch/default/cSQlYF0fm-8kZWfOFuXxjQhy94E 'test(-1,5,' len=70 rcpt(101)
FMT0 persist at /var/zxid/bus/ch/default/meonGQF1u0WY13PWMNF4qPHfCTI 'test(-1,5,' len=70 rcpt(102)
FMT0 persist at /var/zxid/bus/ch/default/FTdGIcbA3LAG92MOx_Y7nr2AqsA 'test(-1,5,' len=70 rcpt(103)
FMT0 persist at /var/zxid/bus/ch/default/DIkWvqvezNzkYiwZPr5_rmTgTDQ 'test(-1,5,' len=70 rcpt(104)
FMT0 persist at /var/zxid/bus/ch/default/Fg9AesBS7ivwYhnGRe4aZw9Viuc 'test(-1,5,' len=70 rcpt(105)
FMT0 persist at /var/zxid/bus/ch/default/bNtzrYqJ7kOWVZgena59dlEpJec 'test(-1,5,' len=70 rcpt(106)
FMT0 persist at /var/zxid/bus/ch/default/Eb2IKFgFW-gJJegOM2jCv1-xE0E 'test(-1,5,' len=70 rcpt(107)
FMT0 persist at /var/zxid/bus/ch/default/8cg3W2phukvptJE64BdZfdp52js 'test(-1,5,' len=70 rcpt(108)
FMT0 persist at /var/zxid/bus/ch/default/V6HDTfum143issWLtf_Gyyl-uRQ 'test(-1,5,' len=70 rcpt(109)
FMT0 persist at /var/zxid/bus/ch/default/pzIrdf0SbaD5rch1M7GSLBXphTE 'test(-1,5,' len=70 rcpt(110)
FMT0 persist at /var/zxid/bus/ch/default/TOKjnCzX5Lb95AU2cV93MLDLQHc 'test(-1,5,' len=69 rcpt(111)
FMT0 persist at /var/zxid/bus/ch/default/NgrG590cMHwcgmp4w-N0f0k3NCA 'test(-1,5,' len=69 rcpt(112)
FMT0 persist at /var/zxid/bus/ch/default/BpCue7sH096euy0lv0Vx6hVOag8 'test(-1,5,' len=69 rcpt(113)
FMT0 persist at /var/zxid/bus/ch/default/wwlYzZrv-UUw7RdjclZao8OcElQ 'test(-1,5,' len=69 rcpt(114)
FMT0 persist at /var/zxid/bus/ch/default/ja8NTCvOcy8XJeFu1PTPYRRmyvM 'test(-1,5,' len=69 rcpt(115)
FMT0 persist at /var/zxid/bus/ch/default/gvYB68K9UvdZbFf_1CvYcM_0FM8 'test(-1,5,' len=69 rcpt(116)
FMT0 persist at /var/zxid/bus/ch/default/0BRxlK2XOL7INWxuqtlDRvf-MxU 'test(-1,5,' len=69 rcpt(117)
FMT0 persist at /var/zxid/bus/ch/default/Wdz9pmEJgLJ3qeVzjSkF3vnSGkU 'test(-1,5,' len=69 rcpt(118)
FMT0 persist at /var/zxid/bus/ch/default/dk4rTd0d9tV4O8VjZylIcFPkrTA 'test(-1,5,' len=69 rcpt(119)
FMT0 persist at /var/zxid/bus/ch/default/W4jwsMZtvg_KHi-5UaLsd7CCokM 'test(-1,4,' len=70 rcpt(120)
FMT0 persist at /var/zxid/bus/ch/default/4jsA2lmzBzsnfcUfy1WEkIP1Xds 'test(-1,4,' len=70 rcpt(121)
FMT0 persist at /var/zxid/bus/ch/default/dfhu_C-cIOPVYg2iKuDNDn6J_yc 'test(-1,4,' len=70 rcpt(122)
FMT0 persist at /var/zxid/bus/ch/default/00BT2_Ui9mySoOX4HfhQ7A791FQ 'test(-1,4,' len=70 rcpt(123)
FMT0 persist at /var/zxid/bus/ch/default/nYS1dwS7lRG0B2RcNysJu7R9Q-Y 'test(-1,4,' len=70 rcpt(124)
FMT0 persist at /var/zxid/bus/ch/default/2hpVFDB2N_MPpDq8IbGER9zPu2w 'test(-1,4,' len=70 rcpt(125)
FMT0 persist at /var/zxid/bus/ch/default/LlNSq2WQi0fhnI49VzqscChqZVE 'test(-1,4,' len=70 rcpt(126)
FMT0 persist at /var/zxid/bus/ch/default/05s9jpPPgH0LiSh9w-ANhBcG-nE 'test(-1,4,' len=70 rcpt(127)
FMT0 persist at /var/zxid/bus/ch/default/K3bx9IXC2oquSq9VlbSuYUmisjg 'test(-1,4,' len=70 rcpt(128)
FMT0 persist at /var/zxid/bus/ch/default/Y9X0Oy_HcQrgwp_nBU5uwF_c3Bk 'test(-1,4,' len=70 rcpt(129)
FMT0 persist at /var/zxid/bus/ch/default/CkHmm6L0Mq6HtlSaqdn6H3KgKfM 'test(-1,4,' len=70 rcpt(130)
FMT0 persist at /var/zxid/bus/ch/default/ypRElrPQCfkTXw2ycoKxS7M2cQI 'test(-1,4,' len=69 rcpt(131)
FMT0 persist at /var/zxid/bus/ch/default/ZChCd0S-jDPdsFb7OR1MVgXs-C8 'test(-1,4,' len=69 rcpt(132)
FMT0 persist at /var/zxid/bus/ch/default/m-zNStWwgl0hhQbjBO4D6mzupo4 'test(-1,4,' len=69 rcpt(133)
FMT0 persist at /var/zxid/bus/ch/default/TOdjKcaamSiB0VWhgnYiRYbuZpY 'test(-1,4,' len=69 rcpt(134)
FMT0 persist at /var/zxid/bus/ch/default/hTR5iwb2Cgxbhi_DuvCJrKCWzRw 'test(-1,4,' len=69 rcpt(135)
FMT0 persist at /var/zxid/bus/ch/default/ZjFUVxV5CgKaOB-BccuQb2NnzTs 'test(-1,4,' len=69 rcpt(136)
FMT0 persist at /var/zxid/bus/ch/default/IRdq7XcDuNkJgNaTKClWEwvrEYU 'test(-1,4,' len=69 rcpt(137)
FMT0 persist at /var/zxid/bus/ch/default/Mn4bloiCsyIeB_WkArjqfhUOF3U 'test(-1,4,' len=69 rcpt(138)
FMT0 persist at /var/zxid/bus/ch/default/29UZMYJ99BAV2GMYdcBR1H1bbq0 'test(-1,4,' len=69 rcpt(139)
FMT0 persist at /var/zxid/bus/ch/default/UscZJTTrin-zp6C2V1EKAF8LDDE 'test(-1,3,' len=70 rcpt(140)
FMT0 persist at /var/zxid/bus/ch/default/z4RwGDKCu7bW4DgX_5tCj5ujfl8 'test(-1,3,' len=70 rcpt(141)
FMT0 persist at /var/zxid/bus/ch/default/0YVwjtB4MJA0PgehcIetmfLm5FU 'test(-1,3,' len=70 rcpt(142)
FMT0 persist at /var/zxid/bus/ch/default/TuIok8dpIoNEAKT3NK7HoQKy8Kg 'test(-1,3,' len=70 rcpt(143)
FMT0 persist at /var/zxid/bus/ch/default/W1YVGDnVjrNuQHd6PigcP2VNGiY 'test(-1,3,' len=70 rcpt(144)
FMT0 persist at /var/zxid/bus/ch/default/0BQJWxTmBGsiobu3zkJthgxd4wc 'test(-1,3,' len=70 rcpt(145)
FMT0 persist at /var/zxid/bus/ch/default/JaQSZrLGBP6cGmuJ6jM84ll0CU0 'test(-1,3,' len=70 rcpt(146)
FMT0 persist at /var/zxid/bus/ch/default/Z_XTFjsBsMLJXzVFdfdiQVkNY5I 'test(-1,3,' len=70 rcpt(147)
FMT0 persist at /var/zxid/bus/ch/default/hX-XXtfwOQnVRhlcZlAHMPlflIg 'test(-1,3,' len=70 rcpt(148)
FMT0 persist at /var/zxid/bus/ch/default/foz3BSwKX_AT-Q1XA1GyAR0tp9Y 'test(-1,3,' len=70 rcpt(149)
FMT0 persist at /var/zxid/bus/ch/default/SX5XfEEhrNjSCXgCfuCSi-rTO0o 'test(-1,3,' len=70 rcpt(150)
FMT0 persist at /var/zxid/bus/ch/default/ivDpH6Z_HHQiAATEgQRnMao_vTM 'test(-1,3,' len=69 rcpt(151)
FMT0 persist at /var/zxid/bus/ch/default/8dNhtKMPKQvX2DONhuAXFKjc97I 'test(-1,3,' len=69 rcpt(152)
FMT0 persist at /var/zxid/bus/ch/default/cAkKE-eDkcF6m2PWemz3Gw1OuH4 'test(-1,3,' len=69 rcpt(153)
FMT0 persist at /var/zxid/bus/ch/default/EbfQNnlK3X3RzHXyKby3NJrtiM0 'test(-1,3,' len=69 rcpt(154)
FMT0 persist at /var/zxid/bus/ch/default/N190LEzSPIux9aBO_irUmYKFQQo 'test(-1,3,' len=69 rcpt(155)
FMT0 persist at /var/zxid/bus/ch/default/S62rHOsQOAYlglszGN3A5cXsawo 'test(-1,3,' len=69 rcpt(156)
FMT0 persist at /var/zxid/bus/ch/default/J_Veqb3jIiDbWVBWbyB3LWvX3pQ 'test(-1,3,' len=69 rcpt(157)
FMT0 persist at /var/zxid/bus/ch/default/n1gsTaQYo1QlAN0mHMvsNAN0r6s 'test(-1,3,' len=69 rcpt(158)
FMT0 persist at /var/zxid/bus/ch/default/2aPxi95SpiyL_heNGwpNFr8IepQ 'test(-1,3,' len=69 rcpt(159)
FMT0 persist at /var/zxid/bus/ch/default/IehJYGmI1JUiTdxeoSf5AUIpS1g 'test(-1,2,' len=70 rcpt(160)
FMT0 persist at /var/zxid/bus/ch/default/GXzJSX-aw2S5J3SILIV7oFY12Xw 'test(-1,2,' len=70 rcpt(161)
FMT0 persist at /var/zxid/bus/ch/default/OVITqqRDqsEgWLZWMtqh_b-A5H0 'test(-1,2,' len=70 rcpt(162)
FMT0 persist at /var/zxid/bus/ch/default/zmX4tm_h9f2Gs6j-nvAq79shCec 'test(-1,2,' len=70 rcpt(163)
FMT0 persist at /var/zxid/bus/ch/default/M4ZJtVs3OBLo97CH8Xcw6Y_CLLw 'test(-1,2,' len=70 rcpt(164)
FMT0 persist at /var/zxid/bus/ch/default/FNTx1LzxYaVxAclHQlCH7X-XvBg 'test(-1,2,' len=70 rcpt(165)
FMT0 persist at /var/zxid/bus/ch/default/LNIiGVuBPlRuAnk4UZN9Nvjzi4I 'test(-1,2,' len=70 rcpt(166)
FMT0 persist at /var/zxid/bus/ch/default/eVrAjlWfNeJ4TJE8vKPKn2bWEl8 'test(-1,2,' len=70 rcpt(167)
FMT0 persist at /var/zxid/bus/ch/default/UiwTfv7jGrH8vME3s5H35PVGFVc 'test(-1,2,' len=70 rcpt(168)
FMT0 persist at /var/zxid/bus/ch/default/9z41Y0nA6sQc4paSHpzS6mlKxi4 'test(-1,2,' len=70 rcpt(169)
FMT0 persist at /var/zxid/bus/ch/default/CJoEkOA5pKW_haDaVzfDM5JKfWw 'test(-1,2,' len=70 rcpt(170)
FMT0 persist at /var/zxid/bus/ch/default/qWz7fHkE3YnqQTEJcy4AIA5sKaY 'test(-1,2,' len=69 rcpt(171)
FMT0 persist at /var/zxid/bus/ch/default/olnYjB4PxChY-pglI3gtzbq-vJo 'test(-1,2,' len=69 rcpt(172)
FMT0 persist at /var/zxid/bus/ch/default/fLAkyZYPWt6KOQoeomP-vKGPVN0 'test(-1,2,' len=69 rcpt(173)
FMT0 persist at /var/zxid/bus/ch/default/ohDSEgSk6ryf5PHMmfQHJKq-PFI 'test(-1,2,' len=69 rcpt(174)
FMT0 persist at /var/zxid/bus/ch/default/fPJFRyMvU6g8K7Hw3TvkR2OtocM 'test(-1,2,' len=69 rcpt(175)
FMT0 persist at /var/zxid/bus/ch/default/GGfLl6j_InTy5ytbDVs2ujcDlZw 'test(-1,2,' len=69 rcpt(176)
FMT0 persist at /var/zxid/bus/ch/default/7YxW2VaB5DpDkAz5trwp3Ax3wZI 'test(-1,2,' len=69 rcpt(177)
FMT0 persist at /var/zxid/bus/ch/default/BR9Ph-SeirIURiHt-qVU_ZteJlY 'test(-1,2,' len=69 rcpt(178)
FMT0 persist at /var/zxid/bus/ch/default/CAabkvyFRx0BKllrR-vcVGY54Ms 'test(-1,2,' len=69 rcpt(179)
FMT0 persist at /var/zxid/bus/ch/default/5JZfNr46_6qI7vhecLqw_ILHG_0 'test(-1,1,' len=70 rcpt(180)
FMT0 persist at /var/zxid/bus/ch/default/SGwxQ_FdT3A6ik5tNKbC5mvnzgM 'test(-1,1,' len=70 rcpt(181)
FMT0 persist at /var/zxid/bus/ch/default/Ia_CFrw1-zoHcg7S5QxyCQx-SU4 'test(-1,1,' len=70 rcpt(182)
FMT0 persist at /var/zxid/bus/ch/default/0ZbZgCo4g0vu5h28Ek9gw7Ytdjs 'test(-1,1,' len=70 rcpt(183)
FMT0 persist at /var/zxid/bus/ch/default/w-eykZu45fM_XvjDBOYUSF2FZM4 'test(-1,1,' len=70 rcpt(184)
FMT0 persist at /var/zxid/bus/ch/default/JyX63XJwQM7UYJSP5I4pIR0VmZk 'test(-1,1,' len=70 rcpt(185)
FMT0 persist at /var/zxid/bus/ch/default/NSJPenF9FjogbKEJw6ca26PS_YQ 'test(-1,1,' len=70 rcpt(186)
FMT0 persist at /var/zxid/bus/ch/default/wDLZVz5CSdJSrcKVQyrWNFdeBoM 'test(-1,1,' len=70 rcpt(187)
FMT0 persist at /var/zxid/bus/ch/default/81PyqnAeb_IbFBYE1OmhR657z8Y 'test(-1,1,' len=70 rcpt(188)
FMT0 persist at /var/zxid/bus/ch/default/5aMsniqYhZ3BaaGpzAx4KIsoMf0 'test(-1,1,' len=70 rcpt(189)
FMT0 persist at /var/zxid/bus/ch/default/DWbJHkKz6WiSupYaA3tL1rHHVrI 'test(-1,1,' len=70 rcpt(190)
FMT0 persist at /var/zxid/bus/ch/default/_QstI9txTGoLfzRpuSJMjECdseo 'test(-1,1,' len=69 rcpt(191)
FMT0 persist at /var/zxid/bus/ch/default/lkDhTw_AmwroUMna8wJmuPpPRco 'test(-1,1,' len=69 rcpt(192)
FMT0 persist at /var/zxid/bus/ch/default/eSJEWgmOM7T_qutlQzr2gNBviEc 'test(-1,1,' len=69 rcpt(193)
FMT0 persist at /var/zxid/bus/ch/default/zkm-zt2jLxp1Qm27FLBXXk1q5J8 'test(-1,1,' len=69 rcpt(194)
FMT0 persist at /var/zxid/bus/ch/default/60La3iNyMut5ik_JXt13n5LBDV0 'test(-1,1,' len=69 rcpt(195)
FMT0 persist at /var/zxid/bus/ch/default/Mimck2fMjz8BkutqZvW_8NPAm70 'test(-1,1,' len=69 rcpt(196)
FMT0 persist at /var/zxid/bus/ch/default/-mGfiZRtzEvudDjZueFqgkmWPDs 'test(-1,1,' len=69 rcpt(197)
FMT0 persist at /var/zxid/bus/ch/default/TK4nD0AlE09MVKvIziTJsooAlxQ 'test(-1,1,' len=69 rcpt(198)
FMT0 persist at /var/zxid/bus/ch/default/Vh27nmUo7GROgR2smUSy5U4yWnw 'test(-1,1,' len=69 rcpt(199)
FMT0 persist at /var/zxid/bus/ch/default/bjZtT6SuxzOFHc1GLnoFdMdSbm0 'F' len=55 rcpt(0)
shf_0xa0a3550  // max_ios=1000
-> io_0xb6790418
  io_0xb6790418 -> pdu_0xb67d3268 [label=cur_pdu]; // fd=0x4
  io_0xb6790418 -> null [label=reqs];
  io_0xb6790418 -> null [label=pending];
  io_0xb6790418 -> null [label=to_write_produce];
  io_0xb6790418 -> null [label=to_write_consume];  // n_to_write=0
  io_0xb6790418 -> null [label=in_write];
-> io_0xb6790724
  io_0xb6790724 -> pdu_0xb6c35918 [label=cur_pdu]; // fd=0x7
  io_0xb6790724 -> null [label=reqs];
  io_0xb6790724  // pending
    -> pdu_0xb6c39810  // (MESS)
    pdu_0xb6c39810 -> null [label=reals];
    pdu_0xb6c39810 -> null [label=synths];
    pdu_0xb6c39810 -> null [label=subresps];
  io_0xb6790724 -> null [label=to_write_produce];
  io_0xb6790724 -> null [label=to_write_consume];  // n_to_write=0
  io_0xb6790724 -> null [label=in_write];
-> io_0xb6790828
  io_0xb6790828 -> pdu_0xb6c019e8 [label=cur_pdu]; // fd=0x8
  io_0xb6790828 -> null [label=reqs];
  io_0xb6790828  // pending
    -> pdu_0xb6c3a4a8  // (MESS)
    pdu_0xb6c3a4a8 -> null [label=reals];
    pdu_0xb6c3a4a8 -> null [label=synths];
    pdu_0xb6c3a4a8 -> null [label=subresps];
  io_0xb6790828 -> null [label=to_write_produce];
  io_0xb6790828 -> null [label=to_write_consume];  // n_to_write=0
  io_0xb6790828 -> null [label=in_write];
-> io_0xb679092c
  io_0xb679092c -> pdu_0xb6c29c30 [label=cur_pdu]; // fd=0x9
  io_0xb679092c  // reqs
    -> pdu_0xb6c300f0  // (ZXCT)
    pdu_0xb6c300f0 -> null [label=reals];
    pdu_0xb6c300f0 -> null [label=synths];
    pdu_0xb6c300f0 -> null [label=subresps];
[label=reqs];
  io_0xb679092c -> null [label=pending];
[label=pending];
  io_0xb679092c -> null [label=to_write_produce];
  io_0xb679092c -> null [label=to_write_consume];  // n_to_write=0
  io_0xb679092c -> null [label=in_write];
[label=ios];
shf_0xa0a3550 -> null [label=todo_consume];
shf_0xa0a3550   // free_pdus (color=4)
-> pdu_0xb6c3bdd8 -> pdu_0xb6c3ca70 -> pdu_0xb6c3d708 -> pdu_0xb6c3e3a0 -> pdu_0xb6c3f038 -> pdu_0xb6c3fcd0 -> pdu_0xb6c40968 -> pdu_0xb6c41600 -> pdu_0xb6c42298 -> pdu_0xb6c42f30 -> pdu_0xb6c43bc8 -> pdu_0xb6c44860 -> pdu_0xb6c454f8 -> pdu_0xb6c46190 -> pdu_0xb6c46e28 -> pdu_0xb6c47ac0 -> pdu_0xb6c48758 -> pdu_0xb6c493f0 -> pdu_0xb6c4a088 -> pdu_0xb6c4ad20 -> pdu_0xb6c4b9b8 -> pdu_0xb6c4c650 -> pdu_0xb6c4d2e8 -> pdu_0xb6c4df80 -> pdu_0xb6c4ec18 -> pdu_0xb6c4f8b0 -> pdu_0xb6c50548 -> pdu_0xb6c511e0 -> pdu_0xb6c51e78 -> pdu_0xb6c52b10 -> pdu_0xb6c537a8 -> pdu_0xb6c54440 -> pdu_0xb6c550d8 -> pdu_0xb6c55d70 -> pdu_0xb6c56a08 -> pdu_0xb6c576a0 -> pdu_0xb6c58338 -> pdu_0xb6c58fd0 -> pdu_0xb6c59c68 -> pdu_0xb6c5a900 -> pdu_0xb6c5b598 -> pdu_0xb6c5c230 -> pdu_0xb6c5cec8 -> pdu_0xb6c5db60 -> pdu_0xb6c5e7f8 -> pdu_0xb6c5f490 -> pdu_0xb6c60128 -> pdu_0xb6c60dc0 -> pdu_0xb6c61a58 -> pdu_0xb6c626f0 -> pdu_0xb6c63388 -> pdu_0xb6c64020 -> pdu_0xb6c64cb8 -> pdu_0xb6c65950 -> pdu_0xb6c665e8 -> pdu_0xb6c67280 -> pdu_0xb6c67f18 -> pdu_0xb6c68bb0 -> pdu_0xb6c69848 -> pdu_0xb6c6a4e0 -> pdu_0xb6c6b178 -> pdu_0xb6c6be10 -> pdu_0xb6c6caa8 -> pdu_0xb6c6d740 -> pdu_0xb6c6e3d8 -> pdu_0xb6c6f070 -> pdu_0xb6c6fd08 -> pdu_0xb6c709a0 -> pdu_0xb6c71638 -> pdu_0xb6c722d0 -> pdu_0xb6c72f68 -> pdu_0xb6c73c00 -> pdu_0xb6c74898 -> pdu_0xb6c75530 -> pdu_0xb6c761c8 -> pdu_0xb6c76e60 -> pdu_0xb6c77af8 -> pdu_0xb6c78790 -> pdu_0xb6c79428 -> pdu_0xb6c7a0c0 -> pdu_0xb6c7ad58 -> pdu_0xb6c7b9f0 -> pdu_0xb6c7c688 -> pdu_0xb6c7d320 -> pdu_0xb6c7dfb8 -> pdu_0xb6c7ec50 -> pdu_0xb6c7f8e8 -> pdu_0xb6c80580 -> pdu_0xb6c81218 -> pdu_0xb6c81eb0 -> pdu_0xb6c82b48 -> pdu_0xb6c837e0 -> pdu_0xb6c84478 -> pdu_0xb6c85110 -> pdu_0xb6c85da8 -> pdu_0xb6c86a40 -> pdu_0xb6c876d8 -> pdu_0xb6c88370 -> pdu_0xb6c89008 -> pdu_0xb6c89ca0 -> pdu_0xb6c8a938 -> pdu_0xb6c8b5d0 -> pdu_0xb6c8c268 -> pdu_0xb6c8cf00 -> pdu_0xb6c8db98 -> pdu_0xb6c8e830 -> pdu_0xb6c8f4c8 -> pdu_0xb6c90160 -> pdu_0xb6c90df8 -> pdu_0xb6c91a90 -> pdu_0xb6c92728 -> pdu_0xb6c933c0 -> pdu_0xb6c94058 -> pdu_0xb6c94cf0 -> pdu_0xb6c95988 -> pdu_0xb6c96620 -> pdu_0xb6c972b8 -> pdu_0xb6c97f50 -> pdu_0xb6c98be8 -> pdu_0xb6c99880 -> pdu_0xb6c9a518 -> pdu_0xb6c9b1b0 -> pdu_0xb6c9be48 -> pdu_0xb6c9cae0 -> pdu_0xb6c9d778 -> pdu_0xb6c9e410 -> pdu_0xb6c9f0a8 -> pdu_0xb6c9fd40 -> pdu_0xb6ca09d8 -> pdu_0xb6ca1670 -> pdu_0xb6ca2308 -> pdu_0xb6ca2fa0 -> pdu_0xb6ca3c38 -> pdu_0xb6ca48d0 -> pdu_0xb6ca5568 -> pdu_0xb6ca6200 -> pdu_0xb6ca6e98 -> pdu_0xb6ca7b30 -> pdu_0xb6ca87c8 -> pdu_0xb6ca9460 -> pdu_0xb6caa0f8 -> pdu_0xb6caad90 -> pdu_0xb6caba28 -> pdu_0xb6cac6c0 -> pdu_0xb6cad358 -> pdu_0xb6cadff0 -> pdu_0xb6caec88 -> pdu_0xb6caf920 -> pdu_0xb6cb05b8 -> pdu_0xb6cb1250 -> pdu_0xb6cb1ee8 -> pdu_0xb6cb2b80 -> pdu_0xb6cb3818 -> pdu_0xb6cb44b0 -> pdu_0xb6cb5148 -> pdu_0xb6cb5de0 -> pdu_0xb6cb6a78 -> pdu_0xb6cb7710 -> pdu_0xb6cb83a8 -> pdu_0xb6cb9040 -> pdu_0xb6cb9cd8 -> pdu_0xb6cba970 -> pdu_0xb6cbb608 -> pdu_0xb6cbc2a0 -> pdu_0xb6cbcf38 -> pdu_0xb6cbdbd0 -> pdu_0xb6cbe868 -> pdu_0xb6cbf500 -> pdu_0xb6cc0198 -> pdu_0xb6cc0e30 -> pdu_0xb6cc1ac8 -> pdu_0xb6cc2760 -> pdu_0xb6cc33f8 -> pdu_0xb6cc4090 -> pdu_0xb6cc4d28 -> pdu_0xb6cc59c0 -> pdu_0xb6cc6658 -> pdu_0xb6cc72f0 -> pdu_0xb6cc7f88 -> pdu_0xb6cc8c20 -> pdu_0xb6cc98b8 -> pdu_0xb6cca550 -> pdu_0xb6ccb1e8 -> pdu_0xb6ccbe80 -> pdu_0xb6cccb18 -> pdu_0xb6ccd7b0 -> pdu_0xb6cce448 -> pdu_0xb6ccf0e0 -> pdu_0xb6ccfd78 -> pdu_0xb6cd0a10 -> pdu_0xb6cd16a8 -> pdu_0xb6cd2340 -> pdu_0xb6cd2fd8 -> pdu_0xb6cd3c70 -> pdu_0xb6cd4908 -> pdu_0xb6cd55a0 -> pdu_0xb6cd6238 -> pdu_0xb6cd6ed0 -> pdu_0xb6cd7b68 -> pdu_0xb6cd8800 -> pdu_0xb6cd9498 -> pdu_0xb6cda130 -> pdu_0xb6cdadc8 -> pdu_0xb6cdba60 -> pdu_0xb6cdc6f8 -> pdu_0xb6cdd390 -> pdu_0xb6cde028 -> pdu_0xb6cdecc0 -> pdu_0xb6cdf958 -> pdu_0xb6ce05f0 -> pdu_0xb6ce1288 -> pdu_0xb6ce1f20 -> pdu_0xb6ce2bb8 -> pdu_0xb6ce3850 -> pdu_0xb6ce44e8 -> pdu_0xb6ce5180 -> pdu_0xb6ce5e18 -> pdu_0xb6ce6ab0 -> pdu_0xb6ce7748 -> pdu_0xb6ce83e0 -> pdu_0xb6ce9078 -> pdu_0xb6ce9d10 -> pdu_0xb6cea9a8 -> pdu_0xb6ceb640 -> pdu_0xb6cec2d8 -> pdu_0xb6cecf70 -> pdu_0xb6cedc08 -> pdu_0xb6cee8a0 -> pdu_0xb6cef538 -> pdu_0xb6cf01d0 -> pdu_0xb6cf0e68 -> pdu_0xb6cf1b00 -> pdu_0xb6cf2798 -> pdu_0xb6cf3430 -> pdu_0xb6cf40c8 -> pdu_0xb6cf4d60 -> pdu_0xb6cf59f8 -> pdu_0xb6cf6690 -> pdu_0xb6cf7328 -> pdu_0xb6cf7fc0 -> pdu_0xb6cf8c58 -> pdu_0xb6cf98f0 -> pdu_0xb6cfa588 -> pdu_0xb6cfb220 -> pdu_0xb6cfbeb8 -> pdu_0xb6cfcb50 -> pdu_0xb6cfd7e8 -> pdu_0xb6cfe480 -> pdu_0xb6cff118 -> pdu_0xb6cffdb0 -> pdu_0xb6d00a48 -> pdu_0xb6d016e0 -> pdu_0xb6d02378 -> pdu_0xb6d03010 -> pdu_0xb6d03ca8 -> pdu_0xb6d04940 -> pdu_0xb6d055d8 -> pdu_0xb6d06270 -> pdu_0xb6d06f08 -> pdu_0xb6d07ba0 -> pdu_0xb6d08838 -> pdu_0xb6d094d0 -> pdu_0xb6d0a168 -> pdu_0xb6d0ae00 -> pdu_0xb6d0ba98 -> pdu_0xb6d0c730 -> pdu_0xb6d0d3c8 -> pdu_0xb6d0e060 -> pdu_0xb6d0ecf8 -> pdu_0xb6d0f990 -> pdu_0xb6d10628 -> pdu_0xb6d112c0 -> pdu_0xb6d11f58 -> pdu_0xb6d12bf0 -> pdu_0xb6d13888 -> pdu_0xb6d14520 -> pdu_0xb6d151b8 -> pdu_0xb6d15e50 -> pdu_0xb6d16ae8 -> pdu_0xb6d17780 -> pdu_0xb6d18418 -> pdu_0xb6d190b0 -> pdu_0xb6d19d48 -> pdu_0xb6d1a9e0 -> pdu_0xb6d1b678 -> pdu_0xb6d1c310 -> pdu_0xb6d1cfa8 -> pdu_0xb6d1dc40 -> pdu_0xb6d1e8d8 -> pdu_0xb6d1f570 -> pdu_0xb6d20208 -> pdu_0xb6d20ea0 -> pdu_0xb6d21b38 -> pdu_0xb6d227d0 -> pdu_0xb6d23468 -> pdu_0xb6d24100 -> pdu_0xb6d24d98 -> pdu_0xb6d25a30 -> pdu_0xb6d266c8 -> pdu_0xb6d27360 -> pdu_0xb6d27ff8 -> pdu_0xb6d28c90 -> pdu_0xb6d29928 -> pdu_0xb6d2a5c0 -> pdu_0xb6d2b258 -> pdu_0xb6d2bef0 -> pdu_0xb6d2cb88 -> pdu_0xb6d2d820 -> pdu_0xb6d2e4b8 -> pdu_0xb6d2f150 -> pdu_0xb6d2fde8 -> pdu_0xb6d30a80 -> pdu_0xb6d31718 -> pdu_0xb6d323b0 -> pdu_0xb6d33048 -> pdu_0xb6d33ce0 -> pdu_0xb6d34978 -> pdu_0xb6d35610 -> pdu_0xb6d362a8 -> pdu_0xb6d36f40 -> pdu_0xb6d37bd8 -> pdu_0xb6d38870 -> pdu_0xb6d39508 -> pdu_0xb6d3a1a0 -> pdu_0xb6d3ae38 -> pdu_0xb6d3bad0 -> pdu_0xb6d3c768 -> pdu_0xb6d3d400 -> pdu_0xb6d3e098 -> pdu_0xb6d3ed30 -> pdu_0xb6d3f9c8 -> pdu_0xb6d40660 -> pdu_0xb6d412f8 -> pdu_0xb6d41f90 -> pdu_0xb6d42c28 -> pdu_0xb6d438c0 -> pdu_0xb6d44558 -> pdu_0xb6d451f0 -> pdu_0xb6d45e88 -> pdu_0xb6d46b20 -> pdu_0xb6d477b8 -> pdu_0xb6d48450 -> pdu_0xb6d490e8 -> pdu_0xb6d49d80 -> pdu_0xb6d4aa18 -> pdu_0xb6d4b6b0 -> pdu_0xb6d4c348 -> pdu_0xb6d4cfe0 -> pdu_0xb6d4dc78 -> pdu_0xb6d4e910 -> pdu_0xb6d4f5a8 -> pdu_0xb6d50240 -> pdu_0xb6d50ed8 -> pdu_0xb6d51b70 -> pdu_0xb6d52808 -> pdu_0xb6d534a0 -> pdu_0xb6d54138 -> pdu_0xb6d54dd0 -> pdu_0xb6d55a68 -> pdu_0xb6d56700 -> pdu_0xb6d57398 -> pdu_0xb6d58030 -> pdu_0xb6d58cc8 -> pdu_0xb6d59960 -> pdu_0xb6d5a5f8 -> pdu_0xb6d5b290 -> pdu_0xb6d5bf28 -> pdu_0xb6d5cbc0 -> pdu_0xb6d5d858 -> pdu_0xb6d5e4f0 -> pdu_0xb6d5f188 -> pdu_0xb6d5fe20 -> pdu_0xb6d60ab8 -> pdu_0xb6d61750 -> pdu_0xb6d623e8 -> pdu_0xb6d63080 -> pdu_0xb6d63d18 -> pdu_0xb6d649b0 -> pdu_0xb6d65648 -> pdu_0xb6d662e0 -> pdu_0xb6d66f78 -> pdu_0xb6d67c10 -> pdu_0xb6d688a8 -> pdu_0xb6d69540 -> pdu_0xb6d6a1d8 -> pdu_0xb6d6ae70 -> pdu_0xb6d6bb08 -> pdu_0xb6d6c7a0 -> pdu_0xb6d6d438 -> pdu_0xb6d6e0d0 -> pdu_0xb6d6ed68 -> pdu_0xb6d6fa00 -> pdu_0xb6d70698 -> pdu_0xb6d71330 -> pdu_0xb6d71fc8 -> pdu_0xb6d72c60 -> pdu_0xb6d738f8 -> pdu_0xb6d74590 -> pdu_0xb6d75228 -> pdu_0xb6d75ec0 -> pdu_0xb6d76b58 -> pdu_0xb6d777f0 -> pdu_0xb6d78488 -> pdu_0xb6d79120 -> pdu_0xb6d79db8 -> pdu_0xb6d7aa50 -> pdu_0xb6d7b6e8 -> pdu_0xb6d7c380 -> pdu_0xb6d7d018 -> pdu_0xb6d7dcb0 -> pdu_0xb6d7e948 -> pdu_0xb6d7f5e0 -> pdu_0xb6d80278 -> pdu_0xb6d80f10 -> pdu_0xb6d81ba8 -> pdu_0xb6d82840 -> pdu_0xb6d834d8 -> pdu_0xb6d84170 -> pdu_0xb6d84e08 -> pdu_0xb6d85aa0 -> pdu_0xb6d86738 -> pdu_0xb6d873d0 -> pdu_0xb6d88068 -> pdu_0xb6d88d00 -> pdu_0xb6d89998 -> pdu_0xb6d8a630 -> pdu_0xb6d8b2c8 -> pdu_0xb6d8bf60 -> pdu_0xb6d8cbf8 -> pdu_0xb6d8d890 -> pdu_0xb6d8e528 -> pdu_0xb6d8f1c0 -> pdu_0xb6d8fe58 -> pdu_0xb6d90af0 -> pdu_0xb6d91788 -> pdu_0xb6d92420 -> pdu_0xb6d930b8 -> pdu_0xb6d93d50 -> pdu_0xb6d949e8 -> pdu_0xb6d95680 -> pdu_0xb6d96318 -> pdu_0xb6d96fb0 -> pdu_0xb6d97c48 -> pdu_0xb6d988e0 -> pdu_0xb6d99578 -> pdu_0xb6d9a210 -> pdu_0xb6d9aea8 -> pdu_0xb6d9bb40 -> pdu_0xb6d9c7d8 -> pdu_0xb6d9d470 -> pdu_0xb6d9e108 -> pdu_0xb6d9eda0 -> pdu_0xb6d9fa38 -> pdu_0xb6da06d0 -> pdu_0xb6da1368 -> pdu_0xb6da2000 -> pdu_0xb6da2c98 -> pdu_0xb6da3930 -> pdu_0xb6da45c8 -> pdu_0xb6da5260 -> pdu_0xb6da5ef8 -> pdu_0xb6da6b90 -> pdu_0xb6da7828 -> pdu_0xb6da84c0 -> pdu_0xb6da9158 -> pdu_0xb6da9df0 -> pdu_0xb6daaa88 -> pdu_0xb6dab720 -> pdu_0xb6dac3b8 -> pdu_0xb6dad050 -> pdu_0xb6dadce8 -> pdu_0xb6dae980 -> pdu_0xb6daf618 -> pdu_0xb6db02b0 -> pdu_0xb6db0f48 -> pdu_0xb6db1be0 -> pdu_0xb6db2878 -> pdu_0xb6db3510 -> pdu_0xb6db41a8 -> pdu_0xb6db4e40 -> pdu_0xb6db5ad8 -> pdu_0xb6db6770 -> pdu_0xb6db7408 -> pdu_0xb6db80a0 -> pdu_0xb6db8d38 -> pdu_0xb6db99d0 -> pdu_0xb6dba668 -> pdu_0xb6dbb300 -> pdu_0xb6dbbf98 -> pdu_0xb6dbcc30 -> pdu_0xb6dbd8c8 -> pdu_0xb6dbe560 -> pdu_0xb6dbf1f8 -> pdu_0xb6dbfe90 -> pdu_0xb6dc0b28 -> pdu_0xb6dc17c0 -> pdu_0xb6dc2458 -> pdu_0xb6dc30f0 -> pdu_0xb6dc3d88 -> pdu_0xb6dc4a20 -> pdu_0xb6dc56b8 -> pdu_0xb6dc6350 -> pdu_0xb6dc6fe8 -> pdu_0xb6dc7c80 -> pdu_0xb6dc8918 -> pdu_0xb6dc95b0 -> pdu_0xb6dca248 -> pdu_0xb6dcaee0 -> pdu_0xb6dcbb78 -> pdu_0xb6dcc810 -> pdu_0xb6dcd4a8 -> pdu_0xb6dce140 -> pdu_0xb6dcedd8 -> pdu_0xb6dcfa70 -> pdu_0xb6dd0708 -> pdu_0xb6dd13a0 -> pdu_0xb6dd2038 -> pdu_0xb6dd2cd0 -> pdu_0xb6dd3968 -> pdu_0xb6dd4600 -> pdu_0xb6dd5298 -> pdu_0xb6dd5f30 -> pdu_0xb6dd6bc8 -> pdu_0xb6dd7860 -> pdu_0xb6dd84f8 -> pdu_0xb6dd9190 -> pdu_0xb6dd9e28 -> pdu_0xb6ddaac0 -> pdu_0xb6ddb758 -> pdu_0xb6ddc3f0 -> pdu_0xb6ddd088 -> pdu_0xb6dddd20 -> pdu_0xb6dde9b8 -> pdu_0xb6ddf650 -> pdu_0xb6de02e8 -> pdu_0xb6de0f80 -> pdu_0xb6de1c18 -> pdu_0xb6de28b0 -> pdu_0xb6de3548 -> pdu_0xb6de41e0 -> pdu_0xb6de4e78 -> pdu_0xb6de5b10 -> pdu_0xb6de67a8 -> pdu_0xb6de7440 -> pdu_0xb6de80d8 -> pdu_0xb6de8d70 -> pdu_0xb6de9a08 -> pdu_0xb6dea6a0 -> pdu_0xb6deb338 -> pdu_0xb6debfd0 -> pdu_0xb6decc68 -> pdu_0xb6ded900 -> pdu_0xb6dee598 -> pdu_0xb6def230 -> pdu_0xb6defec8 -> pdu_0xb6df0b60 -> pdu_0xb6df17f8 -> pdu_0xb6df2490 -> pdu_0xb6df3128 -> pdu_0xb6df3dc0 -> pdu_0xb6df4a58 -> pdu_0xb6df56f0 -> pdu_0xb6df6388 -> pdu_0xb6df7020 -> pdu_0xb6df7cb8 -> pdu_0xb6df8950 -> pdu_0xb6df95e8 -> pdu_0xb6dfa280 -> pdu_0xb6dfaf18 -> pdu_0xb6dfbbb0 -> pdu_0xb6dfc848 -> pdu_0xb6dfd4e0 -> pdu_0xb6dfe178 -> pdu_0xb6dfee10 -> pdu_0xb6dffaa8 -> pdu_0xb6e00740 -> pdu_0xb6e013d8 -> pdu_0xb6e02070 -> pdu_0xb6e02d08 -> pdu_0xb6e039a0 -> pdu_0xb6e04638 -> pdu_0xb6e052d0 -> pdu_0xb6e05f68 -> pdu_0xb6e06c00 -> pdu_0xb6e07898 -> pdu_0xb6e08530 -> pdu_0xb6e091c8 -> pdu_0xb6e09e60 -> pdu_0xb6e0aaf8 -> pdu_0xb6e0b790 -> pdu_0xb6e0c428 -> pdu_0xb6e0d0c0 -> pdu_0xb6e0dd58 -> pdu_0xb6e0e9f0 -> pdu_0xb6e0f688 -> pdu_0xb6e10320 -> pdu_0xb6e10fb8 -> pdu_0xb6e11c50 -> pdu_0xb6e128e8 -> pdu_0xb6e13580 -> pdu_0xb6e14218 -> pdu_0xb6e14eb0 -> pdu_0xb6e15b48 -> pdu_0xb6e167e0 -> pdu_0xb6e17478 -> pdu_0xb6e18110 -> pdu_0xb6e18da8 -> pdu_0xb6e19a40 -> pdu_0xb6e1a6d8 -> pdu_0xb6e1b370 -> pdu_0xb6e1c008 -> pdu_0xb6e1cca0 -> pdu_0xb6e1d938 -> pdu_0xb6e1e5d0 -> pdu_0xb6e1f268 -> pdu_0xb6e1ff00 -> pdu_0xb6e20b98 -> pdu_0xb6e21830 -> pdu_0xb6e224c8 -> pdu_0xb6e23160 -> pdu_0xb6e23df8 -> pdu_0xb6e24a90 -> pdu_0xb6e25728 -> pdu_0xb6e263c0 -> pdu_0xb6e27058 -> pdu_0xb6e27cf0 -> pdu_0xb6e28988 -> pdu_0xb6e29620 -> pdu_0xb6e2a2b8 -> pdu_0xb6e2af50 -> pdu_0xb6e2bbe8 -> pdu_0xb6e2c880 -> pdu_0xb6e2d518 -> pdu_0xb6e2e1b0 -> pdu_0xb6e2ee48 -> pdu_0xb6e2fae0 -> pdu_0xb6e30778 -> pdu_0xb6e31410 -> pdu_0xb6e320a8 -> pdu_0xb6e32d40 -> pdu_0xb6e339d8 -> pdu_0xb6e34670 -> pdu_0xb6e35308 -> pdu_0xb6e35fa0 -> pdu_0xb6e36c38 -> pdu_0xb6e378d0 -> pdu_0xb6e38568 -> pdu_0xb6e39200 -> pdu_0xb6e39e98 -> pdu_0xb6e3ab30 -> pdu_0xb6e3b7c8 -> pdu_0xb6e3c460 -> pdu_0xb6e3d0f8 -> pdu_0xb6e3dd90 -> pdu_0xb6e3ea28 -> pdu_0xb6e3f6c0 -> pdu_0xb6e40358 -> pdu_0xb6e40ff0 -> pdu_0xb6e41c88 -> pdu_0xb6e42920 -> pdu_0xb6e435b8 -> pdu_0xb6e44250 -> pdu_0xb6e44ee8 -> pdu_0xb6e45b80 -> pdu_0xb6e46818 -> pdu_0xb6e474b0 -> pdu_0xb6e48148 -> pdu_0xb6e48de0 -> pdu_0xb6e49a78 -> pdu_0xb6e4a710 -> pdu_0xb6e4b3a8 -> pdu_0xb6e4c040 -> pdu_0xb6e4ccd8 -> pdu_0xb6e4d970 -> pdu_0xb6e4e608 -> pdu_0xb6e4f2a0 -> pdu_0xb6e4ff38 -> pdu_0xb6e50bd0 -> pdu_0xb6e51868 -> pdu_0xb6e52500 -> pdu_0xb6e53198 -> pdu_0xb6e53e30 -> pdu_0xb6e54ac8 -> pdu_0xb6e55760 -> pdu_0xb6e563f8 -> pdu_0xb6e57090 -> pdu_0xb6e57d28 -> pdu_0xb6e589c0 -> pdu_0xb6e59658 -> pdu_0xb6e5a2f0 -> pdu_0xb6e5af88 -> pdu_0xb6e5bc20 -> pdu_0xb6e5c8b8 -> pdu_0xb6e5d550 -> pdu_0xb6e5e1e8 -> pdu_0xb6e5ee80 -> pdu_0xb6e5fb18 -> pdu_0xb6e607b0 -> pdu_0xb6e61448 -> pdu_0xb6e620e0 -> pdu_0xb6e62d78 -> pdu_0xb6e63a10 -> pdu_0xb6e646a8 -> pdu_0xb6e65340 -> pdu_0xb6e65fd8 -> pdu_0xb6e66c70 -> pdu_0xb6e67908 -> pdu_0xb6e685a0 -> pdu_0xb6e69238 -> pdu_0xb6e69ed0 -> pdu_0xb6e6ab68 -> pdu_0xb6e6b800 -> pdu_0xb6e6c498 -> pdu_0xb6e6d130 -> pdu_0xb6e6ddc8 -> pdu_0xb6e6ea60 -> pdu_0xb6e6f6f8 -> pdu_0xb6e70390 -> pdu_0xb6e71028 -> pdu_0xb6e71cc0 -> pdu_0xb6e72958 -> pdu_0xb6e735f0 -> pdu_0xb6e74288 -> pdu_0xb6e74f20 -> pdu_0xb6e75bb8 -> pdu_0xb6e76850 -> pdu_0xb6e774e8 -> pdu_0xb6e78180 -> pdu_0xb6e78e18 -> pdu_0xb6e79ab0 -> pdu_0xb6e7a748 -> pdu_0xb6e7b3e0 -> pdu_0xb6e7c078 -> pdu_0xb6e7cd10 -> pdu_0xb6e7d9a8 -> pdu_0xb6e7e640 -> pdu_0xb6e7f2d8 -> pdu_0xb6e7ff70 -> pdu_0xb6e80c08 -> pdu_0xb6e818a0 -> pdu_0xb6e82538 -> pdu_0xb6e831d0 -> pdu_0xb6e83e68 -> pdu_0xb6e84b00 -> pdu_0xb6e85798 -> pdu_0xb6e86430 -> pdu_0xb6e870c8 -> pdu_0xb6e87d60 -> pdu_0xb6e889f8 -> pdu_0xb6e89690 -> pdu_0xb6e8a328 -> pdu_0xb6e8afc0 -> pdu_0xb6e8bc58 -> pdu_0xb6e8c8f0 -> pdu_0xb6e8d588 -> pdu_0xb6e8e220 -> pdu_0xb6e8eeb8 -> pdu_0xb6e8fb50 -> pdu_0xb6e907e8 -> pdu_0xb6e91480 -> pdu_0xb6e92118 -> pdu_0xb6e92db0 -> pdu_0xb6e93a48 -> pdu_0xb6e946e0 -> pdu_0xb6e95378 -> pdu_0xb6e96010 -> pdu_0xb6e96ca8 -> pdu_0xb6e97940 -> pdu_0xb6e985d8 -> pdu_0xb6e99270 -> pdu_0xb6e99f08 -> pdu_0xb6e9aba0 -> pdu_0xb6e9b838 -> pdu_0xb6e9c4d0 -> pdu_0xb6e9d168 -> pdu_0xb6e9de00 -> pdu_0xb6e9ea98 -> pdu_0xb6e9f730 -> pdu_0xb6ea03c8 -> pdu_0xb6ea1060 -> pdu_0xb6ea1cf8 -> pdu_0xb6ea2990 -> pdu_0xb6ea3628 -> pdu_0xb6ea42c0 -> pdu_0xb6ea4f58 -> pdu_0xb6ea5bf0 -> pdu_0xb6ea6888 -> pdu_0xb6ea7520 -> pdu_0xb6ea81b8 -> pdu_0xb6ea8e50 -> pdu_0xb6ea9ae8 -> pdu_0xb6eaa780 -> pdu_0xb6eab418 -> pdu_0xb6eac0b0 -> pdu_0xb6eacd48 -> pdu_0xb6ead9e0 -> pdu_0xb6eae678 -> pdu_0xb6eaf310 -> pdu_0xb6eaffa8 -> pdu_0xb6eb0c40 -> pdu_0xb6eb18d8 -> pdu_0xb6eb2570 -> pdu_0xb6eb3208 -> pdu_0xb6eb3ea0 -> pdu_0xb6eb4b38 -> pdu_0xb6eb57d0 -> pdu_0xb6eb6468 -> pdu_0xb6eb7100 -> pdu_0xb6eb7d98 -> pdu_0xb6eb8a30 -> pdu_0xb6eb96c8 -> pdu_0xb6eba360 -> pdu_0xb6ebaff8 -> pdu_0xb6ebbc90 -> pdu_0xb6ebc928 -> pdu_0xb6ebd5c0 -> pdu_0xb6ebe258 -> pdu_0xb6ebeef0 -> pdu_0xb6ebfb88 -> pdu_0xb6ec0820 -> pdu_0xb6ec14b8 -> pdu_0xb6ec2150 -> pdu_0xb6ec2de8 -> pdu_0xb6ec3a80 -> pdu_0xb6ec4718 -> pdu_0xb6ec53b0 -> pdu_0xb6ec6048 -> pdu_0xb6ec6ce0 -> pdu_0xb6ec7978 -> pdu_0xb6ec8610 -> pdu_0xb6ec92a8 -> pdu_0xb6ec9f40 -> pdu_0xb6ecabd8 -> pdu_0xb6ecb870 -> pdu_0xb6ecc508 -> pdu_0xb6ecd1a0 -> pdu_0xb6ecde38 -> pdu_0xb6ecead0 -> pdu_0xb6ecf768 -> pdu_0xb6ed0400 -> pdu_0xb6ed1098 -> pdu_0xb6ed1d30 -> pdu_0xb6ed29c8 -> pdu_0xb6ed3660 -> pdu_0xb6ed42f8 -> pdu_0xb6ed4f90 -> pdu_0xb6ed5c28 -> pdu_0xb6ed68c0 -> pdu_0xb6ed7558 -> pdu_0xb6ed81f0 -> pdu_0xb6ed8e88 -> pdu_0xb6ed9b20 -> pdu_0xb6eda7b8 -> pdu_0xb6edb450 -> pdu_0xb6edc0e8 -> pdu_0xb6edcd80 -> pdu_0xb6edda18 -> pdu_0xb6ede6b0 -> pdu_0xb6edf348 -> pdu_0xb6edffe0 -> pdu_0xb6ee0c78 -> pdu_0xb6ee1910 -> pdu_0xb6ee25a8 -> pdu_0xb6ee3240 -> pdu_0xb6ee3ed8 -> pdu_0xb6ee4b70 -> pdu_0xb6ee5808 -> pdu_0xb6ee64a0 -> pdu_0xb6ee7138 -> pdu_0xb6ee7dd0 -> pdu_0xb6ee8a68 -> pdu_0xb6ee9700 -> pdu_0xb6eea398 -> pdu_0xb6eeb030 -> pdu_0xb6eebcc8 -> pdu_0xb6eec960 -> pdu_0xb6eed5f8 -> pdu_0xb6eee290 -> pdu_0xb6eeef28 -> pdu_0xb6eefbc0 -> pdu_0xb6ef0858 -> pdu_0xb6ef14f0 -> pdu_0xb6ef2188 -> pdu_0xb6ef2e20 -> pdu_0xb6ef3ab8 -> pdu_0xb6ef4750 -> pdu_0xb6ef53e8 -> pdu_0xb6ef6080 -> pdu_0xb6ef6d18 -> pdu_0xb6ef79b0 -> pdu_0xb6ef8648 -> pdu_0xb6ef92e0 -> pdu_0xb6ef9f78 -> pdu_0xb6efac10 -> pdu_0xb6efb8a8 -> pdu_0xb6efc540 -> pdu_0xb6efd1d8 -> pdu_0xb6efde70 -> pdu_0xb6efeb08 -> pdu_0xb6eff7a0 -> pdu_0xb6f00438 -> pdu_0xb6f010d0 -> pdu_0xb6f01d68 -> pdu_0xb6f02a00 -> pdu_0xb6f03698 -> pdu_0xb6f04330 -> pdu_0xb6f04fc8 -> pdu_0xb6f05c60 -> pdu_0xb6f068f8 -> pdu_0xb6f07590 -> pdu_0xb6f08228 -> pdu_0xb6f08ec0 -> pdu_0xb6f09b58 -> pdu_0xb6f0a7f0 -> pdu_0xb6f0b488 -> pdu_0xb6f0c120 -> pdu_0xb6f0cdb8 -> pdu_0xb6f0da50 -> pdu_0xb6f0e6e8 -> pdu_0xb6f0f380 -> pdu_0xb6f10018 -> pdu_0xb6f10cb0 -> pdu_0xb6f11948 -> pdu_0xb6f125e0 -> pdu_0xb6f13278 -> pdu_0xb6f13f10 -> pdu_0xb6f14ba8 -> pdu_0xb6f15840 -> pdu_0xb6f164d8 -> pdu_0xb6f17170 -> pdu_0xb6f17e08 -> pdu_0xb6f18aa0 -> pdu_0xb6f19738 -> pdu_0xb6f1a3d0 -> pdu_0xb6f1b068 -> pdu_0xb6f1bd00 -> pdu_0xb6f1c998 -> pdu_0xb6f1d630 -> pdu_0xb6f1e2c8 -> pdu_0xb6f1ef60 -> pdu_0xb6f1fbf8 -> pdu_0xb6f20890 -> pdu_0xb6f21528 -> pdu_0xb6f221c0 -> pdu_0xb6f22e58 -> pdu_0xb6f23af0 -> pdu_0xb6f24788 -> pdu_0xb6f25420 -> pdu_0xb6f260b8 -> pdu_0xb6f26d50 -> pdu_0xb6f279e8 -> pdu_0xb6f28680 -> pdu_0xb6f29318 -> pdu_0xb6f29fb0 -> pdu_0xb6f2ac48 -> pdu_0xb6f2b8e0 -> pdu_0xb6f2c578 -> pdu_0xb6f2d210 -> pdu_0xb6f2dea8 -> pdu_0xb6f2eb40 -> pdu_0xb6f2f7d8 -> pdu_0xb6f30470 -> pdu_0xb6f31108 -> pdu_0xb6f31da0 -> pdu_0xb6f32a38 -> pdu_0xb6f336d0 -> pdu_0xb6f34368 -> pdu_0xb6f35000 -> pdu_0xb6f35c98 -> pdu_0xb6f36930 -> pdu_0xb6f375c8 -> pdu_0xb6f38260 -> pdu_0xb6f38ef8 -> pdu_0xb6f39b90 -> pdu_0xb6f3a828 -> pdu_0xb6f3b4c0 -> pdu_0xb6f3c158 -> pdu_0xb6f3cdf0 -> pdu_0xb6f3da88 -> pdu_0xb6f3e720 -> pdu_0xb6f3f3b8 -> pdu_0xb6f40050 -> pdu_0xb6f40ce8 -> pdu_0xb6f41980 -> pdu_0xb6f42618 -> pdu_0xb6f432b0 -> pdu_0xb6f43f48 -> pdu_0xb6f44be0 -> pdu_0xb6f45878 -> pdu_0xb6f46510 -> pdu_0xb6f471a8 -> pdu_0xb6f47e40 -> pdu_0xb6f48ad8 -> pdu_0xb6f49770 -> pdu_0xb6f4a408 -> pdu_0xb6f4b0a0 -> pdu_0xb6f4bd38 -> pdu_0xb6f4c9d0 -> pdu_0xb6f4d668 -> pdu_0xb6f4e300 -> pdu_0xb6f4ef98 -> pdu_0xb6f4fc30 -> pdu_0xb6f508c8 -> pdu_0xb6f51560 -> pdu_0xb6f521f8 -> pdu_0xb6f52e90 -> pdu_0xb6f53b28 -> pdu_0xb6f547c0 -> pdu_0xb6f55458 -> pdu_0xb6f560f0 -> pdu_0xb6f56d88 -> pdu_0xb6f57a20 -> pdu_0xb6f586b8 -> pdu_0xb6f59350 -> pdu_0xb6f59fe8 -> pdu_0xb6f5ac80 -> pdu_0xb6f5b918 -> pdu_0xb6f5c5b0 -> pdu_0xb6f5d248 -> pdu_0xb6f5dee0 -> pdu_0xb6f5eb78 -> pdu_0xb6f5f810 -> pdu_0xb6f604a8 -> pdu_0xb6f61140 -> pdu_0xb6f61dd8 -> pdu_0xb6f62a70 -> pdu_0xb6f63708 -> pdu_0xb6f643a0 -> pdu_0xb6f65038 -> pdu_0xb6f65cd0 -> pdu_0xb6f66968 -> pdu_0xb6f67600 -> pdu_0xb6f68298 -> pdu_0xb6f68f30 -> pdu_0xb6f69bc8 -> pdu_0xb6f6a860 -> pdu_0xb6f6b4f8 -> pdu_0xb6f6c190 -> pdu_0xb6f6ce28 -> pdu_0xb6f6dac0 -> pdu_0xb6f6e758 -> pdu_0xb6f6f3f0 -> pdu_0xb6f70088 -> pdu_0xb6f70d20 -> pdu_0xb6f719b8 -> pdu_0xb6f72650 -> pdu_0xb6f732e8 -> pdu_0xb6f73f80 -> pdu_0xb6f74c18 -> pdu_0xb6f758b0 -> pdu_0xb6f76548 -> pdu_0xb6f771e0 -> pdu_0xb6f77e78 -> pdu_0xb6f78b10 -> pdu_0xb6f797a8 -> pdu_0xb6f7a440 -> pdu_0xb6f7b0d8 -> pdu_0xb6f7bd70 -> pdu_0xb6f7ca08 -> pdu_0xb6f7d6a0 -> pdu_0xb6f7e338 -> pdu_0xb6f7efd0 -> pdu_0xb6f7fc68 -> pdu_0xb6f80900 -> pdu_0xb6f81598 -> pdu_0xb6f82230 -> pdu_0xb6f82ec8 -> pdu_0xb6f83b60 -> pdu_0xb6f847f8 -> pdu_0xb6f85490 -> pdu_0xb6f86128 -> pdu_0xb6f86dc0 -> pdu_0xb6f87a58 -> pdu_0xb6f886f0 -> pdu_0xb6f89388 -> pdu_0xb6f8a020 -> pdu_0xb6f8acb8 -> pdu_0xb6f8b950 -> pdu_0xb6f8c5e8 -> pdu_0xb6f8d280 -> pdu_0xb6f8df18 -> pdu_0xb6f8ebb0 -> pdu_0xb6f8f848 -> pdu_0xb6f904e0 -> pdu_0xb6f91178 -> pdu_0xb6f91e10 -> pdu_0xb6f92aa8 -> pdu_0xb6f93740 -> pdu_0xb6f943d8 -> pdu_0xb6f95070 -> pdu_0xb6f95d08 -> pdu_0xb6f969a0 -> pdu_0xb6f97638 -> pdu_0xb6f982d0 -> pdu_0xb6f98f68 -> pdu_0xb6f99c00 -> pdu_0xb6f9a898 -> pdu_0xb6f9b530 -> pdu_0xb6f9c1c8 -> pdu_0xb6f9ce60 -> pdu_0xb6f9daf8 -> pdu_0xb6f9e790 -> pdu_0xb6f9f428 -> pdu_0xb6fa00c0 -> pdu_0xb6fa0d58 -> pdu_0xb6fa19f0 -> pdu_0xb6fa2688 -> pdu_0xb6fa3320 -> pdu_0xb6fa3fb8 -> pdu_0xb6fa4c50 -> pdu_0xb6fa58e8 -> pdu_0xb6fa6580 -> pdu_0xb6fa7218 -> pdu_0xb6fa7eb0 -> pdu_0xb6fa8b48 -> pdu_0xb6fa97e0 -> pdu_0xb6faa478 -> pdu_0xb6fab110 -> pdu_0xb6fabda8 -> pdu_0xb6faca40 -> pdu_0xb6fad6d8 -> pdu_0xb6fae370 -> pdu_0xb6faf008 -> pdu_0xb6fafca0 -> pdu_0xb6fb0938 -> pdu_0xb6fb15d0 -> pdu_0xb6fb2268 -> pdu_0xb6fb2f00 -> pdu_0xb6fb3b98 -> pdu_0xb6fb4830 -> pdu_0xb6fb54c8 -> pdu_0xb6fb6160 -> pdu_0xb6fb6df8 -> pdu_0xb6fb7a90 -> pdu_0xb6fb8728 -> pdu_0xb6fb93c0 -> pdu_0xb6fba058 -> pdu_0xb6fbacf0 -> pdu_0xb6fbb988 -> pdu_0xb6fbc620 -> pdu_0xb6fbd2b8 -> pdu_0xb6fbdf50 -> pdu_0xb6fbebe8 -> pdu_0xb6fbf880 -> pdu_0xb6fc0518 -> pdu_0xb6fc11b0 -> pdu_0xb6fc1e48 -> pdu_0xb6fc2ae0 -> pdu_0xb6fc3778 -> pdu_0xb6fc4410 -> pdu_0xb6fc50a8 -> pdu_0xb6fc5d40 -> pdu_0xb6fc69d8 -> pdu_0xb6fc7670 -> pdu_0xb6fc8308 -> pdu_0xb6fc8fa0 -> pdu_0xb6fc9c38 -> pdu_0xb6fca8d0 -> pdu_0xb6fcb568 -> pdu_0xb6fcc200 -> pdu_0xb6fcce98 -> pdu_0xb6fcdb30 -> pdu_0xb6fce7c8 -> pdu_0xb6fcf460 -> pdu_0xb6fd00f8 -> pdu_0xb6fd0d90 -> pdu_0xb6fd1a28 -> pdu_0xb6fd26c0 -> pdu_0xb6fd3358 -> pdu_0xb6fd3ff0 -> pdu_0xb6fd4c88 -> pdu_0xb6fd5920 -> pdu_0xb6fd65b8 -> pdu_0xb6fd7250 -> pdu_0xb6fd7ee8 -> pdu_0xb6fd8b80 -> pdu_0xb6fd9818 -> pdu_0xb6fda4b0 -> pdu_0xb6fdb148 -> pdu_0xb6fdbde0 -> pdu_0xb6fdca78 -> pdu_0xb6fdd710 -> pdu_0xb6fde3a8 -> pdu_0xb6fdf040 -> pdu_0xb6fdfcd8 -> pdu_0xb6fe0970 -> pdu_0xb6fe1608 -> pdu_0xb6fe22a0 -> pdu_0xb6fe2f38 -> pdu_0xb6fe3bd0 -> pdu_0xb6fe4868 -> pdu_0xb6fe5500 -> pdu_0xb6fe6198 -> pdu_0xb6fe6e30 -> pdu_0xb6fe7ac8 -> pdu_0xb6fe8760 -> pdu_0xb6fe93f8 -> pdu_0xb6fea090 -> pdu_0xb6fead28 -> pdu_0xb6feb9c0 -> pdu_0xb6fec658 -> pdu_0xb6fed2f0 -> pdu_0xb6fedf88 -> pdu_0xb6feec20 -> pdu_0xb6fef8b8 -> pdu_0xb6ff0550 -> pdu_0xb6ff11e8 -> pdu_0xb6ff1e80 -> pdu_0xb6ff2b18 -> pdu_0xb6ff37b0 -> pdu_0xb6ff4448 -> pdu_0xb6ff50e0 -> pdu_0xb6ff5d78 -> pdu_0xb6ff6a10 -> pdu_0xb6ff76a8 -> pdu_0xb6ff8340 -> pdu_0xb6ff8fd8 -> pdu_0xb6ff9c70 -> pdu_0xb6ffa908 -> pdu_0xb6ffb5a0 -> pdu_0xb6ffc238 -> pdu_0xb6ffced0 -> pdu_0xb6ffdb68 -> pdu_0xb6ffe800 -> pdu_0xb6fff498 -> pdu_0xb7000130 -> pdu_0xb7000dc8 -> pdu_0xb7001a60 -> pdu_0xb70026f8 -> pdu_0xb7003390 -> pdu_0xb7004028 -> pdu_0xb7004cc0 -> pdu_0xb7005958 -> pdu_0xb70065f0 -> pdu_0xb7007288 -> pdu_0xb7007f20 -> pdu_0xb7008bb8 -> pdu_0xb7009850 -> pdu_0xb700a4e8 -> pdu_0xb700b180 -> pdu_0xb700be18 -> pdu_0xb700cab0 -> pdu_0xb700d748 -> pdu_0xb700e3e0 -> pdu_0xb700f078 -> pdu_0xb700fd10 -> pdu_0xb70109a8 -> pdu_0xb7011640 -> pdu_0xb70122d8 -> pdu_0xb7012f70 -> pdu_0xb7013c08 -> pdu_0xb70148a0 -> pdu_0xb7015538 -> pdu_0xb70161d0 -> pdu_0xb7016e68 -> pdu_0xb7017b00 -> pdu_0xb7018798 -> pdu_0xb7019430 -> pdu_0xb701a0c8 -> pdu_0xb701ad60 -> pdu_0xb701b9f8 -> pdu_0xb701c690 -> pdu_0xb701d328 -> pdu_0xb701dfc0 -> pdu_0xb701ec58 -> pdu_0xb701f8f0 -> pdu_0xb7020588 -> pdu_0xb7021220 -> pdu_0xb7021eb8 -> pdu_0xb7022b50 -> pdu_0xb70237e8 -> pdu_0xb7024480 -> pdu_0xb7025118 -> pdu_0xb7025db0 -> pdu_0xb7026a48 -> pdu_0xb70276e0 -> pdu_0xb7028378 -> pdu_0xb7029010 -> pdu_0xb7029ca8 -> pdu_0xb702a940 -> pdu_0xb702b5d8 -> pdu_0xb702c270 -> pdu_0xb702cf08 -> pdu_0xb702dba0 -> pdu_0xb702e838 -> pdu_0xb702f4d0 -> pdu_0xb7030168 -> pdu_0xb7030e00 -> pdu_0xb7031a98 -> pdu_0xb7032730 -> pdu_0xb70333c8 -> pdu_0xb7034060 -> pdu_0xb7034cf8 -> pdu_0xb7035990 -> pdu_0xb7036628 -> pdu_0xb70372c0 -> pdu_0xb7037f58 -> pdu_0xb7038bf0 -> pdu_0xb7039888 -> pdu_0xb703a520 -> pdu_0xb703b1b8 -> pdu_0xb703be50 -> pdu_0xb703cae8 -> pdu_0xb703d780 -> pdu_0xb703e418 -> pdu_0xb703f0b0 -> pdu_0xb703fd48 -> pdu_0xb70409e0 -> pdu_0xb7041678 -> pdu_0xb7042310 -> pdu_0xb7042fa8 -> pdu_0xb7043c40 -> pdu_0xb70448d8 -> pdu_0xb7045570 -> pdu_0xb7046208 -> pdu_0xb7046ea0 -> pdu_0xb7047b38 -> pdu_0xb70487d0 -> pdu_0xb7049468 -> pdu_0xb704a100 -> pdu_0xb704ad98 -> pdu_0xb704ba30 -> pdu_0xb704c6c8 -> pdu_0xb704d360 -> pdu_0xb704dff8 -> pdu_0xb704ec90 -> pdu_0xb704f928 -> pdu_0xb70505c0 -> pdu_0xb7051258 -> pdu_0xb7051ef0 -> pdu_0xb7052b88 -> pdu_0xb7053820 -> pdu_0xb70544b8 -> pdu_0xb7055150 -> pdu_0xb7055de8 -> pdu_0xb7056a80 -> pdu_0xb7057718 -> pdu_0xb70583b0 -> pdu_0xb7059048 -> pdu_0xb7059ce0 -> pdu_0xb705a978 -> pdu_0xb705b610 -> pdu_0xb705c2a8 -> pdu_0xb705cf40 -> pdu_0xb705dbd8 -> pdu_0xb705e870 -> pdu_0xb705f508 -> pdu_0xb70601a0 -> pdu_0xb7060e38 -> pdu_0xb7061ad0 -> pdu_0xb7062768 -> pdu_0xb7063400 -> pdu_0xb7064098 -> pdu_0xb7064d30 -> pdu_0xb70659c8 -> pdu_0xb7066660 -> pdu_0xb70672f8 -> pdu_0xb7067f90 -> pdu_0xb7068c28 -> pdu_0xb70698c0 -> pdu_0xb706a558 -> pdu_0xb706b1f0 -> pdu_0xb706be88 -> pdu_0xb706cb20 -> pdu_0xb706d7b8 -> pdu_0xb706e450 -> pdu_0xb706f0e8 -> pdu_0xb706fd80 -> pdu_0xb7070a18 -> pdu_0xb70716b0 -> pdu_0xb7072348 -> pdu_0xb7072fe0 -> pdu_0xb7073c78 -> pdu_0xb7074910 -> pdu_0xb70755a8 -> pdu_0xb7076240 -> pdu_0xb7076ed8 -> pdu_0xb7077b70 -> pdu_0xb7078808 -> pdu_0xb70794a0 -> pdu_0xb707a138 -> pdu_0xb707add0 -> pdu_0xb707ba68 -> pdu_0xb707c700 -> pdu_0xb707d398 -> pdu_0xb707e030 -> pdu_0xb707ecc8 -> pdu_0xb707f960 -> pdu_0xb70805f8 -> pdu_0xb7081290 -> pdu_0xb7081f28 -> pdu_0xb7082bc0 -> pdu_0xb7083858 -> pdu_0xb70844f0 -> pdu_0xb7085188 -> pdu_0xb7085e20 -> pdu_0xb7086ab8 -> pdu_0xb7087750 -> pdu_0xb70883e8 -> pdu_0xb7089080 -> pdu_0xb7089d18 -> pdu_0xb708a9b0 -> pdu_0xb708b648 -> pdu_0xb708c2e0 -> pdu_0xb708cf78 -> pdu_0xb708dc10 -> pdu_0xb708e8a8 -> pdu_0xb708f540 -> pdu_0xb70901d8 -> pdu_0xb7090e70 -> pdu_0xb7091b08 -> pdu_0xb70927a0 -> pdu_0xb7093438 -> pdu_0xb70940d0 -> pdu_0xb7094d68 -> pdu_0xb7095a00 -> pdu_0xb7096698 -> pdu_0xb7097330 -> pdu_0xb7097fc8 -> pdu_0xb7098c60 -> pdu_0xb70998f8 -> pdu_0xb709a590 -> pdu_0xb709b228 -> pdu_0xb709bec0 -> pdu_0xb709cb58 -> pdu_0xb709d7f0 -> pdu_0xb709e488 -> pdu_0xb709f120 -> pdu_0xb709fdb8 -> pdu_0xb70a0a50 -> pdu_0xb70a16e8 -> pdu_0xb70a2380 -> pdu_0xb70a3018 -> pdu_0xb70a3cb0 -> pdu_0xb70a4948 -> pdu_0xb70a55e0 -> pdu_0xb70a6278 -> pdu_0xb70a6f10 -> pdu_0xb70a7ba8 -> pdu_0xb70a8840 -> pdu_0xb70a94d8 -> pdu_0xb70aa170 -> pdu_0xb70aae08 -> pdu_0xb70abaa0 -> pdu_0xb70ac738 -> pdu_0xb70ad3d0 -> pdu_0xb70ae068 -> pdu_0xb70aed00 -> pdu_0xb70af998 -> pdu_0xb70b0630 -> pdu_0xb70b12c8 -> pdu_0xb70b1f60 -> pdu_0xb70b2bf8 -> pdu_0xb70b3890 -> pdu_0xb70b4528 -> pdu_0xb70b51c0 -> pdu_0xb70b5e58 -> pdu_0xb70b6af0 -> pdu_0xb70b7788 -> pdu_0xb70b8420 -> pdu_0xb70b90b8 -> pdu_0xb70b9d50 -> pdu_0xb70ba9e8 -> pdu_0xb70bb680 -> pdu_0xb70bc318 -> pdu_0xb70bcfb0 -> pdu_0xb70bdc48 -> pdu_0xb70be8e0 -> pdu_0xb70bf578 -> pdu_0xb70c0210 -> pdu_0xb70c0ea8 -> pdu_0xb70c1b40 -> pdu_0xb70c27d8 -> pdu_0xb70c3470 -> pdu_0xb70c4108 -> pdu_0xb70c4da0 -> pdu_0xb70c5a38 -> pdu_0xb70c66d0 -> pdu_0xb70c7368 -> pdu_0xb70c8000 -> pdu_0xb70c8c98 -> pdu_0xb70c9930 -> pdu_0xb70ca5c8 -> pdu_0xb70cb260 -> pdu_0xb70cbef8 -> pdu_0xb70ccb90 -> pdu_0xb70cd828 -> pdu_0xb70ce4c0 -> pdu_0xb70cf158 -> pdu_0xb70cfdf0 -> pdu_0xb70d0a88 -> pdu_0xb70d1720 -> pdu_0xb70d23b8 -> pdu_0xb70d3050 -> pdu_0xb70d3ce8 -> pdu_0xb70d4980 -> pdu_0xb70d5618 -> pdu_0xb70d62b0 -> pdu_0xb70d6f48 -> pdu_0xb70d7be0 -> pdu_0xb70d8878 -> pdu_0xb70d9510 -> pdu_0xb70da1a8 -> pdu_0xb70dae40 -> pdu_0xb70dbad8 -> pdu_0xb70dc770 -> pdu_0xb70dd408 -> pdu_0xb70de0a0 -> pdu_0xb70ded38 -> pdu_0xb70df9d0 -> pdu_0xb70e0668 -> pdu_0xb70e1300 -> pdu_0xb70e1f98 -> pdu_0xb70e2c30 -> pdu_0xb70e38c8 -> pdu_0xb70e4560 -> pdu_0xb70e51f8 -> pdu_0xb70e5e90 -> pdu_0xb70e6b28 -> pdu_0xb70e77c0 -> pdu_0xb70e8458 -> pdu_0xb70e90f0 -> pdu_0xb70e9d88 -> pdu_0xb70eaa20 -> pdu_0xb70eb6b8 -> pdu_0xb70ec350 -> pdu_0xb70ecfe8 -> pdu_0xb70edc80 -> pdu_0xb70ee918 -> pdu_0xb70ef5b0 -> pdu_0xb70f0248 -> pdu_0xb70f0ee0 -> pdu_0xb70f1b78 -> pdu_0xb70f2810 -> pdu_0xb70f34a8 -> pdu_0xb70f4140 -> pdu_0xb70f4dd8 -> pdu_0xb70f5a70 -> pdu_0xb70f6708 -> pdu_0xb70f73a0 -> pdu_0xb70f8038 -> pdu_0xb70f8cd0 -> pdu_0xb70f9968 -> pdu_0xb70fa600 -> pdu_0xb70fb298 -> pdu_0xb70fbf30 -> pdu_0xb70fcbc8 -> pdu_0xb70fd860 -> pdu_0xb70fe4f8 -> pdu_0xb70ff190 -> pdu_0xb70ffe28 -> pdu_0xb7100ac0 -> pdu_0xb7101758 -> pdu_0xb71023f0 -> pdu_0xb7103088 -> pdu_0xb7103d20 -> pdu_0xb71049b8 -> pdu_0xb7105650 -> pdu_0xb71062e8 -> pdu_0xb7106f80 -> pdu_0xb7107c18 -> pdu_0xb71088b0 -> pdu_0xb7109548 -> pdu_0xb710a1e0 -> pdu_0xb710ae78 -> pdu_0xb710bb10 -> pdu_0xb710c7a8 -> pdu_0xb710d440 -> pdu_0xb710e0d8 -> pdu_0xb710ed70 -> pdu_0xb710fa08 -> pdu_0xb71106a0 -> pdu_0xb7111338 -> pdu_0xb7111fd0 -> pdu_0xb7112c68 -> pdu_0xb7113900 -> pdu_0xb7114598 -> pdu_0xb7115230 -> pdu_0xb7115ec8 -> pdu_0xb7116b60 -> pdu_0xb71177f8 -> pdu_0xb7118490 -> pdu_0xb7119128 -> pdu_0xb7119dc0 -> pdu_0xb711aa58 -> pdu_0xb711b6f0 -> pdu_0xb711c388 -> pdu_0xb711d020 -> pdu_0xb711dcb8 -> pdu_0xb711e950 -> pdu_0xb711f5e8 -> pdu_0xb7120280 -> pdu_0xb7120f18 -> pdu_0xb7121bb0 -> pdu_0xb7122848 -> pdu_0xb71234e0 -> pdu_0xb7124178 -> pdu_0xb7124e10 -> pdu_0xb7125aa8 -> pdu_0xb7126740 -> pdu_0xb71273d8 -> pdu_0xb7128070 -> pdu_0xb7128d08 -> pdu_0xb71299a0 -> pdu_0xb712a638 -> pdu_0xb712b2d0 -> pdu_0xb712bf68 -> pdu_0xb712cc00 -> pdu_0xb712d898 -> pdu_0xb712e530 -> pdu_0xb712f1c8 -> pdu_0xb712fe60 -> pdu_0xb7130af8 -> pdu_0xb7131790 -> pdu_0xb7132428 -> pdu_0xb71330c0 -> pdu_0xb7133d58 -> pdu_0xb71349f0 -> pdu_0xb7135688 -> pdu_0xb7136320 -> pdu_0xb7136fb8 -> pdu_0xb7137c50 -> pdu_0xb71388e8 -> pdu_0xb7139580 -> pdu_0xb713a218 -> pdu_0xb713aeb0 -> pdu_0xb713bb48 -> pdu_0xb713c7e0 -> pdu_0xb713d478 -> pdu_0xb713e110 -> pdu_0xb713eda8 -> pdu_0xb713fa40 -> pdu_0xb71406d8 -> pdu_0xb7141370 -> pdu_0xb7142008 -> pdu_0xb7142ca0 -> pdu_0xb7143938 -> pdu_0xb71445d0 -> pdu_0xb7145268 -> pdu_0xb7145f00 -> pdu_0xb7146b98 -> pdu_0xb7147830 -> pdu_0xb71484c8 -> pdu_0xb7149160 -> pdu_0xb7149df8 -> pdu_0xb714aa90 -> pdu_0xb714b728 -> pdu_0xb714c3c0 -> pdu_0xb714d058 -> pdu_0xb714dcf0 -> pdu_0xb714e988 -> pdu_0xb714f620 -> pdu_0xb71502b8 -> pdu_0xb7150f50 -> pdu_0xb7151be8 -> pdu_0xb7152880 -> pdu_0xb7153518 -> pdu_0xb71541b0 -> pdu_0xb7154e48 -> pdu_0xb7155ae0 -> pdu_0xb7156778 -> pdu_0xb7157410 -> pdu_0xb71580a8 -> pdu_0xb7158d40 -> pdu_0xb71599d8 -> pdu_0xb715a670 -> pdu_0xb715b308 -> pdu_0xb715bfa0 -> pdu_0xb715cc38 -> pdu_0xb715d8d0 -> pdu_0xb715e568 -> pdu_0xb715f200 -> pdu_0xb715fe98 -> pdu_0xb7160b30 -> pdu_0xb71617c8 -> pdu_0xb7162460 -> pdu_0xb71630f8 -> pdu_0xb7163d90 -> pdu_0xb7164a28 -> pdu_0xb71656c0 -> pdu_0xb7166358 -> pdu_0xb7166ff0 -> pdu_0xb7167c88 -> pdu_0xb7168920 -> pdu_0xb71695b8 -> pdu_0xb716a250 -> pdu_0xb716aee8 -> pdu_0xb716bb80 -> pdu_0xb716c818 -> pdu_0xb716d4b0 -> pdu_0xb716e148 -> pdu_0xb716ede0 -> pdu_0xb716fa78 -> pdu_0xb7170710 -> pdu_0xb71713a8 -> pdu_0xb7172040 -> pdu_0xb7172cd8 -> pdu_0xb7173970 -> pdu_0xb7174608 -> pdu_0xb71752a0 -> pdu_0xb7175f38 -> pdu_0xb7176bd0 -> pdu_0xb7177868 -> pdu_0xb7178500 -> pdu_0xb7179198 -> pdu_0xb7179e30 -> pdu_0xb717aac8 -> pdu_0xb717b760 -> pdu_0xb717c3f8 -> pdu_0xb717d090 -> pdu_0xb717dd28 -> pdu_0xb717e9c0 -> pdu_0xb717f658 -> pdu_0xb71802f0 -> pdu_0xb7180f88 -> pdu_0xb7181c20 -> pdu_0xb71828b8 -> pdu_0xb7183550 -> pdu_0xb71841e8 -> pdu_0xb7184e80 -> pdu_0xb7185b18 -> pdu_0xb71867b0 -> pdu_0xb7187448 -> pdu_0xb71880e0 -> pdu_0xb7188d78 -> pdu_0xb7189a10 -> pdu_0xb718a6a8 -> pdu_0xb718b340 -> pdu_0xb718bfd8 -> pdu_0xb718cc70 -> pdu_0xb718d908 -> pdu_0xb718e5a0 -> pdu_0xb718f238 -> pdu_0xb718fed0 -> pdu_0xb7190b68 -> pdu_0xb7191800 -> pdu_0xb7192498 -> pdu_0xb7193130 -> pdu_0xb7193dc8 -> pdu_0xb7194a60 -> pdu_0xb71956f8 -> pdu_0xb7196390 -> pdu_0xb7197028 -> pdu_0xb7197cc0 -> pdu_0xb7198958 -> pdu_0xb71995f0 -> pdu_0xb719a288 -> pdu_0xb719af20 -> pdu_0xb719bbb8 -> pdu_0xb719c850 -> pdu_0xb719d4e8 -> pdu_0xb719e180 -> pdu_0xb719ee18 -> pdu_0xb719fab0 -> pdu_0xb71a0748 -> pdu_0xb71a13e0 -> pdu_0xb71a2078 -> pdu_0xb71a2d10 -> pdu_0xb71a39a8 -> pdu_0xb71a4640 -> pdu_0xb71a52d8 -> pdu_0xb71a5f70 -> pdu_0xb71a6c08 -> pdu_0xb71a78a0 -> pdu_0xb71a8538 -> pdu_0xb71a91d0 -> pdu_0xb71a9e68 -> pdu_0xb71aab00 -> pdu_0xb71ab798 -> pdu_0xb71ac430 -> pdu_0xb71ad0c8 -> pdu_0xb71add60 -> pdu_0xb71ae9f8 -> pdu_0xb71af690 -> pdu_0xb71b0328 -> pdu_0xb71b0fc0 -> pdu_0xb71b1c58 -> pdu_0xb71b28f0 -> pdu_0xb71b3588 -> pdu_0xb71b4220 -> pdu_0xb71b4eb8 -> pdu_0xb71b5b50 -> pdu_0xb71b67e8 -> pdu_0xb71b7480 -> pdu_0xb71b8118 -> pdu_0xb71b8db0 -> pdu_0xb71b9a48 -> pdu_0xb71ba6e0 -> pdu_0xb71bb378 -> pdu_0xb71bc010 -> pdu_0xb71bcca8 -> pdu_0xb71bd940 -> pdu_0xb71be5d8 -> pdu_0xb71bf270 -> pdu_0xb71bff08 -> pdu_0xb71c0ba0 -> pdu_0xb71c1838 -> pdu_0xb71c24d0 -> pdu_0xb71c3168 -> pdu_0xb71c3e00 -> pdu_0xb71c4a98 -> pdu_0xb71c5730 -> pdu_0xb71c63c8 -> pdu_0xb71c7060 -> pdu_0xb71c7cf8 -> pdu_0xb71c8990 -> pdu_0xb71c9628 -> pdu_0xb71ca2c0 -> pdu_0xb71caf58 -> pdu_0xb71cbbf0 -> pdu_0xb71cc888 -> pdu_0xb71cd520 -> pdu_0xb71ce1b8 -> pdu_0xb71cee50 -> pdu_0xb71cfae8 -> pdu_0xb71d0780 -> pdu_0xb71d1418 -> pdu_0xb71d20b0 -> pdu_0xb71d2d48 -> pdu_0xb71d39e0 -> pdu_0xb71d4678 -> pdu_0xb71d5310 -> pdu_0xb71d5fa8 -> pdu_0xb71d6c40 -> pdu_0xb71d78d8 -> pdu_0xb71d8570 -> pdu_0xb71d9208 -> pdu_0xb71d9ea0 -> pdu_0xb71dab38 -> pdu_0xb71db7d0 -> pdu_0xb71dc468 -> pdu_0xb71dd100 -> pdu_0xb71ddd98 -> pdu_0xb71dea30 -> pdu_0xb71df6c8 -> pdu_0xb71e0360 -> pdu_0xb71e0ff8 -> pdu_0xb71e1c90 -> pdu_0xb71e2928 -> pdu_0xb71e35c0 -> pdu_0xb71e4258 -> pdu_0xb71e4ef0 -> pdu_0xb71e5b88 -> pdu_0xb71e6820 -> pdu_0xb71e74b8 -> pdu_0xb71e8150 -> pdu_0xb71e8de8 -> pdu_0xb71e9a80 -> pdu_0xb71ea718 -> pdu_0xb71eb3b0 -> pdu_0xb71ec048 -> pdu_0xb71ecce0 -> pdu_0xb71ed978 -> pdu_0xb71ee610 -> pdu_0xb71ef2a8 -> pdu_0xb71eff40 -> pdu_0xb71f0bd8 -> pdu_0xb71f1870 -> pdu_0xb71f2508 -> pdu_0xb71f31a0 -> pdu_0xb71f3e38 -> pdu_0xb71f4ad0 -> pdu_0xb71f5768 -> pdu_0xb71f6400 -> pdu_0xb71f7098 -> pdu_0xb71f7d30 -> pdu_0xb71f89c8 -> pdu_0xb71f9660 -> pdu_0xb71fa2f8 -> pdu_0xb71faf90 -> pdu_0xb71fbc28 -> pdu_0xb71fc8c0 -> pdu_0xb71fd558 -> pdu_0xb71fe1f0 -> pdu_0xb71fee88 -> pdu_0xb71ffb20 -> pdu_0xb72007b8 -> pdu_0xb7201450 -> pdu_0xb72020e8 -> pdu_0xb7202d80 -> pdu_0xb7203a18 -> pdu_0xb72046b0 -> pdu_0xb7205348 -> pdu_0xb7205fe0 -> pdu_0xb7206c78 -> pdu_0xb7207910 -> pdu_0xb72085a8 -> pdu_0xb7209240 -> pdu_0xb7209ed8 -> pdu_0xb720ab70 -> pdu_0xb720b808 -> pdu_0xb720c4a0 -> pdu_0xb720d138 -> pdu_0xb720ddd0 -> pdu_0xb720ea68 -> pdu_0xb720f700 -> pdu_0xb7210398 -> pdu_0xb7211030 -> pdu_0xb7211cc8 -> pdu_0xb7212960 -> pdu_0xb72135f8 -> pdu_0xb7214290 -> pdu_0xb7214f28 -> pdu_0xb7215bc0 -> pdu_0xb7216858 -> pdu_0xb72174f0 -> pdu_0xb7218188 -> pdu_0xb7218e20 -> pdu_0xb7219ab8 -> pdu_0xb721a750 -> pdu_0xb721b3e8 -> pdu_0xb721c080 -> pdu_0xb721cd18 -> pdu_0xb721d9b0 -> pdu_0xb721e648 -> pdu_0xb721f2e0 -> pdu_0xb721ff78 -> pdu_0xb7220c10 -> pdu_0xb72218a8 -> pdu_0xb7222540 -> pdu_0xb72231d8 -> pdu_0xb7223e70 -> pdu_0xb7224b08 -> pdu_0xb72257a0 -> pdu_0xb7226438 -> pdu_0xb72270d0 -> pdu_0xb7227d68 -> pdu_0xb7228a00 -> pdu_0xb7229698 -> pdu_0xb722a330 -> pdu_0xb722afc8 -> pdu_0xb722bc60 -> pdu_0xb722c8f8 -> pdu_0xb722d590 -> pdu_0xb722e228 -> pdu_0xb722eec0 -> pdu_0xb722fb58 -> pdu_0xb72307f0 -> pdu_0xb7231488 -> pdu_0xb7232120 -> pdu_0xb7232db8 -> pdu_0xb7233a50 -> pdu_0xb72346e8 -> pdu_0xb7235380 -> pdu_0xb7236018 -> pdu_0xb7236cb0 -> pdu_0xb7237948 -> pdu_0xb72385e0 -> pdu_0xb7239278 -> pdu_0xb7239f10 -> pdu_0xb723aba8 -> pdu_0xb723b840 -> pdu_0xb723c4d8 -> pdu_0xb723d170 -> pdu_0xb723de08 -> pdu_0xb723eaa0 -> pdu_0xb723f738 -> pdu_0xb72403d0 -> pdu_0xb7241068 -> pdu_0xb7241d00 -> pdu_0xb7242998 -> pdu_0xb7243630 -> pdu_0xb72442c8 -> pdu_0xb7244f60 -> pdu_0xb7245bf8 -> pdu_0xb7246890 -> pdu_0xb7247528 -> pdu_0xb72481c0 -> pdu_0xb7248e58 -> pdu_0xb7249af0 -> pdu_0xb724a788 -> pdu_0xb724b420 -> pdu_0xb724c0b8 -> pdu_0xb724cd50 -> pdu_0xb724d9e8 -> pdu_0xb724e680 -> pdu_0xb724f318 -> pdu_0xb724ffb0 -> pdu_0xb7250c48 -> pdu_0xb72518e0 -> pdu_0xb7252578 -> pdu_0xb7253210 -> pdu_0xb7253ea8 -> pdu_0xb7254b40 -> pdu_0xb72557d8 -> pdu_0xb7256470 -> pdu_0xb7257108 -> pdu_0xb7257da0 -> pdu_0xb7258a38 -> pdu_0xb72596d0 -> pdu_0xb725a368 -> pdu_0xb725b000 -> pdu_0xb725bc98 -> pdu_0xb725c930 -> pdu_0xb725d5c8 -> pdu_0xb725e260 -> pdu_0xb725eef8 -> pdu_0xb725fb90 -> pdu_0xb7260828 -> pdu_0xb72614c0 -> pdu_0xb7262158 -> pdu_0xb7262df0 -> pdu_0xb7263a88 -> pdu_0xb7264720 -> pdu_0xb72653b8 -> pdu_0xb7266050 -> pdu_0xb7266ce8 -> pdu_0xb7267980 -> pdu_0xb7268618 -> pdu_0xb72692b0 -> pdu_0xb7269f48 -> pdu_0xb726abe0 -> pdu_0xb726b878 -> pdu_0xb726c510 -> pdu_0xb726d1a8 -> pdu_0xb726de40 -> pdu_0xb726ead8 -> pdu_0xb726f770 -> pdu_0xb7270408 -> pdu_0xb72710a0 -> pdu_0xb7271d38 -> pdu_0xb72729d0 -> pdu_0xb7273668 -> pdu_0xb7274300 -> pdu_0xb7274f98 -> pdu_0xb7275c30 -> pdu_0xb72768c8 -> pdu_0xb7277560 -> pdu_0xb72781f8 -> pdu_0xb7278e90 -> pdu_0xb7279b28 -> pdu_0xb727a7c0 -> pdu_0xb727b458 -> pdu_0xb727c0f0 -> pdu_0xb727cd88 -> pdu_0xb727da20 -> pdu_0xb727e6b8 -> pdu_0xb727f350 -> pdu_0xb727ffe8 -> pdu_0xb7280c80 -> pdu_0xb7281918 -> pdu_0xb72825b0 -> pdu_0xb7283248 -> pdu_0xb7283ee0 -> pdu_0xb7284b78 -> pdu_0xb7285810 -> pdu_0xb72864a8 -> pdu_0xb7287140 -> pdu_0xb7287dd8 -> pdu_0xb7288a70 -> pdu_0xb7289708 -> pdu_0xb728a3a0 -> pdu_0xb728b038 -> pdu_0xb728bcd0 -> pdu_0xb728c968 -> pdu_0xb728d600 -> pdu_0xb728e298 -> pdu_0xb728ef30 -> pdu_0xb728fbc8 -> pdu_0xb7290860 -> pdu_0xb72914f8 -> pdu_0xb7292190 -> pdu_0xb7292e28 -> pdu_0xb7293ac0 -> pdu_0xb7294758 -> pdu_0xb72953f0 -> pdu_0xb7296088 -> pdu_0xb7296d20 -> pdu_0xb72979b8 -> pdu_0xb7298650 -> pdu_0xb72992e8 -> pdu_0xb7299f80 -> pdu_0xb729ac18 -> pdu_0xb729b8b0 -> pdu_0xb729c548 -> pdu_0xb729d1e0 -> pdu_0xb729de78 -> pdu_0xb729eb10 -> pdu_0xb729f7a8 -> pdu_0xb72a0440 -> pdu_0xb72a10d8 -> pdu_0xb72a1d70 -> pdu_0xb72a2a08 -> pdu_0xb72a36a0 -> pdu_0xb72a4338 -> pdu_0xb72a4fd0 -> pdu_0xb72a5c68 -> pdu_0xb72a6900 -> pdu_0xb72a7598 -> pdu_0xb72a8230 -> pdu_0xb72a8ec8 -> pdu_0xb72a9b60 -> pdu_0xb72aa7f8 -> pdu_0xb72ab490 -> pdu_0xb72ac128 -> pdu_0xb72acdc0 -> pdu_0xb72ada58 -> pdu_0xb72ae6f0 -> pdu_0xb72af388 -> pdu_0xb72b0020 -> pdu_0xb72b0cb8 -> pdu_0xb72b1950 -> pdu_0xb72b25e8 -> pdu_0xb72b3280 -> pdu_0xb72b3f18 -> pdu_0xb72b4bb0 -> pdu_0xb72b5848 -> pdu_0xb72b64e0 -> pdu_0xb72b7178 -> pdu_0xb72b7e10 -> pdu_0xb72b8aa8 -> pdu_0xb72b9740 -> pdu_0xb72ba3d8 -> pdu_0xb72bb070 -> pdu_0xb72bbd08 -> pdu_0xb72bc9a0 -> pdu_0xb72bd638 -> pdu_0xb72be2d0 -> pdu_0xb72bef68 -> pdu_0xb72bfc00 -> pdu_0xb72c0898 -> pdu_0xb72c1530 -> pdu_0xb72c21c8 -> pdu_0xb72c2e60 -> pdu_0xb72c3af8 -> pdu_0xb72c4790 -> pdu_0xb72c5428 -> pdu_0xb72c60c0 -> pdu_0xb72c6d58 -> pdu_0xb72c79f0 -> pdu_0xb72c8688 -> pdu_0xb72c9320 -> pdu_0xb72c9fb8 -> pdu_0xb72cac50 -> pdu_0xb72cb8e8 -> pdu_0xb72cc580 -> pdu_0xb72cd218 -> pdu_0xb72cdeb0 -> pdu_0xb72ceb48 -> pdu_0xb72cf7e0 -> pdu_0xb72d0478 -> pdu_0xb72d1110 -> pdu_0xb72d1da8 -> pdu_0xb72d2a40 -> pdu_0xb72d36d8 -> pdu_0xb72d4370 -> pdu_0xb72d5008 -> pdu_0xb72d5ca0 -> pdu_0xb72d6938 -> pdu_0xb72d75d0 -> pdu_0xb72d8268 -> pdu_0xb72d8f00 -> pdu_0xb72d9b98 -> pdu_0xb72da830 -> pdu_0xb72db4c8 -> pdu_0xb72dc160 -> pdu_0xb72dcdf8 -> pdu_0xb72dda90 -> pdu_0xb72de728 -> pdu_0xb72df3c0 -> pdu_0xb72e0058 -> pdu_0xb72e0cf0 -> pdu_0xb72e1988 -> pdu_0xb72e2620 -> pdu_0xb72e32b8 -> pdu_0xb72e3f50 -> pdu_0xb72e4be8 -> pdu_0xb72e5880 -> pdu_0xb72e6518 -> pdu_0xb72e71b0 -> pdu_0xb72e7e48 -> pdu_0xb72e8ae0 -> pdu_0xb72e9778 -> pdu_0xb72ea410 -> pdu_0xb72eb0a8 -> pdu_0xb72ebd40 -> pdu_0xb72ec9d8 -> pdu_0xb72ed670 -> pdu_0xb72ee308 -> pdu_0xb72eefa0 -> pdu_0xb72efc38 -> pdu_0xb72f08d0 -> pdu_0xb72f1568 -> pdu_0xb72f2200 -> pdu_0xb72f2e98 -> pdu_0xb72f3b30 -> pdu_0xb72f47c8 -> pdu_0xb72f5460 -> pdu_0xb72f60f8 -> pdu_0xb72f6d90 -> pdu_0xb72f7a28 -> pdu_0xb72f86c0 -> pdu_0xb72f9358 -> pdu_0xb72f9ff0 -> pdu_0xb72fac88 -> pdu_0xb72fb920 -> pdu_0xb72fc5b8 -> pdu_0xb72fd250 -> pdu_0xb72fdee8 -> pdu_0xb72feb80 -> pdu_0xb72ff818 -> pdu_0xb73004b0 -> pdu_0xb7301148 -> pdu_0xb7301de0 -> pdu_0xb7302a78 -> pdu_0xb7303710 -> pdu_0xb73043a8 -> pdu_0xb7305040 -> pdu_0xb7305cd8 -> pdu_0xb7306970 -> pdu_0xb7307608 -> pdu_0xb73082a0 -> pdu_0xb7308f38 -> pdu_0xb7309bd0 -> pdu_0xb730a868 -> pdu_0xb730b500 -> pdu_0xb730c198 -> pdu_0xb730ce30 -> pdu_0xb730dac8 -> pdu_0xb730e760 -> pdu_0xb730f3f8 -> pdu_0xb7310090 -> pdu_0xb7310d28 -> pdu_0xb73119c0 -> pdu_0xb7312658 -> pdu_0xb73132f0 -> pdu_0xb7313f88 -> pdu_0xb7314c20 -> pdu_0xb73158b8 -> pdu_0xb7316550 -> pdu_0xb73171e8 -> pdu_0xb7317e80 -> pdu_0xb7318b18 -> pdu_0xb73197b0 -> pdu_0xb731a448 -> pdu_0xb731b0e0 -> pdu_0xb731bd78 -> pdu_0xb731ca10 -> pdu_0xb731d6a8 -> pdu_0xb731e340 -> pdu_0xb731efd8 -> pdu_0xb731fc70 -> pdu_0xb7320908 -> pdu_0xb73215a0 -> pdu_0xb7322238 -> pdu_0xb7322ed0 -> pdu_0xb7323b68 -> pdu_0xb7324800 -> pdu_0xb7325498 -> pdu_0xb7326130 -> pdu_0xb7326dc8 -> pdu_0xb7327a60 -> pdu_0xb73286f8 -> pdu_0xb7329390 -> pdu_0xb732a028 -> pdu_0xb732acc0 -> pdu_0xb732b958 -> pdu_0xb732c5f0 -> pdu_0xb732d288 -> pdu_0xb732df20 -> pdu_0xb732ebb8 -> pdu_0xb732f850 -> pdu_0xb73304e8 -> pdu_0xb7331180 -> pdu_0xb7331e18 -> pdu_0xb7332ab0 -> pdu_0xb7333748 -> pdu_0xb73343e0 -> pdu_0xb7335078 -> pdu_0xb7335d10 -> pdu_0xb73369a8 -> pdu_0xb7337640 -> pdu_0xb73382d8 -> pdu_0xb7338f70 -> pdu_0xb7339c08 -> pdu_0xb733a8a0 -> pdu_0xb733b538 -> pdu_0xb733c1d0 -> pdu_0xb733ce68 -> pdu_0xb733db00 -> pdu_0xb733e798 -> pdu_0xb733f430 -> pdu_0xb73400c8 -> pdu_0xb7340d60 -> pdu_0xb73419f8 -> pdu_0xb7342690 -> pdu_0xb7343328 -> pdu_0xb7343fc0 -> pdu_0xb7344c58 -> pdu_0xb73458f0 -> pdu_0xb7346588 -> pdu_0xb7347220 -> pdu_0xb7347eb8 -> pdu_0xb7348b50 -> pdu_0xb73497e8 -> pdu_0xb734a480 -> pdu_0xb734b118 -> pdu_0xb734bdb0 -> pdu_0xb734ca48 -> pdu_0xb734d6e0 -> pdu_0xb734e378 -> pdu_0xb734f010 -> pdu_0xb734fca8 -> pdu_0xb7350940 -> pdu_0xb73515d8 -> pdu_0xb7352270 -> pdu_0xb7352f08 -> pdu_0xb7353ba0 -> pdu_0xb7354838 -> pdu_0xb73554d0 -> pdu_0xb7356168 -> pdu_0xb7356e00 -> pdu_0xb7357a98 -> pdu_0xb7358730 -> pdu_0xb73593c8 -> pdu_0xb735a060 -> pdu_0xb735acf8 -> pdu_0xb735b990 -> pdu_0xb735c628 -> pdu_0xb735d2c0 -> pdu_0xb735df58 -> pdu_0xb735ebf0 -> pdu_0xb735f888 -> pdu_0xb7360520 -> pdu_0xb73611b8 -> pdu_0xb7361e50 -> pdu_0xb7362ae8 -> pdu_0xb7363780 -> pdu_0xb7364418 -> pdu_0xb73650b0 -> pdu_0xb7365d48 -> pdu_0xb73669e0 -> pdu_0xb7367678 -> pdu_0xb7368310 -> pdu_0xb7368fa8 -> pdu_0xb7369c40 -> pdu_0xb736a8d8 -> pdu_0xb736b570 -> pdu_0xb736c208 -> pdu_0xb736cea0 -> pdu_0xb736db38 -> pdu_0xb736e7d0 -> pdu_0xb736f468 -> pdu_0xb7370100 -> pdu_0xb7370d98 -> pdu_0xb7371a30 -> pdu_0xb73726c8 -> pdu_0xb7373360 -> pdu_0xb7373ff8 -> pdu_0xb7374c90 -> pdu_0xb7375928 -> pdu_0xb73765c0 -> pdu_0xb7377258 -> pdu_0xb7377ef0 -> pdu_0xb7378b88 -> pdu_0xb7379820 -> pdu_0xb737a4b8 -> pdu_0xb737b150 -> pdu_0xb737bde8 -> pdu_0xb737ca80 -> pdu_0xb737d718 -> pdu_0xb737e3b0 -> pdu_0xb737f048 -> pdu_0xb737fce0 -> pdu_0xb7380978 -> pdu_0xb7381610 -> pdu_0xb73822a8 -> pdu_0xb7382f40 -> pdu_0xb7383bd8 -> pdu_0xb7384870 -> pdu_0xb7385508 -> pdu_0xb73861a0 -> pdu_0xb7386e38 -> pdu_0xb7387ad0 -> pdu_0xb7388768 -> pdu_0xb7389400 -> pdu_0xb738a098 -> pdu_0xb738ad30 -> pdu_0xb738b9c8 -> pdu_0xb738c660 -> pdu_0xb738d2f8 -> pdu_0xb738df90 -> pdu_0xb738ec28 -> pdu_0xb738f8c0 -> pdu_0xb7390558 -> pdu_0xb73911f0 -> pdu_0xb7391e88 -> pdu_0xb7392b20 -> pdu_0xb73937b8 -> pdu_0xb7394450 -> pdu_0xb73950e8 -> pdu_0xb7395d80 -> pdu_0xb7396a18 -> pdu_0xb73976b0 -> pdu_0xb7398348 -> pdu_0xb7398fe0 -> pdu_0xb7399c78 -> pdu_0xb739a910 -> pdu_0xb739b5a8 -> pdu_0xb739c240 -> pdu_0xb739ced8 -> pdu_0xb739db70 -> pdu_0xb739e808 -> pdu_0xb739f4a0 -> pdu_0xb73a0138 -> pdu_0xb73a0dd0 -> pdu_0xb73a1a68 -> pdu_0xb73a2700 -> pdu_0xb73a3398 -> pdu_0xb73a4030 -> pdu_0xb73a4cc8 -> pdu_0xb73a5960 -> pdu_0xb73a65f8 -> pdu_0xb73a7290 -> pdu_0xb73a7f28 -> pdu_0xb73a8bc0 -> pdu_0xb73a9858 -> pdu_0xb73aa4f0 -> pdu_0xb73ab188 -> pdu_0xb73abe20 -> pdu_0xb73acab8 -> pdu_0xb73ad750 -> pdu_0xb73ae3e8 -> pdu_0xb73af080 -> pdu_0xb73afd18 -> pdu_0xb73b09b0 -> pdu_0xb73b1648 -> pdu_0xb73b22e0 -> pdu_0xb73b2f78 -> pdu_0xb73b3c10 -> pdu_0xb73b48a8 -> pdu_0xb73b5540 -> pdu_0xb73b61d8 -> pdu_0xb73b6e70 -> pdu_0xb73b7b08 -> pdu_0xb73b87a0 -> pdu_0xb73b9438 -> pdu_0xb73ba0d0 -> pdu_0xb73bad68 -> pdu_0xb73bba00 -> pdu_0xb73bc698 -> pdu_0xb73bd330 -> pdu_0xb73bdfc8 -> pdu_0xb73bec60 -> pdu_0xb73bf8f8 -> pdu_0xb73c0590 -> pdu_0xb73c1228 -> pdu_0xb73c1ec0 -> pdu_0xb73c2b58 -> pdu_0xb73c37f0 -> pdu_0xb73c4488 -> pdu_0xb73c5120 -> pdu_0xb73c5db8 -> pdu_0xb73c6a50 -> pdu_0xb73c76e8 -> pdu_0xb73c8380 -> pdu_0xb73c9018 -> pdu_0xb73c9cb0 -> pdu_0xb73ca948 -> pdu_0xb73cb5e0 -> pdu_0xb73cc278 -> pdu_0xb73ccf10 -> pdu_0xb73cdba8 -> pdu_0xb73ce840 -> pdu_0xb73cf4d8 -> pdu_0xb73d0170 -> pdu_0xb73d0e08 -> pdu_0xb73d1aa0 -> pdu_0xb73d2738 -> pdu_0xb73d33d0 -> pdu_0xb73d4068 -> pdu_0xb73d4d00 -> pdu_0xb73d5998 -> pdu_0xb73d6630 -> pdu_0xb73d72c8 -> pdu_0xb73d7f60 -> pdu_0xb73d8bf8 -> pdu_0xb73d9890 -> pdu_0xb73da528 -> pdu_0xb73db1c0 -> pdu_0xb73dbe58 -> pdu_0xb73dcaf0 -> pdu_0xb73dd788 -> pdu_0xb73de420 -> pdu_0xb73df0b8 -> pdu_0xb73dfd50 -> pdu_0xb73e09e8 -> pdu_0xb73e1680 -> pdu_0xb73e2318 -> pdu_0xb73e2fb0 -> pdu_0xb73e3c48 -> pdu_0xb73e48e0 -> pdu_0xb73e5578 -> pdu_0xb73e6210 -> pdu_0xb73e6ea8 -> pdu_0xb73e7b40 -> pdu_0xb73e87d8 -> pdu_0xb73e9470 -> pdu_0xb73ea108 -> pdu_0xb73eada0 -> pdu_0xb73eba38 -> pdu_0xb73ec6d0 -> pdu_0xb73ed368 -> pdu_0xb73ee000 -> pdu_0xb73eec98 -> pdu_0xb73ef930 -> pdu_0xb73f05c8 -> pdu_0xb73f1260 -> pdu_0xb73f1ef8 -> pdu_0xb73f2b90 -> pdu_0xb73f3828 -> pdu_0xb73f44c0 -> pdu_0xb73f5158 -> pdu_0xb73f5df0 -> pdu_0xb73f6a88 -> pdu_0xb73f7720 -> pdu_0xb73f83b8 -> pdu_0xb73f9050 -> pdu_0xb73f9ce8 -> pdu_0xb73fa980 -> pdu_0xb73fb618 -> pdu_0xb73fc2b0 -> pdu_0xb73fcf48 -> pdu_0xb73fdbe0 -> pdu_0xb73fe878 -> pdu_0xb73ff510 -> pdu_0xb74001a8 -> pdu_0xb7400e40 -> pdu_0xb7401ad8 -> pdu_0xb7402770 -> pdu_0xb7403408 -> pdu_0xb74040a0 -> pdu_0xb7404d38 -> pdu_0xb74059d0 -> pdu_0xb7406668 -> pdu_0xb7407300 -> pdu_0xb7407f98 -> pdu_0xb7408c30 -> pdu_0xb74098c8 -> pdu_0xb740a560 -> pdu_0xb740b1f8 -> pdu_0xb740be90 -> pdu_0xb740cb28 -> pdu_0xb740d7c0 -> pdu_0xb740e458 -> pdu_0xb740f0f0 -> pdu_0xb740fd88 -> pdu_0xb7410a20 -> pdu_0xb74116b8 -> pdu_0xb7412350 -> pdu_0xb7412fe8 -> pdu_0xb7413c80 -> pdu_0xb7414918 -> pdu_0xb74155b0 -> pdu_0xb7416248 -> pdu_0xb7416ee0 -> pdu_0xb7417b78 -> pdu_0xb7418810 -> pdu_0xb74194a8 -> pdu_0xb741a140 -> pdu_0xb741add8 -> pdu_0xb741ba70 -> pdu_0xb741c708 -> pdu_0xb741d3a0 -> pdu_0xb741e038 -> pdu_0xb741ecd0 -> pdu_0xb741f968 -> pdu_0xb7420600 -> pdu_0xb7421298 -> pdu_0xb7421f30 -> pdu_0xb7422bc8 -> pdu_0xb7423860 -> pdu_0xb74244f8 -> pdu_0xb7425190 -> pdu_0xb7425e28 -> pdu_0xb7426ac0 -> pdu_0xb7427758 -> pdu_0xb74283f0 -> pdu_0xb7429088 -> pdu_0xb7429d20 -> pdu_0xb742a9b8 -> pdu_0xb742b650 -> pdu_0xb742c2e8 -> pdu_0xb742cf80 -> pdu_0xb742dc18 -> pdu_0xb742e8b0 -> pdu_0xb742f548 -> pdu_0xb74301e0 -> pdu_0xb7430e78 -> pdu_0xb7431b10 -> pdu_0xb74327a8 -> pdu_0xb7433440 -> pdu_0xb74340d8 -> pdu_0xb7434d70 -> pdu_0xb7435a08 -> pdu_0xb74366a0 -> pdu_0xb7437338 -> pdu_0xb7437fd0 -> pdu_0xb7438c68 -> pdu_0xb7439900 -> pdu_0xb743a598 -> pdu_0xb743b230 -> pdu_0xb743bec8 -> pdu_0xb743cb60 -> pdu_0xb743d7f8 -> pdu_0xb743e490 -> pdu_0xb743f128 -> pdu_0xb743fdc0 -> pdu_0xb7440a58 -> pdu_0xb74416f0 -> pdu_0xb7442388 -> pdu_0xb7443020 -> pdu_0xb7443cb8 -> pdu_0xb7444950 -> pdu_0xb74455e8 -> pdu_0xb7446280 -> pdu_0xb7446f18 -> pdu_0xb7447bb0 -> pdu_0xb7448848 -> pdu_0xb74494e0 -> pdu_0xb744a178 -> pdu_0xb744ae10 -> pdu_0xb744baa8 -> pdu_0xb744c740 -> pdu_0xb744d3d8 -> pdu_0xb744e070 -> pdu_0xb744ed08 -> pdu_0xb744f9a0 -> pdu_0xb7450638 -> pdu_0xb74512d0 -> pdu_0xb7451f68 -> pdu_0xb7452c00 -> pdu_0xb7453898 -> pdu_0xb7454530 -> pdu_0xb74551c8 -> pdu_0xb7455e60 -> pdu_0xb7456af8 -> pdu_0xb7457790 -> pdu_0xb7458428 -> pdu_0xb74590c0 -> pdu_0xb7459d58 -> pdu_0xb745a9f0 -> pdu_0xb745b688 -> pdu_0xb745c320 -> pdu_0xb745cfb8 -> pdu_0xb745dc50 -> pdu_0xb745e8e8 -> pdu_0xb745f580 -> pdu_0xb7460218 -> pdu_0xb7460eb0 -> pdu_0xb7461b48 -> pdu_0xb74627e0 -> pdu_0xb7463478 -> pdu_0xb7464110 -> pdu_0xb7464da8 -> pdu_0xb7465a40 -> pdu_0xb74666d8 -> pdu_0xb7467370 -> pdu_0xb7468008 -> pdu_0xb7468ca0 -> pdu_0xb7469938 -> pdu_0xb746a5d0 -> pdu_0xb746b268 -> pdu_0xb746bf00 -> pdu_0xb746cb98 -> pdu_0xb746d830 -> pdu_0xb746e4c8 -> pdu_0xb746f160 -> pdu_0xb746fdf8 -> pdu_0xb7470a90 -> pdu_0xb7471728 -> pdu_0xb74723c0 -> pdu_0xb7473058 -> pdu_0xb7473cf0 -> pdu_0xb7474988 -> pdu_0xb7475620 -> pdu_0xb74762b8 -> pdu_0xb7476f50 -> pdu_0xb7477be8 -> pdu_0xb7478880 -> pdu_0xb7479518 -> pdu_0xb747a1b0 -> pdu_0xb747ae48 -> pdu_0xb747bae0 -> pdu_0xb747c778 -> pdu_0xb747d410 -> pdu_0xb747e0a8 -> pdu_0xb747ed40 -> pdu_0xb747f9d8 -> pdu_0xb7480670 -> pdu_0xb7481308 -> pdu_0xb7481fa0 -> pdu_0xb7482c38 -> pdu_0xb74838d0 -> pdu_0xb7484568 -> pdu_0xb7485200 -> pdu_0xb7485e98 -> pdu_0xb7486b30 -> pdu_0xb74877c8 -> pdu_0xb7488460 -> pdu_0xb74890f8 -> pdu_0xb7489d90 -> pdu_0xb748aa28 -> pdu_0xb748b6c0 -> pdu_0xb748c358 -> pdu_0xb748cff0 -> pdu_0xb748dc88 -> pdu_0xb748e920 -> pdu_0xb748f5b8 -> pdu_0xb7490250 -> pdu_0xb7490ee8 -> pdu_0xb7491b80 -> pdu_0xb7492818 -> pdu_0xb74934b0 -> pdu_0xb7494148 -> pdu_0xb7494de0 -> pdu_0xb7495a78 -> pdu_0xb7496710 -> pdu_0xb74973a8 -> pdu_0xb7498040 -> pdu_0xb7498cd8 -> pdu_0xb7499970 -> pdu_0xb749a608 -> pdu_0xb749b2a0 -> pdu_0xb749bf38 -> pdu_0xb749cbd0 -> pdu_0xb749d868 -> pdu_0xb749e500 -> pdu_0xb749f198 -> pdu_0xb749fe30 -> pdu_0xb74a0ac8 -> pdu_0xb74a1760 -> pdu_0xb74a23f8 -> pdu_0xb74a3090 -> pdu_0xb74a3d28 -> pdu_0xb74a49c0 -> pdu_0xb74a5658 -> pdu_0xb74a62f0 -> pdu_0xb74a6f88 -> pdu_0xb74a7c20 -> pdu_0xb74a88b8 -> pdu_0xb74a9550 -> pdu_0xb74aa1e8 -> pdu_0xb74aae80 -> pdu_0xb74abb18 -> pdu_0xb74ac7b0 -> pdu_0xb74ad448 -> pdu_0xb74ae0e0 -> pdu_0xb74aed78 -> pdu_0xb74afa10 -> pdu_0xb74b06a8 -> pdu_0xb74b1340 -> pdu_0xb74b1fd8 -> pdu_0xb74b2c70 -> pdu_0xb74b3908 -> pdu_0xb74b45a0 -> pdu_0xb74b5238 -> pdu_0xb74b5ed0 -> pdu_0xb74b6b68 -> pdu_0xb74b7800 -> pdu_0xb74b8498 -> pdu_0xb74b9130 -> pdu_0xb74b9dc8 -> pdu_0xb74baa60 -> pdu_0xb74bb6f8 -> pdu_0xb74bc390 -> pdu_0xb74bd028 -> pdu_0xb74bdcc0 -> pdu_0xb74be958 -> pdu_0xb74bf5f0 -> pdu_0xb74c0288 -> pdu_0xb74c0f20 -> pdu_0xb74c1bb8 -> pdu_0xb74c2850 -> pdu_0xb74c34e8 -> pdu_0xb74c4180 -> pdu_0xb74c4e18 -> pdu_0xb74c5ab0 -> pdu_0xb74c6748 -> pdu_0xb74c73e0 -> pdu_0xb74c8078 -> pdu_0xb74c8d10 -> pdu_0xb74c99a8 -> pdu_0xb74ca640 -> pdu_0xb74cb2d8 -> pdu_0xb74cbf70 -> pdu_0xb74ccc08 -> pdu_0xb74cd8a0 -> pdu_0xb74ce538 -> pdu_0xb74cf1d0 -> pdu_0xb74cfe68 -> pdu_0xb74d0b00 -> pdu_0xb74d1798 -> pdu_0xb74d2430 -> pdu_0xb74d30c8 -> pdu_0xb74d3d60 -> pdu_0xb74d49f8 -> pdu_0xb74d5690 -> pdu_0xb74d6328 -> pdu_0xb74d6fc0 -> pdu_0xb74d7c58 -> pdu_0xb74d88f0 -> pdu_0xb74d9588 -> pdu_0xb74da220 -> pdu_0xb74daeb8 -> pdu_0xb74dbb50 -> pdu_0xb74dc7e8 -> pdu_0xb74dd480 -> pdu_0xb74de118 -> pdu_0xb74dedb0 -> pdu_0xb74dfa48 -> pdu_0xb74e06e0 -> pdu_0xb74e1378 -> pdu_0xb74e2010 -> pdu_0xb74e2ca8 -> pdu_0xb74e3940 -> pdu_0xb74e45d8 -> pdu_0xb74e5270 -> pdu_0xb74e5f08 -> pdu_0xb74e6ba0 -> pdu_0xb74e7838 -> pdu_0xb74e84d0 -> pdu_0xb74e9168 -> pdu_0xb74e9e00 -> pdu_0xb74eaa98 -> pdu_0xb74eb730 -> pdu_0xb74ec3c8 -> pdu_0xb74ed060 -> pdu_0xb74edcf8 -> pdu_0xb74ee990 -> pdu_0xb74ef628 -> pdu_0xb74f02c0 -> pdu_0xb74f0f58 -> pdu_0xb74f1bf0 -> pdu_0xb74f2888 -> pdu_0xb74f3520 -> pdu_0xb74f41b8 -> pdu_0xb74f4e50 -> pdu_0xb74f5ae8 -> pdu_0xb74f6780 -> pdu_0xb74f7418 -> pdu_0xb74f80b0 -> pdu_0xb74f8d48 -> pdu_0xb74f99e0 -> pdu_0xb74fa678 -> pdu_0xb74fb310 -> pdu_0xb74fbfa8 -> pdu_0xb74fcc40 -> pdu_0xb74fd8d8 -> pdu_0xb74fe570 -> pdu_0xb74ff208 -> pdu_0xb74ffea0 -> pdu_0xb7500b38 -> pdu_0xb75017d0 -> pdu_0xb7502468 -> pdu_0xb7503100 -> pdu_0xb7503d98 -> pdu_0xb7504a30 -> pdu_0xb75056c8 -> pdu_0xb7506360 -> pdu_0xb7506ff8 -> pdu_0xb7507c90 -> pdu_0xb7508928 -> pdu_0xb75095c0 -> pdu_0xb750a258 -> pdu_0xb750aef0 -> pdu_0xb750bb88 -> pdu_0xb750c820 -> pdu_0xb750d4b8 -> pdu_0xb750e150 -> pdu_0xb750ede8 -> pdu_0xb750fa80 -> pdu_0xb7510718 -> pdu_0xb75113b0 -> pdu_0xb7512048 -> pdu_0xb7512ce0 -> pdu_0xb7513978 -> pdu_0xb7514610 -> pdu_0xb75152a8 -> pdu_0xb7515f40 -> pdu_0xb7516bd8 -> pdu_0xb7517870 -> pdu_0xb7518508 -> pdu_0xb75191a0 -> pdu_0xb7519e38 -> pdu_0xb751aad0 -> pdu_0xb751b768 -> pdu_0xb751c400 -> pdu_0xb751d098 -> pdu_0xb751dd30 -> pdu_0xb751e9c8 -> pdu_0xb751f660 -> pdu_0xb75202f8 -> pdu_0xb7520f90 -> pdu_0xb7521c28 -> pdu_0xb75228c0 -> pdu_0xb7523558 -> pdu_0xb75241f0 -> pdu_0xb7524e88 -> pdu_0xb7525b20 -> pdu_0xb75267b8 -> pdu_0xb7527450 -> pdu_0xb75280e8 -> pdu_0xb7528d80 -> pdu_0xb7529a18 -> pdu_0xb752a6b0 -> pdu_0xb752b348 -> pdu_0xb752bfe0 -> pdu_0xb752cc78 -> pdu_0xb752d910 -> pdu_0xb752e5a8 -> pdu_0xb752f240 -> pdu_0xb752fed8 -> pdu_0xb7530b70 -> pdu_0xb7531808 -> pdu_0xb75324a0 -> pdu_0xb7533138 -> pdu_0xb7533dd0 -> pdu_0xb7534a68 -> pdu_0xb7535700 -> pdu_0xb7536398 -> pdu_0xb7537030 -> pdu_0xb7537cc8 -> pdu_0xb7538960 -> pdu_0xb75395f8 -> pdu_0xb753a290 -> pdu_0xb753af28 -> pdu_0xb753bbc0 -> pdu_0xb753c858 -> pdu_0xb753d4f0 -> pdu_0xb753e188 -> pdu_0xb753ee20 -> pdu_0xb753fab8 -> pdu_0xb7540750 -> pdu_0xb75413e8 -> pdu_0xb7542080 -> pdu_0xb7542d18 -> pdu_0xb75439b0 -> pdu_0xb7544648 -> pdu_0xb75452e0 -> pdu_0xb7545f78 -> pdu_0xb7546c10 -> pdu_0xb75478a8 -> pdu_0xb7548540 -> pdu_0xb75491d8 -> pdu_0xb7549e70 -> pdu_0xb754ab08 -> pdu_0xb754b7a0 -> pdu_0xb754c438 -> pdu_0xb754d0d0 -> pdu_0xb754dd68 -> pdu_0xb754ea00 -> pdu_0xb754f698 -> pdu_0xb7550330 -> pdu_0xb7550fc8 -> pdu_0xb7551c60 -> pdu_0xb75528f8 -> pdu_0xb7553590 -> pdu_0xb7554228 -> pdu_0xb7554ec0 -> pdu_0xb7555b58 -> pdu_0xb75567f0 -> pdu_0xb7557488 -> pdu_0xb7558120 -> pdu_0xb7558db8 -> pdu_0xb7559a50 -> pdu_0xb755a6e8 -> pdu_0xb755b380 -> pdu_0xb755c018 -> pdu_0xb755ccb0 -> pdu_0xb755d948 -> pdu_0xb755e5e0 -> pdu_0xb755f278 -> pdu_0xb755ff10 -> pdu_0xb7560ba8 -> pdu_0xb7561840 -> pdu_0xb75624d8 -> pdu_0xb7563170 -> pdu_0xb7563e08 -> pdu_0xb7564aa0 -> pdu_0xb7565738 -> pdu_0xb75663d0 -> pdu_0xb7567068 -> pdu_0xb7567d00 -> pdu_0xb7568998 -> pdu_0xb7569630 -> pdu_0xb756a2c8 -> pdu_0xb756af60 -> pdu_0xb756bbf8 -> pdu_0xb756c890 -> pdu_0xb756d528 -> pdu_0xb756e1c0 -> pdu_0xb756ee58 -> pdu_0xb756faf0 -> pdu_0xb7570788 -> pdu_0xb7571420 -> pdu_0xb75720b8 -> pdu_0xb7572d50 -> pdu_0xb75739e8 -> pdu_0xb7574680 -> pdu_0xb7575318 -> pdu_0xb7575fb0 -> pdu_0xb7576c48 -> pdu_0xb75778e0 -> pdu_0xb7578578 -> pdu_0xb7579210 -> pdu_0xb7579ea8 -> pdu_0xb757ab40 -> pdu_0xb757b7d8 -> pdu_0xb757c470 -> pdu_0xb757d108 -> pdu_0xb757dda0 -> pdu_0xb757ea38 -> pdu_0xb757f6d0 -> pdu_0xb7580368 -> pdu_0xb7581000 -> pdu_0xb7581c98 -> pdu_0xb7582930 -> pdu_0xb75835c8 -> pdu_0xb7584260 -> pdu_0xb7584ef8 -> pdu_0xb7585b90 -> pdu_0xb7586828 -> pdu_0xb75874c0 -> pdu_0xb7588158 -> pdu_0xb7588df0 -> pdu_0xb7589a88 -> pdu_0xb758a720 -> pdu_0xb758b3b8 -> pdu_0xb758c050 -> pdu_0xb758cce8 -> pdu_0xb758d980 -> pdu_0xb758e618 -> pdu_0xb758f2b0 -> pdu_0xb758ff48 -> pdu_0xb7590be0 -> pdu_0xb7591878 -> pdu_0xb7592510 -> pdu_0xb75931a8 -> pdu_0xb7593e40 -> pdu_0xb7594ad8 -> pdu_0xb7595770 -> pdu_0xb7596408 -> pdu_0xb75970a0 -> pdu_0xb7597d38 -> pdu_0xb75989d0 -> pdu_0xb7599668 -> pdu_0xb759a300 -> pdu_0xb759af98 -> pdu_0xb759bc30 -> pdu_0xb759c8c8 -> pdu_0xb759d560 -> pdu_0xb759e1f8 -> pdu_0xb759ee90 -> pdu_0xb759fb28 -> pdu_0xb75a07c0 -> pdu_0xb75a1458 -> pdu_0xb75a20f0 -> pdu_0xb75a2d88 -> pdu_0xb75a3a20 -> pdu_0xb75a46b8 -> pdu_0xb75a5350 -> pdu_0xb75a5fe8 -> pdu_0xb75a6c80 -> pdu_0xb75a7918 -> pdu_0xb75a85b0 -> pdu_0xb75a9248 -> pdu_0xb75a9ee0 -> pdu_0xb75aab78 -> pdu_0xb75ab810 -> pdu_0xb75ac4a8 -> pdu_0xb75ad140 -> pdu_0xb75addd8 -> pdu_0xb75aea70 -> pdu_0xb75af708 -> pdu_0xb75b03a0 -> pdu_0xb75b1038 -> pdu_0xb75b1cd0 -> pdu_0xb75b2968 -> pdu_0xb75b3600 -> pdu_0xb75b4298 -> pdu_0xb75b4f30 -> pdu_0xb75b5bc8 -> pdu_0xb75b6860 -> pdu_0xb75b74f8 -> pdu_0xb75b8190 -> pdu_0xb75b8e28 -> pdu_0xb75b9ac0 -> pdu_0xb75ba758 -> pdu_0xb75bb3f0 -> pdu_0xb75bc088 -> pdu_0xb75bcd20 -> pdu_0xb75bd9b8 -> pdu_0xb75be650 -> pdu_0xb75bf2e8 -> pdu_0xb75bff80 -> pdu_0xb75c0c18 -> pdu_0xb75c18b0 -> pdu_0xb75c2548 -> pdu_0xb75c31e0 -> pdu_0xb75c3e78 -> pdu_0xb75c4b10 -> pdu_0xb75c57a8 -> pdu_0xb75c6440 -> pdu_0xb75c70d8 -> pdu_0xb75c7d70 -> pdu_0xb75c8a08 -> pdu_0xb75c96a0 -> pdu_0xb75ca338 -> pdu_0xb75cafd0 -> pdu_0xb75cbc68 -> pdu_0xb75cc900 -> pdu_0xb75cd598 -> pdu_0xb75ce230 -> pdu_0xb75ceec8 -> pdu_0xb75cfb60 -> pdu_0xb75d07f8 -> pdu_0xb75d1490 -> pdu_0xb75d2128 -> pdu_0xb75d2dc0 -> pdu_0xb75d3a58 -> pdu_0xb75d46f0 -> pdu_0xb75d5388 -> pdu_0xb75d6020 -> pdu_0xb75d6cb8 -> pdu_0xb75d7950 -> pdu_0xb75d85e8 -> pdu_0xb75d9280 -> pdu_0xb75d9f18 -> pdu_0xb75dabb0 -> pdu_0xb75db848 -> pdu_0xb75dc4e0 -> pdu_0xb75dd178 -> pdu_0xb75dde10 -> pdu_0xb75deaa8 -> pdu_0xb75df740 -> pdu_0xb75e03d8 -> pdu_0xb75e1070 -> pdu_0xb75e1d08 -> pdu_0xb75e29a0 -> pdu_0xb75e3638 -> pdu_0xb75e42d0 -> pdu_0xb75e4f68 -> pdu_0xb75e5c00 -> pdu_0xb75e6898 -> pdu_0xb75e7530 -> pdu_0xb75e81c8 -> pdu_0xb75e8e60 -> pdu_0xb75e9af8 -> pdu_0xb75ea790 -> pdu_0xb75eb428 -> pdu_0xb75ec0c0 -> pdu_0xb75ecd58 -> pdu_0xb75ed9f0 -> pdu_0xb75ee688 -> pdu_0xb75ef320 -> pdu_0xb75effb8 -> pdu_0xb75f0c50 -> pdu_0xb75f18e8 -> pdu_0xb75f2580 -> pdu_0xb75f3218 -> pdu_0xb75f3eb0 -> pdu_0xb75f4b48 -> pdu_0xb75f57e0 -> pdu_0xb75f6478 -> pdu_0xb75f7110 -> pdu_0xb75f7da8 -> pdu_0xb75f8a40 -> pdu_0xb75f96d8 -> pdu_0xb75fa370 -> pdu_0xb75fb008 -> pdu_0xb75fbca0 -> pdu_0xb75fc938 -> pdu_0xb75fd5d0 -> pdu_0xb75fe268 -> pdu_0xb75fef00 -> pdu_0xb75ffb98 -> pdu_0xb7600830 -> pdu_0xb76014c8 -> pdu_0xb7602160 -> pdu_0xb7602df8 -> pdu_0xb7603a90 -> pdu_0xb7604728 -> pdu_0xb76053c0 -> pdu_0xb7606058 -> pdu_0xb7606cf0 -> pdu_0xb7607988 -> pdu_0xb7608620 -> pdu_0xb76092b8 -> pdu_0xb7609f50 -> pdu_0xb760abe8 -> pdu_0xb760b880 -> pdu_0xb760c518 -> pdu_0xb760d1b0 -> pdu_0xb760de48 -> pdu_0xb760eae0 -> pdu_0xb760f778 -> pdu_0xb7610410 -> pdu_0xb76110a8 -> pdu_0xb7611d40 -> pdu_0xb76129d8 -> pdu_0xb7613670 -> pdu_0xb7614308 -> pdu_0xb7614fa0 -> pdu_0xb7615c38 -> pdu_0xb76168d0 -> pdu_0xb7617568 -> pdu_0xb7618200 -> pdu_0xb7618e98 -> pdu_0xb7619b30 -> pdu_0xb761a7c8 -> pdu_0xb761b460 -> pdu_0xb761c0f8 -> pdu_0xb761cd90 -> pdu_0xb761da28 -> pdu_0xb761e6c0 -> pdu_0xb761f358 -> pdu_0xb761fff0 -> pdu_0xb7620c88 -> pdu_0xb7621920 -> pdu_0xb76225b8 -> pdu_0xb7623250 -> pdu_0xb7623ee8 -> pdu_0xb7624b80 -> pdu_0xb7625818 -> pdu_0xb76264b0 -> pdu_0xb7627148 -> pdu_0xb7627de0 -> pdu_0xb7628a78 -> pdu_0xb7629710 -> pdu_0xb762a3a8 -> pdu_0xb762b040 -> pdu_0xb762bcd8 -> pdu_0xb762c970 -> pdu_0xb762d608 -> pdu_0xb762e2a0 -> pdu_0xb762ef38 -> pdu_0xb762fbd0 -> pdu_0xb7630868 -> pdu_0xb7631500 -> pdu_0xb7632198 -> pdu_0xb7632e30 -> pdu_0xb7633ac8 -> pdu_0xb7634760 -> pdu_0xb76353f8 -> pdu_0xb7636090 -> pdu_0xb7636d28 -> pdu_0xb76379c0 -> pdu_0xb7638658 -> pdu_0xb76392f0 -> pdu_0xb7639f88 -> pdu_0xb763ac20 -> pdu_0xb763b8b8 -> pdu_0xb763c550 -> pdu_0xb763d1e8 -> pdu_0xb763de80 -> pdu_0xb763eb18 -> pdu_0xb763f7b0 -> pdu_0xb7640448 -> pdu_0xb76410e0 -> pdu_0xb7641d78 -> pdu_0xb7642a10 -> pdu_0xb76436a8 -> pdu_0xb7644340 -> pdu_0xb7644fd8 -> pdu_0xb7645c70 -> pdu_0xb7646908 -> pdu_0xb76475a0 -> pdu_0xb7648238 -> pdu_0xb7648ed0 -> pdu_0xb7649b68 -> pdu_0xb764a800 -> pdu_0xb764b498 -> pdu_0xb764c130 -> pdu_0xb764cdc8 -> pdu_0xb764da60 -> pdu_0xb764e6f8 -> pdu_0xb764f390 -> pdu_0xb7650028 -> pdu_0xb7650cc0 -> pdu_0xb7651958 -> pdu_0xb76525f0 -> pdu_0xb7653288 -> pdu_0xb7653f20 -> pdu_0xb7654bb8 -> pdu_0xb7655850 -> pdu_0xb76564e8 -> pdu_0xb7657180 -> pdu_0xb7657e18 -> pdu_0xb7658ab0 -> pdu_0xb7659748 -> pdu_0xb765a3e0 -> pdu_0xb765b078 -> pdu_0xb765bd10 -> pdu_0xb765c9a8 -> pdu_0xb765d640 -> pdu_0xb765e2d8 -> pdu_0xb765ef70 -> pdu_0xb765fc08 -> pdu_0xb76608a0 -> pdu_0xb7661538 -> pdu_0xb76621d0 -> pdu_0xb7662e68 -> pdu_0xb7663b00 -> pdu_0xb7664798 -> pdu_0xb7665430 -> pdu_0xb76660c8 -> pdu_0xb7666d60 -> pdu_0xb76679f8 -> pdu_0xb7668690 -> pdu_0xb7669328 -> pdu_0xb7669fc0 -> pdu_0xb766ac58 -> pdu_0xb766b8f0 -> pdu_0xb766c588 -> pdu_0xb766d220 -> pdu_0xb766deb8 -> pdu_0xb766eb50 -> pdu_0xb766f7e8 -> pdu_0xb7670480 -> pdu_0xb7671118 -> pdu_0xb7671db0 -> pdu_0xb7672a48 -> pdu_0xb76736e0 -> pdu_0xb7674378 -> pdu_0xb7675010 -> pdu_0xb7675ca8 -> pdu_0xb7676940 -> pdu_0xb76775d8 -> pdu_0xb7678270 -> pdu_0xb7678f08 -> pdu_0xb7679ba0 -> pdu_0xb767a838 -> pdu_0xb767b4d0 -> pdu_0xb767c168 -> pdu_0xb767ce00 -> pdu_0xb767da98 -> pdu_0xb767e730 -> pdu_0xb767f3c8 -> pdu_0xb7680060 -> pdu_0xb7680cf8 -> pdu_0xb7681990 -> pdu_0xb7682628 -> pdu_0xb76832c0 -> pdu_0xb7683f58 -> pdu_0xb7684bf0 -> pdu_0xb7685888 -> pdu_0xb7686520 -> pdu_0xb76871b8 -> pdu_0xb7687e50 -> pdu_0xb7688ae8 -> pdu_0xb7689780 -> pdu_0xb768a418 -> pdu_0xb768b0b0 -> pdu_0xb768bd48 -> pdu_0xb768c9e0 -> pdu_0xb768d678 -> pdu_0xb768e310 -> pdu_0xb768efa8 -> pdu_0xb768fc40 -> pdu_0xb76908d8 -> pdu_0xb7691570 -> pdu_0xb7692208 -> pdu_0xb7692ea0 -> pdu_0xb7693b38 -> pdu_0xb76947d0 -> pdu_0xb7695468 -> pdu_0xb7696100 -> pdu_0xb7696d98 -> pdu_0xb7697a30 -> pdu_0xb76986c8 -> pdu_0xb7699360 -> pdu_0xb7699ff8 -> pdu_0xb769ac90 -> pdu_0xb769b928 -> pdu_0xb769c5c0 -> pdu_0xb769d258 -> pdu_0xb769def0 -> pdu_0xb769eb88 -> pdu_0xb769f820 -> pdu_0xb76a04b8 -> pdu_0xb76a1150 -> pdu_0xb76a1de8 -> pdu_0xb76a2a80 -> pdu_0xb76a3718 -> pdu_0xb76a43b0 -> pdu_0xb76a5048 -> pdu_0xb76a5ce0 -> pdu_0xb76a6978 -> pdu_0xb76a7610 -> pdu_0xb76a82a8 -> pdu_0xb76a8f40 -> pdu_0xb76a9bd8 -> pdu_0xb76aa870 -> pdu_0xb76ab508 -> pdu_0xb76ac1a0 -> pdu_0xb76ace38 -> pdu_0xb76adad0 -> pdu_0xb76ae768 -> pdu_0xb76af400 -> pdu_0xb76b0098 -> pdu_0xb76b0d30 -> pdu_0xb76b19c8 -> pdu_0xb76b2660 -> pdu_0xb76b32f8 -> pdu_0xb76b3f90 -> pdu_0xb76b4c28 -> pdu_0xb76b58c0 -> pdu_0xb76b6558 -> pdu_0xb76b71f0 -> pdu_0xb76b7e88 -> pdu_0xb76b8b20 -> pdu_0xb76b97b8 -> pdu_0xb76ba450 -> pdu_0xb76bb0e8 -> pdu_0xb76bbd80 -> pdu_0xb76bca18 -> pdu_0xb76bd6b0 -> pdu_0xb76be348 -> pdu_0xb76befe0 -> pdu_0xb76bfc78 -> pdu_0xb76c0910 -> pdu_0xb76c15a8 -> pdu_0xb76c2240 -> pdu_0xb76c2ed8 -> pdu_0xb76c3b70 -> pdu_0xb76c4808 -> pdu_0xb76c54a0 -> pdu_0xb76c6138 -> pdu_0xb76c6dd0 -> pdu_0xb76c7a68 -> pdu_0xb76c8700 -> pdu_0xb76c9398 -> pdu_0xb76ca030 -> pdu_0xb76cacc8 -> pdu_0xb76cb960 -> pdu_0xb76cc5f8 -> pdu_0xb76cd290 -> pdu_0xb76cdf28 -> pdu_0xb76cebc0 -> pdu_0xb76cf858 -> pdu_0xb76d04f0 -> pdu_0xb76d1188 -> pdu_0xb76d1e20 -> pdu_0xb76d2ab8 -> pdu_0xb76d3750 -> pdu_0xb76d43e8 -> pdu_0xb76d5080 -> pdu_0xb76d5d18 -> pdu_0xb76d69b0 -> pdu_0xb76d7648 -> pdu_0xb76d82e0 -> pdu_0xb76d8f78 -> pdu_0xb76d9c10 -> pdu_0xb76da8a8 -> pdu_0xb76db540 -> pdu_0xb76dc1d8 -> pdu_0xb76dce70 -> pdu_0xb76ddb08 -> pdu_0xb76de7a0 -> pdu_0xb76df438 -> pdu_0xb76e00d0 -> pdu_0xb76e0d68 -> pdu_0xb76e1a00 -> pdu_0xb76e2698 -> pdu_0xb76e3330 -> pdu_0xb76e3fc8 -> pdu_0xb76e4c60 -> pdu_0xb76e58f8 -> pdu_0xb76e6590 -> pdu_0xb76e7228 -> pdu_0xb76e7ec0 -> pdu_0xb76e8b58 -> pdu_0xb76e97f0 -> pdu_0xb76ea488 -> pdu_0xb76eb120 -> pdu_0xb76ebdb8 -> pdu_0xb76eca50 -> pdu_0xb76ed6e8 -> pdu_0xb76ee380 -> pdu_0xb76ef018 -> pdu_0xb76efcb0 -> pdu_0xb76f0948 -> pdu_0xb76f15e0 -> pdu_0xb76f2278 -> pdu_0xb76f2f10 -> pdu_0xb76f3ba8 -> pdu_0xb76f4840 -> pdu_0xb76f54d8 -> pdu_0xb76f6170 -> pdu_0xb76f6e08 -> pdu_0xb76f7aa0 -> pdu_0xb76f8738 -> pdu_0xb76f93d0 -> pdu_0xb76fa068 -> pdu_0xb76fad00 -> pdu_0xb76fb998 -> pdu_0xb76fc630 -> pdu_0xb76fd2c8 -> pdu_0xb76fdf60 -> pdu_0xb76febf8 -> pdu_0xb76ff890 -> pdu_0xb7700528 -> pdu_0xb77011c0 -> pdu_0xb7701e58 -> pdu_0xb7702af0 -> pdu_0xb7703788 -> pdu_0xb7704420 -> pdu_0xb77050b8 -> pdu_0xb7705d50 -> pdu_0xb77069e8 -> pdu_0xb7707680 -> pdu_0xb7708318 -> pdu_0xb7708fb0 -> pdu_0xb7709c48 -> pdu_0xb770a8e0 -> pdu_0xb770b578 -> pdu_0xb770c210 -> pdu_0xb770cea8 -> pdu_0xb770db40 -> pdu_0xb770e7d8 -> pdu_0xb770f470 -> pdu_0xb7710108 -> pdu_0xb7710da0 -> pdu_0xb7711a38 -> pdu_0xb77126d0 -> pdu_0xb7713368 -> pdu_0xb7714000 -> pdu_0xb7714c98 -> pdu_0xb7715930 -> pdu_0xb77165c8 -> pdu_0xb7717260 -> pdu_0xb7717ef8 -> pdu_0xb7718b90 -> pdu_0xb7719828 -> pdu_0xb771a4c0 -> pdu_0xb771b158 -> pdu_0xb771bdf0 -> pdu_0xb771ca88 -> pdu_0xb771d720 -> pdu_0xb771e3b8 -> pdu_0xb771f050 -> pdu_0xb771fce8 -> pdu_0xb7720980 -> pdu_0xb7721618 -> pdu_0xb77222b0 -> pdu_0xb7722f48 -> pdu_0xb7723be0 -> pdu_0xb7724878 -> pdu_0xb7725510 -> pdu_0xb77261a8 -> pdu_0xb7726e40 -> pdu_0xb7727ad8 -> pdu_0xb7728770 -> pdu_0xb7729408 -> pdu_0xb772a0a0 -> pdu_0xb772ad38 -> pdu_0xb772b9d0 -> pdu_0xb772c668 -> pdu_0xb772d300 -> pdu_0xb772df98 -> pdu_0xb772ec30 [label=free_pdus];
Data structure dump 3569
----------------------
hit_0x43fd350 [label="tid_43fdb70"];
hit_0x43fd350  // free_pdus
-> pdu_0xb6c2db28  // (SEND)
-> pdu_0xb6c3b140  // (RECE)
[label=free_pdus];
Hit structure dump 2
======================
hit_0xbfd74a78 [label="tid_b7730960"];
hit_0xbfd74a78  // free_pdus
-> pdu_0xb6c2b560  // (ACK
)
[label=free_pdus];
Hit structure dump 1
======================
hit_0x3366350 [label="tid_3366b70"];
hit_0x3366350  // free_pdus
-> pdu_0xb6c27668  // (ACK
)
-> pdu_0xb6c30d88  // (RECE)
[label=free_pdus];
Hit structure dump 2
======================
hit_0x6011350 [label="tid_6011b70"];
hit_0x6011350  // free_pdus
-> pdu_0xb6c2a8c8  // (DISC)
-> pdu_0xb6c28300  // (RECE)
[label=free_pdus];
Hit structure dump 2
======================
hit_0x2b65350 [label="tid_2b65b70"];
hit_0x2b65350  // free_pdus
-> pdu_0xb6c250a0  // (ACK
)
-> pdu_0xb6c34c80  // (RECE)
[label=free_pdus];
Hit structure dump 2
======================
hit_0x1fbd350 [label="tid_1fbdb70"];
hit_0x1fbd350 -> null [label=free_pdus];
Hit structure dump 0
======================
hit_0x9ae0350 [label="tid_9ae0b70"];
hit_0x9ae0350  // free_pdus
-> pdu_0xb67d7160  // (STOM)
-> pdu_0xb6c37ee0  // (CONN)
[label=free_pdus];
Hit structure dump 2
======================
hit_0x3bfc350 [label="tid_3bfcb70"];
hit_0x3bfc350  // free_pdus
-> pdu_0xb6c2e7c0  // (ACK
)
[label=free_pdus];
Hit structure dump 1
======================
hit_0x9096350 [label="tid_9096b70"];
hit_0x9096350  // free_pdus
-> pdu_0xb6c365b0  // (SEND)
-> pdu_0xb6c1f878  // (ACK
)
-> pdu_0xb6c31a20  // (ACK
)
-> pdu_0xb6c33350  // (RECE)
[label=free_pdus];
Hit structure dump 4
======================
hit_0x17bc350 [label="tid_17bcb70"];
hit_0x17bc350  // free_pdus
-> pdu_0xb6c1c618  // (ACK
)
-> pdu_0xb6c38b78  // (RECE)
[label=free_pdus];
Hit structure dump 2
======================
