FMT0 persist at /var/zxid/bus/ch/default/zvuWsewQqt-hYflrtXC9yYEWb8E 'foo bar' len=61 rcpt(0)
FMT0 persist at /var/zxid/bus/ch/default/JW8CltIg8QbpBEDWamF1SPZxDYk '' len=54 rcpt(0)
FMT0 persist at /var/zxid/bus/ch/default/bjZtT6SuxzOFHc1GLnoFdMdSbm0 'F' len=55 rcpt(0)
FMT0 persist at /var/zxid/bus/ch/default/3yaWfCFEuyz-HXA7_PY2lV-zfYg 'test(-1,10' len=69 rcpt(0)
FMT0 persist at /var/zxid/bus/ch/default/35OUqHeMdhRnPCsPBJH-BCvMKoU 'test(-1,10' len=69 rcpt(1)
FMT0 persist at /var/zxid/bus/ch/default/5IDVUvOLVmHmexymd4x9U4_fGiE 'test(-1,10' len=69 rcpt(2)
FMT0 persist at /var/zxid/bus/ch/default/2ILOd9iA9sXKvGjpSAQebLoq2qw 'test(-1,10' len=69 rcpt(3)
FMT0 persist at /var/zxid/bus/ch/default/5-UizDkcKov2nGMBR17-7VpVeQ8 'test(-1,10' len=69 rcpt(4)
FMT0 persist at /var/zxid/bus/ch/default/JP2s0dI6xNkX63n7ZkAjqUUU-RM 'test(-1,10' len=69 rcpt(5)
FMT0 persist at /var/zxid/bus/ch/default/uwFxZrtMSOtP5tVOS0qE62ExX1Y 'test(-1,10' len=69 rcpt(6)
FMT0 persist at /var/zxid/bus/ch/default/HOXHKXrNynLHrbxJ7ff7TUU_7D4 'test(-1,10' len=69 rcpt(7)
FMT0 persist at /var/zxid/bus/ch/default/Xk6XftlZus_9dohsr01EI54p0OU 'test(-1,10' len=69 rcpt(8)
FMT0 persist at /var/zxid/bus/ch/default/d8lbiMfQlvezKDfBsg9NlAqSQ-8 'test(-1,10' len=69 rcpt(9)
FMT0 persist at /var/zxid/bus/ch/default/JEnG2wwROfDNZ36Sc9PWrpIWSCk 'test(-1,10' len=70 rcpt(10)
FMT0 persist at /var/zxid/bus/ch/default/f5-vIEPUTox43OUX1nL-yg-OS3o 'test(-1,10' len=69 rcpt(11)
FMT0 persist at /var/zxid/bus/ch/default/ojkE2iuWTmkaGBMgZ9SDyFUapkc 'test(-1,10' len=69 rcpt(12)
FMT0 persist at /var/zxid/bus/ch/default/V9ZWdFF9Jzkkdi8HYyt2a2kcizw 'test(-1,10' len=69 rcpt(13)
FMT0 persist at /var/zxid/bus/ch/default/Re6LCQ0mlGRH_UFkdIjxX6u-LQw 'test(-1,10' len=69 rcpt(14)
FMT0 persist at /var/zxid/bus/ch/default/wVbDRlDK_mvYm4b968rnOQfkHHI 'test(-1,10' len=69 rcpt(15)
FMT0 persist at /var/zxid/bus/ch/default/FM4qmrnEhUOsYmWO4iymXkZbSdQ 'test(-1,10' len=69 rcpt(16)
FMT0 persist at /var/zxid/bus/ch/default/vUj8SZ2Js2gY9s43iRSugPbzY_M 'test(-1,10' len=69 rcpt(17)
FMT0 persist at /var/zxid/bus/ch/default/LFtciBs-W1RGhdIjBPJYgd2Y_Ag 'test(-1,10' len=69 rcpt(18)
FMT0 persist at /var/zxid/bus/ch/default/44YuNEl5ol5XEF8Zh5_8s6esUFU 'test(-1,10' len=69 rcpt(19)
FMT0 persist at /var/zxid/bus/ch/default/biYNQsjIZvP9Nzwnjyjuhv4lwNw 'test(-1,9,' len=69 rcpt(20)
FMT0 persist at /var/zxid/bus/ch/default/h3hZBocFbvmGiqNhz1YCT8s2hxU 'test(-1,9,' len=69 rcpt(21)
FMT0 persist at /var/zxid/bus/ch/default/5gjqBP2HG8Z1RF00jeIZFRZ5iP8 'test(-1,9,' len=69 rcpt(22)
FMT0 persist at /var/zxid/bus/ch/default/UrP8sCUgjN_SESLjVJfR6SBECwI 'test(-1,9,' len=69 rcpt(23)
FMT0 persist at /var/zxid/bus/ch/default/pM5fhVEqNf4aWOiA9gsH2KRJ_mw 'test(-1,9,' len=69 rcpt(24)
FMT0 persist at /var/zxid/bus/ch/default/rmWZsD9S-WqqPRbKdSDWNM-t9Ek 'test(-1,9,' len=69 rcpt(25)
FMT0 persist at /var/zxid/bus/ch/default/B0AY5AARAoRD6S9XHG7T1p7QWsU 'test(-1,9,' len=69 rcpt(26)
FMT0 persist at /var/zxid/bus/ch/default/IRcNzrDtvUVA7Yhte9B_1mJOvrw 'test(-1,9,' len=69 rcpt(27)
FMT0 persist at /var/zxid/bus/ch/default/BGxDDKGsUPzGm7yl51XEMy-omLQ 'test(-1,9,' len=69 rcpt(28)
FMT0 persist at /var/zxid/bus/ch/default/jizdvrPVXQnWw-R0kUc7qENVhnE 'test(-1,9,' len=69 rcpt(29)
FMT0 persist at /var/zxid/bus/ch/default/tcQ8k_GtGPAMHY3PywB7lL6xBnc 'test(-1,9,' len=69 rcpt(30)
FMT0 persist at /var/zxid/bus/ch/default/i46sMKPBfLtcHWSkFhTGc2Nc8kQ 'test(-1,9,' len=68 rcpt(31)
FMT0 persist at /var/zxid/bus/ch/default/3AvhHDlW7RkcvqVKSXhIdaUoGTk 'test(-1,9,' len=68 rcpt(32)
FMT0 persist at /var/zxid/bus/ch/default/GTMBriSVyCUZUEmVfto66XGANOY 'test(-1,9,' len=68 rcpt(33)
FMT0 persist at /var/zxid/bus/ch/default/5f2JBM5H7TbJcVBwsnqYWlBg79E 'test(-1,9,' len=68 rcpt(34)
FMT0 persist at /var/zxid/bus/ch/default/noC8r6nipKLfR-j-0MDrOUr2L5I 'test(-1,9,' len=68 rcpt(35)
FMT0 persist at /var/zxid/bus/ch/default/PJ0PYqJnQHHeAisAMh3PYZslkxE 'test(-1,9,' len=68 rcpt(36)
FMT0 persist at /var/zxid/bus/ch/default/LhdKzX6uoPPtYJQwFMBL7UIKQtk 'test(-1,9,' len=68 rcpt(37)
FMT0 persist at /var/zxid/bus/ch/default/HbNTqyQghBJBt_i6fTaQdWXt4KY 'test(-1,9,' len=68 rcpt(38)
FMT0 persist at /var/zxid/bus/ch/default/SKxkqUzpErNZwM2c7U0pMFDh0c4 'test(-1,9,' len=68 rcpt(39)
FMT0 persist at /var/zxid/bus/ch/default/xpoEGlyR1nkyvXxnCHzb0GgRsCE 'test(-1,8,' len=69 rcpt(40)
FMT0 persist at /var/zxid/bus/ch/default/Zx7ZADF9J7uUktK8G_oueVMy4yk 'test(-1,8,' len=69 rcpt(41)
FMT0 persist at /var/zxid/bus/ch/default/sygRWnccwQRr2AQ1zfsVMklfT84 'test(-1,8,' len=69 rcpt(42)
FMT0 persist at /var/zxid/bus/ch/default/5m_BqIcyk2BJNUtXHQIMYNUXIFo 'test(-1,8,' len=69 rcpt(43)
FMT0 persist at /var/zxid/bus/ch/default/xMQa1PT4u5FmEPw6EM-Wws1lZ0s 'test(-1,8,' len=69 rcpt(44)
FMT0 persist at /var/zxid/bus/ch/default/sGvPDob7wE6ipUB8SxBTFrmkbcE 'test(-1,8,' len=69 rcpt(45)
FMT0 persist at /var/zxid/bus/ch/default/b73GDEZG3wZzj46nzpa_UH-sLq4 'test(-1,8,' len=69 rcpt(46)
FMT0 persist at /var/zxid/bus/ch/default/BAeuXWqo5o9Ej8etSbq1DQ5Rv3I 'test(-1,8,' len=69 rcpt(47)
FMT0 persist at /var/zxid/bus/ch/default/hjmE7GEoQUmmohpqo_pONQxCF34 'test(-1,8,' len=69 rcpt(48)
FMT0 persist at /var/zxid/bus/ch/default/zsmlR76yE4Fc_5Ofewocfja4mC0 'test(-1,8,' len=69 rcpt(49)
FMT0 persist at /var/zxid/bus/ch/default/4jRn6jxY9H0YVQY-alhYYIS4cBw 'test(-1,8,' len=69 rcpt(50)
FMT0 persist at /var/zxid/bus/ch/default/gr2Ql0JSHTcodq5aCN2ucfTMAvA 'test(-1,8,' len=68 rcpt(51)
FMT0 persist at /var/zxid/bus/ch/default/Dzxy0ddog2lA-exFSCzWZAngWlU 'test(-1,8,' len=68 rcpt(52)
FMT0 persist at /var/zxid/bus/ch/default/_lVyJBdnThbixgJkb42dz9RrztU 'test(-1,8,' len=68 rcpt(53)
FMT0 persist at /var/zxid/bus/ch/default/cmo1BQDiCACNBslCiAZT2IALDr4 'test(-1,8,' len=68 rcpt(54)
FMT0 persist at /var/zxid/bus/ch/default/5Zo2NZ0QCoZ-S-6eogoWx5RHZpk 'test(-1,8,' len=68 rcpt(55)
FMT0 persist at /var/zxid/bus/ch/default/q94P0s15BB5p8tBEacLw716KkiA 'test(-1,8,' len=68 rcpt(56)
FMT0 persist at /var/zxid/bus/ch/default/Rfro0cQiPGPb28S6irOC673brYg 'test(-1,8,' len=68 rcpt(57)
FMT0 persist at /var/zxid/bus/ch/default/lYO4gnFogbILyL_cVlXIrceTLm4 'test(-1,8,' len=68 rcpt(58)
FMT0 persist at /var/zxid/bus/ch/default/xa-QRsnQfA6ua-ShNpVrZNeshS8 'test(-1,8,' len=68 rcpt(59)
FMT0 persist at /var/zxid/bus/ch/default/Xrai02IvSenif5Br4Rv0wfVdrt4 'test(-1,7,' len=69 rcpt(60)
FMT0 persist at /var/zxid/bus/ch/default/QybmwQtGwTTlRtF4w-TS57pHrC4 'test(-1,7,' len=69 rcpt(61)
FMT0 persist at /var/zxid/bus/ch/default/mnSnI6vuA3A9e6vGpNqbvtxbIZ8 'test(-1,7,' len=69 rcpt(62)
FMT0 persist at /var/zxid/bus/ch/default/KFZ4s5RYugEc3IEua9N_Hp2ItKU 'test(-1,7,' len=69 rcpt(63)
FMT0 persist at /var/zxid/bus/ch/default/qjo5peUNiqaWMjcnpmcYyEFRGd4 'test(-1,7,' len=69 rcpt(64)
FMT0 persist at /var/zxid/bus/ch/default/0bbqnrgthv5AtKu_jvHHPYm7590 'test(-1,7,' len=69 rcpt(65)
FMT0 persist at /var/zxid/bus/ch/default/_aKBUUZgxAl9SgDyl2Zf65wGG6c 'test(-1,7,' len=69 rcpt(66)
FMT0 persist at /var/zxid/bus/ch/default/R2fMaTmsxl4tZS1gc7Qw1y07OLU 'test(-1,7,' len=69 rcpt(67)
FMT0 persist at /var/zxid/bus/ch/default/lxvddNO8gejTqKyT0XFOli-OL2k 'test(-1,7,' len=69 rcpt(68)
FMT0 persist at /var/zxid/bus/ch/default/UPJIRTBI5b3IwFJCnGwzhSAU6IQ 'test(-1,7,' len=69 rcpt(69)
FMT0 persist at /var/zxid/bus/ch/default/mdRUqS9rLqvWsnU81ntSNFjwI_U 'test(-1,7,' len=69 rcpt(70)
FMT0 persist at /var/zxid/bus/ch/default/ZnIp0VWMCP0CJCs7GX9zlScNTBc 'test(-1,7,' len=68 rcpt(71)
FMT0 persist at /var/zxid/bus/ch/default/X4dMKJbhbgh1PtkPnI4AbkzzASw 'test(-1,7,' len=68 rcpt(72)
FMT0 persist at /var/zxid/bus/ch/default/BIgPNyPRYli3Qr00FokPKkeMppE 'test(-1,7,' len=68 rcpt(73)
FMT0 persist at /var/zxid/bus/ch/default/A72Y2GXCU-9HiColGacDQNnx5_8 'test(-1,7,' len=68 rcpt(74)
FMT0 persist at /var/zxid/bus/ch/default/6WQ2WpEs_2hyFX_gEZmjACP71yo 'test(-1,7,' len=68 rcpt(75)
FMT0 persist at /var/zxid/bus/ch/default/lAZgZXVL5hyZDVZqfbl5D0fzJZ8 'test(-1,7,' len=68 rcpt(76)
FMT0 persist at /var/zxid/bus/ch/default/9YzHqcq1sfNyX-X2edrFYnDmPyU 'test(-1,7,' len=68 rcpt(77)
FMT0 persist at /var/zxid/bus/ch/default/eCbQv63zhXmNdap_uyeyjWyj4NI 'test(-1,7,' len=68 rcpt(78)
FMT0 persist at /var/zxid/bus/ch/default/FNIl6PkbdCKgVxxYuTLSTtcpF5o 'test(-1,7,' len=68 rcpt(79)
FMT0 persist at /var/zxid/bus/ch/default/zFz96-EeVViEflesk-062FlJ8QI 'test(-1,6,' len=69 rcpt(80)
FMT0 persist at /var/zxid/bus/ch/default/L_94L33TUBQvlIXrYOUsr1snmRQ 'test(-1,6,' len=69 rcpt(81)
FMT0 persist at /var/zxid/bus/ch/default/KCd0IP0ciufPZSRirnCwZmDIT_s 'test(-1,6,' len=69 rcpt(82)
FMT0 persist at /var/zxid/bus/ch/default/2onfwo1c0_7pj2lnjO6ewz8wZOk 'test(-1,6,' len=69 rcpt(83)
FMT0 persist at /var/zxid/bus/ch/default/T4L06ew8DrPUQ3CJret-RiSX27E 'test(-1,6,' len=69 rcpt(84)
FMT0 persist at /var/zxid/bus/ch/default/xDsutRnnIKGE1CrryQpBQYgH4oM 'test(-1,6,' len=69 rcpt(85)
FMT0 persist at /var/zxid/bus/ch/default/LgMXt2uB51eevW9auOQ88kQgLBE 'test(-1,6,' len=69 rcpt(86)
FMT0 persist at /var/zxid/bus/ch/default/v6u1dhsBKL2DWpa6NMPS0wBgQX4 'test(-1,6,' len=69 rcpt(87)
FMT0 persist at /var/zxid/bus/ch/default/vmtVbSJWik1U47nXOobDhU7wTWw 'test(-1,6,' len=69 rcpt(88)
FMT0 persist at /var/zxid/bus/ch/default/ZBAQVh9FcYp-t6McIpUTuUTwJ-U 'test(-1,6,' len=69 rcpt(89)
FMT0 persist at /var/zxid/bus/ch/default/ZnbFy7OOeb1i-hZZxFOYkRZLp-A 'test(-1,6,' len=69 rcpt(90)
FMT0 persist at /var/zxid/bus/ch/default/as2YvT-clvCgw6VRIpgQqDgVqQQ 'test(-1,6,' len=68 rcpt(91)
FMT0 persist at /var/zxid/bus/ch/default/CW4WwI1aeMmO5TEAJBR4sRtuKsk 'test(-1,6,' len=68 rcpt(92)
FMT0 persist at /var/zxid/bus/ch/default/JIIEkXyRwx56USf_4BnSuwmKlq8 'test(-1,6,' len=68 rcpt(93)
FMT0 persist at /var/zxid/bus/ch/default/KbrXYSmoAefYSlwEpFDhfQsnAAI 'test(-1,6,' len=68 rcpt(94)
FMT0 persist at /var/zxid/bus/ch/default/z7aqiIO6jgRDEO5OoG2DCe6i2T4 'test(-1,6,' len=68 rcpt(95)
FMT0 persist at /var/zxid/bus/ch/default/yUor9OPr4yf3jz1O033siWjAe5Y 'test(-1,6,' len=68 rcpt(96)
FMT0 persist at /var/zxid/bus/ch/default/qDiOmcWTD8eZTXE2V1wW0eSLtZo 'test(-1,6,' len=68 rcpt(97)
FMT0 persist at /var/zxid/bus/ch/default/7Lp_dNKGd2X5rvTLIle5nYejfno 'test(-1,6,' len=68 rcpt(98)
FMT0 persist at /var/zxid/bus/ch/default/_h1K3bAjOElDanDaT-yAE9hszQ4 'test(-1,6,' len=68 rcpt(99)
FMT0 persist at /var/zxid/bus/ch/default/LZT1EP94F3I1NzGqs282TmNtlNo 'test(-1,5,' len=70 rcpt(100)
FMT0 persist at /var/zxid/bus/ch/default/cSQlYF0fm-8kZWfOFuXxjQhy94E 'test(-1,5,' len=70 rcpt(101)
FMT0 persist at /var/zxid/bus/ch/default/meonGQF1u0WY13PWMNF4qPHfCTI 'test(-1,5,' len=70 rcpt(102)
FMT0 persist at /var/zxid/bus/ch/default/FTdGIcbA3LAG92MOx_Y7nr2AqsA 'test(-1,5,' len=70 rcpt(103)
FMT0 persist at /var/zxid/bus/ch/default/DIkWvqvezNzkYiwZPr5_rmTgTDQ 'test(-1,5,' len=70 rcpt(104)
FMT0 persist at /var/zxid/bus/ch/default/Fg9AesBS7ivwYhnGRe4aZw9Viuc 'test(-1,5,' len=70 rcpt(105)
FMT0 persist at /var/zxid/bus/ch/default/bNtzrYqJ7kOWVZgena59dlEpJec 'test(-1,5,' len=70 rcpt(106)
FMT0 persist at /var/zxid/bus/ch/default/Eb2IKFgFW-gJJegOM2jCv1-xE0E 'test(-1,5,' len=70 rcpt(107)
FMT0 persist at /var/zxid/bus/ch/default/8cg3W2phukvptJE64BdZfdp52js 'test(-1,5,' len=70 rcpt(108)
FMT0 persist at /var/zxid/bus/ch/default/V6HDTfum143issWLtf_Gyyl-uRQ 'test(-1,5,' len=70 rcpt(109)
FMT0 persist at /var/zxid/bus/ch/default/pzIrdf0SbaD5rch1M7GSLBXphTE 'test(-1,5,' len=70 rcpt(110)
FMT0 persist at /var/zxid/bus/ch/default/TOKjnCzX5Lb95AU2cV93MLDLQHc 'test(-1,5,' len=69 rcpt(111)
FMT0 persist at /var/zxid/bus/ch/default/NgrG590cMHwcgmp4w-N0f0k3NCA 'test(-1,5,' len=69 rcpt(112)
FMT0 persist at /var/zxid/bus/ch/default/BpCue7sH096euy0lv0Vx6hVOag8 'test(-1,5,' len=69 rcpt(113)
FMT0 persist at /var/zxid/bus/ch/default/wwlYzZrv-UUw7RdjclZao8OcElQ 'test(-1,5,' len=69 rcpt(114)
FMT0 persist at /var/zxid/bus/ch/default/ja8NTCvOcy8XJeFu1PTPYRRmyvM 'test(-1,5,' len=69 rcpt(115)
FMT0 persist at /var/zxid/bus/ch/default/gvYB68K9UvdZbFf_1CvYcM_0FM8 'test(-1,5,' len=69 rcpt(116)
FMT0 persist at /var/zxid/bus/ch/default/0BRxlK2XOL7INWxuqtlDRvf-MxU 'test(-1,5,' len=69 rcpt(117)
FMT0 persist at /var/zxid/bus/ch/default/Wdz9pmEJgLJ3qeVzjSkF3vnSGkU 'test(-1,5,' len=69 rcpt(118)
FMT0 persist at /var/zxid/bus/ch/default/dk4rTd0d9tV4O8VjZylIcFPkrTA 'test(-1,5,' len=69 rcpt(119)
FMT0 persist at /var/zxid/bus/ch/default/W4jwsMZtvg_KHi-5UaLsd7CCokM 'test(-1,4,' len=70 rcpt(120)
FMT0 persist at /var/zxid/bus/ch/default/4jsA2lmzBzsnfcUfy1WEkIP1Xds 'test(-1,4,' len=70 rcpt(121)
FMT0 persist at /var/zxid/bus/ch/default/dfhu_C-cIOPVYg2iKuDNDn6J_yc 'test(-1,4,' len=70 rcpt(122)
FMT0 persist at /var/zxid/bus/ch/default/00BT2_Ui9mySoOX4HfhQ7A791FQ 'test(-1,4,' len=70 rcpt(123)
FMT0 persist at /var/zxid/bus/ch/default/nYS1dwS7lRG0B2RcNysJu7R9Q-Y 'test(-1,4,' len=70 rcpt(124)
FMT0 persist at /var/zxid/bus/ch/default/2hpVFDB2N_MPpDq8IbGER9zPu2w 'test(-1,4,' len=70 rcpt(125)
FMT0 persist at /var/zxid/bus/ch/default/LlNSq2WQi0fhnI49VzqscChqZVE 'test(-1,4,' len=70 rcpt(126)
FMT0 persist at /var/zxid/bus/ch/default/05s9jpPPgH0LiSh9w-ANhBcG-nE 'test(-1,4,' len=70 rcpt(127)
FMT0 persist at /var/zxid/bus/ch/default/K3bx9IXC2oquSq9VlbSuYUmisjg 'test(-1,4,' len=70 rcpt(128)
FMT0 persist at /var/zxid/bus/ch/default/Y9X0Oy_HcQrgwp_nBU5uwF_c3Bk 'test(-1,4,' len=70 rcpt(129)
FMT0 persist at /var/zxid/bus/ch/default/CkHmm6L0Mq6HtlSaqdn6H3KgKfM 'test(-1,4,' len=70 rcpt(130)
FMT0 persist at /var/zxid/bus/ch/default/ypRElrPQCfkTXw2ycoKxS7M2cQI 'test(-1,4,' len=69 rcpt(131)
FMT0 persist at /var/zxid/bus/ch/default/ZChCd0S-jDPdsFb7OR1MVgXs-C8 'test(-1,4,' len=69 rcpt(132)
FMT0 persist at /var/zxid/bus/ch/default/m-zNStWwgl0hhQbjBO4D6mzupo4 'test(-1,4,' len=69 rcpt(133)
FMT0 persist at /var/zxid/bus/ch/default/TOdjKcaamSiB0VWhgnYiRYbuZpY 'test(-1,4,' len=69 rcpt(134)
FMT0 persist at /var/zxid/bus/ch/default/hTR5iwb2Cgxbhi_DuvCJrKCWzRw 'test(-1,4,' len=69 rcpt(135)
FMT0 persist at /var/zxid/bus/ch/default/ZjFUVxV5CgKaOB-BccuQb2NnzTs 'test(-1,4,' len=69 rcpt(136)
FMT0 persist at /var/zxid/bus/ch/default/IRdq7XcDuNkJgNaTKClWEwvrEYU 'test(-1,4,' len=69 rcpt(137)
FMT0 persist at /var/zxid/bus/ch/default/Mn4bloiCsyIeB_WkArjqfhUOF3U 'test(-1,4,' len=69 rcpt(138)
FMT0 persist at /var/zxid/bus/ch/default/29UZMYJ99BAV2GMYdcBR1H1bbq0 'test(-1,4,' len=69 rcpt(139)
FMT0 persist at /var/zxid/bus/ch/default/UscZJTTrin-zp6C2V1EKAF8LDDE 'test(-1,3,' len=70 rcpt(140)
FMT0 persist at /var/zxid/bus/ch/default/z4RwGDKCu7bW4DgX_5tCj5ujfl8 'test(-1,3,' len=70 rcpt(141)
FMT0 persist at /var/zxid/bus/ch/default/0YVwjtB4MJA0PgehcIetmfLm5FU 'test(-1,3,' len=70 rcpt(142)
FMT0 persist at /var/zxid/bus/ch/default/TuIok8dpIoNEAKT3NK7HoQKy8Kg 'test(-1,3,' len=70 rcpt(143)
FMT0 persist at /var/zxid/bus/ch/default/W1YVGDnVjrNuQHd6PigcP2VNGiY 'test(-1,3,' len=70 rcpt(144)
FMT0 persist at /var/zxid/bus/ch/default/0BQJWxTmBGsiobu3zkJthgxd4wc 'test(-1,3,' len=70 rcpt(145)
FMT0 persist at /var/zxid/bus/ch/default/JaQSZrLGBP6cGmuJ6jM84ll0CU0 'test(-1,3,' len=70 rcpt(146)
FMT0 persist at /var/zxid/bus/ch/default/Z_XTFjsBsMLJXzVFdfdiQVkNY5I 'test(-1,3,' len=70 rcpt(147)
FMT0 persist at /var/zxid/bus/ch/default/hX-XXtfwOQnVRhlcZlAHMPlflIg 'test(-1,3,' len=70 rcpt(148)
FMT0 persist at /var/zxid/bus/ch/default/foz3BSwKX_AT-Q1XA1GyAR0tp9Y 'test(-1,3,' len=70 rcpt(149)
FMT0 persist at /var/zxid/bus/ch/default/SX5XfEEhrNjSCXgCfuCSi-rTO0o 'test(-1,3,' len=70 rcpt(150)
FMT0 persist at /var/zxid/bus/ch/default/ivDpH6Z_HHQiAATEgQRnMao_vTM 'test(-1,3,' len=69 rcpt(151)
FMT0 persist at /var/zxid/bus/ch/default/8dNhtKMPKQvX2DONhuAXFKjc97I 'test(-1,3,' len=69 rcpt(152)
FMT0 persist at /var/zxid/bus/ch/default/cAkKE-eDkcF6m2PWemz3Gw1OuH4 'test(-1,3,' len=69 rcpt(153)
FMT0 persist at /var/zxid/bus/ch/default/EbfQNnlK3X3RzHXyKby3NJrtiM0 'test(-1,3,' len=69 rcpt(154)
FMT0 persist at /var/zxid/bus/ch/default/N190LEzSPIux9aBO_irUmYKFQQo 'test(-1,3,' len=69 rcpt(155)
FMT0 persist at /var/zxid/bus/ch/default/S62rHOsQOAYlglszGN3A5cXsawo 'test(-1,3,' len=69 rcpt(156)
FMT0 persist at /var/zxid/bus/ch/default/J_Veqb3jIiDbWVBWbyB3LWvX3pQ 'test(-1,3,' len=69 rcpt(157)
FMT0 persist at /var/zxid/bus/ch/default/n1gsTaQYo1QlAN0mHMvsNAN0r6s 'test(-1,3,' len=69 rcpt(158)
FMT0 persist at /var/zxid/bus/ch/default/2aPxi95SpiyL_heNGwpNFr8IepQ 'test(-1,3,' len=69 rcpt(159)
FMT0 persist at /var/zxid/bus/ch/default/IehJYGmI1JUiTdxeoSf5AUIpS1g 'test(-1,2,' len=70 rcpt(160)
FMT0 persist at /var/zxid/bus/ch/default/GXzJSX-aw2S5J3SILIV7oFY12Xw 'test(-1,2,' len=70 rcpt(161)
FMT0 persist at /var/zxid/bus/ch/default/OVITqqRDqsEgWLZWMtqh_b-A5H0 'test(-1,2,' len=70 rcpt(162)
FMT0 persist at /var/zxid/bus/ch/default/zmX4tm_h9f2Gs6j-nvAq79shCec 'test(-1,2,' len=70 rcpt(163)
FMT0 persist at /var/zxid/bus/ch/default/M4ZJtVs3OBLo97CH8Xcw6Y_CLLw 'test(-1,2,' len=70 rcpt(164)
FMT0 persist at /var/zxid/bus/ch/default/FNTx1LzxYaVxAclHQlCH7X-XvBg 'test(-1,2,' len=70 rcpt(165)
FMT0 persist at /var/zxid/bus/ch/default/LNIiGVuBPlRuAnk4UZN9Nvjzi4I 'test(-1,2,' len=70 rcpt(166)
FMT0 persist at /var/zxid/bus/ch/default/eVrAjlWfNeJ4TJE8vKPKn2bWEl8 'test(-1,2,' len=70 rcpt(167)
FMT0 persist at /var/zxid/bus/ch/default/UiwTfv7jGrH8vME3s5H35PVGFVc 'test(-1,2,' len=70 rcpt(168)
FMT0 persist at /var/zxid/bus/ch/default/9z41Y0nA6sQc4paSHpzS6mlKxi4 'test(-1,2,' len=70 rcpt(169)
FMT0 persist at /var/zxid/bus/ch/default/CJoEkOA5pKW_haDaVzfDM5JKfWw 'test(-1,2,' len=70 rcpt(170)
FMT0 persist at /var/zxid/bus/ch/default/qWz7fHkE3YnqQTEJcy4AIA5sKaY 'test(-1,2,' len=69 rcpt(171)
FMT0 persist at /var/zxid/bus/ch/default/olnYjB4PxChY-pglI3gtzbq-vJo 'test(-1,2,' len=69 rcpt(172)
FMT0 persist at /var/zxid/bus/ch/default/fLAkyZYPWt6KOQoeomP-vKGPVN0 'test(-1,2,' len=69 rcpt(173)
FMT0 persist at /var/zxid/bus/ch/default/ohDSEgSk6ryf5PHMmfQHJKq-PFI 'test(-1,2,' len=69 rcpt(174)
FMT0 persist at /var/zxid/bus/ch/default/fPJFRyMvU6g8K7Hw3TvkR2OtocM 'test(-1,2,' len=69 rcpt(175)
FMT0 persist at /var/zxid/bus/ch/default/GGfLl6j_InTy5ytbDVs2ujcDlZw 'test(-1,2,' len=69 rcpt(176)
FMT0 persist at /var/zxid/bus/ch/default/7YxW2VaB5DpDkAz5trwp3Ax3wZI 'test(-1,2,' len=69 rcpt(177)
FMT0 persist at /var/zxid/bus/ch/default/BR9Ph-SeirIURiHt-qVU_ZteJlY 'test(-1,2,' len=69 rcpt(178)
FMT0 persist at /var/zxid/bus/ch/default/CAabkvyFRx0BKllrR-vcVGY54Ms 'test(-1,2,' len=69 rcpt(179)
FMT0 persist at /var/zxid/bus/ch/default/5JZfNr46_6qI7vhecLqw_ILHG_0 'test(-1,1,' len=70 rcpt(180)
FMT0 persist at /var/zxid/bus/ch/default/SGwxQ_FdT3A6ik5tNKbC5mvnzgM 'test(-1,1,' len=70 rcpt(181)
FMT0 persist at /var/zxid/bus/ch/default/Ia_CFrw1-zoHcg7S5QxyCQx-SU4 'test(-1,1,' len=70 rcpt(182)
FMT0 persist at /var/zxid/bus/ch/default/0ZbZgCo4g0vu5h28Ek9gw7Ytdjs 'test(-1,1,' len=70 rcpt(183)
FMT0 persist at /var/zxid/bus/ch/default/w-eykZu45fM_XvjDBOYUSF2FZM4 'test(-1,1,' len=70 rcpt(184)
FMT0 persist at /var/zxid/bus/ch/default/JyX63XJwQM7UYJSP5I4pIR0VmZk 'test(-1,1,' len=70 rcpt(185)
FMT0 persist at /var/zxid/bus/ch/default/NSJPenF9FjogbKEJw6ca26PS_YQ 'test(-1,1,' len=70 rcpt(186)
FMT0 persist at /var/zxid/bus/ch/default/wDLZVz5CSdJSrcKVQyrWNFdeBoM 'test(-1,1,' len=70 rcpt(187)
FMT0 persist at /var/zxid/bus/ch/default/81PyqnAeb_IbFBYE1OmhR657z8Y 'test(-1,1,' len=70 rcpt(188)
FMT0 persist at /var/zxid/bus/ch/default/5aMsniqYhZ3BaaGpzAx4KIsoMf0 'test(-1,1,' len=70 rcpt(189)
FMT0 persist at /var/zxid/bus/ch/default/DWbJHkKz6WiSupYaA3tL1rHHVrI 'test(-1,1,' len=70 rcpt(190)
FMT0 persist at /var/zxid/bus/ch/default/_QstI9txTGoLfzRpuSJMjECdseo 'test(-1,1,' len=69 rcpt(191)
FMT0 persist at /var/zxid/bus/ch/default/lkDhTw_AmwroUMna8wJmuPpPRco 'test(-1,1,' len=69 rcpt(192)
FMT0 persist at /var/zxid/bus/ch/default/eSJEWgmOM7T_qutlQzr2gNBviEc 'test(-1,1,' len=69 rcpt(193)
FMT0 persist at /var/zxid/bus/ch/default/zkm-zt2jLxp1Qm27FLBXXk1q5J8 'test(-1,1,' len=69 rcpt(194)
FMT0 persist at /var/zxid/bus/ch/default/60La3iNyMut5ik_JXt13n5LBDV0 'test(-1,1,' len=69 rcpt(195)
FMT0 persist at /var/zxid/bus/ch/default/Mimck2fMjz8BkutqZvW_8NPAm70 'test(-1,1,' len=69 rcpt(196)
FMT0 persist at /var/zxid/bus/ch/default/-mGfiZRtzEvudDjZueFqgkmWPDs 'test(-1,1,' len=69 rcpt(197)
FMT0 persist at /var/zxid/bus/ch/default/TK4nD0AlE09MVKvIziTJsooAlxQ 'test(-1,1,' len=69 rcpt(198)
FMT0 persist at /var/zxid/bus/ch/default/Vh27nmUo7GROgR2smUSy5U4yWnw 'test(-1,1,' len=69 rcpt(199)
FMT0 persist at /var/zxid/bus/ch/default/bjZtT6SuxzOFHc1GLnoFdMdSbm0 'F' len=55 rcpt(0)
shf_0x9812400  // max_ios=1000
-> io_0x341620
  io_0x341620 -> pdu_0x5f6b98 [label=cur_pdu]; // fd=0x6
  io_0x341620 -> null [label=reqs];
  io_0x341620 -> null [label=pending];
  io_0x341620 -> null [label=to_write_produce];
  io_0x341620 -> null [label=to_write_consume];  // n_to_write=0
  io_0x341620 -> null [label=in_write];
-> io_0x34192c
  io_0x34192c -> pdu_0x9c5f40 [label=cur_pdu]; // fd=0x9
  io_0x34192c  // reqs
    -> pdu_0x6002b8  // (ZXCT)
    pdu_0x6002b8 -> null [label=reals];
    pdu_0x6002b8 -> null [label=synths];
    pdu_0x6002b8 -> null [label=subresps];
[label=reqs];
  io_0x34192c -> null [label=pending];
[label=pending];
  io_0x34192c -> null [label=to_write_produce];
  io_0x34192c -> null [label=to_write_consume];  // n_to_write=0
  io_0x34192c -> null [label=in_write];
-> io_0x341a30
  io_0x341a30 -> pdu_0x9c7870 [label=cur_pdu]; // fd=0xa
  io_0x341a30 -> null [label=reqs];
  io_0x341a30 -> null [label=pending];
  io_0x341a30 -> null [label=to_write_produce];
  io_0x341a30 -> null [label=to_write_consume];  // n_to_write=0
  io_0x341a30 -> null [label=in_write];
[label=ios];
shf_0x9812400 -> null [label=todo_consume];
shf_0x9812400   // free_pdus (color=4)
-> pdu_0x9cd098 -> pdu_0x9cdd30 -> pdu_0x9ce9c8 -> pdu_0x9cf660 -> pdu_0x9d02f8 -> pdu_0x9d0f90 -> pdu_0x9d1c28 -> pdu_0x9d28c0 -> pdu_0x9d3558 -> pdu_0x9d41f0 -> pdu_0x9d4e88 -> pdu_0x9d5b20 -> pdu_0x9d67b8 -> pdu_0x9d7450 -> pdu_0x9d80e8 -> pdu_0x9d8d80 -> pdu_0x9d9a18 -> pdu_0x9da6b0 -> pdu_0x9db348 -> pdu_0x9dbfe0 -> pdu_0x9dcc78 -> pdu_0x9dd910 -> pdu_0x9de5a8 -> pdu_0x9df240 -> pdu_0x9dfed8 -> pdu_0x9e0b70 -> pdu_0x9e1808 -> pdu_0x9e24a0 -> pdu_0x9e3138 -> pdu_0x9e3dd0 -> pdu_0x9e4a68 -> pdu_0x9e5700 -> pdu_0x9e6398 -> pdu_0x9e7030 -> pdu_0x9e7cc8 -> pdu_0x9e8960 -> pdu_0x9e95f8 -> pdu_0x9ea290 -> pdu_0x9eaf28 -> pdu_0x9ebbc0 -> pdu_0x9ec858 -> pdu_0x9ed4f0 -> pdu_0x9ee188 -> pdu_0x9eee20 -> pdu_0x9efab8 -> pdu_0x9f0750 -> pdu_0x9f13e8 -> pdu_0x9f2080 -> pdu_0x9f2d18 -> pdu_0x9f39b0 -> pdu_0x9f4648 -> pdu_0x9f52e0 -> pdu_0x9f5f78 -> pdu_0x9f6c10 -> pdu_0x9f78a8 -> pdu_0x9f8540 -> pdu_0x9f91d8 -> pdu_0x9f9e70 -> pdu_0x9fab08 -> pdu_0x9fb7a0 -> pdu_0x9fc438 -> pdu_0x9fd0d0 -> pdu_0x9fdd68 -> pdu_0x9fea00 -> pdu_0x9ff698 -> pdu_0xa00330 -> pdu_0xa00fc8 -> pdu_0xa01c60 -> pdu_0xa028f8 -> pdu_0xa03590 -> pdu_0xa04228 -> pdu_0xa04ec0 -> pdu_0xa05b58 -> pdu_0xa067f0 -> pdu_0xa07488 -> pdu_0xa08120 -> pdu_0xa08db8 -> pdu_0xa09a50 -> pdu_0xa0a6e8 -> pdu_0xa0b380 -> pdu_0xa0c018 -> pdu_0xa0ccb0 -> pdu_0xa0d948 -> pdu_0xa0e5e0 -> pdu_0xa0f278 -> pdu_0xa0ff10 -> pdu_0xa10ba8 -> pdu_0xa11840 -> pdu_0xa124d8 -> pdu_0xa13170 -> pdu_0xa13e08 -> pdu_0xa14aa0 -> pdu_0xa15738 -> pdu_0xa163d0 -> pdu_0xa17068 -> pdu_0xa17d00 -> pdu_0xa18998 -> pdu_0xa19630 -> pdu_0xa1a2c8 -> pdu_0xa1af60 -> pdu_0xa1bbf8 -> pdu_0xa1c890 -> pdu_0xa1d528 -> pdu_0xa1e1c0 -> pdu_0xa1ee58 -> pdu_0xa1faf0 -> pdu_0xa20788 -> pdu_0xa21420 -> pdu_0xa220b8 -> pdu_0xa22d50 -> pdu_0xa239e8 -> pdu_0xa24680 -> pdu_0xa25318 -> pdu_0xa25fb0 -> pdu_0xa26c48 -> pdu_0xa278e0 -> pdu_0xa28578 -> pdu_0xa29210 -> pdu_0xa29ea8 -> pdu_0xa2ab40 -> pdu_0xa2b7d8 -> pdu_0xa2c470 -> pdu_0xa2d108 -> pdu_0xa2dda0 -> pdu_0xa2ea38 -> pdu_0xa2f6d0 -> pdu_0xa30368 -> pdu_0xa31000 -> pdu_0xa31c98 -> pdu_0xa32930 -> pdu_0xa335c8 -> pdu_0xa34260 -> pdu_0xa34ef8 -> pdu_0xa35b90 -> pdu_0xa36828 -> pdu_0xa374c0 -> pdu_0xa38158 -> pdu_0xa38df0 -> pdu_0xa39a88 -> pdu_0xa3a720 -> pdu_0xa3b3b8 -> pdu_0xa3c050 -> pdu_0xa3cce8 -> pdu_0xa3d980 -> pdu_0xa3e618 -> pdu_0xa3f2b0 -> pdu_0xa3ff48 -> pdu_0xa40be0 -> pdu_0xa41878 -> pdu_0xa42510 -> pdu_0xa431a8 -> pdu_0xa43e40 -> pdu_0xa44ad8 -> pdu_0xa45770 -> pdu_0xa46408 -> pdu_0xa470a0 -> pdu_0xa47d38 -> pdu_0xa489d0 -> pdu_0xa49668 -> pdu_0xa4a300 -> pdu_0xa4af98 -> pdu_0xa4bc30 -> pdu_0xa4c8c8 -> pdu_0xa4d560 -> pdu_0xa4e1f8 -> pdu_0xa4ee90 -> pdu_0xa4fb28 -> pdu_0xa507c0 -> pdu_0xa51458 -> pdu_0xa520f0 -> pdu_0xa52d88 -> pdu_0xa53a20 -> pdu_0xa546b8 -> pdu_0xa55350 -> pdu_0xa55fe8 -> pdu_0xa56c80 -> pdu_0xa57918 -> pdu_0xa585b0 -> pdu_0xa59248 -> pdu_0xa59ee0 -> pdu_0xa5ab78 -> pdu_0xa5b810 -> pdu_0xa5c4a8 -> pdu_0xa5d140 -> pdu_0xa5ddd8 -> pdu_0xa5ea70 -> pdu_0xa5f708 -> pdu_0xa603a0 -> pdu_0xa61038 -> pdu_0xa61cd0 -> pdu_0xa62968 -> pdu_0xa63600 -> pdu_0xa64298 -> pdu_0xa64f30 -> pdu_0xa65bc8 -> pdu_0xa66860 -> pdu_0xa674f8 -> pdu_0xa68190 -> pdu_0xa68e28 -> pdu_0xa69ac0 -> pdu_0xa6a758 -> pdu_0xa6b3f0 -> pdu_0xa6c088 -> pdu_0xa6cd20 -> pdu_0xa6d9b8 -> pdu_0xa6e650 -> pdu_0xa6f2e8 -> pdu_0xa6ff80 -> pdu_0xa70c18 -> pdu_0xa718b0 -> pdu_0xa72548 -> pdu_0xa731e0 -> pdu_0xa73e78 -> pdu_0xa74b10 -> pdu_0xa757a8 -> pdu_0xa76440 -> pdu_0xa770d8 -> pdu_0xa77d70 -> pdu_0xa78a08 -> pdu_0xa796a0 -> pdu_0xa7a338 -> pdu_0xa7afd0 -> pdu_0xa7bc68 -> pdu_0xa7c900 -> pdu_0xa7d598 -> pdu_0xa7e230 -> pdu_0xa7eec8 -> pdu_0xa7fb60 -> pdu_0xa807f8 -> pdu_0xa81490 -> pdu_0xa82128 -> pdu_0xa82dc0 -> pdu_0xa83a58 -> pdu_0xa846f0 -> pdu_0xa85388 -> pdu_0xa86020 -> pdu_0xa86cb8 -> pdu_0xa87950 -> pdu_0xa885e8 -> pdu_0xa89280 -> pdu_0xa89f18 -> pdu_0xa8abb0 -> pdu_0xa8b848 -> pdu_0xa8c4e0 -> pdu_0xa8d178 -> pdu_0xa8de10 -> pdu_0xa8eaa8 -> pdu_0xa8f740 -> pdu_0xa903d8 -> pdu_0xa91070 -> pdu_0xa91d08 -> pdu_0xa929a0 -> pdu_0xa93638 -> pdu_0xa942d0 -> pdu_0xa94f68 -> pdu_0xa95c00 -> pdu_0xa96898 -> pdu_0xa97530 -> pdu_0xa981c8 -> pdu_0xa98e60 -> pdu_0xa99af8 -> pdu_0xa9a790 -> pdu_0xa9b428 -> pdu_0xa9c0c0 -> pdu_0xa9cd58 -> pdu_0xa9d9f0 -> pdu_0xa9e688 -> pdu_0xa9f320 -> pdu_0xa9ffb8 -> pdu_0xaa0c50 -> pdu_0xaa18e8 -> pdu_0xaa2580 -> pdu_0xaa3218 -> pdu_0xaa3eb0 -> pdu_0xaa4b48 -> pdu_0xaa57e0 -> pdu_0xaa6478 -> pdu_0xaa7110 -> pdu_0xaa7da8 -> pdu_0xaa8a40 -> pdu_0xaa96d8 -> pdu_0xaaa370 -> pdu_0xaab008 -> pdu_0xaabca0 -> pdu_0xaac938 -> pdu_0xaad5d0 -> pdu_0xaae268 -> pdu_0xaaef00 -> pdu_0xaafb98 -> pdu_0xab0830 -> pdu_0xab14c8 -> pdu_0xab2160 -> pdu_0xab2df8 -> pdu_0xab3a90 -> pdu_0xab4728 -> pdu_0xab53c0 -> pdu_0xab6058 -> pdu_0xab6cf0 -> pdu_0xab7988 -> pdu_0xab8620 -> pdu_0xab92b8 -> pdu_0xab9f50 -> pdu_0xababe8 -> pdu_0xabb880 -> pdu_0xabc518 -> pdu_0xabd1b0 -> pdu_0xabde48 -> pdu_0xabeae0 -> pdu_0xabf778 -> pdu_0xac0410 -> pdu_0xac10a8 -> pdu_0xac1d40 -> pdu_0xac29d8 -> pdu_0xac3670 -> pdu_0xac4308 -> pdu_0xac4fa0 -> pdu_0xac5c38 -> pdu_0xac68d0 -> pdu_0xac7568 -> pdu_0xac8200 -> pdu_0xac8e98 -> pdu_0xac9b30 -> pdu_0xaca7c8 -> pdu_0xacb460 -> pdu_0xacc0f8 -> pdu_0xaccd90 -> pdu_0xacda28 -> pdu_0xace6c0 -> pdu_0xacf358 -> pdu_0xacfff0 -> pdu_0xad0c88 -> pdu_0xad1920 -> pdu_0xad25b8 -> pdu_0xad3250 -> pdu_0xad3ee8 -> pdu_0xad4b80 -> pdu_0xad5818 -> pdu_0xad64b0 -> pdu_0xad7148 -> pdu_0xad7de0 -> pdu_0xad8a78 -> pdu_0xad9710 -> pdu_0xada3a8 -> pdu_0xadb040 -> pdu_0xadbcd8 -> pdu_0xadc970 -> pdu_0xadd608 -> pdu_0xade2a0 -> pdu_0xadef38 -> pdu_0xadfbd0 -> pdu_0xae0868 -> pdu_0xae1500 -> pdu_0xae2198 -> pdu_0xae2e30 -> pdu_0xae3ac8 -> pdu_0xae4760 -> pdu_0xae53f8 -> pdu_0xae6090 -> pdu_0xae6d28 -> pdu_0xae79c0 -> pdu_0xae8658 -> pdu_0xae92f0 -> pdu_0xae9f88 -> pdu_0xaeac20 -> pdu_0xaeb8b8 -> pdu_0xaec550 -> pdu_0xaed1e8 -> pdu_0xaede80 -> pdu_0xaeeb18 -> pdu_0xaef7b0 -> pdu_0xaf0448 -> pdu_0xaf10e0 -> pdu_0xaf1d78 -> pdu_0xaf2a10 -> pdu_0xaf36a8 -> pdu_0xaf4340 -> pdu_0xaf4fd8 -> pdu_0xaf5c70 -> pdu_0xaf6908 -> pdu_0xaf75a0 -> pdu_0xaf8238 -> pdu_0xaf8ed0 -> pdu_0xaf9b68 -> pdu_0xafa800 -> pdu_0xafb498 -> pdu_0xafc130 -> pdu_0xafcdc8 -> pdu_0xafda60 -> pdu_0xafe6f8 -> pdu_0xaff390 -> pdu_0xb00028 -> pdu_0xb00cc0 -> pdu_0xb01958 -> pdu_0xb025f0 -> pdu_0xb03288 -> pdu_0xb03f20 -> pdu_0xb04bb8 -> pdu_0xb05850 -> pdu_0xb064e8 -> pdu_0xb07180 -> pdu_0xb07e18 -> pdu_0xb08ab0 -> pdu_0xb09748 -> pdu_0xb0a3e0 -> pdu_0xb0b078 -> pdu_0xb0bd10 -> pdu_0xb0c9a8 -> pdu_0xb0d640 -> pdu_0xb0e2d8 -> pdu_0xb0ef70 -> pdu_0xb0fc08 -> pdu_0xb108a0 -> pdu_0xb11538 -> pdu_0xb121d0 -> pdu_0xb12e68 -> pdu_0xb13b00 -> pdu_0xb14798 -> pdu_0xb15430 -> pdu_0xb160c8 -> pdu_0xb16d60 -> pdu_0xb179f8 -> pdu_0xb18690 -> pdu_0xb19328 -> pdu_0xb19fc0 -> pdu_0xb1ac58 -> pdu_0xb1b8f0 -> pdu_0xb1c588 -> pdu_0xb1d220 -> pdu_0xb1deb8 -> pdu_0xb1eb50 -> pdu_0xb1f7e8 -> pdu_0xb20480 -> pdu_0xb21118 -> pdu_0xb21db0 -> pdu_0xb22a48 -> pdu_0xb236e0 -> pdu_0xb24378 -> pdu_0xb25010 -> pdu_0xb25ca8 -> pdu_0xb26940 -> pdu_0xb275d8 -> pdu_0xb28270 -> pdu_0xb28f08 -> pdu_0xb29ba0 -> pdu_0xb2a838 -> pdu_0xb2b4d0 -> pdu_0xb2c168 -> pdu_0xb2ce00 -> pdu_0xb2da98 -> pdu_0xb2e730 -> pdu_0xb2f3c8 -> pdu_0xb30060 -> pdu_0xb30cf8 -> pdu_0xb31990 -> pdu_0xb32628 -> pdu_0xb332c0 -> pdu_0xb33f58 -> pdu_0xb34bf0 -> pdu_0xb35888 -> pdu_0xb36520 -> pdu_0xb371b8 -> pdu_0xb37e50 -> pdu_0xb38ae8 -> pdu_0xb39780 -> pdu_0xb3a418 -> pdu_0xb3b0b0 -> pdu_0xb3bd48 -> pdu_0xb3c9e0 -> pdu_0xb3d678 -> pdu_0xb3e310 -> pdu_0xb3efa8 -> pdu_0xb3fc40 -> pdu_0xb408d8 -> pdu_0xb41570 -> pdu_0xb42208 -> pdu_0xb42ea0 -> pdu_0xb43b38 -> pdu_0xb447d0 -> pdu_0xb45468 -> pdu_0xb46100 -> pdu_0xb46d98 -> pdu_0xb47a30 -> pdu_0xb486c8 -> pdu_0xb49360 -> pdu_0xb49ff8 -> pdu_0xb4ac90 -> pdu_0xb4b928 -> pdu_0xb4c5c0 -> pdu_0xb4d258 -> pdu_0xb4def0 -> pdu_0xb4eb88 -> pdu_0xb4f820 -> pdu_0xb504b8 -> pdu_0xb51150 -> pdu_0xb51de8 -> pdu_0xb52a80 -> pdu_0xb53718 -> pdu_0xb543b0 -> pdu_0xb55048 -> pdu_0xb55ce0 -> pdu_0xb56978 -> pdu_0xb57610 -> pdu_0xb582a8 -> pdu_0xb58f40 -> pdu_0xb59bd8 -> pdu_0xb5a870 -> pdu_0xb5b508 -> pdu_0xb5c1a0 -> pdu_0xb5ce38 -> pdu_0xb5dad0 -> pdu_0xb5e768 -> pdu_0xb5f400 -> pdu_0xb60098 -> pdu_0xb60d30 -> pdu_0xb619c8 -> pdu_0xb62660 -> pdu_0xb632f8 -> pdu_0xb63f90 -> pdu_0xb64c28 -> pdu_0xb658c0 -> pdu_0xb66558 -> pdu_0xb671f0 -> pdu_0xb67e88 -> pdu_0xb68b20 -> pdu_0xb697b8 -> pdu_0xb6a450 -> pdu_0xb6b0e8 -> pdu_0xb6bd80 -> pdu_0xb6ca18 -> pdu_0xb6d6b0 -> pdu_0xb6e348 -> pdu_0xb6efe0 -> pdu_0xb6fc78 -> pdu_0xb70910 -> pdu_0xb715a8 -> pdu_0xb72240 -> pdu_0xb72ed8 -> pdu_0xb73b70 -> pdu_0xb74808 -> pdu_0xb754a0 -> pdu_0xb76138 -> pdu_0xb76dd0 -> pdu_0xb77a68 -> pdu_0xb78700 -> pdu_0xb79398 -> pdu_0xb7a030 -> pdu_0xb7acc8 -> pdu_0xb7b960 -> pdu_0xb7c5f8 -> pdu_0xb7d290 -> pdu_0xb7df28 -> pdu_0xb7ebc0 -> pdu_0xb7f858 -> pdu_0xb804f0 -> pdu_0xb81188 -> pdu_0xb81e20 -> pdu_0xb82ab8 -> pdu_0xb83750 -> pdu_0xb843e8 -> pdu_0xb85080 -> pdu_0xb85d18 -> pdu_0xb869b0 -> pdu_0xb87648 -> pdu_0xb882e0 -> pdu_0xb88f78 -> pdu_0xb89c10 -> pdu_0xb8a8a8 -> pdu_0xb8b540 -> pdu_0xb8c1d8 -> pdu_0xb8ce70 -> pdu_0xb8db08 -> pdu_0xb8e7a0 -> pdu_0xb8f438 -> pdu_0xb900d0 -> pdu_0xb90d68 -> pdu_0xb91a00 -> pdu_0xb92698 -> pdu_0xb93330 -> pdu_0xb93fc8 -> pdu_0xb94c60 -> pdu_0xb958f8 -> pdu_0xb96590 -> pdu_0xb97228 -> pdu_0xb97ec0 -> pdu_0xb98b58 -> pdu_0xb997f0 -> pdu_0xb9a488 -> pdu_0xb9b120 -> pdu_0xb9bdb8 -> pdu_0xb9ca50 -> pdu_0xb9d6e8 -> pdu_0xb9e380 -> pdu_0xb9f018 -> pdu_0xb9fcb0 -> pdu_0xba0948 -> pdu_0xba15e0 -> pdu_0xba2278 -> pdu_0xba2f10 -> pdu_0xba3ba8 -> pdu_0xba4840 -> pdu_0xba54d8 -> pdu_0xba6170 -> pdu_0xba6e08 -> pdu_0xba7aa0 -> pdu_0xba8738 -> pdu_0xba93d0 -> pdu_0xbaa068 -> pdu_0xbaad00 -> pdu_0xbab998 -> pdu_0xbac630 -> pdu_0xbad2c8 -> pdu_0xbadf60 -> pdu_0xbaebf8 -> pdu_0xbaf890 -> pdu_0xbb0528 -> pdu_0xbb11c0 -> pdu_0xbb1e58 -> pdu_0xbb2af0 -> pdu_0xbb3788 -> pdu_0xbb4420 -> pdu_0xbb50b8 -> pdu_0xbb5d50 -> pdu_0xbb69e8 -> pdu_0xbb7680 -> pdu_0xbb8318 -> pdu_0xbb8fb0 -> pdu_0xbb9c48 -> pdu_0xbba8e0 -> pdu_0xbbb578 -> pdu_0xbbc210 -> pdu_0xbbcea8 -> pdu_0xbbdb40 -> pdu_0xbbe7d8 -> pdu_0xbbf470 -> pdu_0xbc0108 -> pdu_0xbc0da0 -> pdu_0xbc1a38 -> pdu_0xbc26d0 -> pdu_0xbc3368 -> pdu_0xbc4000 -> pdu_0xbc4c98 -> pdu_0xbc5930 -> pdu_0xbc65c8 -> pdu_0xbc7260 -> pdu_0xbc7ef8 -> pdu_0xbc8b90 -> pdu_0xbc9828 -> pdu_0xbca4c0 -> pdu_0xbcb158 -> pdu_0xbcbdf0 -> pdu_0xbcca88 -> pdu_0xbcd720 -> pdu_0xbce3b8 -> pdu_0xbcf050 -> pdu_0xbcfce8 -> pdu_0xbd0980 -> pdu_0xbd1618 -> pdu_0xbd22b0 -> pdu_0xbd2f48 -> pdu_0xbd3be0 -> pdu_0xbd4878 -> pdu_0xbd5510 -> pdu_0xbd61a8 -> pdu_0xbd6e40 -> pdu_0xbd7ad8 -> pdu_0xbd8770 -> pdu_0xbd9408 -> pdu_0xbda0a0 -> pdu_0xbdad38 -> pdu_0xbdb9d0 -> pdu_0xbdc668 -> pdu_0xbdd300 -> pdu_0xbddf98 -> pdu_0xbdec30 -> pdu_0xbdf8c8 -> pdu_0xbe0560 -> pdu_0xbe11f8 -> pdu_0xbe1e90 -> pdu_0xbe2b28 -> pdu_0xbe37c0 -> pdu_0xbe4458 -> pdu_0xbe50f0 -> pdu_0xbe5d88 -> pdu_0xbe6a20 -> pdu_0xbe76b8 -> pdu_0xbe8350 -> pdu_0xbe8fe8 -> pdu_0xbe9c80 -> pdu_0xbea918 -> pdu_0xbeb5b0 -> pdu_0xbec248 -> pdu_0xbecee0 -> pdu_0xbedb78 -> pdu_0xbee810 -> pdu_0xbef4a8 -> pdu_0xbf0140 -> pdu_0xbf0dd8 -> pdu_0xbf1a70 -> pdu_0xbf2708 -> pdu_0xbf33a0 -> pdu_0xbf4038 -> pdu_0xbf4cd0 -> pdu_0xbf5968 -> pdu_0xbf6600 -> pdu_0xbf7298 -> pdu_0xbf7f30 -> pdu_0xbf8bc8 -> pdu_0xbf9860 -> pdu_0xbfa4f8 -> pdu_0xbfb190 -> pdu_0xbfbe28 -> pdu_0xbfcac0 -> pdu_0xbfd758 -> pdu_0xbfe3f0 -> pdu_0xbff088 -> pdu_0xbffd20 -> pdu_0xc009b8 -> pdu_0xc01650 -> pdu_0xc022e8 -> pdu_0xc02f80 -> pdu_0xc03c18 -> pdu_0xc048b0 -> pdu_0xc05548 -> pdu_0xc061e0 -> pdu_0xc06e78 -> pdu_0xc07b10 -> pdu_0xc087a8 -> pdu_0xc09440 -> pdu_0xc0a0d8 -> pdu_0xc0ad70 -> pdu_0xc0ba08 -> pdu_0xc0c6a0 -> pdu_0xc0d338 -> pdu_0xc0dfd0 -> pdu_0xc0ec68 -> pdu_0xc0f900 -> pdu_0xc10598 -> pdu_0xc11230 -> pdu_0xc11ec8 -> pdu_0xc12b60 -> pdu_0xc137f8 -> pdu_0xc14490 -> pdu_0xc15128 -> pdu_0xc15dc0 -> pdu_0xc16a58 -> pdu_0xc176f0 -> pdu_0xc18388 -> pdu_0xc19020 -> pdu_0xc19cb8 -> pdu_0xc1a950 -> pdu_0xc1b5e8 -> pdu_0xc1c280 -> pdu_0xc1cf18 -> pdu_0xc1dbb0 -> pdu_0xc1e848 -> pdu_0xc1f4e0 -> pdu_0xc20178 -> pdu_0xc20e10 -> pdu_0xc21aa8 -> pdu_0xc22740 -> pdu_0xc233d8 -> pdu_0xc24070 -> pdu_0xc24d08 -> pdu_0xc259a0 -> pdu_0xc26638 -> pdu_0xc272d0 -> pdu_0xc27f68 -> pdu_0xc28c00 -> pdu_0xc29898 -> pdu_0xc2a530 -> pdu_0xc2b1c8 -> pdu_0xc2be60 -> pdu_0xc2caf8 -> pdu_0xc2d790 -> pdu_0xc2e428 -> pdu_0xc2f0c0 -> pdu_0xc2fd58 -> pdu_0xc309f0 -> pdu_0xc31688 -> pdu_0xc32320 -> pdu_0xc32fb8 -> pdu_0xc33c50 -> pdu_0xc348e8 -> pdu_0xc35580 -> pdu_0xc36218 -> pdu_0xc36eb0 -> pdu_0xc37b48 -> pdu_0xc387e0 -> pdu_0xc39478 -> pdu_0xc3a110 -> pdu_0xc3ada8 -> pdu_0xc3ba40 -> pdu_0xc3c6d8 -> pdu_0xc3d370 -> pdu_0xc3e008 -> pdu_0xc3eca0 -> pdu_0xc3f938 -> pdu_0xc405d0 -> pdu_0xc41268 -> pdu_0xc41f00 -> pdu_0xc42b98 -> pdu_0xc43830 -> pdu_0xc444c8 -> pdu_0xc45160 -> pdu_0xc45df8 -> pdu_0xc46a90 -> pdu_0xc47728 -> pdu_0xc483c0 -> pdu_0xc49058 -> pdu_0xc49cf0 -> pdu_0xc4a988 -> pdu_0xc4b620 -> pdu_0xc4c2b8 -> pdu_0xc4cf50 -> pdu_0xc4dbe8 -> pdu_0xc4e880 -> pdu_0xc4f518 -> pdu_0xc501b0 -> pdu_0xc50e48 -> pdu_0xc51ae0 -> pdu_0xc52778 -> pdu_0xc53410 -> pdu_0xc540a8 -> pdu_0xc54d40 -> pdu_0xc559d8 -> pdu_0xc56670 -> pdu_0xc57308 -> pdu_0xc57fa0 -> pdu_0xc58c38 -> pdu_0xc598d0 -> pdu_0xc5a568 -> pdu_0xc5b200 -> pdu_0xc5be98 -> pdu_0xc5cb30 -> pdu_0xc5d7c8 -> pdu_0xc5e460 -> pdu_0xc5f0f8 -> pdu_0xc5fd90 -> pdu_0xc60a28 -> pdu_0xc616c0 -> pdu_0xc62358 -> pdu_0xc62ff0 -> pdu_0xc63c88 -> pdu_0xc64920 -> pdu_0xc655b8 -> pdu_0xc66250 -> pdu_0xc66ee8 -> pdu_0xc67b80 -> pdu_0xc68818 -> pdu_0xc694b0 -> pdu_0xc6a148 -> pdu_0xc6ade0 -> pdu_0xc6ba78 -> pdu_0xc6c710 -> pdu_0xc6d3a8 -> pdu_0xc6e040 -> pdu_0xc6ecd8 -> pdu_0xc6f970 -> pdu_0xc70608 -> pdu_0xc712a0 -> pdu_0xc71f38 -> pdu_0xc72bd0 -> pdu_0xc73868 -> pdu_0xc74500 -> pdu_0xc75198 -> pdu_0xc75e30 -> pdu_0xc76ac8 -> pdu_0xc77760 -> pdu_0xc783f8 -> pdu_0xc79090 -> pdu_0xc79d28 -> pdu_0xc7a9c0 -> pdu_0xc7b658 -> pdu_0xc7c2f0 -> pdu_0xc7cf88 -> pdu_0xc7dc20 -> pdu_0xc7e8b8 -> pdu_0xc7f550 -> pdu_0xc801e8 -> pdu_0xc80e80 -> pdu_0xc81b18 -> pdu_0xc827b0 -> pdu_0xc83448 -> pdu_0xc840e0 -> pdu_0xc84d78 -> pdu_0xc85a10 -> pdu_0xc866a8 -> pdu_0xc87340 -> pdu_0xc87fd8 -> pdu_0xc88c70 -> pdu_0xc89908 -> pdu_0xc8a5a0 -> pdu_0xc8b238 -> pdu_0xc8bed0 -> pdu_0xc8cb68 -> pdu_0xc8d800 -> pdu_0xc8e498 -> pdu_0xc8f130 -> pdu_0xc8fdc8 -> pdu_0xc90a60 -> pdu_0xc916f8 -> pdu_0xc92390 -> pdu_0xc93028 -> pdu_0xc93cc0 -> pdu_0xc94958 -> pdu_0xc955f0 -> pdu_0xc96288 -> pdu_0xc96f20 -> pdu_0xc97bb8 -> pdu_0xc98850 -> pdu_0xc994e8 -> pdu_0xc9a180 -> pdu_0xc9ae18 -> pdu_0xc9bab0 -> pdu_0xc9c748 -> pdu_0xc9d3e0 -> pdu_0xc9e078 -> pdu_0xc9ed10 -> pdu_0xc9f9a8 -> pdu_0xca0640 -> pdu_0xca12d8 -> pdu_0xca1f70 -> pdu_0xca2c08 -> pdu_0xca38a0 -> pdu_0xca4538 -> pdu_0xca51d0 -> pdu_0xca5e68 -> pdu_0xca6b00 -> pdu_0xca7798 -> pdu_0xca8430 -> pdu_0xca90c8 -> pdu_0xca9d60 -> pdu_0xcaa9f8 -> pdu_0xcab690 -> pdu_0xcac328 -> pdu_0xcacfc0 -> pdu_0xcadc58 -> pdu_0xcae8f0 -> pdu_0xcaf588 -> pdu_0xcb0220 -> pdu_0xcb0eb8 -> pdu_0xcb1b50 -> pdu_0xcb27e8 -> pdu_0xcb3480 -> pdu_0xcb4118 -> pdu_0xcb4db0 -> pdu_0xcb5a48 -> pdu_0xcb66e0 -> pdu_0xcb7378 -> pdu_0xcb8010 -> pdu_0xcb8ca8 -> pdu_0xcb9940 -> pdu_0xcba5d8 -> pdu_0xcbb270 -> pdu_0xcbbf08 -> pdu_0xcbcba0 -> pdu_0xcbd838 -> pdu_0xcbe4d0 -> pdu_0xcbf168 -> pdu_0xcbfe00 -> pdu_0xcc0a98 -> pdu_0xcc1730 -> pdu_0xcc23c8 -> pdu_0xcc3060 -> pdu_0xcc3cf8 -> pdu_0xcc4990 -> pdu_0xcc5628 -> pdu_0xcc62c0 -> pdu_0xcc6f58 -> pdu_0xcc7bf0 -> pdu_0xcc8888 -> pdu_0xcc9520 -> pdu_0xcca1b8 -> pdu_0xccae50 -> pdu_0xccbae8 -> pdu_0xccc780 -> pdu_0xccd418 -> pdu_0xcce0b0 -> pdu_0xcced48 -> pdu_0xccf9e0 -> pdu_0xcd0678 -> pdu_0xcd1310 -> pdu_0xcd1fa8 -> pdu_0xcd2c40 -> pdu_0xcd38d8 -> pdu_0xcd4570 -> pdu_0xcd5208 -> pdu_0xcd5ea0 -> pdu_0xcd6b38 -> pdu_0xcd77d0 -> pdu_0xcd8468 -> pdu_0xcd9100 -> pdu_0xcd9d98 -> pdu_0xcdaa30 -> pdu_0xcdb6c8 -> pdu_0xcdc360 -> pdu_0xcdcff8 -> pdu_0xcddc90 -> pdu_0xcde928 -> pdu_0xcdf5c0 -> pdu_0xce0258 -> pdu_0xce0ef0 -> pdu_0xce1b88 -> pdu_0xce2820 -> pdu_0xce34b8 -> pdu_0xce4150 -> pdu_0xce4de8 -> pdu_0xce5a80 -> pdu_0xce6718 -> pdu_0xce73b0 -> pdu_0xce8048 -> pdu_0xce8ce0 -> pdu_0xce9978 -> pdu_0xcea610 -> pdu_0xceb2a8 -> pdu_0xcebf40 -> pdu_0xcecbd8 -> pdu_0xced870 -> pdu_0xcee508 -> pdu_0xcef1a0 -> pdu_0xcefe38 -> pdu_0xcf0ad0 -> pdu_0xcf1768 -> pdu_0xcf2400 -> pdu_0xcf3098 -> pdu_0xcf3d30 -> pdu_0xcf49c8 -> pdu_0xcf5660 -> pdu_0xcf62f8 -> pdu_0xcf6f90 -> pdu_0xcf7c28 -> pdu_0xcf88c0 -> pdu_0xcf9558 -> pdu_0xcfa1f0 -> pdu_0xcfae88 -> pdu_0xcfbb20 -> pdu_0xcfc7b8 -> pdu_0xcfd450 -> pdu_0xcfe0e8 -> pdu_0xcfed80 -> pdu_0xcffa18 -> pdu_0xd006b0 -> pdu_0xd01348 -> pdu_0xd01fe0 -> pdu_0xd02c78 -> pdu_0xd03910 -> pdu_0xd045a8 -> pdu_0xd05240 -> pdu_0xd05ed8 -> pdu_0xd06b70 -> pdu_0xd07808 -> pdu_0xd084a0 -> pdu_0xd09138 -> pdu_0xd09dd0 -> pdu_0xd0aa68 -> pdu_0xd0b700 -> pdu_0xd0c398 -> pdu_0xd0d030 -> pdu_0xd0dcc8 -> pdu_0xd0e960 -> pdu_0xd0f5f8 -> pdu_0xd10290 -> pdu_0xd10f28 -> pdu_0xd11bc0 -> pdu_0xd12858 -> pdu_0xd134f0 -> pdu_0xd14188 -> pdu_0xd14e20 -> pdu_0xd15ab8 -> pdu_0xd16750 -> pdu_0xd173e8 -> pdu_0xd18080 -> pdu_0xd18d18 -> pdu_0xd199b0 -> pdu_0xd1a648 -> pdu_0xd1b2e0 -> pdu_0xd1bf78 -> pdu_0xd1cc10 -> pdu_0xd1d8a8 -> pdu_0xd1e540 -> pdu_0xd1f1d8 -> pdu_0xd1fe70 -> pdu_0xd20b08 -> pdu_0xd217a0 -> pdu_0xd22438 -> pdu_0xd230d0 -> pdu_0xd23d68 -> pdu_0xd24a00 -> pdu_0xd25698 -> pdu_0xd26330 -> pdu_0xd26fc8 -> pdu_0xd27c60 -> pdu_0xd288f8 -> pdu_0xd29590 -> pdu_0xd2a228 -> pdu_0xd2aec0 -> pdu_0xd2bb58 -> pdu_0xd2c7f0 -> pdu_0xd2d488 -> pdu_0xd2e120 -> pdu_0xd2edb8 -> pdu_0xd2fa50 -> pdu_0xd306e8 -> pdu_0xd31380 -> pdu_0xd32018 -> pdu_0xd32cb0 -> pdu_0xd33948 -> pdu_0xd345e0 -> pdu_0xd35278 -> pdu_0xd35f10 -> pdu_0xd36ba8 -> pdu_0xd37840 -> pdu_0xd384d8 -> pdu_0xd39170 -> pdu_0xd39e08 -> pdu_0xd3aaa0 -> pdu_0xd3b738 -> pdu_0xd3c3d0 -> pdu_0xd3d068 -> pdu_0xd3dd00 -> pdu_0xd3e998 -> pdu_0xd3f630 -> pdu_0xd402c8 -> pdu_0xd40f60 -> pdu_0xd41bf8 -> pdu_0xd42890 -> pdu_0xd43528 -> pdu_0xd441c0 -> pdu_0xd44e58 -> pdu_0xd45af0 -> pdu_0xd46788 -> pdu_0xd47420 -> pdu_0xd480b8 -> pdu_0xd48d50 -> pdu_0xd499e8 -> pdu_0xd4a680 -> pdu_0xd4b318 -> pdu_0xd4bfb0 -> pdu_0xd4cc48 -> pdu_0xd4d8e0 -> pdu_0xd4e578 -> pdu_0xd4f210 -> pdu_0xd4fea8 -> pdu_0xd50b40 -> pdu_0xd517d8 -> pdu_0xd52470 -> pdu_0xd53108 -> pdu_0xd53da0 -> pdu_0xd54a38 -> pdu_0xd556d0 -> pdu_0xd56368 -> pdu_0xd57000 -> pdu_0xd57c98 -> pdu_0xd58930 -> pdu_0xd595c8 -> pdu_0xd5a260 -> pdu_0xd5aef8 -> pdu_0xd5bb90 -> pdu_0xd5c828 -> pdu_0xd5d4c0 -> pdu_0xd5e158 -> pdu_0xd5edf0 -> pdu_0xd5fa88 -> pdu_0xd60720 -> pdu_0xd613b8 -> pdu_0xd62050 -> pdu_0xd62ce8 -> pdu_0xd63980 -> pdu_0xd64618 -> pdu_0xd652b0 -> pdu_0xd65f48 -> pdu_0xd66be0 -> pdu_0xd67878 -> pdu_0xd68510 -> pdu_0xd691a8 -> pdu_0xd69e40 -> pdu_0xd6aad8 -> pdu_0xd6b770 -> pdu_0xd6c408 -> pdu_0xd6d0a0 -> pdu_0xd6dd38 -> pdu_0xd6e9d0 -> pdu_0xd6f668 -> pdu_0xd70300 -> pdu_0xd70f98 -> pdu_0xd71c30 -> pdu_0xd728c8 -> pdu_0xd73560 -> pdu_0xd741f8 -> pdu_0xd74e90 -> pdu_0xd75b28 -> pdu_0xd767c0 -> pdu_0xd77458 -> pdu_0xd780f0 -> pdu_0xd78d88 -> pdu_0xd79a20 -> pdu_0xd7a6b8 -> pdu_0xd7b350 -> pdu_0xd7bfe8 -> pdu_0xd7cc80 -> pdu_0xd7d918 -> pdu_0xd7e5b0 -> pdu_0xd7f248 -> pdu_0xd7fee0 -> pdu_0xd80b78 -> pdu_0xd81810 -> pdu_0xd824a8 -> pdu_0xd83140 -> pdu_0xd83dd8 -> pdu_0xd84a70 -> pdu_0xd85708 -> pdu_0xd863a0 -> pdu_0xd87038 -> pdu_0xd87cd0 -> pdu_0xd88968 -> pdu_0xd89600 -> pdu_0xd8a298 -> pdu_0xd8af30 -> pdu_0xd8bbc8 -> pdu_0xd8c860 -> pdu_0xd8d4f8 -> pdu_0xd8e190 -> pdu_0xd8ee28 -> pdu_0xd8fac0 -> pdu_0xd90758 -> pdu_0xd913f0 -> pdu_0xd92088 -> pdu_0xd92d20 -> pdu_0xd939b8 -> pdu_0xd94650 -> pdu_0xd952e8 -> pdu_0xd95f80 -> pdu_0xd96c18 -> pdu_0xd978b0 -> pdu_0xd98548 -> pdu_0xd991e0 -> pdu_0xd99e78 -> pdu_0xd9ab10 -> pdu_0xd9b7a8 -> pdu_0xd9c440 -> pdu_0xd9d0d8 -> pdu_0xd9dd70 -> pdu_0xd9ea08 -> pdu_0xd9f6a0 -> pdu_0xda0338 -> pdu_0xda0fd0 -> pdu_0xda1c68 -> pdu_0xda2900 -> pdu_0xda3598 -> pdu_0xda4230 -> pdu_0xda4ec8 -> pdu_0xda5b60 -> pdu_0xda67f8 -> pdu_0xda7490 -> pdu_0xda8128 -> pdu_0xda8dc0 -> pdu_0xda9a58 -> pdu_0xdaa6f0 -> pdu_0xdab388 -> pdu_0xdac020 -> pdu_0xdaccb8 -> pdu_0xdad950 -> pdu_0xdae5e8 -> pdu_0xdaf280 -> pdu_0xdaff18 -> pdu_0xdb0bb0 -> pdu_0xdb1848 -> pdu_0xdb24e0 -> pdu_0xdb3178 -> pdu_0xdb3e10 -> pdu_0xdb4aa8 -> pdu_0xdb5740 -> pdu_0xdb63d8 -> pdu_0xdb7070 -> pdu_0xdb7d08 -> pdu_0xdb89a0 -> pdu_0xdb9638 -> pdu_0xdba2d0 -> pdu_0xdbaf68 -> pdu_0xdbbc00 -> pdu_0xdbc898 -> pdu_0xdbd530 -> pdu_0xdbe1c8 -> pdu_0xdbee60 -> pdu_0xdbfaf8 -> pdu_0xdc0790 -> pdu_0xdc1428 -> pdu_0xdc20c0 -> pdu_0xdc2d58 -> pdu_0xdc39f0 -> pdu_0xdc4688 -> pdu_0xdc5320 -> pdu_0xdc5fb8 -> pdu_0xdc6c50 -> pdu_0xdc78e8 -> pdu_0xdc8580 -> pdu_0xdc9218 -> pdu_0xdc9eb0 -> pdu_0xdcab48 -> pdu_0xdcb7e0 -> pdu_0xdcc478 -> pdu_0xdcd110 -> pdu_0xdcdda8 -> pdu_0xdcea40 -> pdu_0xdcf6d8 -> pdu_0xdd0370 -> pdu_0xdd1008 -> pdu_0xdd1ca0 -> pdu_0xdd2938 -> pdu_0xdd35d0 -> pdu_0xdd4268 -> pdu_0xdd4f00 -> pdu_0xdd5b98 -> pdu_0xdd6830 -> pdu_0xdd74c8 -> pdu_0xdd8160 -> pdu_0xdd8df8 -> pdu_0xdd9a90 -> pdu_0xdda728 -> pdu_0xddb3c0 -> pdu_0xddc058 -> pdu_0xddccf0 -> pdu_0xddd988 -> pdu_0xdde620 -> pdu_0xddf2b8 -> pdu_0xddff50 -> pdu_0xde0be8 -> pdu_0xde1880 -> pdu_0xde2518 -> pdu_0xde31b0 -> pdu_0xde3e48 -> pdu_0xde4ae0 -> pdu_0xde5778 -> pdu_0xde6410 -> pdu_0xde70a8 -> pdu_0xde7d40 -> pdu_0xde89d8 -> pdu_0xde9670 -> pdu_0xdea308 -> pdu_0xdeafa0 -> pdu_0xdebc38 -> pdu_0xdec8d0 -> pdu_0xded568 -> pdu_0xdee200 -> pdu_0xdeee98 -> pdu_0xdefb30 -> pdu_0xdf07c8 -> pdu_0xdf1460 -> pdu_0xdf20f8 -> pdu_0xdf2d90 -> pdu_0xdf3a28 -> pdu_0xdf46c0 -> pdu_0xdf5358 -> pdu_0xdf5ff0 -> pdu_0xdf6c88 -> pdu_0xdf7920 -> pdu_0xdf85b8 -> pdu_0xdf9250 -> pdu_0xdf9ee8 -> pdu_0xdfab80 -> pdu_0xdfb818 -> pdu_0xdfc4b0 -> pdu_0xdfd148 -> pdu_0xdfdde0 -> pdu_0xdfea78 -> pdu_0xdff710 -> pdu_0xe003a8 -> pdu_0xe01040 -> pdu_0xe01cd8 -> pdu_0xe02970 -> pdu_0xe03608 -> pdu_0xe042a0 -> pdu_0xe04f38 -> pdu_0xe05bd0 -> pdu_0xe06868 -> pdu_0xe07500 -> pdu_0xe08198 -> pdu_0xe08e30 -> pdu_0xe09ac8 -> pdu_0xe0a760 -> pdu_0xe0b3f8 -> pdu_0xe0c090 -> pdu_0xe0cd28 -> pdu_0xe0d9c0 -> pdu_0xe0e658 -> pdu_0xe0f2f0 -> pdu_0xe0ff88 -> pdu_0xe10c20 -> pdu_0xe118b8 -> pdu_0xe12550 -> pdu_0xe131e8 -> pdu_0xe13e80 -> pdu_0xe14b18 -> pdu_0xe157b0 -> pdu_0xe16448 -> pdu_0xe170e0 -> pdu_0xe17d78 -> pdu_0xe18a10 -> pdu_0xe196a8 -> pdu_0xe1a340 -> pdu_0xe1afd8 -> pdu_0xe1bc70 -> pdu_0xe1c908 -> pdu_0xe1d5a0 -> pdu_0xe1e238 -> pdu_0xe1eed0 -> pdu_0xe1fb68 -> pdu_0xe20800 -> pdu_0xe21498 -> pdu_0xe22130 -> pdu_0xe22dc8 -> pdu_0xe23a60 -> pdu_0xe246f8 -> pdu_0xe25390 -> pdu_0xe26028 -> pdu_0xe26cc0 -> pdu_0xe27958 -> pdu_0xe285f0 -> pdu_0xe29288 -> pdu_0xe29f20 -> pdu_0xe2abb8 -> pdu_0xe2b850 -> pdu_0xe2c4e8 -> pdu_0xe2d180 -> pdu_0xe2de18 -> pdu_0xe2eab0 -> pdu_0xe2f748 -> pdu_0xe303e0 -> pdu_0xe31078 -> pdu_0xe31d10 -> pdu_0xe329a8 -> pdu_0xe33640 -> pdu_0xe342d8 -> pdu_0xe34f70 -> pdu_0xe35c08 -> pdu_0xe368a0 -> pdu_0xe37538 -> pdu_0xe381d0 -> pdu_0xe38e68 -> pdu_0xe39b00 -> pdu_0xe3a798 -> pdu_0xe3b430 -> pdu_0xe3c0c8 -> pdu_0xe3cd60 -> pdu_0xe3d9f8 -> pdu_0xe3e690 -> pdu_0xe3f328 -> pdu_0xe3ffc0 -> pdu_0xe40c58 -> pdu_0xe418f0 -> pdu_0xe42588 -> pdu_0xe43220 -> pdu_0xe43eb8 -> pdu_0xe44b50 -> pdu_0xe457e8 -> pdu_0xe46480 -> pdu_0xe47118 -> pdu_0xe47db0 -> pdu_0xe48a48 -> pdu_0xe496e0 -> pdu_0xe4a378 -> pdu_0xe4b010 -> pdu_0xe4bca8 -> pdu_0xe4c940 -> pdu_0xe4d5d8 -> pdu_0xe4e270 -> pdu_0xe4ef08 -> pdu_0xe4fba0 -> pdu_0xe50838 -> pdu_0xe514d0 -> pdu_0xe52168 -> pdu_0xe52e00 -> pdu_0xe53a98 -> pdu_0xe54730 -> pdu_0xe553c8 -> pdu_0xe56060 -> pdu_0xe56cf8 -> pdu_0xe57990 -> pdu_0xe58628 -> pdu_0xe592c0 -> pdu_0xe59f58 -> pdu_0xe5abf0 -> pdu_0xe5b888 -> pdu_0xe5c520 -> pdu_0xe5d1b8 -> pdu_0xe5de50 -> pdu_0xe5eae8 -> pdu_0xe5f780 -> pdu_0xe60418 -> pdu_0xe610b0 -> pdu_0xe61d48 -> pdu_0xe629e0 -> pdu_0xe63678 -> pdu_0xe64310 -> pdu_0xe64fa8 -> pdu_0xe65c40 -> pdu_0xe668d8 -> pdu_0xe67570 -> pdu_0xe68208 -> pdu_0xe68ea0 -> pdu_0xe69b38 -> pdu_0xe6a7d0 -> pdu_0xe6b468 -> pdu_0xe6c100 -> pdu_0xe6cd98 -> pdu_0xe6da30 -> pdu_0xe6e6c8 -> pdu_0xe6f360 -> pdu_0xe6fff8 -> pdu_0xe70c90 -> pdu_0xe71928 -> pdu_0xe725c0 -> pdu_0xe73258 -> pdu_0xe73ef0 -> pdu_0xe74b88 -> pdu_0xe75820 -> pdu_0xe764b8 -> pdu_0xe77150 -> pdu_0xe77de8 -> pdu_0xe78a80 -> pdu_0xe79718 -> pdu_0xe7a3b0 -> pdu_0xe7b048 -> pdu_0xe7bce0 -> pdu_0xe7c978 -> pdu_0xe7d610 -> pdu_0xe7e2a8 -> pdu_0xe7ef40 -> pdu_0xe7fbd8 -> pdu_0xe80870 -> pdu_0xe81508 -> pdu_0xe821a0 -> pdu_0xe82e38 -> pdu_0xe83ad0 -> pdu_0xe84768 -> pdu_0xe85400 -> pdu_0xe86098 -> pdu_0xe86d30 -> pdu_0xe879c8 -> pdu_0xe88660 -> pdu_0xe892f8 -> pdu_0xe89f90 -> pdu_0xe8ac28 -> pdu_0xe8b8c0 -> pdu_0xe8c558 -> pdu_0xe8d1f0 -> pdu_0xe8de88 -> pdu_0xe8eb20 -> pdu_0xe8f7b8 -> pdu_0xe90450 -> pdu_0xe910e8 -> pdu_0xe91d80 -> pdu_0xe92a18 -> pdu_0xe936b0 -> pdu_0xe94348 -> pdu_0xe94fe0 -> pdu_0xe95c78 -> pdu_0xe96910 -> pdu_0xe975a8 -> pdu_0xe98240 -> pdu_0xe98ed8 -> pdu_0xe99b70 -> pdu_0xe9a808 -> pdu_0xe9b4a0 -> pdu_0xe9c138 -> pdu_0xe9cdd0 -> pdu_0xe9da68 -> pdu_0xe9e700 -> pdu_0xe9f398 -> pdu_0xea0030 -> pdu_0xea0cc8 -> pdu_0xea1960 -> pdu_0xea25f8 -> pdu_0xea3290 -> pdu_0xea3f28 -> pdu_0xea4bc0 -> pdu_0xea5858 -> pdu_0xea64f0 -> pdu_0xea7188 -> pdu_0xea7e20 -> pdu_0xea8ab8 -> pdu_0xea9750 -> pdu_0xeaa3e8 -> pdu_0xeab080 -> pdu_0xeabd18 -> pdu_0xeac9b0 -> pdu_0xead648 -> pdu_0xeae2e0 -> pdu_0xeaef78 -> pdu_0xeafc10 -> pdu_0xeb08a8 -> pdu_0xeb1540 -> pdu_0xeb21d8 -> pdu_0xeb2e70 -> pdu_0xeb3b08 -> pdu_0xeb47a0 -> pdu_0xeb5438 -> pdu_0xeb60d0 -> pdu_0xeb6d68 -> pdu_0xeb7a00 -> pdu_0xeb8698 -> pdu_0xeb9330 -> pdu_0xeb9fc8 -> pdu_0xebac60 -> pdu_0xebb8f8 -> pdu_0xebc590 -> pdu_0xebd228 -> pdu_0xebdec0 -> pdu_0xebeb58 -> pdu_0xebf7f0 -> pdu_0xec0488 -> pdu_0xec1120 -> pdu_0xec1db8 -> pdu_0xec2a50 -> pdu_0xec36e8 -> pdu_0xec4380 -> pdu_0xec5018 -> pdu_0xec5cb0 -> pdu_0xec6948 -> pdu_0xec75e0 -> pdu_0xec8278 -> pdu_0xec8f10 -> pdu_0xec9ba8 -> pdu_0xeca840 -> pdu_0xecb4d8 -> pdu_0xecc170 -> pdu_0xecce08 -> pdu_0xecdaa0 -> pdu_0xece738 -> pdu_0xecf3d0 -> pdu_0xed0068 -> pdu_0xed0d00 -> pdu_0xed1998 -> pdu_0xed2630 -> pdu_0xed32c8 -> pdu_0xed3f60 -> pdu_0xed4bf8 -> pdu_0xed5890 -> pdu_0xed6528 -> pdu_0xed71c0 -> pdu_0xed7e58 -> pdu_0xed8af0 -> pdu_0xed9788 -> pdu_0xeda420 -> pdu_0xedb0b8 -> pdu_0xedbd50 -> pdu_0xedc9e8 -> pdu_0xedd680 -> pdu_0xede318 -> pdu_0xedefb0 -> pdu_0xedfc48 -> pdu_0xee08e0 -> pdu_0xee1578 -> pdu_0xee2210 -> pdu_0xee2ea8 -> pdu_0xee3b40 -> pdu_0xee47d8 -> pdu_0xee5470 -> pdu_0xee6108 -> pdu_0xee6da0 -> pdu_0xee7a38 -> pdu_0xee86d0 -> pdu_0xee9368 -> pdu_0xeea000 -> pdu_0xeeac98 -> pdu_0xeeb930 -> pdu_0xeec5c8 -> pdu_0xeed260 -> pdu_0xeedef8 -> pdu_0xeeeb90 -> pdu_0xeef828 -> pdu_0xef04c0 -> pdu_0xef1158 -> pdu_0xef1df0 -> pdu_0xef2a88 -> pdu_0xef3720 -> pdu_0xef43b8 -> pdu_0xef5050 -> pdu_0xef5ce8 -> pdu_0xef6980 -> pdu_0xef7618 -> pdu_0xef82b0 -> pdu_0xef8f48 -> pdu_0xef9be0 -> pdu_0xefa878 -> pdu_0xefb510 -> pdu_0xefc1a8 -> pdu_0xefce40 -> pdu_0xefdad8 -> pdu_0xefe770 -> pdu_0xeff408 -> pdu_0xf000a0 -> pdu_0xf00d38 -> pdu_0xf019d0 -> pdu_0xf02668 -> pdu_0xf03300 -> pdu_0xf03f98 -> pdu_0xf04c30 -> pdu_0xf058c8 -> pdu_0xf06560 -> pdu_0xf071f8 -> pdu_0xf07e90 -> pdu_0xf08b28 -> pdu_0xf097c0 -> pdu_0xf0a458 -> pdu_0xf0b0f0 -> pdu_0xf0bd88 -> pdu_0xf0ca20 -> pdu_0xf0d6b8 -> pdu_0xf0e350 -> pdu_0xf0efe8 -> pdu_0xf0fc80 -> pdu_0xf10918 -> pdu_0xf115b0 -> pdu_0xf12248 -> pdu_0xf12ee0 -> pdu_0xf13b78 -> pdu_0xf14810 -> pdu_0xf154a8 -> pdu_0xf16140 -> pdu_0xf16dd8 -> pdu_0xf17a70 -> pdu_0xf18708 -> pdu_0xf193a0 -> pdu_0xf1a038 -> pdu_0xf1acd0 -> pdu_0xf1b968 -> pdu_0xf1c600 -> pdu_0xf1d298 -> pdu_0xf1df30 -> pdu_0xf1ebc8 -> pdu_0xf1f860 -> pdu_0xf204f8 -> pdu_0xf21190 -> pdu_0xf21e28 -> pdu_0xf22ac0 -> pdu_0xf23758 -> pdu_0xf243f0 -> pdu_0xf25088 -> pdu_0xf25d20 -> pdu_0xf269b8 -> pdu_0xf27650 -> pdu_0xf282e8 -> pdu_0xf28f80 -> pdu_0xf29c18 -> pdu_0xf2a8b0 -> pdu_0xf2b548 -> pdu_0xf2c1e0 -> pdu_0xf2ce78 -> pdu_0xf2db10 -> pdu_0xf2e7a8 -> pdu_0xf2f440 -> pdu_0xf300d8 -> pdu_0xf30d70 -> pdu_0xf31a08 -> pdu_0xf326a0 -> pdu_0xf33338 -> pdu_0xf33fd0 -> pdu_0xf34c68 -> pdu_0xf35900 -> pdu_0xf36598 -> pdu_0xf37230 -> pdu_0xf37ec8 -> pdu_0xf38b60 -> pdu_0xf397f8 -> pdu_0xf3a490 -> pdu_0xf3b128 -> pdu_0xf3bdc0 -> pdu_0xf3ca58 -> pdu_0xf3d6f0 -> pdu_0xf3e388 -> pdu_0xf3f020 -> pdu_0xf3fcb8 -> pdu_0xf40950 -> pdu_0xf415e8 -> pdu_0xf42280 -> pdu_0xf42f18 -> pdu_0xf43bb0 -> pdu_0xf44848 -> pdu_0xf454e0 -> pdu_0xf46178 -> pdu_0xf46e10 -> pdu_0xf47aa8 -> pdu_0xf48740 -> pdu_0xf493d8 -> pdu_0xf4a070 -> pdu_0xf4ad08 -> pdu_0xf4b9a0 -> pdu_0xf4c638 -> pdu_0xf4d2d0 -> pdu_0xf4df68 -> pdu_0xf4ec00 -> pdu_0xf4f898 -> pdu_0xf50530 -> pdu_0xf511c8 -> pdu_0xf51e60 -> pdu_0xf52af8 -> pdu_0xf53790 -> pdu_0xf54428 -> pdu_0xf550c0 -> pdu_0xf55d58 -> pdu_0xf569f0 -> pdu_0xf57688 -> pdu_0xf58320 -> pdu_0xf58fb8 -> pdu_0xf59c50 -> pdu_0xf5a8e8 -> pdu_0xf5b580 -> pdu_0xf5c218 -> pdu_0xf5ceb0 -> pdu_0xf5db48 -> pdu_0xf5e7e0 -> pdu_0xf5f478 -> pdu_0xf60110 -> pdu_0xf60da8 -> pdu_0xf61a40 -> pdu_0xf626d8 -> pdu_0xf63370 -> pdu_0xf64008 -> pdu_0xf64ca0 -> pdu_0xf65938 -> pdu_0xf665d0 -> pdu_0xf67268 -> pdu_0xf67f00 -> pdu_0xf68b98 -> pdu_0xf69830 -> pdu_0xf6a4c8 -> pdu_0xf6b160 -> pdu_0xf6bdf8 -> pdu_0xf6ca90 -> pdu_0xf6d728 -> pdu_0xf6e3c0 -> pdu_0xf6f058 -> pdu_0xf6fcf0 -> pdu_0xf70988 -> pdu_0xf71620 -> pdu_0xf722b8 -> pdu_0xf72f50 -> pdu_0xf73be8 -> pdu_0xf74880 -> pdu_0xf75518 -> pdu_0xf761b0 -> pdu_0xf76e48 -> pdu_0xf77ae0 -> pdu_0xf78778 -> pdu_0xf79410 -> pdu_0xf7a0a8 -> pdu_0xf7ad40 -> pdu_0xf7b9d8 -> pdu_0xf7c670 -> pdu_0xf7d308 -> pdu_0xf7dfa0 -> pdu_0xf7ec38 -> pdu_0xf7f8d0 -> pdu_0xf80568 -> pdu_0xf81200 -> pdu_0xf81e98 -> pdu_0xf82b30 -> pdu_0xf837c8 -> pdu_0xf84460 -> pdu_0xf850f8 -> pdu_0xf85d90 -> pdu_0xf86a28 -> pdu_0xf876c0 -> pdu_0xf88358 -> pdu_0xf88ff0 -> pdu_0xf89c88 -> pdu_0xf8a920 -> pdu_0xf8b5b8 -> pdu_0xf8c250 -> pdu_0xf8cee8 -> pdu_0xf8db80 -> pdu_0xf8e818 -> pdu_0xf8f4b0 -> pdu_0xf90148 -> pdu_0xf90de0 -> pdu_0xf91a78 -> pdu_0xf92710 -> pdu_0xf933a8 -> pdu_0xf94040 -> pdu_0xf94cd8 -> pdu_0xf95970 -> pdu_0xf96608 -> pdu_0xf972a0 -> pdu_0xf97f38 -> pdu_0xf98bd0 -> pdu_0xf99868 -> pdu_0xf9a500 -> pdu_0xf9b198 -> pdu_0xf9be30 -> pdu_0xf9cac8 -> pdu_0xf9d760 -> pdu_0xf9e3f8 -> pdu_0xf9f090 -> pdu_0xf9fd28 -> pdu_0xfa09c0 -> pdu_0xfa1658 -> pdu_0xfa22f0 -> pdu_0xfa2f88 -> pdu_0xfa3c20 -> pdu_0xfa48b8 -> pdu_0xfa5550 -> pdu_0xfa61e8 -> pdu_0xfa6e80 -> pdu_0xfa7b18 -> pdu_0xfa87b0 -> pdu_0xfa9448 -> pdu_0xfaa0e0 -> pdu_0xfaad78 -> pdu_0xfaba10 -> pdu_0xfac6a8 -> pdu_0xfad340 -> pdu_0xfadfd8 -> pdu_0xfaec70 -> pdu_0xfaf908 -> pdu_0xfb05a0 -> pdu_0xfb1238 -> pdu_0xfb1ed0 -> pdu_0xfb2b68 -> pdu_0xfb3800 -> pdu_0xfb4498 -> pdu_0xfb5130 -> pdu_0xfb5dc8 -> pdu_0xfb6a60 -> pdu_0xfb76f8 -> pdu_0xfb8390 -> pdu_0xfb9028 -> pdu_0xfb9cc0 -> pdu_0xfba958 -> pdu_0xfbb5f0 -> pdu_0xfbc288 -> pdu_0xfbcf20 -> pdu_0xfbdbb8 -> pdu_0xfbe850 -> pdu_0xfbf4e8 -> pdu_0xfc0180 -> pdu_0xfc0e18 -> pdu_0xfc1ab0 -> pdu_0xfc2748 -> pdu_0xfc33e0 -> pdu_0xfc4078 -> pdu_0xfc4d10 -> pdu_0xfc59a8 -> pdu_0xfc6640 -> pdu_0xfc72d8 -> pdu_0xfc7f70 -> pdu_0xfc8c08 -> pdu_0xfc98a0 -> pdu_0xfca538 -> pdu_0xfcb1d0 -> pdu_0xfcbe68 -> pdu_0xfccb00 -> pdu_0xfcd798 -> pdu_0xfce430 -> pdu_0xfcf0c8 -> pdu_0xfcfd60 -> pdu_0xfd09f8 -> pdu_0xfd1690 -> pdu_0xfd2328 -> pdu_0xfd2fc0 -> pdu_0xfd3c58 -> pdu_0xfd48f0 -> pdu_0xfd5588 -> pdu_0xfd6220 -> pdu_0xfd6eb8 -> pdu_0xfd7b50 -> pdu_0xfd87e8 -> pdu_0xfd9480 -> pdu_0xfda118 -> pdu_0xfdadb0 -> pdu_0xfdba48 -> pdu_0xfdc6e0 -> pdu_0xfdd378 -> pdu_0xfde010 -> pdu_0xfdeca8 -> pdu_0xfdf940 -> pdu_0xfe05d8 -> pdu_0xfe1270 -> pdu_0xfe1f08 -> pdu_0xfe2ba0 -> pdu_0xfe3838 -> pdu_0xfe44d0 -> pdu_0xfe5168 -> pdu_0xfe5e00 -> pdu_0xfe6a98 -> pdu_0xfe7730 -> pdu_0xfe83c8 -> pdu_0xfe9060 -> pdu_0xfe9cf8 -> pdu_0xfea990 -> pdu_0xfeb628 -> pdu_0xfec2c0 -> pdu_0xfecf58 -> pdu_0xfedbf0 -> pdu_0xfee888 -> pdu_0xfef520 -> pdu_0xff01b8 -> pdu_0xff0e50 -> pdu_0xff1ae8 -> pdu_0xff2780 -> pdu_0xff3418 -> pdu_0xff40b0 -> pdu_0xff4d48 -> pdu_0xff59e0 -> pdu_0xff6678 -> pdu_0xff7310 -> pdu_0xff7fa8 -> pdu_0xff8c40 -> pdu_0xff98d8 -> pdu_0xffa570 -> pdu_0xffb208 -> pdu_0xffbea0 -> pdu_0xffcb38 -> pdu_0xffd7d0 -> pdu_0xffe468 -> pdu_0xfff100 -> pdu_0xfffd98 -> pdu_0x1000a30 -> pdu_0x10016c8 -> pdu_0x1002360 -> pdu_0x1002ff8 -> pdu_0x1003c90 -> pdu_0x1004928 -> pdu_0x10055c0 -> pdu_0x1006258 -> pdu_0x1006ef0 -> pdu_0x1007b88 -> pdu_0x1008820 -> pdu_0x10094b8 -> pdu_0x100a150 -> pdu_0x100ade8 -> pdu_0x100ba80 -> pdu_0x100c718 -> pdu_0x100d3b0 -> pdu_0x100e048 -> pdu_0x100ece0 -> pdu_0x100f978 -> pdu_0x1010610 -> pdu_0x10112a8 -> pdu_0x1011f40 -> pdu_0x1012bd8 -> pdu_0x1013870 -> pdu_0x1014508 -> pdu_0x10151a0 -> pdu_0x1015e38 -> pdu_0x1016ad0 -> pdu_0x1017768 -> pdu_0x1018400 -> pdu_0x1019098 -> pdu_0x1019d30 -> pdu_0x101a9c8 -> pdu_0x101b660 -> pdu_0x101c2f8 -> pdu_0x101cf90 -> pdu_0x101dc28 -> pdu_0x101e8c0 -> pdu_0x101f558 -> pdu_0x10201f0 -> pdu_0x1020e88 -> pdu_0x1021b20 -> pdu_0x10227b8 -> pdu_0x1023450 -> pdu_0x10240e8 -> pdu_0x1024d80 -> pdu_0x1025a18 -> pdu_0x10266b0 -> pdu_0x1027348 -> pdu_0x1027fe0 -> pdu_0x1028c78 -> pdu_0x1029910 -> pdu_0x102a5a8 -> pdu_0x102b240 -> pdu_0x102bed8 -> pdu_0x102cb70 -> pdu_0x102d808 -> pdu_0x102e4a0 -> pdu_0x102f138 -> pdu_0x102fdd0 -> pdu_0x1030a68 -> pdu_0x1031700 -> pdu_0x1032398 -> pdu_0x1033030 -> pdu_0x1033cc8 -> pdu_0x1034960 -> pdu_0x10355f8 -> pdu_0x1036290 -> pdu_0x1036f28 -> pdu_0x1037bc0 -> pdu_0x1038858 -> pdu_0x10394f0 -> pdu_0x103a188 -> pdu_0x103ae20 -> pdu_0x103bab8 -> pdu_0x103c750 -> pdu_0x103d3e8 -> pdu_0x103e080 -> pdu_0x103ed18 -> pdu_0x103f9b0 -> pdu_0x1040648 -> pdu_0x10412e0 -> pdu_0x1041f78 -> pdu_0x1042c10 -> pdu_0x10438a8 -> pdu_0x1044540 -> pdu_0x10451d8 -> pdu_0x1045e70 -> pdu_0x1046b08 -> pdu_0x10477a0 -> pdu_0x1048438 -> pdu_0x10490d0 -> pdu_0x1049d68 -> pdu_0x104aa00 -> pdu_0x104b698 -> pdu_0x104c330 -> pdu_0x104cfc8 -> pdu_0x104dc60 -> pdu_0x104e8f8 -> pdu_0x104f590 -> pdu_0x1050228 -> pdu_0x1050ec0 -> pdu_0x1051b58 -> pdu_0x10527f0 -> pdu_0x1053488 -> pdu_0x1054120 -> pdu_0x1054db8 -> pdu_0x1055a50 -> pdu_0x10566e8 -> pdu_0x1057380 -> pdu_0x1058018 -> pdu_0x1058cb0 -> pdu_0x1059948 -> pdu_0x105a5e0 -> pdu_0x105b278 -> pdu_0x105bf10 -> pdu_0x105cba8 -> pdu_0x105d840 -> pdu_0x105e4d8 -> pdu_0x105f170 -> pdu_0x105fe08 -> pdu_0x1060aa0 -> pdu_0x1061738 -> pdu_0x10623d0 -> pdu_0x1063068 -> pdu_0x1063d00 -> pdu_0x1064998 -> pdu_0x1065630 -> pdu_0x10662c8 -> pdu_0x1066f60 -> pdu_0x1067bf8 -> pdu_0x1068890 -> pdu_0x1069528 -> pdu_0x106a1c0 -> pdu_0x106ae58 -> pdu_0x106baf0 -> pdu_0x106c788 -> pdu_0x106d420 -> pdu_0x106e0b8 -> pdu_0x106ed50 -> pdu_0x106f9e8 -> pdu_0x1070680 -> pdu_0x1071318 -> pdu_0x1071fb0 -> pdu_0x1072c48 -> pdu_0x10738e0 -> pdu_0x1074578 -> pdu_0x1075210 -> pdu_0x1075ea8 -> pdu_0x1076b40 -> pdu_0x10777d8 -> pdu_0x1078470 -> pdu_0x1079108 -> pdu_0x1079da0 -> pdu_0x107aa38 -> pdu_0x107b6d0 -> pdu_0x107c368 -> pdu_0x107d000 -> pdu_0x107dc98 -> pdu_0x107e930 -> pdu_0x107f5c8 -> pdu_0x1080260 -> pdu_0x1080ef8 -> pdu_0x1081b90 -> pdu_0x1082828 -> pdu_0x10834c0 -> pdu_0x1084158 -> pdu_0x1084df0 -> pdu_0x1085a88 -> pdu_0x1086720 -> pdu_0x10873b8 -> pdu_0x1088050 -> pdu_0x1088ce8 -> pdu_0x1089980 -> pdu_0x108a618 -> pdu_0x108b2b0 -> pdu_0x108bf48 -> pdu_0x108cbe0 -> pdu_0x108d878 -> pdu_0x108e510 -> pdu_0x108f1a8 -> pdu_0x108fe40 -> pdu_0x1090ad8 -> pdu_0x1091770 -> pdu_0x1092408 -> pdu_0x10930a0 -> pdu_0x1093d38 -> pdu_0x10949d0 -> pdu_0x1095668 -> pdu_0x1096300 -> pdu_0x1096f98 -> pdu_0x1097c30 -> pdu_0x10988c8 -> pdu_0x1099560 -> pdu_0x109a1f8 -> pdu_0x109ae90 -> pdu_0x109bb28 -> pdu_0x109c7c0 -> pdu_0x109d458 -> pdu_0x109e0f0 -> pdu_0x109ed88 -> pdu_0x109fa20 -> pdu_0x10a06b8 -> pdu_0x10a1350 -> pdu_0x10a1fe8 -> pdu_0x10a2c80 -> pdu_0x10a3918 -> pdu_0x10a45b0 -> pdu_0x10a5248 -> pdu_0x10a5ee0 -> pdu_0x10a6b78 -> pdu_0x10a7810 -> pdu_0x10a84a8 -> pdu_0x10a9140 -> pdu_0x10a9dd8 -> pdu_0x10aaa70 -> pdu_0x10ab708 -> pdu_0x10ac3a0 -> pdu_0x10ad038 -> pdu_0x10adcd0 -> pdu_0x10ae968 -> pdu_0x10af600 -> pdu_0x10b0298 -> pdu_0x10b0f30 -> pdu_0x10b1bc8 -> pdu_0x10b2860 -> pdu_0x10b34f8 -> pdu_0x10b4190 -> pdu_0x10b4e28 -> pdu_0x10b5ac0 -> pdu_0x10b6758 -> pdu_0x10b73f0 -> pdu_0x10b8088 -> pdu_0x10b8d20 -> pdu_0x10b99b8 -> pdu_0x10ba650 -> pdu_0x10bb2e8 -> pdu_0x10bbf80 -> pdu_0x10bcc18 -> pdu_0x10bd8b0 -> pdu_0x10be548 -> pdu_0x10bf1e0 -> pdu_0x10bfe78 -> pdu_0x10c0b10 -> pdu_0x10c17a8 -> pdu_0x10c2440 -> pdu_0x10c30d8 -> pdu_0x10c3d70 -> pdu_0x10c4a08 -> pdu_0x10c56a0 -> pdu_0x10c6338 -> pdu_0x10c6fd0 -> pdu_0x10c7c68 -> pdu_0x10c8900 -> pdu_0x10c9598 -> pdu_0x10ca230 -> pdu_0x10caec8 -> pdu_0x10cbb60 -> pdu_0x10cc7f8 -> pdu_0x10cd490 -> pdu_0x10ce128 -> pdu_0x10cedc0 -> pdu_0x10cfa58 -> pdu_0x10d06f0 -> pdu_0x10d1388 -> pdu_0x10d2020 -> pdu_0x10d2cb8 -> pdu_0x10d3950 -> pdu_0x10d45e8 -> pdu_0x10d5280 -> pdu_0x10d5f18 -> pdu_0x10d6bb0 -> pdu_0x10d7848 -> pdu_0x10d84e0 -> pdu_0x10d9178 -> pdu_0x10d9e10 -> pdu_0x10daaa8 -> pdu_0x10db740 -> pdu_0x10dc3d8 -> pdu_0x10dd070 -> pdu_0x10ddd08 -> pdu_0x10de9a0 -> pdu_0x10df638 -> pdu_0x10e02d0 -> pdu_0x10e0f68 -> pdu_0x10e1c00 -> pdu_0x10e2898 -> pdu_0x10e3530 -> pdu_0x10e41c8 -> pdu_0x10e4e60 -> pdu_0x10e5af8 -> pdu_0x10e6790 -> pdu_0x10e7428 -> pdu_0x10e80c0 -> pdu_0x10e8d58 -> pdu_0x10e99f0 -> pdu_0x10ea688 -> pdu_0x10eb320 -> pdu_0x10ebfb8 -> pdu_0x10ecc50 -> pdu_0x10ed8e8 -> pdu_0x10ee580 -> pdu_0x10ef218 -> pdu_0x10efeb0 -> pdu_0x10f0b48 -> pdu_0x10f17e0 -> pdu_0x10f2478 -> pdu_0x10f3110 -> pdu_0x10f3da8 -> pdu_0x10f4a40 -> pdu_0x10f56d8 -> pdu_0x10f6370 -> pdu_0x10f7008 -> pdu_0x10f7ca0 -> pdu_0x10f8938 -> pdu_0x10f95d0 -> pdu_0x10fa268 -> pdu_0x10faf00 -> pdu_0x10fbb98 -> pdu_0x10fc830 -> pdu_0x10fd4c8 -> pdu_0x10fe160 -> pdu_0x10fedf8 -> pdu_0x10ffa90 -> pdu_0x1100728 -> pdu_0x11013c0 -> pdu_0x1102058 -> pdu_0x1102cf0 -> pdu_0x1103988 -> pdu_0x1104620 -> pdu_0x11052b8 -> pdu_0x1105f50 -> pdu_0x1106be8 -> pdu_0x1107880 -> pdu_0x1108518 -> pdu_0x11091b0 -> pdu_0x1109e48 -> pdu_0x110aae0 -> pdu_0x110b778 -> pdu_0x110c410 -> pdu_0x110d0a8 -> pdu_0x110dd40 -> pdu_0x110e9d8 -> pdu_0x110f670 -> pdu_0x1110308 -> pdu_0x1110fa0 -> pdu_0x1111c38 -> pdu_0x11128d0 -> pdu_0x1113568 -> pdu_0x1114200 -> pdu_0x1114e98 -> pdu_0x1115b30 -> pdu_0x11167c8 -> pdu_0x1117460 -> pdu_0x11180f8 -> pdu_0x1118d90 -> pdu_0x1119a28 -> pdu_0x111a6c0 -> pdu_0x111b358 -> pdu_0x111bff0 -> pdu_0x111cc88 -> pdu_0x111d920 -> pdu_0x111e5b8 -> pdu_0x111f250 -> pdu_0x111fee8 -> pdu_0x1120b80 -> pdu_0x1121818 -> pdu_0x11224b0 -> pdu_0x1123148 -> pdu_0x1123de0 -> pdu_0x1124a78 -> pdu_0x1125710 -> pdu_0x11263a8 -> pdu_0x1127040 -> pdu_0x1127cd8 -> pdu_0x1128970 -> pdu_0x1129608 -> pdu_0x112a2a0 -> pdu_0x112af38 -> pdu_0x112bbd0 -> pdu_0x112c868 -> pdu_0x112d500 -> pdu_0x112e198 -> pdu_0x112ee30 -> pdu_0x112fac8 -> pdu_0x1130760 -> pdu_0x11313f8 -> pdu_0x1132090 -> pdu_0x1132d28 -> pdu_0x11339c0 -> pdu_0x1134658 -> pdu_0x11352f0 -> pdu_0x1135f88 -> pdu_0x1136c20 -> pdu_0x11378b8 -> pdu_0x1138550 -> pdu_0x11391e8 -> pdu_0x1139e80 -> pdu_0x113ab18 -> pdu_0x113b7b0 -> pdu_0x113c448 -> pdu_0x113d0e0 -> pdu_0x113dd78 -> pdu_0x113ea10 -> pdu_0x113f6a8 -> pdu_0x1140340 -> pdu_0x1140fd8 -> pdu_0x1141c70 -> pdu_0x1142908 -> pdu_0x11435a0 -> pdu_0x1144238 -> pdu_0x1144ed0 -> pdu_0x1145b68 -> pdu_0x1146800 -> pdu_0x1147498 -> pdu_0x1148130 -> pdu_0x1148dc8 -> pdu_0x1149a60 -> pdu_0x114a6f8 -> pdu_0x114b390 -> pdu_0x114c028 -> pdu_0x114ccc0 -> pdu_0x114d958 -> pdu_0x114e5f0 -> pdu_0x114f288 -> pdu_0x114ff20 -> pdu_0x1150bb8 -> pdu_0x1151850 -> pdu_0x11524e8 -> pdu_0x1153180 -> pdu_0x1153e18 -> pdu_0x1154ab0 -> pdu_0x1155748 -> pdu_0x11563e0 -> pdu_0x1157078 -> pdu_0x1157d10 -> pdu_0x11589a8 -> pdu_0x1159640 -> pdu_0x115a2d8 -> pdu_0x115af70 -> pdu_0x115bc08 -> pdu_0x115c8a0 -> pdu_0x115d538 -> pdu_0x115e1d0 -> pdu_0x115ee68 -> pdu_0x115fb00 -> pdu_0x1160798 -> pdu_0x1161430 -> pdu_0x11620c8 -> pdu_0x1162d60 -> pdu_0x11639f8 -> pdu_0x1164690 -> pdu_0x1165328 -> pdu_0x1165fc0 -> pdu_0x1166c58 -> pdu_0x11678f0 -> pdu_0x1168588 -> pdu_0x1169220 -> pdu_0x1169eb8 -> pdu_0x116ab50 -> pdu_0x116b7e8 -> pdu_0x116c480 -> pdu_0x116d118 -> pdu_0x116ddb0 -> pdu_0x116ea48 -> pdu_0x116f6e0 -> pdu_0x1170378 -> pdu_0x1171010 -> pdu_0x1171ca8 -> pdu_0x1172940 -> pdu_0x11735d8 -> pdu_0x1174270 -> pdu_0x1174f08 -> pdu_0x1175ba0 -> pdu_0x1176838 -> pdu_0x11774d0 -> pdu_0x1178168 -> pdu_0x1178e00 -> pdu_0x1179a98 -> pdu_0x117a730 -> pdu_0x117b3c8 -> pdu_0x117c060 -> pdu_0x117ccf8 -> pdu_0x117d990 -> pdu_0x117e628 -> pdu_0x117f2c0 -> pdu_0x117ff58 -> pdu_0x1180bf0 -> pdu_0x1181888 -> pdu_0x1182520 -> pdu_0x11831b8 -> pdu_0x1183e50 -> pdu_0x1184ae8 -> pdu_0x1185780 -> pdu_0x1186418 -> pdu_0x11870b0 -> pdu_0x1187d48 -> pdu_0x11889e0 -> pdu_0x1189678 -> pdu_0x118a310 -> pdu_0x118afa8 -> pdu_0x118bc40 -> pdu_0x118c8d8 -> pdu_0x118d570 -> pdu_0x118e208 -> pdu_0x118eea0 -> pdu_0x118fb38 -> pdu_0x11907d0 -> pdu_0x1191468 -> pdu_0x1192100 -> pdu_0x1192d98 -> pdu_0x1193a30 -> pdu_0x11946c8 -> pdu_0x1195360 -> pdu_0x1195ff8 -> pdu_0x1196c90 -> pdu_0x1197928 -> pdu_0x11985c0 -> pdu_0x1199258 -> pdu_0x1199ef0 -> pdu_0x119ab88 -> pdu_0x119b820 -> pdu_0x119c4b8 -> pdu_0x119d150 -> pdu_0x119dde8 -> pdu_0x119ea80 -> pdu_0x119f718 -> pdu_0x11a03b0 -> pdu_0x11a1048 -> pdu_0x11a1ce0 -> pdu_0x11a2978 -> pdu_0x11a3610 -> pdu_0x11a42a8 -> pdu_0x11a4f40 -> pdu_0x11a5bd8 -> pdu_0x11a6870 -> pdu_0x11a7508 -> pdu_0x11a81a0 -> pdu_0x11a8e38 -> pdu_0x11a9ad0 -> pdu_0x11aa768 -> pdu_0x11ab400 -> pdu_0x11ac098 -> pdu_0x11acd30 -> pdu_0x11ad9c8 -> pdu_0x11ae660 -> pdu_0x11af2f8 -> pdu_0x11aff90 -> pdu_0x11b0c28 -> pdu_0x11b18c0 -> pdu_0x11b2558 -> pdu_0x11b31f0 -> pdu_0x11b3e88 -> pdu_0x11b4b20 -> pdu_0x11b57b8 -> pdu_0x11b6450 -> pdu_0x11b70e8 -> pdu_0x11b7d80 -> pdu_0x11b8a18 -> pdu_0x11b96b0 -> pdu_0x11ba348 -> pdu_0x11bafe0 -> pdu_0x11bbc78 -> pdu_0x11bc910 -> pdu_0x11bd5a8 -> pdu_0x11be240 -> pdu_0x11beed8 -> pdu_0x11bfb70 -> pdu_0x11c0808 -> pdu_0x11c14a0 -> pdu_0x11c2138 -> pdu_0x11c2dd0 -> pdu_0x11c3a68 -> pdu_0x11c4700 -> pdu_0x11c5398 -> pdu_0x11c6030 -> pdu_0x11c6cc8 -> pdu_0x11c7960 -> pdu_0x11c85f8 -> pdu_0x11c9290 -> pdu_0x11c9f28 -> pdu_0x11cabc0 -> pdu_0x11cb858 -> pdu_0x11cc4f0 -> pdu_0x11cd188 -> pdu_0x11cde20 -> pdu_0x11ceab8 -> pdu_0x11cf750 -> pdu_0x11d03e8 -> pdu_0x11d1080 -> pdu_0x11d1d18 -> pdu_0x11d29b0 -> pdu_0x11d3648 -> pdu_0x11d42e0 -> pdu_0x11d4f78 -> pdu_0x11d5c10 -> pdu_0x11d68a8 -> pdu_0x11d7540 -> pdu_0x11d81d8 -> pdu_0x11d8e70 -> pdu_0x11d9b08 -> pdu_0x11da7a0 -> pdu_0x11db438 -> pdu_0x11dc0d0 -> pdu_0x11dcd68 -> pdu_0x11dda00 -> pdu_0x11de698 -> pdu_0x11df330 -> pdu_0x11dffc8 -> pdu_0x11e0c60 -> pdu_0x11e18f8 -> pdu_0x11e2590 -> pdu_0x11e3228 -> pdu_0x11e3ec0 -> pdu_0x11e4b58 -> pdu_0x11e57f0 -> pdu_0x11e6488 -> pdu_0x11e7120 -> pdu_0x11e7db8 -> pdu_0x11e8a50 -> pdu_0x11e96e8 -> pdu_0x11ea380 -> pdu_0x11eb018 -> pdu_0x11ebcb0 -> pdu_0x11ec948 -> pdu_0x11ed5e0 -> pdu_0x11ee278 -> pdu_0x11eef10 -> pdu_0x11efba8 -> pdu_0x11f0840 -> pdu_0x11f14d8 -> pdu_0x11f2170 -> pdu_0x11f2e08 -> pdu_0x11f3aa0 -> pdu_0x11f4738 -> pdu_0x11f53d0 -> pdu_0x11f6068 -> pdu_0x11f6d00 -> pdu_0x11f7998 -> pdu_0x11f8630 -> pdu_0x11f92c8 -> pdu_0x11f9f60 -> pdu_0x11fabf8 -> pdu_0x11fb890 -> pdu_0x11fc528 -> pdu_0x11fd1c0 -> pdu_0x11fde58 -> pdu_0x11feaf0 -> pdu_0x11ff788 -> pdu_0x1200420 -> pdu_0x12010b8 -> pdu_0x1201d50 -> pdu_0x12029e8 -> pdu_0x1203680 -> pdu_0x1204318 -> pdu_0x1204fb0 -> pdu_0x1205c48 -> pdu_0x12068e0 -> pdu_0x1207578 -> pdu_0x1208210 -> pdu_0x1208ea8 -> pdu_0x1209b40 -> pdu_0x120a7d8 -> pdu_0x120b470 -> pdu_0x120c108 -> pdu_0x120cda0 -> pdu_0x120da38 -> pdu_0x120e6d0 -> pdu_0x120f368 -> pdu_0x1210000 -> pdu_0x1210c98 -> pdu_0x1211930 -> pdu_0x12125c8 -> pdu_0x1213260 -> pdu_0x1213ef8 -> pdu_0x1214b90 -> pdu_0x1215828 -> pdu_0x12164c0 -> pdu_0x1217158 -> pdu_0x1217df0 -> pdu_0x1218a88 -> pdu_0x1219720 -> pdu_0x121a3b8 -> pdu_0x121b050 -> pdu_0x121bce8 -> pdu_0x121c980 -> pdu_0x121d618 -> pdu_0x121e2b0 -> pdu_0x121ef48 -> pdu_0x121fbe0 -> pdu_0x1220878 -> pdu_0x1221510 -> pdu_0x12221a8 -> pdu_0x1222e40 -> pdu_0x1223ad8 -> pdu_0x1224770 -> pdu_0x1225408 -> pdu_0x12260a0 -> pdu_0x1226d38 -> pdu_0x12279d0 -> pdu_0x1228668 -> pdu_0x1229300 -> pdu_0x1229f98 -> pdu_0x122ac30 -> pdu_0x122b8c8 -> pdu_0x122c560 -> pdu_0x122d1f8 -> pdu_0x122de90 -> pdu_0x122eb28 -> pdu_0x122f7c0 -> pdu_0x1230458 -> pdu_0x12310f0 -> pdu_0x1231d88 -> pdu_0x1232a20 -> pdu_0x12336b8 -> pdu_0x1234350 -> pdu_0x1234fe8 -> pdu_0x1235c80 -> pdu_0x1236918 -> pdu_0x12375b0 -> pdu_0x1238248 -> pdu_0x1238ee0 -> pdu_0x1239b78 -> pdu_0x123a810 -> pdu_0x123b4a8 -> pdu_0x123c140 -> pdu_0x123cdd8 -> pdu_0x123da70 -> pdu_0x123e708 -> pdu_0x123f3a0 -> pdu_0x1240038 -> pdu_0x1240cd0 -> pdu_0x1241968 -> pdu_0x1242600 -> pdu_0x1243298 -> pdu_0x1243f30 -> pdu_0x1244bc8 -> pdu_0x1245860 -> pdu_0x12464f8 -> pdu_0x1247190 -> pdu_0x1247e28 -> pdu_0x1248ac0 -> pdu_0x1249758 -> pdu_0x124a3f0 -> pdu_0x124b088 -> pdu_0x124bd20 -> pdu_0x124c9b8 -> pdu_0x124d650 -> pdu_0x124e2e8 -> pdu_0x124ef80 -> pdu_0x124fc18 -> pdu_0x12508b0 -> pdu_0x1251548 -> pdu_0x12521e0 -> pdu_0x1252e78 -> pdu_0x1253b10 -> pdu_0x12547a8 -> pdu_0x1255440 -> pdu_0x12560d8 -> pdu_0x1256d70 -> pdu_0x1257a08 -> pdu_0x12586a0 -> pdu_0x1259338 -> pdu_0x1259fd0 -> pdu_0x125ac68 -> pdu_0x125b900 -> pdu_0x125c598 -> pdu_0x125d230 -> pdu_0x125dec8 -> pdu_0x125eb60 -> pdu_0x125f7f8 -> pdu_0x1260490 -> pdu_0x1261128 -> pdu_0x1261dc0 -> pdu_0x1262a58 -> pdu_0x12636f0 -> pdu_0x1264388 -> pdu_0x1265020 -> pdu_0x1265cb8 -> pdu_0x1266950 -> pdu_0x12675e8 -> pdu_0x1268280 -> pdu_0x1268f18 -> pdu_0x1269bb0 -> pdu_0x126a848 -> pdu_0x126b4e0 -> pdu_0x126c178 -> pdu_0x126ce10 -> pdu_0x126daa8 -> pdu_0x126e740 -> pdu_0x126f3d8 -> pdu_0x1270070 -> pdu_0x1270d08 -> pdu_0x12719a0 -> pdu_0x1272638 -> pdu_0x12732d0 -> pdu_0x1273f68 -> pdu_0x1274c00 -> pdu_0x1275898 -> pdu_0x1276530 -> pdu_0x12771c8 -> pdu_0x1277e60 -> pdu_0x1278af8 -> pdu_0x1279790 -> pdu_0x127a428 -> pdu_0x127b0c0 -> pdu_0x127bd58 -> pdu_0x127c9f0 -> pdu_0x127d688 -> pdu_0x127e320 -> pdu_0x127efb8 -> pdu_0x127fc50 -> pdu_0x12808e8 -> pdu_0x1281580 -> pdu_0x1282218 -> pdu_0x1282eb0 -> pdu_0x1283b48 -> pdu_0x12847e0 -> pdu_0x1285478 -> pdu_0x1286110 -> pdu_0x1286da8 -> pdu_0x1287a40 -> pdu_0x12886d8 -> pdu_0x1289370 -> pdu_0x128a008 -> pdu_0x128aca0 -> pdu_0x128b938 -> pdu_0x128c5d0 -> pdu_0x128d268 -> pdu_0x128df00 -> pdu_0x128eb98 -> pdu_0x128f830 -> pdu_0x12904c8 -> pdu_0x1291160 -> pdu_0x1291df8 -> pdu_0x1292a90 -> pdu_0x1293728 -> pdu_0x12943c0 -> pdu_0x1295058 -> pdu_0x1295cf0 -> pdu_0x1296988 -> pdu_0x1297620 -> pdu_0x12982b8 -> pdu_0x1298f50 -> pdu_0x1299be8 -> pdu_0x129a880 -> pdu_0x129b518 -> pdu_0x129c1b0 -> pdu_0x129ce48 -> pdu_0x129dae0 -> pdu_0x129e778 -> pdu_0x129f410 -> pdu_0x12a00a8 -> pdu_0x12a0d40 -> pdu_0x12a19d8 -> pdu_0x12a2670 -> pdu_0x12a3308 -> pdu_0x12a3fa0 -> pdu_0x12a4c38 -> pdu_0x12a58d0 -> pdu_0x12a6568 -> pdu_0x12a7200 -> pdu_0x12a7e98 -> pdu_0x12a8b30 -> pdu_0x12a97c8 -> pdu_0x12aa460 -> pdu_0x12ab0f8 -> pdu_0x12abd90 -> pdu_0x12aca28 -> pdu_0x12ad6c0 -> pdu_0x12ae358 -> pdu_0x12aeff0 -> pdu_0x12afc88 -> pdu_0x12b0920 -> pdu_0x12b15b8 -> pdu_0x12b2250 -> pdu_0x12b2ee8 -> pdu_0x12b3b80 -> pdu_0x12b4818 -> pdu_0x12b54b0 -> pdu_0x12b6148 -> pdu_0x12b6de0 -> pdu_0x12b7a78 -> pdu_0x12b8710 -> pdu_0x12b93a8 -> pdu_0x12ba040 -> pdu_0x12bacd8 -> pdu_0x12bb970 -> pdu_0x12bc608 -> pdu_0x12bd2a0 -> pdu_0x12bdf38 -> pdu_0x12bebd0 -> pdu_0x12bf868 -> pdu_0x12c0500 -> pdu_0x12c1198 -> pdu_0x12c1e30 -> pdu_0x12c2ac8 -> pdu_0x12c3760 -> pdu_0x12c43f8 -> pdu_0x12c5090 -> pdu_0x12c5d28 -> pdu_0x12c69c0 -> pdu_0x12c7658 -> pdu_0x12c82f0 -> pdu_0x12c8f88 -> pdu_0x12c9c20 -> pdu_0x12ca8b8 -> pdu_0x12cb550 -> pdu_0x12cc1e8 -> pdu_0x12cce80 -> pdu_0x12cdb18 -> pdu_0x12ce7b0 -> pdu_0x12cf448 -> pdu_0x12d00e0 -> pdu_0x12d0d78 -> pdu_0x12d1a10 -> pdu_0x12d26a8 -> pdu_0x12d3340 -> pdu_0x12d3fd8 -> pdu_0x12d4c70 -> pdu_0x12d5908 -> pdu_0x12d65a0 -> pdu_0x12d7238 -> pdu_0x12d7ed0 -> pdu_0x12d8b68 -> pdu_0x12d9800 -> pdu_0x12da498 -> pdu_0x12db130 -> pdu_0x12dbdc8 -> pdu_0x12dca60 -> pdu_0x12dd6f8 -> pdu_0x12de390 -> pdu_0x12df028 -> pdu_0x12dfcc0 -> pdu_0x12e0958 -> pdu_0x12e15f0 -> pdu_0x12e2288 -> pdu_0x12e2f20 -> pdu_0x12e3bb8 -> pdu_0x12e4850 -> pdu_0x12e54e8 -> pdu_0x12e6180 -> pdu_0x12e6e18 -> pdu_0x12e7ab0 -> pdu_0x12e8748 -> pdu_0x12e93e0 -> pdu_0x12ea078 -> pdu_0x12ead10 -> pdu_0x12eb9a8 -> pdu_0x12ec640 -> pdu_0x12ed2d8 -> pdu_0x12edf70 -> pdu_0x12eec08 -> pdu_0x12ef8a0 -> pdu_0x12f0538 -> pdu_0x12f11d0 -> pdu_0x12f1e68 -> pdu_0x12f2b00 -> pdu_0x12f3798 -> pdu_0x12f4430 -> pdu_0x12f50c8 -> pdu_0x12f5d60 -> pdu_0x12f69f8 -> pdu_0x12f7690 -> pdu_0x12f8328 -> pdu_0x12f8fc0 -> pdu_0x12f9c58 -> pdu_0x12fa8f0 -> pdu_0x12fb588 -> pdu_0x12fc220 -> pdu_0x12fceb8 -> pdu_0x12fdb50 -> pdu_0x12fe7e8 -> pdu_0x12ff480 -> pdu_0x1300118 -> pdu_0x1300db0 -> pdu_0x1301a48 -> pdu_0x13026e0 -> pdu_0x1303378 -> pdu_0x1304010 -> pdu_0x1304ca8 -> pdu_0x1305940 -> pdu_0x13065d8 -> pdu_0x1307270 -> pdu_0x1307f08 -> pdu_0x1308ba0 -> pdu_0x1309838 -> pdu_0x130a4d0 -> pdu_0x130b168 -> pdu_0x130be00 -> pdu_0x130ca98 -> pdu_0x130d730 -> pdu_0x130e3c8 -> pdu_0x130f060 -> pdu_0x130fcf8 -> pdu_0x1310990 -> pdu_0x1311628 -> pdu_0x13122c0 -> pdu_0x1312f58 -> pdu_0x1313bf0 -> pdu_0x1314888 -> pdu_0x1315520 -> pdu_0x13161b8 -> pdu_0x1316e50 -> pdu_0x1317ae8 -> pdu_0x1318780 -> pdu_0x1319418 -> pdu_0x131a0b0 -> pdu_0x131ad48 -> pdu_0x131b9e0 -> pdu_0x131c678 -> pdu_0x131d310 -> pdu_0x131dfa8 -> pdu_0x131ec40 -> pdu_0x131f8d8 -> pdu_0x1320570 -> pdu_0x1321208 -> pdu_0x1321ea0 -> pdu_0x1322b38 -> pdu_0x13237d0 -> pdu_0x1324468 -> pdu_0x1325100 -> pdu_0x1325d98 -> pdu_0x1326a30 -> pdu_0x13276c8 -> pdu_0x1328360 -> pdu_0x1328ff8 -> pdu_0x1329c90 -> pdu_0x132a928 -> pdu_0x132b5c0 -> pdu_0x132c258 -> pdu_0x132cef0 -> pdu_0x132db88 -> pdu_0x132e820 -> pdu_0x132f4b8 -> pdu_0x1330150 -> pdu_0x1330de8 -> pdu_0x1331a80 -> pdu_0x1332718 -> pdu_0x13333b0 -> pdu_0x1334048 -> pdu_0x1334ce0 -> pdu_0x1335978 -> pdu_0x1336610 -> pdu_0x13372a8 -> pdu_0x1337f40 -> pdu_0x1338bd8 -> pdu_0x1339870 -> pdu_0x133a508 -> pdu_0x133b1a0 -> pdu_0x133be38 -> pdu_0x133cad0 -> pdu_0x133d768 -> pdu_0x133e400 -> pdu_0x133f098 -> pdu_0x133fd30 -> pdu_0x13409c8 -> pdu_0x1341660 -> pdu_0x13422f8 -> pdu_0x1342f90 -> pdu_0x1343c28 -> pdu_0x13448c0 -> pdu_0x1345558 -> pdu_0x13461f0 -> pdu_0x1346e88 -> pdu_0x1347b20 -> pdu_0x13487b8 -> pdu_0x1349450 -> pdu_0x134a0e8 -> pdu_0x134ad80 -> pdu_0x134ba18 -> pdu_0x134c6b0 -> pdu_0x134d348 -> pdu_0x134dfe0 -> pdu_0x134ec78 -> pdu_0x134f910 -> pdu_0x13505a8 -> pdu_0x1351240 -> pdu_0x1351ed8 -> pdu_0x1352b70 -> pdu_0x1353808 -> pdu_0x13544a0 -> pdu_0x1355138 -> pdu_0x1355dd0 -> pdu_0x1356a68 -> pdu_0x1357700 -> pdu_0x1358398 -> pdu_0x1359030 -> pdu_0x1359cc8 -> pdu_0x135a960 -> pdu_0x135b5f8 -> pdu_0x135c290 -> pdu_0x135cf28 -> pdu_0x135dbc0 -> pdu_0x135e858 -> pdu_0x135f4f0 -> pdu_0x1360188 -> pdu_0x1360e20 -> pdu_0x1361ab8 -> pdu_0x1362750 -> pdu_0x13633e8 -> pdu_0x1364080 -> pdu_0x1364d18 -> pdu_0x13659b0 -> pdu_0x1366648 -> pdu_0x13672e0 -> pdu_0x1367f78 -> pdu_0x1368c10 -> pdu_0x13698a8 -> pdu_0x136a540 -> pdu_0x136b1d8 -> pdu_0x136be70 -> pdu_0x136cb08 -> pdu_0x136d7a0 -> pdu_0x136e438 -> pdu_0x136f0d0 -> pdu_0x136fd68 -> pdu_0x1370a00 -> pdu_0x1371698 -> pdu_0x1372330 -> pdu_0x1372fc8 -> pdu_0x1373c60 -> pdu_0x13748f8 -> pdu_0x1375590 -> pdu_0x1376228 -> pdu_0x1376ec0 -> pdu_0x1377b58 -> pdu_0x13787f0 -> pdu_0x1379488 -> pdu_0x137a120 -> pdu_0x137adb8 -> pdu_0x137ba50 -> pdu_0x137c6e8 -> pdu_0x137d380 -> pdu_0x137e018 -> pdu_0x137ecb0 -> pdu_0x137f948 -> pdu_0x13805e0 -> pdu_0x1381278 -> pdu_0x1381f10 -> pdu_0x1382ba8 -> pdu_0x1383840 -> pdu_0x13844d8 -> pdu_0x1385170 -> pdu_0x1385e08 -> pdu_0x1386aa0 -> pdu_0x1387738 -> pdu_0x13883d0 -> pdu_0x1389068 -> pdu_0x1389d00 -> pdu_0x138a998 -> pdu_0x138b630 -> pdu_0x138c2c8 -> pdu_0x138cf60 -> pdu_0x138dbf8 -> pdu_0x138e890 -> pdu_0x138f528 -> pdu_0x13901c0 -> pdu_0x1390e58 -> pdu_0x1391af0 -> pdu_0x1392788 -> pdu_0x1393420 -> pdu_0x13940b8 -> pdu_0x1394d50 -> pdu_0x13959e8 -> pdu_0x1396680 -> pdu_0x1397318 -> pdu_0x1397fb0 -> pdu_0x1398c48 -> pdu_0x13998e0 -> pdu_0x139a578 -> pdu_0x139b210 -> pdu_0x139bea8 -> pdu_0x139cb40 -> pdu_0x139d7d8 -> pdu_0x139e470 -> pdu_0x139f108 -> pdu_0x139fda0 -> pdu_0x13a0a38 -> pdu_0x13a16d0 -> pdu_0x13a2368 -> pdu_0x13a3000 -> pdu_0x13a3c98 -> pdu_0x13a4930 -> pdu_0x13a55c8 -> pdu_0x13a6260 -> pdu_0x13a6ef8 -> pdu_0x13a7b90 -> pdu_0x13a8828 -> pdu_0x13a94c0 -> pdu_0x13aa158 -> pdu_0x13aadf0 -> pdu_0x13aba88 -> pdu_0x13ac720 -> pdu_0x13ad3b8 -> pdu_0x13ae050 -> pdu_0x13aece8 -> pdu_0x13af980 -> pdu_0x13b0618 -> pdu_0x13b12b0 -> pdu_0x13b1f48 -> pdu_0x13b2be0 -> pdu_0x13b3878 -> pdu_0x13b4510 -> pdu_0x13b51a8 -> pdu_0x13b5e40 -> pdu_0x13b6ad8 -> pdu_0x13b7770 -> pdu_0x13b8408 -> pdu_0x13b90a0 -> pdu_0x13b9d38 -> pdu_0x13ba9d0 -> pdu_0x13bb668 -> pdu_0x13bc300 -> pdu_0x13bcf98 -> pdu_0x13bdc30 -> pdu_0x13be8c8 -> pdu_0x13bf560 -> pdu_0x13c01f8 -> pdu_0x13c0e90 -> pdu_0x13c1b28 -> pdu_0x13c27c0 -> pdu_0x13c3458 -> pdu_0x13c40f0 -> pdu_0x13c4d88 -> pdu_0x13c5a20 -> pdu_0x13c66b8 -> pdu_0x13c7350 -> pdu_0x13c7fe8 -> pdu_0x13c8c80 -> pdu_0x13c9918 -> pdu_0x13ca5b0 -> pdu_0x13cb248 -> pdu_0x13cbee0 -> pdu_0x13ccb78 -> pdu_0x13cd810 -> pdu_0x13ce4a8 -> pdu_0x13cf140 -> pdu_0x13cfdd8 -> pdu_0x13d0a70 -> pdu_0x13d1708 -> pdu_0x13d23a0 -> pdu_0x13d3038 -> pdu_0x13d3cd0 -> pdu_0x13d4968 -> pdu_0x13d5600 -> pdu_0x13d6298 -> pdu_0x13d6f30 -> pdu_0x13d7bc8 -> pdu_0x13d8860 -> pdu_0x13d94f8 -> pdu_0x13da190 -> pdu_0x13dae28 -> pdu_0x13dbac0 -> pdu_0x13dc758 -> pdu_0x13dd3f0 -> pdu_0x13de088 -> pdu_0x13ded20 -> pdu_0x13df9b8 -> pdu_0x13e0650 -> pdu_0x13e12e8 -> pdu_0x13e1f80 -> pdu_0x13e2c18 -> pdu_0x13e38b0 -> pdu_0x13e4548 -> pdu_0x13e51e0 -> pdu_0x13e5e78 -> pdu_0x13e6b10 -> pdu_0x13e77a8 -> pdu_0x13e8440 -> pdu_0x13e90d8 -> pdu_0x13e9d70 -> pdu_0x13eaa08 -> pdu_0x13eb6a0 -> pdu_0x13ec338 -> pdu_0x13ecfd0 -> pdu_0x13edc68 -> pdu_0x13ee900 -> pdu_0x13ef598 -> pdu_0x13f0230 -> pdu_0x13f0ec8 -> pdu_0x13f1b60 -> pdu_0x13f27f8 -> pdu_0x13f3490 -> pdu_0x13f4128 -> pdu_0x13f4dc0 -> pdu_0x13f5a58 -> pdu_0x13f66f0 -> pdu_0x13f7388 -> pdu_0x13f8020 -> pdu_0x13f8cb8 -> pdu_0x13f9950 -> pdu_0x13fa5e8 -> pdu_0x13fb280 -> pdu_0x13fbf18 -> pdu_0x13fcbb0 -> pdu_0x13fd848 -> pdu_0x13fe4e0 -> pdu_0x13ff178 -> pdu_0x13ffe10 -> pdu_0x1400aa8 -> pdu_0x1401740 -> pdu_0x14023d8 -> pdu_0x1403070 -> pdu_0x1403d08 -> pdu_0x14049a0 -> pdu_0x1405638 -> pdu_0x14062d0 -> pdu_0x1406f68 -> pdu_0x1407c00 -> pdu_0x1408898 -> pdu_0x1409530 -> pdu_0x140a1c8 -> pdu_0x140ae60 -> pdu_0x140baf8 -> pdu_0x140c790 -> pdu_0x140d428 -> pdu_0x140e0c0 -> pdu_0x140ed58 -> pdu_0x140f9f0 -> pdu_0x1410688 -> pdu_0x1411320 -> pdu_0x1411fb8 -> pdu_0x1412c50 -> pdu_0x14138e8 -> pdu_0x1414580 -> pdu_0x1415218 -> pdu_0x1415eb0 -> pdu_0x1416b48 -> pdu_0x14177e0 -> pdu_0x1418478 -> pdu_0x1419110 -> pdu_0x1419da8 -> pdu_0x141aa40 -> pdu_0x141b6d8 -> pdu_0x141c370 -> pdu_0x141d008 -> pdu_0x141dca0 -> pdu_0x141e938 -> pdu_0x141f5d0 -> pdu_0x1420268 -> pdu_0x1420f00 -> pdu_0x1421b98 -> pdu_0x1422830 -> pdu_0x14234c8 -> pdu_0x1424160 -> pdu_0x1424df8 -> pdu_0x1425a90 -> pdu_0x1426728 -> pdu_0x14273c0 -> pdu_0x1428058 -> pdu_0x1428cf0 -> pdu_0x1429988 -> pdu_0x142a620 -> pdu_0x142b2b8 -> pdu_0x142bf50 -> pdu_0x142cbe8 -> pdu_0x142d880 -> pdu_0x142e518 -> pdu_0x142f1b0 -> pdu_0x142fe48 -> pdu_0x1430ae0 -> pdu_0x1431778 -> pdu_0x1432410 -> pdu_0x14330a8 -> pdu_0x1433d40 -> pdu_0x14349d8 -> pdu_0x1435670 -> pdu_0x1436308 -> pdu_0x1436fa0 -> pdu_0x1437c38 -> pdu_0x14388d0 -> pdu_0x1439568 -> pdu_0x143a200 -> pdu_0x143ae98 -> pdu_0x143bb30 -> pdu_0x143c7c8 -> pdu_0x143d460 -> pdu_0x143e0f8 -> pdu_0x143ed90 -> pdu_0x143fa28 -> pdu_0x14406c0 -> pdu_0x1441358 -> pdu_0x1441ff0 -> pdu_0x1442c88 -> pdu_0x1443920 -> pdu_0x14445b8 -> pdu_0x1445250 -> pdu_0x1445ee8 -> pdu_0x1446b80 -> pdu_0x1447818 -> pdu_0x14484b0 -> pdu_0x1449148 -> pdu_0x1449de0 -> pdu_0x144aa78 -> pdu_0x144b710 -> pdu_0x144c3a8 -> pdu_0x144d040 -> pdu_0x144dcd8 -> pdu_0x144e970 -> pdu_0x144f608 -> pdu_0x14502a0 -> pdu_0x1450f38 -> pdu_0x1451bd0 -> pdu_0x1452868 -> pdu_0x1453500 -> pdu_0x1454198 -> pdu_0x1454e30 -> pdu_0x1455ac8 -> pdu_0x1456760 -> pdu_0x14573f8 -> pdu_0x1458090 -> pdu_0x1458d28 -> pdu_0x14599c0 -> pdu_0x145a658 -> pdu_0x145b2f0 -> pdu_0x145bf88 -> pdu_0x145cc20 -> pdu_0x145d8b8 -> pdu_0x145e550 -> pdu_0x145f1e8 -> pdu_0x145fe80 -> pdu_0x1460b18 -> pdu_0x14617b0 -> pdu_0x1462448 -> pdu_0x14630e0 -> pdu_0x1463d78 -> pdu_0x1464a10 -> pdu_0x14656a8 -> pdu_0x1466340 -> pdu_0x1466fd8 -> pdu_0x1467c70 -> pdu_0x1468908 -> pdu_0x14695a0 -> pdu_0x146a238 -> pdu_0x146aed0 -> pdu_0x146bb68 -> pdu_0x146c800 -> pdu_0x146d498 -> pdu_0x146e130 -> pdu_0x146edc8 -> pdu_0x146fa60 -> pdu_0x14706f8 -> pdu_0x1471390 -> pdu_0x1472028 -> pdu_0x1472cc0 -> pdu_0x1473958 -> pdu_0x14745f0 -> pdu_0x1475288 -> pdu_0x1475f20 -> pdu_0x1476bb8 -> pdu_0x1477850 -> pdu_0x14784e8 -> pdu_0x1479180 -> pdu_0x1479e18 -> pdu_0x147aab0 -> pdu_0x147b748 -> pdu_0x147c3e0 -> pdu_0x147d078 -> pdu_0x147dd10 -> pdu_0x147e9a8 -> pdu_0x147f640 -> pdu_0x14802d8 -> pdu_0x1480f70 -> pdu_0x1481c08 -> pdu_0x14828a0 -> pdu_0x1483538 -> pdu_0x14841d0 -> pdu_0x1484e68 -> pdu_0x1485b00 -> pdu_0x1486798 -> pdu_0x1487430 -> pdu_0x14880c8 -> pdu_0x1488d60 -> pdu_0x14899f8 -> pdu_0x148a690 -> pdu_0x148b328 -> pdu_0x148bfc0 -> pdu_0x148cc58 -> pdu_0x148d8f0 -> pdu_0x148e588 -> pdu_0x148f220 -> pdu_0x148feb8 -> pdu_0x1490b50 -> pdu_0x14917e8 -> pdu_0x1492480 -> pdu_0x1493118 -> pdu_0x1493db0 -> pdu_0x1494a48 -> pdu_0x14956e0 -> pdu_0x1496378 -> pdu_0x1497010 -> pdu_0x1497ca8 -> pdu_0x1498940 -> pdu_0x14995d8 -> pdu_0x149a270 -> pdu_0x149af08 -> pdu_0x149bba0 -> pdu_0x149c838 -> pdu_0x149d4d0 -> pdu_0x149e168 -> pdu_0x149ee00 -> pdu_0x149fa98 -> pdu_0x14a0730 -> pdu_0x14a13c8 -> pdu_0x14a2060 -> pdu_0x14a2cf8 -> pdu_0x14a3990 -> pdu_0x14a4628 -> pdu_0x14a52c0 -> pdu_0x14a5f58 -> pdu_0x14a6bf0 -> pdu_0x14a7888 -> pdu_0x14a8520 -> pdu_0x14a91b8 -> pdu_0x14a9e50 -> pdu_0x14aaae8 -> pdu_0x14ab780 -> pdu_0x14ac418 -> pdu_0x14ad0b0 -> pdu_0x14add48 -> pdu_0x14ae9e0 -> pdu_0x14af678 -> pdu_0x14b0310 -> pdu_0x14b0fa8 -> pdu_0x14b1c40 -> pdu_0x14b28d8 -> pdu_0x14b3570 -> pdu_0x14b4208 -> pdu_0x14b4ea0 -> pdu_0x14b5b38 -> pdu_0x14b67d0 -> pdu_0x14b7468 -> pdu_0x14b8100 -> pdu_0x14b8d98 -> pdu_0x14b9a30 -> pdu_0x14ba6c8 -> pdu_0x14bb360 -> pdu_0x14bbff8 -> pdu_0x14bcc90 -> pdu_0x14bd928 -> pdu_0x14be5c0 -> pdu_0x14bf258 -> pdu_0x14bfef0 -> pdu_0x14c0b88 -> pdu_0x14c1820 -> pdu_0x14c24b8 -> pdu_0x14c3150 -> pdu_0x14c3de8 -> pdu_0x14c4a80 -> pdu_0x14c5718 -> pdu_0x14c63b0 -> pdu_0x14c7048 -> pdu_0x14c7ce0 -> pdu_0x14c8978 -> pdu_0x14c9610 -> pdu_0x14ca2a8 -> pdu_0x14caf40 -> pdu_0x14cbbd8 -> pdu_0x14cc870 -> pdu_0x14cd508 -> pdu_0x14ce1a0 -> pdu_0x14cee38 -> pdu_0x14cfad0 -> pdu_0x14d0768 -> pdu_0x14d1400 -> pdu_0x14d2098 -> pdu_0x14d2d30 -> pdu_0x14d39c8 -> pdu_0x14d4660 -> pdu_0x14d52f8 -> pdu_0x14d5f90 -> pdu_0x14d6c28 -> pdu_0x14d78c0 -> pdu_0x14d8558 -> pdu_0x14d91f0 -> pdu_0x14d9e88 -> pdu_0x14dab20 -> pdu_0x14db7b8 -> pdu_0x14dc450 -> pdu_0x14dd0e8 -> pdu_0x14ddd80 -> pdu_0x14dea18 -> pdu_0x14df6b0 -> pdu_0x14e0348 -> pdu_0x14e0fe0 -> pdu_0x14e1c78 -> pdu_0x14e2910 -> pdu_0x14e35a8 -> pdu_0x14e4240 -> pdu_0x14e4ed8 -> pdu_0x14e5b70 -> pdu_0x14e6808 -> pdu_0x14e74a0 -> pdu_0x14e8138 -> pdu_0x14e8dd0 -> pdu_0x14e9a68 -> pdu_0x14ea700 -> pdu_0x14eb398 -> pdu_0x14ec030 -> pdu_0x14eccc8 -> pdu_0x14ed960 -> pdu_0x14ee5f8 -> pdu_0x14ef290 -> pdu_0x14eff28 -> pdu_0x14f0bc0 -> pdu_0x14f1858 -> pdu_0x14f24f0 -> pdu_0x14f3188 -> pdu_0x14f3e20 -> pdu_0x14f4ab8 -> pdu_0x14f5750 -> pdu_0x14f63e8 -> pdu_0x14f7080 -> pdu_0x14f7d18 -> pdu_0x14f89b0 -> pdu_0x14f9648 -> pdu_0x14fa2e0 -> pdu_0x14faf78 -> pdu_0x14fbc10 -> pdu_0x14fc8a8 -> pdu_0x14fd540 -> pdu_0x14fe1d8 -> pdu_0x14fee70 -> pdu_0x14ffb08 -> pdu_0x15007a0 -> pdu_0x1501438 -> pdu_0x15020d0 -> pdu_0x1502d68 -> pdu_0x1503a00 -> pdu_0x1504698 -> pdu_0x1505330 -> pdu_0x1505fc8 -> pdu_0x1506c60 -> pdu_0x15078f8 -> pdu_0x1508590 -> pdu_0x1509228 -> pdu_0x1509ec0 -> pdu_0x150ab58 -> pdu_0x150b7f0 -> pdu_0x150c488 -> pdu_0x150d120 -> pdu_0x150ddb8 -> pdu_0x150ea50 -> pdu_0x150f6e8 -> pdu_0x1510380 -> pdu_0x1511018 -> pdu_0x1511cb0 -> pdu_0x1512948 -> pdu_0x15135e0 -> pdu_0x1514278 -> pdu_0x1514f10 -> pdu_0x1515ba8 -> pdu_0x1516840 -> pdu_0x15174d8 -> pdu_0x1518170 -> pdu_0x1518e08 -> pdu_0x1519aa0 -> pdu_0x151a738 -> pdu_0x151b3d0 -> pdu_0x151c068 -> pdu_0x151cd00 -> pdu_0x151d998 -> pdu_0x151e630 -> pdu_0x151f2c8 -> pdu_0x151ff60 -> pdu_0x1520bf8 -> pdu_0x1521890 -> pdu_0x1522528 -> pdu_0x15231c0 -> pdu_0x1523e58 -> pdu_0x1524af0 -> pdu_0x1525788 -> pdu_0x1526420 -> pdu_0x15270b8 -> pdu_0x1527d50 -> pdu_0x15289e8 -> pdu_0x1529680 -> pdu_0x152a318 -> pdu_0x152afb0 -> pdu_0x152bc48 -> pdu_0x152c8e0 -> pdu_0x152d578 -> pdu_0x152e210 -> pdu_0x152eea8 -> pdu_0x152fb40 -> pdu_0x15307d8 -> pdu_0x1531470 -> pdu_0x1532108 -> pdu_0x1532da0 -> pdu_0x1533a38 -> pdu_0x15346d0 -> pdu_0x1535368 -> pdu_0x1536000 -> pdu_0x1536c98 -> pdu_0x1537930 -> pdu_0x15385c8 -> pdu_0x1539260 -> pdu_0x1539ef8 -> pdu_0x153ab90 -> pdu_0x153b828 -> pdu_0x153c4c0 -> pdu_0x153d158 -> pdu_0x153ddf0 -> pdu_0x153ea88 -> pdu_0x153f720 -> pdu_0x15403b8 -> pdu_0x1541050 -> pdu_0x1541ce8 -> pdu_0x1542980 -> pdu_0x1543618 -> pdu_0x15442b0 -> pdu_0x1544f48 -> pdu_0x1545be0 -> pdu_0x1546878 -> pdu_0x1547510 -> pdu_0x15481a8 -> pdu_0x1548e40 -> pdu_0x1549ad8 -> pdu_0x154a770 -> pdu_0x154b408 -> pdu_0x154c0a0 -> pdu_0x154cd38 -> pdu_0x154d9d0 -> pdu_0x154e668 -> pdu_0x154f300 -> pdu_0x154ff98 -> pdu_0x1550c30 [label=free_pdus];
Data structure dump 3750
----------------------
hit_0x5419200 [label="tid_5419b70"];
hit_0x5419200  // free_pdus
-> pdu_0x9c91a0  // (SEND)
-> pdu_0x9c6bd8  // (ACK
)
-> pdu_0x9cc400  // (RECE)
[label=free_pdus];
Hit structure dump 3
======================
hit_0x1d52200 [label="tid_1d52b70"];
hit_0x1d52200  // free_pdus
-> pdu_0x9caad0  // (CONN)
[label=free_pdus];
Hit structure dump 1
======================
hit_0xbf9cb498 [label="tid_97f6830"];
hit_0xbf9cb498  // free_pdus
-> pdu_0x9cb768  // (ACK
)
-> pdu_0x9c9e38  // (ACK
)
[label=free_pdus];
Hit structure dump 2
======================
