FMT0 persist at /var/zxid/bus/ch/default/zvuWsewQqt-hYflrtXC9yYEWb8E 'foo bar' len=61 rcpt(0)
FMT0 persist at /var/zxid/bus/ch/default/JW8CltIg8QbpBEDWamF1SPZxDYk '' len=54 rcpt(0)
FMT0 persist at /var/zxid/bus/ch/default/bjZtT6SuxzOFHc1GLnoFdMdSbm0 'F' len=55 rcpt(0)
FMT0 persist at /var/zxid/bus/ch/default/3yaWfCFEuyz-HXA7_PY2lV-zfYg 'test(-1,10' len=69 rcpt(0)
FMT0 persist at /var/zxid/bus/ch/default/35OUqHeMdhRnPCsPBJH-BCvMKoU 'test(-1,10' len=69 rcpt(1)
FMT0 persist at /var/zxid/bus/ch/default/5IDVUvOLVmHmexymd4x9U4_fGiE 'test(-1,10' len=69 rcpt(2)
FMT0 persist at /var/zxid/bus/ch/default/2ILOd9iA9sXKvGjpSAQebLoq2qw 'test(-1,10' len=69 rcpt(3)
FMT0 persist at /var/zxid/bus/ch/default/5-UizDkcKov2nGMBR17-7VpVeQ8 'test(-1,10' len=69 rcpt(4)
FMT0 persist at /var/zxid/bus/ch/default/JP2s0dI6xNkX63n7ZkAjqUUU-RM 'test(-1,10' len=69 rcpt(5)
FMT0 persist at /var/zxid/bus/ch/default/uwFxZrtMSOtP5tVOS0qE62ExX1Y 'test(-1,10' len=69 rcpt(6)
FMT0 persist at /var/zxid/bus/ch/default/HOXHKXrNynLHrbxJ7ff7TUU_7D4 'test(-1,10' len=69 rcpt(7)
FMT0 persist at /var/zxid/bus/ch/default/Xk6XftlZus_9dohsr01EI54p0OU 'test(-1,10' len=69 rcpt(8)
FMT0 persist at /var/zxid/bus/ch/default/d8lbiMfQlvezKDfBsg9NlAqSQ-8 'test(-1,10' len=69 rcpt(9)
FMT0 persist at /var/zxid/bus/ch/default/JEnG2wwROfDNZ36Sc9PWrpIWSCk 'test(-1,10' len=70 rcpt(10)
FMT0 persist at /var/zxid/bus/ch/default/f5-vIEPUTox43OUX1nL-yg-OS3o 'test(-1,10' len=69 rcpt(11)
FMT0 persist at /var/zxid/bus/ch/default/ojkE2iuWTmkaGBMgZ9SDyFUapkc 'test(-1,10' len=69 rcpt(12)
FMT0 persist at /var/zxid/bus/ch/default/V9ZWdFF9Jzkkdi8HYyt2a2kcizw 'test(-1,10' len=69 rcpt(13)
FMT0 persist at /var/zxid/bus/ch/default/Re6LCQ0mlGRH_UFkdIjxX6u-LQw 'test(-1,10' len=69 rcpt(14)
FMT0 persist at /var/zxid/bus/ch/default/wVbDRlDK_mvYm4b968rnOQfkHHI 'test(-1,10' len=69 rcpt(15)
FMT0 persist at /var/zxid/bus/ch/default/FM4qmrnEhUOsYmWO4iymXkZbSdQ 'test(-1,10' len=69 rcpt(16)
FMT0 persist at /var/zxid/bus/ch/default/vUj8SZ2Js2gY9s43iRSugPbzY_M 'test(-1,10' len=69 rcpt(17)
FMT0 persist at /var/zxid/bus/ch/default/LFtciBs-W1RGhdIjBPJYgd2Y_Ag 'test(-1,10' len=69 rcpt(18)
FMT0 persist at /var/zxid/bus/ch/default/44YuNEl5ol5XEF8Zh5_8s6esUFU 'test(-1,10' len=69 rcpt(19)
FMT0 persist at /var/zxid/bus/ch/default/biYNQsjIZvP9Nzwnjyjuhv4lwNw 'test(-1,9,' len=69 rcpt(20)
FMT0 persist at /var/zxid/bus/ch/default/h3hZBocFbvmGiqNhz1YCT8s2hxU 'test(-1,9,' len=69 rcpt(21)
FMT0 persist at /var/zxid/bus/ch/default/5gjqBP2HG8Z1RF00jeIZFRZ5iP8 'test(-1,9,' len=69 rcpt(22)
FMT0 persist at /var/zxid/bus/ch/default/UrP8sCUgjN_SESLjVJfR6SBECwI 'test(-1,9,' len=69 rcpt(23)
FMT0 persist at /var/zxid/bus/ch/default/pM5fhVEqNf4aWOiA9gsH2KRJ_mw 'test(-1,9,' len=69 rcpt(24)
FMT0 persist at /var/zxid/bus/ch/default/rmWZsD9S-WqqPRbKdSDWNM-t9Ek 'test(-1,9,' len=69 rcpt(25)
FMT0 persist at /var/zxid/bus/ch/default/B0AY5AARAoRD6S9XHG7T1p7QWsU 'test(-1,9,' len=69 rcpt(26)
FMT0 persist at /var/zxid/bus/ch/default/IRcNzrDtvUVA7Yhte9B_1mJOvrw 'test(-1,9,' len=69 rcpt(27)
FMT0 persist at /var/zxid/bus/ch/default/BGxDDKGsUPzGm7yl51XEMy-omLQ 'test(-1,9,' len=69 rcpt(28)
FMT0 persist at /var/zxid/bus/ch/default/jizdvrPVXQnWw-R0kUc7qENVhnE 'test(-1,9,' len=69 rcpt(29)
FMT0 persist at /var/zxid/bus/ch/default/tcQ8k_GtGPAMHY3PywB7lL6xBnc 'test(-1,9,' len=69 rcpt(30)
FMT0 persist at /var/zxid/bus/ch/default/i46sMKPBfLtcHWSkFhTGc2Nc8kQ 'test(-1,9,' len=68 rcpt(31)
FMT0 persist at /var/zxid/bus/ch/default/3AvhHDlW7RkcvqVKSXhIdaUoGTk 'test(-1,9,' len=68 rcpt(32)
FMT0 persist at /var/zxid/bus/ch/default/GTMBriSVyCUZUEmVfto66XGANOY 'test(-1,9,' len=68 rcpt(33)
FMT0 persist at /var/zxid/bus/ch/default/5f2JBM5H7TbJcVBwsnqYWlBg79E 'test(-1,9,' len=68 rcpt(34)
FMT0 persist at /var/zxid/bus/ch/default/noC8r6nipKLfR-j-0MDrOUr2L5I 'test(-1,9,' len=68 rcpt(35)
FMT0 persist at /var/zxid/bus/ch/default/PJ0PYqJnQHHeAisAMh3PYZslkxE 'test(-1,9,' len=68 rcpt(36)
FMT0 persist at /var/zxid/bus/ch/default/LhdKzX6uoPPtYJQwFMBL7UIKQtk 'test(-1,9,' len=68 rcpt(37)
FMT0 persist at /var/zxid/bus/ch/default/HbNTqyQghBJBt_i6fTaQdWXt4KY 'test(-1,9,' len=68 rcpt(38)
FMT0 persist at /var/zxid/bus/ch/default/SKxkqUzpErNZwM2c7U0pMFDh0c4 'test(-1,9,' len=68 rcpt(39)
FMT0 persist at /var/zxid/bus/ch/default/xpoEGlyR1nkyvXxnCHzb0GgRsCE 'test(-1,8,' len=69 rcpt(40)
FMT0 persist at /var/zxid/bus/ch/default/Zx7ZADF9J7uUktK8G_oueVMy4yk 'test(-1,8,' len=69 rcpt(41)
FMT0 persist at /var/zxid/bus/ch/default/sygRWnccwQRr2AQ1zfsVMklfT84 'test(-1,8,' len=69 rcpt(42)
FMT0 persist at /var/zxid/bus/ch/default/5m_BqIcyk2BJNUtXHQIMYNUXIFo 'test(-1,8,' len=69 rcpt(43)
FMT0 persist at /var/zxid/bus/ch/default/xMQa1PT4u5FmEPw6EM-Wws1lZ0s 'test(-1,8,' len=69 rcpt(44)
FMT0 persist at /var/zxid/bus/ch/default/sGvPDob7wE6ipUB8SxBTFrmkbcE 'test(-1,8,' len=69 rcpt(45)
FMT0 persist at /var/zxid/bus/ch/default/b73GDEZG3wZzj46nzpa_UH-sLq4 'test(-1,8,' len=69 rcpt(46)
FMT0 persist at /var/zxid/bus/ch/default/BAeuXWqo5o9Ej8etSbq1DQ5Rv3I 'test(-1,8,' len=69 rcpt(47)
FMT0 persist at /var/zxid/bus/ch/default/hjmE7GEoQUmmohpqo_pONQxCF34 'test(-1,8,' len=69 rcpt(48)
FMT0 persist at /var/zxid/bus/ch/default/zsmlR76yE4Fc_5Ofewocfja4mC0 'test(-1,8,' len=69 rcpt(49)
FMT0 persist at /var/zxid/bus/ch/default/4jRn6jxY9H0YVQY-alhYYIS4cBw 'test(-1,8,' len=69 rcpt(50)
FMT0 persist at /var/zxid/bus/ch/default/gr2Ql0JSHTcodq5aCN2ucfTMAvA 'test(-1,8,' len=68 rcpt(51)
FMT0 persist at /var/zxid/bus/ch/default/Dzxy0ddog2lA-exFSCzWZAngWlU 'test(-1,8,' len=68 rcpt(52)
FMT0 persist at /var/zxid/bus/ch/default/_lVyJBdnThbixgJkb42dz9RrztU 'test(-1,8,' len=68 rcpt(53)
FMT0 persist at /var/zxid/bus/ch/default/cmo1BQDiCACNBslCiAZT2IALDr4 'test(-1,8,' len=68 rcpt(54)
FMT0 persist at /var/zxid/bus/ch/default/5Zo2NZ0QCoZ-S-6eogoWx5RHZpk 'test(-1,8,' len=68 rcpt(55)
FMT0 persist at /var/zxid/bus/ch/default/q94P0s15BB5p8tBEacLw716KkiA 'test(-1,8,' len=68 rcpt(56)
FMT0 persist at /var/zxid/bus/ch/default/Rfro0cQiPGPb28S6irOC673brYg 'test(-1,8,' len=68 rcpt(57)
FMT0 persist at /var/zxid/bus/ch/default/lYO4gnFogbILyL_cVlXIrceTLm4 'test(-1,8,' len=68 rcpt(58)
FMT0 persist at /var/zxid/bus/ch/default/xa-QRsnQfA6ua-ShNpVrZNeshS8 'test(-1,8,' len=68 rcpt(59)
FMT0 persist at /var/zxid/bus/ch/default/Xrai02IvSenif5Br4Rv0wfVdrt4 'test(-1,7,' len=69 rcpt(60)
FMT0 persist at /var/zxid/bus/ch/default/QybmwQtGwTTlRtF4w-TS57pHrC4 'test(-1,7,' len=69 rcpt(61)
FMT0 persist at /var/zxid/bus/ch/default/mnSnI6vuA3A9e6vGpNqbvtxbIZ8 'test(-1,7,' len=69 rcpt(62)
FMT0 persist at /var/zxid/bus/ch/default/KFZ4s5RYugEc3IEua9N_Hp2ItKU 'test(-1,7,' len=69 rcpt(63)
FMT0 persist at /var/zxid/bus/ch/default/qjo5peUNiqaWMjcnpmcYyEFRGd4 'test(-1,7,' len=69 rcpt(64)
FMT0 persist at /var/zxid/bus/ch/default/0bbqnrgthv5AtKu_jvHHPYm7590 'test(-1,7,' len=69 rcpt(65)
FMT0 persist at /var/zxid/bus/ch/default/_aKBUUZgxAl9SgDyl2Zf65wGG6c 'test(-1,7,' len=69 rcpt(66)
FMT0 persist at /var/zxid/bus/ch/default/R2fMaTmsxl4tZS1gc7Qw1y07OLU 'test(-1,7,' len=69 rcpt(67)
FMT0 persist at /var/zxid/bus/ch/default/lxvddNO8gejTqKyT0XFOli-OL2k 'test(-1,7,' len=69 rcpt(68)
FMT0 persist at /var/zxid/bus/ch/default/UPJIRTBI5b3IwFJCnGwzhSAU6IQ 'test(-1,7,' len=69 rcpt(69)
FMT0 persist at /var/zxid/bus/ch/default/mdRUqS9rLqvWsnU81ntSNFjwI_U 'test(-1,7,' len=69 rcpt(70)
FMT0 persist at /var/zxid/bus/ch/default/ZnIp0VWMCP0CJCs7GX9zlScNTBc 'test(-1,7,' len=68 rcpt(71)
FMT0 persist at /var/zxid/bus/ch/default/X4dMKJbhbgh1PtkPnI4AbkzzASw 'test(-1,7,' len=68 rcpt(72)
FMT0 persist at /var/zxid/bus/ch/default/BIgPNyPRYli3Qr00FokPKkeMppE 'test(-1,7,' len=68 rcpt(73)
FMT0 persist at /var/zxid/bus/ch/default/A72Y2GXCU-9HiColGacDQNnx5_8 'test(-1,7,' len=68 rcpt(74)
FMT0 persist at /var/zxid/bus/ch/default/6WQ2WpEs_2hyFX_gEZmjACP71yo 'test(-1,7,' len=68 rcpt(75)
FMT0 persist at /var/zxid/bus/ch/default/lAZgZXVL5hyZDVZqfbl5D0fzJZ8 'test(-1,7,' len=68 rcpt(76)
FMT0 persist at /var/zxid/bus/ch/default/9YzHqcq1sfNyX-X2edrFYnDmPyU 'test(-1,7,' len=68 rcpt(77)
FMT0 persist at /var/zxid/bus/ch/default/eCbQv63zhXmNdap_uyeyjWyj4NI 'test(-1,7,' len=68 rcpt(78)
FMT0 persist at /var/zxid/bus/ch/default/FNIl6PkbdCKgVxxYuTLSTtcpF5o 'test(-1,7,' len=68 rcpt(79)
FMT0 persist at /var/zxid/bus/ch/default/zFz96-EeVViEflesk-062FlJ8QI 'test(-1,6,' len=69 rcpt(80)
FMT0 persist at /var/zxid/bus/ch/default/L_94L33TUBQvlIXrYOUsr1snmRQ 'test(-1,6,' len=69 rcpt(81)
FMT0 persist at /var/zxid/bus/ch/default/KCd0IP0ciufPZSRirnCwZmDIT_s 'test(-1,6,' len=69 rcpt(82)
FMT0 persist at /var/zxid/bus/ch/default/2onfwo1c0_7pj2lnjO6ewz8wZOk 'test(-1,6,' len=69 rcpt(83)
FMT0 persist at /var/zxid/bus/ch/default/T4L06ew8DrPUQ3CJret-RiSX27E 'test(-1,6,' len=69 rcpt(84)
FMT0 persist at /var/zxid/bus/ch/default/xDsutRnnIKGE1CrryQpBQYgH4oM 'test(-1,6,' len=69 rcpt(85)
FMT0 persist at /var/zxid/bus/ch/default/LgMXt2uB51eevW9auOQ88kQgLBE 'test(-1,6,' len=69 rcpt(86)
FMT0 persist at /var/zxid/bus/ch/default/v6u1dhsBKL2DWpa6NMPS0wBgQX4 'test(-1,6,' len=69 rcpt(87)
FMT0 persist at /var/zxid/bus/ch/default/vmtVbSJWik1U47nXOobDhU7wTWw 'test(-1,6,' len=69 rcpt(88)
FMT0 persist at /var/zxid/bus/ch/default/ZBAQVh9FcYp-t6McIpUTuUTwJ-U 'test(-1,6,' len=69 rcpt(89)
FMT0 persist at /var/zxid/bus/ch/default/ZnbFy7OOeb1i-hZZxFOYkRZLp-A 'test(-1,6,' len=69 rcpt(90)
FMT0 persist at /var/zxid/bus/ch/default/as2YvT-clvCgw6VRIpgQqDgVqQQ 'test(-1,6,' len=68 rcpt(91)
FMT0 persist at /var/zxid/bus/ch/default/CW4WwI1aeMmO5TEAJBR4sRtuKsk 'test(-1,6,' len=68 rcpt(92)
FMT0 persist at /var/zxid/bus/ch/default/JIIEkXyRwx56USf_4BnSuwmKlq8 'test(-1,6,' len=68 rcpt(93)
FMT0 persist at /var/zxid/bus/ch/default/KbrXYSmoAefYSlwEpFDhfQsnAAI 'test(-1,6,' len=68 rcpt(94)
FMT0 persist at /var/zxid/bus/ch/default/z7aqiIO6jgRDEO5OoG2DCe6i2T4 'test(-1,6,' len=68 rcpt(95)
FMT0 persist at /var/zxid/bus/ch/default/yUor9OPr4yf3jz1O033siWjAe5Y 'test(-1,6,' len=68 rcpt(96)
FMT0 persist at /var/zxid/bus/ch/default/qDiOmcWTD8eZTXE2V1wW0eSLtZo 'test(-1,6,' len=68 rcpt(97)
FMT0 persist at /var/zxid/bus/ch/default/7Lp_dNKGd2X5rvTLIle5nYejfno 'test(-1,6,' len=68 rcpt(98)
FMT0 persist at /var/zxid/bus/ch/default/_h1K3bAjOElDanDaT-yAE9hszQ4 'test(-1,6,' len=68 rcpt(99)
FMT0 persist at /var/zxid/bus/ch/default/LZT1EP94F3I1NzGqs282TmNtlNo 'test(-1,5,' len=70 rcpt(100)
FMT0 persist at /var/zxid/bus/ch/default/cSQlYF0fm-8kZWfOFuXxjQhy94E 'test(-1,5,' len=70 rcpt(101)
FMT0 persist at /var/zxid/bus/ch/default/meonGQF1u0WY13PWMNF4qPHfCTI 'test(-1,5,' len=70 rcpt(102)
FMT0 persist at /var/zxid/bus/ch/default/FTdGIcbA3LAG92MOx_Y7nr2AqsA 'test(-1,5,' len=70 rcpt(103)
FMT0 persist at /var/zxid/bus/ch/default/DIkWvqvezNzkYiwZPr5_rmTgTDQ 'test(-1,5,' len=70 rcpt(104)
FMT0 persist at /var/zxid/bus/ch/default/Fg9AesBS7ivwYhnGRe4aZw9Viuc 'test(-1,5,' len=70 rcpt(105)
FMT0 persist at /var/zxid/bus/ch/default/bNtzrYqJ7kOWVZgena59dlEpJec 'test(-1,5,' len=70 rcpt(106)
FMT0 persist at /var/zxid/bus/ch/default/Eb2IKFgFW-gJJegOM2jCv1-xE0E 'test(-1,5,' len=70 rcpt(107)
FMT0 persist at /var/zxid/bus/ch/default/8cg3W2phukvptJE64BdZfdp52js 'test(-1,5,' len=70 rcpt(108)
FMT0 persist at /var/zxid/bus/ch/default/V6HDTfum143issWLtf_Gyyl-uRQ 'test(-1,5,' len=70 rcpt(109)
FMT0 persist at /var/zxid/bus/ch/default/pzIrdf0SbaD5rch1M7GSLBXphTE 'test(-1,5,' len=70 rcpt(110)
FMT0 persist at /var/zxid/bus/ch/default/TOKjnCzX5Lb95AU2cV93MLDLQHc 'test(-1,5,' len=69 rcpt(111)
FMT0 persist at /var/zxid/bus/ch/default/NgrG590cMHwcgmp4w-N0f0k3NCA 'test(-1,5,' len=69 rcpt(112)
FMT0 persist at /var/zxid/bus/ch/default/BpCue7sH096euy0lv0Vx6hVOag8 'test(-1,5,' len=69 rcpt(113)
FMT0 persist at /var/zxid/bus/ch/default/wwlYzZrv-UUw7RdjclZao8OcElQ 'test(-1,5,' len=69 rcpt(114)
FMT0 persist at /var/zxid/bus/ch/default/ja8NTCvOcy8XJeFu1PTPYRRmyvM 'test(-1,5,' len=69 rcpt(115)
FMT0 persist at /var/zxid/bus/ch/default/gvYB68K9UvdZbFf_1CvYcM_0FM8 'test(-1,5,' len=69 rcpt(116)
FMT0 persist at /var/zxid/bus/ch/default/0BRxlK2XOL7INWxuqtlDRvf-MxU 'test(-1,5,' len=69 rcpt(117)
FMT0 persist at /var/zxid/bus/ch/default/Wdz9pmEJgLJ3qeVzjSkF3vnSGkU 'test(-1,5,' len=69 rcpt(118)
FMT0 persist at /var/zxid/bus/ch/default/dk4rTd0d9tV4O8VjZylIcFPkrTA 'test(-1,5,' len=69 rcpt(119)
FMT0 persist at /var/zxid/bus/ch/default/W4jwsMZtvg_KHi-5UaLsd7CCokM 'test(-1,4,' len=70 rcpt(120)
FMT0 persist at /var/zxid/bus/ch/default/4jsA2lmzBzsnfcUfy1WEkIP1Xds 'test(-1,4,' len=70 rcpt(121)
FMT0 persist at /var/zxid/bus/ch/default/dfhu_C-cIOPVYg2iKuDNDn6J_yc 'test(-1,4,' len=70 rcpt(122)
FMT0 persist at /var/zxid/bus/ch/default/00BT2_Ui9mySoOX4HfhQ7A791FQ 'test(-1,4,' len=70 rcpt(123)
FMT0 persist at /var/zxid/bus/ch/default/nYS1dwS7lRG0B2RcNysJu7R9Q-Y 'test(-1,4,' len=70 rcpt(124)
FMT0 persist at /var/zxid/bus/ch/default/2hpVFDB2N_MPpDq8IbGER9zPu2w 'test(-1,4,' len=70 rcpt(125)
FMT0 persist at /var/zxid/bus/ch/default/LlNSq2WQi0fhnI49VzqscChqZVE 'test(-1,4,' len=70 rcpt(126)
FMT0 persist at /var/zxid/bus/ch/default/05s9jpPPgH0LiSh9w-ANhBcG-nE 'test(-1,4,' len=70 rcpt(127)
FMT0 persist at /var/zxid/bus/ch/default/K3bx9IXC2oquSq9VlbSuYUmisjg 'test(-1,4,' len=70 rcpt(128)
FMT0 persist at /var/zxid/bus/ch/default/Y9X0Oy_HcQrgwp_nBU5uwF_c3Bk 'test(-1,4,' len=70 rcpt(129)
FMT0 persist at /var/zxid/bus/ch/default/CkHmm6L0Mq6HtlSaqdn6H3KgKfM 'test(-1,4,' len=70 rcpt(130)
FMT0 persist at /var/zxid/bus/ch/default/ypRElrPQCfkTXw2ycoKxS7M2cQI 'test(-1,4,' len=69 rcpt(131)
FMT0 persist at /var/zxid/bus/ch/default/ZChCd0S-jDPdsFb7OR1MVgXs-C8 'test(-1,4,' len=69 rcpt(132)
FMT0 persist at /var/zxid/bus/ch/default/m-zNStWwgl0hhQbjBO4D6mzupo4 'test(-1,4,' len=69 rcpt(133)
FMT0 persist at /var/zxid/bus/ch/default/TOdjKcaamSiB0VWhgnYiRYbuZpY 'test(-1,4,' len=69 rcpt(134)
FMT0 persist at /var/zxid/bus/ch/default/hTR5iwb2Cgxbhi_DuvCJrKCWzRw 'test(-1,4,' len=69 rcpt(135)
FMT0 persist at /var/zxid/bus/ch/default/ZjFUVxV5CgKaOB-BccuQb2NnzTs 'test(-1,4,' len=69 rcpt(136)
FMT0 persist at /var/zxid/bus/ch/default/IRdq7XcDuNkJgNaTKClWEwvrEYU 'test(-1,4,' len=69 rcpt(137)
FMT0 persist at /var/zxid/bus/ch/default/Mn4bloiCsyIeB_WkArjqfhUOF3U 'test(-1,4,' len=69 rcpt(138)
FMT0 persist at /var/zxid/bus/ch/default/29UZMYJ99BAV2GMYdcBR1H1bbq0 'test(-1,4,' len=69 rcpt(139)
FMT0 persist at /var/zxid/bus/ch/default/UscZJTTrin-zp6C2V1EKAF8LDDE 'test(-1,3,' len=70 rcpt(140)
FMT0 persist at /var/zxid/bus/ch/default/z4RwGDKCu7bW4DgX_5tCj5ujfl8 'test(-1,3,' len=70 rcpt(141)
FMT0 persist at /var/zxid/bus/ch/default/0YVwjtB4MJA0PgehcIetmfLm5FU 'test(-1,3,' len=70 rcpt(142)
FMT0 persist at /var/zxid/bus/ch/default/TuIok8dpIoNEAKT3NK7HoQKy8Kg 'test(-1,3,' len=70 rcpt(143)
FMT0 persist at /var/zxid/bus/ch/default/W1YVGDnVjrNuQHd6PigcP2VNGiY 'test(-1,3,' len=70 rcpt(144)
FMT0 persist at /var/zxid/bus/ch/default/0BQJWxTmBGsiobu3zkJthgxd4wc 'test(-1,3,' len=70 rcpt(145)
FMT0 persist at /var/zxid/bus/ch/default/JaQSZrLGBP6cGmuJ6jM84ll0CU0 'test(-1,3,' len=70 rcpt(146)
FMT0 persist at /var/zxid/bus/ch/default/Z_XTFjsBsMLJXzVFdfdiQVkNY5I 'test(-1,3,' len=70 rcpt(147)
FMT0 persist at /var/zxid/bus/ch/default/hX-XXtfwOQnVRhlcZlAHMPlflIg 'test(-1,3,' len=70 rcpt(148)
FMT0 persist at /var/zxid/bus/ch/default/foz3BSwKX_AT-Q1XA1GyAR0tp9Y 'test(-1,3,' len=70 rcpt(149)
FMT0 persist at /var/zxid/bus/ch/default/SX5XfEEhrNjSCXgCfuCSi-rTO0o 'test(-1,3,' len=70 rcpt(150)
FMT0 persist at /var/zxid/bus/ch/default/ivDpH6Z_HHQiAATEgQRnMao_vTM 'test(-1,3,' len=69 rcpt(151)
FMT0 persist at /var/zxid/bus/ch/default/8dNhtKMPKQvX2DONhuAXFKjc97I 'test(-1,3,' len=69 rcpt(152)
FMT0 persist at /var/zxid/bus/ch/default/cAkKE-eDkcF6m2PWemz3Gw1OuH4 'test(-1,3,' len=69 rcpt(153)
FMT0 persist at /var/zxid/bus/ch/default/EbfQNnlK3X3RzHXyKby3NJrtiM0 'test(-1,3,' len=69 rcpt(154)
FMT0 persist at /var/zxid/bus/ch/default/N190LEzSPIux9aBO_irUmYKFQQo 'test(-1,3,' len=69 rcpt(155)
FMT0 persist at /var/zxid/bus/ch/default/S62rHOsQOAYlglszGN3A5cXsawo 'test(-1,3,' len=69 rcpt(156)
FMT0 persist at /var/zxid/bus/ch/default/J_Veqb3jIiDbWVBWbyB3LWvX3pQ 'test(-1,3,' len=69 rcpt(157)
FMT0 persist at /var/zxid/bus/ch/default/n1gsTaQYo1QlAN0mHMvsNAN0r6s 'test(-1,3,' len=69 rcpt(158)
FMT0 persist at /var/zxid/bus/ch/default/2aPxi95SpiyL_heNGwpNFr8IepQ 'test(-1,3,' len=69 rcpt(159)
FMT0 persist at /var/zxid/bus/ch/default/IehJYGmI1JUiTdxeoSf5AUIpS1g 'test(-1,2,' len=70 rcpt(160)
FMT0 persist at /var/zxid/bus/ch/default/GXzJSX-aw2S5J3SILIV7oFY12Xw 'test(-1,2,' len=70 rcpt(161)
FMT0 persist at /var/zxid/bus/ch/default/OVITqqRDqsEgWLZWMtqh_b-A5H0 'test(-1,2,' len=70 rcpt(162)
FMT0 persist at /var/zxid/bus/ch/default/zmX4tm_h9f2Gs6j-nvAq79shCec 'test(-1,2,' len=70 rcpt(163)
FMT0 persist at /var/zxid/bus/ch/default/M4ZJtVs3OBLo97CH8Xcw6Y_CLLw 'test(-1,2,' len=70 rcpt(164)
FMT0 persist at /var/zxid/bus/ch/default/FNTx1LzxYaVxAclHQlCH7X-XvBg 'test(-1,2,' len=70 rcpt(165)
FMT0 persist at /var/zxid/bus/ch/default/LNIiGVuBPlRuAnk4UZN9Nvjzi4I 'test(-1,2,' len=70 rcpt(166)
FMT0 persist at /var/zxid/bus/ch/default/eVrAjlWfNeJ4TJE8vKPKn2bWEl8 'test(-1,2,' len=70 rcpt(167)
FMT0 persist at /var/zxid/bus/ch/default/UiwTfv7jGrH8vME3s5H35PVGFVc 'test(-1,2,' len=70 rcpt(168)
FMT0 persist at /var/zxid/bus/ch/default/9z41Y0nA6sQc4paSHpzS6mlKxi4 'test(-1,2,' len=70 rcpt(169)
FMT0 persist at /var/zxid/bus/ch/default/CJoEkOA5pKW_haDaVzfDM5JKfWw 'test(-1,2,' len=70 rcpt(170)
FMT0 persist at /var/zxid/bus/ch/default/qWz7fHkE3YnqQTEJcy4AIA5sKaY 'test(-1,2,' len=69 rcpt(171)
FMT0 persist at /var/zxid/bus/ch/default/olnYjB4PxChY-pglI3gtzbq-vJo 'test(-1,2,' len=69 rcpt(172)
FMT0 persist at /var/zxid/bus/ch/default/fLAkyZYPWt6KOQoeomP-vKGPVN0 'test(-1,2,' len=69 rcpt(173)
FMT0 persist at /var/zxid/bus/ch/default/ohDSEgSk6ryf5PHMmfQHJKq-PFI 'test(-1,2,' len=69 rcpt(174)
FMT0 persist at /var/zxid/bus/ch/default/fPJFRyMvU6g8K7Hw3TvkR2OtocM 'test(-1,2,' len=69 rcpt(175)
FMT0 persist at /var/zxid/bus/ch/default/GGfLl6j_InTy5ytbDVs2ujcDlZw 'test(-1,2,' len=69 rcpt(176)
FMT0 persist at /var/zxid/bus/ch/default/7YxW2VaB5DpDkAz5trwp3Ax3wZI 'test(-1,2,' len=69 rcpt(177)
FMT0 persist at /var/zxid/bus/ch/default/BR9Ph-SeirIURiHt-qVU_ZteJlY 'test(-1,2,' len=69 rcpt(178)
FMT0 persist at /var/zxid/bus/ch/default/CAabkvyFRx0BKllrR-vcVGY54Ms 'test(-1,2,' len=69 rcpt(179)
FMT0 persist at /var/zxid/bus/ch/default/5JZfNr46_6qI7vhecLqw_ILHG_0 'test(-1,1,' len=70 rcpt(180)
FMT0 persist at /var/zxid/bus/ch/default/SGwxQ_FdT3A6ik5tNKbC5mvnzgM 'test(-1,1,' len=70 rcpt(181)
FMT0 persist at /var/zxid/bus/ch/default/Ia_CFrw1-zoHcg7S5QxyCQx-SU4 'test(-1,1,' len=70 rcpt(182)
FMT0 persist at /var/zxid/bus/ch/default/0ZbZgCo4g0vu5h28Ek9gw7Ytdjs 'test(-1,1,' len=70 rcpt(183)
FMT0 persist at /var/zxid/bus/ch/default/w-eykZu45fM_XvjDBOYUSF2FZM4 'test(-1,1,' len=70 rcpt(184)
FMT0 persist at /var/zxid/bus/ch/default/JyX63XJwQM7UYJSP5I4pIR0VmZk 'test(-1,1,' len=70 rcpt(185)
FMT0 persist at /var/zxid/bus/ch/default/NSJPenF9FjogbKEJw6ca26PS_YQ 'test(-1,1,' len=70 rcpt(186)
FMT0 persist at /var/zxid/bus/ch/default/wDLZVz5CSdJSrcKVQyrWNFdeBoM 'test(-1,1,' len=70 rcpt(187)
FMT0 persist at /var/zxid/bus/ch/default/81PyqnAeb_IbFBYE1OmhR657z8Y 'test(-1,1,' len=70 rcpt(188)
FMT0 persist at /var/zxid/bus/ch/default/5aMsniqYhZ3BaaGpzAx4KIsoMf0 'test(-1,1,' len=70 rcpt(189)
FMT0 persist at /var/zxid/bus/ch/default/DWbJHkKz6WiSupYaA3tL1rHHVrI 'test(-1,1,' len=70 rcpt(190)
FMT0 persist at /var/zxid/bus/ch/default/_QstI9txTGoLfzRpuSJMjECdseo 'test(-1,1,' len=69 rcpt(191)
FMT0 persist at /var/zxid/bus/ch/default/lkDhTw_AmwroUMna8wJmuPpPRco 'test(-1,1,' len=69 rcpt(192)
FMT0 persist at /var/zxid/bus/ch/default/eSJEWgmOM7T_qutlQzr2gNBviEc 'test(-1,1,' len=69 rcpt(193)
FMT0 persist at /var/zxid/bus/ch/default/zkm-zt2jLxp1Qm27FLBXXk1q5J8 'test(-1,1,' len=69 rcpt(194)
FMT0 persist at /var/zxid/bus/ch/default/60La3iNyMut5ik_JXt13n5LBDV0 'test(-1,1,' len=69 rcpt(195)
FMT0 persist at /var/zxid/bus/ch/default/Mimck2fMjz8BkutqZvW_8NPAm70 'test(-1,1,' len=69 rcpt(196)
FMT0 persist at /var/zxid/bus/ch/default/-mGfiZRtzEvudDjZueFqgkmWPDs 'test(-1,1,' len=69 rcpt(197)
FMT0 persist at /var/zxid/bus/ch/default/TK4nD0AlE09MVKvIziTJsooAlxQ 'test(-1,1,' len=69 rcpt(198)
FMT0 persist at /var/zxid/bus/ch/default/Vh27nmUo7GROgR2smUSy5U4yWnw 'test(-1,1,' len=69 rcpt(199)
FMT0 persist at /var/zxid/bus/ch/default/bjZtT6SuxzOFHc1GLnoFdMdSbm0 'F' len=55 rcpt(0)
shf_0x98c0550  // max_ios=1000
-> io_0xb676a418
  io_0xb676a418 -> pdu_0xb67ad268 [label=cur_pdu]; // fd=0x4
  io_0xb676a418 -> null [label=reqs];
  io_0xb676a418 -> null [label=pending];
  io_0xb676a418 -> null [label=to_write_produce];
  io_0xb676a418 -> null [label=to_write_consume];  // n_to_write=0
  io_0xb676a418 -> null [label=in_write];
-> io_0xb676a620
  io_0xb676a620 -> pdu_0xb6c06e90 [label=cur_pdu]; // fd=0x6
  io_0xb676a620 -> null [label=reqs];
  io_0xb676a620  // pending
    -> pdu_0xb6c0ba20  // (MESS)
    pdu_0xb6c0ba20 -> null [label=reals];
    pdu_0xb6c0ba20 -> null [label=synths];
    pdu_0xb6c0ba20 -> null [label=subresps];
  io_0xb676a620 -> null [label=to_write_produce];
  io_0xb676a620 -> null [label=to_write_consume];  // n_to_write=0
  io_0xb676a620 -> null [label=in_write];
-> io_0xb676a828
  io_0xb676a828 -> pdu_0xb6bdd318 [label=cur_pdu]; // fd=0x8
  io_0xb676a828 -> null [label=reqs];
  io_0xb676a828  // pending
    -> pdu_0xb6bec260  // (MESS)
    pdu_0xb6bec260 -> null [label=reals];
    pdu_0xb6bec260 -> null [label=synths];
    pdu_0xb6bec260 -> null [label=subresps];
  io_0xb676a828 -> null [label=to_write_produce];
  io_0xb676a828 -> null [label=to_write_consume];  // n_to_write=0
  io_0xb676a828 -> null [label=in_write];
-> io_0xb676a92c
  io_0xb676a92c -> pdu_0xb67b1160 [label=cur_pdu]; // fd=0x9
  io_0xb676a92c  // reqs
    -> pdu_0xb6bbdb58  // (ZXCT)
    pdu_0xb6bbdb58 -> null [label=reals];
    pdu_0xb6bbdb58 -> null [label=synths];
    pdu_0xb6bbdb58 -> null [label=subresps];
[label=reqs];
  io_0xb676a92c -> null [label=pending];
[label=pending];
  io_0xb676a92c -> null [label=to_write_produce];
  io_0xb676a92c -> null [label=to_write_consume];  // n_to_write=0
  io_0xb676a92c -> null [label=in_write];
[label=ios];
shf_0x98c0550 -> null [label=todo_consume];
shf_0x98c0550   // free_pdus (color=4)
-> pdu_0xb6c17708 -> pdu_0xb6c183a0 -> pdu_0xb6c19038 -> pdu_0xb6c19cd0 -> pdu_0xb6c1a968 -> pdu_0xb6c1b600 -> pdu_0xb6c1c298 -> pdu_0xb6c1cf30 -> pdu_0xb6c1dbc8 -> pdu_0xb6c1e860 -> pdu_0xb6c1f4f8 -> pdu_0xb6c20190 -> pdu_0xb6c20e28 -> pdu_0xb6c21ac0 -> pdu_0xb6c22758 -> pdu_0xb6c233f0 -> pdu_0xb6c24088 -> pdu_0xb6c24d20 -> pdu_0xb6c259b8 -> pdu_0xb6c26650 -> pdu_0xb6c272e8 -> pdu_0xb6c27f80 -> pdu_0xb6c28c18 -> pdu_0xb6c298b0 -> pdu_0xb6c2a548 -> pdu_0xb6c2b1e0 -> pdu_0xb6c2be78 -> pdu_0xb6c2cb10 -> pdu_0xb6c2d7a8 -> pdu_0xb6c2e440 -> pdu_0xb6c2f0d8 -> pdu_0xb6c2fd70 -> pdu_0xb6c30a08 -> pdu_0xb6c316a0 -> pdu_0xb6c32338 -> pdu_0xb6c32fd0 -> pdu_0xb6c33c68 -> pdu_0xb6c34900 -> pdu_0xb6c35598 -> pdu_0xb6c36230 -> pdu_0xb6c36ec8 -> pdu_0xb6c37b60 -> pdu_0xb6c387f8 -> pdu_0xb6c39490 -> pdu_0xb6c3a128 -> pdu_0xb6c3adc0 -> pdu_0xb6c3ba58 -> pdu_0xb6c3c6f0 -> pdu_0xb6c3d388 -> pdu_0xb6c3e020 -> pdu_0xb6c3ecb8 -> pdu_0xb6c3f950 -> pdu_0xb6c405e8 -> pdu_0xb6c41280 -> pdu_0xb6c41f18 -> pdu_0xb6c42bb0 -> pdu_0xb6c43848 -> pdu_0xb6c444e0 -> pdu_0xb6c45178 -> pdu_0xb6c45e10 -> pdu_0xb6c46aa8 -> pdu_0xb6c47740 -> pdu_0xb6c483d8 -> pdu_0xb6c49070 -> pdu_0xb6c49d08 -> pdu_0xb6c4a9a0 -> pdu_0xb6c4b638 -> pdu_0xb6c4c2d0 -> pdu_0xb6c4cf68 -> pdu_0xb6c4dc00 -> pdu_0xb6c4e898 -> pdu_0xb6c4f530 -> pdu_0xb6c501c8 -> pdu_0xb6c50e60 -> pdu_0xb6c51af8 -> pdu_0xb6c52790 -> pdu_0xb6c53428 -> pdu_0xb6c540c0 -> pdu_0xb6c54d58 -> pdu_0xb6c559f0 -> pdu_0xb6c56688 -> pdu_0xb6c57320 -> pdu_0xb6c57fb8 -> pdu_0xb6c58c50 -> pdu_0xb6c598e8 -> pdu_0xb6c5a580 -> pdu_0xb6c5b218 -> pdu_0xb6c5beb0 -> pdu_0xb6c5cb48 -> pdu_0xb6c5d7e0 -> pdu_0xb6c5e478 -> pdu_0xb6c5f110 -> pdu_0xb6c5fda8 -> pdu_0xb6c60a40 -> pdu_0xb6c616d8 -> pdu_0xb6c62370 -> pdu_0xb6c63008 -> pdu_0xb6c63ca0 -> pdu_0xb6c64938 -> pdu_0xb6c655d0 -> pdu_0xb6c66268 -> pdu_0xb6c66f00 -> pdu_0xb6c67b98 -> pdu_0xb6c68830 -> pdu_0xb6c694c8 -> pdu_0xb6c6a160 -> pdu_0xb6c6adf8 -> pdu_0xb6c6ba90 -> pdu_0xb6c6c728 -> pdu_0xb6c6d3c0 -> pdu_0xb6c6e058 -> pdu_0xb6c6ecf0 -> pdu_0xb6c6f988 -> pdu_0xb6c70620 -> pdu_0xb6c712b8 -> pdu_0xb6c71f50 -> pdu_0xb6c72be8 -> pdu_0xb6c73880 -> pdu_0xb6c74518 -> pdu_0xb6c751b0 -> pdu_0xb6c75e48 -> pdu_0xb6c76ae0 -> pdu_0xb6c77778 -> pdu_0xb6c78410 -> pdu_0xb6c790a8 -> pdu_0xb6c79d40 -> pdu_0xb6c7a9d8 -> pdu_0xb6c7b670 -> pdu_0xb6c7c308 -> pdu_0xb6c7cfa0 -> pdu_0xb6c7dc38 -> pdu_0xb6c7e8d0 -> pdu_0xb6c7f568 -> pdu_0xb6c80200 -> pdu_0xb6c80e98 -> pdu_0xb6c81b30 -> pdu_0xb6c827c8 -> pdu_0xb6c83460 -> pdu_0xb6c840f8 -> pdu_0xb6c84d90 -> pdu_0xb6c85a28 -> pdu_0xb6c866c0 -> pdu_0xb6c87358 -> pdu_0xb6c87ff0 -> pdu_0xb6c88c88 -> pdu_0xb6c89920 -> pdu_0xb6c8a5b8 -> pdu_0xb6c8b250 -> pdu_0xb6c8bee8 -> pdu_0xb6c8cb80 -> pdu_0xb6c8d818 -> pdu_0xb6c8e4b0 -> pdu_0xb6c8f148 -> pdu_0xb6c8fde0 -> pdu_0xb6c90a78 -> pdu_0xb6c91710 -> pdu_0xb6c923a8 -> pdu_0xb6c93040 -> pdu_0xb6c93cd8 -> pdu_0xb6c94970 -> pdu_0xb6c95608 -> pdu_0xb6c962a0 -> pdu_0xb6c96f38 -> pdu_0xb6c97bd0 -> pdu_0xb6c98868 -> pdu_0xb6c99500 -> pdu_0xb6c9a198 -> pdu_0xb6c9ae30 -> pdu_0xb6c9bac8 -> pdu_0xb6c9c760 -> pdu_0xb6c9d3f8 -> pdu_0xb6c9e090 -> pdu_0xb6c9ed28 -> pdu_0xb6c9f9c0 -> pdu_0xb6ca0658 -> pdu_0xb6ca12f0 -> pdu_0xb6ca1f88 -> pdu_0xb6ca2c20 -> pdu_0xb6ca38b8 -> pdu_0xb6ca4550 -> pdu_0xb6ca51e8 -> pdu_0xb6ca5e80 -> pdu_0xb6ca6b18 -> pdu_0xb6ca77b0 -> pdu_0xb6ca8448 -> pdu_0xb6ca90e0 -> pdu_0xb6ca9d78 -> pdu_0xb6caaa10 -> pdu_0xb6cab6a8 -> pdu_0xb6cac340 -> pdu_0xb6cacfd8 -> pdu_0xb6cadc70 -> pdu_0xb6cae908 -> pdu_0xb6caf5a0 -> pdu_0xb6cb0238 -> pdu_0xb6cb0ed0 -> pdu_0xb6cb1b68 -> pdu_0xb6cb2800 -> pdu_0xb6cb3498 -> pdu_0xb6cb4130 -> pdu_0xb6cb4dc8 -> pdu_0xb6cb5a60 -> pdu_0xb6cb66f8 -> pdu_0xb6cb7390 -> pdu_0xb6cb8028 -> pdu_0xb6cb8cc0 -> pdu_0xb6cb9958 -> pdu_0xb6cba5f0 -> pdu_0xb6cbb288 -> pdu_0xb6cbbf20 -> pdu_0xb6cbcbb8 -> pdu_0xb6cbd850 -> pdu_0xb6cbe4e8 -> pdu_0xb6cbf180 -> pdu_0xb6cbfe18 -> pdu_0xb6cc0ab0 -> pdu_0xb6cc1748 -> pdu_0xb6cc23e0 -> pdu_0xb6cc3078 -> pdu_0xb6cc3d10 -> pdu_0xb6cc49a8 -> pdu_0xb6cc5640 -> pdu_0xb6cc62d8 -> pdu_0xb6cc6f70 -> pdu_0xb6cc7c08 -> pdu_0xb6cc88a0 -> pdu_0xb6cc9538 -> pdu_0xb6cca1d0 -> pdu_0xb6ccae68 -> pdu_0xb6ccbb00 -> pdu_0xb6ccc798 -> pdu_0xb6ccd430 -> pdu_0xb6cce0c8 -> pdu_0xb6cced60 -> pdu_0xb6ccf9f8 -> pdu_0xb6cd0690 -> pdu_0xb6cd1328 -> pdu_0xb6cd1fc0 -> pdu_0xb6cd2c58 -> pdu_0xb6cd38f0 -> pdu_0xb6cd4588 -> pdu_0xb6cd5220 -> pdu_0xb6cd5eb8 -> pdu_0xb6cd6b50 -> pdu_0xb6cd77e8 -> pdu_0xb6cd8480 -> pdu_0xb6cd9118 -> pdu_0xb6cd9db0 -> pdu_0xb6cdaa48 -> pdu_0xb6cdb6e0 -> pdu_0xb6cdc378 -> pdu_0xb6cdd010 -> pdu_0xb6cddca8 -> pdu_0xb6cde940 -> pdu_0xb6cdf5d8 -> pdu_0xb6ce0270 -> pdu_0xb6ce0f08 -> pdu_0xb6ce1ba0 -> pdu_0xb6ce2838 -> pdu_0xb6ce34d0 -> pdu_0xb6ce4168 -> pdu_0xb6ce4e00 -> pdu_0xb6ce5a98 -> pdu_0xb6ce6730 -> pdu_0xb6ce73c8 -> pdu_0xb6ce8060 -> pdu_0xb6ce8cf8 -> pdu_0xb6ce9990 -> pdu_0xb6cea628 -> pdu_0xb6ceb2c0 -> pdu_0xb6cebf58 -> pdu_0xb6cecbf0 -> pdu_0xb6ced888 -> pdu_0xb6cee520 -> pdu_0xb6cef1b8 -> pdu_0xb6cefe50 -> pdu_0xb6cf0ae8 -> pdu_0xb6cf1780 -> pdu_0xb6cf2418 -> pdu_0xb6cf30b0 -> pdu_0xb6cf3d48 -> pdu_0xb6cf49e0 -> pdu_0xb6cf5678 -> pdu_0xb6cf6310 -> pdu_0xb6cf6fa8 -> pdu_0xb6cf7c40 -> pdu_0xb6cf88d8 -> pdu_0xb6cf9570 -> pdu_0xb6cfa208 -> pdu_0xb6cfaea0 -> pdu_0xb6cfbb38 -> pdu_0xb6cfc7d0 -> pdu_0xb6cfd468 -> pdu_0xb6cfe100 -> pdu_0xb6cfed98 -> pdu_0xb6cffa30 -> pdu_0xb6d006c8 -> pdu_0xb6d01360 -> pdu_0xb6d01ff8 -> pdu_0xb6d02c90 -> pdu_0xb6d03928 -> pdu_0xb6d045c0 -> pdu_0xb6d05258 -> pdu_0xb6d05ef0 -> pdu_0xb6d06b88 -> pdu_0xb6d07820 -> pdu_0xb6d084b8 -> pdu_0xb6d09150 -> pdu_0xb6d09de8 -> pdu_0xb6d0aa80 -> pdu_0xb6d0b718 -> pdu_0xb6d0c3b0 -> pdu_0xb6d0d048 -> pdu_0xb6d0dce0 -> pdu_0xb6d0e978 -> pdu_0xb6d0f610 -> pdu_0xb6d102a8 -> pdu_0xb6d10f40 -> pdu_0xb6d11bd8 -> pdu_0xb6d12870 -> pdu_0xb6d13508 -> pdu_0xb6d141a0 -> pdu_0xb6d14e38 -> pdu_0xb6d15ad0 -> pdu_0xb6d16768 -> pdu_0xb6d17400 -> pdu_0xb6d18098 -> pdu_0xb6d18d30 -> pdu_0xb6d199c8 -> pdu_0xb6d1a660 -> pdu_0xb6d1b2f8 -> pdu_0xb6d1bf90 -> pdu_0xb6d1cc28 -> pdu_0xb6d1d8c0 -> pdu_0xb6d1e558 -> pdu_0xb6d1f1f0 -> pdu_0xb6d1fe88 -> pdu_0xb6d20b20 -> pdu_0xb6d217b8 -> pdu_0xb6d22450 -> pdu_0xb6d230e8 -> pdu_0xb6d23d80 -> pdu_0xb6d24a18 -> pdu_0xb6d256b0 -> pdu_0xb6d26348 -> pdu_0xb6d26fe0 -> pdu_0xb6d27c78 -> pdu_0xb6d28910 -> pdu_0xb6d295a8 -> pdu_0xb6d2a240 -> pdu_0xb6d2aed8 -> pdu_0xb6d2bb70 -> pdu_0xb6d2c808 -> pdu_0xb6d2d4a0 -> pdu_0xb6d2e138 -> pdu_0xb6d2edd0 -> pdu_0xb6d2fa68 -> pdu_0xb6d30700 -> pdu_0xb6d31398 -> pdu_0xb6d32030 -> pdu_0xb6d32cc8 -> pdu_0xb6d33960 -> pdu_0xb6d345f8 -> pdu_0xb6d35290 -> pdu_0xb6d35f28 -> pdu_0xb6d36bc0 -> pdu_0xb6d37858 -> pdu_0xb6d384f0 -> pdu_0xb6d39188 -> pdu_0xb6d39e20 -> pdu_0xb6d3aab8 -> pdu_0xb6d3b750 -> pdu_0xb6d3c3e8 -> pdu_0xb6d3d080 -> pdu_0xb6d3dd18 -> pdu_0xb6d3e9b0 -> pdu_0xb6d3f648 -> pdu_0xb6d402e0 -> pdu_0xb6d40f78 -> pdu_0xb6d41c10 -> pdu_0xb6d428a8 -> pdu_0xb6d43540 -> pdu_0xb6d441d8 -> pdu_0xb6d44e70 -> pdu_0xb6d45b08 -> pdu_0xb6d467a0 -> pdu_0xb6d47438 -> pdu_0xb6d480d0 -> pdu_0xb6d48d68 -> pdu_0xb6d49a00 -> pdu_0xb6d4a698 -> pdu_0xb6d4b330 -> pdu_0xb6d4bfc8 -> pdu_0xb6d4cc60 -> pdu_0xb6d4d8f8 -> pdu_0xb6d4e590 -> pdu_0xb6d4f228 -> pdu_0xb6d4fec0 -> pdu_0xb6d50b58 -> pdu_0xb6d517f0 -> pdu_0xb6d52488 -> pdu_0xb6d53120 -> pdu_0xb6d53db8 -> pdu_0xb6d54a50 -> pdu_0xb6d556e8 -> pdu_0xb6d56380 -> pdu_0xb6d57018 -> pdu_0xb6d57cb0 -> pdu_0xb6d58948 -> pdu_0xb6d595e0 -> pdu_0xb6d5a278 -> pdu_0xb6d5af10 -> pdu_0xb6d5bba8 -> pdu_0xb6d5c840 -> pdu_0xb6d5d4d8 -> pdu_0xb6d5e170 -> pdu_0xb6d5ee08 -> pdu_0xb6d5faa0 -> pdu_0xb6d60738 -> pdu_0xb6d613d0 -> pdu_0xb6d62068 -> pdu_0xb6d62d00 -> pdu_0xb6d63998 -> pdu_0xb6d64630 -> pdu_0xb6d652c8 -> pdu_0xb6d65f60 -> pdu_0xb6d66bf8 -> pdu_0xb6d67890 -> pdu_0xb6d68528 -> pdu_0xb6d691c0 -> pdu_0xb6d69e58 -> pdu_0xb6d6aaf0 -> pdu_0xb6d6b788 -> pdu_0xb6d6c420 -> pdu_0xb6d6d0b8 -> pdu_0xb6d6dd50 -> pdu_0xb6d6e9e8 -> pdu_0xb6d6f680 -> pdu_0xb6d70318 -> pdu_0xb6d70fb0 -> pdu_0xb6d71c48 -> pdu_0xb6d728e0 -> pdu_0xb6d73578 -> pdu_0xb6d74210 -> pdu_0xb6d74ea8 -> pdu_0xb6d75b40 -> pdu_0xb6d767d8 -> pdu_0xb6d77470 -> pdu_0xb6d78108 -> pdu_0xb6d78da0 -> pdu_0xb6d79a38 -> pdu_0xb6d7a6d0 -> pdu_0xb6d7b368 -> pdu_0xb6d7c000 -> pdu_0xb6d7cc98 -> pdu_0xb6d7d930 -> pdu_0xb6d7e5c8 -> pdu_0xb6d7f260 -> pdu_0xb6d7fef8 -> pdu_0xb6d80b90 -> pdu_0xb6d81828 -> pdu_0xb6d824c0 -> pdu_0xb6d83158 -> pdu_0xb6d83df0 -> pdu_0xb6d84a88 -> pdu_0xb6d85720 -> pdu_0xb6d863b8 -> pdu_0xb6d87050 -> pdu_0xb6d87ce8 -> pdu_0xb6d88980 -> pdu_0xb6d89618 -> pdu_0xb6d8a2b0 -> pdu_0xb6d8af48 -> pdu_0xb6d8bbe0 -> pdu_0xb6d8c878 -> pdu_0xb6d8d510 -> pdu_0xb6d8e1a8 -> pdu_0xb6d8ee40 -> pdu_0xb6d8fad8 -> pdu_0xb6d90770 -> pdu_0xb6d91408 -> pdu_0xb6d920a0 -> pdu_0xb6d92d38 -> pdu_0xb6d939d0 -> pdu_0xb6d94668 -> pdu_0xb6d95300 -> pdu_0xb6d95f98 -> pdu_0xb6d96c30 -> pdu_0xb6d978c8 -> pdu_0xb6d98560 -> pdu_0xb6d991f8 -> pdu_0xb6d99e90 -> pdu_0xb6d9ab28 -> pdu_0xb6d9b7c0 -> pdu_0xb6d9c458 -> pdu_0xb6d9d0f0 -> pdu_0xb6d9dd88 -> pdu_0xb6d9ea20 -> pdu_0xb6d9f6b8 -> pdu_0xb6da0350 -> pdu_0xb6da0fe8 -> pdu_0xb6da1c80 -> pdu_0xb6da2918 -> pdu_0xb6da35b0 -> pdu_0xb6da4248 -> pdu_0xb6da4ee0 -> pdu_0xb6da5b78 -> pdu_0xb6da6810 -> pdu_0xb6da74a8 -> pdu_0xb6da8140 -> pdu_0xb6da8dd8 -> pdu_0xb6da9a70 -> pdu_0xb6daa708 -> pdu_0xb6dab3a0 -> pdu_0xb6dac038 -> pdu_0xb6daccd0 -> pdu_0xb6dad968 -> pdu_0xb6dae600 -> pdu_0xb6daf298 -> pdu_0xb6daff30 -> pdu_0xb6db0bc8 -> pdu_0xb6db1860 -> pdu_0xb6db24f8 -> pdu_0xb6db3190 -> pdu_0xb6db3e28 -> pdu_0xb6db4ac0 -> pdu_0xb6db5758 -> pdu_0xb6db63f0 -> pdu_0xb6db7088 -> pdu_0xb6db7d20 -> pdu_0xb6db89b8 -> pdu_0xb6db9650 -> pdu_0xb6dba2e8 -> pdu_0xb6dbaf80 -> pdu_0xb6dbbc18 -> pdu_0xb6dbc8b0 -> pdu_0xb6dbd548 -> pdu_0xb6dbe1e0 -> pdu_0xb6dbee78 -> pdu_0xb6dbfb10 -> pdu_0xb6dc07a8 -> pdu_0xb6dc1440 -> pdu_0xb6dc20d8 -> pdu_0xb6dc2d70 -> pdu_0xb6dc3a08 -> pdu_0xb6dc46a0 -> pdu_0xb6dc5338 -> pdu_0xb6dc5fd0 -> pdu_0xb6dc6c68 -> pdu_0xb6dc7900 -> pdu_0xb6dc8598 -> pdu_0xb6dc9230 -> pdu_0xb6dc9ec8 -> pdu_0xb6dcab60 -> pdu_0xb6dcb7f8 -> pdu_0xb6dcc490 -> pdu_0xb6dcd128 -> pdu_0xb6dcddc0 -> pdu_0xb6dcea58 -> pdu_0xb6dcf6f0 -> pdu_0xb6dd0388 -> pdu_0xb6dd1020 -> pdu_0xb6dd1cb8 -> pdu_0xb6dd2950 -> pdu_0xb6dd35e8 -> pdu_0xb6dd4280 -> pdu_0xb6dd4f18 -> pdu_0xb6dd5bb0 -> pdu_0xb6dd6848 -> pdu_0xb6dd74e0 -> pdu_0xb6dd8178 -> pdu_0xb6dd8e10 -> pdu_0xb6dd9aa8 -> pdu_0xb6dda740 -> pdu_0xb6ddb3d8 -> pdu_0xb6ddc070 -> pdu_0xb6ddcd08 -> pdu_0xb6ddd9a0 -> pdu_0xb6dde638 -> pdu_0xb6ddf2d0 -> pdu_0xb6ddff68 -> pdu_0xb6de0c00 -> pdu_0xb6de1898 -> pdu_0xb6de2530 -> pdu_0xb6de31c8 -> pdu_0xb6de3e60 -> pdu_0xb6de4af8 -> pdu_0xb6de5790 -> pdu_0xb6de6428 -> pdu_0xb6de70c0 -> pdu_0xb6de7d58 -> pdu_0xb6de89f0 -> pdu_0xb6de9688 -> pdu_0xb6dea320 -> pdu_0xb6deafb8 -> pdu_0xb6debc50 -> pdu_0xb6dec8e8 -> pdu_0xb6ded580 -> pdu_0xb6dee218 -> pdu_0xb6deeeb0 -> pdu_0xb6defb48 -> pdu_0xb6df07e0 -> pdu_0xb6df1478 -> pdu_0xb6df2110 -> pdu_0xb6df2da8 -> pdu_0xb6df3a40 -> pdu_0xb6df46d8 -> pdu_0xb6df5370 -> pdu_0xb6df6008 -> pdu_0xb6df6ca0 -> pdu_0xb6df7938 -> pdu_0xb6df85d0 -> pdu_0xb6df9268 -> pdu_0xb6df9f00 -> pdu_0xb6dfab98 -> pdu_0xb6dfb830 -> pdu_0xb6dfc4c8 -> pdu_0xb6dfd160 -> pdu_0xb6dfddf8 -> pdu_0xb6dfea90 -> pdu_0xb6dff728 -> pdu_0xb6e003c0 -> pdu_0xb6e01058 -> pdu_0xb6e01cf0 -> pdu_0xb6e02988 -> pdu_0xb6e03620 -> pdu_0xb6e042b8 -> pdu_0xb6e04f50 -> pdu_0xb6e05be8 -> pdu_0xb6e06880 -> pdu_0xb6e07518 -> pdu_0xb6e081b0 -> pdu_0xb6e08e48 -> pdu_0xb6e09ae0 -> pdu_0xb6e0a778 -> pdu_0xb6e0b410 -> pdu_0xb6e0c0a8 -> pdu_0xb6e0cd40 -> pdu_0xb6e0d9d8 -> pdu_0xb6e0e670 -> pdu_0xb6e0f308 -> pdu_0xb6e0ffa0 -> pdu_0xb6e10c38 -> pdu_0xb6e118d0 -> pdu_0xb6e12568 -> pdu_0xb6e13200 -> pdu_0xb6e13e98 -> pdu_0xb6e14b30 -> pdu_0xb6e157c8 -> pdu_0xb6e16460 -> pdu_0xb6e170f8 -> pdu_0xb6e17d90 -> pdu_0xb6e18a28 -> pdu_0xb6e196c0 -> pdu_0xb6e1a358 -> pdu_0xb6e1aff0 -> pdu_0xb6e1bc88 -> pdu_0xb6e1c920 -> pdu_0xb6e1d5b8 -> pdu_0xb6e1e250 -> pdu_0xb6e1eee8 -> pdu_0xb6e1fb80 -> pdu_0xb6e20818 -> pdu_0xb6e214b0 -> pdu_0xb6e22148 -> pdu_0xb6e22de0 -> pdu_0xb6e23a78 -> pdu_0xb6e24710 -> pdu_0xb6e253a8 -> pdu_0xb6e26040 -> pdu_0xb6e26cd8 -> pdu_0xb6e27970 -> pdu_0xb6e28608 -> pdu_0xb6e292a0 -> pdu_0xb6e29f38 -> pdu_0xb6e2abd0 -> pdu_0xb6e2b868 -> pdu_0xb6e2c500 -> pdu_0xb6e2d198 -> pdu_0xb6e2de30 -> pdu_0xb6e2eac8 -> pdu_0xb6e2f760 -> pdu_0xb6e303f8 -> pdu_0xb6e31090 -> pdu_0xb6e31d28 -> pdu_0xb6e329c0 -> pdu_0xb6e33658 -> pdu_0xb6e342f0 -> pdu_0xb6e34f88 -> pdu_0xb6e35c20 -> pdu_0xb6e368b8 -> pdu_0xb6e37550 -> pdu_0xb6e381e8 -> pdu_0xb6e38e80 -> pdu_0xb6e39b18 -> pdu_0xb6e3a7b0 -> pdu_0xb6e3b448 -> pdu_0xb6e3c0e0 -> pdu_0xb6e3cd78 -> pdu_0xb6e3da10 -> pdu_0xb6e3e6a8 -> pdu_0xb6e3f340 -> pdu_0xb6e3ffd8 -> pdu_0xb6e40c70 -> pdu_0xb6e41908 -> pdu_0xb6e425a0 -> pdu_0xb6e43238 -> pdu_0xb6e43ed0 -> pdu_0xb6e44b68 -> pdu_0xb6e45800 -> pdu_0xb6e46498 -> pdu_0xb6e47130 -> pdu_0xb6e47dc8 -> pdu_0xb6e48a60 -> pdu_0xb6e496f8 -> pdu_0xb6e4a390 -> pdu_0xb6e4b028 -> pdu_0xb6e4bcc0 -> pdu_0xb6e4c958 -> pdu_0xb6e4d5f0 -> pdu_0xb6e4e288 -> pdu_0xb6e4ef20 -> pdu_0xb6e4fbb8 -> pdu_0xb6e50850 -> pdu_0xb6e514e8 -> pdu_0xb6e52180 -> pdu_0xb6e52e18 -> pdu_0xb6e53ab0 -> pdu_0xb6e54748 -> pdu_0xb6e553e0 -> pdu_0xb6e56078 -> pdu_0xb6e56d10 -> pdu_0xb6e579a8 -> pdu_0xb6e58640 -> pdu_0xb6e592d8 -> pdu_0xb6e59f70 -> pdu_0xb6e5ac08 -> pdu_0xb6e5b8a0 -> pdu_0xb6e5c538 -> pdu_0xb6e5d1d0 -> pdu_0xb6e5de68 -> pdu_0xb6e5eb00 -> pdu_0xb6e5f798 -> pdu_0xb6e60430 -> pdu_0xb6e610c8 -> pdu_0xb6e61d60 -> pdu_0xb6e629f8 -> pdu_0xb6e63690 -> pdu_0xb6e64328 -> pdu_0xb6e64fc0 -> pdu_0xb6e65c58 -> pdu_0xb6e668f0 -> pdu_0xb6e67588 -> pdu_0xb6e68220 -> pdu_0xb6e68eb8 -> pdu_0xb6e69b50 -> pdu_0xb6e6a7e8 -> pdu_0xb6e6b480 -> pdu_0xb6e6c118 -> pdu_0xb6e6cdb0 -> pdu_0xb6e6da48 -> pdu_0xb6e6e6e0 -> pdu_0xb6e6f378 -> pdu_0xb6e70010 -> pdu_0xb6e70ca8 -> pdu_0xb6e71940 -> pdu_0xb6e725d8 -> pdu_0xb6e73270 -> pdu_0xb6e73f08 -> pdu_0xb6e74ba0 -> pdu_0xb6e75838 -> pdu_0xb6e764d0 -> pdu_0xb6e77168 -> pdu_0xb6e77e00 -> pdu_0xb6e78a98 -> pdu_0xb6e79730 -> pdu_0xb6e7a3c8 -> pdu_0xb6e7b060 -> pdu_0xb6e7bcf8 -> pdu_0xb6e7c990 -> pdu_0xb6e7d628 -> pdu_0xb6e7e2c0 -> pdu_0xb6e7ef58 -> pdu_0xb6e7fbf0 -> pdu_0xb6e80888 -> pdu_0xb6e81520 -> pdu_0xb6e821b8 -> pdu_0xb6e82e50 -> pdu_0xb6e83ae8 -> pdu_0xb6e84780 -> pdu_0xb6e85418 -> pdu_0xb6e860b0 -> pdu_0xb6e86d48 -> pdu_0xb6e879e0 -> pdu_0xb6e88678 -> pdu_0xb6e89310 -> pdu_0xb6e89fa8 -> pdu_0xb6e8ac40 -> pdu_0xb6e8b8d8 -> pdu_0xb6e8c570 -> pdu_0xb6e8d208 -> pdu_0xb6e8dea0 -> pdu_0xb6e8eb38 -> pdu_0xb6e8f7d0 -> pdu_0xb6e90468 -> pdu_0xb6e91100 -> pdu_0xb6e91d98 -> pdu_0xb6e92a30 -> pdu_0xb6e936c8 -> pdu_0xb6e94360 -> pdu_0xb6e94ff8 -> pdu_0xb6e95c90 -> pdu_0xb6e96928 -> pdu_0xb6e975c0 -> pdu_0xb6e98258 -> pdu_0xb6e98ef0 -> pdu_0xb6e99b88 -> pdu_0xb6e9a820 -> pdu_0xb6e9b4b8 -> pdu_0xb6e9c150 -> pdu_0xb6e9cde8 -> pdu_0xb6e9da80 -> pdu_0xb6e9e718 -> pdu_0xb6e9f3b0 -> pdu_0xb6ea0048 -> pdu_0xb6ea0ce0 -> pdu_0xb6ea1978 -> pdu_0xb6ea2610 -> pdu_0xb6ea32a8 -> pdu_0xb6ea3f40 -> pdu_0xb6ea4bd8 -> pdu_0xb6ea5870 -> pdu_0xb6ea6508 -> pdu_0xb6ea71a0 -> pdu_0xb6ea7e38 -> pdu_0xb6ea8ad0 -> pdu_0xb6ea9768 -> pdu_0xb6eaa400 -> pdu_0xb6eab098 -> pdu_0xb6eabd30 -> pdu_0xb6eac9c8 -> pdu_0xb6ead660 -> pdu_0xb6eae2f8 -> pdu_0xb6eaef90 -> pdu_0xb6eafc28 -> pdu_0xb6eb08c0 -> pdu_0xb6eb1558 -> pdu_0xb6eb21f0 -> pdu_0xb6eb2e88 -> pdu_0xb6eb3b20 -> pdu_0xb6eb47b8 -> pdu_0xb6eb5450 -> pdu_0xb6eb60e8 -> pdu_0xb6eb6d80 -> pdu_0xb6eb7a18 -> pdu_0xb6eb86b0 -> pdu_0xb6eb9348 -> pdu_0xb6eb9fe0 -> pdu_0xb6ebac78 -> pdu_0xb6ebb910 -> pdu_0xb6ebc5a8 -> pdu_0xb6ebd240 -> pdu_0xb6ebded8 -> pdu_0xb6ebeb70 -> pdu_0xb6ebf808 -> pdu_0xb6ec04a0 -> pdu_0xb6ec1138 -> pdu_0xb6ec1dd0 -> pdu_0xb6ec2a68 -> pdu_0xb6ec3700 -> pdu_0xb6ec4398 -> pdu_0xb6ec5030 -> pdu_0xb6ec5cc8 -> pdu_0xb6ec6960 -> pdu_0xb6ec75f8 -> pdu_0xb6ec8290 -> pdu_0xb6ec8f28 -> pdu_0xb6ec9bc0 -> pdu_0xb6eca858 -> pdu_0xb6ecb4f0 -> pdu_0xb6ecc188 -> pdu_0xb6ecce20 -> pdu_0xb6ecdab8 -> pdu_0xb6ece750 -> pdu_0xb6ecf3e8 -> pdu_0xb6ed0080 -> pdu_0xb6ed0d18 -> pdu_0xb6ed19b0 -> pdu_0xb6ed2648 -> pdu_0xb6ed32e0 -> pdu_0xb6ed3f78 -> pdu_0xb6ed4c10 -> pdu_0xb6ed58a8 -> pdu_0xb6ed6540 -> pdu_0xb6ed71d8 -> pdu_0xb6ed7e70 -> pdu_0xb6ed8b08 -> pdu_0xb6ed97a0 -> pdu_0xb6eda438 -> pdu_0xb6edb0d0 -> pdu_0xb6edbd68 -> pdu_0xb6edca00 -> pdu_0xb6edd698 -> pdu_0xb6ede330 -> pdu_0xb6edefc8 -> pdu_0xb6edfc60 -> pdu_0xb6ee08f8 -> pdu_0xb6ee1590 -> pdu_0xb6ee2228 -> pdu_0xb6ee2ec0 -> pdu_0xb6ee3b58 -> pdu_0xb6ee47f0 -> pdu_0xb6ee5488 -> pdu_0xb6ee6120 -> pdu_0xb6ee6db8 -> pdu_0xb6ee7a50 -> pdu_0xb6ee86e8 -> pdu_0xb6ee9380 -> pdu_0xb6eea018 -> pdu_0xb6eeacb0 -> pdu_0xb6eeb948 -> pdu_0xb6eec5e0 -> pdu_0xb6eed278 -> pdu_0xb6eedf10 -> pdu_0xb6eeeba8 -> pdu_0xb6eef840 -> pdu_0xb6ef04d8 -> pdu_0xb6ef1170 -> pdu_0xb6ef1e08 -> pdu_0xb6ef2aa0 -> pdu_0xb6ef3738 -> pdu_0xb6ef43d0 -> pdu_0xb6ef5068 -> pdu_0xb6ef5d00 -> pdu_0xb6ef6998 -> pdu_0xb6ef7630 -> pdu_0xb6ef82c8 -> pdu_0xb6ef8f60 -> pdu_0xb6ef9bf8 -> pdu_0xb6efa890 -> pdu_0xb6efb528 -> pdu_0xb6efc1c0 -> pdu_0xb6efce58 -> pdu_0xb6efdaf0 -> pdu_0xb6efe788 -> pdu_0xb6eff420 -> pdu_0xb6f000b8 -> pdu_0xb6f00d50 -> pdu_0xb6f019e8 -> pdu_0xb6f02680 -> pdu_0xb6f03318 -> pdu_0xb6f03fb0 -> pdu_0xb6f04c48 -> pdu_0xb6f058e0 -> pdu_0xb6f06578 -> pdu_0xb6f07210 -> pdu_0xb6f07ea8 -> pdu_0xb6f08b40 -> pdu_0xb6f097d8 -> pdu_0xb6f0a470 -> pdu_0xb6f0b108 -> pdu_0xb6f0bda0 -> pdu_0xb6f0ca38 -> pdu_0xb6f0d6d0 -> pdu_0xb6f0e368 -> pdu_0xb6f0f000 -> pdu_0xb6f0fc98 -> pdu_0xb6f10930 -> pdu_0xb6f115c8 -> pdu_0xb6f12260 -> pdu_0xb6f12ef8 -> pdu_0xb6f13b90 -> pdu_0xb6f14828 -> pdu_0xb6f154c0 -> pdu_0xb6f16158 -> pdu_0xb6f16df0 -> pdu_0xb6f17a88 -> pdu_0xb6f18720 -> pdu_0xb6f193b8 -> pdu_0xb6f1a050 -> pdu_0xb6f1ace8 -> pdu_0xb6f1b980 -> pdu_0xb6f1c618 -> pdu_0xb6f1d2b0 -> pdu_0xb6f1df48 -> pdu_0xb6f1ebe0 -> pdu_0xb6f1f878 -> pdu_0xb6f20510 -> pdu_0xb6f211a8 -> pdu_0xb6f21e40 -> pdu_0xb6f22ad8 -> pdu_0xb6f23770 -> pdu_0xb6f24408 -> pdu_0xb6f250a0 -> pdu_0xb6f25d38 -> pdu_0xb6f269d0 -> pdu_0xb6f27668 -> pdu_0xb6f28300 -> pdu_0xb6f28f98 -> pdu_0xb6f29c30 -> pdu_0xb6f2a8c8 -> pdu_0xb6f2b560 -> pdu_0xb6f2c1f8 -> pdu_0xb6f2ce90 -> pdu_0xb6f2db28 -> pdu_0xb6f2e7c0 -> pdu_0xb6f2f458 -> pdu_0xb6f300f0 -> pdu_0xb6f30d88 -> pdu_0xb6f31a20 -> pdu_0xb6f326b8 -> pdu_0xb6f33350 -> pdu_0xb6f33fe8 -> pdu_0xb6f34c80 -> pdu_0xb6f35918 -> pdu_0xb6f365b0 -> pdu_0xb6f37248 -> pdu_0xb6f37ee0 -> pdu_0xb6f38b78 -> pdu_0xb6f39810 -> pdu_0xb6f3a4a8 -> pdu_0xb6f3b140 -> pdu_0xb6f3bdd8 -> pdu_0xb6f3ca70 -> pdu_0xb6f3d708 -> pdu_0xb6f3e3a0 -> pdu_0xb6f3f038 -> pdu_0xb6f3fcd0 -> pdu_0xb6f40968 -> pdu_0xb6f41600 -> pdu_0xb6f42298 -> pdu_0xb6f42f30 -> pdu_0xb6f43bc8 -> pdu_0xb6f44860 -> pdu_0xb6f454f8 -> pdu_0xb6f46190 -> pdu_0xb6f46e28 -> pdu_0xb6f47ac0 -> pdu_0xb6f48758 -> pdu_0xb6f493f0 -> pdu_0xb6f4a088 -> pdu_0xb6f4ad20 -> pdu_0xb6f4b9b8 -> pdu_0xb6f4c650 -> pdu_0xb6f4d2e8 -> pdu_0xb6f4df80 -> pdu_0xb6f4ec18 -> pdu_0xb6f4f8b0 -> pdu_0xb6f50548 -> pdu_0xb6f511e0 -> pdu_0xb6f51e78 -> pdu_0xb6f52b10 -> pdu_0xb6f537a8 -> pdu_0xb6f54440 -> pdu_0xb6f550d8 -> pdu_0xb6f55d70 -> pdu_0xb6f56a08 -> pdu_0xb6f576a0 -> pdu_0xb6f58338 -> pdu_0xb6f58fd0 -> pdu_0xb6f59c68 -> pdu_0xb6f5a900 -> pdu_0xb6f5b598 -> pdu_0xb6f5c230 -> pdu_0xb6f5cec8 -> pdu_0xb6f5db60 -> pdu_0xb6f5e7f8 -> pdu_0xb6f5f490 -> pdu_0xb6f60128 -> pdu_0xb6f60dc0 -> pdu_0xb6f61a58 -> pdu_0xb6f626f0 -> pdu_0xb6f63388 -> pdu_0xb6f64020 -> pdu_0xb6f64cb8 -> pdu_0xb6f65950 -> pdu_0xb6f665e8 -> pdu_0xb6f67280 -> pdu_0xb6f67f18 -> pdu_0xb6f68bb0 -> pdu_0xb6f69848 -> pdu_0xb6f6a4e0 -> pdu_0xb6f6b178 -> pdu_0xb6f6be10 -> pdu_0xb6f6caa8 -> pdu_0xb6f6d740 -> pdu_0xb6f6e3d8 -> pdu_0xb6f6f070 -> pdu_0xb6f6fd08 -> pdu_0xb6f709a0 -> pdu_0xb6f71638 -> pdu_0xb6f722d0 -> pdu_0xb6f72f68 -> pdu_0xb6f73c00 -> pdu_0xb6f74898 -> pdu_0xb6f75530 -> pdu_0xb6f761c8 -> pdu_0xb6f76e60 -> pdu_0xb6f77af8 -> pdu_0xb6f78790 -> pdu_0xb6f79428 -> pdu_0xb6f7a0c0 -> pdu_0xb6f7ad58 -> pdu_0xb6f7b9f0 -> pdu_0xb6f7c688 -> pdu_0xb6f7d320 -> pdu_0xb6f7dfb8 -> pdu_0xb6f7ec50 -> pdu_0xb6f7f8e8 -> pdu_0xb6f80580 -> pdu_0xb6f81218 -> pdu_0xb6f81eb0 -> pdu_0xb6f82b48 -> pdu_0xb6f837e0 -> pdu_0xb6f84478 -> pdu_0xb6f85110 -> pdu_0xb6f85da8 -> pdu_0xb6f86a40 -> pdu_0xb6f876d8 -> pdu_0xb6f88370 -> pdu_0xb6f89008 -> pdu_0xb6f89ca0 -> pdu_0xb6f8a938 -> pdu_0xb6f8b5d0 -> pdu_0xb6f8c268 -> pdu_0xb6f8cf00 -> pdu_0xb6f8db98 -> pdu_0xb6f8e830 -> pdu_0xb6f8f4c8 -> pdu_0xb6f90160 -> pdu_0xb6f90df8 -> pdu_0xb6f91a90 -> pdu_0xb6f92728 -> pdu_0xb6f933c0 -> pdu_0xb6f94058 -> pdu_0xb6f94cf0 -> pdu_0xb6f95988 -> pdu_0xb6f96620 -> pdu_0xb6f972b8 -> pdu_0xb6f97f50 -> pdu_0xb6f98be8 -> pdu_0xb6f99880 -> pdu_0xb6f9a518 -> pdu_0xb6f9b1b0 -> pdu_0xb6f9be48 -> pdu_0xb6f9cae0 -> pdu_0xb6f9d778 -> pdu_0xb6f9e410 -> pdu_0xb6f9f0a8 -> pdu_0xb6f9fd40 -> pdu_0xb6fa09d8 -> pdu_0xb6fa1670 -> pdu_0xb6fa2308 -> pdu_0xb6fa2fa0 -> pdu_0xb6fa3c38 -> pdu_0xb6fa48d0 -> pdu_0xb6fa5568 -> pdu_0xb6fa6200 -> pdu_0xb6fa6e98 -> pdu_0xb6fa7b30 -> pdu_0xb6fa87c8 -> pdu_0xb6fa9460 -> pdu_0xb6faa0f8 -> pdu_0xb6faad90 -> pdu_0xb6faba28 -> pdu_0xb6fac6c0 -> pdu_0xb6fad358 -> pdu_0xb6fadff0 -> pdu_0xb6faec88 -> pdu_0xb6faf920 -> pdu_0xb6fb05b8 -> pdu_0xb6fb1250 -> pdu_0xb6fb1ee8 -> pdu_0xb6fb2b80 -> pdu_0xb6fb3818 -> pdu_0xb6fb44b0 -> pdu_0xb6fb5148 -> pdu_0xb6fb5de0 -> pdu_0xb6fb6a78 -> pdu_0xb6fb7710 -> pdu_0xb6fb83a8 -> pdu_0xb6fb9040 -> pdu_0xb6fb9cd8 -> pdu_0xb6fba970 -> pdu_0xb6fbb608 -> pdu_0xb6fbc2a0 -> pdu_0xb6fbcf38 -> pdu_0xb6fbdbd0 -> pdu_0xb6fbe868 -> pdu_0xb6fbf500 -> pdu_0xb6fc0198 -> pdu_0xb6fc0e30 -> pdu_0xb6fc1ac8 -> pdu_0xb6fc2760 -> pdu_0xb6fc33f8 -> pdu_0xb6fc4090 -> pdu_0xb6fc4d28 -> pdu_0xb6fc59c0 -> pdu_0xb6fc6658 -> pdu_0xb6fc72f0 -> pdu_0xb6fc7f88 -> pdu_0xb6fc8c20 -> pdu_0xb6fc98b8 -> pdu_0xb6fca550 -> pdu_0xb6fcb1e8 -> pdu_0xb6fcbe80 -> pdu_0xb6fccb18 -> pdu_0xb6fcd7b0 -> pdu_0xb6fce448 -> pdu_0xb6fcf0e0 -> pdu_0xb6fcfd78 -> pdu_0xb6fd0a10 -> pdu_0xb6fd16a8 -> pdu_0xb6fd2340 -> pdu_0xb6fd2fd8 -> pdu_0xb6fd3c70 -> pdu_0xb6fd4908 -> pdu_0xb6fd55a0 -> pdu_0xb6fd6238 -> pdu_0xb6fd6ed0 -> pdu_0xb6fd7b68 -> pdu_0xb6fd8800 -> pdu_0xb6fd9498 -> pdu_0xb6fda130 -> pdu_0xb6fdadc8 -> pdu_0xb6fdba60 -> pdu_0xb6fdc6f8 -> pdu_0xb6fdd390 -> pdu_0xb6fde028 -> pdu_0xb6fdecc0 -> pdu_0xb6fdf958 -> pdu_0xb6fe05f0 -> pdu_0xb6fe1288 -> pdu_0xb6fe1f20 -> pdu_0xb6fe2bb8 -> pdu_0xb6fe3850 -> pdu_0xb6fe44e8 -> pdu_0xb6fe5180 -> pdu_0xb6fe5e18 -> pdu_0xb6fe6ab0 -> pdu_0xb6fe7748 -> pdu_0xb6fe83e0 -> pdu_0xb6fe9078 -> pdu_0xb6fe9d10 -> pdu_0xb6fea9a8 -> pdu_0xb6feb640 -> pdu_0xb6fec2d8 -> pdu_0xb6fecf70 -> pdu_0xb6fedc08 -> pdu_0xb6fee8a0 -> pdu_0xb6fef538 -> pdu_0xb6ff01d0 -> pdu_0xb6ff0e68 -> pdu_0xb6ff1b00 -> pdu_0xb6ff2798 -> pdu_0xb6ff3430 -> pdu_0xb6ff40c8 -> pdu_0xb6ff4d60 -> pdu_0xb6ff59f8 -> pdu_0xb6ff6690 -> pdu_0xb6ff7328 -> pdu_0xb6ff7fc0 -> pdu_0xb6ff8c58 -> pdu_0xb6ff98f0 -> pdu_0xb6ffa588 -> pdu_0xb6ffb220 -> pdu_0xb6ffbeb8 -> pdu_0xb6ffcb50 -> pdu_0xb6ffd7e8 -> pdu_0xb6ffe480 -> pdu_0xb6fff118 -> pdu_0xb6fffdb0 -> pdu_0xb7000a48 -> pdu_0xb70016e0 -> pdu_0xb7002378 -> pdu_0xb7003010 -> pdu_0xb7003ca8 -> pdu_0xb7004940 -> pdu_0xb70055d8 -> pdu_0xb7006270 -> pdu_0xb7006f08 -> pdu_0xb7007ba0 -> pdu_0xb7008838 -> pdu_0xb70094d0 -> pdu_0xb700a168 -> pdu_0xb700ae00 -> pdu_0xb700ba98 -> pdu_0xb700c730 -> pdu_0xb700d3c8 -> pdu_0xb700e060 -> pdu_0xb700ecf8 -> pdu_0xb700f990 -> pdu_0xb7010628 -> pdu_0xb70112c0 -> pdu_0xb7011f58 -> pdu_0xb7012bf0 -> pdu_0xb7013888 -> pdu_0xb7014520 -> pdu_0xb70151b8 -> pdu_0xb7015e50 -> pdu_0xb7016ae8 -> pdu_0xb7017780 -> pdu_0xb7018418 -> pdu_0xb70190b0 -> pdu_0xb7019d48 -> pdu_0xb701a9e0 -> pdu_0xb701b678 -> pdu_0xb701c310 -> pdu_0xb701cfa8 -> pdu_0xb701dc40 -> pdu_0xb701e8d8 -> pdu_0xb701f570 -> pdu_0xb7020208 -> pdu_0xb7020ea0 -> pdu_0xb7021b38 -> pdu_0xb70227d0 -> pdu_0xb7023468 -> pdu_0xb7024100 -> pdu_0xb7024d98 -> pdu_0xb7025a30 -> pdu_0xb70266c8 -> pdu_0xb7027360 -> pdu_0xb7027ff8 -> pdu_0xb7028c90 -> pdu_0xb7029928 -> pdu_0xb702a5c0 -> pdu_0xb702b258 -> pdu_0xb702bef0 -> pdu_0xb702cb88 -> pdu_0xb702d820 -> pdu_0xb702e4b8 -> pdu_0xb702f150 -> pdu_0xb702fde8 -> pdu_0xb7030a80 -> pdu_0xb7031718 -> pdu_0xb70323b0 -> pdu_0xb7033048 -> pdu_0xb7033ce0 -> pdu_0xb7034978 -> pdu_0xb7035610 -> pdu_0xb70362a8 -> pdu_0xb7036f40 -> pdu_0xb7037bd8 -> pdu_0xb7038870 -> pdu_0xb7039508 -> pdu_0xb703a1a0 -> pdu_0xb703ae38 -> pdu_0xb703bad0 -> pdu_0xb703c768 -> pdu_0xb703d400 -> pdu_0xb703e098 -> pdu_0xb703ed30 -> pdu_0xb703f9c8 -> pdu_0xb7040660 -> pdu_0xb70412f8 -> pdu_0xb7041f90 -> pdu_0xb7042c28 -> pdu_0xb70438c0 -> pdu_0xb7044558 -> pdu_0xb70451f0 -> pdu_0xb7045e88 -> pdu_0xb7046b20 -> pdu_0xb70477b8 -> pdu_0xb7048450 -> pdu_0xb70490e8 -> pdu_0xb7049d80 -> pdu_0xb704aa18 -> pdu_0xb704b6b0 -> pdu_0xb704c348 -> pdu_0xb704cfe0 -> pdu_0xb704dc78 -> pdu_0xb704e910 -> pdu_0xb704f5a8 -> pdu_0xb7050240 -> pdu_0xb7050ed8 -> pdu_0xb7051b70 -> pdu_0xb7052808 -> pdu_0xb70534a0 -> pdu_0xb7054138 -> pdu_0xb7054dd0 -> pdu_0xb7055a68 -> pdu_0xb7056700 -> pdu_0xb7057398 -> pdu_0xb7058030 -> pdu_0xb7058cc8 -> pdu_0xb7059960 -> pdu_0xb705a5f8 -> pdu_0xb705b290 -> pdu_0xb705bf28 -> pdu_0xb705cbc0 -> pdu_0xb705d858 -> pdu_0xb705e4f0 -> pdu_0xb705f188 -> pdu_0xb705fe20 -> pdu_0xb7060ab8 -> pdu_0xb7061750 -> pdu_0xb70623e8 -> pdu_0xb7063080 -> pdu_0xb7063d18 -> pdu_0xb70649b0 -> pdu_0xb7065648 -> pdu_0xb70662e0 -> pdu_0xb7066f78 -> pdu_0xb7067c10 -> pdu_0xb70688a8 -> pdu_0xb7069540 -> pdu_0xb706a1d8 -> pdu_0xb706ae70 -> pdu_0xb706bb08 -> pdu_0xb706c7a0 -> pdu_0xb706d438 -> pdu_0xb706e0d0 -> pdu_0xb706ed68 -> pdu_0xb706fa00 -> pdu_0xb7070698 -> pdu_0xb7071330 -> pdu_0xb7071fc8 -> pdu_0xb7072c60 -> pdu_0xb70738f8 -> pdu_0xb7074590 -> pdu_0xb7075228 -> pdu_0xb7075ec0 -> pdu_0xb7076b58 -> pdu_0xb70777f0 -> pdu_0xb7078488 -> pdu_0xb7079120 -> pdu_0xb7079db8 -> pdu_0xb707aa50 -> pdu_0xb707b6e8 -> pdu_0xb707c380 -> pdu_0xb707d018 -> pdu_0xb707dcb0 -> pdu_0xb707e948 -> pdu_0xb707f5e0 -> pdu_0xb7080278 -> pdu_0xb7080f10 -> pdu_0xb7081ba8 -> pdu_0xb7082840 -> pdu_0xb70834d8 -> pdu_0xb7084170 -> pdu_0xb7084e08 -> pdu_0xb7085aa0 -> pdu_0xb7086738 -> pdu_0xb70873d0 -> pdu_0xb7088068 -> pdu_0xb7088d00 -> pdu_0xb7089998 -> pdu_0xb708a630 -> pdu_0xb708b2c8 -> pdu_0xb708bf60 -> pdu_0xb708cbf8 -> pdu_0xb708d890 -> pdu_0xb708e528 -> pdu_0xb708f1c0 -> pdu_0xb708fe58 -> pdu_0xb7090af0 -> pdu_0xb7091788 -> pdu_0xb7092420 -> pdu_0xb70930b8 -> pdu_0xb7093d50 -> pdu_0xb70949e8 -> pdu_0xb7095680 -> pdu_0xb7096318 -> pdu_0xb7096fb0 -> pdu_0xb7097c48 -> pdu_0xb70988e0 -> pdu_0xb7099578 -> pdu_0xb709a210 -> pdu_0xb709aea8 -> pdu_0xb709bb40 -> pdu_0xb709c7d8 -> pdu_0xb709d470 -> pdu_0xb709e108 -> pdu_0xb709eda0 -> pdu_0xb709fa38 -> pdu_0xb70a06d0 -> pdu_0xb70a1368 -> pdu_0xb70a2000 -> pdu_0xb70a2c98 -> pdu_0xb70a3930 -> pdu_0xb70a45c8 -> pdu_0xb70a5260 -> pdu_0xb70a5ef8 -> pdu_0xb70a6b90 -> pdu_0xb70a7828 -> pdu_0xb70a84c0 -> pdu_0xb70a9158 -> pdu_0xb70a9df0 -> pdu_0xb70aaa88 -> pdu_0xb70ab720 -> pdu_0xb70ac3b8 -> pdu_0xb70ad050 -> pdu_0xb70adce8 -> pdu_0xb70ae980 -> pdu_0xb70af618 -> pdu_0xb70b02b0 -> pdu_0xb70b0f48 -> pdu_0xb70b1be0 -> pdu_0xb70b2878 -> pdu_0xb70b3510 -> pdu_0xb70b41a8 -> pdu_0xb70b4e40 -> pdu_0xb70b5ad8 -> pdu_0xb70b6770 -> pdu_0xb70b7408 -> pdu_0xb70b80a0 -> pdu_0xb70b8d38 -> pdu_0xb70b99d0 -> pdu_0xb70ba668 -> pdu_0xb70bb300 -> pdu_0xb70bbf98 -> pdu_0xb70bcc30 -> pdu_0xb70bd8c8 -> pdu_0xb70be560 -> pdu_0xb70bf1f8 -> pdu_0xb70bfe90 -> pdu_0xb70c0b28 -> pdu_0xb70c17c0 -> pdu_0xb70c2458 -> pdu_0xb70c30f0 -> pdu_0xb70c3d88 -> pdu_0xb70c4a20 -> pdu_0xb70c56b8 -> pdu_0xb70c6350 -> pdu_0xb70c6fe8 -> pdu_0xb70c7c80 -> pdu_0xb70c8918 -> pdu_0xb70c95b0 -> pdu_0xb70ca248 -> pdu_0xb70caee0 -> pdu_0xb70cbb78 -> pdu_0xb70cc810 -> pdu_0xb70cd4a8 -> pdu_0xb70ce140 -> pdu_0xb70cedd8 -> pdu_0xb70cfa70 -> pdu_0xb70d0708 -> pdu_0xb70d13a0 -> pdu_0xb70d2038 -> pdu_0xb70d2cd0 -> pdu_0xb70d3968 -> pdu_0xb70d4600 -> pdu_0xb70d5298 -> pdu_0xb70d5f30 -> pdu_0xb70d6bc8 -> pdu_0xb70d7860 -> pdu_0xb70d84f8 -> pdu_0xb70d9190 -> pdu_0xb70d9e28 -> pdu_0xb70daac0 -> pdu_0xb70db758 -> pdu_0xb70dc3f0 -> pdu_0xb70dd088 -> pdu_0xb70ddd20 -> pdu_0xb70de9b8 -> pdu_0xb70df650 -> pdu_0xb70e02e8 -> pdu_0xb70e0f80 -> pdu_0xb70e1c18 -> pdu_0xb70e28b0 -> pdu_0xb70e3548 -> pdu_0xb70e41e0 -> pdu_0xb70e4e78 -> pdu_0xb70e5b10 -> pdu_0xb70e67a8 -> pdu_0xb70e7440 -> pdu_0xb70e80d8 -> pdu_0xb70e8d70 -> pdu_0xb70e9a08 -> pdu_0xb70ea6a0 -> pdu_0xb70eb338 -> pdu_0xb70ebfd0 -> pdu_0xb70ecc68 -> pdu_0xb70ed900 -> pdu_0xb70ee598 -> pdu_0xb70ef230 -> pdu_0xb70efec8 -> pdu_0xb70f0b60 -> pdu_0xb70f17f8 -> pdu_0xb70f2490 -> pdu_0xb70f3128 -> pdu_0xb70f3dc0 -> pdu_0xb70f4a58 -> pdu_0xb70f56f0 -> pdu_0xb70f6388 -> pdu_0xb70f7020 -> pdu_0xb70f7cb8 -> pdu_0xb70f8950 -> pdu_0xb70f95e8 -> pdu_0xb70fa280 -> pdu_0xb70faf18 -> pdu_0xb70fbbb0 -> pdu_0xb70fc848 -> pdu_0xb70fd4e0 -> pdu_0xb70fe178 -> pdu_0xb70fee10 -> pdu_0xb70ffaa8 -> pdu_0xb7100740 -> pdu_0xb71013d8 -> pdu_0xb7102070 -> pdu_0xb7102d08 -> pdu_0xb71039a0 -> pdu_0xb7104638 -> pdu_0xb71052d0 -> pdu_0xb7105f68 -> pdu_0xb7106c00 -> pdu_0xb7107898 -> pdu_0xb7108530 -> pdu_0xb71091c8 -> pdu_0xb7109e60 -> pdu_0xb710aaf8 -> pdu_0xb710b790 -> pdu_0xb710c428 -> pdu_0xb710d0c0 -> pdu_0xb710dd58 -> pdu_0xb710e9f0 -> pdu_0xb710f688 -> pdu_0xb7110320 -> pdu_0xb7110fb8 -> pdu_0xb7111c50 -> pdu_0xb71128e8 -> pdu_0xb7113580 -> pdu_0xb7114218 -> pdu_0xb7114eb0 -> pdu_0xb7115b48 -> pdu_0xb71167e0 -> pdu_0xb7117478 -> pdu_0xb7118110 -> pdu_0xb7118da8 -> pdu_0xb7119a40 -> pdu_0xb711a6d8 -> pdu_0xb711b370 -> pdu_0xb711c008 -> pdu_0xb711cca0 -> pdu_0xb711d938 -> pdu_0xb711e5d0 -> pdu_0xb711f268 -> pdu_0xb711ff00 -> pdu_0xb7120b98 -> pdu_0xb7121830 -> pdu_0xb71224c8 -> pdu_0xb7123160 -> pdu_0xb7123df8 -> pdu_0xb7124a90 -> pdu_0xb7125728 -> pdu_0xb71263c0 -> pdu_0xb7127058 -> pdu_0xb7127cf0 -> pdu_0xb7128988 -> pdu_0xb7129620 -> pdu_0xb712a2b8 -> pdu_0xb712af50 -> pdu_0xb712bbe8 -> pdu_0xb712c880 -> pdu_0xb712d518 -> pdu_0xb712e1b0 -> pdu_0xb712ee48 -> pdu_0xb712fae0 -> pdu_0xb7130778 -> pdu_0xb7131410 -> pdu_0xb71320a8 -> pdu_0xb7132d40 -> pdu_0xb71339d8 -> pdu_0xb7134670 -> pdu_0xb7135308 -> pdu_0xb7135fa0 -> pdu_0xb7136c38 -> pdu_0xb71378d0 -> pdu_0xb7138568 -> pdu_0xb7139200 -> pdu_0xb7139e98 -> pdu_0xb713ab30 -> pdu_0xb713b7c8 -> pdu_0xb713c460 -> pdu_0xb713d0f8 -> pdu_0xb713dd90 -> pdu_0xb713ea28 -> pdu_0xb713f6c0 -> pdu_0xb7140358 -> pdu_0xb7140ff0 -> pdu_0xb7141c88 -> pdu_0xb7142920 -> pdu_0xb71435b8 -> pdu_0xb7144250 -> pdu_0xb7144ee8 -> pdu_0xb7145b80 -> pdu_0xb7146818 -> pdu_0xb71474b0 -> pdu_0xb7148148 -> pdu_0xb7148de0 -> pdu_0xb7149a78 -> pdu_0xb714a710 -> pdu_0xb714b3a8 -> pdu_0xb714c040 -> pdu_0xb714ccd8 -> pdu_0xb714d970 -> pdu_0xb714e608 -> pdu_0xb714f2a0 -> pdu_0xb714ff38 -> pdu_0xb7150bd0 -> pdu_0xb7151868 -> pdu_0xb7152500 -> pdu_0xb7153198 -> pdu_0xb7153e30 -> pdu_0xb7154ac8 -> pdu_0xb7155760 -> pdu_0xb71563f8 -> pdu_0xb7157090 -> pdu_0xb7157d28 -> pdu_0xb71589c0 -> pdu_0xb7159658 -> pdu_0xb715a2f0 -> pdu_0xb715af88 -> pdu_0xb715bc20 -> pdu_0xb715c8b8 -> pdu_0xb715d550 -> pdu_0xb715e1e8 -> pdu_0xb715ee80 -> pdu_0xb715fb18 -> pdu_0xb71607b0 -> pdu_0xb7161448 -> pdu_0xb71620e0 -> pdu_0xb7162d78 -> pdu_0xb7163a10 -> pdu_0xb71646a8 -> pdu_0xb7165340 -> pdu_0xb7165fd8 -> pdu_0xb7166c70 -> pdu_0xb7167908 -> pdu_0xb71685a0 -> pdu_0xb7169238 -> pdu_0xb7169ed0 -> pdu_0xb716ab68 -> pdu_0xb716b800 -> pdu_0xb716c498 -> pdu_0xb716d130 -> pdu_0xb716ddc8 -> pdu_0xb716ea60 -> pdu_0xb716f6f8 -> pdu_0xb7170390 -> pdu_0xb7171028 -> pdu_0xb7171cc0 -> pdu_0xb7172958 -> pdu_0xb71735f0 -> pdu_0xb7174288 -> pdu_0xb7174f20 -> pdu_0xb7175bb8 -> pdu_0xb7176850 -> pdu_0xb71774e8 -> pdu_0xb7178180 -> pdu_0xb7178e18 -> pdu_0xb7179ab0 -> pdu_0xb717a748 -> pdu_0xb717b3e0 -> pdu_0xb717c078 -> pdu_0xb717cd10 -> pdu_0xb717d9a8 -> pdu_0xb717e640 -> pdu_0xb717f2d8 -> pdu_0xb717ff70 -> pdu_0xb7180c08 -> pdu_0xb71818a0 -> pdu_0xb7182538 -> pdu_0xb71831d0 -> pdu_0xb7183e68 -> pdu_0xb7184b00 -> pdu_0xb7185798 -> pdu_0xb7186430 -> pdu_0xb71870c8 -> pdu_0xb7187d60 -> pdu_0xb71889f8 -> pdu_0xb7189690 -> pdu_0xb718a328 -> pdu_0xb718afc0 -> pdu_0xb718bc58 -> pdu_0xb718c8f0 -> pdu_0xb718d588 -> pdu_0xb718e220 -> pdu_0xb718eeb8 -> pdu_0xb718fb50 -> pdu_0xb71907e8 -> pdu_0xb7191480 -> pdu_0xb7192118 -> pdu_0xb7192db0 -> pdu_0xb7193a48 -> pdu_0xb71946e0 -> pdu_0xb7195378 -> pdu_0xb7196010 -> pdu_0xb7196ca8 -> pdu_0xb7197940 -> pdu_0xb71985d8 -> pdu_0xb7199270 -> pdu_0xb7199f08 -> pdu_0xb719aba0 -> pdu_0xb719b838 -> pdu_0xb719c4d0 -> pdu_0xb719d168 -> pdu_0xb719de00 -> pdu_0xb719ea98 -> pdu_0xb719f730 -> pdu_0xb71a03c8 -> pdu_0xb71a1060 -> pdu_0xb71a1cf8 -> pdu_0xb71a2990 -> pdu_0xb71a3628 -> pdu_0xb71a42c0 -> pdu_0xb71a4f58 -> pdu_0xb71a5bf0 -> pdu_0xb71a6888 -> pdu_0xb71a7520 -> pdu_0xb71a81b8 -> pdu_0xb71a8e50 -> pdu_0xb71a9ae8 -> pdu_0xb71aa780 -> pdu_0xb71ab418 -> pdu_0xb71ac0b0 -> pdu_0xb71acd48 -> pdu_0xb71ad9e0 -> pdu_0xb71ae678 -> pdu_0xb71af310 -> pdu_0xb71affa8 -> pdu_0xb71b0c40 -> pdu_0xb71b18d8 -> pdu_0xb71b2570 -> pdu_0xb71b3208 -> pdu_0xb71b3ea0 -> pdu_0xb71b4b38 -> pdu_0xb71b57d0 -> pdu_0xb71b6468 -> pdu_0xb71b7100 -> pdu_0xb71b7d98 -> pdu_0xb71b8a30 -> pdu_0xb71b96c8 -> pdu_0xb71ba360 -> pdu_0xb71baff8 -> pdu_0xb71bbc90 -> pdu_0xb71bc928 -> pdu_0xb71bd5c0 -> pdu_0xb71be258 -> pdu_0xb71beef0 -> pdu_0xb71bfb88 -> pdu_0xb71c0820 -> pdu_0xb71c14b8 -> pdu_0xb71c2150 -> pdu_0xb71c2de8 -> pdu_0xb71c3a80 -> pdu_0xb71c4718 -> pdu_0xb71c53b0 -> pdu_0xb71c6048 -> pdu_0xb71c6ce0 -> pdu_0xb71c7978 -> pdu_0xb71c8610 -> pdu_0xb71c92a8 -> pdu_0xb71c9f40 -> pdu_0xb71cabd8 -> pdu_0xb71cb870 -> pdu_0xb71cc508 -> pdu_0xb71cd1a0 -> pdu_0xb71cde38 -> pdu_0xb71cead0 -> pdu_0xb71cf768 -> pdu_0xb71d0400 -> pdu_0xb71d1098 -> pdu_0xb71d1d30 -> pdu_0xb71d29c8 -> pdu_0xb71d3660 -> pdu_0xb71d42f8 -> pdu_0xb71d4f90 -> pdu_0xb71d5c28 -> pdu_0xb71d68c0 -> pdu_0xb71d7558 -> pdu_0xb71d81f0 -> pdu_0xb71d8e88 -> pdu_0xb71d9b20 -> pdu_0xb71da7b8 -> pdu_0xb71db450 -> pdu_0xb71dc0e8 -> pdu_0xb71dcd80 -> pdu_0xb71dda18 -> pdu_0xb71de6b0 -> pdu_0xb71df348 -> pdu_0xb71dffe0 -> pdu_0xb71e0c78 -> pdu_0xb71e1910 -> pdu_0xb71e25a8 -> pdu_0xb71e3240 -> pdu_0xb71e3ed8 -> pdu_0xb71e4b70 -> pdu_0xb71e5808 -> pdu_0xb71e64a0 -> pdu_0xb71e7138 -> pdu_0xb71e7dd0 -> pdu_0xb71e8a68 -> pdu_0xb71e9700 -> pdu_0xb71ea398 -> pdu_0xb71eb030 -> pdu_0xb71ebcc8 -> pdu_0xb71ec960 -> pdu_0xb71ed5f8 -> pdu_0xb71ee290 -> pdu_0xb71eef28 -> pdu_0xb71efbc0 -> pdu_0xb71f0858 -> pdu_0xb71f14f0 -> pdu_0xb71f2188 -> pdu_0xb71f2e20 -> pdu_0xb71f3ab8 -> pdu_0xb71f4750 -> pdu_0xb71f53e8 -> pdu_0xb71f6080 -> pdu_0xb71f6d18 -> pdu_0xb71f79b0 -> pdu_0xb71f8648 -> pdu_0xb71f92e0 -> pdu_0xb71f9f78 -> pdu_0xb71fac10 -> pdu_0xb71fb8a8 -> pdu_0xb71fc540 -> pdu_0xb71fd1d8 -> pdu_0xb71fde70 -> pdu_0xb71feb08 -> pdu_0xb71ff7a0 -> pdu_0xb7200438 -> pdu_0xb72010d0 -> pdu_0xb7201d68 -> pdu_0xb7202a00 -> pdu_0xb7203698 -> pdu_0xb7204330 -> pdu_0xb7204fc8 -> pdu_0xb7205c60 -> pdu_0xb72068f8 -> pdu_0xb7207590 -> pdu_0xb7208228 -> pdu_0xb7208ec0 -> pdu_0xb7209b58 -> pdu_0xb720a7f0 -> pdu_0xb720b488 -> pdu_0xb720c120 -> pdu_0xb720cdb8 -> pdu_0xb720da50 -> pdu_0xb720e6e8 -> pdu_0xb720f380 -> pdu_0xb7210018 -> pdu_0xb7210cb0 -> pdu_0xb7211948 -> pdu_0xb72125e0 -> pdu_0xb7213278 -> pdu_0xb7213f10 -> pdu_0xb7214ba8 -> pdu_0xb7215840 -> pdu_0xb72164d8 -> pdu_0xb7217170 -> pdu_0xb7217e08 -> pdu_0xb7218aa0 -> pdu_0xb7219738 -> pdu_0xb721a3d0 -> pdu_0xb721b068 -> pdu_0xb721bd00 -> pdu_0xb721c998 -> pdu_0xb721d630 -> pdu_0xb721e2c8 -> pdu_0xb721ef60 -> pdu_0xb721fbf8 -> pdu_0xb7220890 -> pdu_0xb7221528 -> pdu_0xb72221c0 -> pdu_0xb7222e58 -> pdu_0xb7223af0 -> pdu_0xb7224788 -> pdu_0xb7225420 -> pdu_0xb72260b8 -> pdu_0xb7226d50 -> pdu_0xb72279e8 -> pdu_0xb7228680 -> pdu_0xb7229318 -> pdu_0xb7229fb0 -> pdu_0xb722ac48 -> pdu_0xb722b8e0 -> pdu_0xb722c578 -> pdu_0xb722d210 -> pdu_0xb722dea8 -> pdu_0xb722eb40 -> pdu_0xb722f7d8 -> pdu_0xb7230470 -> pdu_0xb7231108 -> pdu_0xb7231da0 -> pdu_0xb7232a38 -> pdu_0xb72336d0 -> pdu_0xb7234368 -> pdu_0xb7235000 -> pdu_0xb7235c98 -> pdu_0xb7236930 -> pdu_0xb72375c8 -> pdu_0xb7238260 -> pdu_0xb7238ef8 -> pdu_0xb7239b90 -> pdu_0xb723a828 -> pdu_0xb723b4c0 -> pdu_0xb723c158 -> pdu_0xb723cdf0 -> pdu_0xb723da88 -> pdu_0xb723e720 -> pdu_0xb723f3b8 -> pdu_0xb7240050 -> pdu_0xb7240ce8 -> pdu_0xb7241980 -> pdu_0xb7242618 -> pdu_0xb72432b0 -> pdu_0xb7243f48 -> pdu_0xb7244be0 -> pdu_0xb7245878 -> pdu_0xb7246510 -> pdu_0xb72471a8 -> pdu_0xb7247e40 -> pdu_0xb7248ad8 -> pdu_0xb7249770 -> pdu_0xb724a408 -> pdu_0xb724b0a0 -> pdu_0xb724bd38 -> pdu_0xb724c9d0 -> pdu_0xb724d668 -> pdu_0xb724e300 -> pdu_0xb724ef98 -> pdu_0xb724fc30 -> pdu_0xb72508c8 -> pdu_0xb7251560 -> pdu_0xb72521f8 -> pdu_0xb7252e90 -> pdu_0xb7253b28 -> pdu_0xb72547c0 -> pdu_0xb7255458 -> pdu_0xb72560f0 -> pdu_0xb7256d88 -> pdu_0xb7257a20 -> pdu_0xb72586b8 -> pdu_0xb7259350 -> pdu_0xb7259fe8 -> pdu_0xb725ac80 -> pdu_0xb725b918 -> pdu_0xb725c5b0 -> pdu_0xb725d248 -> pdu_0xb725dee0 -> pdu_0xb725eb78 -> pdu_0xb725f810 -> pdu_0xb72604a8 -> pdu_0xb7261140 -> pdu_0xb7261dd8 -> pdu_0xb7262a70 -> pdu_0xb7263708 -> pdu_0xb72643a0 -> pdu_0xb7265038 -> pdu_0xb7265cd0 -> pdu_0xb7266968 -> pdu_0xb7267600 -> pdu_0xb7268298 -> pdu_0xb7268f30 -> pdu_0xb7269bc8 -> pdu_0xb726a860 -> pdu_0xb726b4f8 -> pdu_0xb726c190 -> pdu_0xb726ce28 -> pdu_0xb726dac0 -> pdu_0xb726e758 -> pdu_0xb726f3f0 -> pdu_0xb7270088 -> pdu_0xb7270d20 -> pdu_0xb72719b8 -> pdu_0xb7272650 -> pdu_0xb72732e8 -> pdu_0xb7273f80 -> pdu_0xb7274c18 -> pdu_0xb72758b0 -> pdu_0xb7276548 -> pdu_0xb72771e0 -> pdu_0xb7277e78 -> pdu_0xb7278b10 -> pdu_0xb72797a8 -> pdu_0xb727a440 -> pdu_0xb727b0d8 -> pdu_0xb727bd70 -> pdu_0xb727ca08 -> pdu_0xb727d6a0 -> pdu_0xb727e338 -> pdu_0xb727efd0 -> pdu_0xb727fc68 -> pdu_0xb7280900 -> pdu_0xb7281598 -> pdu_0xb7282230 -> pdu_0xb7282ec8 -> pdu_0xb7283b60 -> pdu_0xb72847f8 -> pdu_0xb7285490 -> pdu_0xb7286128 -> pdu_0xb7286dc0 -> pdu_0xb7287a58 -> pdu_0xb72886f0 -> pdu_0xb7289388 -> pdu_0xb728a020 -> pdu_0xb728acb8 -> pdu_0xb728b950 -> pdu_0xb728c5e8 -> pdu_0xb728d280 -> pdu_0xb728df18 -> pdu_0xb728ebb0 -> pdu_0xb728f848 -> pdu_0xb72904e0 -> pdu_0xb7291178 -> pdu_0xb7291e10 -> pdu_0xb7292aa8 -> pdu_0xb7293740 -> pdu_0xb72943d8 -> pdu_0xb7295070 -> pdu_0xb7295d08 -> pdu_0xb72969a0 -> pdu_0xb7297638 -> pdu_0xb72982d0 -> pdu_0xb7298f68 -> pdu_0xb7299c00 -> pdu_0xb729a898 -> pdu_0xb729b530 -> pdu_0xb729c1c8 -> pdu_0xb729ce60 -> pdu_0xb729daf8 -> pdu_0xb729e790 -> pdu_0xb729f428 -> pdu_0xb72a00c0 -> pdu_0xb72a0d58 -> pdu_0xb72a19f0 -> pdu_0xb72a2688 -> pdu_0xb72a3320 -> pdu_0xb72a3fb8 -> pdu_0xb72a4c50 -> pdu_0xb72a58e8 -> pdu_0xb72a6580 -> pdu_0xb72a7218 -> pdu_0xb72a7eb0 -> pdu_0xb72a8b48 -> pdu_0xb72a97e0 -> pdu_0xb72aa478 -> pdu_0xb72ab110 -> pdu_0xb72abda8 -> pdu_0xb72aca40 -> pdu_0xb72ad6d8 -> pdu_0xb72ae370 -> pdu_0xb72af008 -> pdu_0xb72afca0 -> pdu_0xb72b0938 -> pdu_0xb72b15d0 -> pdu_0xb72b2268 -> pdu_0xb72b2f00 -> pdu_0xb72b3b98 -> pdu_0xb72b4830 -> pdu_0xb72b54c8 -> pdu_0xb72b6160 -> pdu_0xb72b6df8 -> pdu_0xb72b7a90 -> pdu_0xb72b8728 -> pdu_0xb72b93c0 -> pdu_0xb72ba058 -> pdu_0xb72bacf0 -> pdu_0xb72bb988 -> pdu_0xb72bc620 -> pdu_0xb72bd2b8 -> pdu_0xb72bdf50 -> pdu_0xb72bebe8 -> pdu_0xb72bf880 -> pdu_0xb72c0518 -> pdu_0xb72c11b0 -> pdu_0xb72c1e48 -> pdu_0xb72c2ae0 -> pdu_0xb72c3778 -> pdu_0xb72c4410 -> pdu_0xb72c50a8 -> pdu_0xb72c5d40 -> pdu_0xb72c69d8 -> pdu_0xb72c7670 -> pdu_0xb72c8308 -> pdu_0xb72c8fa0 -> pdu_0xb72c9c38 -> pdu_0xb72ca8d0 -> pdu_0xb72cb568 -> pdu_0xb72cc200 -> pdu_0xb72cce98 -> pdu_0xb72cdb30 -> pdu_0xb72ce7c8 -> pdu_0xb72cf460 -> pdu_0xb72d00f8 -> pdu_0xb72d0d90 -> pdu_0xb72d1a28 -> pdu_0xb72d26c0 -> pdu_0xb72d3358 -> pdu_0xb72d3ff0 -> pdu_0xb72d4c88 -> pdu_0xb72d5920 -> pdu_0xb72d65b8 -> pdu_0xb72d7250 -> pdu_0xb72d7ee8 -> pdu_0xb72d8b80 -> pdu_0xb72d9818 -> pdu_0xb72da4b0 -> pdu_0xb72db148 -> pdu_0xb72dbde0 -> pdu_0xb72dca78 -> pdu_0xb72dd710 -> pdu_0xb72de3a8 -> pdu_0xb72df040 -> pdu_0xb72dfcd8 -> pdu_0xb72e0970 -> pdu_0xb72e1608 -> pdu_0xb72e22a0 -> pdu_0xb72e2f38 -> pdu_0xb72e3bd0 -> pdu_0xb72e4868 -> pdu_0xb72e5500 -> pdu_0xb72e6198 -> pdu_0xb72e6e30 -> pdu_0xb72e7ac8 -> pdu_0xb72e8760 -> pdu_0xb72e93f8 -> pdu_0xb72ea090 -> pdu_0xb72ead28 -> pdu_0xb72eb9c0 -> pdu_0xb72ec658 -> pdu_0xb72ed2f0 -> pdu_0xb72edf88 -> pdu_0xb72eec20 -> pdu_0xb72ef8b8 -> pdu_0xb72f0550 -> pdu_0xb72f11e8 -> pdu_0xb72f1e80 -> pdu_0xb72f2b18 -> pdu_0xb72f37b0 -> pdu_0xb72f4448 -> pdu_0xb72f50e0 -> pdu_0xb72f5d78 -> pdu_0xb72f6a10 -> pdu_0xb72f76a8 -> pdu_0xb72f8340 -> pdu_0xb72f8fd8 -> pdu_0xb72f9c70 -> pdu_0xb72fa908 -> pdu_0xb72fb5a0 -> pdu_0xb72fc238 -> pdu_0xb72fced0 -> pdu_0xb72fdb68 -> pdu_0xb72fe800 -> pdu_0xb72ff498 -> pdu_0xb7300130 -> pdu_0xb7300dc8 -> pdu_0xb7301a60 -> pdu_0xb73026f8 -> pdu_0xb7303390 -> pdu_0xb7304028 -> pdu_0xb7304cc0 -> pdu_0xb7305958 -> pdu_0xb73065f0 -> pdu_0xb7307288 -> pdu_0xb7307f20 -> pdu_0xb7308bb8 -> pdu_0xb7309850 -> pdu_0xb730a4e8 -> pdu_0xb730b180 -> pdu_0xb730be18 -> pdu_0xb730cab0 -> pdu_0xb730d748 -> pdu_0xb730e3e0 -> pdu_0xb730f078 -> pdu_0xb730fd10 -> pdu_0xb73109a8 -> pdu_0xb7311640 -> pdu_0xb73122d8 -> pdu_0xb7312f70 -> pdu_0xb7313c08 -> pdu_0xb73148a0 -> pdu_0xb7315538 -> pdu_0xb73161d0 -> pdu_0xb7316e68 -> pdu_0xb7317b00 -> pdu_0xb7318798 -> pdu_0xb7319430 -> pdu_0xb731a0c8 -> pdu_0xb731ad60 -> pdu_0xb731b9f8 -> pdu_0xb731c690 -> pdu_0xb731d328 -> pdu_0xb731dfc0 -> pdu_0xb731ec58 -> pdu_0xb731f8f0 -> pdu_0xb7320588 -> pdu_0xb7321220 -> pdu_0xb7321eb8 -> pdu_0xb7322b50 -> pdu_0xb73237e8 -> pdu_0xb7324480 -> pdu_0xb7325118 -> pdu_0xb7325db0 -> pdu_0xb7326a48 -> pdu_0xb73276e0 -> pdu_0xb7328378 -> pdu_0xb7329010 -> pdu_0xb7329ca8 -> pdu_0xb732a940 -> pdu_0xb732b5d8 -> pdu_0xb732c270 -> pdu_0xb732cf08 -> pdu_0xb732dba0 -> pdu_0xb732e838 -> pdu_0xb732f4d0 -> pdu_0xb7330168 -> pdu_0xb7330e00 -> pdu_0xb7331a98 -> pdu_0xb7332730 -> pdu_0xb73333c8 -> pdu_0xb7334060 -> pdu_0xb7334cf8 -> pdu_0xb7335990 -> pdu_0xb7336628 -> pdu_0xb73372c0 -> pdu_0xb7337f58 -> pdu_0xb7338bf0 -> pdu_0xb7339888 -> pdu_0xb733a520 -> pdu_0xb733b1b8 -> pdu_0xb733be50 -> pdu_0xb733cae8 -> pdu_0xb733d780 -> pdu_0xb733e418 -> pdu_0xb733f0b0 -> pdu_0xb733fd48 -> pdu_0xb73409e0 -> pdu_0xb7341678 -> pdu_0xb7342310 -> pdu_0xb7342fa8 -> pdu_0xb7343c40 -> pdu_0xb73448d8 -> pdu_0xb7345570 -> pdu_0xb7346208 -> pdu_0xb7346ea0 -> pdu_0xb7347b38 -> pdu_0xb73487d0 -> pdu_0xb7349468 -> pdu_0xb734a100 -> pdu_0xb734ad98 -> pdu_0xb734ba30 -> pdu_0xb734c6c8 -> pdu_0xb734d360 -> pdu_0xb734dff8 -> pdu_0xb734ec90 -> pdu_0xb734f928 -> pdu_0xb73505c0 -> pdu_0xb7351258 -> pdu_0xb7351ef0 -> pdu_0xb7352b88 -> pdu_0xb7353820 -> pdu_0xb73544b8 -> pdu_0xb7355150 -> pdu_0xb7355de8 -> pdu_0xb7356a80 -> pdu_0xb7357718 -> pdu_0xb73583b0 -> pdu_0xb7359048 -> pdu_0xb7359ce0 -> pdu_0xb735a978 -> pdu_0xb735b610 -> pdu_0xb735c2a8 -> pdu_0xb735cf40 -> pdu_0xb735dbd8 -> pdu_0xb735e870 -> pdu_0xb735f508 -> pdu_0xb73601a0 -> pdu_0xb7360e38 -> pdu_0xb7361ad0 -> pdu_0xb7362768 -> pdu_0xb7363400 -> pdu_0xb7364098 -> pdu_0xb7364d30 -> pdu_0xb73659c8 -> pdu_0xb7366660 -> pdu_0xb73672f8 -> pdu_0xb7367f90 -> pdu_0xb7368c28 -> pdu_0xb73698c0 -> pdu_0xb736a558 -> pdu_0xb736b1f0 -> pdu_0xb736be88 -> pdu_0xb736cb20 -> pdu_0xb736d7b8 -> pdu_0xb736e450 -> pdu_0xb736f0e8 -> pdu_0xb736fd80 -> pdu_0xb7370a18 -> pdu_0xb73716b0 -> pdu_0xb7372348 -> pdu_0xb7372fe0 -> pdu_0xb7373c78 -> pdu_0xb7374910 -> pdu_0xb73755a8 -> pdu_0xb7376240 -> pdu_0xb7376ed8 -> pdu_0xb7377b70 -> pdu_0xb7378808 -> pdu_0xb73794a0 -> pdu_0xb737a138 -> pdu_0xb737add0 -> pdu_0xb737ba68 -> pdu_0xb737c700 -> pdu_0xb737d398 -> pdu_0xb737e030 -> pdu_0xb737ecc8 -> pdu_0xb737f960 -> pdu_0xb73805f8 -> pdu_0xb7381290 -> pdu_0xb7381f28 -> pdu_0xb7382bc0 -> pdu_0xb7383858 -> pdu_0xb73844f0 -> pdu_0xb7385188 -> pdu_0xb7385e20 -> pdu_0xb7386ab8 -> pdu_0xb7387750 -> pdu_0xb73883e8 -> pdu_0xb7389080 -> pdu_0xb7389d18 -> pdu_0xb738a9b0 -> pdu_0xb738b648 -> pdu_0xb738c2e0 -> pdu_0xb738cf78 -> pdu_0xb738dc10 -> pdu_0xb738e8a8 -> pdu_0xb738f540 -> pdu_0xb73901d8 -> pdu_0xb7390e70 -> pdu_0xb7391b08 -> pdu_0xb73927a0 -> pdu_0xb7393438 -> pdu_0xb73940d0 -> pdu_0xb7394d68 -> pdu_0xb7395a00 -> pdu_0xb7396698 -> pdu_0xb7397330 -> pdu_0xb7397fc8 -> pdu_0xb7398c60 -> pdu_0xb73998f8 -> pdu_0xb739a590 -> pdu_0xb739b228 -> pdu_0xb739bec0 -> pdu_0xb739cb58 -> pdu_0xb739d7f0 -> pdu_0xb739e488 -> pdu_0xb739f120 -> pdu_0xb739fdb8 -> pdu_0xb73a0a50 -> pdu_0xb73a16e8 -> pdu_0xb73a2380 -> pdu_0xb73a3018 -> pdu_0xb73a3cb0 -> pdu_0xb73a4948 -> pdu_0xb73a55e0 -> pdu_0xb73a6278 -> pdu_0xb73a6f10 -> pdu_0xb73a7ba8 -> pdu_0xb73a8840 -> pdu_0xb73a94d8 -> pdu_0xb73aa170 -> pdu_0xb73aae08 -> pdu_0xb73abaa0 -> pdu_0xb73ac738 -> pdu_0xb73ad3d0 -> pdu_0xb73ae068 -> pdu_0xb73aed00 -> pdu_0xb73af998 -> pdu_0xb73b0630 -> pdu_0xb73b12c8 -> pdu_0xb73b1f60 -> pdu_0xb73b2bf8 -> pdu_0xb73b3890 -> pdu_0xb73b4528 -> pdu_0xb73b51c0 -> pdu_0xb73b5e58 -> pdu_0xb73b6af0 -> pdu_0xb73b7788 -> pdu_0xb73b8420 -> pdu_0xb73b90b8 -> pdu_0xb73b9d50 -> pdu_0xb73ba9e8 -> pdu_0xb73bb680 -> pdu_0xb73bc318 -> pdu_0xb73bcfb0 -> pdu_0xb73bdc48 -> pdu_0xb73be8e0 -> pdu_0xb73bf578 -> pdu_0xb73c0210 -> pdu_0xb73c0ea8 -> pdu_0xb73c1b40 -> pdu_0xb73c27d8 -> pdu_0xb73c3470 -> pdu_0xb73c4108 -> pdu_0xb73c4da0 -> pdu_0xb73c5a38 -> pdu_0xb73c66d0 -> pdu_0xb73c7368 -> pdu_0xb73c8000 -> pdu_0xb73c8c98 -> pdu_0xb73c9930 -> pdu_0xb73ca5c8 -> pdu_0xb73cb260 -> pdu_0xb73cbef8 -> pdu_0xb73ccb90 -> pdu_0xb73cd828 -> pdu_0xb73ce4c0 -> pdu_0xb73cf158 -> pdu_0xb73cfdf0 -> pdu_0xb73d0a88 -> pdu_0xb73d1720 -> pdu_0xb73d23b8 -> pdu_0xb73d3050 -> pdu_0xb73d3ce8 -> pdu_0xb73d4980 -> pdu_0xb73d5618 -> pdu_0xb73d62b0 -> pdu_0xb73d6f48 -> pdu_0xb73d7be0 -> pdu_0xb73d8878 -> pdu_0xb73d9510 -> pdu_0xb73da1a8 -> pdu_0xb73dae40 -> pdu_0xb73dbad8 -> pdu_0xb73dc770 -> pdu_0xb73dd408 -> pdu_0xb73de0a0 -> pdu_0xb73ded38 -> pdu_0xb73df9d0 -> pdu_0xb73e0668 -> pdu_0xb73e1300 -> pdu_0xb73e1f98 -> pdu_0xb73e2c30 -> pdu_0xb73e38c8 -> pdu_0xb73e4560 -> pdu_0xb73e51f8 -> pdu_0xb73e5e90 -> pdu_0xb73e6b28 -> pdu_0xb73e77c0 -> pdu_0xb73e8458 -> pdu_0xb73e90f0 -> pdu_0xb73e9d88 -> pdu_0xb73eaa20 -> pdu_0xb73eb6b8 -> pdu_0xb73ec350 -> pdu_0xb73ecfe8 -> pdu_0xb73edc80 -> pdu_0xb73ee918 -> pdu_0xb73ef5b0 -> pdu_0xb73f0248 -> pdu_0xb73f0ee0 -> pdu_0xb73f1b78 -> pdu_0xb73f2810 -> pdu_0xb73f34a8 -> pdu_0xb73f4140 -> pdu_0xb73f4dd8 -> pdu_0xb73f5a70 -> pdu_0xb73f6708 -> pdu_0xb73f73a0 -> pdu_0xb73f8038 -> pdu_0xb73f8cd0 -> pdu_0xb73f9968 -> pdu_0xb73fa600 -> pdu_0xb73fb298 -> pdu_0xb73fbf30 -> pdu_0xb73fcbc8 -> pdu_0xb73fd860 -> pdu_0xb73fe4f8 -> pdu_0xb73ff190 -> pdu_0xb73ffe28 -> pdu_0xb7400ac0 -> pdu_0xb7401758 -> pdu_0xb74023f0 -> pdu_0xb7403088 -> pdu_0xb7403d20 -> pdu_0xb74049b8 -> pdu_0xb7405650 -> pdu_0xb74062e8 -> pdu_0xb7406f80 -> pdu_0xb7407c18 -> pdu_0xb74088b0 -> pdu_0xb7409548 -> pdu_0xb740a1e0 -> pdu_0xb740ae78 -> pdu_0xb740bb10 -> pdu_0xb740c7a8 -> pdu_0xb740d440 -> pdu_0xb740e0d8 -> pdu_0xb740ed70 -> pdu_0xb740fa08 -> pdu_0xb74106a0 -> pdu_0xb7411338 -> pdu_0xb7411fd0 -> pdu_0xb7412c68 -> pdu_0xb7413900 -> pdu_0xb7414598 -> pdu_0xb7415230 -> pdu_0xb7415ec8 -> pdu_0xb7416b60 -> pdu_0xb74177f8 -> pdu_0xb7418490 -> pdu_0xb7419128 -> pdu_0xb7419dc0 -> pdu_0xb741aa58 -> pdu_0xb741b6f0 -> pdu_0xb741c388 -> pdu_0xb741d020 -> pdu_0xb741dcb8 -> pdu_0xb741e950 -> pdu_0xb741f5e8 -> pdu_0xb7420280 -> pdu_0xb7420f18 -> pdu_0xb7421bb0 -> pdu_0xb7422848 -> pdu_0xb74234e0 -> pdu_0xb7424178 -> pdu_0xb7424e10 -> pdu_0xb7425aa8 -> pdu_0xb7426740 -> pdu_0xb74273d8 -> pdu_0xb7428070 -> pdu_0xb7428d08 -> pdu_0xb74299a0 -> pdu_0xb742a638 -> pdu_0xb742b2d0 -> pdu_0xb742bf68 -> pdu_0xb742cc00 -> pdu_0xb742d898 -> pdu_0xb742e530 -> pdu_0xb742f1c8 -> pdu_0xb742fe60 -> pdu_0xb7430af8 -> pdu_0xb7431790 -> pdu_0xb7432428 -> pdu_0xb74330c0 -> pdu_0xb7433d58 -> pdu_0xb74349f0 -> pdu_0xb7435688 -> pdu_0xb7436320 -> pdu_0xb7436fb8 -> pdu_0xb7437c50 -> pdu_0xb74388e8 -> pdu_0xb7439580 -> pdu_0xb743a218 -> pdu_0xb743aeb0 -> pdu_0xb743bb48 -> pdu_0xb743c7e0 -> pdu_0xb743d478 -> pdu_0xb743e110 -> pdu_0xb743eda8 -> pdu_0xb743fa40 -> pdu_0xb74406d8 -> pdu_0xb7441370 -> pdu_0xb7442008 -> pdu_0xb7442ca0 -> pdu_0xb7443938 -> pdu_0xb74445d0 -> pdu_0xb7445268 -> pdu_0xb7445f00 -> pdu_0xb7446b98 -> pdu_0xb7447830 -> pdu_0xb74484c8 -> pdu_0xb7449160 -> pdu_0xb7449df8 -> pdu_0xb744aa90 -> pdu_0xb744b728 -> pdu_0xb744c3c0 -> pdu_0xb744d058 -> pdu_0xb744dcf0 -> pdu_0xb744e988 -> pdu_0xb744f620 -> pdu_0xb74502b8 -> pdu_0xb7450f50 -> pdu_0xb7451be8 -> pdu_0xb7452880 -> pdu_0xb7453518 -> pdu_0xb74541b0 -> pdu_0xb7454e48 -> pdu_0xb7455ae0 -> pdu_0xb7456778 -> pdu_0xb7457410 -> pdu_0xb74580a8 -> pdu_0xb7458d40 -> pdu_0xb74599d8 -> pdu_0xb745a670 -> pdu_0xb745b308 -> pdu_0xb745bfa0 -> pdu_0xb745cc38 -> pdu_0xb745d8d0 -> pdu_0xb745e568 -> pdu_0xb745f200 -> pdu_0xb745fe98 -> pdu_0xb7460b30 -> pdu_0xb74617c8 -> pdu_0xb7462460 -> pdu_0xb74630f8 -> pdu_0xb7463d90 -> pdu_0xb7464a28 -> pdu_0xb74656c0 -> pdu_0xb7466358 -> pdu_0xb7466ff0 -> pdu_0xb7467c88 -> pdu_0xb7468920 -> pdu_0xb74695b8 -> pdu_0xb746a250 -> pdu_0xb746aee8 -> pdu_0xb746bb80 -> pdu_0xb746c818 -> pdu_0xb746d4b0 -> pdu_0xb746e148 -> pdu_0xb746ede0 -> pdu_0xb746fa78 -> pdu_0xb7470710 -> pdu_0xb74713a8 -> pdu_0xb7472040 -> pdu_0xb7472cd8 -> pdu_0xb7473970 -> pdu_0xb7474608 -> pdu_0xb74752a0 -> pdu_0xb7475f38 -> pdu_0xb7476bd0 -> pdu_0xb7477868 -> pdu_0xb7478500 -> pdu_0xb7479198 -> pdu_0xb7479e30 -> pdu_0xb747aac8 -> pdu_0xb747b760 -> pdu_0xb747c3f8 -> pdu_0xb747d090 -> pdu_0xb747dd28 -> pdu_0xb747e9c0 -> pdu_0xb747f658 -> pdu_0xb74802f0 -> pdu_0xb7480f88 -> pdu_0xb7481c20 -> pdu_0xb74828b8 -> pdu_0xb7483550 -> pdu_0xb74841e8 -> pdu_0xb7484e80 -> pdu_0xb7485b18 -> pdu_0xb74867b0 -> pdu_0xb7487448 -> pdu_0xb74880e0 -> pdu_0xb7488d78 -> pdu_0xb7489a10 -> pdu_0xb748a6a8 -> pdu_0xb748b340 -> pdu_0xb748bfd8 -> pdu_0xb748cc70 -> pdu_0xb748d908 -> pdu_0xb748e5a0 -> pdu_0xb748f238 -> pdu_0xb748fed0 -> pdu_0xb7490b68 -> pdu_0xb7491800 -> pdu_0xb7492498 -> pdu_0xb7493130 -> pdu_0xb7493dc8 -> pdu_0xb7494a60 -> pdu_0xb74956f8 -> pdu_0xb7496390 -> pdu_0xb7497028 -> pdu_0xb7497cc0 -> pdu_0xb7498958 -> pdu_0xb74995f0 -> pdu_0xb749a288 -> pdu_0xb749af20 -> pdu_0xb749bbb8 -> pdu_0xb749c850 -> pdu_0xb749d4e8 -> pdu_0xb749e180 -> pdu_0xb749ee18 -> pdu_0xb749fab0 -> pdu_0xb74a0748 -> pdu_0xb74a13e0 -> pdu_0xb74a2078 -> pdu_0xb74a2d10 -> pdu_0xb74a39a8 -> pdu_0xb74a4640 -> pdu_0xb74a52d8 -> pdu_0xb74a5f70 -> pdu_0xb74a6c08 -> pdu_0xb74a78a0 -> pdu_0xb74a8538 -> pdu_0xb74a91d0 -> pdu_0xb74a9e68 -> pdu_0xb74aab00 -> pdu_0xb74ab798 -> pdu_0xb74ac430 -> pdu_0xb74ad0c8 -> pdu_0xb74add60 -> pdu_0xb74ae9f8 -> pdu_0xb74af690 -> pdu_0xb74b0328 -> pdu_0xb74b0fc0 -> pdu_0xb74b1c58 -> pdu_0xb74b28f0 -> pdu_0xb74b3588 -> pdu_0xb74b4220 -> pdu_0xb74b4eb8 -> pdu_0xb74b5b50 -> pdu_0xb74b67e8 -> pdu_0xb74b7480 -> pdu_0xb74b8118 -> pdu_0xb74b8db0 -> pdu_0xb74b9a48 -> pdu_0xb74ba6e0 -> pdu_0xb74bb378 -> pdu_0xb74bc010 -> pdu_0xb74bcca8 -> pdu_0xb74bd940 -> pdu_0xb74be5d8 -> pdu_0xb74bf270 -> pdu_0xb74bff08 -> pdu_0xb74c0ba0 -> pdu_0xb74c1838 -> pdu_0xb74c24d0 -> pdu_0xb74c3168 -> pdu_0xb74c3e00 -> pdu_0xb74c4a98 -> pdu_0xb74c5730 -> pdu_0xb74c63c8 -> pdu_0xb74c7060 -> pdu_0xb74c7cf8 -> pdu_0xb74c8990 -> pdu_0xb74c9628 -> pdu_0xb74ca2c0 -> pdu_0xb74caf58 -> pdu_0xb74cbbf0 -> pdu_0xb74cc888 -> pdu_0xb74cd520 -> pdu_0xb74ce1b8 -> pdu_0xb74cee50 -> pdu_0xb74cfae8 -> pdu_0xb74d0780 -> pdu_0xb74d1418 -> pdu_0xb74d20b0 -> pdu_0xb74d2d48 -> pdu_0xb74d39e0 -> pdu_0xb74d4678 -> pdu_0xb74d5310 -> pdu_0xb74d5fa8 -> pdu_0xb74d6c40 -> pdu_0xb74d78d8 -> pdu_0xb74d8570 -> pdu_0xb74d9208 -> pdu_0xb74d9ea0 -> pdu_0xb74dab38 -> pdu_0xb74db7d0 -> pdu_0xb74dc468 -> pdu_0xb74dd100 -> pdu_0xb74ddd98 -> pdu_0xb74dea30 -> pdu_0xb74df6c8 -> pdu_0xb74e0360 -> pdu_0xb74e0ff8 -> pdu_0xb74e1c90 -> pdu_0xb74e2928 -> pdu_0xb74e35c0 -> pdu_0xb74e4258 -> pdu_0xb74e4ef0 -> pdu_0xb74e5b88 -> pdu_0xb74e6820 -> pdu_0xb74e74b8 -> pdu_0xb74e8150 -> pdu_0xb74e8de8 -> pdu_0xb74e9a80 -> pdu_0xb74ea718 -> pdu_0xb74eb3b0 -> pdu_0xb74ec048 -> pdu_0xb74ecce0 -> pdu_0xb74ed978 -> pdu_0xb74ee610 -> pdu_0xb74ef2a8 -> pdu_0xb74eff40 -> pdu_0xb74f0bd8 -> pdu_0xb74f1870 -> pdu_0xb74f2508 -> pdu_0xb74f31a0 -> pdu_0xb74f3e38 -> pdu_0xb74f4ad0 -> pdu_0xb74f5768 -> pdu_0xb74f6400 -> pdu_0xb74f7098 -> pdu_0xb74f7d30 -> pdu_0xb74f89c8 -> pdu_0xb74f9660 -> pdu_0xb74fa2f8 -> pdu_0xb74faf90 -> pdu_0xb74fbc28 -> pdu_0xb74fc8c0 -> pdu_0xb74fd558 -> pdu_0xb74fe1f0 -> pdu_0xb74fee88 -> pdu_0xb74ffb20 -> pdu_0xb75007b8 -> pdu_0xb7501450 -> pdu_0xb75020e8 -> pdu_0xb7502d80 -> pdu_0xb7503a18 -> pdu_0xb75046b0 -> pdu_0xb7505348 -> pdu_0xb7505fe0 -> pdu_0xb7506c78 -> pdu_0xb7507910 -> pdu_0xb75085a8 -> pdu_0xb7509240 -> pdu_0xb7509ed8 -> pdu_0xb750ab70 -> pdu_0xb750b808 -> pdu_0xb750c4a0 -> pdu_0xb750d138 -> pdu_0xb750ddd0 -> pdu_0xb750ea68 -> pdu_0xb750f700 -> pdu_0xb7510398 -> pdu_0xb7511030 -> pdu_0xb7511cc8 -> pdu_0xb7512960 -> pdu_0xb75135f8 -> pdu_0xb7514290 -> pdu_0xb7514f28 -> pdu_0xb7515bc0 -> pdu_0xb7516858 -> pdu_0xb75174f0 -> pdu_0xb7518188 -> pdu_0xb7518e20 -> pdu_0xb7519ab8 -> pdu_0xb751a750 -> pdu_0xb751b3e8 -> pdu_0xb751c080 -> pdu_0xb751cd18 -> pdu_0xb751d9b0 -> pdu_0xb751e648 -> pdu_0xb751f2e0 -> pdu_0xb751ff78 -> pdu_0xb7520c10 -> pdu_0xb75218a8 -> pdu_0xb7522540 -> pdu_0xb75231d8 -> pdu_0xb7523e70 -> pdu_0xb7524b08 -> pdu_0xb75257a0 -> pdu_0xb7526438 -> pdu_0xb75270d0 -> pdu_0xb7527d68 -> pdu_0xb7528a00 -> pdu_0xb7529698 -> pdu_0xb752a330 -> pdu_0xb752afc8 -> pdu_0xb752bc60 -> pdu_0xb752c8f8 -> pdu_0xb752d590 -> pdu_0xb752e228 -> pdu_0xb752eec0 -> pdu_0xb752fb58 -> pdu_0xb75307f0 -> pdu_0xb7531488 -> pdu_0xb7532120 -> pdu_0xb7532db8 -> pdu_0xb7533a50 -> pdu_0xb75346e8 -> pdu_0xb7535380 -> pdu_0xb7536018 -> pdu_0xb7536cb0 -> pdu_0xb7537948 -> pdu_0xb75385e0 -> pdu_0xb7539278 -> pdu_0xb7539f10 -> pdu_0xb753aba8 -> pdu_0xb753b840 -> pdu_0xb753c4d8 -> pdu_0xb753d170 -> pdu_0xb753de08 -> pdu_0xb753eaa0 -> pdu_0xb753f738 -> pdu_0xb75403d0 -> pdu_0xb7541068 -> pdu_0xb7541d00 -> pdu_0xb7542998 -> pdu_0xb7543630 -> pdu_0xb75442c8 -> pdu_0xb7544f60 -> pdu_0xb7545bf8 -> pdu_0xb7546890 -> pdu_0xb7547528 -> pdu_0xb75481c0 -> pdu_0xb7548e58 -> pdu_0xb7549af0 -> pdu_0xb754a788 -> pdu_0xb754b420 -> pdu_0xb754c0b8 -> pdu_0xb754cd50 -> pdu_0xb754d9e8 -> pdu_0xb754e680 -> pdu_0xb754f318 -> pdu_0xb754ffb0 -> pdu_0xb7550c48 -> pdu_0xb75518e0 -> pdu_0xb7552578 -> pdu_0xb7553210 -> pdu_0xb7553ea8 -> pdu_0xb7554b40 -> pdu_0xb75557d8 -> pdu_0xb7556470 -> pdu_0xb7557108 -> pdu_0xb7557da0 -> pdu_0xb7558a38 -> pdu_0xb75596d0 -> pdu_0xb755a368 -> pdu_0xb755b000 -> pdu_0xb755bc98 -> pdu_0xb755c930 -> pdu_0xb755d5c8 -> pdu_0xb755e260 -> pdu_0xb755eef8 -> pdu_0xb755fb90 -> pdu_0xb7560828 -> pdu_0xb75614c0 -> pdu_0xb7562158 -> pdu_0xb7562df0 -> pdu_0xb7563a88 -> pdu_0xb7564720 -> pdu_0xb75653b8 -> pdu_0xb7566050 -> pdu_0xb7566ce8 -> pdu_0xb7567980 -> pdu_0xb7568618 -> pdu_0xb75692b0 -> pdu_0xb7569f48 -> pdu_0xb756abe0 -> pdu_0xb756b878 -> pdu_0xb756c510 -> pdu_0xb756d1a8 -> pdu_0xb756de40 -> pdu_0xb756ead8 -> pdu_0xb756f770 -> pdu_0xb7570408 -> pdu_0xb75710a0 -> pdu_0xb7571d38 -> pdu_0xb75729d0 -> pdu_0xb7573668 -> pdu_0xb7574300 -> pdu_0xb7574f98 -> pdu_0xb7575c30 -> pdu_0xb75768c8 -> pdu_0xb7577560 -> pdu_0xb75781f8 -> pdu_0xb7578e90 -> pdu_0xb7579b28 -> pdu_0xb757a7c0 -> pdu_0xb757b458 -> pdu_0xb757c0f0 -> pdu_0xb757cd88 -> pdu_0xb757da20 -> pdu_0xb757e6b8 -> pdu_0xb757f350 -> pdu_0xb757ffe8 -> pdu_0xb7580c80 -> pdu_0xb7581918 -> pdu_0xb75825b0 -> pdu_0xb7583248 -> pdu_0xb7583ee0 -> pdu_0xb7584b78 -> pdu_0xb7585810 -> pdu_0xb75864a8 -> pdu_0xb7587140 -> pdu_0xb7587dd8 -> pdu_0xb7588a70 -> pdu_0xb7589708 -> pdu_0xb758a3a0 -> pdu_0xb758b038 -> pdu_0xb758bcd0 -> pdu_0xb758c968 -> pdu_0xb758d600 -> pdu_0xb758e298 -> pdu_0xb758ef30 -> pdu_0xb758fbc8 -> pdu_0xb7590860 -> pdu_0xb75914f8 -> pdu_0xb7592190 -> pdu_0xb7592e28 -> pdu_0xb7593ac0 -> pdu_0xb7594758 -> pdu_0xb75953f0 -> pdu_0xb7596088 -> pdu_0xb7596d20 -> pdu_0xb75979b8 -> pdu_0xb7598650 -> pdu_0xb75992e8 -> pdu_0xb7599f80 -> pdu_0xb759ac18 -> pdu_0xb759b8b0 -> pdu_0xb759c548 -> pdu_0xb759d1e0 -> pdu_0xb759de78 -> pdu_0xb759eb10 -> pdu_0xb759f7a8 -> pdu_0xb75a0440 -> pdu_0xb75a10d8 -> pdu_0xb75a1d70 -> pdu_0xb75a2a08 -> pdu_0xb75a36a0 -> pdu_0xb75a4338 -> pdu_0xb75a4fd0 -> pdu_0xb75a5c68 -> pdu_0xb75a6900 -> pdu_0xb75a7598 -> pdu_0xb75a8230 -> pdu_0xb75a8ec8 -> pdu_0xb75a9b60 -> pdu_0xb75aa7f8 -> pdu_0xb75ab490 -> pdu_0xb75ac128 -> pdu_0xb75acdc0 -> pdu_0xb75ada58 -> pdu_0xb75ae6f0 -> pdu_0xb75af388 -> pdu_0xb75b0020 -> pdu_0xb75b0cb8 -> pdu_0xb75b1950 -> pdu_0xb75b25e8 -> pdu_0xb75b3280 -> pdu_0xb75b3f18 -> pdu_0xb75b4bb0 -> pdu_0xb75b5848 -> pdu_0xb75b64e0 -> pdu_0xb75b7178 -> pdu_0xb75b7e10 -> pdu_0xb75b8aa8 -> pdu_0xb75b9740 -> pdu_0xb75ba3d8 -> pdu_0xb75bb070 -> pdu_0xb75bbd08 -> pdu_0xb75bc9a0 -> pdu_0xb75bd638 -> pdu_0xb75be2d0 -> pdu_0xb75bef68 -> pdu_0xb75bfc00 -> pdu_0xb75c0898 -> pdu_0xb75c1530 -> pdu_0xb75c21c8 -> pdu_0xb75c2e60 -> pdu_0xb75c3af8 -> pdu_0xb75c4790 -> pdu_0xb75c5428 -> pdu_0xb75c60c0 -> pdu_0xb75c6d58 -> pdu_0xb75c79f0 -> pdu_0xb75c8688 -> pdu_0xb75c9320 -> pdu_0xb75c9fb8 -> pdu_0xb75cac50 -> pdu_0xb75cb8e8 -> pdu_0xb75cc580 -> pdu_0xb75cd218 -> pdu_0xb75cdeb0 -> pdu_0xb75ceb48 -> pdu_0xb75cf7e0 -> pdu_0xb75d0478 -> pdu_0xb75d1110 -> pdu_0xb75d1da8 -> pdu_0xb75d2a40 -> pdu_0xb75d36d8 -> pdu_0xb75d4370 -> pdu_0xb75d5008 -> pdu_0xb75d5ca0 -> pdu_0xb75d6938 -> pdu_0xb75d75d0 -> pdu_0xb75d8268 -> pdu_0xb75d8f00 -> pdu_0xb75d9b98 -> pdu_0xb75da830 -> pdu_0xb75db4c8 -> pdu_0xb75dc160 -> pdu_0xb75dcdf8 -> pdu_0xb75dda90 -> pdu_0xb75de728 -> pdu_0xb75df3c0 -> pdu_0xb75e0058 -> pdu_0xb75e0cf0 -> pdu_0xb75e1988 -> pdu_0xb75e2620 -> pdu_0xb75e32b8 -> pdu_0xb75e3f50 -> pdu_0xb75e4be8 -> pdu_0xb75e5880 -> pdu_0xb75e6518 -> pdu_0xb75e71b0 -> pdu_0xb75e7e48 -> pdu_0xb75e8ae0 -> pdu_0xb75e9778 -> pdu_0xb75ea410 -> pdu_0xb75eb0a8 -> pdu_0xb75ebd40 -> pdu_0xb75ec9d8 -> pdu_0xb75ed670 -> pdu_0xb75ee308 -> pdu_0xb75eefa0 -> pdu_0xb75efc38 -> pdu_0xb75f08d0 -> pdu_0xb75f1568 -> pdu_0xb75f2200 -> pdu_0xb75f2e98 -> pdu_0xb75f3b30 -> pdu_0xb75f47c8 -> pdu_0xb75f5460 -> pdu_0xb75f60f8 -> pdu_0xb75f6d90 -> pdu_0xb75f7a28 -> pdu_0xb75f86c0 -> pdu_0xb75f9358 -> pdu_0xb75f9ff0 -> pdu_0xb75fac88 -> pdu_0xb75fb920 -> pdu_0xb75fc5b8 -> pdu_0xb75fd250 -> pdu_0xb75fdee8 -> pdu_0xb75feb80 -> pdu_0xb75ff818 -> pdu_0xb76004b0 -> pdu_0xb7601148 -> pdu_0xb7601de0 -> pdu_0xb7602a78 -> pdu_0xb7603710 -> pdu_0xb76043a8 -> pdu_0xb7605040 -> pdu_0xb7605cd8 -> pdu_0xb7606970 -> pdu_0xb7607608 -> pdu_0xb76082a0 -> pdu_0xb7608f38 -> pdu_0xb7609bd0 -> pdu_0xb760a868 -> pdu_0xb760b500 -> pdu_0xb760c198 -> pdu_0xb760ce30 -> pdu_0xb760dac8 -> pdu_0xb760e760 -> pdu_0xb760f3f8 -> pdu_0xb7610090 -> pdu_0xb7610d28 -> pdu_0xb76119c0 -> pdu_0xb7612658 -> pdu_0xb76132f0 -> pdu_0xb7613f88 -> pdu_0xb7614c20 -> pdu_0xb76158b8 -> pdu_0xb7616550 -> pdu_0xb76171e8 -> pdu_0xb7617e80 -> pdu_0xb7618b18 -> pdu_0xb76197b0 -> pdu_0xb761a448 -> pdu_0xb761b0e0 -> pdu_0xb761bd78 -> pdu_0xb761ca10 -> pdu_0xb761d6a8 -> pdu_0xb761e340 -> pdu_0xb761efd8 -> pdu_0xb761fc70 -> pdu_0xb7620908 -> pdu_0xb76215a0 -> pdu_0xb7622238 -> pdu_0xb7622ed0 -> pdu_0xb7623b68 -> pdu_0xb7624800 -> pdu_0xb7625498 -> pdu_0xb7626130 -> pdu_0xb7626dc8 -> pdu_0xb7627a60 -> pdu_0xb76286f8 -> pdu_0xb7629390 -> pdu_0xb762a028 -> pdu_0xb762acc0 -> pdu_0xb762b958 -> pdu_0xb762c5f0 -> pdu_0xb762d288 -> pdu_0xb762df20 -> pdu_0xb762ebb8 -> pdu_0xb762f850 -> pdu_0xb76304e8 -> pdu_0xb7631180 -> pdu_0xb7631e18 -> pdu_0xb7632ab0 -> pdu_0xb7633748 -> pdu_0xb76343e0 -> pdu_0xb7635078 -> pdu_0xb7635d10 -> pdu_0xb76369a8 -> pdu_0xb7637640 -> pdu_0xb76382d8 -> pdu_0xb7638f70 -> pdu_0xb7639c08 -> pdu_0xb763a8a0 -> pdu_0xb763b538 -> pdu_0xb763c1d0 -> pdu_0xb763ce68 -> pdu_0xb763db00 -> pdu_0xb763e798 -> pdu_0xb763f430 -> pdu_0xb76400c8 -> pdu_0xb7640d60 -> pdu_0xb76419f8 -> pdu_0xb7642690 -> pdu_0xb7643328 -> pdu_0xb7643fc0 -> pdu_0xb7644c58 -> pdu_0xb76458f0 -> pdu_0xb7646588 -> pdu_0xb7647220 -> pdu_0xb7647eb8 -> pdu_0xb7648b50 -> pdu_0xb76497e8 -> pdu_0xb764a480 -> pdu_0xb764b118 -> pdu_0xb764bdb0 -> pdu_0xb764ca48 -> pdu_0xb764d6e0 -> pdu_0xb764e378 -> pdu_0xb764f010 -> pdu_0xb764fca8 -> pdu_0xb7650940 -> pdu_0xb76515d8 -> pdu_0xb7652270 -> pdu_0xb7652f08 -> pdu_0xb7653ba0 -> pdu_0xb7654838 -> pdu_0xb76554d0 -> pdu_0xb7656168 -> pdu_0xb7656e00 -> pdu_0xb7657a98 -> pdu_0xb7658730 -> pdu_0xb76593c8 -> pdu_0xb765a060 -> pdu_0xb765acf8 -> pdu_0xb765b990 -> pdu_0xb765c628 -> pdu_0xb765d2c0 -> pdu_0xb765df58 -> pdu_0xb765ebf0 -> pdu_0xb765f888 -> pdu_0xb7660520 -> pdu_0xb76611b8 -> pdu_0xb7661e50 -> pdu_0xb7662ae8 -> pdu_0xb7663780 -> pdu_0xb7664418 -> pdu_0xb76650b0 -> pdu_0xb7665d48 -> pdu_0xb76669e0 -> pdu_0xb7667678 -> pdu_0xb7668310 -> pdu_0xb7668fa8 -> pdu_0xb7669c40 -> pdu_0xb766a8d8 -> pdu_0xb766b570 -> pdu_0xb766c208 -> pdu_0xb766cea0 -> pdu_0xb766db38 -> pdu_0xb766e7d0 -> pdu_0xb766f468 -> pdu_0xb7670100 -> pdu_0xb7670d98 -> pdu_0xb7671a30 -> pdu_0xb76726c8 -> pdu_0xb7673360 -> pdu_0xb7673ff8 -> pdu_0xb7674c90 -> pdu_0xb7675928 -> pdu_0xb76765c0 -> pdu_0xb7677258 -> pdu_0xb7677ef0 -> pdu_0xb7678b88 -> pdu_0xb7679820 -> pdu_0xb767a4b8 -> pdu_0xb767b150 -> pdu_0xb767bde8 -> pdu_0xb767ca80 -> pdu_0xb767d718 -> pdu_0xb767e3b0 -> pdu_0xb767f048 -> pdu_0xb767fce0 -> pdu_0xb7680978 -> pdu_0xb7681610 -> pdu_0xb76822a8 -> pdu_0xb7682f40 -> pdu_0xb7683bd8 -> pdu_0xb7684870 -> pdu_0xb7685508 -> pdu_0xb76861a0 -> pdu_0xb7686e38 -> pdu_0xb7687ad0 -> pdu_0xb7688768 -> pdu_0xb7689400 -> pdu_0xb768a098 -> pdu_0xb768ad30 -> pdu_0xb768b9c8 -> pdu_0xb768c660 -> pdu_0xb768d2f8 -> pdu_0xb768df90 -> pdu_0xb768ec28 -> pdu_0xb768f8c0 -> pdu_0xb7690558 -> pdu_0xb76911f0 -> pdu_0xb7691e88 -> pdu_0xb7692b20 -> pdu_0xb76937b8 -> pdu_0xb7694450 -> pdu_0xb76950e8 -> pdu_0xb7695d80 -> pdu_0xb7696a18 -> pdu_0xb76976b0 -> pdu_0xb7698348 -> pdu_0xb7698fe0 -> pdu_0xb7699c78 -> pdu_0xb769a910 -> pdu_0xb769b5a8 -> pdu_0xb769c240 -> pdu_0xb769ced8 -> pdu_0xb769db70 -> pdu_0xb769e808 -> pdu_0xb769f4a0 -> pdu_0xb76a0138 -> pdu_0xb76a0dd0 -> pdu_0xb76a1a68 -> pdu_0xb76a2700 -> pdu_0xb76a3398 -> pdu_0xb76a4030 -> pdu_0xb76a4cc8 -> pdu_0xb76a5960 -> pdu_0xb76a65f8 -> pdu_0xb76a7290 -> pdu_0xb76a7f28 -> pdu_0xb76a8bc0 -> pdu_0xb76a9858 -> pdu_0xb76aa4f0 -> pdu_0xb76ab188 -> pdu_0xb76abe20 -> pdu_0xb76acab8 -> pdu_0xb76ad750 -> pdu_0xb76ae3e8 -> pdu_0xb76af080 -> pdu_0xb76afd18 -> pdu_0xb76b09b0 -> pdu_0xb76b1648 -> pdu_0xb76b22e0 -> pdu_0xb76b2f78 -> pdu_0xb76b3c10 -> pdu_0xb76b48a8 -> pdu_0xb76b5540 -> pdu_0xb76b61d8 -> pdu_0xb76b6e70 -> pdu_0xb76b7b08 -> pdu_0xb76b87a0 -> pdu_0xb76b9438 -> pdu_0xb76ba0d0 -> pdu_0xb76bad68 -> pdu_0xb76bba00 -> pdu_0xb76bc698 -> pdu_0xb76bd330 -> pdu_0xb76bdfc8 -> pdu_0xb76bec60 -> pdu_0xb76bf8f8 -> pdu_0xb76c0590 -> pdu_0xb76c1228 -> pdu_0xb76c1ec0 -> pdu_0xb76c2b58 -> pdu_0xb76c37f0 -> pdu_0xb76c4488 -> pdu_0xb76c5120 -> pdu_0xb76c5db8 -> pdu_0xb76c6a50 -> pdu_0xb76c76e8 -> pdu_0xb76c8380 -> pdu_0xb76c9018 -> pdu_0xb76c9cb0 -> pdu_0xb76ca948 -> pdu_0xb76cb5e0 -> pdu_0xb76cc278 -> pdu_0xb76ccf10 -> pdu_0xb76cdba8 -> pdu_0xb76ce840 -> pdu_0xb76cf4d8 -> pdu_0xb76d0170 -> pdu_0xb76d0e08 -> pdu_0xb76d1aa0 -> pdu_0xb76d2738 -> pdu_0xb76d33d0 -> pdu_0xb76d4068 -> pdu_0xb76d4d00 -> pdu_0xb76d5998 -> pdu_0xb76d6630 -> pdu_0xb76d72c8 -> pdu_0xb76d7f60 -> pdu_0xb76d8bf8 -> pdu_0xb76d9890 -> pdu_0xb76da528 -> pdu_0xb76db1c0 -> pdu_0xb76dbe58 -> pdu_0xb76dcaf0 -> pdu_0xb76dd788 -> pdu_0xb76de420 -> pdu_0xb76df0b8 -> pdu_0xb76dfd50 -> pdu_0xb76e09e8 -> pdu_0xb76e1680 -> pdu_0xb76e2318 -> pdu_0xb76e2fb0 -> pdu_0xb76e3c48 -> pdu_0xb76e48e0 -> pdu_0xb76e5578 -> pdu_0xb76e6210 -> pdu_0xb76e6ea8 -> pdu_0xb76e7b40 -> pdu_0xb76e87d8 -> pdu_0xb76e9470 -> pdu_0xb76ea108 -> pdu_0xb76eada0 -> pdu_0xb76eba38 -> pdu_0xb76ec6d0 -> pdu_0xb76ed368 -> pdu_0xb76ee000 -> pdu_0xb76eec98 -> pdu_0xb76ef930 -> pdu_0xb76f05c8 -> pdu_0xb76f1260 -> pdu_0xb76f1ef8 -> pdu_0xb76f2b90 -> pdu_0xb76f3828 -> pdu_0xb76f44c0 -> pdu_0xb76f5158 -> pdu_0xb76f5df0 -> pdu_0xb76f6a88 -> pdu_0xb76f7720 -> pdu_0xb76f83b8 -> pdu_0xb76f9050 -> pdu_0xb76f9ce8 -> pdu_0xb76fa980 -> pdu_0xb76fb618 -> pdu_0xb76fc2b0 -> pdu_0xb76fcf48 -> pdu_0xb76fdbe0 -> pdu_0xb76fe878 -> pdu_0xb76ff510 -> pdu_0xb77001a8 -> pdu_0xb7700e40 -> pdu_0xb7701ad8 -> pdu_0xb7702770 -> pdu_0xb7703408 -> pdu_0xb77040a0 -> pdu_0xb7704d38 -> pdu_0xb77059d0 -> pdu_0xb7706668 -> pdu_0xb7707300 -> pdu_0xb7707f98 -> pdu_0xb7708c30 [label=free_pdus];
Data structure dump 3567
----------------------
hit_0x3f87350 [label="tid_3f87b70"];
hit_0x3f87350  // free_pdus
-> pdu_0xb6bffd38  // (STOM)
-> pdu_0xb6c15140  // (CONN)
[label=free_pdus];
Hit structure dump 2
======================
hit_0xbffe6f28 [label="tid_b770a960"];
hit_0xbffe6f28  // free_pdus
-> pdu_0xb6c15dd8  // (ACK
)
-> pdu_0xb6bea930  // (ACK
)
[label=free_pdus];
Hit structure dump 2
======================
hit_0x8bb7350 [label="tid_8bb7b70"];
hit_0x8bb7350  // free_pdus
-> pdu_0xb6bf8be0  // (ACK
)
[label=free_pdus];
Hit structure dump 1
======================
hit_0x3786350 [label="tid_3786b70"];
hit_0x3786350  // free_pdus
-> pdu_0xb6c0a0f0  // (SEND)
-> pdu_0xb6c16a70  // (RECE)
[label=free_pdus];
Hit structure dump 2
======================
hit_0x4bbe350 [label="tid_4bbeb70"];
hit_0x4bbe350  // free_pdus
-> pdu_0xb6c009d0  // (RECE)
[label=free_pdus];
Hit structure dump 1
======================
hit_0x2784350 [label="tid_2784b70"];
hit_0x2784350 -> null [label=free_pdus];
Hit structure dump 0
======================
hit_0x5695350 [label="tid_5695b70"];
hit_0x5695350  // free_pdus
-> pdu_0xb6bfb1a8  // (DISC)
-> pdu_0xb6c02300  // (RECE)
[label=free_pdus];
Hit structure dump 2
======================
hit_0x2f85350 [label="tid_2f85b70"];
hit_0x2f85350  // free_pdus
-> pdu_0xb6c105b0  // (SEND)
-> pdu_0xb6bee828  // (ACK
)
-> pdu_0xb6c0d350  // (RECE)
[label=free_pdus];
Hit structure dump 3
======================
hit_0x1f83350 [label="tid_1f83b70"];
hit_0x1f83350  // free_pdus
-> pdu_0xb6bb2b08  // (SEND)
-> pdu_0xb6c061f8  // (ACK
)
-> pdu_0xb6c144a8  // (RECE)
[label=free_pdus];
Hit structure dump 3
======================
hit_0x1782350 [label="tid_1782b70"];
hit_0x1782350  // free_pdus
-> pdu_0xb6c0ec80  // (SEND)
-> pdu_0xb6c0ad88  // (ACK
)
-> pdu_0xb6c03c30  // (ACK
)
-> pdu_0xb6c09458  // (RECE)
[label=free_pdus];
Hit structure dump 4
======================
