FMT0 persist at /var/zxid/bus/ch/default/GpybB_X0Qm4l6DB2-fTteUYQRHY 'test(1,10,' len=68 rcpt(0)
FMT0 persist at /var/zxid/bus/ch/default/rYMt0RJQKPO-ncOXXx2S02Tt0jU 'test(0,10,' len=68 rcpt(0)
FMT0 persist at /var/zxid/bus/ch/default/9yO16P8-iK_vLT5EV43Pwu4JuLE 'test(0,10,' len=68 rcpt(1)
FMT0 persist at /var/zxid/bus/ch/default/MC-3pOWKjl-ixdBFtNUMjNgk-AE 'test(1,10,' len=68 rcpt(1)
FMT0 persist at /var/zxid/bus/ch/default/psTI2tNzBtDYlCwCI-8r0Cw7TUw 'test(0,10,' len=68 rcpt(2)
FMT0 persist at /var/zxid/bus/ch/default/288uZ_vdEMv_lO_LFZvAs2rilP4 'test(1,10,' len=68 rcpt(2)
FMT0 persist at /var/zxid/bus/ch/default/tkhTUJn5DqjTay9wfCCtgj4WsfU 'test(0,10,' len=68 rcpt(3)
FMT0 persist at /var/zxid/bus/ch/default/gCMjnkcyRGudjdq0-XLnZM5MHv0 'test(1,10,' len=68 rcpt(3)
FMT0 persist at /var/zxid/bus/ch/default/nAzkQJ6J6CHHWJBYO7GbgPStMk4 'test(0,10,' len=68 rcpt(4)
FMT0 persist at /var/zxid/bus/ch/default/JYCrFEJmvnfBdJZ_Ws-SJ7UQAp4 'test(1,10,' len=68 rcpt(4)
FMT0 persist at /var/zxid/bus/ch/default/ffzZKgCiy_piYGPX7Qx6HZyFiC4 'test(0,10,' len=68 rcpt(5)
FMT0 persist at /var/zxid/bus/ch/default/BBZjMpKzBZjjzlsuboMaiS9GQlk 'test(1,10,' len=68 rcpt(5)
FMT0 persist at /var/zxid/bus/ch/default/NrI-Z78LlDr8J24qCcdC8E-9RQ8 'test(0,10,' len=68 rcpt(6)
FMT0 persist at /var/zxid/bus/ch/default/cnRlxNUrRMNzMEGIUavyxZITwwA 'test(1,10,' len=68 rcpt(6)
FMT0 persist at /var/zxid/bus/ch/default/ZuzUWOLDVWLe1HDzMTU8TQb3GP4 'test(0,10,' len=68 rcpt(7)
FMT0 persist at /var/zxid/bus/ch/default/B7qZlh73dmW6sqx0ZIGHOBmJLQs 'test(0,10,' len=68 rcpt(8)
FMT0 persist at /var/zxid/bus/ch/default/Vv0mJeGqfUo2zzHLynbV3lSI9Dc 'test(1,10,' len=68 rcpt(7)
FMT0 persist at /var/zxid/bus/ch/default/mqXHkIc2gn9D9VkXTiBgSSdDoIY 'test(0,10,' len=68 rcpt(9)
FMT0 persist at /var/zxid/bus/ch/default/cegY49XkylJ8p_J0894GAol3zD8 'test(1,10,' len=68 rcpt(8)
FMT0 persist at /var/zxid/bus/ch/default/QxrxNmK2rvY9b_gUaHj5sVArGZ0 'test(0,10,' len=69 rcpt(10)
FMT0 persist at /var/zxid/bus/ch/default/PsKB2My_UPe6uOQjpdxyeuHgNWE 'test(1,10,' len=68 rcpt(9)
FMT0 persist at /var/zxid/bus/ch/default/3EZ-8AgfGYncrMsIkUEwZIlJK2o 'test(0,10,' len=68 rcpt(11)
FMT0 persist at /var/zxid/bus/ch/default/cR7yuQzBMF3cmq3c7qYXj6he8TA 'test(1,10,' len=69 rcpt(10)
FMT0 persist at /var/zxid/bus/ch/default/zwlB-VtGtZxth2xf0tpULDhQokA 'test(0,10,' len=68 rcpt(12)
FMT0 persist at /var/zxid/bus/ch/default/gdnc1l90ciHNEPWWbdzVMwLi0ok 'test(1,10,' len=68 rcpt(11)
FMT0 persist at /var/zxid/bus/ch/default/QxIDHfy3r90CkjL2woAxfrMTuJ0 'test(0,10,' len=68 rcpt(13)
FMT0 persist at /var/zxid/bus/ch/default/bTu_uKB3I1DCBFQJK2oG7_CGipg 'test(1,10,' len=68 rcpt(12)
FMT0 persist at /var/zxid/bus/ch/default/blbj19OgbRDfjLCcIytnrW165-o 'test(0,10,' len=68 rcpt(14)
FMT0 persist at /var/zxid/bus/ch/default/5nrZXjEqnI8grwHViNeQrt8GUQE 'test(1,10,' len=68 rcpt(13)
FMT0 persist at /var/zxid/bus/ch/default/D_llFTh4uUb93SUG89L2pwr8xec 'test(0,10,' len=68 rcpt(15)
FMT0 persist at /var/zxid/bus/ch/default/7P-1NVIaD8BEJDvr-gl-flYorJc 'test(1,10,' len=68 rcpt(14)
FMT0 persist at /var/zxid/bus/ch/default/-V6mVUivu5RrWc1f2EtzL3ZuDfc 'test(0,10,' len=68 rcpt(16)
FMT0 persist at /var/zxid/bus/ch/default/RiolPpbt6QhMSV1ARvEnc8b1yHE 'test(1,10,' len=68 rcpt(15)
FMT0 persist at /var/zxid/bus/ch/default/uykdJOjg6e5bKIMGDtTsJYklFJ0 'test(0,10,' len=68 rcpt(17)
FMT0 persist at /var/zxid/bus/ch/default/0lb_EYhlOGwkuybslaj-xqSETyY 'test(1,10,' len=68 rcpt(16)
FMT0 persist at /var/zxid/bus/ch/default/pqBMpS-Erx0eYmsaiW7wsZERE3k 'test(0,10,' len=68 rcpt(18)
FMT0 persist at /var/zxid/bus/ch/default/Av-VHdajr6gnP3WmUCYN6QKLEX4 'test(1,10,' len=68 rcpt(17)
FMT0 persist at /var/zxid/bus/ch/default/xS4gJLIFxw-LnkIpV-3OqLUfGBM 'test(0,10,' len=68 rcpt(19)
FMT0 persist at /var/zxid/bus/ch/default/u8DEk3JLDIKHuiHh3Ghp1kgw-Eo 'test(1,10,' len=68 rcpt(18)
FMT0 persist at /var/zxid/bus/ch/default/U5MIze92F4DQFYhyjNR_G3jOKnA 'test(1,10,' len=68 rcpt(19)
FMT0 persist at /var/zxid/bus/ch/default/8AtHr4sw0MIJHNW8rIrz8L5ID5k 'test(0,9,2' len=68 rcpt(20)
FMT0 persist at /var/zxid/bus/ch/default/LrkVYD_eYJQVoD9sn2FpUNqNUbY 'test(0,9,1' len=68 rcpt(21)
FMT0 persist at /var/zxid/bus/ch/default/47nKIHf2qCEhmaT8_8YRRHxR9sk 'test(1,9,2' len=68 rcpt(20)
FMT0 persist at /var/zxid/bus/ch/default/jEMvCvCDSEu43IISTBHJ4U-Td2w 'test(0,9,1' len=68 rcpt(22)
FMT0 persist at /var/zxid/bus/ch/default/6ep13AtkBEAEB_MHYEDLs8fpgi0 'test(1,9,1' len=68 rcpt(21)
FMT0 persist at /var/zxid/bus/ch/default/SiXj-_HIh3p6tr9j36SyA1cpOLw 'test(0,9,1' len=68 rcpt(23)
FMT0 persist at /var/zxid/bus/ch/default/ep9X2Io0Lol-SE7-Dn8aE18OlVM 'test(1,9,1' len=68 rcpt(22)
FMT0 persist at /var/zxid/bus/ch/default/-_aBSnqjZzp1gFAadNACD3VzGuM 'test(0,9,1' len=68 rcpt(24)
FMT0 persist at /var/zxid/bus/ch/default/Jd84FUED_jufx8ojgV1S7Iv8UGo 'test(1,9,1' len=68 rcpt(23)
FMT0 persist at /var/zxid/bus/ch/default/KlZrimwQMUcfaWN7Xn9fuUMBYSs 'test(0,9,1' len=68 rcpt(25)
FMT0 persist at /var/zxid/bus/ch/default/cv5Qc5RpnbxVk9PWHQO5jde3z8Q 'test(1,9,1' len=68 rcpt(24)
FMT0 persist at /var/zxid/bus/ch/default/qtgQdkarjLCnxRT7sPXOQduqLIo 'test(0,9,1' len=68 rcpt(26)
FMT0 persist at /var/zxid/bus/ch/default/0k9f7Ycp-wdGx_qs0f3R3aPOGk0 'test(1,9,1' len=68 rcpt(25)
FMT0 persist at /var/zxid/bus/ch/default/Z-8TiVR6iNxOhpl91jQtW1w0cdA 'test(0,9,1' len=68 rcpt(27)
FMT0 persist at /var/zxid/bus/ch/default/wuVJnPU1qIqIx7N6-fr8GLP9RWU 'test(1,9,1' len=68 rcpt(26)
FMT0 persist at /var/zxid/bus/ch/default/kFieqIQiYcWsT6cnLs5BZleXwPY 'test(0,9,1' len=68 rcpt(28)
FMT0 persist at /var/zxid/bus/ch/default/n5prQpKQ6hynTOVGGiIrPMW7-hE 'test(1,9,1' len=68 rcpt(27)
FMT0 persist at /var/zxid/bus/ch/default/cquyAIt4KB6YdriLOSv95lBfol4 'test(0,9,1' len=68 rcpt(29)
FMT0 persist at /var/zxid/bus/ch/default/Qo6Yvau6s34mylDYlrxZGkeLbhA 'test(1,9,1' len=68 rcpt(28)
FMT0 persist at /var/zxid/bus/ch/default/Tvb1RTQvEr8aaO3lQSAXeJ95uL4 'test(0,9,1' len=68 rcpt(30)
FMT0 persist at /var/zxid/bus/ch/default/3BAyYfN8VaWW1bHjM8c_6eqOfPI 'test(1,9,1' len=68 rcpt(29)
FMT0 persist at /var/zxid/bus/ch/default/-EgLeTpzjOnY4iQSgPSDBwNSKH8 'test(0,9,9' len=67 rcpt(31)
FMT0 persist at /var/zxid/bus/ch/default/ZP3fFqeTxYKhwm67K3bJboMcbxM 'test(1,9,1' len=68 rcpt(30)
FMT0 persist at /var/zxid/bus/ch/default/Lali4IoR6hWoRexPSAYk7nPZAyI 'test(0,9,8' len=67 rcpt(32)
FMT0 persist at /var/zxid/bus/ch/default/_5-AXsSEi5WnC4NJVSjCedC85Xc 'test(1,9,9' len=67 rcpt(31)
FMT0 persist at /var/zxid/bus/ch/default/KamylAQw1q6wbuXLxaW98IdsHmo 'test(1,9,8' len=67 rcpt(32)
FMT0 persist at /var/zxid/bus/ch/default/n9ZQusiRas38T6-p1vy7QO1iizg 'test(0,9,7' len=67 rcpt(33)
FMT0 persist at /var/zxid/bus/ch/default/NcTqJq42q-j5ueqlNeOBIjNhdIU 'test(1,9,7' len=67 rcpt(33)
FMT0 persist at /var/zxid/bus/ch/default/hlTo1Xb0c6FxGudZgNk3FXh_kJE 'test(1,9,6' len=67 rcpt(34)
FMT0 persist at /var/zxid/bus/ch/default/5-S1-s19S7hM3VLkFnW-_7QF90w 'test(0,9,6' len=67 rcpt(34)
FMT0 persist at /var/zxid/bus/ch/default/ZQRLDkToYiefn27iJIhjU9_gaaw 'test(1,9,5' len=67 rcpt(35)
FMT0 persist at /var/zxid/bus/ch/default/8Kc_-AOeGDbHi8yQXaHVS7D9Uog 'test(0,9,5' len=67 rcpt(35)
FMT0 persist at /var/zxid/bus/ch/default/qob8u4sqMY8C9IOUZTjLPt6cbt8 'test(1,9,4' len=67 rcpt(36)
FMT0 persist at /var/zxid/bus/ch/default/qX_R9Hr4P9mhXN2HbK93PZ3G_yA 'test(0,9,4' len=67 rcpt(36)
FMT0 persist at /var/zxid/bus/ch/default/i8o0wCdX_5lztmnVCK5BBlQZLpw 'test(1,9,3' len=67 rcpt(37)
FMT0 persist at /var/zxid/bus/ch/default/fglhWCAVzp5D7hRoCZiLaPCXEvw 'test(0,9,3' len=67 rcpt(37)
FMT0 persist at /var/zxid/bus/ch/default/_kzSw1RCDdew6OaWSzz6PU63Mmk 'test(1,9,2' len=67 rcpt(38)
FMT0 persist at /var/zxid/bus/ch/default/k-h7lrItIRehGKaoKufr3tqkyXU 'test(0,9,2' len=67 rcpt(38)
FMT0 persist at /var/zxid/bus/ch/default/ECJy9kRJLJvq7mBT2fkI8OQ3d_k 'test(1,9,1' len=67 rcpt(39)
FMT0 persist at /var/zxid/bus/ch/default/P2_je_7bk2AYCu3qhxSKcPu_dhk 'test(0,9,1' len=67 rcpt(39)
FMT0 persist at /var/zxid/bus/ch/default/oB1LGjk0j7stpaUzAFyeRw6L4V8 'test(1,8,2' len=68 rcpt(40)
FMT0 persist at /var/zxid/bus/ch/default/CM9HlOYCxrUD_bmTMuK77CzhUuo 'test(0,8,2' len=68 rcpt(40)
FMT0 persist at /var/zxid/bus/ch/default/3lhIdDGUmLnlRZ92aGDBfiEU7Nk 'test(1,8,1' len=68 rcpt(41)
FMT0 persist at /var/zxid/bus/ch/default/9cjbpALQ5O7JcJSuiRxCSfdhpCc 'test(0,8,1' len=68 rcpt(41)
FMT0 persist at /var/zxid/bus/ch/default/X8oeDHQDYMCTPzV_oyhHVNnUp60 'test(1,8,1' len=68 rcpt(42)
FMT0 persist at /var/zxid/bus/ch/default/Bplr0qhwWx_TmBp87wszBmPORns 'test(0,8,1' len=68 rcpt(42)
FMT0 persist at /var/zxid/bus/ch/default/1uszBhNbOWJYpsc-djK3w60cs5U 'test(1,8,1' len=68 rcpt(43)
FMT0 persist at /var/zxid/bus/ch/default/ilvPwBZsgpLFWn2HLJPQgBYqwTY 'test(0,8,1' len=68 rcpt(43)
FMT0 persist at /var/zxid/bus/ch/default/6PXsRMqjOq4iERlzQOWdlFdhgpo 'test(1,8,1' len=68 rcpt(44)
FMT0 persist at /var/zxid/bus/ch/default/IaLw02x0aGF5bCIL3c01jhDZZKg 'test(0,8,1' len=68 rcpt(44)
FMT0 persist at /var/zxid/bus/ch/default/G3HiPe1FNZrIDfYEvu6a0pih1KI 'test(1,8,1' len=68 rcpt(45)
FMT0 persist at /var/zxid/bus/ch/default/o38XpiJXEMVWPlNK-gIcD5wkOrc 'test(0,8,1' len=68 rcpt(45)
FMT0 persist at /var/zxid/bus/ch/default/fgdRXq3WtwcCL3cumfWkirWdr-I 'test(0,8,1' len=68 rcpt(46)
FMT0 persist at /var/zxid/bus/ch/default/ebT2sDst1UnbHkjYBXsw8Uuzwo4 'test(0,8,1' len=68 rcpt(47)
FMT0 persist at /var/zxid/bus/ch/default/Lamb888CkBEf52ETZHjPzibxU-c 'test(1,8,1' len=68 rcpt(46)
FMT0 persist at /var/zxid/bus/ch/default/X2fw7IfBGvqzB1qz6xKwkGGg2a4 'test(0,8,1' len=68 rcpt(48)
FMT0 persist at /var/zxid/bus/ch/default/yeKyFWfsL6ZgkykBqB8N6XtYvZw 'test(1,8,1' len=68 rcpt(47)
FMT0 persist at /var/zxid/bus/ch/default/qEmOp41AJsaGK4wQI3HuuuFabmI 'test(0,8,1' len=68 rcpt(49)
FMT0 persist at /var/zxid/bus/ch/default/DFwKiBNft-hmOi9V0ngpWQEJcts 'test(1,8,1' len=68 rcpt(48)
FMT0 persist at /var/zxid/bus/ch/default/8B1KAZ2qWu_i4RTfaDD-AYc5WMU 'test(0,8,1' len=68 rcpt(50)
FMT0 persist at /var/zxid/bus/ch/default/S2mrK__TAKfx0F5zIS_AhK5gS4U 'test(1,8,1' len=68 rcpt(49)
FMT0 persist at /var/zxid/bus/ch/default/zfe4vXcS9klrWMQTAvuCfBYKako 'test(0,8,9' len=67 rcpt(51)
FMT0 persist at /var/zxid/bus/ch/default/MHUSXJCKmUrepNUrYMfq7iBzWTU 'test(1,8,1' len=68 rcpt(50)
FMT0 persist at /var/zxid/bus/ch/default/O9jpHzyUdT-I2GYV6n15bR5oesY 'test(0,8,8' len=67 rcpt(52)
FMT0 persist at /var/zxid/bus/ch/default/syfZJmhjwcGGdF5LKw5fJwhcLVs 'test(1,8,9' len=67 rcpt(51)
FMT0 persist at /var/zxid/bus/ch/default/CJZp1LClGJbePQPXwGIlQvPJ3t0 'test(0,8,7' len=67 rcpt(53)
FMT0 persist at /var/zxid/bus/ch/default/v4KSYANDw190EgJkjt68SCGHGoE 'test(1,8,8' len=67 rcpt(52)
FMT0 persist at /var/zxid/bus/ch/default/EXW5Zi_7moNwPfnNdsBVJFieaG0 'test(1,8,7' len=67 rcpt(53)
FMT0 persist at /var/zxid/bus/ch/default/GyU0rrG2RLlCzlGaifVZTfq57tw 'test(1,8,6' len=67 rcpt(54)
FMT0 persist at /var/zxid/bus/ch/default/th4tyeOx3aCugIT9BUIcHZvltWs 'test(0,8,6' len=67 rcpt(54)
FMT0 persist at /var/zxid/bus/ch/default/silhXjbeYmf8mHsuzSoZkT2ikOU 'test(1,8,5' len=67 rcpt(55)
FMT0 persist at /var/zxid/bus/ch/default/8sSgcFHiyhrxsXedmsAVSHJW9Ug 'test(0,8,5' len=67 rcpt(55)
FMT0 persist at /var/zxid/bus/ch/default/HCiyuXL7gFlSKerx7OlYd3CEYQM 'test(0,8,4' len=67 rcpt(56)
FMT0 persist at /var/zxid/bus/ch/default/2BCT2pC6pKK5V2Prv8ZwYG4ceyM 'test(1,8,4' len=67 rcpt(56)
FMT0 persist at /var/zxid/bus/ch/default/4GbGLCRMxDzHcfEQYTKdcWLU13k 'test(0,8,3' len=67 rcpt(57)
FMT0 persist at /var/zxid/bus/ch/default/ySOHjvntj3lo6cstCtnJOKxRrg0 'test(1,8,3' len=67 rcpt(57)
FMT0 persist at /var/zxid/bus/ch/default/JtTgTeQaSr7Wb-MqeTPHLlDe2eg 'test(1,8,2' len=67 rcpt(58)
FMT0 persist at /var/zxid/bus/ch/default/U8DkG2j5wz7Xi4PTjGZKPAT14Xo 'test(0,8,2' len=67 rcpt(58)
FMT0 persist at /var/zxid/bus/ch/default/IphHY5Ra59-HcSFhG4zh-ehxNrM 'test(1,8,1' len=67 rcpt(59)
FMT0 persist at /var/zxid/bus/ch/default/zueR7x6oCesPYc2oHWDoekOSes0 'test(0,8,1' len=67 rcpt(59)
FMT0 persist at /var/zxid/bus/ch/default/8sXheqMOOtPOnDKGG9w8ryfxfsA 'test(1,7,2' len=68 rcpt(60)
FMT0 persist at /var/zxid/bus/ch/default/A4bqj1GuU16CT-9-3ZnlRtsu2PI 'test(1,7,1' len=68 rcpt(61)
FMT0 persist at /var/zxid/bus/ch/default/STdGdkOR-4tPIcp2vJyA0YTXQwE 'test(0,7,2' len=68 rcpt(60)
FMT0 persist at /var/zxid/bus/ch/default/J9wl9dvf2ZS5CNDmbo4jJchfHO0 'test(0,7,1' len=68 rcpt(61)
FMT0 persist at /var/zxid/bus/ch/default/SQPFvN5wNEq7rNs8F2M3nJZn-Eo 'test(1,7,1' len=68 rcpt(62)
FMT0 persist at /var/zxid/bus/ch/default/V_egvIR9S8JFcP9enznYvMnuCSs 'test(0,7,1' len=68 rcpt(62)
FMT0 persist at /var/zxid/bus/ch/default/qG5fxVadBR60seoRcmh4XZviCQ8 'test(1,7,1' len=68 rcpt(63)
FMT0 persist at /var/zxid/bus/ch/default/mv91CdApJJPSUNM89EOxGkltTRA 'test(0,7,1' len=68 rcpt(63)
FMT0 persist at /var/zxid/bus/ch/default/OiKhnq-hBj5zWjZh5Q2DkvGNO_g 'test(1,7,1' len=68 rcpt(64)
FMT0 persist at /var/zxid/bus/ch/default/8AM-VGP6h7vjmE9k1F8wgFLmTM8 'test(1,7,1' len=68 rcpt(65)
FMT0 persist at /var/zxid/bus/ch/default/iwYRr_atyRoHTXMzJZsP5-pztOU 'test(0,7,1' len=68 rcpt(64)
FMT0 persist at /var/zxid/bus/ch/default/Jiqhrvc9yHqYqUC4u0ymMPJPOrI 'test(1,7,1' len=68 rcpt(66)
FMT0 persist at /var/zxid/bus/ch/default/6hWzt-APhdNhy4-ZA62CutP_BCU 'test(1,7,1' len=68 rcpt(67)
FMT0 persist at /var/zxid/bus/ch/default/NKd-0vOibqIjtlLs0cRXf0TjSeI 'test(0,7,1' len=68 rcpt(65)
FMT0 persist at /var/zxid/bus/ch/default/ViyBMHBXCbewKkcUl654vuPujFs 'test(1,7,1' len=68 rcpt(68)
FMT0 persist at /var/zxid/bus/ch/default/44arYJVfVKz_wa53XDmywVfQ2dk 'test(0,7,1' len=68 rcpt(66)
FMT0 persist at /var/zxid/bus/ch/default/IOkRRVD0xII2OBjNtlknFYnhvn0 'test(0,7,1' len=68 rcpt(67)
FMT0 persist at /var/zxid/bus/ch/default/6B51oYNWNW6j17bT7rJiLM641T8 'test(1,7,1' len=68 rcpt(69)
FMT0 persist at /var/zxid/bus/ch/default/V2diTFj6awECQQL0yFueS5vbE_0 'test(1,7,1' len=68 rcpt(70)
FMT0 persist at /var/zxid/bus/ch/default/IVfCxGVDek-5VGaFf-Pgypn1FjM 'test(1,7,9' len=67 rcpt(71)
FMT0 persist at /var/zxid/bus/ch/default/2pFfKG-umbVI_PNRYcne1cQ5JBY 'test(1,7,8' len=67 rcpt(72)
FMT0 persist at /var/zxid/bus/ch/default/6or-FeH9P5AQ5wAVLFO3Xqp2Sz0 'test(0,7,1' len=68 rcpt(68)
FMT0 persist at /var/zxid/bus/ch/default/9vvrfwkHWMYuGJzoltH8OBYUMXA 'test(0,7,1' len=68 rcpt(69)
FMT0 persist at /var/zxid/bus/ch/default/4YWXARpvZ35Z0MAt5TikZKxMu6w 'test(1,7,7' len=67 rcpt(73)
FMT0 persist at /var/zxid/bus/ch/default/0mT_xKUflSimiEhSyo3fvcx0pF0 'test(0,7,1' len=68 rcpt(70)
FMT0 persist at /var/zxid/bus/ch/default/_ACCEYsQR69J5Mljuvz9c--fvS8 'test(1,7,6' len=67 rcpt(74)
FMT0 persist at /var/zxid/bus/ch/default/5bv1rGm2ZF0x3Oer4AOtVGHPL6w 'test(0,7,9' len=67 rcpt(71)
FMT0 persist at /var/zxid/bus/ch/default/oi-e1xxMNGF_WDp-elBvo2IoglY 'test(1,7,5' len=67 rcpt(75)
FMT0 persist at /var/zxid/bus/ch/default/pbSkMRtKeKFOIJcR6O6s29nJoY0 'test(0,7,8' len=67 rcpt(72)
FMT0 persist at /var/zxid/bus/ch/default/3a2-FlU8-Vo0skT6qg8TL_9icAk 'test(0,7,7' len=67 rcpt(73)
FMT0 persist at /var/zxid/bus/ch/default/ddKlmTYbP6B2VdwoMzWjYgbztg4 'test(1,7,4' len=67 rcpt(76)
FMT0 persist at /var/zxid/bus/ch/default/y6R-xnFnoPwS1GfQVSGFcrqUXZY 'test(0,7,6' len=67 rcpt(74)
FMT0 persist at /var/zxid/bus/ch/default/ZN1deU5-EZhQj6s12_WI3SzXwMo 'test(1,7,3' len=67 rcpt(77)
FMT0 persist at /var/zxid/bus/ch/default/HeSt9uY1Wc9QHDUCaLKg4N3AnVg 'test(0,7,5' len=67 rcpt(75)
FMT0 persist at /var/zxid/bus/ch/default/K5_EaqPomd7lco6huDWraxuG__Y 'test(1,7,2' len=67 rcpt(78)
FMT0 persist at /var/zxid/bus/ch/default/NETHvh1U65p2efvqA_jqtXtitLY 'test(0,7,4' len=67 rcpt(76)
FMT0 persist at /var/zxid/bus/ch/default/W9BTfTxrT6b-FiVlyCTVYuFOweo 'test(1,7,1' len=67 rcpt(79)
FMT0 persist at /var/zxid/bus/ch/default/2oE4xvDzcNnAocBxZxHMhC8nO9A 'test(0,7,3' len=67 rcpt(77)
FMT0 persist at /var/zxid/bus/ch/default/aevQ97yBPwd2R0HXHCKU10ZlwFU 'test(0,7,2' len=67 rcpt(78)
FMT0 persist at /var/zxid/bus/ch/default/XCcj5cYbiaxWHxDjf03XS9UxaO0 'test(0,7,1' len=67 rcpt(79)
FMT0 persist at /var/zxid/bus/ch/default/9jjqkzNyOOdsjGSYpCKbCr_k7hg 'test(1,6,2' len=68 rcpt(80)
FMT0 persist at /var/zxid/bus/ch/default/kyq0TZ2Deu5ftCON9TB-L7d6ync 'test(1,6,1' len=68 rcpt(81)
FMT0 persist at /var/zxid/bus/ch/default/HAmBLmLyAwUdPMd5PlZa4BfX1JI 'test(1,6,1' len=68 rcpt(82)
FMT0 persist at /var/zxid/bus/ch/default/6yqqGaB24up6M1rHRiKcdQqd8cQ 'test(0,6,2' len=68 rcpt(80)
FMT0 persist at /var/zxid/bus/ch/default/oNw0DyBdFb6sDW32-cRBrTcdG_I 'test(0,6,1' len=68 rcpt(81)
FMT0 persist at /var/zxid/bus/ch/default/07p3p96bSZdJb3ydsV_mrOuvA4A 'test(1,6,1' len=68 rcpt(83)
FMT0 persist at /var/zxid/bus/ch/default/poDhReQetZmD_Id5cxJPRto-JDg 'test(0,6,1' len=68 rcpt(82)
FMT0 persist at /var/zxid/bus/ch/default/ffbtnZAgev3gXuoQfKLffV2N7og 'test(1,6,1' len=68 rcpt(84)
FMT0 persist at /var/zxid/bus/ch/default/tmdry9K2Jqr-SdXno6KUfVlXtgs 'test(0,6,1' len=68 rcpt(83)
FMT0 persist at /var/zxid/bus/ch/default/yyGHK3UJt_TB0Zl3DDF1Jpx90Ew 'test(1,6,1' len=68 rcpt(85)
FMT0 persist at /var/zxid/bus/ch/default/NxLl9ERPhizLzgpcySRiWzrBaXU 'test(0,6,1' len=68 rcpt(84)
FMT0 persist at /var/zxid/bus/ch/default/QQw_ueHylIXbggup79iYYSoUjQg 'test(1,6,1' len=68 rcpt(86)
FMT0 persist at /var/zxid/bus/ch/default/2bBHrUZSQMayi_cQq8ZrCgjsE50 'test(0,6,1' len=68 rcpt(85)
FMT0 persist at /var/zxid/bus/ch/default/_RX6XggBpS6PNOHVyzcIarR_FgA 'test(0,6,1' len=68 rcpt(86)
FMT0 persist at /var/zxid/bus/ch/default/3pzSwIEpKETLfiIEF3dLn3zYYu8 'test(1,6,1' len=68 rcpt(87)
FMT0 persist at /var/zxid/bus/ch/default/zalcKe5wlEEFGb9b5VT8aEb9X2M 'test(1,6,1' len=68 rcpt(88)
FMT0 persist at /var/zxid/bus/ch/default/8OFKDAvFkcPsJgnqAA4q4lYFkqs 'test(1,6,1' len=68 rcpt(89)
FMT0 persist at /var/zxid/bus/ch/default/DY7x-eVXtj0U47uMRbloiX1PzhA 'test(1,6,1' len=68 rcpt(90)
FMT0 persist at /var/zxid/bus/ch/default/biiBEwF7Q29ZjJxDA1uIr7j8qfM 'test(0,6,1' len=68 rcpt(87)
FMT0 persist at /var/zxid/bus/ch/default/GZDJGgI432j74vR0FQ81hyrBFkM 'test(1,6,9' len=67 rcpt(91)
FMT0 persist at /var/zxid/bus/ch/default/epup8uubZ_Ub6g-UWoHas3BOmUo 'test(0,6,1' len=68 rcpt(88)
FMT0 persist at /var/zxid/bus/ch/default/5kRB24_YZnB6p1UeOaLyYa30ht0 'test(1,6,8' len=67 rcpt(92)
FMT0 persist at /var/zxid/bus/ch/default/vjV_tNaiszdeZrrugfXR6NTleCc 'test(0,6,1' len=68 rcpt(89)
FMT0 persist at /var/zxid/bus/ch/default/gQ3tBPpqVEZHN8rxUCaqsYWZTqU 'test(1,6,7' len=67 rcpt(93)
FMT0 persist at /var/zxid/bus/ch/default/7WHJ_KdLqyMm_YmKYflJaJ9rC1A 'test(1,6,6' len=67 rcpt(94)
FMT0 persist at /var/zxid/bus/ch/default/HnRYRkESvjkUe_1CZ8Clzgwu1ZM 'test(1,6,5' len=67 rcpt(95)
FMT0 persist at /var/zxid/bus/ch/default/3X6FRqgydFQdN4VQYTEFbHD9C9k 'test(0,6,1' len=68 rcpt(90)
FMT0 persist at /var/zxid/bus/ch/default/KFn1ix3RtSyUC2xOn9zWmOE7QWk 'test(1,6,4' len=67 rcpt(96)
FMT0 persist at /var/zxid/bus/ch/default/W5z83DtcYDAbuikDnY2h8VsZNqo 'test(0,6,9' len=67 rcpt(91)
FMT0 persist at /var/zxid/bus/ch/default/zXXL_M6KSJx0f_ok14lBpJJyuTA 'test(1,6,3' len=67 rcpt(97)
FMT0 persist at /var/zxid/bus/ch/default/6FUfjdnApG_QNiqEBVzqEZtiy3A 'test(1,6,2' len=67 rcpt(98)
FMT0 persist at /var/zxid/bus/ch/default/LxScuReoVVNzL8p4ZqSzhydxBgw 'test(0,6,8' len=67 rcpt(92)
FMT0 persist at /var/zxid/bus/ch/default/hnw40sfZx1_Cbcqh2r5OSXE72Ts 'test(1,6,1' len=67 rcpt(99)
FMT0 persist at /var/zxid/bus/ch/default/pRwg0dOHX0YsA3-d_53RX03uVTw 'test(0,6,7' len=67 rcpt(93)
FMT0 persist at /var/zxid/bus/ch/default/DeBa0VtA2Hbh4mYplqXEjZEUIeA 'test(0,6,6' len=67 rcpt(94)
FMT0 persist at /var/zxid/bus/ch/default/YwAXxj0dN49m6JBjqN8v5P2cdeM 'test(0,6,5' len=67 rcpt(95)
FMT0 persist at /var/zxid/bus/ch/default/UtWxBo6iFs17qYrFsV5E6sdnEDc 'test(0,6,4' len=67 rcpt(96)
FMT0 persist at /var/zxid/bus/ch/default/4n5rQfrA9dclmt1ny5jZ6n3U-m4 'test(0,6,3' len=67 rcpt(97)
FMT0 persist at /var/zxid/bus/ch/default/6-CF3SeV0p322uANL9cc2cUlcbg 'test(0,6,2' len=67 rcpt(98)
FMT0 persist at /var/zxid/bus/ch/default/Gscop_Nj6dUY0tgpJB66MjdwcoI 'test(1,5,2' len=69 rcpt(100)
FMT0 persist at /var/zxid/bus/ch/default/XlimIC3LMSMBF2t6T2qzyA7-nFs 'test(0,6,1' len=67 rcpt(99)
FMT0 persist at /var/zxid/bus/ch/default/6HxHACdXWkkzQexB2OCW01zldJQ 'test(1,5,1' len=69 rcpt(101)
FMT0 persist at /var/zxid/bus/ch/default/_CumP9zw-Dgp84MES11oBY9ZQCM 'test(1,5,1' len=69 rcpt(102)
FMT0 persist at /var/zxid/bus/ch/default/FdQDLunLsyNWkwVdtKqH9bvBQ54 'test(0,5,2' len=69 rcpt(100)
FMT0 persist at /var/zxid/bus/ch/default/XacjktjUw3WJPU6tZtGP8IBGdD4 'test(1,5,1' len=69 rcpt(103)
FMT0 persist at /var/zxid/bus/ch/default/eIS144uNERC4SlEZ7HcOBFyuJpo 'test(0,5,1' len=69 rcpt(101)
FMT0 persist at /var/zxid/bus/ch/default/Q3LhKjh2AKNNZ0MvaPA-objLwJ4 'test(1,5,1' len=69 rcpt(104)
FMT0 persist at /var/zxid/bus/ch/default/IWmd4qGJRTuIKSmZl0zU0DjzuIE 'test(0,5,1' len=69 rcpt(102)
FMT0 persist at /var/zxid/bus/ch/default/JXLm60zd360O1uLdTtYaBcQ8L08 'test(1,5,1' len=69 rcpt(105)
FMT0 persist at /var/zxid/bus/ch/default/bkZuPdB1tTns-Mqilr3KdhCkgYo 'test(0,5,1' len=69 rcpt(103)
FMT0 persist at /var/zxid/bus/ch/default/i5ptOxShz-6J9iTEEHsm3IumKYE 'test(1,5,1' len=69 rcpt(106)
FMT0 persist at /var/zxid/bus/ch/default/xzjHJSidoZo0KIlTkfd0sktGJGQ 'test(0,5,1' len=69 rcpt(104)
FMT0 persist at /var/zxid/bus/ch/default/wohaskmwwjyv4cEr16f9vfxjBNQ 'test(1,5,1' len=69 rcpt(107)
FMT0 persist at /var/zxid/bus/ch/default/lYlbk_kjDYCoojFOg2XvnJZMlqM 'test(0,5,1' len=69 rcpt(105)
FMT0 persist at /var/zxid/bus/ch/default/8u21u7qlTZOgyZ6KI62qjI4IFEc 'test(1,5,1' len=69 rcpt(108)
FMT0 persist at /var/zxid/bus/ch/default/absQjOkPG1I7lZESU907llpYcbU 'test(0,5,1' len=69 rcpt(106)
FMT0 persist at /var/zxid/bus/ch/default/3C-QIOuu5sejcpQomC9PwIXC1lA 'test(1,5,1' len=69 rcpt(109)
FMT0 persist at /var/zxid/bus/ch/default/tltS_YsOt4SCLdT7XQtBV_SCTWA 'test(0,5,1' len=69 rcpt(107)
FMT0 persist at /var/zxid/bus/ch/default/G3sSg4TG9J2LZBD-a1pHlreogPE 'test(1,5,1' len=69 rcpt(110)
FMT0 persist at /var/zxid/bus/ch/default/CEgD_aBM1dSwxcHbeWJJ6O-9vgw 'test(0,5,1' len=69 rcpt(108)
FMT0 persist at /var/zxid/bus/ch/default/59EMrHejTVmd3gthLUSXwZNfYYs 'test(1,5,9' len=68 rcpt(111)
FMT0 persist at /var/zxid/bus/ch/default/YK3qW1YmaH45fMQIqQdvm63D5TM 'test(0,5,1' len=69 rcpt(109)
FMT0 persist at /var/zxid/bus/ch/default/EBCgFBUnn-y_tIcL5McJnq24BAA 'test(0,5,1' len=69 rcpt(110)
FMT0 persist at /var/zxid/bus/ch/default/Y3ECtW4GjoQ3JtChHfUaPrhssyo 'test(0,5,9' len=68 rcpt(111)
FMT0 persist at /var/zxid/bus/ch/default/SjCz6RQmSNnMk-dWfXE2wv911Fk 'test(1,5,8' len=68 rcpt(112)
FMT0 persist at /var/zxid/bus/ch/default/iqp8JElD5fSQJ307LlRDMXh893U 'test(0,5,8' len=68 rcpt(112)
FMT0 persist at /var/zxid/bus/ch/default/Lx0h9xxcyE7_CA8Rqag7vuN53hU 'test(1,5,7' len=68 rcpt(113)
FMT0 persist at /var/zxid/bus/ch/default/EjDlt9H3j3VYXVEmkZjEqM1obTw 'test(0,5,7' len=68 rcpt(113)
FMT0 persist at /var/zxid/bus/ch/default/5rPc_fNR6m3ipvOHk2FBCVcu3_A 'test(1,5,6' len=68 rcpt(114)
FMT0 persist at /var/zxid/bus/ch/default/81h7DjgJMJE2vP-ZKLzMlpt4nS0 'test(0,5,6' len=68 rcpt(114)
FMT0 persist at /var/zxid/bus/ch/default/IMlxPsyOGWbyUzzyu3IpWi-eMbM 'test(1,5,5' len=68 rcpt(115)
FMT0 persist at /var/zxid/bus/ch/default/oh-0F72ul3OSFdGQLGS9Qoo9tNQ 'test(1,5,4' len=68 rcpt(116)
FMT0 persist at /var/zxid/bus/ch/default/Xf--92jtpiU70c1T-YaDLc2ADPY 'test(0,5,5' len=68 rcpt(115)
FMT0 persist at /var/zxid/bus/ch/default/L8HYEbG2BFZ0IZEaUU3pL_X5JJk 'test(1,5,3' len=68 rcpt(117)
FMT0 persist at /var/zxid/bus/ch/default/_WSSkc45LQJl0bkezj3XQhWTIGI 'test(0,5,4' len=68 rcpt(116)
FMT0 persist at /var/zxid/bus/ch/default/qJvPPRQedrJysWlqNErIy4rMzEA 'test(1,5,2' len=68 rcpt(118)
FMT0 persist at /var/zxid/bus/ch/default/OLoZwJ73710CA6ZYAqruHfF-UO8 'test(0,5,3' len=68 rcpt(117)
FMT0 persist at /var/zxid/bus/ch/default/Xctr62RoetpvuMLjHbgmdtfAOUE 'test(1,5,1' len=68 rcpt(119)
FMT0 persist at /var/zxid/bus/ch/default/Ns3JGzGw6VPIXv8CWNr6uWAh3RA 'test(0,5,2' len=68 rcpt(118)
FMT0 persist at /var/zxid/bus/ch/default/MMYpjAV8cpBU6ckOVzWvCSSCyY4 'test(0,5,1' len=68 rcpt(119)
FMT0 persist at /var/zxid/bus/ch/default/hst2NTPRtJB6ks2lalGLr4Dollg 'test(1,4,2' len=69 rcpt(120)
FMT0 persist at /var/zxid/bus/ch/default/IjFt_U1xXWds--tCeLzdoK3DhFA 'test(0,4,2' len=69 rcpt(120)
FMT0 persist at /var/zxid/bus/ch/default/lM-DUOLmglH3iVAbAEV5IuNgLm0 'test(1,4,1' len=69 rcpt(121)
FMT0 persist at /var/zxid/bus/ch/default/tFdtasCGOhYM1czE7vr-vR_Lw2M 'test(0,4,1' len=69 rcpt(121)
FMT0 persist at /var/zxid/bus/ch/default/XpfRiWWIm-kvTS--CyPX3PRxd8I 'test(1,4,1' len=69 rcpt(122)
FMT0 persist at /var/zxid/bus/ch/default/SpA4mKcgyfNPVuzoI_JeflVpieU 'test(0,4,1' len=69 rcpt(122)
FMT0 persist at /var/zxid/bus/ch/default/O2C-Cu-gRHJtsGg_T_gvE0nlQBM 'test(1,4,1' len=69 rcpt(123)
FMT0 persist at /var/zxid/bus/ch/default/uH_9iSL8Xap2I1fiTi_52mIwXl4 'test(0,4,1' len=69 rcpt(123)
FMT0 persist at /var/zxid/bus/ch/default/oAoR2hU_jNI6aF9F5CPkKxihBSg 'test(1,4,1' len=69 rcpt(124)
FMT0 persist at /var/zxid/bus/ch/default/LWaGH56BWjIg2PtKQIHNLfZWgQQ 'test(0,4,1' len=69 rcpt(124)
FMT0 persist at /var/zxid/bus/ch/default/SFCAGzaDbF_xgXlt8_hWc2m0LQc 'test(1,4,1' len=69 rcpt(125)
FMT0 persist at /var/zxid/bus/ch/default/rk_QFoAreMc26AfwfXFNzW2_h1w 'test(0,4,1' len=69 rcpt(125)
FMT0 persist at /var/zxid/bus/ch/default/Ocz9yiCgAoGWhghXQaNoPnAuuuI 'test(1,4,1' len=69 rcpt(126)
FMT0 persist at /var/zxid/bus/ch/default/Rvb6h5oSX6agiZcogBtbAsd1n-M 'test(1,4,1' len=69 rcpt(127)
FMT0 persist at /var/zxid/bus/ch/default/lghUfm2oVCKfzUqgnKPifCA_VPA 'test(1,4,1' len=69 rcpt(128)
FMT0 persist at /var/zxid/bus/ch/default/GaRYFcW5B2MkLEuq8WA3E0P7nYQ 'test(0,4,1' len=69 rcpt(126)
FMT0 persist at /var/zxid/bus/ch/default/PWPJAsyeKjtgmNx0N0282BAxf78 'test(1,4,1' len=69 rcpt(129)
FMT0 persist at /var/zxid/bus/ch/default/raro2zweVNt1Tb2RlWeO7eWzpIQ 'test(0,4,1' len=69 rcpt(127)
FMT0 persist at /var/zxid/bus/ch/default/0bwY34lfu8gC-JYBp95Sve6J-1k 'test(1,4,1' len=69 rcpt(130)
FMT0 persist at /var/zxid/bus/ch/default/06xKb_NCxr8BLEJptH1E9kZa3IU 'test(0,4,1' len=69 rcpt(128)
FMT0 persist at /var/zxid/bus/ch/default/bU2iSsW8p1JgdigsLKmfm1xRbo8 'test(0,4,1' len=69 rcpt(129)
FMT0 persist at /var/zxid/bus/ch/default/FW8l79Egfr0sfxiqiGaG5-HDPgw 'test(0,4,1' len=69 rcpt(130)
FMT0 persist at /var/zxid/bus/ch/default/ogBfvOIksFW5KtnkSPocOfQ-xZQ 'test(0,4,9' len=68 rcpt(131)
FMT0 persist at /var/zxid/bus/ch/default/Kndrkb3S6FrPMJl0izughpEpTOg 'test(1,4,9' len=68 rcpt(131)
FMT0 persist at /var/zxid/bus/ch/default/Qhp_Of0GOpOF8vpP2Aj9gEyXIW0 'test(1,4,8' len=68 rcpt(132)
FMT0 persist at /var/zxid/bus/ch/default/_tkR3py3NLY4lp53rtrcVKx4l7w 'test(0,4,8' len=68 rcpt(132)
FMT0 persist at /var/zxid/bus/ch/default/OpksMa2YWAyTMifeXbMdhKTKLVk 'test(1,4,7' len=68 rcpt(133)
FMT0 persist at /var/zxid/bus/ch/default/HSpeArwv9a-vjdx0NhiQRrIiGhI 'test(0,4,7' len=68 rcpt(133)
FMT0 persist at /var/zxid/bus/ch/default/g2QLJ9UumHnOfrV3cXJiOZ6slSg 'test(1,4,6' len=68 rcpt(134)
FMT0 persist at /var/zxid/bus/ch/default/bKQjk2GHcWPuzNFyQkl2OWA-xl0 'test(0,4,6' len=68 rcpt(134)
FMT0 persist at /var/zxid/bus/ch/default/9NICAKD_fDO1Y8COqIus3RRlU2s 'test(1,4,5' len=68 rcpt(135)
FMT0 persist at /var/zxid/bus/ch/default/SBGibI9tWwGpy5KsHlh7q4lMRAk 'test(0,4,5' len=68 rcpt(135)
FMT0 persist at /var/zxid/bus/ch/default/3y8yXdgvTBGKZa97NDes0X7CMB8 'test(1,4,4' len=68 rcpt(136)
FMT0 persist at /var/zxid/bus/ch/default/r713M39TPmERxsx99Qp7Ao18GlM 'test(0,4,4' len=68 rcpt(136)
FMT0 persist at /var/zxid/bus/ch/default/EcroLM0xORxmWKAUH6FkzfufNSk 'test(1,4,3' len=68 rcpt(137)
FMT0 persist at /var/zxid/bus/ch/default/E744RcQwnW9UHYauQJ-CJc5GHog 'test(0,4,3' len=68 rcpt(137)
FMT0 persist at /var/zxid/bus/ch/default/efOmTYiDsjS3FU487jnzOoDqhqc 'test(1,4,2' len=68 rcpt(138)
FMT0 persist at /var/zxid/bus/ch/default/OWob7PQ0bNXM5eKfTJFFpgaq8ws 'test(0,4,2' len=68 rcpt(138)
FMT0 persist at /var/zxid/bus/ch/default/ne-0vFIvYYKKBljSqtL73fkI9Nw 'test(1,4,1' len=68 rcpt(139)
FMT0 persist at /var/zxid/bus/ch/default/LP3l3ai-9Ru9lk3DDIyESyZN7H4 'test(0,4,1' len=68 rcpt(139)
FMT0 persist at /var/zxid/bus/ch/default/qZl-WhGojrYuYaIYZa1TkjClbPk 'test(1,3,2' len=69 rcpt(140)
FMT0 persist at /var/zxid/bus/ch/default/-8AEDwkUHbS7fFaJZx0eEvBlXlE 'test(0,3,2' len=69 rcpt(140)
FMT0 persist at /var/zxid/bus/ch/default/BNGf-NA3rUTF7sAQG1Yst_MqMlk 'test(1,3,1' len=69 rcpt(141)
FMT0 persist at /var/zxid/bus/ch/default/jmnkdVH-HP6Kfwyd5nswftGH4zY 'test(0,3,1' len=69 rcpt(141)
FMT0 persist at /var/zxid/bus/ch/default/yo_K9622fQ1X9F3CkWRjDER3nWc 'test(0,3,1' len=69 rcpt(142)
FMT0 persist at /var/zxid/bus/ch/default/O6i_48IuEK2hsDCG7rcZKXwFPAo 'test(0,3,1' len=69 rcpt(143)
FMT0 persist at /var/zxid/bus/ch/default/sRmSgtEVvQ4ds9IE82Gz2sQz1Ps 'test(1,3,1' len=69 rcpt(142)
FMT0 persist at /var/zxid/bus/ch/default/1XE8jBZc8tivZjgwVuPIaTs2tjM 'test(0,3,1' len=69 rcpt(144)
FMT0 persist at /var/zxid/bus/ch/default/nH-U7zrNPYahRwBFx9K-rU1j8ek 'test(1,3,1' len=69 rcpt(143)
FMT0 persist at /var/zxid/bus/ch/default/nOLnicHlKgz8JxH8yw5Nwq6O_us 'test(0,3,1' len=69 rcpt(145)
FMT0 persist at /var/zxid/bus/ch/default/MxHCQ-WXTBjDBdANp0kqiNJDm7k 'test(0,3,1' len=69 rcpt(146)
FMT0 persist at /var/zxid/bus/ch/default/5SnhrYj5VpOgPSlDrDd9DgiyzNQ 'test(0,3,1' len=69 rcpt(147)
FMT0 persist at /var/zxid/bus/ch/default/P2pFpHIyNnO0zqzGk7jdV7wb2OY 'test(1,3,1' len=69 rcpt(144)
FMT0 persist at /var/zxid/bus/ch/default/7w-GdXBSq1d1iB34dskhuAi7YUk 'test(0,3,1' len=69 rcpt(148)
FMT0 persist at /var/zxid/bus/ch/default/lJ0NqHIIyovlaOSQcvCHqcZ6l0o 'test(1,3,1' len=69 rcpt(145)
FMT0 persist at /var/zxid/bus/ch/default/xq_bql57cJTpd8vcQQzybxEPXPM 'test(0,3,1' len=69 rcpt(149)
FMT0 persist at /var/zxid/bus/ch/default/E-kKA8X5NeOrkJRje64SrGeQkBI 'test(1,3,1' len=69 rcpt(146)
FMT0 persist at /var/zxid/bus/ch/default/0AeIZPaG2qhW5fKAT6LdbP_Qu7s 'test(0,3,1' len=69 rcpt(150)
FMT0 persist at /var/zxid/bus/ch/default/ZRls3nHj46o6u1CZSJHT5aTbnhY 'test(1,3,1' len=69 rcpt(147)
FMT0 persist at /var/zxid/bus/ch/default/RSS3TFtt28hXlzMYiOFnaBmpvPE 'test(0,3,9' len=68 rcpt(151)
FMT0 persist at /var/zxid/bus/ch/default/IAv4MpaSjU_awQM6mNb1URCG_xg 'test(1,3,1' len=69 rcpt(148)
FMT0 persist at /var/zxid/bus/ch/default/wAWTEFgENXtwQVjUw9VHljgNAvw 'test(0,3,8' len=68 rcpt(152)
FMT0 persist at /var/zxid/bus/ch/default/OrkYJIgxnqtdwDX3L7wBmF5pbNM 'test(1,3,1' len=69 rcpt(149)
FMT0 persist at /var/zxid/bus/ch/default/B15PIyXIZFSM4i6-xsOzdK64NOA 'test(0,3,7' len=68 rcpt(153)
FMT0 persist at /var/zxid/bus/ch/default/tr_nphmKkj0RrqCxI68XV0W74WQ 'test(1,3,1' len=69 rcpt(150)
FMT0 persist at /var/zxid/bus/ch/default/qi-yoTUJac8Szc21oLbkjBtkMbc 'test(0,3,6' len=68 rcpt(154)
FMT0 persist at /var/zxid/bus/ch/default/RRwC-6fEWuj3GpA_MBt4JtdpkxU 'test(1,3,9' len=68 rcpt(151)
FMT0 persist at /var/zxid/bus/ch/default/8b7UvI0-eslm5BHl0OelDA5yl3Y 'test(0,3,5' len=68 rcpt(155)
FMT0 persist at /var/zxid/bus/ch/default/FH_uZ4o8nU1fu_Kk15AXVx5i5yE 'test(1,3,8' len=68 rcpt(152)
FMT0 persist at /var/zxid/bus/ch/default/iEPTtvrPXSg03EXVYVwvcFXzXeU 'test(0,3,4' len=68 rcpt(156)
FMT0 persist at /var/zxid/bus/ch/default/HQlqny5Zmygf418dhBpDR3_iyuY 'test(0,3,3' len=68 rcpt(157)
FMT0 persist at /var/zxid/bus/ch/default/-7vBIRqN8t84l4TwYEnjSJNBRLw 'test(1,3,7' len=68 rcpt(153)
FMT0 persist at /var/zxid/bus/ch/default/8FyvDq6D4OPpiTFTrHdAo8pbFkQ 'test(0,3,2' len=68 rcpt(158)
FMT0 persist at /var/zxid/bus/ch/default/KtCqK8C8eun80nhiN-XIKNGXTJo 'test(1,3,6' len=68 rcpt(154)
FMT0 persist at /var/zxid/bus/ch/default/EW5XFFT-5Z-tYNlpieUTzQC4Tyk 'test(0,3,1' len=68 rcpt(159)
FMT0 persist at /var/zxid/bus/ch/default/mOhBwF_2rlGcl6NCXlqRyRmNPWE 'test(1,3,5' len=68 rcpt(155)
FMT0 persist at /var/zxid/bus/ch/default/BPnEA56Hand7iGOJ8oqyMHdvzwc 'test(1,3,4' len=68 rcpt(156)
FMT0 persist at /var/zxid/bus/ch/default/itOvstZcKUAZ4lrbByxqckmanSk 'test(1,3,3' len=68 rcpt(157)
FMT0 persist at /var/zxid/bus/ch/default/YOGMeB09Q1-pg5MDxKNvMyXqNYI 'test(0,2,2' len=69 rcpt(160)
FMT0 persist at /var/zxid/bus/ch/default/yDCKXnrslm-VAXgbFF7OpQdDxR4 'test(1,3,2' len=68 rcpt(158)
FMT0 persist at /var/zxid/bus/ch/default/r2XK9heCYqapKerx0zyA4FXy52o 'test(0,2,1' len=69 rcpt(161)
FMT0 persist at /var/zxid/bus/ch/default/fDTcvhV2X1bVL7AIqHbVbgjgwB4 'test(1,3,1' len=68 rcpt(159)
FMT0 persist at /var/zxid/bus/ch/default/MxWafgweHCtAHVcxt24Lm5UJI8I 'test(0,2,1' len=69 rcpt(162)
FMT0 persist at /var/zxid/bus/ch/default/is9IoLk-5CB5mujG-GGrSbdlRUA 'test(0,2,1' len=69 rcpt(163)
FMT0 persist at /var/zxid/bus/ch/default/Uv4Tzizu6ItNI3nhQcNIn5Py6Zs 'test(0,2,1' len=69 rcpt(164)
FMT0 persist at /var/zxid/bus/ch/default/UDEEs-XejV9SEVC4FeCh-IYQiJ8 'test(0,2,1' len=69 rcpt(165)
FMT0 persist at /var/zxid/bus/ch/default/9E-UGae8n_vE03zvUYOvILN14iU 'test(0,2,1' len=69 rcpt(166)
FMT0 persist at /var/zxid/bus/ch/default/vMnJ7e3keF0LfwZ-y_x0tWvPjI8 'test(1,2,2' len=69 rcpt(160)
FMT0 persist at /var/zxid/bus/ch/default/VIDdDCVbI40QupwNh2_qodoCNpY 'test(0,2,1' len=69 rcpt(167)
FMT0 persist at /var/zxid/bus/ch/default/smxd_X5wA_HCHm7bdt5GsKnXzhI 'test(1,2,1' len=69 rcpt(161)
FMT0 persist at /var/zxid/bus/ch/default/0U1GVcGGhSqls_EQqNtazhOSOgE 'test(0,2,1' len=69 rcpt(168)
FMT0 persist at /var/zxid/bus/ch/default/p7WSHMgmLw2ptP8asOaivQzUBOM 'test(1,2,1' len=69 rcpt(162)
FMT0 persist at /var/zxid/bus/ch/default/1oBhDYAz0zTzWqZBS2m7ZPGvtt8 'test(0,2,1' len=69 rcpt(169)
FMT0 persist at /var/zxid/bus/ch/default/WEgdmZiNIvItI94sBsqMgSBbxx4 'test(0,2,1' len=69 rcpt(170)
FMT0 persist at /var/zxid/bus/ch/default/wN0S8YNLb4its9yphPtHxsF9TEQ 'test(1,2,1' len=69 rcpt(163)
FMT0 persist at /var/zxid/bus/ch/default/sOUFzAybT2TBoIipRfKEK2XYEM8 'test(0,2,9' len=68 rcpt(171)
FMT0 persist at /var/zxid/bus/ch/default/C4aAM3IlnvkrG1T-0UJ-cogHSvE 'test(1,2,1' len=69 rcpt(164)
FMT0 persist at /var/zxid/bus/ch/default/dE4Dp7kTz6gJKJYTeRMHtzQbPWc 'test(0,2,8' len=68 rcpt(172)
FMT0 persist at /var/zxid/bus/ch/default/KNhkc426Lro9AdT2m7BK5nI92gk 'test(1,2,1' len=69 rcpt(165)
FMT0 persist at /var/zxid/bus/ch/default/Mj1DcQIRoay_2o6fVWKCRyTc8Lg 'test(0,2,7' len=68 rcpt(173)
FMT0 persist at /var/zxid/bus/ch/default/NK7HNOIgRWtSQ0kOUfAZxh0y6mU 'test(1,2,1' len=69 rcpt(166)
FMT0 persist at /var/zxid/bus/ch/default/ALpgc9Eax_JR6MxwX3G3vNddYfo 'test(0,2,6' len=68 rcpt(174)
FMT0 persist at /var/zxid/bus/ch/default/1w7Ipgq_gsaee1Vmj7Nb-wBC5Hk 'test(1,2,1' len=69 rcpt(167)
FMT0 persist at /var/zxid/bus/ch/default/0u1AgOlxgsxwybs6RMi_pWFFGf0 'test(1,2,1' len=69 rcpt(168)
FMT0 persist at /var/zxid/bus/ch/default/REx0GJGBwe4Miow-JhhV2Tfb-K4 'test(0,2,5' len=68 rcpt(175)
FMT0 persist at /var/zxid/bus/ch/default/0NAt6js-qBiErv_7hWrbccMzHpE 'test(1,2,1' len=69 rcpt(169)
FMT0 persist at /var/zxid/bus/ch/default/xdBf3W1-E9R0jUDj1D--BzpE85s 'test(1,2,1' len=69 rcpt(170)
FMT0 persist at /var/zxid/bus/ch/default/HEE8N35E3f1wkWbvbOdAgY-cYx4 'test(0,2,4' len=68 rcpt(176)
FMT0 persist at /var/zxid/bus/ch/default/OuUtA6noZqNZVHrTahHmbhtjpX4 'test(0,2,3' len=68 rcpt(177)
FMT0 persist at /var/zxid/bus/ch/default/HXHoNqoPCMzzptj2YYZ4reN6vMU 'test(1,2,9' len=68 rcpt(171)
FMT0 persist at /var/zxid/bus/ch/default/3xnrXvuyQOL-EwTuJyYMnOOVw9k 'test(0,2,2' len=68 rcpt(178)
FMT0 persist at /var/zxid/bus/ch/default/u2T4B37S7wAKzRfxg3BLaeODgmA 'test(1,2,8' len=68 rcpt(172)
FMT0 persist at /var/zxid/bus/ch/default/CZE0iAwaHId10bS7yDtr4YSFfko 'test(1,2,7' len=68 rcpt(173)
FMT0 persist at /var/zxid/bus/ch/default/T3e-6lM7qafrnXKyNfyApcljPxI 'test(0,2,1' len=68 rcpt(179)
FMT0 persist at /var/zxid/bus/ch/default/Oeq26XTXSzbf-UkQRXLbXSue8JI 'test(1,2,6' len=68 rcpt(174)
FMT0 persist at /var/zxid/bus/ch/default/CHWACH38j0IZdNFpXvGmORlsoYA 'test(1,2,5' len=68 rcpt(175)
FMT0 persist at /var/zxid/bus/ch/default/xupS29_GKnGeTnMNsgXM6vRxF_I 'test(0,1,2' len=69 rcpt(180)
FMT0 persist at /var/zxid/bus/ch/default/g53s_WvwCESRTZbeu7TVbXGFpUY 'test(1,2,4' len=68 rcpt(176)
FMT0 persist at /var/zxid/bus/ch/default/eudWdzidZjgsvScGQYzSI1hNOL8 'test(0,1,1' len=69 rcpt(181)
FMT0 persist at /var/zxid/bus/ch/default/MZQ__amoknJzsoSm8Mxj_X55tX8 'test(1,2,3' len=68 rcpt(177)
FMT0 persist at /var/zxid/bus/ch/default/fiUYcv7ukcxCV3YUl7VOJugwfpg 'test(0,1,1' len=69 rcpt(182)
FMT0 persist at /var/zxid/bus/ch/default/li85KTgWHaV0uZmdQZoDKfjaDMg 'test(1,2,2' len=68 rcpt(178)
FMT0 persist at /var/zxid/bus/ch/default/hiqOLHgqG9Rzlr0JzsKehSNnCpI 'test(0,1,1' len=69 rcpt(183)
FMT0 persist at /var/zxid/bus/ch/default/1SDWa4GGhDb5nOcmTgIlQ8XOAw8 'test(1,2,1' len=68 rcpt(179)
FMT0 persist at /var/zxid/bus/ch/default/IO5q0N4erM-0awz_R8NkL3yDP_o 'test(0,1,1' len=69 rcpt(184)
FMT0 persist at /var/zxid/bus/ch/default/SIzpjGV4fuyjNqC7KZJq1l1UoTo 'test(0,1,1' len=69 rcpt(185)
FMT0 persist at /var/zxid/bus/ch/default/M44RzL3fQjwi8JxLpnVi5aBCQ9s 'test(1,1,2' len=69 rcpt(180)
FMT0 persist at /var/zxid/bus/ch/default/BmjAjjVgyePtkgJLIsSb0M808RI 'test(0,1,1' len=69 rcpt(186)
FMT0 persist at /var/zxid/bus/ch/default/dfY_KxN2Gd7oeAsNHtrBVV4a2JI 'test(1,1,1' len=69 rcpt(181)
FMT0 persist at /var/zxid/bus/ch/default/x4yJIZMyxtdKAB7Qjm5TvQKs89k 'test(1,1,1' len=69 rcpt(182)
FMT0 persist at /var/zxid/bus/ch/default/hci4J4XPkksSs7irJc3pDh1DIt8 'test(1,1,1' len=69 rcpt(183)
FMT0 persist at /var/zxid/bus/ch/default/WHXeuoSJSVXCz8XGM48YYOnWKo8 'test(0,1,1' len=69 rcpt(187)
FMT0 persist at /var/zxid/bus/ch/default/IqZXT5pUP6gDy1Nxmns9fyF6dmM 'test(1,1,1' len=69 rcpt(184)
FMT0 persist at /var/zxid/bus/ch/default/SjiWvtBs1lzuDF-lOqdTmtCQU8s 'test(0,1,1' len=69 rcpt(188)
FMT0 persist at /var/zxid/bus/ch/default/AkTAIYIZuskfBCk1i6E0z4bpsWc 'test(1,1,1' len=69 rcpt(185)
FMT0 persist at /var/zxid/bus/ch/default/Gfk38qzF7oedDFbv-WYEeOl2XJQ 'test(1,1,1' len=69 rcpt(186)
FMT0 persist at /var/zxid/bus/ch/default/xrMx_pRdEt-nmK0OLHlSidcXBog 'test(0,1,1' len=69 rcpt(189)
FMT0 persist at /var/zxid/bus/ch/default/pCrG0pJ5FkzSWx5AO83rnfq96G0 'test(1,1,1' len=69 rcpt(187)
FMT0 persist at /var/zxid/bus/ch/default/WACo_Ki5ULrir8R7MdgBa14bcyA 'test(0,1,1' len=69 rcpt(190)
FMT0 persist at /var/zxid/bus/ch/default/Vv36Siky27fOdclxwdtBnBRCWcg 'test(1,1,1' len=69 rcpt(188)
FMT0 persist at /var/zxid/bus/ch/default/cJv1kwhqyzWJnOjTuDecJ7K5zK4 'test(0,1,9' len=68 rcpt(191)
FMT0 persist at /var/zxid/bus/ch/default/vgFHM4GREBscR1W7O_LmyGf01eo 'test(1,1,1' len=69 rcpt(189)
FMT0 persist at /var/zxid/bus/ch/default/oektFG-qalLfj46V6M6ViRqwwjQ 'test(0,1,8' len=68 rcpt(192)
FMT0 persist at /var/zxid/bus/ch/default/1IIp8PN9XAAutOGmh-nTN8gF1to 'test(1,1,1' len=69 rcpt(190)
FMT0 persist at /var/zxid/bus/ch/default/BR98MsVD-VOqqcBSxGh-U_1hgwo 'test(0,1,7' len=68 rcpt(193)
FMT0 persist at /var/zxid/bus/ch/default/xufUGIZx4lAKmMy2vE9ykHY_hV0 'test(1,1,9' len=68 rcpt(191)
FMT0 persist at /var/zxid/bus/ch/default/XOuC99yODQq5ELAE0FGXoCv3vjQ 'test(1,1,8' len=68 rcpt(192)
FMT0 persist at /var/zxid/bus/ch/default/iwS7zltQqBV9AEkQ94qv_17yL9U 'test(0,1,6' len=68 rcpt(194)
FMT0 persist at /var/zxid/bus/ch/default/YA-YM6Ti1OHKsl0uF6EaN_qKhOI 'test(1,1,7' len=68 rcpt(193)
FMT0 persist at /var/zxid/bus/ch/default/TUTwtVgiJN1-8zYU_xTBXZ9tdI0 'test(0,1,5' len=68 rcpt(195)
FMT0 persist at /var/zxid/bus/ch/default/agqD_RNbxDBNouQEXBbPAW91EAQ 'test(0,1,4' len=68 rcpt(196)
FMT0 persist at /var/zxid/bus/ch/default/bxH5Js1qgJBFfx2j8E-XjcsRvE0 'test(0,1,3' len=68 rcpt(197)
FMT0 persist at /var/zxid/bus/ch/default/OhWJ9zL7CFGRoAluB8CDMKkUzBA 'test(0,1,2' len=68 rcpt(198)
FMT0 persist at /var/zxid/bus/ch/default/i36rogxdDVgi178NOVnyhYwoHsU 'test(1,1,6' len=68 rcpt(194)
FMT0 persist at /var/zxid/bus/ch/default/P6YX37hs7S9tLtpCk4ZmA84ERbk 'test(0,1,1' len=68 rcpt(199)
FMT0 persist at /var/zxid/bus/ch/default/y0uHPyzk6PCViWB08u4PizuPnd0 'test(1,1,5' len=68 rcpt(195)
FMT0 persist at /var/zxid/bus/ch/default/x_BNkRj1TFlrA_Fb0hbsDxWKBCw 'test(1,1,4' len=68 rcpt(196)
FMT0 persist at /var/zxid/bus/ch/default/m5VFq4rR-XftoDszAzAv6P1P-6A 'test(1,1,3' len=68 rcpt(197)
FMT0 persist at /var/zxid/bus/ch/default/9uM64JeA3wUOaRfAgZkImq0C3VM 'test(1,1,2' len=68 rcpt(198)
FMT0 persist at /var/zxid/bus/ch/default/yH8bOOLTe7JjzKRB81HF9_kmags 'test(1,1,1' len=68 rcpt(199)
shf_0x96ddd28  // max_ios=30
-> io_0x96de250
  io_0x96de250 -> pdu_0xb7494268 [label=cur_pdu]; // fd=0x4
  io_0x96de250 -> null [label=reqs];
  io_0x96de250 -> null [label=pending];
  io_0x96de250 -> null [label=to_write_produce];
  io_0x96de250 -> null [label=to_write_consume];  // n_to_write=0
  io_0x96de250 -> null [label=in_write];
-> io_0x96de458
  io_0x96de458 -> pdu_0xb77077a0 [label=cur_pdu]; // fd=0x6
  io_0x96de458 -> null [label=reqs];
  io_0x96de458  // pending
    -> pdu_0xb771e4d8  // (MESS)
    pdu_0xb771e4d8 -> null [label=reals];
    pdu_0xb771e4d8 -> null [label=synths];
    pdu_0xb771e4d8 -> null [label=subresps];
    -> pdu_0xb76bfd98  // (MESS)
    pdu_0xb76bfd98 -> null [label=reals];
    pdu_0xb76bfd98 -> null [label=synths];
    pdu_0xb76bfd98 -> null [label=subresps];
    -> pdu_0xb770b698  // (MESS)
    pdu_0xb770b698 -> null [label=reals];
    pdu_0xb770b698 -> null [label=synths];
    pdu_0xb770b698 -> null [label=subresps];
  io_0x96de458 -> null [label=to_write_produce];
  io_0x96de458 -> null [label=to_write_consume];  // n_to_write=0
  io_0x96de458 -> null [label=in_write];
-> io_0x96de55c
  io_0x96de55c -> pdu_0xb7727bf8 [label=cur_pdu]; // fd=0x7
  io_0x96de55c  // reqs
    -> pdu_0xb7724998  // (ZXCT)
    pdu_0xb7724998 -> null [label=reals];
    pdu_0xb7724998 -> null [label=synths];
    pdu_0xb7724998 -> null [label=subresps];
[label=reqs];
  io_0x96de55c -> null [label=pending];
[label=pending];
  io_0x96de55c -> null [label=to_write_produce];
  io_0x96de55c -> null [label=to_write_consume];  // n_to_write=0
  io_0x96de55c -> null [label=in_write];
-> io_0x96de764
  io_0x96de764 -> pdu_0xb759c9e8 [label=cur_pdu]; // fd=0x9
  io_0x96de764 -> null [label=reqs];
  io_0x96de764  // pending
    -> pdu_0xb772a1c0  // (MESS)
    pdu_0xb772a1c0 -> null [label=reals];
    pdu_0xb772a1c0 -> null [label=synths];
    pdu_0xb772a1c0 -> null [label=subresps];
    -> pdu_0xb7723d00  // (MESS)
    pdu_0xb7723d00 -> null [label=reals];
    pdu_0xb7723d00 -> null [label=synths];
    pdu_0xb7723d00 -> null [label=subresps];
    -> pdu_0xb76d5e38  // (MESS)
    pdu_0xb76d5e38 -> null [label=reals];
    pdu_0xb76d5e38 -> null [label=synths];
    pdu_0xb76d5e38 -> null [label=subresps];
  io_0x96de764 -> null [label=to_write_produce];
  io_0x96de764 -> null [label=to_write_consume];  // n_to_write=0
  io_0x96de764 -> null [label=in_write];
[label=ios];
shf_0x96ddd28 -> null [label=todo_consume];
shf_0x96ddd28   // free_pdus (color=4)
-> pdu_0xb772baf0 -> pdu_0xb772c788 -> pdu_0xb772d420 -> pdu_0xb772e0b8 -> pdu_0xb772ed50 -> pdu_0xb772f9e8 -> pdu_0xb7730680 -> pdu_0xb7731318 -> pdu_0xb7731fb0 -> pdu_0xb7732c48 -> pdu_0xb77338e0 -> pdu_0xb7734578 -> pdu_0xb7735210 -> pdu_0xb7735ea8 -> pdu_0xb7736b40 -> pdu_0xb77377d8 -> pdu_0xb7738470 -> pdu_0xb7739108 -> pdu_0xb7739da0 -> pdu_0xb773aa38 -> pdu_0xb773b6d0 -> pdu_0xb773c368 -> pdu_0xb773d000 -> pdu_0xb773dc98 -> pdu_0xb773e930 -> pdu_0xb773f5c8 -> pdu_0xb7740260 -> pdu_0xb7740ef8 -> pdu_0xb7741b90 -> pdu_0xb7742828 -> pdu_0xb77434c0 -> pdu_0xb7744158 -> pdu_0xb7744df0 -> pdu_0xb7745a88 -> pdu_0xb7746720 -> pdu_0xb77473b8 -> pdu_0xb7748050 -> pdu_0xb7748ce8 -> pdu_0xb7749980 -> pdu_0xb774a618 -> pdu_0xb774b2b0 -> pdu_0xb774bf48 -> pdu_0xb774cbe0 -> pdu_0xb774d878 -> pdu_0xb774e510 -> pdu_0xb774f1a8 -> pdu_0xb774fe40 -> pdu_0xb7750ad8 -> pdu_0xb7751770 -> pdu_0xb7752408 -> pdu_0xb77530a0 -> pdu_0xb7753d38 -> pdu_0xb77549d0 -> pdu_0xb7755668 -> pdu_0xb7756300 -> pdu_0xb7756f98 -> pdu_0xb7757c30 -> pdu_0xb77588c8 -> pdu_0xb7759560 -> pdu_0xb775a1f8 -> pdu_0xb775ae90 -> pdu_0xb775bb28 -> pdu_0xb775c7c0 -> pdu_0xb775d458 -> pdu_0xb775e0f0 -> pdu_0xb775ed88 -> pdu_0xb775fa20 -> pdu_0xb77606b8 -> pdu_0xb7761350 -> pdu_0xb7761fe8 -> pdu_0xb7762c80 -> pdu_0xb7763918 -> pdu_0xb77645b0 -> pdu_0xb7765248 -> pdu_0xb7765ee0 -> pdu_0xb7766b78 -> pdu_0xb7767810 -> pdu_0xb77684a8 -> pdu_0xb7769140 -> pdu_0xb7769dd8 -> pdu_0xb776aa70 -> pdu_0xb776b708 -> pdu_0xb776c3a0 -> pdu_0xb776d038 -> pdu_0xb776dcd0 -> pdu_0xb776e968 -> pdu_0xb776f600 -> pdu_0xb7770298 -> pdu_0xb7770f30 -> pdu_0xb7771bc8 -> pdu_0xb7772860 -> pdu_0xb77734f8 -> pdu_0xb7774190 -> pdu_0xb7774e28 -> pdu_0xb7775ac0 -> pdu_0xb7776758 -> pdu_0xb77773f0 -> pdu_0xb7778088 -> pdu_0xb7778d20 -> pdu_0xb77799b8 -> pdu_0xb777a650 -> pdu_0xb777b2e8 -> pdu_0xb777bf80 -> pdu_0xb777cc18 -> pdu_0xb777d8b0 -> pdu_0xb777e548 -> pdu_0xb777f1e0 -> pdu_0xb777fe78 -> pdu_0xb7780b10 -> pdu_0xb77817a8 -> pdu_0xb7782440 -> pdu_0xb77830d8 -> pdu_0xb7783d70 -> pdu_0xb7784a08 -> pdu_0xb77856a0 -> pdu_0xb7786338 -> pdu_0xb7786fd0 -> pdu_0xb7787c68 -> pdu_0xb7788900 -> pdu_0xb7789598 -> pdu_0xb778a230 -> pdu_0xb778aec8 -> pdu_0xb778bb60 -> pdu_0xb778c7f8 -> pdu_0xb778d490 -> pdu_0xb778e128 -> pdu_0xb778edc0 -> pdu_0xb778fa58 -> pdu_0xb77906f0 -> pdu_0xb7791388 -> pdu_0xb7792020 -> pdu_0xb7792cb8 -> pdu_0xb7793950 -> pdu_0xb77945e8 -> pdu_0xb7795280 -> pdu_0xb7795f18 -> pdu_0xb7796bb0 -> pdu_0xb7797848 -> pdu_0xb77984e0 -> pdu_0xb7799178 -> pdu_0xb7799e10 -> pdu_0xb779aaa8 -> pdu_0xb779b740 -> pdu_0xb779c3d8 -> pdu_0xb779d070 -> pdu_0xb779dd08 -> pdu_0xb779e9a0 -> pdu_0xb779f638 -> pdu_0xb77a02d0 -> pdu_0xb77a0f68 -> pdu_0xb77a1c00 -> pdu_0xb77a2898 -> pdu_0xb77a3530 [label=free_pdus];
Data structure dump 164
----------------------
hit_0x17d3370 [label="tid_17d3b70"];
hit_0x17d3370  // free_pdus
-> pdu_0xb77090d0  // (CONN)
[label=free_pdus];
Hit structure dump 1
======================
hit_0x39c5370 [label="tid_39c5b70"];
hit_0x39c5370  // free_pdus
-> pdu_0xb7726f60  // (RECE)
[label=free_pdus];
Hit structure dump 1
======================
hit_0xbfe349a8 [label="tid_b77a56c0"];
hit_0xbfe349a8  // free_pdus
-> pdu_0xb772ae58  // (ACK
)
-> pdu_0xb76f6290  // (RECE)
-> pdu_0xb771d840  // (ACK
)
[label=free_pdus];
Hit structure dump 3
======================
