shf_0x96d3d28  // max_ios=30
io_0x96d3e40  // free? fd(0) n_c/t=0/0
io_0x96d3f44  // free? fd(0) n_c/t=0/0
io_0x96d4048  // free? fd(0) n_c/t=0/0
io_0x96d414c  // free? fd(0) n_c/t=0/0
io_0x96d4250  // free? fd(0) n_c/t=0/0
io_0x96d4354  // free? fd(0) n_c/t=0/0
-> io_0x96d4458
  io_0x96d4458 -> pdu_0xb74a5b98 [label=cur_pdu]; // fd=0x6
  io_0x96d4458 -> null [label=reqs];
  io_0x96d4458 -> null [label=pending];
  io_0x96d4458 -> null [label=to_write_produce];
  io_0x96d4458 -> null [label=to_write_consume];  // n_to_write=0
  io_0x96d4458 -> null [label=in_write];
io_0x96d455c  // free? fd(0) n_c/t=0/0
io_0x96d4660  // free? fd(0) n_c/t=0/0
io_0x96d4764  // free? fd(0) n_c/t=0/0
io_0x96d4868  // free? fd(0) n_c/t=0/0
io_0x96d496c  // free? fd(0) n_c/t=0/0
io_0x96d4a70  // free? fd(0) n_c/t=0/0
io_0x96d4b74  // free? fd(0) n_c/t=0/0
io_0x96d4c78  // free? fd(0) n_c/t=0/0
io_0x96d4d7c  // free? fd(0) n_c/t=0/0
io_0x96d4e80  // free? fd(0) n_c/t=0/0
io_0x96d4f84  // free? fd(0) n_c/t=0/0
io_0x96d5088  // free? fd(0) n_c/t=0/0
io_0x96d518c  // free? fd(0) n_c/t=0/0
io_0x96d5290  // free? fd(0) n_c/t=0/0
io_0x96d5394  // free? fd(0) n_c/t=0/0
io_0x96d5498  // free? fd(0) n_c/t=0/0
io_0x96d559c  // free? fd(0) n_c/t=0/0
io_0x96d56a0  // free? fd(0) n_c/t=0/0
io_0x96d57a4  // free? fd(0) n_c/t=0/0
io_0x96d58a8  // free? fd(0) n_c/t=0/0
io_0x96d59ac  // free? fd(0) n_c/t=0/0
io_0x96d5ab0  // free? fd(0) n_c/t=0/0
io_0x96d5bb4  // free? fd(0) n_c/t=0/0
[label=ios];
shf_0x96d3d28 -> null [label=todo_consume];
shf_0x96d3d28   // free_pdus (color=4)
-> pdu_0xb74b89d8 -> pdu_0xb74b9670 -> pdu_0xb74ba308 -> pdu_0xb74bafa0 -> pdu_0xb74bbc38 -> pdu_0xb74bc8d0 -> pdu_0xb74bd568 -> pdu_0xb74be200 -> pdu_0xb74bee98 -> pdu_0xb74bfb30 -> pdu_0xb74c07c8 -> pdu_0xb74c1460 -> pdu_0xb74c20f8 -> pdu_0xb74c2d90 -> pdu_0xb74c3a28 -> pdu_0xb74c46c0 -> pdu_0xb74c5358 -> pdu_0xb74c5ff0 -> pdu_0xb74c6c88 -> pdu_0xb74c7920 -> pdu_0xb74c85b8 -> pdu_0xb74c9250 -> pdu_0xb74c9ee8 -> pdu_0xb74cab80 -> pdu_0xb74cb818 -> pdu_0xb74cc4b0 -> pdu_0xb74cd148 -> pdu_0xb74cdde0 -> pdu_0xb74cea78 -> pdu_0xb74cf710 -> pdu_0xb74d03a8 -> pdu_0xb74d1040 -> pdu_0xb74d1cd8 -> pdu_0xb74d2970 -> pdu_0xb74d3608 -> pdu_0xb74d42a0 -> pdu_0xb74d4f38 -> pdu_0xb74d5bd0 -> pdu_0xb74d6868 -> pdu_0xb74d7500 -> pdu_0xb74d8198 -> pdu_0xb74d8e30 -> pdu_0xb74d9ac8 -> pdu_0xb74da760 -> pdu_0xb74db3f8 -> pdu_0xb74dc090 -> pdu_0xb74dcd28 -> pdu_0xb74dd9c0 -> pdu_0xb74de658 -> pdu_0xb74df2f0 -> pdu_0xb74dff88 -> pdu_0xb74e0c20 -> pdu_0xb74e18b8 -> pdu_0xb74e2550 -> pdu_0xb74e31e8 -> pdu_0xb74e3e80 -> pdu_0xb74e4b18 -> pdu_0xb74e57b0 -> pdu_0xb74e6448 -> pdu_0xb74e70e0 -> pdu_0xb74e7d78 -> pdu_0xb74e8a10 -> pdu_0xb74e96a8 -> pdu_0xb74ea340 -> pdu_0xb74eafd8 -> pdu_0xb74ebc70 -> pdu_0xb74ec908 -> pdu_0xb74ed5a0 -> pdu_0xb74ee238 -> pdu_0xb74eeed0 -> pdu_0xb74efb68 -> pdu_0xb74f0800 -> pdu_0xb74f1498 -> pdu_0xb74f2130 -> pdu_0xb74f2dc8 -> pdu_0xb74f3a60 -> pdu_0xb74f46f8 -> pdu_0xb74f5390 -> pdu_0xb74f6028 -> pdu_0xb74f6cc0 -> pdu_0xb74f7958 -> pdu_0xb74f85f0 -> pdu_0xb74f9288 -> pdu_0xb74f9f20 -> pdu_0xb74fabb8 -> pdu_0xb74fb850 -> pdu_0xb74fc4e8 -> pdu_0xb74fd180 -> pdu_0xb74fde18 -> pdu_0xb74feab0 -> pdu_0xb74ff748 -> pdu_0xb75003e0 -> pdu_0xb7501078 -> pdu_0xb7501d10 -> pdu_0xb75029a8 -> pdu_0xb7503640 -> pdu_0xb75042d8 -> pdu_0xb7504f70 -> pdu_0xb7505c08 -> pdu_0xb75068a0 -> pdu_0xb7507538 -> pdu_0xb75081d0 -> pdu_0xb7508e68 -> pdu_0xb7509b00 -> pdu_0xb750a798 -> pdu_0xb750b430 -> pdu_0xb750c0c8 -> pdu_0xb750cd60 -> pdu_0xb750d9f8 -> pdu_0xb750e690 -> pdu_0xb750f328 -> pdu_0xb750ffc0 -> pdu_0xb7510c58 -> pdu_0xb75118f0 -> pdu_0xb7512588 -> pdu_0xb7513220 -> pdu_0xb7513eb8 -> pdu_0xb7514b50 -> pdu_0xb75157e8 -> pdu_0xb7516480 -> pdu_0xb7517118 -> pdu_0xb7517db0 -> pdu_0xb7518a48 -> pdu_0xb75196e0 -> pdu_0xb751a378 -> pdu_0xb751b010 -> pdu_0xb751bca8 -> pdu_0xb751c940 -> pdu_0xb751d5d8 -> pdu_0xb751e270 -> pdu_0xb751ef08 -> pdu_0xb751fba0 -> pdu_0xb7520838 -> pdu_0xb75214d0 -> pdu_0xb7522168 -> pdu_0xb7522e00 -> pdu_0xb7523a98 -> pdu_0xb7524730 -> pdu_0xb75253c8 -> pdu_0xb7526060 -> pdu_0xb7526cf8 -> pdu_0xb7527990 -> pdu_0xb7528628 -> pdu_0xb75292c0 -> pdu_0xb7529f58 -> pdu_0xb752abf0 -> pdu_0xb752b888 -> pdu_0xb752c520 -> pdu_0xb752d1b8 -> pdu_0xb752de50 -> pdu_0xb752eae8 -> pdu_0xb752f780 -> pdu_0xb7530418 -> pdu_0xb75310b0 -> pdu_0xb7531d48 -> pdu_0xb75329e0 -> pdu_0xb7533678 -> pdu_0xb7534310 -> pdu_0xb7534fa8 -> pdu_0xb7535c40 -> pdu_0xb75368d8 -> pdu_0xb7537570 -> pdu_0xb7538208 -> pdu_0xb7538ea0 -> pdu_0xb7539b38 -> pdu_0xb753a7d0 -> pdu_0xb753b468 -> pdu_0xb753c100 -> pdu_0xb753cd98 -> pdu_0xb753da30 -> pdu_0xb753e6c8 -> pdu_0xb753f360 -> pdu_0xb753fff8 -> pdu_0xb7540c90 -> pdu_0xb7541928 -> pdu_0xb75425c0 -> pdu_0xb7543258 -> pdu_0xb7543ef0 -> pdu_0xb7544b88 -> pdu_0xb7545820 -> pdu_0xb75464b8 -> pdu_0xb7547150 -> pdu_0xb7547de8 -> pdu_0xb7548a80 -> pdu_0xb7549718 -> pdu_0xb754a3b0 -> pdu_0xb754b048 -> pdu_0xb754bce0 -> pdu_0xb754c978 -> pdu_0xb754d610 -> pdu_0xb754e2a8 -> pdu_0xb754ef40 -> pdu_0xb754fbd8 -> pdu_0xb7550870 -> pdu_0xb7551508 -> pdu_0xb75521a0 -> pdu_0xb7552e38 -> pdu_0xb7553ad0 -> pdu_0xb7554768 -> pdu_0xb7555400 -> pdu_0xb7556098 -> pdu_0xb7556d30 -> pdu_0xb75579c8 -> pdu_0xb7558660 -> pdu_0xb75592f8 -> pdu_0xb7559f90 -> pdu_0xb755ac28 -> pdu_0xb755b8c0 -> pdu_0xb755c558 -> pdu_0xb755d1f0 -> pdu_0xb755de88 -> pdu_0xb755eb20 -> pdu_0xb755f7b8 -> pdu_0xb7560450 -> pdu_0xb75610e8 -> pdu_0xb7561d80 -> pdu_0xb7562a18 -> pdu_0xb75636b0 -> pdu_0xb7564348 -> pdu_0xb7564fe0 -> pdu_0xb7565c78 -> pdu_0xb7566910 -> pdu_0xb75675a8 -> pdu_0xb7568240 -> pdu_0xb7568ed8 -> pdu_0xb7569b70 -> pdu_0xb756a808 -> pdu_0xb756b4a0 -> pdu_0xb756c138 -> pdu_0xb756cdd0 -> pdu_0xb756da68 -> pdu_0xb756e700 -> pdu_0xb756f398 -> pdu_0xb7570030 -> pdu_0xb7570cc8 -> pdu_0xb7571960 -> pdu_0xb75725f8 -> pdu_0xb7573290 -> pdu_0xb7573f28 -> pdu_0xb7574bc0 -> pdu_0xb7575858 -> pdu_0xb75764f0 -> pdu_0xb7577188 -> pdu_0xb7577e20 -> pdu_0xb7578ab8 -> pdu_0xb7579750 -> pdu_0xb757a3e8 -> pdu_0xb757b080 -> pdu_0xb757bd18 -> pdu_0xb757c9b0 -> pdu_0xb757d648 -> pdu_0xb757e2e0 -> pdu_0xb757ef78 -> pdu_0xb757fc10 -> pdu_0xb75808a8 -> pdu_0xb7581540 -> pdu_0xb75821d8 -> pdu_0xb7582e70 -> pdu_0xb7583b08 -> pdu_0xb75847a0 -> pdu_0xb7585438 -> pdu_0xb75860d0 -> pdu_0xb7586d68 -> pdu_0xb7587a00 -> pdu_0xb7588698 -> pdu_0xb7589330 -> pdu_0xb7589fc8 -> pdu_0xb758ac60 -> pdu_0xb758b8f8 -> pdu_0xb758c590 -> pdu_0xb758d228 -> pdu_0xb758dec0 -> pdu_0xb758eb58 -> pdu_0xb758f7f0 -> pdu_0xb7590488 -> pdu_0xb7591120 -> pdu_0xb7591db8 -> pdu_0xb7592a50 -> pdu_0xb75936e8 -> pdu_0xb7594380 -> pdu_0xb7595018 -> pdu_0xb7595cb0 -> pdu_0xb7596948 -> pdu_0xb75975e0 -> pdu_0xb7598278 -> pdu_0xb7598f10 -> pdu_0xb7599ba8 -> pdu_0xb759a840 -> pdu_0xb759b4d8 -> pdu_0xb759c170 -> pdu_0xb759ce08 -> pdu_0xb759daa0 -> pdu_0xb759e738 -> pdu_0xb759f3d0 -> pdu_0xb75a0068 -> pdu_0xb75a0d00 -> pdu_0xb75a1998 -> pdu_0xb75a2630 -> pdu_0xb75a32c8 -> pdu_0xb75a3f60 -> pdu_0xb75a4bf8 -> pdu_0xb75a5890 -> pdu_0xb75a6528 -> pdu_0xb75a71c0 -> pdu_0xb75a7e58 -> pdu_0xb75a8af0 -> pdu_0xb75a9788 -> pdu_0xb75aa420 -> pdu_0xb75ab0b8 -> pdu_0xb75abd50 -> pdu_0xb75ac9e8 -> pdu_0xb75ad680 -> pdu_0xb75ae318 -> pdu_0xb75aefb0 -> pdu_0xb75afc48 -> pdu_0xb75b08e0 -> pdu_0xb75b1578 -> pdu_0xb75b2210 -> pdu_0xb75b2ea8 -> pdu_0xb75b3b40 -> pdu_0xb75b47d8 -> pdu_0xb75b5470 -> pdu_0xb75b6108 -> pdu_0xb75b6da0 -> pdu_0xb75b7a38 -> pdu_0xb75b86d0 -> pdu_0xb75b9368 -> pdu_0xb75ba000 -> pdu_0xb75bac98 -> pdu_0xb75bb930 -> pdu_0xb75bc5c8 -> pdu_0xb75bd260 -> pdu_0xb75bdef8 -> pdu_0xb75beb90 -> pdu_0xb75bf828 -> pdu_0xb75c04c0 -> pdu_0xb75c1158 -> pdu_0xb75c1df0 -> pdu_0xb75c2a88 -> pdu_0xb75c3720 -> pdu_0xb75c43b8 -> pdu_0xb75c5050 -> pdu_0xb75c5ce8 -> pdu_0xb75c6980 -> pdu_0xb75c7618 -> pdu_0xb75c82b0 -> pdu_0xb75c8f48 -> pdu_0xb75c9be0 -> pdu_0xb75ca878 -> pdu_0xb75cb510 -> pdu_0xb75cc1a8 -> pdu_0xb75cce40 -> pdu_0xb75cdad8 -> pdu_0xb75ce770 -> pdu_0xb75cf408 -> pdu_0xb75d00a0 -> pdu_0xb75d0d38 -> pdu_0xb75d19d0 -> pdu_0xb75d2668 -> pdu_0xb75d3300 -> pdu_0xb75d3f98 -> pdu_0xb75d4c30 -> pdu_0xb75d58c8 -> pdu_0xb75d6560 -> pdu_0xb75d71f8 -> pdu_0xb75d7e90 -> pdu_0xb75d8b28 -> pdu_0xb75d97c0 -> pdu_0xb75da458 -> pdu_0xb75db0f0 -> pdu_0xb75dbd88 -> pdu_0xb75dca20 -> pdu_0xb75dd6b8 -> pdu_0xb75de350 -> pdu_0xb75defe8 -> pdu_0xb75dfc80 -> pdu_0xb75e0918 -> pdu_0xb75e15b0 -> pdu_0xb75e2248 -> pdu_0xb75e2ee0 -> pdu_0xb75e3b78 -> pdu_0xb75e4810 -> pdu_0xb75e54a8 -> pdu_0xb75e6140 -> pdu_0xb75e6dd8 -> pdu_0xb75e7a70 -> pdu_0xb75e8708 -> pdu_0xb75e93a0 -> pdu_0xb75ea038 -> pdu_0xb75eacd0 -> pdu_0xb75eb968 -> pdu_0xb75ec600 -> pdu_0xb75ed298 -> pdu_0xb75edf30 -> pdu_0xb75eebc8 -> pdu_0xb75ef860 -> pdu_0xb75f04f8 -> pdu_0xb75f1190 -> pdu_0xb75f1e28 -> pdu_0xb75f2ac0 -> pdu_0xb75f3758 -> pdu_0xb75f43f0 -> pdu_0xb75f5088 -> pdu_0xb75f5d20 -> pdu_0xb75f69b8 -> pdu_0xb75f7650 -> pdu_0xb75f82e8 -> pdu_0xb75f8f80 -> pdu_0xb75f9c18 -> pdu_0xb75fa8b0 -> pdu_0xb75fb548 -> pdu_0xb75fc1e0 -> pdu_0xb75fce78 -> pdu_0xb75fdb10 -> pdu_0xb75fe7a8 -> pdu_0xb75ff440 -> pdu_0xb76000d8 -> pdu_0xb7600d70 -> pdu_0xb7601a08 -> pdu_0xb76026a0 -> pdu_0xb7603338 -> pdu_0xb7603fd0 -> pdu_0xb7604c68 -> pdu_0xb7605900 -> pdu_0xb7606598 -> pdu_0xb7607230 -> pdu_0xb7607ec8 -> pdu_0xb7608b60 -> pdu_0xb76097f8 -> pdu_0xb760a490 -> pdu_0xb760b128 -> pdu_0xb760bdc0 -> pdu_0xb760ca58 -> pdu_0xb760d6f0 -> pdu_0xb760e388 -> pdu_0xb760f020 -> pdu_0xb760fcb8 -> pdu_0xb7610950 -> pdu_0xb76115e8 -> pdu_0xb7612280 -> pdu_0xb7612f18 -> pdu_0xb7613bb0 -> pdu_0xb7614848 -> pdu_0xb76154e0 -> pdu_0xb7616178 -> pdu_0xb7616e10 -> pdu_0xb7617aa8 -> pdu_0xb7618740 -> pdu_0xb76193d8 -> pdu_0xb761a070 -> pdu_0xb761ad08 -> pdu_0xb761b9a0 -> pdu_0xb761c638 -> pdu_0xb761d2d0 -> pdu_0xb761df68 -> pdu_0xb761ec00 -> pdu_0xb761f898 -> pdu_0xb7620530 -> pdu_0xb76211c8 -> pdu_0xb7621e60 -> pdu_0xb7622af8 -> pdu_0xb7623790 -> pdu_0xb7624428 -> pdu_0xb76250c0 -> pdu_0xb7625d58 -> pdu_0xb76269f0 -> pdu_0xb7627688 -> pdu_0xb7628320 -> pdu_0xb7628fb8 -> pdu_0xb7629c50 -> pdu_0xb762a8e8 -> pdu_0xb762b580 -> pdu_0xb762c218 -> pdu_0xb762ceb0 -> pdu_0xb762db48 -> pdu_0xb762e7e0 -> pdu_0xb762f478 -> pdu_0xb7630110 -> pdu_0xb7630da8 -> pdu_0xb7631a40 -> pdu_0xb76326d8 -> pdu_0xb7633370 -> pdu_0xb7634008 -> pdu_0xb7634ca0 -> pdu_0xb7635938 -> pdu_0xb76365d0 -> pdu_0xb7637268 -> pdu_0xb7637f00 -> pdu_0xb7638b98 -> pdu_0xb7639830 -> pdu_0xb763a4c8 -> pdu_0xb763b160 -> pdu_0xb763bdf8 -> pdu_0xb763ca90 -> pdu_0xb763d728 -> pdu_0xb763e3c0 -> pdu_0xb763f058 -> pdu_0xb763fcf0 -> pdu_0xb7640988 -> pdu_0xb7641620 -> pdu_0xb76422b8 -> pdu_0xb7642f50 -> pdu_0xb7643be8 -> pdu_0xb7644880 -> pdu_0xb7645518 -> pdu_0xb76461b0 -> pdu_0xb7646e48 -> pdu_0xb7647ae0 -> pdu_0xb7648778 -> pdu_0xb7649410 -> pdu_0xb764a0a8 -> pdu_0xb764ad40 -> pdu_0xb764b9d8 -> pdu_0xb764c670 -> pdu_0xb764d308 -> pdu_0xb764dfa0 -> pdu_0xb764ec38 -> pdu_0xb764f8d0 -> pdu_0xb7650568 -> pdu_0xb7651200 -> pdu_0xb7651e98 -> pdu_0xb7652b30 -> pdu_0xb76537c8 -> pdu_0xb7654460 -> pdu_0xb76550f8 -> pdu_0xb7655d90 -> pdu_0xb7656a28 -> pdu_0xb76576c0 -> pdu_0xb7658358 -> pdu_0xb7658ff0 -> pdu_0xb7659c88 -> pdu_0xb765a920 -> pdu_0xb765b5b8 -> pdu_0xb765c250 -> pdu_0xb765cee8 -> pdu_0xb765db80 -> pdu_0xb765e818 -> pdu_0xb765f4b0 -> pdu_0xb7660148 -> pdu_0xb7660de0 -> pdu_0xb7661a78 -> pdu_0xb7662710 -> pdu_0xb76633a8 -> pdu_0xb7664040 -> pdu_0xb7664cd8 -> pdu_0xb7665970 -> pdu_0xb7666608 -> pdu_0xb76672a0 -> pdu_0xb7667f38 -> pdu_0xb7668bd0 -> pdu_0xb7669868 -> pdu_0xb766a500 -> pdu_0xb766b198 -> pdu_0xb766be30 -> pdu_0xb766cac8 -> pdu_0xb766d760 -> pdu_0xb766e3f8 -> pdu_0xb766f090 -> pdu_0xb766fd28 -> pdu_0xb76709c0 -> pdu_0xb7671658 -> pdu_0xb76722f0 -> pdu_0xb7672f88 -> pdu_0xb7673c20 -> pdu_0xb76748b8 -> pdu_0xb7675550 -> pdu_0xb76761e8 -> pdu_0xb7676e80 -> pdu_0xb7677b18 -> pdu_0xb76787b0 -> pdu_0xb7679448 -> pdu_0xb767a0e0 -> pdu_0xb767ad78 -> pdu_0xb767ba10 -> pdu_0xb767c6a8 -> pdu_0xb767d340 -> pdu_0xb767dfd8 -> pdu_0xb767ec70 -> pdu_0xb767f908 -> pdu_0xb76805a0 -> pdu_0xb7681238 -> pdu_0xb7681ed0 -> pdu_0xb7682b68 -> pdu_0xb7683800 -> pdu_0xb7684498 -> pdu_0xb7685130 -> pdu_0xb7685dc8 -> pdu_0xb7686a60 -> pdu_0xb76876f8 -> pdu_0xb7688390 -> pdu_0xb7689028 -> pdu_0xb7689cc0 -> pdu_0xb768a958 -> pdu_0xb768b5f0 -> pdu_0xb768c288 -> pdu_0xb768cf20 -> pdu_0xb768dbb8 -> pdu_0xb768e850 -> pdu_0xb768f4e8 -> pdu_0xb7690180 -> pdu_0xb7690e18 -> pdu_0xb7691ab0 -> pdu_0xb7692748 -> pdu_0xb76933e0 -> pdu_0xb7694078 -> pdu_0xb7694d10 -> pdu_0xb76959a8 -> pdu_0xb7696640 -> pdu_0xb76972d8 -> pdu_0xb7697f70 -> pdu_0xb7698c08 -> pdu_0xb76998a0 -> pdu_0xb769a538 -> pdu_0xb769b1d0 -> pdu_0xb769be68 -> pdu_0xb769cb00 -> pdu_0xb769d798 -> pdu_0xb769e430 -> pdu_0xb769f0c8 -> pdu_0xb769fd60 -> pdu_0xb76a09f8 -> pdu_0xb76a1690 -> pdu_0xb76a2328 -> pdu_0xb76a2fc0 -> pdu_0xb76a3c58 -> pdu_0xb76a48f0 -> pdu_0xb76a5588 -> pdu_0xb76a6220 -> pdu_0xb76a6eb8 -> pdu_0xb76a7b50 -> pdu_0xb76a87e8 -> pdu_0xb76a9480 -> pdu_0xb76aa118 -> pdu_0xb76aadb0 -> pdu_0xb76aba48 -> pdu_0xb76ac6e0 -> pdu_0xb76ad378 -> pdu_0xb76ae010 -> pdu_0xb76aeca8 -> pdu_0xb76af940 -> pdu_0xb76b05d8 -> pdu_0xb76b1270 -> pdu_0xb76b1f08 -> pdu_0xb76b2ba0 -> pdu_0xb76b3838 -> pdu_0xb76b44d0 -> pdu_0xb76b5168 -> pdu_0xb76b5e00 -> pdu_0xb76b6a98 -> pdu_0xb76b7730 -> pdu_0xb76b83c8 -> pdu_0xb76b9060 -> pdu_0xb76b9cf8 -> pdu_0xb76ba990 -> pdu_0xb76bb628 -> pdu_0xb76bc2c0 -> pdu_0xb76bcf58 -> pdu_0xb76bdbf0 -> pdu_0xb76be888 -> pdu_0xb76bf520 -> pdu_0xb76c01b8 -> pdu_0xb76c0e50 -> pdu_0xb76c1ae8 -> pdu_0xb76c2780 -> pdu_0xb76c3418 -> pdu_0xb76c40b0 -> pdu_0xb76c4d48 -> pdu_0xb76c59e0 -> pdu_0xb76c6678 -> pdu_0xb76c7310 -> pdu_0xb76c7fa8 -> pdu_0xb76c8c40 -> pdu_0xb76c98d8 -> pdu_0xb76ca570 -> pdu_0xb76cb208 -> pdu_0xb76cbea0 -> pdu_0xb76ccb38 -> pdu_0xb76cd7d0 -> pdu_0xb76ce468 -> pdu_0xb76cf100 -> pdu_0xb76cfd98 -> pdu_0xb76d0a30 -> pdu_0xb76d16c8 -> pdu_0xb76d2360 -> pdu_0xb76d2ff8 -> pdu_0xb76d3c90 -> pdu_0xb76d4928 -> pdu_0xb76d55c0 -> pdu_0xb76d6258 -> pdu_0xb76d6ef0 -> pdu_0xb76d7b88 -> pdu_0xb76d8820 -> pdu_0xb76d94b8 -> pdu_0xb76da150 -> pdu_0xb76dade8 -> pdu_0xb76dba80 -> pdu_0xb76dc718 -> pdu_0xb76dd3b0 -> pdu_0xb76de048 -> pdu_0xb76dece0 -> pdu_0xb76df978 -> pdu_0xb76e0610 -> pdu_0xb76e12a8 -> pdu_0xb76e1f40 -> pdu_0xb76e2bd8 -> pdu_0xb76e3870 -> pdu_0xb76e4508 -> pdu_0xb76e51a0 -> pdu_0xb76e5e38 -> pdu_0xb76e6ad0 -> pdu_0xb76e7768 -> pdu_0xb76e8400 -> pdu_0xb76e9098 -> pdu_0xb76e9d30 -> pdu_0xb76ea9c8 -> pdu_0xb76eb660 -> pdu_0xb76ec2f8 -> pdu_0xb76ecf90 -> pdu_0xb76edc28 -> pdu_0xb76ee8c0 -> pdu_0xb76ef558 -> pdu_0xb76f01f0 -> pdu_0xb76f0e88 -> pdu_0xb76f1b20 -> pdu_0xb76f27b8 -> pdu_0xb76f3450 -> pdu_0xb76f40e8 -> pdu_0xb76f4d80 -> pdu_0xb76f5a18 -> pdu_0xb76f66b0 -> pdu_0xb76f7348 -> pdu_0xb76f7fe0 -> pdu_0xb76f8c78 -> pdu_0xb76f9910 -> pdu_0xb76fa5a8 -> pdu_0xb76fb240 -> pdu_0xb76fbed8 -> pdu_0xb76fcb70 -> pdu_0xb76fd808 -> pdu_0xb76fe4a0 -> pdu_0xb76ff138 -> pdu_0xb76ffdd0 -> pdu_0xb7700a68 -> pdu_0xb7701700 -> pdu_0xb7702398 -> pdu_0xb7703030 -> pdu_0xb7703cc8 -> pdu_0xb7704960 -> pdu_0xb77055f8 -> pdu_0xb7706290 -> pdu_0xb7706f28 -> pdu_0xb7707bc0 -> pdu_0xb7708858 -> pdu_0xb77094f0 -> pdu_0xb770a188 -> pdu_0xb770ae20 -> pdu_0xb770bab8 -> pdu_0xb770c750 -> pdu_0xb770d3e8 -> pdu_0xb770e080 -> pdu_0xb770ed18 -> pdu_0xb770f9b0 -> pdu_0xb7710648 -> pdu_0xb77112e0 -> pdu_0xb7711f78 -> pdu_0xb7712c10 -> pdu_0xb77138a8 -> pdu_0xb7714540 -> pdu_0xb77151d8 -> pdu_0xb7715e70 -> pdu_0xb7716b08 -> pdu_0xb77177a0 -> pdu_0xb7718438 -> pdu_0xb77190d0 -> pdu_0xb7719d68 -> pdu_0xb771aa00 -> pdu_0xb771b698 -> pdu_0xb771c330 -> pdu_0xb771cfc8 -> pdu_0xb771dc60 -> pdu_0xb771e8f8 -> pdu_0xb771f590 -> pdu_0xb7720228 -> pdu_0xb7720ec0 -> pdu_0xb7721b58 -> pdu_0xb77227f0 -> pdu_0xb7723488 -> pdu_0xb7724120 -> pdu_0xb7724db8 -> pdu_0xb7725a50 -> pdu_0xb77266e8 -> pdu_0xb7727380 -> pdu_0xb7728018 -> pdu_0xb7728cb0 -> pdu_0xb7729948 -> pdu_0xb772a5e0 -> pdu_0xb772b278 -> pdu_0xb772bf10 -> pdu_0xb772cba8 -> pdu_0xb772d840 -> pdu_0xb772e4d8 -> pdu_0xb772f170 -> pdu_0xb772fe08 -> pdu_0xb7730aa0 -> pdu_0xb7731738 -> pdu_0xb77323d0 -> pdu_0xb7733068 -> pdu_0xb7733d00 -> pdu_0xb7734998 -> pdu_0xb7735630 -> pdu_0xb77362c8 -> pdu_0xb7736f60 -> pdu_0xb7737bf8 -> pdu_0xb7738890 -> pdu_0xb7739528 -> pdu_0xb773a1c0 -> pdu_0xb773ae58 -> pdu_0xb773baf0 -> pdu_0xb773c788 -> pdu_0xb773d420 -> pdu_0xb773e0b8 -> pdu_0xb773ed50 -> pdu_0xb773f9e8 -> pdu_0xb7740680 -> pdu_0xb7741318 -> pdu_0xb7741fb0 -> pdu_0xb7742c48 -> pdu_0xb77438e0 -> pdu_0xb7744578 -> pdu_0xb7745210 -> pdu_0xb7745ea8 -> pdu_0xb7746b40 -> pdu_0xb77477d8 -> pdu_0xb7748470 -> pdu_0xb7749108 -> pdu_0xb7749da0 -> pdu_0xb774aa38 -> pdu_0xb774b6d0 -> pdu_0xb774c368 -> pdu_0xb774d000 -> pdu_0xb774dc98 -> pdu_0xb774e930 -> pdu_0xb774f5c8 -> pdu_0xb7750260 -> pdu_0xb7750ef8 -> pdu_0xb7751b90 -> pdu_0xb7752828 -> pdu_0xb77534c0 -> pdu_0xb7754158 -> pdu_0xb7754df0 -> pdu_0xb7755a88 -> pdu_0xb7756720 -> pdu_0xb77573b8 -> pdu_0xb7758050 -> pdu_0xb7758ce8 -> pdu_0xb7759980 -> pdu_0xb775a618 -> pdu_0xb775b2b0 -> pdu_0xb775bf48 -> pdu_0xb775cbe0 -> pdu_0xb775d878 -> pdu_0xb775e510 -> pdu_0xb775f1a8 -> pdu_0xb775fe40 -> pdu_0xb7760ad8 -> pdu_0xb7761770 -> pdu_0xb7762408 -> pdu_0xb77630a0 -> pdu_0xb7763d38 -> pdu_0xb77649d0 -> pdu_0xb7765668 -> pdu_0xb7766300 -> pdu_0xb7766f98 -> pdu_0xb7767c30 -> pdu_0xb77688c8 -> pdu_0xb7769560 -> pdu_0xb776a1f8 -> pdu_0xb776ae90 -> pdu_0xb776bb28 -> pdu_0xb776c7c0 -> pdu_0xb776d458 -> pdu_0xb776e0f0 -> pdu_0xb776ed88 -> pdu_0xb776fa20 -> pdu_0xb77706b8 -> pdu_0xb7771350 -> pdu_0xb7771fe8 -> pdu_0xb7772c80 -> pdu_0xb7773918 -> pdu_0xb77745b0 -> pdu_0xb7775248 -> pdu_0xb7775ee0 -> pdu_0xb7776b78 -> pdu_0xb7777810 -> pdu_0xb77784a8 -> pdu_0xb7779140 -> pdu_0xb7779dd8 -> pdu_0xb777aa70 -> pdu_0xb777b708 -> pdu_0xb777c3a0 -> pdu_0xb777d038 -> pdu_0xb777dcd0 -> pdu_0xb777e968 -> pdu_0xb777f600 -> pdu_0xb7780298 -> pdu_0xb7780f30 -> pdu_0xb7781bc8 -> pdu_0xb7782860 -> pdu_0xb77834f8 -> pdu_0xb7784190 -> pdu_0xb7784e28 -> pdu_0xb7785ac0 -> pdu_0xb7786758 -> pdu_0xb77873f0 -> pdu_0xb7788088 -> pdu_0xb7788d20 -> pdu_0xb77899b8 -> pdu_0xb778a650 -> pdu_0xb778b2e8 -> pdu_0xb778bf80 -> pdu_0xb778cc18 -> pdu_0xb778d8b0 -> pdu_0xb778e548 -> pdu_0xb778f1e0 -> pdu_0xb778fe78 -> pdu_0xb7790b10 -> pdu_0xb77917a8 -> pdu_0xb7792440 -> pdu_0xb77930d8 -> pdu_0xb7793d70 -> pdu_0xb7794a08 -> pdu_0xb77956a0 -> pdu_0xb7796338 -> pdu_0xb7796fd0 -> pdu_0xb7797c68 -> pdu_0xb7798900 -> pdu_0xb7799598 -> pdu_0xb779a230 -> pdu_0xb779aec8 -> pdu_0xb779bb60 -> pdu_0xb779c7f8 -> pdu_0xb779d490 -> pdu_0xb779e128 -> pdu_0xb779edc0 -> pdu_0xb779fa58 -> pdu_0xb77a06f0 -> pdu_0xb77a1388 -> pdu_0xb77a2020 -> pdu_0xb77a2cb8 -> pdu_0xb77a3950 -> pdu_0xb77a45e8 -> pdu_0xb77a5280 -> pdu_0xb77a5f18 -> pdu_0xb77a6bb0 -> pdu_0xb77a7848 -> pdu_0xb77a84e0 -> pdu_0xb77a9178 -> pdu_0xb77a9e10 -> pdu_0xb77aaaa8 -> pdu_0xb77ab740 -> pdu_0xb77ac3d8 -> pdu_0xb77ad070 -> pdu_0xb77add08 -> pdu_0xb77ae9a0 -> pdu_0xb77af638 -> pdu_0xb77b02d0 -> pdu_0xb77b0f68 -> pdu_0xb77b1c00 -> pdu_0xb77b2898 -> pdu_0xb77b3530 [label=free_pdus];
FMT0 persist at /var/zxid/bus/ch/default/rYMt0RJQKPO-ncOXXx2S02Tt0jU 'test(0,10,' len=68 rcpt(0)
FMT0 persist at /var/zxid/bus/ch/default/GpybB_X0Qm4l6DB2-fTteUYQRHY 'test(1,10,' len=68 rcpt(0)
FMT0 persist at /var/zxid/bus/ch/default/9yO16P8-iK_vLT5EV43Pwu4JuLE 'test(0,10,' len=68 rcpt(1)
FMT0 persist at /var/zxid/bus/ch/default/MC-3pOWKjl-ixdBFtNUMjNgk-AE 'test(1,10,' len=68 rcpt(1)
FMT0 persist at /var/zxid/bus/ch/default/psTI2tNzBtDYlCwCI-8r0Cw7TUw 'test(0,10,' len=68 rcpt(2)
FMT0 persist at /var/zxid/bus/ch/default/288uZ_vdEMv_lO_LFZvAs2rilP4 'test(1,10,' len=68 rcpt(2)
FMT0 persist at /var/zxid/bus/ch/default/tkhTUJn5DqjTay9wfCCtgj4WsfU 'test(0,10,' len=68 rcpt(3)
FMT0 persist at /var/zxid/bus/ch/default/gCMjnkcyRGudjdq0-XLnZM5MHv0 'test(1,10,' len=68 rcpt(3)
FMT0 persist at /var/zxid/bus/ch/default/nAzkQJ6J6CHHWJBYO7GbgPStMk4 'test(0,10,' len=68 rcpt(4)
FMT0 persist at /var/zxid/bus/ch/default/JYCrFEJmvnfBdJZ_Ws-SJ7UQAp4 'test(1,10,' len=68 rcpt(4)
FMT0 persist at /var/zxid/bus/ch/default/ffzZKgCiy_piYGPX7Qx6HZyFiC4 'test(0,10,' len=68 rcpt(5)
FMT0 persist at /var/zxid/bus/ch/default/BBZjMpKzBZjjzlsuboMaiS9GQlk 'test(1,10,' len=68 rcpt(5)
FMT0 persist at /var/zxid/bus/ch/default/NrI-Z78LlDr8J24qCcdC8E-9RQ8 'test(0,10,' len=68 rcpt(6)
FMT0 persist at /var/zxid/bus/ch/default/cnRlxNUrRMNzMEGIUavyxZITwwA 'test(1,10,' len=68 rcpt(6)
FMT0 persist at /var/zxid/bus/ch/default/ZuzUWOLDVWLe1HDzMTU8TQb3GP4 'test(0,10,' len=68 rcpt(7)
FMT0 persist at /var/zxid/bus/ch/default/Vv0mJeGqfUo2zzHLynbV3lSI9Dc 'test(1,10,' len=68 rcpt(7)
FMT0 persist at /var/zxid/bus/ch/default/B7qZlh73dmW6sqx0ZIGHOBmJLQs 'test(0,10,' len=68 rcpt(8)
FMT0 persist at /var/zxid/bus/ch/default/cegY49XkylJ8p_J0894GAol3zD8 'test(1,10,' len=68 rcpt(8)
FMT0 persist at /var/zxid/bus/ch/default/mqXHkIc2gn9D9VkXTiBgSSdDoIY 'test(0,10,' len=68 rcpt(9)
FMT0 persist at /var/zxid/bus/ch/default/PsKB2My_UPe6uOQjpdxyeuHgNWE 'test(1,10,' len=68 rcpt(9)
FMT0 persist at /var/zxid/bus/ch/default/QxrxNmK2rvY9b_gUaHj5sVArGZ0 'test(0,10,' len=69 rcpt(10)
FMT0 persist at /var/zxid/bus/ch/default/cR7yuQzBMF3cmq3c7qYXj6he8TA 'test(1,10,' len=69 rcpt(10)
FMT0 persist at /var/zxid/bus/ch/default/3EZ-8AgfGYncrMsIkUEwZIlJK2o 'test(0,10,' len=68 rcpt(11)
FMT0 persist at /var/zxid/bus/ch/default/gdnc1l90ciHNEPWWbdzVMwLi0ok 'test(1,10,' len=68 rcpt(11)
FMT0 persist at /var/zxid/bus/ch/default/zwlB-VtGtZxth2xf0tpULDhQokA 'test(0,10,' len=68 rcpt(12)
FMT0 persist at /var/zxid/bus/ch/default/bTu_uKB3I1DCBFQJK2oG7_CGipg 'test(1,10,' len=68 rcpt(12)
FMT0 persist at /var/zxid/bus/ch/default/QxIDHfy3r90CkjL2woAxfrMTuJ0 'test(0,10,' len=68 rcpt(13)
FMT0 persist at /var/zxid/bus/ch/default/5nrZXjEqnI8grwHViNeQrt8GUQE 'test(1,10,' len=68 rcpt(13)
FMT0 persist at /var/zxid/bus/ch/default/blbj19OgbRDfjLCcIytnrW165-o 'test(0,10,' len=68 rcpt(14)
FMT0 persist at /var/zxid/bus/ch/default/7P-1NVIaD8BEJDvr-gl-flYorJc 'test(1,10,' len=68 rcpt(14)
FMT0 persist at /var/zxid/bus/ch/default/D_llFTh4uUb93SUG89L2pwr8xec 'test(0,10,' len=68 rcpt(15)
FMT0 persist at /var/zxid/bus/ch/default/RiolPpbt6QhMSV1ARvEnc8b1yHE 'test(1,10,' len=68 rcpt(15)
FMT0 persist at /var/zxid/bus/ch/default/-V6mVUivu5RrWc1f2EtzL3ZuDfc 'test(0,10,' len=68 rcpt(16)
FMT0 persist at /var/zxid/bus/ch/default/0lb_EYhlOGwkuybslaj-xqSETyY 'test(1,10,' len=68 rcpt(16)
FMT0 persist at /var/zxid/bus/ch/default/uykdJOjg6e5bKIMGDtTsJYklFJ0 'test(0,10,' len=68 rcpt(17)
FMT0 persist at /var/zxid/bus/ch/default/Av-VHdajr6gnP3WmUCYN6QKLEX4 'test(1,10,' len=68 rcpt(17)
FMT0 persist at /var/zxid/bus/ch/default/pqBMpS-Erx0eYmsaiW7wsZERE3k 'test(0,10,' len=68 rcpt(18)
FMT0 persist at /var/zxid/bus/ch/default/u8DEk3JLDIKHuiHh3Ghp1kgw-Eo 'test(1,10,' len=68 rcpt(18)
FMT0 persist at /var/zxid/bus/ch/default/xS4gJLIFxw-LnkIpV-3OqLUfGBM 'test(0,10,' len=68 rcpt(19)
FMT0 persist at /var/zxid/bus/ch/default/U5MIze92F4DQFYhyjNR_G3jOKnA 'test(1,10,' len=68 rcpt(19)
FMT0 persist at /var/zxid/bus/ch/default/8AtHr4sw0MIJHNW8rIrz8L5ID5k 'test(0,9,2' len=68 rcpt(20)
FMT0 persist at /var/zxid/bus/ch/default/47nKIHf2qCEhmaT8_8YRRHxR9sk 'test(1,9,2' len=68 rcpt(20)
FMT0 persist at /var/zxid/bus/ch/default/LrkVYD_eYJQVoD9sn2FpUNqNUbY 'test(0,9,1' len=68 rcpt(21)
FMT0 persist at /var/zxid/bus/ch/default/6ep13AtkBEAEB_MHYEDLs8fpgi0 'test(1,9,1' len=68 rcpt(21)
FMT0 persist at /var/zxid/bus/ch/default/jEMvCvCDSEu43IISTBHJ4U-Td2w 'test(0,9,1' len=68 rcpt(22)
FMT0 persist at /var/zxid/bus/ch/default/ep9X2Io0Lol-SE7-Dn8aE18OlVM 'test(1,9,1' len=68 rcpt(22)
FMT0 persist at /var/zxid/bus/ch/default/SiXj-_HIh3p6tr9j36SyA1cpOLw 'test(0,9,1' len=68 rcpt(23)
FMT0 persist at /var/zxid/bus/ch/default/Jd84FUED_jufx8ojgV1S7Iv8UGo 'test(1,9,1' len=68 rcpt(23)
FMT0 persist at /var/zxid/bus/ch/default/-_aBSnqjZzp1gFAadNACD3VzGuM 'test(0,9,1' len=68 rcpt(24)
FMT0 persist at /var/zxid/bus/ch/default/cv5Qc5RpnbxVk9PWHQO5jde3z8Q 'test(1,9,1' len=68 rcpt(24)
FMT0 persist at /var/zxid/bus/ch/default/KlZrimwQMUcfaWN7Xn9fuUMBYSs 'test(0,9,1' len=68 rcpt(25)
FMT0 persist at /var/zxid/bus/ch/default/0k9f7Ycp-wdGx_qs0f3R3aPOGk0 'test(1,9,1' len=68 rcpt(25)
FMT0 persist at /var/zxid/bus/ch/default/qtgQdkarjLCnxRT7sPXOQduqLIo 'test(0,9,1' len=68 rcpt(26)
FMT0 persist at /var/zxid/bus/ch/default/wuVJnPU1qIqIx7N6-fr8GLP9RWU 'test(1,9,1' len=68 rcpt(26)
FMT0 persist at /var/zxid/bus/ch/default/Z-8TiVR6iNxOhpl91jQtW1w0cdA 'test(0,9,1' len=68 rcpt(27)
FMT0 persist at /var/zxid/bus/ch/default/n5prQpKQ6hynTOVGGiIrPMW7-hE 'test(1,9,1' len=68 rcpt(27)
FMT0 persist at /var/zxid/bus/ch/default/kFieqIQiYcWsT6cnLs5BZleXwPY 'test(0,9,1' len=68 rcpt(28)
FMT0 persist at /var/zxid/bus/ch/default/Qo6Yvau6s34mylDYlrxZGkeLbhA 'test(1,9,1' len=68 rcpt(28)
FMT0 persist at /var/zxid/bus/ch/default/cquyAIt4KB6YdriLOSv95lBfol4 'test(0,9,1' len=68 rcpt(29)
FMT0 persist at /var/zxid/bus/ch/default/3BAyYfN8VaWW1bHjM8c_6eqOfPI 'test(1,9,1' len=68 rcpt(29)
FMT0 persist at /var/zxid/bus/ch/default/Tvb1RTQvEr8aaO3lQSAXeJ95uL4 'test(0,9,1' len=68 rcpt(30)
FMT0 persist at /var/zxid/bus/ch/default/ZP3fFqeTxYKhwm67K3bJboMcbxM 'test(1,9,1' len=68 rcpt(30)
FMT0 persist at /var/zxid/bus/ch/default/-EgLeTpzjOnY4iQSgPSDBwNSKH8 'test(0,9,9' len=67 rcpt(31)
FMT0 persist at /var/zxid/bus/ch/default/_5-AXsSEi5WnC4NJVSjCedC85Xc 'test(1,9,9' len=67 rcpt(31)
FMT0 persist at /var/zxid/bus/ch/default/Lali4IoR6hWoRexPSAYk7nPZAyI 'test(0,9,8' len=67 rcpt(32)
FMT0 persist at /var/zxid/bus/ch/default/KamylAQw1q6wbuXLxaW98IdsHmo 'test(1,9,8' len=67 rcpt(32)
FMT0 persist at /var/zxid/bus/ch/default/n9ZQusiRas38T6-p1vy7QO1iizg 'test(0,9,7' len=67 rcpt(33)
FMT0 persist at /var/zxid/bus/ch/default/NcTqJq42q-j5ueqlNeOBIjNhdIU 'test(1,9,7' len=67 rcpt(33)
FMT0 persist at /var/zxid/bus/ch/default/5-S1-s19S7hM3VLkFnW-_7QF90w 'test(0,9,6' len=67 rcpt(34)
FMT0 persist at /var/zxid/bus/ch/default/8Kc_-AOeGDbHi8yQXaHVS7D9Uog 'test(0,9,5' len=67 rcpt(35)
FMT0 persist at /var/zxid/bus/ch/default/hlTo1Xb0c6FxGudZgNk3FXh_kJE 'test(1,9,6' len=67 rcpt(34)
FMT0 persist at /var/zxid/bus/ch/default/qX_R9Hr4P9mhXN2HbK93PZ3G_yA 'test(0,9,4' len=67 rcpt(36)
FMT0 persist at /var/zxid/bus/ch/default/ZQRLDkToYiefn27iJIhjU9_gaaw 'test(1,9,5' len=67 rcpt(35)
FMT0 persist at /var/zxid/bus/ch/default/fglhWCAVzp5D7hRoCZiLaPCXEvw 'test(0,9,3' len=67 rcpt(37)
FMT0 persist at /var/zxid/bus/ch/default/qob8u4sqMY8C9IOUZTjLPt6cbt8 'test(1,9,4' len=67 rcpt(36)
FMT0 persist at /var/zxid/bus/ch/default/k-h7lrItIRehGKaoKufr3tqkyXU 'test(0,9,2' len=67 rcpt(38)
FMT0 persist at /var/zxid/bus/ch/default/i8o0wCdX_5lztmnVCK5BBlQZLpw 'test(1,9,3' len=67 rcpt(37)
FMT0 persist at /var/zxid/bus/ch/default/P2_je_7bk2AYCu3qhxSKcPu_dhk 'test(0,9,1' len=67 rcpt(39)
FMT0 persist at /var/zxid/bus/ch/default/_kzSw1RCDdew6OaWSzz6PU63Mmk 'test(1,9,2' len=67 rcpt(38)
FMT0 persist at /var/zxid/bus/ch/default/ECJy9kRJLJvq7mBT2fkI8OQ3d_k 'test(1,9,1' len=67 rcpt(39)
FMT0 persist at /var/zxid/bus/ch/default/CM9HlOYCxrUD_bmTMuK77CzhUuo 'test(0,8,2' len=68 rcpt(40)
FMT0 persist at /var/zxid/bus/ch/default/9cjbpALQ5O7JcJSuiRxCSfdhpCc 'test(0,8,1' len=68 rcpt(41)
FMT0 persist at /var/zxid/bus/ch/default/Bplr0qhwWx_TmBp87wszBmPORns 'test(0,8,1' len=68 rcpt(42)
FMT0 persist at /var/zxid/bus/ch/default/oB1LGjk0j7stpaUzAFyeRw6L4V8 'test(1,8,2' len=68 rcpt(40)
FMT0 persist at /var/zxid/bus/ch/default/ilvPwBZsgpLFWn2HLJPQgBYqwTY 'test(0,8,1' len=68 rcpt(43)
FMT0 persist at /var/zxid/bus/ch/default/3lhIdDGUmLnlRZ92aGDBfiEU7Nk 'test(1,8,1' len=68 rcpt(41)
FMT0 persist at /var/zxid/bus/ch/default/IaLw02x0aGF5bCIL3c01jhDZZKg 'test(0,8,1' len=68 rcpt(44)
FMT0 persist at /var/zxid/bus/ch/default/X8oeDHQDYMCTPzV_oyhHVNnUp60 'test(1,8,1' len=68 rcpt(42)
FMT0 persist at /var/zxid/bus/ch/default/o38XpiJXEMVWPlNK-gIcD5wkOrc 'test(0,8,1' len=68 rcpt(45)
FMT0 persist at /var/zxid/bus/ch/default/1uszBhNbOWJYpsc-djK3w60cs5U 'test(1,8,1' len=68 rcpt(43)
FMT0 persist at /var/zxid/bus/ch/default/fgdRXq3WtwcCL3cumfWkirWdr-I 'test(0,8,1' len=68 rcpt(46)
FMT0 persist at /var/zxid/bus/ch/default/6PXsRMqjOq4iERlzQOWdlFdhgpo 'test(1,8,1' len=68 rcpt(44)
FMT0 persist at /var/zxid/bus/ch/default/ebT2sDst1UnbHkjYBXsw8Uuzwo4 'test(0,8,1' len=68 rcpt(47)
FMT0 persist at /var/zxid/bus/ch/default/G3HiPe1FNZrIDfYEvu6a0pih1KI 'test(1,8,1' len=68 rcpt(45)
FMT0 persist at /var/zxid/bus/ch/default/X2fw7IfBGvqzB1qz6xKwkGGg2a4 'test(0,8,1' len=68 rcpt(48)
FMT0 persist at /var/zxid/bus/ch/default/Lamb888CkBEf52ETZHjPzibxU-c 'test(1,8,1' len=68 rcpt(46)
FMT0 persist at /var/zxid/bus/ch/default/yeKyFWfsL6ZgkykBqB8N6XtYvZw 'test(1,8,1' len=68 rcpt(47)
FMT0 persist at /var/zxid/bus/ch/default/qEmOp41AJsaGK4wQI3HuuuFabmI 'test(0,8,1' len=68 rcpt(49)
FMT0 persist at /var/zxid/bus/ch/default/DFwKiBNft-hmOi9V0ngpWQEJcts 'test(1,8,1' len=68 rcpt(48)
FMT0 persist at /var/zxid/bus/ch/default/8B1KAZ2qWu_i4RTfaDD-AYc5WMU 'test(0,8,1' len=68 rcpt(50)
FMT0 persist at /var/zxid/bus/ch/default/S2mrK__TAKfx0F5zIS_AhK5gS4U 'test(1,8,1' len=68 rcpt(49)
FMT0 persist at /var/zxid/bus/ch/default/zfe4vXcS9klrWMQTAvuCfBYKako 'test(0,8,9' len=67 rcpt(51)
FMT0 persist at /var/zxid/bus/ch/default/MHUSXJCKmUrepNUrYMfq7iBzWTU 'test(1,8,1' len=68 rcpt(50)
FMT0 persist at /var/zxid/bus/ch/default/O9jpHzyUdT-I2GYV6n15bR5oesY 'test(0,8,8' len=67 rcpt(52)
FMT0 persist at /var/zxid/bus/ch/default/syfZJmhjwcGGdF5LKw5fJwhcLVs 'test(1,8,9' len=67 rcpt(51)
FMT0 persist at /var/zxid/bus/ch/default/CJZp1LClGJbePQPXwGIlQvPJ3t0 'test(0,8,7' len=67 rcpt(53)
FMT0 persist at /var/zxid/bus/ch/default/v4KSYANDw190EgJkjt68SCGHGoE 'test(1,8,8' len=67 rcpt(52)
FMT0 persist at /var/zxid/bus/ch/default/th4tyeOx3aCugIT9BUIcHZvltWs 'test(0,8,6' len=67 rcpt(54)
FMT0 persist at /var/zxid/bus/ch/default/EXW5Zi_7moNwPfnNdsBVJFieaG0 'test(1,8,7' len=67 rcpt(53)
FMT0 persist at /var/zxid/bus/ch/default/8sSgcFHiyhrxsXedmsAVSHJW9Ug 'test(0,8,5' len=67 rcpt(55)
FMT0 persist at /var/zxid/bus/ch/default/GyU0rrG2RLlCzlGaifVZTfq57tw 'test(1,8,6' len=67 rcpt(54)
FMT0 persist at /var/zxid/bus/ch/default/HCiyuXL7gFlSKerx7OlYd3CEYQM 'test(0,8,4' len=67 rcpt(56)
FMT0 persist at /var/zxid/bus/ch/default/silhXjbeYmf8mHsuzSoZkT2ikOU 'test(1,8,5' len=67 rcpt(55)
FMT0 persist at /var/zxid/bus/ch/default/4GbGLCRMxDzHcfEQYTKdcWLU13k 'test(0,8,3' len=67 rcpt(57)
FMT0 persist at /var/zxid/bus/ch/default/2BCT2pC6pKK5V2Prv8ZwYG4ceyM 'test(1,8,4' len=67 rcpt(56)
FMT0 persist at /var/zxid/bus/ch/default/U8DkG2j5wz7Xi4PTjGZKPAT14Xo 'test(0,8,2' len=67 rcpt(58)
FMT0 persist at /var/zxid/bus/ch/default/ySOHjvntj3lo6cstCtnJOKxRrg0 'test(1,8,3' len=67 rcpt(57)
FMT0 persist at /var/zxid/bus/ch/default/zueR7x6oCesPYc2oHWDoekOSes0 'test(0,8,1' len=67 rcpt(59)
FMT0 persist at /var/zxid/bus/ch/default/JtTgTeQaSr7Wb-MqeTPHLlDe2eg 'test(1,8,2' len=67 rcpt(58)
FMT0 persist at /var/zxid/bus/ch/default/IphHY5Ra59-HcSFhG4zh-ehxNrM 'test(1,8,1' len=67 rcpt(59)
FMT0 persist at /var/zxid/bus/ch/default/STdGdkOR-4tPIcp2vJyA0YTXQwE 'test(0,7,2' len=68 rcpt(60)
FMT0 persist at /var/zxid/bus/ch/default/J9wl9dvf2ZS5CNDmbo4jJchfHO0 'test(0,7,1' len=68 rcpt(61)
FMT0 persist at /var/zxid/bus/ch/default/V_egvIR9S8JFcP9enznYvMnuCSs 'test(0,7,1' len=68 rcpt(62)
FMT0 persist at /var/zxid/bus/ch/default/8sXheqMOOtPOnDKGG9w8ryfxfsA 'test(1,7,2' len=68 rcpt(60)
FMT0 persist at /var/zxid/bus/ch/default/mv91CdApJJPSUNM89EOxGkltTRA 'test(0,7,1' len=68 rcpt(63)
FMT0 persist at /var/zxid/bus/ch/default/A4bqj1GuU16CT-9-3ZnlRtsu2PI 'test(1,7,1' len=68 rcpt(61)
FMT0 persist at /var/zxid/bus/ch/default/iwYRr_atyRoHTXMzJZsP5-pztOU 'test(0,7,1' len=68 rcpt(64)
FMT0 persist at /var/zxid/bus/ch/default/SQPFvN5wNEq7rNs8F2M3nJZn-Eo 'test(1,7,1' len=68 rcpt(62)
FMT0 persist at /var/zxid/bus/ch/default/NKd-0vOibqIjtlLs0cRXf0TjSeI 'test(0,7,1' len=68 rcpt(65)
FMT0 persist at /var/zxid/bus/ch/default/qG5fxVadBR60seoRcmh4XZviCQ8 'test(1,7,1' len=68 rcpt(63)
FMT0 persist at /var/zxid/bus/ch/default/44arYJVfVKz_wa53XDmywVfQ2dk 'test(0,7,1' len=68 rcpt(66)
FMT0 persist at /var/zxid/bus/ch/default/OiKhnq-hBj5zWjZh5Q2DkvGNO_g 'test(1,7,1' len=68 rcpt(64)
FMT0 persist at /var/zxid/bus/ch/default/IOkRRVD0xII2OBjNtlknFYnhvn0 'test(0,7,1' len=68 rcpt(67)
FMT0 persist at /var/zxid/bus/ch/default/8AM-VGP6h7vjmE9k1F8wgFLmTM8 'test(1,7,1' len=68 rcpt(65)
FMT0 persist at /var/zxid/bus/ch/default/6or-FeH9P5AQ5wAVLFO3Xqp2Sz0 'test(0,7,1' len=68 rcpt(68)
FMT0 persist at /var/zxid/bus/ch/default/Jiqhrvc9yHqYqUC4u0ymMPJPOrI 'test(1,7,1' len=68 rcpt(66)
FMT0 persist at /var/zxid/bus/ch/default/9vvrfwkHWMYuGJzoltH8OBYUMXA 'test(0,7,1' len=68 rcpt(69)
FMT0 persist at /var/zxid/bus/ch/default/6hWzt-APhdNhy4-ZA62CutP_BCU 'test(1,7,1' len=68 rcpt(67)
FMT0 persist at /var/zxid/bus/ch/default/0mT_xKUflSimiEhSyo3fvcx0pF0 'test(0,7,1' len=68 rcpt(70)
FMT0 persist at /var/zxid/bus/ch/default/ViyBMHBXCbewKkcUl654vuPujFs 'test(1,7,1' len=68 rcpt(68)
FMT0 persist at /var/zxid/bus/ch/default/5bv1rGm2ZF0x3Oer4AOtVGHPL6w 'test(0,7,9' len=67 rcpt(71)
FMT0 persist at /var/zxid/bus/ch/default/6B51oYNWNW6j17bT7rJiLM641T8 'test(1,7,1' len=68 rcpt(69)
FMT0 persist at /var/zxid/bus/ch/default/pbSkMRtKeKFOIJcR6O6s29nJoY0 'test(0,7,8' len=67 rcpt(72)
FMT0 persist at /var/zxid/bus/ch/default/V2diTFj6awECQQL0yFueS5vbE_0 'test(1,7,1' len=68 rcpt(70)
FMT0 persist at /var/zxid/bus/ch/default/IVfCxGVDek-5VGaFf-Pgypn1FjM 'test(1,7,9' len=67 rcpt(71)
FMT0 persist at /var/zxid/bus/ch/default/3a2-FlU8-Vo0skT6qg8TL_9icAk 'test(0,7,7' len=67 rcpt(73)
FMT0 persist at /var/zxid/bus/ch/default/2pFfKG-umbVI_PNRYcne1cQ5JBY 'test(1,7,8' len=67 rcpt(72)
FMT0 persist at /var/zxid/bus/ch/default/y6R-xnFnoPwS1GfQVSGFcrqUXZY 'test(0,7,6' len=67 rcpt(74)
FMT0 persist at /var/zxid/bus/ch/default/4YWXARpvZ35Z0MAt5TikZKxMu6w 'test(1,7,7' len=67 rcpt(73)
FMT0 persist at /var/zxid/bus/ch/default/_ACCEYsQR69J5Mljuvz9c--fvS8 'test(1,7,6' len=67 rcpt(74)
FMT0 persist at /var/zxid/bus/ch/default/HeSt9uY1Wc9QHDUCaLKg4N3AnVg 'test(0,7,5' len=67 rcpt(75)
FMT0 persist at /var/zxid/bus/ch/default/oi-e1xxMNGF_WDp-elBvo2IoglY 'test(1,7,5' len=67 rcpt(75)
FMT0 persist at /var/zxid/bus/ch/default/NETHvh1U65p2efvqA_jqtXtitLY 'test(0,7,4' len=67 rcpt(76)
FMT0 persist at /var/zxid/bus/ch/default/ddKlmTYbP6B2VdwoMzWjYgbztg4 'test(1,7,4' len=67 rcpt(76)
FMT0 persist at /var/zxid/bus/ch/default/2oE4xvDzcNnAocBxZxHMhC8nO9A 'test(0,7,3' len=67 rcpt(77)
FMT0 persist at /var/zxid/bus/ch/default/ZN1deU5-EZhQj6s12_WI3SzXwMo 'test(1,7,3' len=67 rcpt(77)
FMT0 persist at /var/zxid/bus/ch/default/aevQ97yBPwd2R0HXHCKU10ZlwFU 'test(0,7,2' len=67 rcpt(78)
FMT0 persist at /var/zxid/bus/ch/default/K5_EaqPomd7lco6huDWraxuG__Y 'test(1,7,2' len=67 rcpt(78)
FMT0 persist at /var/zxid/bus/ch/default/XCcj5cYbiaxWHxDjf03XS9UxaO0 'test(0,7,1' len=67 rcpt(79)
FMT0 persist at /var/zxid/bus/ch/default/W9BTfTxrT6b-FiVlyCTVYuFOweo 'test(1,7,1' len=67 rcpt(79)
FMT0 persist at /var/zxid/bus/ch/default/6yqqGaB24up6M1rHRiKcdQqd8cQ 'test(0,6,2' len=68 rcpt(80)
FMT0 persist at /var/zxid/bus/ch/default/9jjqkzNyOOdsjGSYpCKbCr_k7hg 'test(1,6,2' len=68 rcpt(80)
FMT0 persist at /var/zxid/bus/ch/default/kyq0TZ2Deu5ftCON9TB-L7d6ync 'test(1,6,1' len=68 rcpt(81)
FMT0 persist at /var/zxid/bus/ch/default/oNw0DyBdFb6sDW32-cRBrTcdG_I 'test(0,6,1' len=68 rcpt(81)
FMT0 persist at /var/zxid/bus/ch/default/HAmBLmLyAwUdPMd5PlZa4BfX1JI 'test(1,6,1' len=68 rcpt(82)
FMT0 persist at /var/zxid/bus/ch/default/poDhReQetZmD_Id5cxJPRto-JDg 'test(0,6,1' len=68 rcpt(82)
FMT0 persist at /var/zxid/bus/ch/default/07p3p96bSZdJb3ydsV_mrOuvA4A 'test(1,6,1' len=68 rcpt(83)
FMT0 persist at /var/zxid/bus/ch/default/tmdry9K2Jqr-SdXno6KUfVlXtgs 'test(0,6,1' len=68 rcpt(83)
FMT0 persist at /var/zxid/bus/ch/default/ffbtnZAgev3gXuoQfKLffV2N7og 'test(1,6,1' len=68 rcpt(84)
FMT0 persist at /var/zxid/bus/ch/default/NxLl9ERPhizLzgpcySRiWzrBaXU 'test(0,6,1' len=68 rcpt(84)
FMT0 persist at /var/zxid/bus/ch/default/yyGHK3UJt_TB0Zl3DDF1Jpx90Ew 'test(1,6,1' len=68 rcpt(85)
FMT0 persist at /var/zxid/bus/ch/default/2bBHrUZSQMayi_cQq8ZrCgjsE50 'test(0,6,1' len=68 rcpt(85)
FMT0 persist at /var/zxid/bus/ch/default/QQw_ueHylIXbggup79iYYSoUjQg 'test(1,6,1' len=68 rcpt(86)
FMT0 persist at /var/zxid/bus/ch/default/_RX6XggBpS6PNOHVyzcIarR_FgA 'test(0,6,1' len=68 rcpt(86)
FMT0 persist at /var/zxid/bus/ch/default/3pzSwIEpKETLfiIEF3dLn3zYYu8 'test(1,6,1' len=68 rcpt(87)
FMT0 persist at /var/zxid/bus/ch/default/biiBEwF7Q29ZjJxDA1uIr7j8qfM 'test(0,6,1' len=68 rcpt(87)
FMT0 persist at /var/zxid/bus/ch/default/zalcKe5wlEEFGb9b5VT8aEb9X2M 'test(1,6,1' len=68 rcpt(88)
FMT0 persist at /var/zxid/bus/ch/default/epup8uubZ_Ub6g-UWoHas3BOmUo 'test(0,6,1' len=68 rcpt(88)
FMT0 persist at /var/zxid/bus/ch/default/8OFKDAvFkcPsJgnqAA4q4lYFkqs 'test(1,6,1' len=68 rcpt(89)
FMT0 persist at /var/zxid/bus/ch/default/vjV_tNaiszdeZrrugfXR6NTleCc 'test(0,6,1' len=68 rcpt(89)
FMT0 persist at /var/zxid/bus/ch/default/DY7x-eVXtj0U47uMRbloiX1PzhA 'test(1,6,1' len=68 rcpt(90)
FMT0 persist at /var/zxid/bus/ch/default/3X6FRqgydFQdN4VQYTEFbHD9C9k 'test(0,6,1' len=68 rcpt(90)
FMT0 persist at /var/zxid/bus/ch/default/GZDJGgI432j74vR0FQ81hyrBFkM 'test(1,6,9' len=67 rcpt(91)
FMT0 persist at /var/zxid/bus/ch/default/W5z83DtcYDAbuikDnY2h8VsZNqo 'test(0,6,9' len=67 rcpt(91)
FMT0 persist at /var/zxid/bus/ch/default/5kRB24_YZnB6p1UeOaLyYa30ht0 'test(1,6,8' len=67 rcpt(92)
FMT0 persist at /var/zxid/bus/ch/default/LxScuReoVVNzL8p4ZqSzhydxBgw 'test(0,6,8' len=67 rcpt(92)
FMT0 persist at /var/zxid/bus/ch/default/gQ3tBPpqVEZHN8rxUCaqsYWZTqU 'test(1,6,7' len=67 rcpt(93)
FMT0 persist at /var/zxid/bus/ch/default/pRwg0dOHX0YsA3-d_53RX03uVTw 'test(0,6,7' len=67 rcpt(93)
FMT0 persist at /var/zxid/bus/ch/default/7WHJ_KdLqyMm_YmKYflJaJ9rC1A 'test(1,6,6' len=67 rcpt(94)
FMT0 persist at /var/zxid/bus/ch/default/DeBa0VtA2Hbh4mYplqXEjZEUIeA 'test(0,6,6' len=67 rcpt(94)
FMT0 persist at /var/zxid/bus/ch/default/HnRYRkESvjkUe_1CZ8Clzgwu1ZM 'test(1,6,5' len=67 rcpt(95)
FMT0 persist at /var/zxid/bus/ch/default/YwAXxj0dN49m6JBjqN8v5P2cdeM 'test(0,6,5' len=67 rcpt(95)
FMT0 persist at /var/zxid/bus/ch/default/KFn1ix3RtSyUC2xOn9zWmOE7QWk 'test(1,6,4' len=67 rcpt(96)
FMT0 persist at /var/zxid/bus/ch/default/UtWxBo6iFs17qYrFsV5E6sdnEDc 'test(0,6,4' len=67 rcpt(96)
FMT0 persist at /var/zxid/bus/ch/default/zXXL_M6KSJx0f_ok14lBpJJyuTA 'test(1,6,3' len=67 rcpt(97)
FMT0 persist at /var/zxid/bus/ch/default/4n5rQfrA9dclmt1ny5jZ6n3U-m4 'test(0,6,3' len=67 rcpt(97)
FMT0 persist at /var/zxid/bus/ch/default/6FUfjdnApG_QNiqEBVzqEZtiy3A 'test(1,6,2' len=67 rcpt(98)
FMT0 persist at /var/zxid/bus/ch/default/6-CF3SeV0p322uANL9cc2cUlcbg 'test(0,6,2' len=67 rcpt(98)
FMT0 persist at /var/zxid/bus/ch/default/hnw40sfZx1_Cbcqh2r5OSXE72Ts 'test(1,6,1' len=67 rcpt(99)
FMT0 persist at /var/zxid/bus/ch/default/XlimIC3LMSMBF2t6T2qzyA7-nFs 'test(0,6,1' len=67 rcpt(99)
FMT0 persist at /var/zxid/bus/ch/default/Gscop_Nj6dUY0tgpJB66MjdwcoI 'test(1,5,2' len=69 rcpt(100)
FMT0 persist at /var/zxid/bus/ch/default/FdQDLunLsyNWkwVdtKqH9bvBQ54 'test(0,5,2' len=69 rcpt(100)
FMT0 persist at /var/zxid/bus/ch/default/6HxHACdXWkkzQexB2OCW01zldJQ 'test(1,5,1' len=69 rcpt(101)
FMT0 persist at /var/zxid/bus/ch/default/eIS144uNERC4SlEZ7HcOBFyuJpo 'test(0,5,1' len=69 rcpt(101)
FMT0 persist at /var/zxid/bus/ch/default/_CumP9zw-Dgp84MES11oBY9ZQCM 'test(1,5,1' len=69 rcpt(102)
FMT0 persist at /var/zxid/bus/ch/default/IWmd4qGJRTuIKSmZl0zU0DjzuIE 'test(0,5,1' len=69 rcpt(102)
FMT0 persist at /var/zxid/bus/ch/default/XacjktjUw3WJPU6tZtGP8IBGdD4 'test(1,5,1' len=69 rcpt(103)
FMT0 persist at /var/zxid/bus/ch/default/bkZuPdB1tTns-Mqilr3KdhCkgYo 'test(0,5,1' len=69 rcpt(103)
FMT0 persist at /var/zxid/bus/ch/default/Q3LhKjh2AKNNZ0MvaPA-objLwJ4 'test(1,5,1' len=69 rcpt(104)
FMT0 persist at /var/zxid/bus/ch/default/xzjHJSidoZo0KIlTkfd0sktGJGQ 'test(0,5,1' len=69 rcpt(104)
FMT0 persist at /var/zxid/bus/ch/default/JXLm60zd360O1uLdTtYaBcQ8L08 'test(1,5,1' len=69 rcpt(105)
FMT0 persist at /var/zxid/bus/ch/default/lYlbk_kjDYCoojFOg2XvnJZMlqM 'test(0,5,1' len=69 rcpt(105)
FMT0 persist at /var/zxid/bus/ch/default/i5ptOxShz-6J9iTEEHsm3IumKYE 'test(1,5,1' len=69 rcpt(106)
FMT0 persist at /var/zxid/bus/ch/default/absQjOkPG1I7lZESU907llpYcbU 'test(0,5,1' len=69 rcpt(106)
FMT0 persist at /var/zxid/bus/ch/default/wohaskmwwjyv4cEr16f9vfxjBNQ 'test(1,5,1' len=69 rcpt(107)
FMT0 persist at /var/zxid/bus/ch/default/tltS_YsOt4SCLdT7XQtBV_SCTWA 'test(0,5,1' len=69 rcpt(107)
FMT0 persist at /var/zxid/bus/ch/default/8u21u7qlTZOgyZ6KI62qjI4IFEc 'test(1,5,1' len=69 rcpt(108)
FMT0 persist at /var/zxid/bus/ch/default/CEgD_aBM1dSwxcHbeWJJ6O-9vgw 'test(0,5,1' len=69 rcpt(108)
FMT0 persist at /var/zxid/bus/ch/default/3C-QIOuu5sejcpQomC9PwIXC1lA 'test(1,5,1' len=69 rcpt(109)
FMT0 persist at /var/zxid/bus/ch/default/YK3qW1YmaH45fMQIqQdvm63D5TM 'test(0,5,1' len=69 rcpt(109)
FMT0 persist at /var/zxid/bus/ch/default/EBCgFBUnn-y_tIcL5McJnq24BAA 'test(0,5,1' len=69 rcpt(110)
FMT0 persist at /var/zxid/bus/ch/default/G3sSg4TG9J2LZBD-a1pHlreogPE 'test(1,5,1' len=69 rcpt(110)
FMT0 persist at /var/zxid/bus/ch/default/Y3ECtW4GjoQ3JtChHfUaPrhssyo 'test(0,5,9' len=68 rcpt(111)
FMT0 persist at /var/zxid/bus/ch/default/iqp8JElD5fSQJ307LlRDMXh893U 'test(0,5,8' len=68 rcpt(112)
FMT0 persist at /var/zxid/bus/ch/default/59EMrHejTVmd3gthLUSXwZNfYYs 'test(1,5,9' len=68 rcpt(111)
FMT0 persist at /var/zxid/bus/ch/default/EjDlt9H3j3VYXVEmkZjEqM1obTw 'test(0,5,7' len=68 rcpt(113)
FMT0 persist at /var/zxid/bus/ch/default/SjCz6RQmSNnMk-dWfXE2wv911Fk 'test(1,5,8' len=68 rcpt(112)
FMT0 persist at /var/zxid/bus/ch/default/81h7DjgJMJE2vP-ZKLzMlpt4nS0 'test(0,5,6' len=68 rcpt(114)
FMT0 persist at /var/zxid/bus/ch/default/Xf--92jtpiU70c1T-YaDLc2ADPY 'test(0,5,5' len=68 rcpt(115)
FMT0 persist at /var/zxid/bus/ch/default/Lx0h9xxcyE7_CA8Rqag7vuN53hU 'test(1,5,7' len=68 rcpt(113)
FMT0 persist at /var/zxid/bus/ch/default/_WSSkc45LQJl0bkezj3XQhWTIGI 'test(0,5,4' len=68 rcpt(116)
FMT0 persist at /var/zxid/bus/ch/default/5rPc_fNR6m3ipvOHk2FBCVcu3_A 'test(1,5,6' len=68 rcpt(114)
FMT0 persist at /var/zxid/bus/ch/default/OLoZwJ73710CA6ZYAqruHfF-UO8 'test(0,5,3' len=68 rcpt(117)
FMT0 persist at /var/zxid/bus/ch/default/IMlxPsyOGWbyUzzyu3IpWi-eMbM 'test(1,5,5' len=68 rcpt(115)
FMT0 persist at /var/zxid/bus/ch/default/Ns3JGzGw6VPIXv8CWNr6uWAh3RA 'test(0,5,2' len=68 rcpt(118)
FMT0 persist at /var/zxid/bus/ch/default/oh-0F72ul3OSFdGQLGS9Qoo9tNQ 'test(1,5,4' len=68 rcpt(116)
FMT0 persist at /var/zxid/bus/ch/default/MMYpjAV8cpBU6ckOVzWvCSSCyY4 'test(0,5,1' len=68 rcpt(119)
FMT0 persist at /var/zxid/bus/ch/default/L8HYEbG2BFZ0IZEaUU3pL_X5JJk 'test(1,5,3' len=68 rcpt(117)
FMT0 persist at /var/zxid/bus/ch/default/qJvPPRQedrJysWlqNErIy4rMzEA 'test(1,5,2' len=68 rcpt(118)
FMT0 persist at /var/zxid/bus/ch/default/Xctr62RoetpvuMLjHbgmdtfAOUE 'test(1,5,1' len=68 rcpt(119)
FMT0 persist at /var/zxid/bus/ch/default/IjFt_U1xXWds--tCeLzdoK3DhFA 'test(0,4,2' len=69 rcpt(120)
FMT0 persist at /var/zxid/bus/ch/default/tFdtasCGOhYM1czE7vr-vR_Lw2M 'test(0,4,1' len=69 rcpt(121)
FMT0 persist at /var/zxid/bus/ch/default/hst2NTPRtJB6ks2lalGLr4Dollg 'test(1,4,2' len=69 rcpt(120)
FMT0 persist at /var/zxid/bus/ch/default/SpA4mKcgyfNPVuzoI_JeflVpieU 'test(0,4,1' len=69 rcpt(122)
FMT0 persist at /var/zxid/bus/ch/default/lM-DUOLmglH3iVAbAEV5IuNgLm0 'test(1,4,1' len=69 rcpt(121)
FMT0 persist at /var/zxid/bus/ch/default/uH_9iSL8Xap2I1fiTi_52mIwXl4 'test(0,4,1' len=69 rcpt(123)
FMT0 persist at /var/zxid/bus/ch/default/XpfRiWWIm-kvTS--CyPX3PRxd8I 'test(1,4,1' len=69 rcpt(122)
FMT0 persist at /var/zxid/bus/ch/default/LWaGH56BWjIg2PtKQIHNLfZWgQQ 'test(0,4,1' len=69 rcpt(124)
FMT0 persist at /var/zxid/bus/ch/default/O2C-Cu-gRHJtsGg_T_gvE0nlQBM 'test(1,4,1' len=69 rcpt(123)
FMT0 persist at /var/zxid/bus/ch/default/rk_QFoAreMc26AfwfXFNzW2_h1w 'test(0,4,1' len=69 rcpt(125)
FMT0 persist at /var/zxid/bus/ch/default/oAoR2hU_jNI6aF9F5CPkKxihBSg 'test(1,4,1' len=69 rcpt(124)
FMT0 persist at /var/zxid/bus/ch/default/GaRYFcW5B2MkLEuq8WA3E0P7nYQ 'test(0,4,1' len=69 rcpt(126)
FMT0 persist at /var/zxid/bus/ch/default/SFCAGzaDbF_xgXlt8_hWc2m0LQc 'test(1,4,1' len=69 rcpt(125)
FMT0 persist at /var/zxid/bus/ch/default/raro2zweVNt1Tb2RlWeO7eWzpIQ 'test(0,4,1' len=69 rcpt(127)
FMT0 persist at /var/zxid/bus/ch/default/Ocz9yiCgAoGWhghXQaNoPnAuuuI 'test(1,4,1' len=69 rcpt(126)
FMT0 persist at /var/zxid/bus/ch/default/06xKb_NCxr8BLEJptH1E9kZa3IU 'test(0,4,1' len=69 rcpt(128)
FMT0 persist at /var/zxid/bus/ch/default/Rvb6h5oSX6agiZcogBtbAsd1n-M 'test(1,4,1' len=69 rcpt(127)
FMT0 persist at /var/zxid/bus/ch/default/bU2iSsW8p1JgdigsLKmfm1xRbo8 'test(0,4,1' len=69 rcpt(129)
FMT0 persist at /var/zxid/bus/ch/default/lghUfm2oVCKfzUqgnKPifCA_VPA 'test(1,4,1' len=69 rcpt(128)
FMT0 persist at /var/zxid/bus/ch/default/PWPJAsyeKjtgmNx0N0282BAxf78 'test(1,4,1' len=69 rcpt(129)
FMT0 persist at /var/zxid/bus/ch/default/FW8l79Egfr0sfxiqiGaG5-HDPgw 'test(0,4,1' len=69 rcpt(130)
FMT0 persist at /var/zxid/bus/ch/default/0bwY34lfu8gC-JYBp95Sve6J-1k 'test(1,4,1' len=69 rcpt(130)
FMT0 persist at /var/zxid/bus/ch/default/ogBfvOIksFW5KtnkSPocOfQ-xZQ 'test(0,4,9' len=68 rcpt(131)
FMT0 persist at /var/zxid/bus/ch/default/Kndrkb3S6FrPMJl0izughpEpTOg 'test(1,4,9' len=68 rcpt(131)
FMT0 persist at /var/zxid/bus/ch/default/_tkR3py3NLY4lp53rtrcVKx4l7w 'test(0,4,8' len=68 rcpt(132)
FMT0 persist at /var/zxid/bus/ch/default/Qhp_Of0GOpOF8vpP2Aj9gEyXIW0 'test(1,4,8' len=68 rcpt(132)
FMT0 persist at /var/zxid/bus/ch/default/HSpeArwv9a-vjdx0NhiQRrIiGhI 'test(0,4,7' len=68 rcpt(133)
FMT0 persist at /var/zxid/bus/ch/default/OpksMa2YWAyTMifeXbMdhKTKLVk 'test(1,4,7' len=68 rcpt(133)
FMT0 persist at /var/zxid/bus/ch/default/bKQjk2GHcWPuzNFyQkl2OWA-xl0 'test(0,4,6' len=68 rcpt(134)
FMT0 persist at /var/zxid/bus/ch/default/g2QLJ9UumHnOfrV3cXJiOZ6slSg 'test(1,4,6' len=68 rcpt(134)
FMT0 persist at /var/zxid/bus/ch/default/SBGibI9tWwGpy5KsHlh7q4lMRAk 'test(0,4,5' len=68 rcpt(135)
FMT0 persist at /var/zxid/bus/ch/default/9NICAKD_fDO1Y8COqIus3RRlU2s 'test(1,4,5' len=68 rcpt(135)
FMT0 persist at /var/zxid/bus/ch/default/r713M39TPmERxsx99Qp7Ao18GlM 'test(0,4,4' len=68 rcpt(136)
FMT0 persist at /var/zxid/bus/ch/default/3y8yXdgvTBGKZa97NDes0X7CMB8 'test(1,4,4' len=68 rcpt(136)
FMT0 persist at /var/zxid/bus/ch/default/E744RcQwnW9UHYauQJ-CJc5GHog 'test(0,4,3' len=68 rcpt(137)
FMT0 persist at /var/zxid/bus/ch/default/EcroLM0xORxmWKAUH6FkzfufNSk 'test(1,4,3' len=68 rcpt(137)
FMT0 persist at /var/zxid/bus/ch/default/OWob7PQ0bNXM5eKfTJFFpgaq8ws 'test(0,4,2' len=68 rcpt(138)
FMT0 persist at /var/zxid/bus/ch/default/efOmTYiDsjS3FU487jnzOoDqhqc 'test(1,4,2' len=68 rcpt(138)
FMT0 persist at /var/zxid/bus/ch/default/LP3l3ai-9Ru9lk3DDIyESyZN7H4 'test(0,4,1' len=68 rcpt(139)
FMT0 persist at /var/zxid/bus/ch/default/ne-0vFIvYYKKBljSqtL73fkI9Nw 'test(1,4,1' len=68 rcpt(139)
FMT0 persist at /var/zxid/bus/ch/default/-8AEDwkUHbS7fFaJZx0eEvBlXlE 'test(0,3,2' len=69 rcpt(140)
FMT0 persist at /var/zxid/bus/ch/default/qZl-WhGojrYuYaIYZa1TkjClbPk 'test(1,3,2' len=69 rcpt(140)
FMT0 persist at /var/zxid/bus/ch/default/jmnkdVH-HP6Kfwyd5nswftGH4zY 'test(0,3,1' len=69 rcpt(141)
FMT0 persist at /var/zxid/bus/ch/default/BNGf-NA3rUTF7sAQG1Yst_MqMlk 'test(1,3,1' len=69 rcpt(141)
FMT0 persist at /var/zxid/bus/ch/default/yo_K9622fQ1X9F3CkWRjDER3nWc 'test(0,3,1' len=69 rcpt(142)
FMT0 persist at /var/zxid/bus/ch/default/sRmSgtEVvQ4ds9IE82Gz2sQz1Ps 'test(1,3,1' len=69 rcpt(142)
FMT0 persist at /var/zxid/bus/ch/default/O6i_48IuEK2hsDCG7rcZKXwFPAo 'test(0,3,1' len=69 rcpt(143)
FMT0 persist at /var/zxid/bus/ch/default/nH-U7zrNPYahRwBFx9K-rU1j8ek 'test(1,3,1' len=69 rcpt(143)
FMT0 persist at /var/zxid/bus/ch/default/1XE8jBZc8tivZjgwVuPIaTs2tjM 'test(0,3,1' len=69 rcpt(144)
FMT0 persist at /var/zxid/bus/ch/default/P2pFpHIyNnO0zqzGk7jdV7wb2OY 'test(1,3,1' len=69 rcpt(144)
FMT0 persist at /var/zxid/bus/ch/default/nOLnicHlKgz8JxH8yw5Nwq6O_us 'test(0,3,1' len=69 rcpt(145)
FMT0 persist at /var/zxid/bus/ch/default/lJ0NqHIIyovlaOSQcvCHqcZ6l0o 'test(1,3,1' len=69 rcpt(145)
FMT0 persist at /var/zxid/bus/ch/default/MxHCQ-WXTBjDBdANp0kqiNJDm7k 'test(0,3,1' len=69 rcpt(146)
FMT0 persist at /var/zxid/bus/ch/default/E-kKA8X5NeOrkJRje64SrGeQkBI 'test(1,3,1' len=69 rcpt(146)
FMT0 persist at /var/zxid/bus/ch/default/5SnhrYj5VpOgPSlDrDd9DgiyzNQ 'test(0,3,1' len=69 rcpt(147)
FMT0 persist at /var/zxid/bus/ch/default/ZRls3nHj46o6u1CZSJHT5aTbnhY 'test(1,3,1' len=69 rcpt(147)
FMT0 persist at /var/zxid/bus/ch/default/7w-GdXBSq1d1iB34dskhuAi7YUk 'test(0,3,1' len=69 rcpt(148)
FMT0 persist at /var/zxid/bus/ch/default/IAv4MpaSjU_awQM6mNb1URCG_xg 'test(1,3,1' len=69 rcpt(148)
FMT0 persist at /var/zxid/bus/ch/default/xq_bql57cJTpd8vcQQzybxEPXPM 'test(0,3,1' len=69 rcpt(149)
FMT0 persist at /var/zxid/bus/ch/default/OrkYJIgxnqtdwDX3L7wBmF5pbNM 'test(1,3,1' len=69 rcpt(149)
FMT0 persist at /var/zxid/bus/ch/default/tr_nphmKkj0RrqCxI68XV0W74WQ 'test(1,3,1' len=69 rcpt(150)
FMT0 persist at /var/zxid/bus/ch/default/0AeIZPaG2qhW5fKAT6LdbP_Qu7s 'test(0,3,1' len=69 rcpt(150)
FMT0 persist at /var/zxid/bus/ch/default/RRwC-6fEWuj3GpA_MBt4JtdpkxU 'test(1,3,9' len=68 rcpt(151)
FMT0 persist at /var/zxid/bus/ch/default/RSS3TFtt28hXlzMYiOFnaBmpvPE 'test(0,3,9' len=68 rcpt(151)
FMT0 persist at /var/zxid/bus/ch/default/FH_uZ4o8nU1fu_Kk15AXVx5i5yE 'test(1,3,8' len=68 rcpt(152)
FMT0 persist at /var/zxid/bus/ch/default/wAWTEFgENXtwQVjUw9VHljgNAvw 'test(0,3,8' len=68 rcpt(152)
FMT0 persist at /var/zxid/bus/ch/default/-7vBIRqN8t84l4TwYEnjSJNBRLw 'test(1,3,7' len=68 rcpt(153)
FMT0 persist at /var/zxid/bus/ch/default/B15PIyXIZFSM4i6-xsOzdK64NOA 'test(0,3,7' len=68 rcpt(153)
FMT0 persist at /var/zxid/bus/ch/default/KtCqK8C8eun80nhiN-XIKNGXTJo 'test(1,3,6' len=68 rcpt(154)
FMT0 persist at /var/zxid/bus/ch/default/qi-yoTUJac8Szc21oLbkjBtkMbc 'test(0,3,6' len=68 rcpt(154)
FMT0 persist at /var/zxid/bus/ch/default/mOhBwF_2rlGcl6NCXlqRyRmNPWE 'test(1,3,5' len=68 rcpt(155)
FMT0 persist at /var/zxid/bus/ch/default/8b7UvI0-eslm5BHl0OelDA5yl3Y 'test(0,3,5' len=68 rcpt(155)
FMT0 persist at /var/zxid/bus/ch/default/BPnEA56Hand7iGOJ8oqyMHdvzwc 'test(1,3,4' len=68 rcpt(156)
FMT0 persist at /var/zxid/bus/ch/default/iEPTtvrPXSg03EXVYVwvcFXzXeU 'test(0,3,4' len=68 rcpt(156)
FMT0 persist at /var/zxid/bus/ch/default/itOvstZcKUAZ4lrbByxqckmanSk 'test(1,3,3' len=68 rcpt(157)
FMT0 persist at /var/zxid/bus/ch/default/HQlqny5Zmygf418dhBpDR3_iyuY 'test(0,3,3' len=68 rcpt(157)
FMT0 persist at /var/zxid/bus/ch/default/yDCKXnrslm-VAXgbFF7OpQdDxR4 'test(1,3,2' len=68 rcpt(158)
FMT0 persist at /var/zxid/bus/ch/default/8FyvDq6D4OPpiTFTrHdAo8pbFkQ 'test(0,3,2' len=68 rcpt(158)
FMT0 persist at /var/zxid/bus/ch/default/fDTcvhV2X1bVL7AIqHbVbgjgwB4 'test(1,3,1' len=68 rcpt(159)
FMT0 persist at /var/zxid/bus/ch/default/EW5XFFT-5Z-tYNlpieUTzQC4Tyk 'test(0,3,1' len=68 rcpt(159)
FMT0 persist at /var/zxid/bus/ch/default/YOGMeB09Q1-pg5MDxKNvMyXqNYI 'test(0,2,2' len=69 rcpt(160)
FMT0 persist at /var/zxid/bus/ch/default/vMnJ7e3keF0LfwZ-y_x0tWvPjI8 'test(1,2,2' len=69 rcpt(160)
FMT0 persist at /var/zxid/bus/ch/default/r2XK9heCYqapKerx0zyA4FXy52o 'test(0,2,1' len=69 rcpt(161)
FMT0 persist at /var/zxid/bus/ch/default/smxd_X5wA_HCHm7bdt5GsKnXzhI 'test(1,2,1' len=69 rcpt(161)
FMT0 persist at /var/zxid/bus/ch/default/MxWafgweHCtAHVcxt24Lm5UJI8I 'test(0,2,1' len=69 rcpt(162)
FMT0 persist at /var/zxid/bus/ch/default/p7WSHMgmLw2ptP8asOaivQzUBOM 'test(1,2,1' len=69 rcpt(162)
FMT0 persist at /var/zxid/bus/ch/default/is9IoLk-5CB5mujG-GGrSbdlRUA 'test(0,2,1' len=69 rcpt(163)
FMT0 persist at /var/zxid/bus/ch/default/wN0S8YNLb4its9yphPtHxsF9TEQ 'test(1,2,1' len=69 rcpt(163)
FMT0 persist at /var/zxid/bus/ch/default/Uv4Tzizu6ItNI3nhQcNIn5Py6Zs 'test(0,2,1' len=69 rcpt(164)
FMT0 persist at /var/zxid/bus/ch/default/C4aAM3IlnvkrG1T-0UJ-cogHSvE 'test(1,2,1' len=69 rcpt(164)
FMT0 persist at /var/zxid/bus/ch/default/UDEEs-XejV9SEVC4FeCh-IYQiJ8 'test(0,2,1' len=69 rcpt(165)
FMT0 persist at /var/zxid/bus/ch/default/KNhkc426Lro9AdT2m7BK5nI92gk 'test(1,2,1' len=69 rcpt(165)
FMT0 persist at /var/zxid/bus/ch/default/NK7HNOIgRWtSQ0kOUfAZxh0y6mU 'test(1,2,1' len=69 rcpt(166)
FMT0 persist at /var/zxid/bus/ch/default/9E-UGae8n_vE03zvUYOvILN14iU 'test(0,2,1' len=69 rcpt(166)
FMT0 persist at /var/zxid/bus/ch/default/1w7Ipgq_gsaee1Vmj7Nb-wBC5Hk 'test(1,2,1' len=69 rcpt(167)
FMT0 persist at /var/zxid/bus/ch/default/VIDdDCVbI40QupwNh2_qodoCNpY 'test(0,2,1' len=69 rcpt(167)
FMT0 persist at /var/zxid/bus/ch/default/0u1AgOlxgsxwybs6RMi_pWFFGf0 'test(1,2,1' len=69 rcpt(168)
FMT0 persist at /var/zxid/bus/ch/default/0U1GVcGGhSqls_EQqNtazhOSOgE 'test(0,2,1' len=69 rcpt(168)
FMT0 persist at /var/zxid/bus/ch/default/0NAt6js-qBiErv_7hWrbccMzHpE 'test(1,2,1' len=69 rcpt(169)
FMT0 persist at /var/zxid/bus/ch/default/xdBf3W1-E9R0jUDj1D--BzpE85s 'test(1,2,1' len=69 rcpt(170)
FMT0 persist at /var/zxid/bus/ch/default/1oBhDYAz0zTzWqZBS2m7ZPGvtt8 'test(0,2,1' len=69 rcpt(169)
FMT0 persist at /var/zxid/bus/ch/default/WEgdmZiNIvItI94sBsqMgSBbxx4 'test(0,2,1' len=69 rcpt(170)
FMT0 persist at /var/zxid/bus/ch/default/HXHoNqoPCMzzptj2YYZ4reN6vMU 'test(1,2,9' len=68 rcpt(171)
FMT0 persist at /var/zxid/bus/ch/default/sOUFzAybT2TBoIipRfKEK2XYEM8 'test(0,2,9' len=68 rcpt(171)
FMT0 persist at /var/zxid/bus/ch/default/u2T4B37S7wAKzRfxg3BLaeODgmA 'test(1,2,8' len=68 rcpt(172)
FMT0 persist at /var/zxid/bus/ch/default/dE4Dp7kTz6gJKJYTeRMHtzQbPWc 'test(0,2,8' len=68 rcpt(172)
FMT0 persist at /var/zxid/bus/ch/default/CZE0iAwaHId10bS7yDtr4YSFfko 'test(1,2,7' len=68 rcpt(173)
FMT0 persist at /var/zxid/bus/ch/default/Mj1DcQIRoay_2o6fVWKCRyTc8Lg 'test(0,2,7' len=68 rcpt(173)
FMT0 persist at /var/zxid/bus/ch/default/Oeq26XTXSzbf-UkQRXLbXSue8JI 'test(1,2,6' len=68 rcpt(174)
FMT0 persist at /var/zxid/bus/ch/default/ALpgc9Eax_JR6MxwX3G3vNddYfo 'test(0,2,6' len=68 rcpt(174)
FMT0 persist at /var/zxid/bus/ch/default/CHWACH38j0IZdNFpXvGmORlsoYA 'test(1,2,5' len=68 rcpt(175)
FMT0 persist at /var/zxid/bus/ch/default/REx0GJGBwe4Miow-JhhV2Tfb-K4 'test(0,2,5' len=68 rcpt(175)
FMT0 persist at /var/zxid/bus/ch/default/g53s_WvwCESRTZbeu7TVbXGFpUY 'test(1,2,4' len=68 rcpt(176)
FMT0 persist at /var/zxid/bus/ch/default/HEE8N35E3f1wkWbvbOdAgY-cYx4 'test(0,2,4' len=68 rcpt(176)
FMT0 persist at /var/zxid/bus/ch/default/MZQ__amoknJzsoSm8Mxj_X55tX8 'test(1,2,3' len=68 rcpt(177)
FMT0 persist at /var/zxid/bus/ch/default/li85KTgWHaV0uZmdQZoDKfjaDMg 'test(1,2,2' len=68 rcpt(178)
FMT0 persist at /var/zxid/bus/ch/default/OuUtA6noZqNZVHrTahHmbhtjpX4 'test(0,2,3' len=68 rcpt(177)
FMT0 persist at /var/zxid/bus/ch/default/1SDWa4GGhDb5nOcmTgIlQ8XOAw8 'test(1,2,1' len=68 rcpt(179)
FMT0 persist at /var/zxid/bus/ch/default/3xnrXvuyQOL-EwTuJyYMnOOVw9k 'test(0,2,2' len=68 rcpt(178)
FMT0 persist at /var/zxid/bus/ch/default/T3e-6lM7qafrnXKyNfyApcljPxI 'test(0,2,1' len=68 rcpt(179)
FMT0 persist at /var/zxid/bus/ch/default/M44RzL3fQjwi8JxLpnVi5aBCQ9s 'test(1,1,2' len=69 rcpt(180)
FMT0 persist at /var/zxid/bus/ch/default/dfY_KxN2Gd7oeAsNHtrBVV4a2JI 'test(1,1,1' len=69 rcpt(181)
FMT0 persist at /var/zxid/bus/ch/default/xupS29_GKnGeTnMNsgXM6vRxF_I 'test(0,1,2' len=69 rcpt(180)
FMT0 persist at /var/zxid/bus/ch/default/x4yJIZMyxtdKAB7Qjm5TvQKs89k 'test(1,1,1' len=69 rcpt(182)
FMT0 persist at /var/zxid/bus/ch/default/eudWdzidZjgsvScGQYzSI1hNOL8 'test(0,1,1' len=69 rcpt(181)
FMT0 persist at /var/zxid/bus/ch/default/hci4J4XPkksSs7irJc3pDh1DIt8 'test(1,1,1' len=69 rcpt(183)
FMT0 persist at /var/zxid/bus/ch/default/fiUYcv7ukcxCV3YUl7VOJugwfpg 'test(0,1,1' len=69 rcpt(182)
FMT0 persist at /var/zxid/bus/ch/default/IqZXT5pUP6gDy1Nxmns9fyF6dmM 'test(1,1,1' len=69 rcpt(184)
FMT0 persist at /var/zxid/bus/ch/default/hiqOLHgqG9Rzlr0JzsKehSNnCpI 'test(0,1,1' len=69 rcpt(183)
FMT0 persist at /var/zxid/bus/ch/default/AkTAIYIZuskfBCk1i6E0z4bpsWc 'test(1,1,1' len=69 rcpt(185)
FMT0 persist at /var/zxid/bus/ch/default/IO5q0N4erM-0awz_R8NkL3yDP_o 'test(0,1,1' len=69 rcpt(184)
FMT0 persist at /var/zxid/bus/ch/default/Gfk38qzF7oedDFbv-WYEeOl2XJQ 'test(1,1,1' len=69 rcpt(186)
FMT0 persist at /var/zxid/bus/ch/default/SIzpjGV4fuyjNqC7KZJq1l1UoTo 'test(0,1,1' len=69 rcpt(185)
FMT0 persist at /var/zxid/bus/ch/default/pCrG0pJ5FkzSWx5AO83rnfq96G0 'test(1,1,1' len=69 rcpt(187)
FMT0 persist at /var/zxid/bus/ch/default/BmjAjjVgyePtkgJLIsSb0M808RI 'test(0,1,1' len=69 rcpt(186)
FMT0 persist at /var/zxid/bus/ch/default/Vv36Siky27fOdclxwdtBnBRCWcg 'test(1,1,1' len=69 rcpt(188)
FMT0 persist at /var/zxid/bus/ch/default/WHXeuoSJSVXCz8XGM48YYOnWKo8 'test(0,1,1' len=69 rcpt(187)
FMT0 persist at /var/zxid/bus/ch/default/vgFHM4GREBscR1W7O_LmyGf01eo 'test(1,1,1' len=69 rcpt(189)
FMT0 persist at /var/zxid/bus/ch/default/SjiWvtBs1lzuDF-lOqdTmtCQU8s 'test(0,1,1' len=69 rcpt(188)
FMT0 persist at /var/zxid/bus/ch/default/1IIp8PN9XAAutOGmh-nTN8gF1to 'test(1,1,1' len=69 rcpt(190)
FMT0 persist at /var/zxid/bus/ch/default/xrMx_pRdEt-nmK0OLHlSidcXBog 'test(0,1,1' len=69 rcpt(189)
FMT0 persist at /var/zxid/bus/ch/default/xufUGIZx4lAKmMy2vE9ykHY_hV0 'test(1,1,9' len=68 rcpt(191)
FMT0 persist at /var/zxid/bus/ch/default/WACo_Ki5ULrir8R7MdgBa14bcyA 'test(0,1,1' len=69 rcpt(190)
FMT0 persist at /var/zxid/bus/ch/default/XOuC99yODQq5ELAE0FGXoCv3vjQ 'test(1,1,8' len=68 rcpt(192)
FMT0 persist at /var/zxid/bus/ch/default/cJv1kwhqyzWJnOjTuDecJ7K5zK4 'test(0,1,9' len=68 rcpt(191)
FMT0 persist at /var/zxid/bus/ch/default/YA-YM6Ti1OHKsl0uF6EaN_qKhOI 'test(1,1,7' len=68 rcpt(193)
FMT0 persist at /var/zxid/bus/ch/default/oektFG-qalLfj46V6M6ViRqwwjQ 'test(0,1,8' len=68 rcpt(192)
FMT0 persist at /var/zxid/bus/ch/default/i36rogxdDVgi178NOVnyhYwoHsU 'test(1,1,6' len=68 rcpt(194)
FMT0 persist at /var/zxid/bus/ch/default/BR98MsVD-VOqqcBSxGh-U_1hgwo 'test(0,1,7' len=68 rcpt(193)
FMT0 persist at /var/zxid/bus/ch/default/y0uHPyzk6PCViWB08u4PizuPnd0 'test(1,1,5' len=68 rcpt(195)
FMT0 persist at /var/zxid/bus/ch/default/iwS7zltQqBV9AEkQ94qv_17yL9U 'test(0,1,6' len=68 rcpt(194)
FMT0 persist at /var/zxid/bus/ch/default/x_BNkRj1TFlrA_Fb0hbsDxWKBCw 'test(1,1,4' len=68 rcpt(196)
FMT0 persist at /var/zxid/bus/ch/default/TUTwtVgiJN1-8zYU_xTBXZ9tdI0 'test(0,1,5' len=68 rcpt(195)
FMT0 persist at /var/zxid/bus/ch/default/m5VFq4rR-XftoDszAzAv6P1P-6A 'test(1,1,3' len=68 rcpt(197)
FMT0 persist at /var/zxid/bus/ch/default/agqD_RNbxDBNouQEXBbPAW91EAQ 'test(0,1,4' len=68 rcpt(196)
FMT0 persist at /var/zxid/bus/ch/default/9uM64JeA3wUOaRfAgZkImq0C3VM 'test(1,1,2' len=68 rcpt(198)
FMT0 persist at /var/zxid/bus/ch/default/bxH5Js1qgJBFfx2j8E-XjcsRvE0 'test(0,1,3' len=68 rcpt(197)
FMT0 persist at /var/zxid/bus/ch/default/yH8bOOLTe7JjzKRB81HF9_kmags 'test(1,1,1' len=68 rcpt(199)
FMT0 persist at /var/zxid/bus/ch/default/OhWJ9zL7CFGRoAluB8CDMKkUzBA 'test(0,1,2' len=68 rcpt(198)
FMT0 persist at /var/zxid/bus/ch/default/P6YX37hs7S9tLtpCk4ZmA84ERbk 'test(0,1,1' len=68 rcpt(199)
shf_0x96d3d28  // max_ios=30
io_0x96d3e40  // free? fd(0) n_c/t=0/0
io_0x96d3f44  // free? fd(0) n_c/t=0/0
io_0x96d4048  // free? fd(0) n_c/t=0/0
io_0x96d414c  // free? fd(0) n_c/t=0/0
io_0x96d4250  // free? fd(0) n_c/t=0/0
io_0x96d4354  // free? fd(0) n_c/t=0/0
-> io_0x96d4458
  io_0x96d4458 -> pdu_0xb74a5b98 [label=cur_pdu]; // fd=0x6
  io_0x96d4458 -> null [label=reqs];
  io_0x96d4458 -> null [label=pending];
  io_0x96d4458 -> null [label=to_write_produce];
  io_0x96d4458 -> null [label=to_write_consume];  // n_to_write=0
  io_0x96d4458 -> null [label=in_write];
io_0x96d455c  // free? fd(0) n_c/t=0/0
io_0x96d4660  // free? fd(0) n_c/t=0/0
io_0x96d4764  // free? fd(0) n_c/t=0/0
io_0x96d4868  // free? fd(0) n_c/t=0/0
io_0x96d496c  // free? fd(0) n_c/t=0/0
io_0x96d4a70  // free? fd(0) n_c/t=0/0
io_0x96d4b74  // free? fd(0) n_c/t=0/0
io_0x96d4c78  // free? fd(0) n_c/t=0/0
io_0x96d4d7c  // free? fd(0) n_c/t=0/0
-> io_0x96d4e80
  io_0x96d4e80 -> pdu_0xb76f1b20 [label=cur_pdu]; // fd=0x10
  io_0x96d4e80 -> null [label=reqs];
  io_0x96d4e80 -> null [label=pending];
  io_0x96d4e80 -> null [label=to_write_produce];
  io_0x96d4e80 -> null [label=to_write_consume];  // n_to_write=0
  io_0x96d4e80 -> null [label=in_write];
-> io_0x96d4f84
  io_0x96d4f84 -> pdu_0xb76e9098 [label=cur_pdu]; // fd=0x11
  io_0x96d4f84 -> null [label=reqs];
  io_0x96d4f84 -> null [label=pending];
  io_0x96d4f84 -> null [label=to_write_produce];
  io_0x96d4f84 -> null [label=to_write_consume];  // n_to_write=0
  io_0x96d4f84 -> null [label=in_write];
-> io_0x96d5088
  io_0x96d5088 -> pdu_0xb7729948 [label=cur_pdu]; // fd=0x12
  io_0x96d5088  // reqs
    -> pdu_0xb7724120  // (ZXCT)
    pdu_0xb7724120 -> null [label=reals];
    pdu_0xb7724120 -> null [label=synths];
    pdu_0xb7724120 -> null [label=subresps];
[label=reqs];
  io_0x96d5088 -> null [label=pending];
[label=pending];
  io_0x96d5088 -> null [label=to_write_produce];
  io_0x96d5088 -> null [label=to_write_consume];  // n_to_write=0
  io_0x96d5088 -> null [label=in_write];
io_0x96d518c  // free? fd(80000013) n_c/t=9/0
io_0x96d5290  // free? fd(80000014) n_c/t=1/0
io_0x96d5394  // free? fd(80000015) n_c/t=3/0
io_0x96d5498  // free? fd(0) n_c/t=0/0
io_0x96d559c  // free? fd(0) n_c/t=0/0
io_0x96d56a0  // free? fd(0) n_c/t=0/0
io_0x96d57a4  // free? fd(0) n_c/t=0/0
io_0x96d58a8  // free? fd(0) n_c/t=0/0
io_0x96d59ac  // free? fd(0) n_c/t=0/0
io_0x96d5ab0  // free? fd(0) n_c/t=0/0
io_0x96d5bb4  // free? fd(0) n_c/t=0/0
[label=ios];
shf_0x96d3d28 -> null [label=todo_consume];
shf_0x96d3d28   // free_pdus (color=4)
-> pdu_0xb7730aa0 ERR *** pdu_0xb7730aa0 has circular reference (color=4) wrt hit->free_pdus pdu->qel.n
[label=free_pdus];
Data structure dump -1
----------------------
hit_0xbfdf3cd8 [label="tid_b77b56c0"];
hit_0xbfdf3cd8  // free_pdus
-> pdu_0xb772fe08  // (CONN)
-> pdu_0xb772a5e0  // (ACK
)
[label=free_pdus];
Hit structure dump 2
======================
