SUBS() got RECEIPT 0
test(1,3,3)
test(1,3,2)
test(1,3,3)
test(1,3,2)
test(0,10,20)
test(1,10,20)
test(0,10,19)
test(1,10,19)
test(1,10,18)
test(0,10,18)
test(1,10,17)
test(0,10,17)
test(0,10,16)
test(0,10,15)
test(1,10,16)
test(0,10,14)
test(1,10,15)
test(0,10,13)
test(1,10,14)
test(0,10,12)
test(1,10,13)
test(0,10,11)
test(1,10,12)
test(0,10,10)
test(1,10,11)
test(0,10,9)
test(1,10,10)
test(0,10,8)
test(1,10,9)
test(0,10,7)
test(1,10,8)
test(0,10,6)
test(1,10,7)
test(0,10,5)
test(1,10,6)
test(0,10,4)
test(1,10,5)
test(0,10,3)
test(1,10,4)
test(0,10,2)
test(0,10,1)
test(1,10,3)
test(1,10,2)
test(1,10,1)
test(0,9,20)
test(0,9,19)
test(0,9,18)
test(0,9,17)
test(0,9,16)
test(0,9,15)
test(0,9,14)
test(0,9,13)
test(0,9,12)
test(0,9,11)
test(0,9,10)
test(0,9,9)
test(0,9,8)
test(0,9,7)
test(0,9,6)
test(0,9,5)
test(0,9,4)
test(0,9,3)
test(1,9,6)
test(0,9,2)
test(1,9,5)
test(0,9,1)
test(1,9,4)
test(1,9,3)
test(1,9,2)
test(1,9,1)
test(0,8,20)
test(0,8,19)
test(0,8,18)
test(0,8,17)
test(1,8,20)
test(0,8,16)
test(1,8,19)
test(0,8,15)
test(1,8,18)
test(0,8,14)
test(1,8,17)
test(0,8,13)
test(1,8,16)
test(0,8,12)
test(1,8,15)
test(0,8,11)
test(1,8,14)
test(0,8,10)
test(1,8,13)
test(0,8,9)
test(1,8,12)
test(0,8,8)
test(1,8,11)
test(0,8,7)
test(1,8,10)
test(0,8,6)
test(1,8,9)
test(0,8,5)
test(1,8,8)
test(0,8,4)
test(1,8,7)
test(0,8,3)
test(1,8,6)
test(0,8,2)
test(1,8,5)
test(0,8,1)
test(1,8,4)
test(1,8,3)
test(1,8,2)
test(1,8,1)
test(0,7,20)
test(0,7,19)
test(0,7,18)
test(0,7,17)
test(1,7,20)
test(0,7,16)
test(1,7,19)
test(0,7,15)
test(1,7,18)
test(0,7,14)
test(1,7,17)
test(1,7,16)
test(0,7,13)
test(1,7,15)
test(0,7,12)
test(1,7,14)
test(0,7,11)
test(1,7,13)
test(0,7,10)
test(1,7,12)
test(0,7,9)
test(1,7,11)
test(0,7,8)
test(1,7,10)
test(0,7,7)
test(1,7,9)
test(0,7,6)
test(1,7,8)
test(0,7,5)
test(1,7,7)
test(0,7,4)
test(1,7,6)
test(0,7,3)
test(1,7,5)
test(0,7,2)
test(1,7,4)
test(0,7,1)
test(1,7,3)
test(1,7,2)
test(1,7,1)
test(0,6,20)
test(0,6,19)
test(0,6,18)
test(1,6,20)
test(0,6,17)
test(1,6,19)
test(0,6,16)
test(1,6,18)
test(0,6,15)
test(1,6,17)
test(0,6,14)
test(1,6,16)
test(0,6,13)
test(1,6,15)
test(0,6,12)
test(1,6,14)
test(0,6,11)
test(1,6,13)
test(0,6,10)
test(1,6,12)
test(0,6,9)
test(1,6,11)
test(0,6,8)
test(1,6,10)
test(0,6,7)
test(1,6,9)
test(0,6,6)
test(1,6,8)
test(0,6,5)
test(1,6,7)
test(0,6,4)
test(1,6,6)
test(0,6,3)
test(1,6,5)
test(0,6,2)
test(1,6,4)
test(0,6,1)
test(1,6,3)
test(1,6,2)
test(1,6,1)
test(0,5,20)
test(0,5,19)
test(0,5,18)
test(1,5,20)
test(0,5,17)
test(1,5,19)
test(0,5,16)
test(1,5,18)
test(0,5,15)
test(1,5,17)
test(0,5,14)
test(1,5,16)
test(0,5,13)
test(1,5,15)
test(0,5,12)
test(1,5,14)
test(0,5,11)
test(1,5,13)
test(0,5,10)
test(1,5,12)
test(0,5,9)
test(1,5,11)
test(0,5,8)
test(1,5,10)
test(0,5,7)
test(1,5,9)
test(0,5,6)
test(1,5,8)
test(0,5,5)
test(1,5,7)
test(0,5,4)
test(1,5,6)
test(0,5,3)
test(1,5,5)
test(0,5,2)
test(1,5,4)
test(0,5,1)
test(1,5,3)
test(1,5,2)
test(1,5,1)
test(0,4,20)
