FMT0 persist at /var/zxid/bus/ch/default/zvuWsewQqt-hYflrtXC9yYEWb8E 'foo bar' len=61 rcpt(0)
FMT0 persist at /var/zxid/bus/ch/default/JW8CltIg8QbpBEDWamF1SPZxDYk '' len=54 rcpt(0)
FMT0 persist at /var/zxid/bus/ch/default/bjZtT6SuxzOFHc1GLnoFdMdSbm0 'F' len=55 rcpt(0)
FMT0 persist at /var/zxid/bus/ch/default/3yaWfCFEuyz-HXA7_PY2lV-zfYg 'test(-1,10' len=69 rcpt(0)
FMT0 persist at /var/zxid/bus/ch/default/35OUqHeMdhRnPCsPBJH-BCvMKoU 'test(-1,10' len=69 rcpt(1)
FMT0 persist at /var/zxid/bus/ch/default/5IDVUvOLVmHmexymd4x9U4_fGiE 'test(-1,10' len=69 rcpt(2)
FMT0 persist at /var/zxid/bus/ch/default/2ILOd9iA9sXKvGjpSAQebLoq2qw 'test(-1,10' len=69 rcpt(3)
FMT0 persist at /var/zxid/bus/ch/default/5-UizDkcKov2nGMBR17-7VpVeQ8 'test(-1,10' len=69 rcpt(4)
FMT0 persist at /var/zxid/bus/ch/default/JP2s0dI6xNkX63n7ZkAjqUUU-RM 'test(-1,10' len=69 rcpt(5)
FMT0 persist at /var/zxid/bus/ch/default/uwFxZrtMSOtP5tVOS0qE62ExX1Y 'test(-1,10' len=69 rcpt(6)
FMT0 persist at /var/zxid/bus/ch/default/HOXHKXrNynLHrbxJ7ff7TUU_7D4 'test(-1,10' len=69 rcpt(7)
FMT0 persist at /var/zxid/bus/ch/default/Xk6XftlZus_9dohsr01EI54p0OU 'test(-1,10' len=69 rcpt(8)
FMT0 persist at /var/zxid/bus/ch/default/d8lbiMfQlvezKDfBsg9NlAqSQ-8 'test(-1,10' len=69 rcpt(9)
FMT0 persist at /var/zxid/bus/ch/default/JEnG2wwROfDNZ36Sc9PWrpIWSCk 'test(-1,10' len=70 rcpt(10)
FMT0 persist at /var/zxid/bus/ch/default/f5-vIEPUTox43OUX1nL-yg-OS3o 'test(-1,10' len=69 rcpt(11)
FMT0 persist at /var/zxid/bus/ch/default/ojkE2iuWTmkaGBMgZ9SDyFUapkc 'test(-1,10' len=69 rcpt(12)
FMT0 persist at /var/zxid/bus/ch/default/V9ZWdFF9Jzkkdi8HYyt2a2kcizw 'test(-1,10' len=69 rcpt(13)
FMT0 persist at /var/zxid/bus/ch/default/Re6LCQ0mlGRH_UFkdIjxX6u-LQw 'test(-1,10' len=69 rcpt(14)
FMT0 persist at /var/zxid/bus/ch/default/wVbDRlDK_mvYm4b968rnOQfkHHI 'test(-1,10' len=69 rcpt(15)
FMT0 persist at /var/zxid/bus/ch/default/FM4qmrnEhUOsYmWO4iymXkZbSdQ 'test(-1,10' len=69 rcpt(16)
FMT0 persist at /var/zxid/bus/ch/default/vUj8SZ2Js2gY9s43iRSugPbzY_M 'test(-1,10' len=69 rcpt(17)
FMT0 persist at /var/zxid/bus/ch/default/LFtciBs-W1RGhdIjBPJYgd2Y_Ag 'test(-1,10' len=69 rcpt(18)
FMT0 persist at /var/zxid/bus/ch/default/44YuNEl5ol5XEF8Zh5_8s6esUFU 'test(-1,10' len=69 rcpt(19)
FMT0 persist at /var/zxid/bus/ch/default/biYNQsjIZvP9Nzwnjyjuhv4lwNw 'test(-1,9,' len=69 rcpt(20)
FMT0 persist at /var/zxid/bus/ch/default/h3hZBocFbvmGiqNhz1YCT8s2hxU 'test(-1,9,' len=69 rcpt(21)
FMT0 persist at /var/zxid/bus/ch/default/5gjqBP2HG8Z1RF00jeIZFRZ5iP8 'test(-1,9,' len=69 rcpt(22)
FMT0 persist at /var/zxid/bus/ch/default/UrP8sCUgjN_SESLjVJfR6SBECwI 'test(-1,9,' len=69 rcpt(23)
FMT0 persist at /var/zxid/bus/ch/default/pM5fhVEqNf4aWOiA9gsH2KRJ_mw 'test(-1,9,' len=69 rcpt(24)
FMT0 persist at /var/zxid/bus/ch/default/rmWZsD9S-WqqPRbKdSDWNM-t9Ek 'test(-1,9,' len=69 rcpt(25)
FMT0 persist at /var/zxid/bus/ch/default/B0AY5AARAoRD6S9XHG7T1p7QWsU 'test(-1,9,' len=69 rcpt(26)
FMT0 persist at /var/zxid/bus/ch/default/IRcNzrDtvUVA7Yhte9B_1mJOvrw 'test(-1,9,' len=69 rcpt(27)
FMT0 persist at /var/zxid/bus/ch/default/BGxDDKGsUPzGm7yl51XEMy-omLQ 'test(-1,9,' len=69 rcpt(28)
FMT0 persist at /var/zxid/bus/ch/default/jizdvrPVXQnWw-R0kUc7qENVhnE 'test(-1,9,' len=69 rcpt(29)
FMT0 persist at /var/zxid/bus/ch/default/tcQ8k_GtGPAMHY3PywB7lL6xBnc 'test(-1,9,' len=69 rcpt(30)
FMT0 persist at /var/zxid/bus/ch/default/i46sMKPBfLtcHWSkFhTGc2Nc8kQ 'test(-1,9,' len=68 rcpt(31)
FMT0 persist at /var/zxid/bus/ch/default/3AvhHDlW7RkcvqVKSXhIdaUoGTk 'test(-1,9,' len=68 rcpt(32)
FMT0 persist at /var/zxid/bus/ch/default/GTMBriSVyCUZUEmVfto66XGANOY 'test(-1,9,' len=68 rcpt(33)
FMT0 persist at /var/zxid/bus/ch/default/5f2JBM5H7TbJcVBwsnqYWlBg79E 'test(-1,9,' len=68 rcpt(34)
FMT0 persist at /var/zxid/bus/ch/default/noC8r6nipKLfR-j-0MDrOUr2L5I 'test(-1,9,' len=68 rcpt(35)
FMT0 persist at /var/zxid/bus/ch/default/PJ0PYqJnQHHeAisAMh3PYZslkxE 'test(-1,9,' len=68 rcpt(36)
FMT0 persist at /var/zxid/bus/ch/default/LhdKzX6uoPPtYJQwFMBL7UIKQtk 'test(-1,9,' len=68 rcpt(37)
FMT0 persist at /var/zxid/bus/ch/default/HbNTqyQghBJBt_i6fTaQdWXt4KY 'test(-1,9,' len=68 rcpt(38)
FMT0 persist at /var/zxid/bus/ch/default/SKxkqUzpErNZwM2c7U0pMFDh0c4 'test(-1,9,' len=68 rcpt(39)
FMT0 persist at /var/zxid/bus/ch/default/xpoEGlyR1nkyvXxnCHzb0GgRsCE 'test(-1,8,' len=69 rcpt(40)
FMT0 persist at /var/zxid/bus/ch/default/Zx7ZADF9J7uUktK8G_oueVMy4yk 'test(-1,8,' len=69 rcpt(41)
FMT0 persist at /var/zxid/bus/ch/default/sygRWnccwQRr2AQ1zfsVMklfT84 'test(-1,8,' len=69 rcpt(42)
FMT0 persist at /var/zxid/bus/ch/default/5m_BqIcyk2BJNUtXHQIMYNUXIFo 'test(-1,8,' len=69 rcpt(43)
FMT0 persist at /var/zxid/bus/ch/default/xMQa1PT4u5FmEPw6EM-Wws1lZ0s 'test(-1,8,' len=69 rcpt(44)
FMT0 persist at /var/zxid/bus/ch/default/sGvPDob7wE6ipUB8SxBTFrmkbcE 'test(-1,8,' len=69 rcpt(45)
FMT0 persist at /var/zxid/bus/ch/default/b73GDEZG3wZzj46nzpa_UH-sLq4 'test(-1,8,' len=69 rcpt(46)
FMT0 persist at /var/zxid/bus/ch/default/BAeuXWqo5o9Ej8etSbq1DQ5Rv3I 'test(-1,8,' len=69 rcpt(47)
FMT0 persist at /var/zxid/bus/ch/default/hjmE7GEoQUmmohpqo_pONQxCF34 'test(-1,8,' len=69 rcpt(48)
FMT0 persist at /var/zxid/bus/ch/default/zsmlR76yE4Fc_5Ofewocfja4mC0 'test(-1,8,' len=69 rcpt(49)
FMT0 persist at /var/zxid/bus/ch/default/4jRn6jxY9H0YVQY-alhYYIS4cBw 'test(-1,8,' len=69 rcpt(50)
FMT0 persist at /var/zxid/bus/ch/default/gr2Ql0JSHTcodq5aCN2ucfTMAvA 'test(-1,8,' len=68 rcpt(51)
FMT0 persist at /var/zxid/bus/ch/default/Dzxy0ddog2lA-exFSCzWZAngWlU 'test(-1,8,' len=68 rcpt(52)
FMT0 persist at /var/zxid/bus/ch/default/_lVyJBdnThbixgJkb42dz9RrztU 'test(-1,8,' len=68 rcpt(53)
FMT0 persist at /var/zxid/bus/ch/default/cmo1BQDiCACNBslCiAZT2IALDr4 'test(-1,8,' len=68 rcpt(54)
FMT0 persist at /var/zxid/bus/ch/default/5Zo2NZ0QCoZ-S-6eogoWx5RHZpk 'test(-1,8,' len=68 rcpt(55)
FMT0 persist at /var/zxid/bus/ch/default/q94P0s15BB5p8tBEacLw716KkiA 'test(-1,8,' len=68 rcpt(56)
FMT0 persist at /var/zxid/bus/ch/default/Rfro0cQiPGPb28S6irOC673brYg 'test(-1,8,' len=68 rcpt(57)
FMT0 persist at /var/zxid/bus/ch/default/lYO4gnFogbILyL_cVlXIrceTLm4 'test(-1,8,' len=68 rcpt(58)
FMT0 persist at /var/zxid/bus/ch/default/xa-QRsnQfA6ua-ShNpVrZNeshS8 'test(-1,8,' len=68 rcpt(59)
FMT0 persist at /var/zxid/bus/ch/default/Xrai02IvSenif5Br4Rv0wfVdrt4 'test(-1,7,' len=69 rcpt(60)
FMT0 persist at /var/zxid/bus/ch/default/QybmwQtGwTTlRtF4w-TS57pHrC4 'test(-1,7,' len=69 rcpt(61)
FMT0 persist at /var/zxid/bus/ch/default/mnSnI6vuA3A9e6vGpNqbvtxbIZ8 'test(-1,7,' len=69 rcpt(62)
FMT0 persist at /var/zxid/bus/ch/default/KFZ4s5RYugEc3IEua9N_Hp2ItKU 'test(-1,7,' len=69 rcpt(63)
FMT0 persist at /var/zxid/bus/ch/default/qjo5peUNiqaWMjcnpmcYyEFRGd4 'test(-1,7,' len=69 rcpt(64)
FMT0 persist at /var/zxid/bus/ch/default/0bbqnrgthv5AtKu_jvHHPYm7590 'test(-1,7,' len=69 rcpt(65)
FMT0 persist at /var/zxid/bus/ch/default/_aKBUUZgxAl9SgDyl2Zf65wGG6c 'test(-1,7,' len=69 rcpt(66)
FMT0 persist at /var/zxid/bus/ch/default/R2fMaTmsxl4tZS1gc7Qw1y07OLU 'test(-1,7,' len=69 rcpt(67)
FMT0 persist at /var/zxid/bus/ch/default/lxvddNO8gejTqKyT0XFOli-OL2k 'test(-1,7,' len=69 rcpt(68)
FMT0 persist at /var/zxid/bus/ch/default/UPJIRTBI5b3IwFJCnGwzhSAU6IQ 'test(-1,7,' len=69 rcpt(69)
FMT0 persist at /var/zxid/bus/ch/default/mdRUqS9rLqvWsnU81ntSNFjwI_U 'test(-1,7,' len=69 rcpt(70)
FMT0 persist at /var/zxid/bus/ch/default/ZnIp0VWMCP0CJCs7GX9zlScNTBc 'test(-1,7,' len=68 rcpt(71)
FMT0 persist at /var/zxid/bus/ch/default/X4dMKJbhbgh1PtkPnI4AbkzzASw 'test(-1,7,' len=68 rcpt(72)
FMT0 persist at /var/zxid/bus/ch/default/BIgPNyPRYli3Qr00FokPKkeMppE 'test(-1,7,' len=68 rcpt(73)
FMT0 persist at /var/zxid/bus/ch/default/A72Y2GXCU-9HiColGacDQNnx5_8 'test(-1,7,' len=68 rcpt(74)
FMT0 persist at /var/zxid/bus/ch/default/6WQ2WpEs_2hyFX_gEZmjACP71yo 'test(-1,7,' len=68 rcpt(75)
FMT0 persist at /var/zxid/bus/ch/default/lAZgZXVL5hyZDVZqfbl5D0fzJZ8 'test(-1,7,' len=68 rcpt(76)
FMT0 persist at /var/zxid/bus/ch/default/9YzHqcq1sfNyX-X2edrFYnDmPyU 'test(-1,7,' len=68 rcpt(77)
FMT0 persist at /var/zxid/bus/ch/default/eCbQv63zhXmNdap_uyeyjWyj4NI 'test(-1,7,' len=68 rcpt(78)
FMT0 persist at /var/zxid/bus/ch/default/FNIl6PkbdCKgVxxYuTLSTtcpF5o 'test(-1,7,' len=68 rcpt(79)
FMT0 persist at /var/zxid/bus/ch/default/uFgU6sw2REdB6yp5bKDHDXM3OPs 'test(-1,5,' len=69 rcpt(80)
FMT0 persist at /var/zxid/bus/ch/default/djXMYttymn8rSHZUKXgrvHARHQ4 'test(-1,5,' len=69 rcpt(81)
FMT0 persist at /var/zxid/bus/ch/default/KkYrDNYRPclv9pghdBhup86hJLY 'test(-1,5,' len=68 rcpt(82)
FMT0 persist at /var/zxid/bus/ch/default/qx8jZGIy9qNjxGQ5fl8yX1ZZFRs 'test(-1,5,' len=68 rcpt(83)
FMT0 persist at /var/zxid/bus/ch/default/-rd4w0o9ftw_CxHb1MBnFsivWUQ 'test(-1,5,' len=68 rcpt(84)
FMT0 persist at /var/zxid/bus/ch/default/EeEXRCjzBRdRWu73dGx1ym2MB3c 'test(-1,5,' len=68 rcpt(85)
FMT0 persist at /var/zxid/bus/ch/default/whqOjFrh7UD8wLa6ayPGXcAU9R4 'test(-1,5,' len=68 rcpt(86)
FMT0 persist at /var/zxid/bus/ch/default/v-M5Ug4Bvy9NQ2lOiljZYv-JSxA 'test(-1,5,' len=68 rcpt(87)
FMT0 persist at /var/zxid/bus/ch/default/nWIaue3tQ08vb3oCeCL1ODcVj6k 'test(-1,5,' len=68 rcpt(88)
FMT0 persist at /var/zxid/bus/ch/default/riUdlfc60c_Ek26-5ljXjeidKoA 'test(-1,5,' len=68 rcpt(89)
FMT0 persist at /var/zxid/bus/ch/default/uaqca4eEM5fRl46d84OcQY3X918 'test(-1,5,' len=68 rcpt(90)
FMT0 persist at /var/zxid/bus/ch/default/245aKE4ZciUW4aezVMMo1q58EdI 'test(-1,4,' len=69 rcpt(91)
FMT0 persist at /var/zxid/bus/ch/default/r0KN3_HXls30pSDNYrLHppeJMtg 'test(-1,4,' len=69 rcpt(92)
FMT0 persist at /var/zxid/bus/ch/default/qfPiwIRL8Zv5Ir2xTJMT6vZrh5c 'test(-1,4,' len=69 rcpt(93)
FMT0 persist at /var/zxid/bus/ch/default/eTrY85ZPuUnUadp9DHHiQFdodxo 'test(-1,4,' len=69 rcpt(94)
FMT0 persist at /var/zxid/bus/ch/default/KTqRVQgWTnRJRJlhQRgrKmuLhlo 'test(-1,4,' len=69 rcpt(95)
FMT0 persist at /var/zxid/bus/ch/default/p9vEtDCEgf3FBRInpgskiUR1eoQ 'test(-1,4,' len=69 rcpt(96)
FMT0 persist at /var/zxid/bus/ch/default/ehYz7FCSh31M6p-cqCeM3BiexE4 'test(-1,4,' len=69 rcpt(97)
FMT0 persist at /var/zxid/bus/ch/default/YqENRjPBjkNINuD26WvXDLuvoG0 'test(-1,4,' len=69 rcpt(98)
FMT0 persist at /var/zxid/bus/ch/default/x4-0sfjjhbldaaiYPd3MT36F0AU 'test(-1,4,' len=69 rcpt(99)
FMT0 persist at /var/zxid/bus/ch/default/M5YxHqXeEvGxxqADE4pgRuJmgiA 'test(-1,4,' len=70 rcpt(100)
FMT0 persist at /var/zxid/bus/ch/default/NOvYhAxa0Y1BZYg0kSMSRYcJ0DQ 'test(-1,4,' len=70 rcpt(101)
FMT0 persist at /var/zxid/bus/ch/default/2SY8fEupPZOP1B0dj-8xiDwbx_g 'test(-1,4,' len=69 rcpt(102)
FMT0 persist at /var/zxid/bus/ch/default/1MWOpsWMoXuRmg4N-9CFCGgaJmA 'test(-1,4,' len=69 rcpt(103)
FMT0 persist at /var/zxid/bus/ch/default/vubxuKZdpwWGas7n59wg2fZdPbE 'test(-1,4,' len=69 rcpt(104)
FMT0 persist at /var/zxid/bus/ch/default/yvDQO8j6qyx9wwgXsfnnGwsRVBM 'test(-1,4,' len=69 rcpt(105)
FMT0 persist at /var/zxid/bus/ch/default/IQkq4hkWVdRGNpZhw8hUobS5nwQ 'test(-1,4,' len=69 rcpt(106)
FMT0 persist at /var/zxid/bus/ch/default/R3r6_bi1AJQhYfSNHujhwPKvDsU 'test(-1,4,' len=69 rcpt(107)
FMT0 persist at /var/zxid/bus/ch/default/bTcbQnRMM6OtvTNRQ9Y-kPHJKJo 'test(-1,4,' len=69 rcpt(108)
FMT0 persist at /var/zxid/bus/ch/default/r9jvDVRPkYhNaNRFQE8Ub4tVS28 'test(-1,4,' len=69 rcpt(109)
FMT0 persist at /var/zxid/bus/ch/default/24pKUgV7U-Tr620nrzGgtxUTOFk 'test(-1,4,' len=69 rcpt(110)
FMT0 persist at /var/zxid/bus/ch/default/lyZX5IoANcezf7VvY5c66fOzX6c 'test(-1,3,' len=70 rcpt(111)
FMT0 persist at /var/zxid/bus/ch/default/hPyXO1O64-7G5yNkJ_PzMldvJ6A 'test(-1,3,' len=70 rcpt(112)
FMT0 persist at /var/zxid/bus/ch/default/YbVMGYcytFQqIEUBBgxCkaP5oZY 'test(-1,3,' len=70 rcpt(113)
FMT0 persist at /var/zxid/bus/ch/default/ihMPEViVMeyZfvUSVbPSZTW524k 'test(-1,3,' len=70 rcpt(114)
FMT0 persist at /var/zxid/bus/ch/default/IOrfObGHv305WduYslIkxD7tojk 'test(-1,3,' len=70 rcpt(115)
FMT0 persist at /var/zxid/bus/ch/default/5qQk_6o54V1OxOdBV85pErHTcwA 'test(-1,3,' len=70 rcpt(116)
FMT0 persist at /var/zxid/bus/ch/default/16W7qUvdiH3_4Cmf2ffj5LrGLsE 'test(-1,3,' len=70 rcpt(117)
FMT0 persist at /var/zxid/bus/ch/default/qRnjAT2pK9_ThhQCt7OLCU5ckPM 'test(-1,3,' len=70 rcpt(118)
FMT0 persist at /var/zxid/bus/ch/default/wyxuvOynlcjgSJdM-vUu7dKmcDQ 'test(-1,3,' len=70 rcpt(119)
FMT0 persist at /var/zxid/bus/ch/default/QmVOS7ZvIIIyugXxgmZKewUnMiA 'test(-1,3,' len=70 rcpt(120)
FMT0 persist at /var/zxid/bus/ch/default/jg7OI9Gy2D4RZDtDsaK8LedQnTM 'test(-1,3,' len=70 rcpt(121)
FMT0 persist at /var/zxid/bus/ch/default/uIh3Y3RDgzPthg-XRma7xQKKQOU 'test(-1,3,' len=69 rcpt(122)
FMT0 persist at /var/zxid/bus/ch/default/nxPTG6HxErhocE_rEDpa2Qe4vWQ 'test(-1,3,' len=69 rcpt(123)
FMT0 persist at /var/zxid/bus/ch/default/oLPNNyGKyDFOprdC3NBQ1-30iL8 'test(-1,3,' len=69 rcpt(124)
FMT0 persist at /var/zxid/bus/ch/default/SpoBr-5BFSfvSCta36kVBmO4UE8 'test(-1,3,' len=69 rcpt(125)
FMT0 persist at /var/zxid/bus/ch/default/X8IZ3RaSefwnucyPN9sEuWrWzbY 'test(-1,3,' len=69 rcpt(126)
FMT0 persist at /var/zxid/bus/ch/default/u9tyKS9BwcIHDY8MMws3T_O5MdA 'test(-1,3,' len=69 rcpt(127)
FMT0 persist at /var/zxid/bus/ch/default/qZFPhP8cDp3hB8KuPtXAGHXmxsg 'test(-1,3,' len=69 rcpt(128)
FMT0 persist at /var/zxid/bus/ch/default/s9VUtwVtVXbcSuNIN_PtLFcUzYw 'test(-1,3,' len=69 rcpt(129)
FMT0 persist at /var/zxid/bus/ch/default/7wE5nRrPrpG6WnFnvtTZKByv5VI 'test(-1,3,' len=69 rcpt(130)
FMT0 persist at /var/zxid/bus/ch/default/LJ0ONVFNFSY52Wo5ZLnn0XPlLp8 'test(-1,2,' len=70 rcpt(131)
FMT0 persist at /var/zxid/bus/ch/default/tDILMuiFIY_gQJQHjCiznBco408 'test(-1,2,' len=70 rcpt(132)
FMT0 persist at /var/zxid/bus/ch/default/JzPDR32GqZDvDzEtqp8Ox4BuauI 'test(-1,2,' len=70 rcpt(133)
FMT0 persist at /var/zxid/bus/ch/default/TKSInGzGxYocnJLT8wjIq1_B2eY 'test(-1,2,' len=70 rcpt(134)
FMT0 persist at /var/zxid/bus/ch/default/5lG8-Fb1QSz1QLAxQIJoKKYjo4c 'test(-1,2,' len=70 rcpt(135)
FMT0 persist at /var/zxid/bus/ch/default/IUztj4yrrcuTWfAYPgGXlxbe72E 'test(-1,2,' len=70 rcpt(136)
FMT0 persist at /var/zxid/bus/ch/default/tH_hd0KwFz9_oyQkObJba5JldEk 'test(-1,2,' len=70 rcpt(137)
FMT0 persist at /var/zxid/bus/ch/default/TeOCZYknE_VRfPQ5rYQsRJ0udXE 'test(-1,2,' len=70 rcpt(138)
FMT0 persist at /var/zxid/bus/ch/default/HyI9hh_ic3Dzo_gjn0r4IgA9EAc 'test(-1,2,' len=70 rcpt(139)
FMT0 persist at /var/zxid/bus/ch/default/pKoAj0HSJ-otb2wga20FApap7RA 'test(-1,2,' len=70 rcpt(140)
FMT0 persist at /var/zxid/bus/ch/default/U7FwVPWz-gUykkPfFjL3Cap9V6k 'test(-1,2,' len=70 rcpt(141)
FMT0 persist at /var/zxid/bus/ch/default/j_JAPTNJOdiT6k2pu8PqzZcHS28 'test(-1,2,' len=69 rcpt(142)
FMT0 persist at /var/zxid/bus/ch/default/gUlmklNwMYCgiQpQ53zTOWwd8iM 'test(-1,2,' len=69 rcpt(143)
FMT0 persist at /var/zxid/bus/ch/default/Z-fNBt7-RaW6hudl3uL3AV3seEk 'test(-1,2,' len=69 rcpt(144)
FMT0 persist at /var/zxid/bus/ch/default/GaDtXIHhbXmhCZefDcTl0ENmF7c 'test(-1,2,' len=69 rcpt(145)
FMT0 persist at /var/zxid/bus/ch/default/f67BTAmkbwS0rpYKuKkavG7JQ8c 'test(-1,2,' len=69 rcpt(146)
FMT0 persist at /var/zxid/bus/ch/default/yv_Y_fQAcHsKTPSuXwtnJldLF3M 'test(-1,2,' len=69 rcpt(147)
FMT0 persist at /var/zxid/bus/ch/default/e-RY3C1goeG3tdNkH3JuSmBaKEA 'test(-1,2,' len=69 rcpt(148)
FMT0 persist at /var/zxid/bus/ch/default/6Anti7QELQuvIcYXMCLmq_otE8A 'test(-1,2,' len=69 rcpt(149)
FMT0 persist at /var/zxid/bus/ch/default/ADwG-nSuo0EU2ARyVtMrVjSScmw 'test(-1,2,' len=69 rcpt(150)
FMT0 persist at /var/zxid/bus/ch/default/TXrZjvouPGTlGmT3Rm23WnRra3A 'test(-1,1,' len=70 rcpt(151)
FMT0 persist at /var/zxid/bus/ch/default/kXagN9YuJgTWE5t8XPdu_bk1vy8 'test(-1,1,' len=70 rcpt(152)
FMT0 persist at /var/zxid/bus/ch/default/XtW8fRCIE5xLxTagpu02CVBJbqo 'test(-1,1,' len=70 rcpt(153)
FMT0 persist at /var/zxid/bus/ch/default/Ucywh7KgTNKJ2XFUhfob0X-A3DM 'test(-1,1,' len=70 rcpt(154)
FMT0 persist at /var/zxid/bus/ch/default/Tldo8IJqrAV-S_Av35HmeJAaKh0 'test(-1,1,' len=70 rcpt(155)
FMT0 persist at /var/zxid/bus/ch/default/56g7n4-NIEMSTEUcP-RD8C28OjM 'test(-1,1,' len=70 rcpt(156)
FMT0 persist at /var/zxid/bus/ch/default/Xm3QoLr5IIM38R34OrRZs6_BIoU 'test(-1,1,' len=70 rcpt(157)
FMT0 persist at /var/zxid/bus/ch/default/TgCKWz-rmxp6-oahH0xF05HmnbY 'test(-1,1,' len=70 rcpt(158)
FMT0 persist at /var/zxid/bus/ch/default/x5-nmGC9KfahSgRpSsCYmz8CYXY 'test(-1,1,' len=70 rcpt(159)
FMT0 persist at /var/zxid/bus/ch/default/knnWYPzRtjFsVZ-MfCFIA8BAsHI 'test(-1,1,' len=70 rcpt(160)
FMT0 persist at /var/zxid/bus/ch/default/USEG4KSrrUhubEc97OeA3c4ZVhs 'test(-1,1,' len=70 rcpt(161)
FMT0 persist at /var/zxid/bus/ch/default/sPEoI_IDjqM8FfRqKQ-q_nxAomU 'test(-1,1,' len=69 rcpt(162)
FMT0 persist at /var/zxid/bus/ch/default/I3WrUCwrqQxbD-rk8hTwAwZ0C8A 'test(-1,1,' len=69 rcpt(163)
FMT0 persist at /var/zxid/bus/ch/default/WFelgbz0IKQWeMtPQNdpo5s7sPo 'test(-1,1,' len=69 rcpt(164)
FMT0 persist at /var/zxid/bus/ch/default/-6bQgk95_CpGCZW-C8FWsug6peU 'test(-1,1,' len=69 rcpt(165)
FMT0 persist at /var/zxid/bus/ch/default/kVmawVPYCNIWjawIGPnWAGkNc7U 'test(-1,1,' len=69 rcpt(166)
FMT0 persist at /var/zxid/bus/ch/default/ia7JtmaCnNZnBAChGLXB7CyV6Ac 'test(-1,1,' len=69 rcpt(167)
FMT0 persist at /var/zxid/bus/ch/default/xRubu7yGnIuZZhewzX85_PY3Wko 'test(-1,1,' len=69 rcpt(168)
FMT0 persist at /var/zxid/bus/ch/default/C3P2tjghkUOQfwAqFeAEIGDsxhw 'test(-1,1,' len=69 rcpt(169)
FMT0 persist at /var/zxid/bus/ch/default/_c38ap0sjI_LiZ7UAYdSAzTyOps 'test(-1,1,' len=69 rcpt(170)
FMT0 persist at /var/zxid/bus/ch/default/bjZtT6SuxzOFHc1GLnoFdMdSbm0 'F' len=55 rcpt(0)
shf_0x846c550  // max_ios=11
-> io_0x846ca68
  io_0x846ca68 -> pdu_0xb75ad268 [label=cur_pdu]; // fd=0x4
  io_0x846ca68 -> null [label=reqs];
  io_0x846ca68 -> null [label=pending];
  io_0x846ca68 -> null [label=to_write_produce];
  io_0x846ca68 -> null [label=to_write_consume];  // n_to_write=0
  io_0x846ca68 -> null [label=in_write];
-> io_0x846cc68
  io_0x846cc68 -> pdu_0xb76f4968 [label=cur_pdu]; // fd=0x6
  io_0x846cc68 -> null [label=reqs];
  io_0x846cc68  // pending
    -> pdu_0xb77090d8  // (MESS)
    pdu_0xb77090d8 -> null [label=reals];
    pdu_0xb77090d8 -> null [label=synths];
    pdu_0xb77090d8 -> null [label=subresps];
    -> pdu_0xb76e27c0  // (MESS)
    pdu_0xb76e27c0 -> null [label=reals];
    pdu_0xb76e27c0 -> null [label=synths];
    pdu_0xb76e27c0 -> null [label=subresps];
    -> pdu_0xb76e1b28  // (MESS)
    pdu_0xb76e1b28 -> null [label=reals];
    pdu_0xb76e1b28 -> null [label=synths];
    pdu_0xb76e1b28 -> null [label=subresps];
    -> pdu_0xb76d51a8  // (MESS)
    pdu_0xb76d51a8 -> null [label=reals];
    pdu_0xb76d51a8 -> null [label=synths];
    pdu_0xb76d51a8 -> null [label=subresps];
    -> pdu_0xb76ff9b8  // (MESS)
    pdu_0xb76ff9b8 -> null [label=reals];
    pdu_0xb76ff9b8 -> null [label=synths];
    pdu_0xb76ff9b8 -> null [label=subresps];
    -> pdu_0xb76fed20  // (MESS)
    pdu_0xb76fed20 -> null [label=reals];
    pdu_0xb76fed20 -> null [label=synths];
    pdu_0xb76fed20 -> null [label=subresps];
    -> pdu_0xb76fc758  // (MESS)
    pdu_0xb76fc758 -> null [label=reals];
    pdu_0xb76fc758 -> null [label=synths];
    pdu_0xb76fc758 -> null [label=subresps];
    -> pdu_0xb76e0e90  // (MESS)
    pdu_0xb76e0e90 -> null [label=reals];
    pdu_0xb76e0e90 -> null [label=synths];
    pdu_0xb76e0e90 -> null [label=subresps];
    -> pdu_0xb76de8c8  // (MESS)
    pdu_0xb76de8c8 -> null [label=reals];
    pdu_0xb76de8c8 -> null [label=synths];
    pdu_0xb76de8c8 -> null [label=subresps];
    -> pdu_0xb76a9068  // (MESS)
    pdu_0xb76a9068 -> null [label=reals];
    pdu_0xb76a9068 -> null [label=synths];
    pdu_0xb76a9068 -> null [label=subresps];
    -> pdu_0xb76fae28  // (MESS)
    pdu_0xb76fae28 -> null [label=reals];
    pdu_0xb76fae28 -> null [label=synths];
    pdu_0xb76fae28 -> null [label=subresps];
    -> pdu_0xb7706b10  // (MESS)
    pdu_0xb7706b10 -> null [label=reals];
    pdu_0xb7706b10 -> null [label=synths];
    pdu_0xb7706b10 -> null [label=subresps];
    -> pdu_0xb76f8860  // (MESS)
    pdu_0xb76f8860 -> null [label=reals];
    pdu_0xb76f8860 -> null [label=synths];
    pdu_0xb76f8860 -> null [label=subresps];
    -> pdu_0xb76f6f30  // (MESS)
    pdu_0xb76f6f30 -> null [label=reals];
    pdu_0xb76f6f30 -> null [label=synths];
    pdu_0xb76f6f30 -> null [label=subresps];
    -> pdu_0xb76f5600  // (MESS)
    pdu_0xb76f5600 -> null [label=reals];
    pdu_0xb76f5600 -> null [label=synths];
    pdu_0xb76f5600 -> null [label=subresps];
    -> pdu_0xb76ea5b0  // (MESS)
    pdu_0xb76ea5b0 -> null [label=reals];
    pdu_0xb76ea5b0 -> null [label=synths];
    pdu_0xb76ea5b0 -> null [label=subresps];
    -> pdu_0xb76e9918  // (MESS)
    pdu_0xb76e9918 -> null [label=reals];
    pdu_0xb76e9918 -> null [label=synths];
    pdu_0xb76e9918 -> null [label=subresps];
    -> pdu_0xb769adb8  // (MESS)
    pdu_0xb769adb8 -> null [label=reals];
    pdu_0xb769adb8 -> null [label=synths];
    pdu_0xb769adb8 -> null [label=subresps];
    -> pdu_0xb76d2be0  // (MESS)
    pdu_0xb76d2be0 -> null [label=reals];
    pdu_0xb76d2be0 -> null [label=synths];
    pdu_0xb76d2be0 -> null [label=subresps];
    -> pdu_0xb76ba578  // (MESS)
    pdu_0xb76ba578 -> null [label=reals];
    pdu_0xb76ba578 -> null [label=synths];
    pdu_0xb76ba578 -> null [label=subresps];
    -> pdu_0xb76ef140  // (MESS)
    pdu_0xb76ef140 -> null [label=reals];
    pdu_0xb76ef140 -> null [label=synths];
    pdu_0xb76ef140 -> null [label=subresps];
    -> pdu_0xb77051e0  // (MESS)
    pdu_0xb77051e0 -> null [label=reals];
    pdu_0xb77051e0 -> null [label=synths];
    pdu_0xb77051e0 -> null [label=subresps];
    -> pdu_0xb76ecb78  // (MESS)
    pdu_0xb76ecb78 -> null [label=reals];
    pdu_0xb76ecb78 -> null [label=synths];
    pdu_0xb76ecb78 -> null [label=subresps];
    -> pdu_0xb76e3458  // (MESS)
    pdu_0xb76e3458 -> null [label=reals];
    pdu_0xb76e3458 -> null [label=synths];
    pdu_0xb76e3458 -> null [label=subresps];
    -> pdu_0xb76fe088  // (MESS)
    pdu_0xb76fe088 -> null [label=reals];
    pdu_0xb76fe088 -> null [label=synths];
    pdu_0xb76fe088 -> null [label=subresps];
    -> pdu_0xb75ee7b0  // (MESS)
    pdu_0xb75ee7b0 -> null [label=reals];
    pdu_0xb75ee7b0 -> null [label=synths];
    pdu_0xb75ee7b0 -> null [label=subresps];
    -> pdu_0xb76c3000  // (MESS)
    pdu_0xb76c3000 -> null [label=reals];
    pdu_0xb76c3000 -> null [label=synths];
    pdu_0xb76c3000 -> null [label=subresps];
  io_0x846cc68 -> null [label=to_write_produce];
  io_0x846cc68 -> null [label=to_write_consume];  // n_to_write=0
  io_0x846cc68 -> null [label=in_write];
-> io_0x846cf68
  io_0x846cf68 -> pdu_0xb7714128 [label=cur_pdu]; // fd=0x9
  io_0x846cf68  // reqs
    -> pdu_0xb77012e8  // (ZXCT)
    pdu_0xb77012e8 -> null [label=reals];
    pdu_0xb77012e8 -> null [label=synths];
    pdu_0xb77012e8 -> null [label=subresps];
[label=reqs];
  io_0x846cf68 -> null [label=pending];
[label=pending];
  io_0x846cf68 -> null [label=to_write_produce];
  io_0x846cf68 -> null [label=to_write_consume];  // n_to_write=0
  io_0x846cf68 -> null [label=in_write];
[label=ios];
shf_0x846c550 -> null [label=todo_consume];
shf_0x846c550   // free_pdus (color=4)
-> pdu_0xb7715a58
-> pdu_0xb77166f0
-> pdu_0xb7717388
-> pdu_0xb7718020
-> pdu_0xb7718cb8
-> pdu_0xb7719950
-> pdu_0xb771a5e8
-> pdu_0xb771b280
-> pdu_0xb771bf18
-> pdu_0xb771cbb0
-> pdu_0xb771d848
-> pdu_0xb771e4e0
-> pdu_0xb771f178
-> pdu_0xb771fe10
-> pdu_0xb7720aa8
-> pdu_0xb7721740
-> pdu_0xb77223d8
-> pdu_0xb7723070
-> pdu_0xb7723d08
-> pdu_0xb77249a0
-> pdu_0xb7725638
-> pdu_0xb77262d0
-> pdu_0xb7726f68
-> pdu_0xb7727c00
-> pdu_0xb7728898
-> pdu_0xb7729530
-> pdu_0xb772a1c8
-> pdu_0xb772ae60
-> pdu_0xb772baf8
-> pdu_0xb772c790
-> pdu_0xb772d428
-> pdu_0xb772e0c0
-> pdu_0xb772ed58
-> pdu_0xb772f9f0
-> pdu_0xb7730688
-> pdu_0xb7731320
-> pdu_0xb7731fb8
-> pdu_0xb7732c50
[label=free_pdus];
Data structure dump 69
----------------------
hit_0x1732358 [label="tid_1732b70"];
hit_0x1732358  // free_pdus
-> pdu_0xb76e4d88  // (CONN)
-> pdu_0xb76fa190  // (ACK
)
-> pdu_0xb76f3cd0  // (ACK
)
-> pdu_0xb76e40f0  // (ACK
)
[label=free_pdus];
Hit structure dump 4
======================
hit_0xbf85cd60 [label="tid_b7734960"];
hit_0xbf85cd60  // free_pdus
-> pdu_0xb7714dc0  // (RECE)
[label=free_pdus];
Hit structure dump 1
======================
