FMT0 persist at /var/zxid/bus/ch/default/cW58MOXLTPAh08n1Gchoo8_V2Rk 'test(2,10,' len=68 rcpt(0)
FMT0 persist at /var/zxid/bus/ch/default/GpybB_X0Qm4l6DB2-fTteUYQRHY 'test(1,10,' len=68 rcpt(0)
FMT0 persist at /var/zxid/bus/ch/default/rYMt0RJQKPO-ncOXXx2S02Tt0jU 'test(0,10,' len=68 rcpt(0)
FMT0 persist at /var/zxid/bus/ch/default/MBQAyvJL6e5AacNqR8ERlreQ788 'test(2,10,' len=68 rcpt(1)
FMT0 persist at /var/zxid/bus/ch/default/MC-3pOWKjl-ixdBFtNUMjNgk-AE 'test(1,10,' len=68 rcpt(1)
FMT0 persist at /var/zxid/bus/ch/default/9yO16P8-iK_vLT5EV43Pwu4JuLE 'test(0,10,' len=68 rcpt(1)
FMT0 persist at /var/zxid/bus/ch/default/9-mzkGHk-QG2QXghhBE7ZItnu8Y 'test(2,10,' len=68 rcpt(2)
FMT0 persist at /var/zxid/bus/ch/default/288uZ_vdEMv_lO_LFZvAs2rilP4 'test(1,10,' len=68 rcpt(2)
FMT0 persist at /var/zxid/bus/ch/default/psTI2tNzBtDYlCwCI-8r0Cw7TUw 'test(0,10,' len=68 rcpt(2)
FMT0 persist at /var/zxid/bus/ch/default/bsdiO7G8woPy8jx4Ggarclqr9fc 'test(2,10,' len=68 rcpt(3)
FMT0 persist at /var/zxid/bus/ch/default/gCMjnkcyRGudjdq0-XLnZM5MHv0 'test(1,10,' len=68 rcpt(3)
FMT0 persist at /var/zxid/bus/ch/default/tkhTUJn5DqjTay9wfCCtgj4WsfU 'test(0,10,' len=68 rcpt(3)
FMT0 persist at /var/zxid/bus/ch/default/DgobDoR7gWOIPKXl3ba_ln3C_Vw 'test(2,10,' len=68 rcpt(4)
FMT0 persist at /var/zxid/bus/ch/default/JYCrFEJmvnfBdJZ_Ws-SJ7UQAp4 'test(1,10,' len=68 rcpt(4)
FMT0 persist at /var/zxid/bus/ch/default/nAzkQJ6J6CHHWJBYO7GbgPStMk4 'test(0,10,' len=68 rcpt(4)
FMT0 persist at /var/zxid/bus/ch/default/IovspttRhr1jz-19JJErx5KYYy4 'test(2,10,' len=68 rcpt(5)
FMT0 persist at /var/zxid/bus/ch/default/BBZjMpKzBZjjzlsuboMaiS9GQlk 'test(1,10,' len=68 rcpt(5)
FMT0 persist at /var/zxid/bus/ch/default/ffzZKgCiy_piYGPX7Qx6HZyFiC4 'test(0,10,' len=68 rcpt(5)
FMT0 persist at /var/zxid/bus/ch/default/28cdzqUfCZkTNxfyQ11q6dr6VXs 'test(2,10,' len=68 rcpt(6)
FMT0 persist at /var/zxid/bus/ch/default/cnRlxNUrRMNzMEGIUavyxZITwwA 'test(1,10,' len=68 rcpt(6)
FMT0 persist at /var/zxid/bus/ch/default/NrI-Z78LlDr8J24qCcdC8E-9RQ8 'test(0,10,' len=68 rcpt(6)
FMT0 persist at /var/zxid/bus/ch/default/cTgSq0YXhCTIeZ5JhzcrCwDwYWc 'test(2,10,' len=68 rcpt(7)
FMT0 persist at /var/zxid/bus/ch/default/Vv0mJeGqfUo2zzHLynbV3lSI9Dc 'test(1,10,' len=68 rcpt(7)
FMT0 persist at /var/zxid/bus/ch/default/ZuzUWOLDVWLe1HDzMTU8TQb3GP4 'test(0,10,' len=68 rcpt(7)
FMT0 persist at /var/zxid/bus/ch/default/DtB59GfYeGO85Kl4CtKPzlvec7E 'test(2,10,' len=68 rcpt(8)
FMT0 persist at /var/zxid/bus/ch/default/cegY49XkylJ8p_J0894GAol3zD8 'test(1,10,' len=68 rcpt(8)
FMT0 persist at /var/zxid/bus/ch/default/B7qZlh73dmW6sqx0ZIGHOBmJLQs 'test(0,10,' len=68 rcpt(8)
FMT0 persist at /var/zxid/bus/ch/default/vCJWUqjMOkul3yy2fb92mbtvFVY 'test(2,10,' len=68 rcpt(9)
FMT0 persist at /var/zxid/bus/ch/default/PsKB2My_UPe6uOQjpdxyeuHgNWE 'test(1,10,' len=68 rcpt(9)
FMT0 persist at /var/zxid/bus/ch/default/mqXHkIc2gn9D9VkXTiBgSSdDoIY 'test(0,10,' len=68 rcpt(9)
FMT0 persist at /var/zxid/bus/ch/default/mFr681m3W5ikaPx9l63ZjRwKLdc 'test(2,10,' len=69 rcpt(10)
FMT0 persist at /var/zxid/bus/ch/default/Q4cyC-GwRX6tkAeRYVcb5n1vO00 'test(2,10,' len=68 rcpt(11)
FMT0 persist at /var/zxid/bus/ch/default/cR7yuQzBMF3cmq3c7qYXj6he8TA 'test(1,10,' len=69 rcpt(10)
FMT0 persist at /var/zxid/bus/ch/default/QxrxNmK2rvY9b_gUaHj5sVArGZ0 'test(0,10,' len=69 rcpt(10)
FMT0 persist at /var/zxid/bus/ch/default/Le6adotKWl-nQbV-mNM8BCLebjY 'test(2,10,' len=68 rcpt(12)
FMT0 persist at /var/zxid/bus/ch/default/gdnc1l90ciHNEPWWbdzVMwLi0ok 'test(1,10,' len=68 rcpt(11)
FMT0 persist at /var/zxid/bus/ch/default/3EZ-8AgfGYncrMsIkUEwZIlJK2o 'test(0,10,' len=68 rcpt(11)
FMT0 persist at /var/zxid/bus/ch/default/zwlB-VtGtZxth2xf0tpULDhQokA 'test(0,10,' len=68 rcpt(12)
FMT0 persist at /var/zxid/bus/ch/default/FSjLWYaIJTRabCgqzJHKSDOveUg 'test(2,10,' len=68 rcpt(13)
FMT0 persist at /var/zxid/bus/ch/default/bTu_uKB3I1DCBFQJK2oG7_CGipg 'test(1,10,' len=68 rcpt(12)
FMT0 persist at /var/zxid/bus/ch/default/QxIDHfy3r90CkjL2woAxfrMTuJ0 'test(0,10,' len=68 rcpt(13)
FMT0 persist at /var/zxid/bus/ch/default/NolZxU91UBzdjfLXF5phOuYs1Ko 'test(2,10,' len=68 rcpt(14)
FMT0 persist at /var/zxid/bus/ch/default/5nrZXjEqnI8grwHViNeQrt8GUQE 'test(1,10,' len=68 rcpt(13)
FMT0 persist at /var/zxid/bus/ch/default/blbj19OgbRDfjLCcIytnrW165-o 'test(0,10,' len=68 rcpt(14)
FMT0 persist at /var/zxid/bus/ch/default/D_llFTh4uUb93SUG89L2pwr8xec 'test(0,10,' len=68 rcpt(15)
FMT0 persist at /var/zxid/bus/ch/default/p1ZnCiaW_Y8CaYpvXJN18tmnkvo 'test(2,10,' len=68 rcpt(15)
FMT0 persist at /var/zxid/bus/ch/default/7P-1NVIaD8BEJDvr-gl-flYorJc 'test(1,10,' len=68 rcpt(14)
FMT0 persist at /var/zxid/bus/ch/default/-V6mVUivu5RrWc1f2EtzL3ZuDfc 'test(0,10,' len=68 rcpt(16)
FMT0 persist at /var/zxid/bus/ch/default/4rdWrCYDHZOjTnQ9IVQni7KJLh0 'test(2,10,' len=68 rcpt(16)
FMT0 persist at /var/zxid/bus/ch/default/RiolPpbt6QhMSV1ARvEnc8b1yHE 'test(1,10,' len=68 rcpt(15)
FMT0 persist at /var/zxid/bus/ch/default/uykdJOjg6e5bKIMGDtTsJYklFJ0 'test(0,10,' len=68 rcpt(17)
FMT0 persist at /var/zxid/bus/ch/default/eEKJOmEneDwvtt4x7__GxJbsrrE 'test(2,10,' len=68 rcpt(17)
FMT0 persist at /var/zxid/bus/ch/default/0lb_EYhlOGwkuybslaj-xqSETyY 'test(1,10,' len=68 rcpt(16)
FMT0 persist at /var/zxid/bus/ch/default/pqBMpS-Erx0eYmsaiW7wsZERE3k 'test(0,10,' len=68 rcpt(18)
FMT0 persist at /var/zxid/bus/ch/default/ir47BUvLVM_WFxDYOxb_P0Th8QE 'test(2,10,' len=68 rcpt(18)
FMT0 persist at /var/zxid/bus/ch/default/Av-VHdajr6gnP3WmUCYN6QKLEX4 'test(1,10,' len=68 rcpt(17)
FMT0 persist at /var/zxid/bus/ch/default/xS4gJLIFxw-LnkIpV-3OqLUfGBM 'test(0,10,' len=68 rcpt(19)
FMT0 persist at /var/zxid/bus/ch/default/0tam8lqxoOisFTGPvXJ17Mh97uk 'test(2,10,' len=68 rcpt(19)
FMT0 persist at /var/zxid/bus/ch/default/u8DEk3JLDIKHuiHh3Ghp1kgw-Eo 'test(1,10,' len=68 rcpt(18)
FMT0 persist at /var/zxid/bus/ch/default/U5MIze92F4DQFYhyjNR_G3jOKnA 'test(1,10,' len=68 rcpt(19)
FMT0 persist at /var/zxid/bus/ch/default/8AtHr4sw0MIJHNW8rIrz8L5ID5k 'test(0,9,2' len=68 rcpt(20)
FMT0 persist at /var/zxid/bus/ch/default/agNoEmpOrZqvcrsGQi_nPiWmRb4 'test(2,9,2' len=68 rcpt(20)
FMT0 persist at /var/zxid/bus/ch/default/LrkVYD_eYJQVoD9sn2FpUNqNUbY 'test(0,9,1' len=68 rcpt(21)
FMT0 persist at /var/zxid/bus/ch/default/Rbbk0uXCtDiSD35KK9t0ceF0bB8 'test(2,9,1' len=68 rcpt(21)
FMT0 persist at /var/zxid/bus/ch/default/47nKIHf2qCEhmaT8_8YRRHxR9sk 'test(1,9,2' len=68 rcpt(20)
FMT0 persist at /var/zxid/bus/ch/default/jEMvCvCDSEu43IISTBHJ4U-Td2w 'test(0,9,1' len=68 rcpt(22)
FMT0 persist at /var/zxid/bus/ch/default/MdiKDHzPtd7mi6qEV45wmgKjeN0 'test(2,9,1' len=68 rcpt(22)
FMT0 persist at /var/zxid/bus/ch/default/6ep13AtkBEAEB_MHYEDLs8fpgi0 'test(1,9,1' len=68 rcpt(21)
FMT0 persist at /var/zxid/bus/ch/default/ep9X2Io0Lol-SE7-Dn8aE18OlVM 'test(1,9,1' len=68 rcpt(22)
FMT0 persist at /var/zxid/bus/ch/default/SiXj-_HIh3p6tr9j36SyA1cpOLw 'test(0,9,1' len=68 rcpt(23)
FMT0 persist at /var/zxid/bus/ch/default/-_aBSnqjZzp1gFAadNACD3VzGuM 'test(0,9,1' len=68 rcpt(24)
FMT0 persist at /var/zxid/bus/ch/default/KlZrimwQMUcfaWN7Xn9fuUMBYSs 'test(0,9,1' len=68 rcpt(25)
FMT0 persist at /var/zxid/bus/ch/default/qtgQdkarjLCnxRT7sPXOQduqLIo 'test(0,9,1' len=68 rcpt(26)
FMT0 persist at /var/zxid/bus/ch/default/Z-8TiVR6iNxOhpl91jQtW1w0cdA 'test(0,9,1' len=68 rcpt(27)
FMT0 persist at /var/zxid/bus/ch/default/kFieqIQiYcWsT6cnLs5BZleXwPY 'test(0,9,1' len=68 rcpt(28)
FMT0 persist at /var/zxid/bus/ch/default/cquyAIt4KB6YdriLOSv95lBfol4 'test(0,9,1' len=68 rcpt(29)
FMT0 persist at /var/zxid/bus/ch/default/Tvb1RTQvEr8aaO3lQSAXeJ95uL4 'test(0,9,1' len=68 rcpt(30)
FMT0 persist at /var/zxid/bus/ch/default/-EgLeTpzjOnY4iQSgPSDBwNSKH8 'test(0,9,9' len=67 rcpt(31)
FMT0 persist at /var/zxid/bus/ch/default/Lali4IoR6hWoRexPSAYk7nPZAyI 'test(0,9,8' len=67 rcpt(32)
FMT0 persist at /var/zxid/bus/ch/default/n9ZQusiRas38T6-p1vy7QO1iizg 'test(0,9,7' len=67 rcpt(33)
FMT0 persist at /var/zxid/bus/ch/default/5-S1-s19S7hM3VLkFnW-_7QF90w 'test(0,9,6' len=67 rcpt(34)
FMT0 persist at /var/zxid/bus/ch/default/8Kc_-AOeGDbHi8yQXaHVS7D9Uog 'test(0,9,5' len=67 rcpt(35)
FMT0 persist at /var/zxid/bus/ch/default/qX_R9Hr4P9mhXN2HbK93PZ3G_yA 'test(0,9,4' len=67 rcpt(36)
FMT0 persist at /var/zxid/bus/ch/default/fglhWCAVzp5D7hRoCZiLaPCXEvw 'test(0,9,3' len=67 rcpt(37)
FMT0 persist at /var/zxid/bus/ch/default/k-h7lrItIRehGKaoKufr3tqkyXU 'test(0,9,2' len=67 rcpt(38)
FMT0 persist at /var/zxid/bus/ch/default/P2_je_7bk2AYCu3qhxSKcPu_dhk 'test(0,9,1' len=67 rcpt(39)
FMT0 persist at /var/zxid/bus/ch/default/Xf_xrgsbFXLAj5dmsDpP0o4k9ow 'test(2,9,1' len=68 rcpt(23)
FMT0 persist at /var/zxid/bus/ch/default/nePzxQE-2hXHzKFdNcvyNzwn0BU 'test(2,9,1' len=68 rcpt(24)
FMT0 persist at /var/zxid/bus/ch/default/aBudcHYaGgbrqRxLguLy52tdK8s 'test(2,9,1' len=68 rcpt(25)
FMT0 persist at /var/zxid/bus/ch/default/nKFbthCoZKbniP4FvFqKoa2RoSg 'test(2,9,1' len=68 rcpt(26)
FMT0 persist at /var/zxid/bus/ch/default/0pyn_ft7U9R2yNWL3Zqp9wlrU_E 'test(2,9,1' len=68 rcpt(27)
FMT0 persist at /var/zxid/bus/ch/default/exyedE3PQtuPzbiNlXWpnKbU-xo 'test(2,9,1' len=68 rcpt(28)
FMT0 persist at /var/zxid/bus/ch/default/oAbtpPpLPwzER0grpk1TiuowZYM 'test(2,9,1' len=68 rcpt(29)
FMT0 persist at /var/zxid/bus/ch/default/hYnwtYcJuEG9ZMWB7f6zoOy3tmI 'test(2,9,1' len=68 rcpt(30)
FMT0 persist at /var/zxid/bus/ch/default/0X1Nt7Pk87Y_aH_dKi7WM04NXdc 'test(2,9,9' len=67 rcpt(31)
FMT0 persist at /var/zxid/bus/ch/default/-qFSqjosDpgHalY51A-jirhy74Y 'test(2,9,8' len=67 rcpt(32)
FMT0 persist at /var/zxid/bus/ch/default/YWwBg5202DjWrxMtg1ggovx5z3c 'test(2,9,7' len=67 rcpt(33)
FMT0 persist at /var/zxid/bus/ch/default/sYO6dx8DVVDLYdmgc1zFcaK0jUg 'test(2,9,6' len=67 rcpt(34)
FMT0 persist at /var/zxid/bus/ch/default/WhJHoRJP7M_e-AvlWhkjAvJso1E 'test(2,9,5' len=67 rcpt(35)
FMT0 persist at /var/zxid/bus/ch/default/wnB4F_ss37Lh_6NAv73c_P6A0oY 'test(2,9,4' len=67 rcpt(36)
FMT0 persist at /var/zxid/bus/ch/default/p7KVBkFkLnSL6tS2PdpQKsv3zj4 'test(2,9,3' len=67 rcpt(37)
FMT0 persist at /var/zxid/bus/ch/default/aSzydraLxlwu3z9ZI55GbFq_n1g 'test(2,9,2' len=67 rcpt(38)
FMT0 persist at /var/zxid/bus/ch/default/F-Xb6ghzXlumZzx-e5WqHMd6OOQ 'test(2,9,1' len=67 rcpt(39)
FMT0 persist at /var/zxid/bus/ch/default/Jd84FUED_jufx8ojgV1S7Iv8UGo 'test(1,9,1' len=68 rcpt(23)
FMT0 persist at /var/zxid/bus/ch/default/cv5Qc5RpnbxVk9PWHQO5jde3z8Q 'test(1,9,1' len=68 rcpt(24)
FMT0 persist at /var/zxid/bus/ch/default/0k9f7Ycp-wdGx_qs0f3R3aPOGk0 'test(1,9,1' len=68 rcpt(25)
FMT0 persist at /var/zxid/bus/ch/default/wuVJnPU1qIqIx7N6-fr8GLP9RWU 'test(1,9,1' len=68 rcpt(26)
FMT0 persist at /var/zxid/bus/ch/default/n5prQpKQ6hynTOVGGiIrPMW7-hE 'test(1,9,1' len=68 rcpt(27)
FMT0 persist at /var/zxid/bus/ch/default/Qo6Yvau6s34mylDYlrxZGkeLbhA 'test(1,9,1' len=68 rcpt(28)
FMT0 persist at /var/zxid/bus/ch/default/3BAyYfN8VaWW1bHjM8c_6eqOfPI 'test(1,9,1' len=68 rcpt(29)
FMT0 persist at /var/zxid/bus/ch/default/ZP3fFqeTxYKhwm67K3bJboMcbxM 'test(1,9,1' len=68 rcpt(30)
FMT0 persist at /var/zxid/bus/ch/default/_5-AXsSEi5WnC4NJVSjCedC85Xc 'test(1,9,9' len=67 rcpt(31)
FMT0 persist at /var/zxid/bus/ch/default/KamylAQw1q6wbuXLxaW98IdsHmo 'test(1,9,8' len=67 rcpt(32)
FMT0 persist at /var/zxid/bus/ch/default/NcTqJq42q-j5ueqlNeOBIjNhdIU 'test(1,9,7' len=67 rcpt(33)
FMT0 persist at /var/zxid/bus/ch/default/hlTo1Xb0c6FxGudZgNk3FXh_kJE 'test(1,9,6' len=67 rcpt(34)
FMT0 persist at /var/zxid/bus/ch/default/lkUFV-Ok-qM8P8-uqjIM_4OaEN0 'test(2,8,2' len=68 rcpt(40)
FMT0 persist at /var/zxid/bus/ch/default/sbxzOi3cD6Q2prNYf_KKlqWPhqI 'test(0,8,1' len=68 rcpt(40)
FMT0 persist at /var/zxid/bus/ch/default/ZQRLDkToYiefn27iJIhjU9_gaaw 'test(1,9,5' len=67 rcpt(35)
FMT0 persist at /var/zxid/bus/ch/default/PEcysKWReieS8sUl11GUGoXW13U 'test(2,8,1' len=68 rcpt(41)
FMT0 persist at /var/zxid/bus/ch/default/CElKQuUIVBGtsvu9i2iOJEm-Nwo 'test(0,8,1' len=68 rcpt(41)
FMT0 persist at /var/zxid/bus/ch/default/qob8u4sqMY8C9IOUZTjLPt6cbt8 'test(1,9,4' len=67 rcpt(36)
FMT0 persist at /var/zxid/bus/ch/default/HyRlA39apvnN0RQS0Rms4OmBZWE 'test(2,8,1' len=68 rcpt(42)
FMT0 persist at /var/zxid/bus/ch/default/f6OT42sK2Wztouc3wqXojesGrNg 'test(0,8,1' len=68 rcpt(42)
FMT0 persist at /var/zxid/bus/ch/default/i8o0wCdX_5lztmnVCK5BBlQZLpw 'test(1,9,3' len=67 rcpt(37)
FMT0 persist at /var/zxid/bus/ch/default/lL6Afc0ePg1OkV2Q_HaR0OBoqZg 'test(2,8,1' len=68 rcpt(43)
FMT0 persist at /var/zxid/bus/ch/default/B9fIaH0K0u-zy0J9gu-o2uYrZYA 'test(0,8,1' len=68 rcpt(43)
FMT0 persist at /var/zxid/bus/ch/default/_kzSw1RCDdew6OaWSzz6PU63Mmk 'test(1,9,2' len=67 rcpt(38)
FMT0 persist at /var/zxid/bus/ch/default/VCXPbrNYlrhKll-Fd64O8tvJ1HA 'test(2,8,1' len=68 rcpt(44)
FMT0 persist at /var/zxid/bus/ch/default/SKguNCBBfsVXZL_Q8qpovUrti6k 'test(0,8,1' len=68 rcpt(44)
FMT0 persist at /var/zxid/bus/ch/default/ECJy9kRJLJvq7mBT2fkI8OQ3d_k 'test(1,9,1' len=67 rcpt(39)
FMT0 persist at /var/zxid/bus/ch/default/zEaBMnXzHW_nkOc6Opefu4f5ySk 'test(2,8,1' len=68 rcpt(45)
FMT0 persist at /var/zxid/bus/ch/default/E-8YylMJsTHw6xWh7onwiMeVuRk 'test(0,8,1' len=68 rcpt(45)
FMT0 persist at /var/zxid/bus/ch/default/dnj8a4wvIiewn7BlpS1FJDQwSAo 'test(2,8,1' len=68 rcpt(46)
FMT0 persist at /var/zxid/bus/ch/default/mhOYgFszSTA4MkaBT7cz69XOdlM 'test(0,8,1' len=68 rcpt(46)
FMT0 persist at /var/zxid/bus/ch/default/MwG1iZ6r9FJfsOrj8EHPuuKKbpQ 'test(2,8,1' len=68 rcpt(47)
FMT0 persist at /var/zxid/bus/ch/default/61NX3OJflM1SpLTYN-p0R3cMtTc 'test(0,8,1' len=68 rcpt(47)
FMT0 persist at /var/zxid/bus/ch/default/7TRDrHRSLyKM1djHkomcwSiWgXA 'test(2,8,1' len=68 rcpt(48)
FMT0 persist at /var/zxid/bus/ch/default/wiQ_nkHAPtOegKzune9KNaaF5Yc 'test(0,8,1' len=68 rcpt(48)
FMT0 persist at /var/zxid/bus/ch/default/oB1LGjk0j7stpaUzAFyeRw6L4V8 'test(1,8,2' len=68 rcpt(40)
FMT0 persist at /var/zxid/bus/ch/default/QAzwzhZ36JkM4ltoHaNqdV9RQX8 'test(2,8,1' len=68 rcpt(49)
FMT0 persist at /var/zxid/bus/ch/default/UBUNriBOWDB88coK94XFMfSt-HY 'test(0,8,1' len=68 rcpt(49)
FMT0 persist at /var/zxid/bus/ch/default/3lhIdDGUmLnlRZ92aGDBfiEU7Nk 'test(1,8,1' len=68 rcpt(41)
FMT0 persist at /var/zxid/bus/ch/default/xa4E18BxvgFiMckikhQs-Kq-sdo 'test(2,8,1' len=68 rcpt(50)
FMT0 persist at /var/zxid/bus/ch/default/KcwPBrGAp1BaSIwBHWmCOmO_qtU 'test(0,8,9' len=67 rcpt(50)
FMT0 persist at /var/zxid/bus/ch/default/X8oeDHQDYMCTPzV_oyhHVNnUp60 'test(1,8,1' len=68 rcpt(42)
FMT0 persist at /var/zxid/bus/ch/default/URJQKj2IlL1n5U_w5iJo6VOk7S4 'test(2,8,9' len=67 rcpt(51)
FMT0 persist at /var/zxid/bus/ch/default/heIMdJsU9mtBxP7zYxnwzzkIPK8 'test(0,8,8' len=67 rcpt(51)
FMT0 persist at /var/zxid/bus/ch/default/1uszBhNbOWJYpsc-djK3w60cs5U 'test(1,8,1' len=68 rcpt(43)
FMT0 persist at /var/zxid/bus/ch/default/bH0WUU5gLK_wSP-Vd5-U7Vupmv4 'test(2,8,8' len=67 rcpt(52)
FMT0 persist at /var/zxid/bus/ch/default/GfybD7uczv0wveR8OkfXg61bonU 'test(0,8,7' len=67 rcpt(52)
FMT0 persist at /var/zxid/bus/ch/default/6PXsRMqjOq4iERlzQOWdlFdhgpo 'test(1,8,1' len=68 rcpt(44)
FMT0 persist at /var/zxid/bus/ch/default/uvgtWpF0Sxw2AAB42O6oDpGaZnk 'test(2,8,7' len=67 rcpt(53)
FMT0 persist at /var/zxid/bus/ch/default/oc4V4PeFFtkJvxTXBrb1LOhECLc 'test(0,8,6' len=67 rcpt(53)
FMT0 persist at /var/zxid/bus/ch/default/G3HiPe1FNZrIDfYEvu6a0pih1KI 'test(1,8,1' len=68 rcpt(45)
FMT0 persist at /var/zxid/bus/ch/default/xC9XNH47qKa4xoOXkeX5MvqIdrM 'test(2,8,6' len=67 rcpt(54)
FMT0 persist at /var/zxid/bus/ch/default/GYX1PBECvvBqtQNMjRZdDFWjDXY 'test(0,8,5' len=67 rcpt(54)
FMT0 persist at /var/zxid/bus/ch/default/Lamb888CkBEf52ETZHjPzibxU-c 'test(1,8,1' len=68 rcpt(46)
FMT0 persist at /var/zxid/bus/ch/default/Xvcnuc3TF2IaIfwwXg_c5oVIQ_w 'test(2,8,5' len=67 rcpt(55)
FMT0 persist at /var/zxid/bus/ch/default/cbNxOcxhW45kcSzXGyrc2DfFGzo 'test(0,8,4' len=67 rcpt(55)
FMT0 persist at /var/zxid/bus/ch/default/yeKyFWfsL6ZgkykBqB8N6XtYvZw 'test(1,8,1' len=68 rcpt(47)
FMT0 persist at /var/zxid/bus/ch/default/isR5fMSa8taB8X9k9-23Mq6YYPA 'test(2,8,4' len=67 rcpt(56)
FMT0 persist at /var/zxid/bus/ch/default/bWAMeIH4Sh0w_VxEdwjJa5v9g0A 'test(0,8,3' len=67 rcpt(56)
FMT0 persist at /var/zxid/bus/ch/default/DFwKiBNft-hmOi9V0ngpWQEJcts 'test(1,8,1' len=68 rcpt(48)
FMT0 persist at /var/zxid/bus/ch/default/7Ry_rjTT8Fo85Lyc0OQ5Tu6uYew 'test(2,8,3' len=67 rcpt(57)
FMT0 persist at /var/zxid/bus/ch/default/wvTA7YOyRd8FJZ6Xt9sm6K0VKuc 'test(0,8,2' len=67 rcpt(57)
FMT0 persist at /var/zxid/bus/ch/default/S2mrK__TAKfx0F5zIS_AhK5gS4U 'test(1,8,1' len=68 rcpt(49)
FMT0 persist at /var/zxid/bus/ch/default/fqZjM-wBMJUr6mZKpL0k6sYvedU 'test(2,8,2' len=67 rcpt(58)
FMT0 persist at /var/zxid/bus/ch/default/W5iRQooBMqUmhQKyZXe200hnEuc 'test(0,8,1' len=67 rcpt(58)
FMT0 persist at /var/zxid/bus/ch/default/MHUSXJCKmUrepNUrYMfq7iBzWTU 'test(1,8,1' len=68 rcpt(50)
FMT0 persist at /var/zxid/bus/ch/default/OoRjnX3C020u_U6QrYoZRaAHYug 'test(2,8,1' len=67 rcpt(59)
FMT0 persist at /var/zxid/bus/ch/default/syfZJmhjwcGGdF5LKw5fJwhcLVs 'test(1,8,9' len=67 rcpt(51)
FMT0 persist at /var/zxid/bus/ch/default/v4KSYANDw190EgJkjt68SCGHGoE 'test(1,8,8' len=67 rcpt(52)
FMT0 persist at /var/zxid/bus/ch/default/EXW5Zi_7moNwPfnNdsBVJFieaG0 'test(1,8,7' len=67 rcpt(53)
FMT0 persist at /var/zxid/bus/ch/default/L4DdochXMUAerxu8gTpVclgaZDY 'test(0,7,2' len=68 rcpt(59)
FMT0 persist at /var/zxid/bus/ch/default/xPRLhqU2FF-_RkHOweo5Zs2jL_c 'test(2,7,2' len=68 rcpt(60)
FMT0 persist at /var/zxid/bus/ch/default/GyU0rrG2RLlCzlGaifVZTfq57tw 'test(1,8,6' len=67 rcpt(54)
FMT0 persist at /var/zxid/bus/ch/default/e2YyBGWIYVRup6AljadxTPFeaBE 'test(0,7,1' len=68 rcpt(60)
FMT0 persist at /var/zxid/bus/ch/default/q_LEYpLZqfQ4jSecLvYWr67kLe0 'test(2,7,1' len=68 rcpt(61)
FMT0 persist at /var/zxid/bus/ch/default/silhXjbeYmf8mHsuzSoZkT2ikOU 'test(1,8,5' len=67 rcpt(55)
FMT0 persist at /var/zxid/bus/ch/default/Kbe-VDpBB6CLQJ-W0tqDvYUgVL0 'test(0,7,1' len=68 rcpt(61)
FMT0 persist at /var/zxid/bus/ch/default/OwZcjcJXSBaZX2kACkfzLmfN2L8 'test(2,7,1' len=68 rcpt(62)
FMT0 persist at /var/zxid/bus/ch/default/2BCT2pC6pKK5V2Prv8ZwYG4ceyM 'test(1,8,4' len=67 rcpt(56)
FMT0 persist at /var/zxid/bus/ch/default/II-SoGua3eynZSeaPJrLVvloruE 'test(0,7,1' len=68 rcpt(62)
FMT0 persist at /var/zxid/bus/ch/default/DLOMwMTStxlwgiOlivQV1ke3SD4 'test(2,7,1' len=68 rcpt(63)
FMT0 persist at /var/zxid/bus/ch/default/ySOHjvntj3lo6cstCtnJOKxRrg0 'test(1,8,3' len=67 rcpt(57)
FMT0 persist at /var/zxid/bus/ch/default/G_NvJqwqrcqMxFl2nLpIl5gUydM 'test(0,7,1' len=68 rcpt(63)
FMT0 persist at /var/zxid/bus/ch/default/HVBrky2Zwec1SVxBMuCjwu8zwTw 'test(2,7,1' len=68 rcpt(64)
FMT0 persist at /var/zxid/bus/ch/default/JtTgTeQaSr7Wb-MqeTPHLlDe2eg 'test(1,8,2' len=67 rcpt(58)
FMT0 persist at /var/zxid/bus/ch/default/8EauGw2sSsHJ8hQCcLqscKMY_6c 'test(0,7,1' len=68 rcpt(64)
FMT0 persist at /var/zxid/bus/ch/default/RPnRO_Cx6myNHi6gNkigsxuWj6A 'test(2,7,1' len=68 rcpt(65)
FMT0 persist at /var/zxid/bus/ch/default/IphHY5Ra59-HcSFhG4zh-ehxNrM 'test(1,8,1' len=67 rcpt(59)
FMT0 persist at /var/zxid/bus/ch/default/oP4BWJ1jHD3mV2_CdJZf71K4FiA 'test(0,7,1' len=68 rcpt(65)
FMT0 persist at /var/zxid/bus/ch/default/phNIZU9BXw7C7YkJwIvfRnnbVgA 'test(2,7,1' len=68 rcpt(66)
FMT0 persist at /var/zxid/bus/ch/default/tnzU6kG-b7fDMpm-s379kNTH5R4 'test(0,7,1' len=68 rcpt(66)
FMT0 persist at /var/zxid/bus/ch/default/0ZTfSsBKSu7P8gJRayg_A4D2JFk 'test(2,7,1' len=68 rcpt(67)
FMT0 persist at /var/zxid/bus/ch/default/KkzkDzZPie6rmUeSpfZT6AgazVw 'test(0,7,1' len=68 rcpt(67)
FMT0 persist at /var/zxid/bus/ch/default/eOQyvllUsu2UdT-DQO6ZzytgA34 'test(0,7,1' len=68 rcpt(68)
FMT0 persist at /var/zxid/bus/ch/default/yKDotHyWsW2vs_Eqr-Btpt6y95Q 'test(0,7,1' len=68 rcpt(69)
FMT0 persist at /var/zxid/bus/ch/default/pG3rkjh1X9dneB0V9HOXJQ6zESY 'test(0,7,9' len=67 rcpt(70)
FMT0 persist at /var/zxid/bus/ch/default/8sXheqMOOtPOnDKGG9w8ryfxfsA 'test(1,7,2' len=68 rcpt(60)
FMT0 persist at /var/zxid/bus/ch/default/icMG4P8NcqrlrexFWiNumQcASuQ 'test(2,7,1' len=68 rcpt(68)
FMT0 persist at /var/zxid/bus/ch/default/HwVUVY4QwFDZVRbFcbLpKsx1VSU 'test(0,7,8' len=67 rcpt(71)
FMT0 persist at /var/zxid/bus/ch/default/A4bqj1GuU16CT-9-3ZnlRtsu2PI 'test(1,7,1' len=68 rcpt(61)
FMT0 persist at /var/zxid/bus/ch/default/-mytRGxIBqQ7uPTzbjGhLIYdD_0 'test(2,7,1' len=68 rcpt(69)
FMT0 persist at /var/zxid/bus/ch/default/kNfA1TB5WwIjBLRaleQMFKWrwoE 'test(0,7,7' len=67 rcpt(72)
FMT0 persist at /var/zxid/bus/ch/default/SQPFvN5wNEq7rNs8F2M3nJZn-Eo 'test(1,7,1' len=68 rcpt(62)
FMT0 persist at /var/zxid/bus/ch/default/qG5fxVadBR60seoRcmh4XZviCQ8 'test(1,7,1' len=68 rcpt(63)
FMT0 persist at /var/zxid/bus/ch/default/XtyjwqP-L3G3ixY12MYpheJV6EQ 'test(2,7,1' len=68 rcpt(70)
FMT0 persist at /var/zxid/bus/ch/default/lMVpuQtFGnNstNXToGOVMgVaASw 'test(0,7,6' len=67 rcpt(73)
FMT0 persist at /var/zxid/bus/ch/default/OiKhnq-hBj5zWjZh5Q2DkvGNO_g 'test(1,7,1' len=68 rcpt(64)
FMT0 persist at /var/zxid/bus/ch/default/85Ngl0fMVYzU_yJM19gcCB_uPR4 'test(2,7,9' len=67 rcpt(71)
FMT0 persist at /var/zxid/bus/ch/default/dmWAq8vc3yc7H3StJ2kjNorH0q4 'test(0,7,5' len=67 rcpt(74)
FMT0 persist at /var/zxid/bus/ch/default/8AM-VGP6h7vjmE9k1F8wgFLmTM8 'test(1,7,1' len=68 rcpt(65)
FMT0 persist at /var/zxid/bus/ch/default/qWoB41IeXBb_hMKfMK3M6L-hgZg 'test(2,7,8' len=67 rcpt(72)
FMT0 persist at /var/zxid/bus/ch/default/71IcB1RqfGI7mJvbENq-pv6tqlM 'test(0,7,4' len=67 rcpt(75)
FMT0 persist at /var/zxid/bus/ch/default/Jiqhrvc9yHqYqUC4u0ymMPJPOrI 'test(1,7,1' len=68 rcpt(66)
FMT0 persist at /var/zxid/bus/ch/default/GjfCRNTbXQVMTZWZO3yAAxjjzR0 'test(2,7,7' len=67 rcpt(73)
FMT0 persist at /var/zxid/bus/ch/default/9N9pGBkobXRKSOcoTW4b4-w8mlM 'test(0,7,3' len=67 rcpt(76)
FMT0 persist at /var/zxid/bus/ch/default/6hWzt-APhdNhy4-ZA62CutP_BCU 'test(1,7,1' len=68 rcpt(67)
FMT0 persist at /var/zxid/bus/ch/default/VGjSf2GsODHfYGhMGj90HsHRVFA 'test(2,7,6' len=67 rcpt(74)
FMT0 persist at /var/zxid/bus/ch/default/7WMud8c92lZW064rKUjg2kPKopU 'test(0,7,2' len=67 rcpt(77)
FMT0 persist at /var/zxid/bus/ch/default/ViyBMHBXCbewKkcUl654vuPujFs 'test(1,7,1' len=68 rcpt(68)
FMT0 persist at /var/zxid/bus/ch/default/N1ev0NGImzb0HBpiqZ2tkOL-0-s 'test(2,7,5' len=67 rcpt(75)
FMT0 persist at /var/zxid/bus/ch/default/uE3hIO-K9Pei9H_lc2yZaVlpkoI 'test(0,7,1' len=67 rcpt(78)
FMT0 persist at /var/zxid/bus/ch/default/6B51oYNWNW6j17bT7rJiLM641T8 'test(1,7,1' len=68 rcpt(69)
FMT0 persist at /var/zxid/bus/ch/default/JAbR4NDV7emw7Q5c0-64NHJyfxo 'test(2,7,4' len=67 rcpt(76)
FMT0 persist at /var/zxid/bus/ch/default/V2diTFj6awECQQL0yFueS5vbE_0 'test(1,7,1' len=68 rcpt(70)
FMT0 persist at /var/zxid/bus/ch/default/2A1jWz4Ish0XDTp3UsWqZucUpDM 'test(2,7,3' len=67 rcpt(77)
FMT0 persist at /var/zxid/bus/ch/default/IVfCxGVDek-5VGaFf-Pgypn1FjM 'test(1,7,9' len=67 rcpt(71)
FMT0 persist at /var/zxid/bus/ch/default/RPfh9BJFu3Sy3uqZyC0XQg-_I7Q 'test(2,7,2' len=67 rcpt(78)
FMT0 persist at /var/zxid/bus/ch/default/2pFfKG-umbVI_PNRYcne1cQ5JBY 'test(1,7,8' len=67 rcpt(72)
FMT0 persist at /var/zxid/bus/ch/default/yOwAamZxXzo7avTvbHfOAKvn85M 'test(2,7,1' len=67 rcpt(79)
FMT0 persist at /var/zxid/bus/ch/default/p0QEfLrI27YFmSn4QnlsVgwmdnE 'test(0,6,2' len=68 rcpt(79)
FMT0 persist at /var/zxid/bus/ch/default/4YWXARpvZ35Z0MAt5TikZKxMu6w 'test(1,7,7' len=67 rcpt(73)
FMT0 persist at /var/zxid/bus/ch/default/_iy2XayZJgToww91Ob8Vu0GbNpI 'test(0,6,1' len=68 rcpt(80)
FMT0 persist at /var/zxid/bus/ch/default/_ACCEYsQR69J5Mljuvz9c--fvS8 'test(1,7,6' len=67 rcpt(74)
FMT0 persist at /var/zxid/bus/ch/default/ks7T0O1MViZ3BYam_686kKo7CC0 'test(0,6,1' len=68 rcpt(81)
FMT0 persist at /var/zxid/bus/ch/default/oi-e1xxMNGF_WDp-elBvo2IoglY 'test(1,7,5' len=67 rcpt(75)
FMT0 persist at /var/zxid/bus/ch/default/HsEhZ4vIblWT3yoTjNBvo-5FpTw 'test(0,6,1' len=68 rcpt(82)
FMT0 persist at /var/zxid/bus/ch/default/ddKlmTYbP6B2VdwoMzWjYgbztg4 'test(1,7,4' len=67 rcpt(76)
FMT0 persist at /var/zxid/bus/ch/default/2bbhKn_qBJ0OMmkkmMoeaObZDv8 'test(2,6,2' len=68 rcpt(80)
FMT0 persist at /var/zxid/bus/ch/default/cQaRhw823-QrSB55I4v2WogVSWg 'test(0,6,1' len=68 rcpt(83)
FMT0 persist at /var/zxid/bus/ch/default/ZN1deU5-EZhQj6s12_WI3SzXwMo 'test(1,7,3' len=67 rcpt(77)
FMT0 persist at /var/zxid/bus/ch/default/MeZWVs3k6UddwXCE3y05E12wCm4 'test(2,6,1' len=68 rcpt(81)
FMT0 persist at /var/zxid/bus/ch/default/zjgXfhVJozo6g2H2mumdQyUzqYA 'test(0,6,1' len=68 rcpt(84)
FMT0 persist at /var/zxid/bus/ch/default/K5_EaqPomd7lco6huDWraxuG__Y 'test(1,7,2' len=67 rcpt(78)
FMT0 persist at /var/zxid/bus/ch/default/4PlC8_kyASOcD7zhLlzPyru0QUQ 'test(2,6,1' len=68 rcpt(82)
FMT0 persist at /var/zxid/bus/ch/default/FdMbS7qEYkhdmAZ6uhzSnpWIuMo 'test(0,6,1' len=68 rcpt(85)
FMT0 persist at /var/zxid/bus/ch/default/W9BTfTxrT6b-FiVlyCTVYuFOweo 'test(1,7,1' len=67 rcpt(79)
FMT0 persist at /var/zxid/bus/ch/default/aRbQtT-lIyAJ1yMfcBVuA4YJ5IU 'test(2,6,1' len=68 rcpt(83)
FMT0 persist at /var/zxid/bus/ch/default/uGXkLfFCWWmbk9kuUc1p5skBvGw 'test(0,6,1' len=68 rcpt(86)
FMT0 persist at /var/zxid/bus/ch/default/BtGrOdGPTpgFCl1IXKx4FxFXjTM 'test(2,6,1' len=68 rcpt(84)
FMT0 persist at /var/zxid/bus/ch/default/reYiBVPUma9tQTyp1HcVPxTipMk 'test(2,6,1' len=68 rcpt(85)
FMT0 persist at /var/zxid/bus/ch/default/izopuerHiHTkuJxrHhPsQg_SmVc 'test(2,6,1' len=68 rcpt(86)
FMT0 persist at /var/zxid/bus/ch/default/JwC4BkiGxEKAq4G8EHNaCSms5Rs 'test(2,6,1' len=68 rcpt(87)
FMT0 persist at /var/zxid/bus/ch/default/CYmd1PoR_lGdwSMaPjU13CJS5lA 'test(2,6,1' len=68 rcpt(88)
FMT0 persist at /var/zxid/bus/ch/default/L3djBRrPfvXTr34FovUkR7pK1jc 'test(2,6,1' len=68 rcpt(89)
FMT0 persist at /var/zxid/bus/ch/default/o6kD29yvah2Hfs8rSTVrc5VDot4 'test(2,6,1' len=68 rcpt(90)
FMT0 persist at /var/zxid/bus/ch/default/9zPOok3f5XGHtl76yhSm1dMfrHU 'test(2,6,9' len=67 rcpt(91)
FMT0 persist at /var/zxid/bus/ch/default/CkrRGFAvz0uD4oMRCs8g6xs74nI 'test(2,6,8' len=67 rcpt(92)
FMT0 persist at /var/zxid/bus/ch/default/RXWrkrK1dvRMhlZ9BtQtQUyNuvM 'test(2,6,7' len=67 rcpt(93)
FMT0 persist at /var/zxid/bus/ch/default/j_c1nRY175k8VFVMaYTZzIz3wkw 'test(2,6,6' len=67 rcpt(94)
FMT0 persist at /var/zxid/bus/ch/default/49KOsuly27KyBcAPZ8LnxayfMts 'test(2,6,5' len=67 rcpt(95)
FMT0 persist at /var/zxid/bus/ch/default/JJmVzJwgEDlRYu_5MwKCjLhqzY4 'test(2,6,4' len=67 rcpt(96)
FMT0 persist at /var/zxid/bus/ch/default/9gXcB6gMxVw43aGNYj3kQBOBDsk 'test(0,6,1' len=68 rcpt(87)
FMT0 persist at /var/zxid/bus/ch/default/WMuSDobei1TBi31-44k98Id880Q 'test(0,6,1' len=68 rcpt(88)
FMT0 persist at /var/zxid/bus/ch/default/FUYwg25Xx7bLFDdt7PLmRs436T0 'test(0,6,1' len=68 rcpt(89)
FMT0 persist at /var/zxid/bus/ch/default/65HWQOWF1ROVzl7iLuY5hdT2ZS0 'test(0,6,9' len=67 rcpt(90)
FMT0 persist at /var/zxid/bus/ch/default/Nn8F-9hv7MiTN7G1ykTVnH16XLs 'test(0,6,8' len=67 rcpt(91)
FMT0 persist at /var/zxid/bus/ch/default/7-jOnRT0ORUEB4QfyOiKdin7j1c 'test(0,6,7' len=67 rcpt(92)
FMT0 persist at /var/zxid/bus/ch/default/iZWqrxrw611A0grXgdiEv6WLpTM 'test(0,6,6' len=67 rcpt(93)
FMT0 persist at /var/zxid/bus/ch/default/Wzh7Rh2Ti4fTd1Jhkr29-z0SX0o 'test(0,6,5' len=67 rcpt(94)
FMT0 persist at /var/zxid/bus/ch/default/ZWsPAf-7IiXNcq_qubmYmVpOtSc 'test(0,6,4' len=67 rcpt(95)
FMT0 persist at /var/zxid/bus/ch/default/K5j6rkeJ6D1L5yNtNBczLDd9X3c 'test(0,6,3' len=67 rcpt(96)
FMT0 persist at /var/zxid/bus/ch/default/wShi8TNEu7KyLdAChyZkNuGdtlY 'test(0,6,2' len=67 rcpt(97)
FMT0 persist at /var/zxid/bus/ch/default/-vkZTD8-lsphqR8lOXqFOri28vc 'test(0,6,1' len=67 rcpt(98)
FMT0 persist at /var/zxid/bus/ch/default/YZZcEh_TO50venka5uqxRfVxKkM 'test(2,6,3' len=67 rcpt(97)
FMT0 persist at /var/zxid/bus/ch/default/hJEcwXeHN9QRdLbszqvMr3oDu1o 'test(2,6,2' len=67 rcpt(98)
FMT0 persist at /var/zxid/bus/ch/default/9jjqkzNyOOdsjGSYpCKbCr_k7hg 'test(1,6,2' len=68 rcpt(80)
FMT0 persist at /var/zxid/bus/ch/default/OM1zHQG-LtTml0-8TbbyK7ZQ77g 'test(0,5,2' len=68 rcpt(99)
FMT0 persist at /var/zxid/bus/ch/default/G_M79p6kuO7YriUbHlahYTKWqfQ 'test(2,6,1' len=67 rcpt(99)
FMT0 persist at /var/zxid/bus/ch/default/kyq0TZ2Deu5ftCON9TB-L7d6ync 'test(1,6,1' len=68 rcpt(81)
FMT0 persist at /var/zxid/bus/ch/default/HAmBLmLyAwUdPMd5PlZa4BfX1JI 'test(1,6,1' len=68 rcpt(82)
FMT0 persist at /var/zxid/bus/ch/default/07p3p96bSZdJb3ydsV_mrOuvA4A 'test(1,6,1' len=68 rcpt(83)
FMT0 persist at /var/zxid/bus/ch/default/ffbtnZAgev3gXuoQfKLffV2N7og 'test(1,6,1' len=68 rcpt(84)
FMT0 persist at /var/zxid/bus/ch/default/yyGHK3UJt_TB0Zl3DDF1Jpx90Ew 'test(1,6,1' len=68 rcpt(85)
FMT0 persist at /var/zxid/bus/ch/default/QQw_ueHylIXbggup79iYYSoUjQg 'test(1,6,1' len=68 rcpt(86)
FMT0 persist at /var/zxid/bus/ch/default/3pzSwIEpKETLfiIEF3dLn3zYYu8 'test(1,6,1' len=68 rcpt(87)
FMT0 persist at /var/zxid/bus/ch/default/zalcKe5wlEEFGb9b5VT8aEb9X2M 'test(1,6,1' len=68 rcpt(88)
FMT0 persist at /var/zxid/bus/ch/default/8OFKDAvFkcPsJgnqAA4q4lYFkqs 'test(1,6,1' len=68 rcpt(89)
FMT0 persist at /var/zxid/bus/ch/default/DY7x-eVXtj0U47uMRbloiX1PzhA 'test(1,6,1' len=68 rcpt(90)
FMT0 persist at /var/zxid/bus/ch/default/GZDJGgI432j74vR0FQ81hyrBFkM 'test(1,6,9' len=67 rcpt(91)
FMT0 persist at /var/zxid/bus/ch/default/r6r4VX6VXkJXK31J5YHM9E3WiU0 'test(0,5,1' len=69 rcpt(100)
FMT0 persist at /var/zxid/bus/ch/default/5kRB24_YZnB6p1UeOaLyYa30ht0 'test(1,6,8' len=67 rcpt(92)
FMT0 persist at /var/zxid/bus/ch/default/gQ3tBPpqVEZHN8rxUCaqsYWZTqU 'test(1,6,7' len=67 rcpt(93)
FMT0 persist at /var/zxid/bus/ch/default/7WHJ_KdLqyMm_YmKYflJaJ9rC1A 'test(1,6,6' len=67 rcpt(94)
FMT0 persist at /var/zxid/bus/ch/default/HnRYRkESvjkUe_1CZ8Clzgwu1ZM 'test(1,6,5' len=67 rcpt(95)
FMT0 persist at /var/zxid/bus/ch/default/KFn1ix3RtSyUC2xOn9zWmOE7QWk 'test(1,6,4' len=67 rcpt(96)
FMT0 persist at /var/zxid/bus/ch/default/zXXL_M6KSJx0f_ok14lBpJJyuTA 'test(1,6,3' len=67 rcpt(97)
FMT0 persist at /var/zxid/bus/ch/default/6FUfjdnApG_QNiqEBVzqEZtiy3A 'test(1,6,2' len=67 rcpt(98)
FMT0 persist at /var/zxid/bus/ch/default/hnw40sfZx1_Cbcqh2r5OSXE72Ts 'test(1,6,1' len=67 rcpt(99)
FMT0 persist at /var/zxid/bus/ch/default/6-bKg7Qk2wGgnOVk8SiPWPpkPGg 'test(0,5,1' len=69 rcpt(101)
FMT0 persist at /var/zxid/bus/ch/default/gApLxxef0Hat1Ik3F0w7oA8BAvM 'test(0,5,1' len=69 rcpt(102)
FMT0 persist at /var/zxid/bus/ch/default/87O73xZ_28bTAtsiZ1vVg0gBEMo 'test(0,5,1' len=69 rcpt(103)
FMT0 persist at /var/zxid/bus/ch/default/wWdzbIN6JI-UABkAWQL3WdWKyYI 'test(0,5,1' len=69 rcpt(104)
FMT0 persist at /var/zxid/bus/ch/default/OcpspS0WuX0DNHhftSaPkSdp3z4 'test(0,5,1' len=69 rcpt(105)
FMT0 persist at /var/zxid/bus/ch/default/mqrn3xvFG5A9Deun8EnbFaPT5vA 'test(0,5,1' len=69 rcpt(106)
FMT0 persist at /var/zxid/bus/ch/default/iBEiURV37101jRiBV2Vp-g8GFtg 'test(0,5,1' len=69 rcpt(107)
FMT0 persist at /var/zxid/bus/ch/default/-hyaniFEPLTkuJBf1yu95I2Kjos 'test(0,5,1' len=69 rcpt(108)
FMT0 persist at /var/zxid/bus/ch/default/lMDR2LPAMFV9yBOls0a5yx3CiLw 'test(0,5,1' len=69 rcpt(109)
FMT0 persist at /var/zxid/bus/ch/default/BS5dmYkn51vC1GgO3p52dCwvD7c 'test(0,5,9' len=68 rcpt(110)
FMT0 persist at /var/zxid/bus/ch/default/jnvmTrKQueWNs_h0WZtASdbIQWI 'test(0,5,8' len=68 rcpt(111)
FMT0 persist at /var/zxid/bus/ch/default/1CDJJmirY2G3ZT873bfxDm-v6QU 'test(0,5,7' len=68 rcpt(112)
FMT0 persist at /var/zxid/bus/ch/default/8KUd9nQVheG2fWEDzzAEbX6mGZg 'test(0,5,6' len=68 rcpt(113)
FMT0 persist at /var/zxid/bus/ch/default/7Fs6ZiCnlDzCPvfbdgiSiYWC73k 'test(0,5,5' len=68 rcpt(114)
FMT0 persist at /var/zxid/bus/ch/default/aNGgKljI88UL34SX3QBKqFsxIxU 'test(0,5,4' len=68 rcpt(115)
FMT0 persist at /var/zxid/bus/ch/default/F1-ADrXEzoXoiiAbz7zMlq0a5zQ 'test(0,5,3' len=68 rcpt(116)
FMT0 persist at /var/zxid/bus/ch/default/uHMjL8lc6t0nMKoSbk-zuAvP93o 'test(0,5,2' len=68 rcpt(117)
FMT0 persist at /var/zxid/bus/ch/default/b5lWUpbraSLREjMshVmVTgDqGB8 'test(0,5,1' len=68 rcpt(118)
FMT0 persist at /var/zxid/bus/ch/default/1W_d3LUPnXucZxGns3kH4mA_C9E 'test(2,5,2' len=69 rcpt(100)
FMT0 persist at /var/zxid/bus/ch/default/s3HpHPgGg-UEzdWBv17KBj3B7R4 'test(2,5,1' len=69 rcpt(101)
FMT0 persist at /var/zxid/bus/ch/default/odEPFALQB_6HRGfFJ5SwoifAVQ8 'test(2,5,1' len=69 rcpt(102)
FMT0 persist at /var/zxid/bus/ch/default/h_64X1bd4rAynmk4LwGjLzCPLvI 'test(2,5,1' len=69 rcpt(103)
FMT0 persist at /var/zxid/bus/ch/default/R76Q_UUBhz2oJ8RX-AudcWroBCc 'test(2,5,1' len=69 rcpt(104)
FMT0 persist at /var/zxid/bus/ch/default/7UIL3_wpvJoT1wwbY-ZHFe4quU8 'test(2,5,1' len=69 rcpt(105)
FMT0 persist at /var/zxid/bus/ch/default/JZbNpEtVvFIWPFs3tBNGis_XOFU 'test(2,5,1' len=69 rcpt(106)
FMT0 persist at /var/zxid/bus/ch/default/creS1w-0FzGcPcuoVisYSXVZSXg 'test(2,5,1' len=69 rcpt(107)
FMT0 persist at /var/zxid/bus/ch/default/0_rp5sEEHf49CteaVeXDG1BbcXc 'test(2,5,1' len=69 rcpt(108)
FMT0 persist at /var/zxid/bus/ch/default/0O8KehRJ-zJfpBq_tdh3zIFVwYM 'test(2,5,1' len=69 rcpt(109)
FMT0 persist at /var/zxid/bus/ch/default/5mi-u1Ncq9m3R1DBLlygN3b6Ses 'test(2,5,1' len=69 rcpt(110)
FMT0 persist at /var/zxid/bus/ch/default/jlLuff2OlvsflA_Xfy0-wjcg9n8 'test(2,5,9' len=68 rcpt(111)
FMT0 persist at /var/zxid/bus/ch/default/6Ipzg62NerWCKmvgPp4rjmcOs_4 'test(2,5,8' len=68 rcpt(112)
FMT0 persist at /var/zxid/bus/ch/default/5W8c_Zc89XTp2Abf7ADWa0EchYU 'test(2,5,7' len=68 rcpt(113)
FMT0 persist at /var/zxid/bus/ch/default/KMm-vsSzIherGfjeucInjA_3Cz4 'test(2,5,6' len=68 rcpt(114)
FMT0 persist at /var/zxid/bus/ch/default/HkV1K897lVt-8Iw3IGkWIVPjwgE 'test(2,5,5' len=68 rcpt(115)
FMT0 persist at /var/zxid/bus/ch/default/iNHMjZ_JcY_dbnSDMQnJk9QdjNY 'test(2,5,4' len=68 rcpt(116)
FMT0 persist at /var/zxid/bus/ch/default/IVs6hO-d2rb3-IsHst3dgtvs_zg 'test(2,5,3' len=68 rcpt(117)
FMT0 persist at /var/zxid/bus/ch/default/WSoZaDBoZD6xBeot_Hs5qPyBeOo 'test(2,5,2' len=68 rcpt(118)
FMT0 persist at /var/zxid/bus/ch/default/frnXq6I1DXHlaEzFx5QoCE9ReqA 'test(2,5,1' len=68 rcpt(119)
FMT0 persist at /var/zxid/bus/ch/default/Gscop_Nj6dUY0tgpJB66MjdwcoI 'test(1,5,2' len=69 rcpt(100)
FMT0 persist at /var/zxid/bus/ch/default/6HxHACdXWkkzQexB2OCW01zldJQ 'test(1,5,1' len=69 rcpt(101)
FMT0 persist at /var/zxid/bus/ch/default/_CumP9zw-Dgp84MES11oBY9ZQCM 'test(1,5,1' len=69 rcpt(102)
FMT0 persist at /var/zxid/bus/ch/default/fJzkgiPxvgfB4OHssvN3JdzymGI 'test(0,4,2' len=69 rcpt(119)
FMT0 persist at /var/zxid/bus/ch/default/XacjktjUw3WJPU6tZtGP8IBGdD4 'test(1,5,1' len=69 rcpt(103)
FMT0 persist at /var/zxid/bus/ch/default/Q3LhKjh2AKNNZ0MvaPA-objLwJ4 'test(1,5,1' len=69 rcpt(104)
FMT0 persist at /var/zxid/bus/ch/default/BS413F0owpXOPgnuHfy6B_yuoQU 'test(0,4,1' len=69 rcpt(120)
FMT0 persist at /var/zxid/bus/ch/default/GolM4HSdANOA2mx3bUl9sSz8gbM 'test(2,4,1' len=69 rcpt(120)
FMT0 persist at /var/zxid/bus/ch/default/JXLm60zd360O1uLdTtYaBcQ8L08 'test(1,5,1' len=69 rcpt(105)
FMT0 persist at /var/zxid/bus/ch/default/-gdAE1aM6Cg8w1pVTm-QhAlUmxM 'test(0,4,1' len=69 rcpt(121)
FMT0 persist at /var/zxid/bus/ch/default/1hu7h4I7wtv5hOVNJVjsjRSfe8A 'test(2,4,1' len=69 rcpt(121)
FMT0 persist at /var/zxid/bus/ch/default/i5ptOxShz-6J9iTEEHsm3IumKYE 'test(1,5,1' len=69 rcpt(106)
FMT0 persist at /var/zxid/bus/ch/default/wohaskmwwjyv4cEr16f9vfxjBNQ 'test(1,5,1' len=69 rcpt(107)
FMT0 persist at /var/zxid/bus/ch/default/7NP8DPQVZoX-pHrUHL9DHhFK7ZE 'test(0,4,1' len=69 rcpt(122)
FMT0 persist at /var/zxid/bus/ch/default/C44_rCe_SmwBJcM_3Rt4ADZdufw 'test(2,4,1' len=69 rcpt(122)
FMT0 persist at /var/zxid/bus/ch/default/8u21u7qlTZOgyZ6KI62qjI4IFEc 'test(1,5,1' len=69 rcpt(108)
FMT0 persist at /var/zxid/bus/ch/default/QlBAr1mTplKyQ-R3ahdH9dxxCEM 'test(0,4,1' len=69 rcpt(123)
FMT0 persist at /var/zxid/bus/ch/default/hvfeaMm0BIaa3f1A76DMMLAsPoY 'test(0,4,1' len=69 rcpt(124)
FMT0 persist at /var/zxid/bus/ch/default/GVswRiuC7_iXhIewGPLChsDpaCo 'test(0,4,1' len=69 rcpt(125)
FMT0 persist at /var/zxid/bus/ch/default/zXZA-NAxaZWGfrUtUaZPMIorfOI 'test(2,4,1' len=69 rcpt(123)
FMT0 persist at /var/zxid/bus/ch/default/3C-QIOuu5sejcpQomC9PwIXC1lA 'test(1,5,1' len=69 rcpt(109)
FMT0 persist at /var/zxid/bus/ch/default/Bj1UOP73K8yFYOFsEfrWRzfEf1s 'test(0,4,1' len=69 rcpt(126)
FMT0 persist at /var/zxid/bus/ch/default/ajwGyn5PIjAdf45JlLpQQ5WhN5Q 'test(2,4,1' len=69 rcpt(124)
FMT0 persist at /var/zxid/bus/ch/default/G3sSg4TG9J2LZBD-a1pHlreogPE 'test(1,5,1' len=69 rcpt(110)
FMT0 persist at /var/zxid/bus/ch/default/59EMrHejTVmd3gthLUSXwZNfYYs 'test(1,5,9' len=68 rcpt(111)
FMT0 persist at /var/zxid/bus/ch/default/MoFjFnV7GV8aLAUhiO95sUEBs7Y 'test(0,4,1' len=69 rcpt(127)
FMT0 persist at /var/zxid/bus/ch/default/gcf0dBatAxVZINFz9Om9dRu1cGE 'test(2,4,1' len=69 rcpt(125)
FMT0 persist at /var/zxid/bus/ch/default/SjCz6RQmSNnMk-dWfXE2wv911Fk 'test(1,5,8' len=68 rcpt(112)
FMT0 persist at /var/zxid/bus/ch/default/GhrjG5r14TSflXVBUPakEdLXzYU 'test(0,4,1' len=69 rcpt(128)
FMT0 persist at /var/zxid/bus/ch/default/urTy_keeo2AzOJVLv964LdBsD0A 'test(2,4,1' len=69 rcpt(126)
FMT0 persist at /var/zxid/bus/ch/default/Lx0h9xxcyE7_CA8Rqag7vuN53hU 'test(1,5,7' len=68 rcpt(113)
FMT0 persist at /var/zxid/bus/ch/default/pbC9FYj1jCLLUCoGlYQfHS9e8f4 'test(0,4,1' len=69 rcpt(129)
FMT0 persist at /var/zxid/bus/ch/default/18fc1Y6YEVjQKYVcBdzMo5fppFY 'test(2,4,1' len=69 rcpt(127)
FMT0 persist at /var/zxid/bus/ch/default/5rPc_fNR6m3ipvOHk2FBCVcu3_A 'test(1,5,6' len=68 rcpt(114)
FMT0 persist at /var/zxid/bus/ch/default/DL7p1py_68IUhjZBWeeDWJW-qPw 'test(0,4,9' len=68 rcpt(130)
FMT0 persist at /var/zxid/bus/ch/default/ZzCaoCMlkKY0B18TvIZ_3ugX4uM 'test(2,4,1' len=69 rcpt(128)
FMT0 persist at /var/zxid/bus/ch/default/sRdzbxfKlgx_NdigH-jDKYoLCQg 'test(2,4,1' len=69 rcpt(129)
FMT0 persist at /var/zxid/bus/ch/default/4AOtLonbI4mbFPaBMjgodgvvgn8 'test(2,4,9' len=68 rcpt(130)
FMT0 persist at /var/zxid/bus/ch/default/e-Y5zFPrA8kaBCXUYl33J4TJb1U 'test(2,4,8' len=68 rcpt(131)
FMT0 persist at /var/zxid/bus/ch/default/MkbuLdQucK28SMozaq31F-1Vcx4 'test(2,4,7' len=68 rcpt(132)
FMT0 persist at /var/zxid/bus/ch/default/n2API783KzSVRZW4rsp4ZElTj2k 'test(2,4,6' len=68 rcpt(133)
FMT0 persist at /var/zxid/bus/ch/default/5T_5a-l-d5E7lBWeyH3QulVTCtM 'test(2,4,5' len=68 rcpt(134)
FMT0 persist at /var/zxid/bus/ch/default/-1gZd391lGBR2GRXIpCfBNMWGQQ 'test(2,4,4' len=68 rcpt(135)
FMT0 persist at /var/zxid/bus/ch/default/rt2IjU6qPS2JGKL8Kmh7YfE-GUA 'test(2,4,3' len=68 rcpt(136)
FMT0 persist at /var/zxid/bus/ch/default/uvqEerb611tY-hiHpVIuC5NBgJ4 'test(2,4,2' len=68 rcpt(137)
FMT0 persist at /var/zxid/bus/ch/default/YcruifyvQ6BCtf8xED4HK1tvutE 'test(2,4,1' len=68 rcpt(138)
FMT0 persist at /var/zxid/bus/ch/default/IMlxPsyOGWbyUzzyu3IpWi-eMbM 'test(1,5,5' len=68 rcpt(115)
FMT0 persist at /var/zxid/bus/ch/default/oh-0F72ul3OSFdGQLGS9Qoo9tNQ 'test(1,5,4' len=68 rcpt(116)
FMT0 persist at /var/zxid/bus/ch/default/L8HYEbG2BFZ0IZEaUU3pL_X5JJk 'test(1,5,3' len=68 rcpt(117)
FMT0 persist at /var/zxid/bus/ch/default/qJvPPRQedrJysWlqNErIy4rMzEA 'test(1,5,2' len=68 rcpt(118)
FMT0 persist at /var/zxid/bus/ch/default/hIorsQV2EeTJSRAYbvhnZdGExUE 'test(0,4,8' len=68 rcpt(131)
FMT0 persist at /var/zxid/bus/ch/default/Xctr62RoetpvuMLjHbgmdtfAOUE 'test(1,5,1' len=68 rcpt(119)
FMT0 persist at /var/zxid/bus/ch/default/VWIntPLJVLxFPJfFsIQpGFlslVs 'test(0,4,7' len=68 rcpt(132)
FMT0 persist at /var/zxid/bus/ch/default/U6poiQzNxvtvWRWgAc1wuUSDmps 'test(0,4,6' len=68 rcpt(133)
FMT0 persist at /var/zxid/bus/ch/default/jppKB7pr1bzxGjpf12jHLcNcBhA 'test(2,3,2' len=69 rcpt(139)
FMT0 persist at /var/zxid/bus/ch/default/Gw7mPFWIVBw4-XoRxo6ZgT1MPQ4 'test(0,4,5' len=68 rcpt(134)
FMT0 persist at /var/zxid/bus/ch/default/V4I3A6xJQePGKCyInaHA9dH-0gI 'test(2,3,1' len=69 rcpt(140)
FMT0 persist at /var/zxid/bus/ch/default/eVGcuoDxHIBYsm2-eTKN1GKyX5c 'test(0,4,4' len=68 rcpt(135)
FMT0 persist at /var/zxid/bus/ch/default/hst2NTPRtJB6ks2lalGLr4Dollg 'test(1,4,2' len=69 rcpt(120)
FMT0 persist at /var/zxid/bus/ch/default/jvBcjnsBaJxgdYBaBH54DT4B9SQ 'test(2,3,1' len=69 rcpt(141)
FMT0 persist at /var/zxid/bus/ch/default/xDuMzmBS-goL_50bw30LXntkB8w 'test(0,4,3' len=68 rcpt(136)
FMT0 persist at /var/zxid/bus/ch/default/lM-DUOLmglH3iVAbAEV5IuNgLm0 'test(1,4,1' len=69 rcpt(121)
FMT0 persist at /var/zxid/bus/ch/default/l9ikZM8yvp49feppmrEt5U1eb1k 'test(2,3,1' len=69 rcpt(142)
FMT0 persist at /var/zxid/bus/ch/default/CzaN-z0_mwyhpYdjhAe134nVwvw 'test(0,4,2' len=68 rcpt(137)
FMT0 persist at /var/zxid/bus/ch/default/XpfRiWWIm-kvTS--CyPX3PRxd8I 'test(1,4,1' len=69 rcpt(122)
FMT0 persist at /var/zxid/bus/ch/default/O2C-Cu-gRHJtsGg_T_gvE0nlQBM 'test(1,4,1' len=69 rcpt(123)
FMT0 persist at /var/zxid/bus/ch/default/MzGP9vITzJqVwV23gyNamdRyIzw 'test(2,3,1' len=69 rcpt(143)
FMT0 persist at /var/zxid/bus/ch/default/5Mzi2GE_yjV2Iwt_ahzbL1oEYb0 'test(0,4,1' len=68 rcpt(138)
FMT0 persist at /var/zxid/bus/ch/default/oAoR2hU_jNI6aF9F5CPkKxihBSg 'test(1,4,1' len=69 rcpt(124)
FMT0 persist at /var/zxid/bus/ch/default/bSNYPWqSb_rLym40qR4IO0xQrTQ 'test(2,3,1' len=69 rcpt(144)
FMT0 persist at /var/zxid/bus/ch/default/SFCAGzaDbF_xgXlt8_hWc2m0LQc 'test(1,4,1' len=69 rcpt(125)
FMT0 persist at /var/zxid/bus/ch/default/V63ikNDQCR3ylqCciNq0jrdF0Gw 'test(2,3,1' len=69 rcpt(145)
FMT0 persist at /var/zxid/bus/ch/default/Ocz9yiCgAoGWhghXQaNoPnAuuuI 'test(1,4,1' len=69 rcpt(126)
FMT0 persist at /var/zxid/bus/ch/default/MIVF_hMwhIgWCyEVuuIdKKr2xuo 'test(2,3,1' len=69 rcpt(146)
FMT0 persist at /var/zxid/bus/ch/default/Rvb6h5oSX6agiZcogBtbAsd1n-M 'test(1,4,1' len=69 rcpt(127)
FMT0 persist at /var/zxid/bus/ch/default/s7MPM6pRTjiDfXUruobcqorZFTc 'test(2,3,1' len=69 rcpt(147)
FMT0 persist at /var/zxid/bus/ch/default/Ro2xH2LkZxo-60t6QfOQZ6tVbTw 'test(0,3,2' len=69 rcpt(139)
FMT0 persist at /var/zxid/bus/ch/default/lghUfm2oVCKfzUqgnKPifCA_VPA 'test(1,4,1' len=69 rcpt(128)
FMT0 persist at /var/zxid/bus/ch/default/HPt-ZGqshOmAMmt4Oyboo59cGXU 'test(2,3,1' len=69 rcpt(148)
FMT0 persist at /var/zxid/bus/ch/default/P-jBk0ki-pFVDx5PTnv82x83PLs 'test(0,3,1' len=69 rcpt(140)
FMT0 persist at /var/zxid/bus/ch/default/PWPJAsyeKjtgmNx0N0282BAxf78 'test(1,4,1' len=69 rcpt(129)
FMT0 persist at /var/zxid/bus/ch/default/NB_iNtvPF5xveqaQrVaQoHLPxXU 'test(2,3,1' len=69 rcpt(149)
FMT0 persist at /var/zxid/bus/ch/default/ntu8oWNJggv2OgeRTIhcUhpvoiI 'test(0,3,1' len=69 rcpt(141)
FMT0 persist at /var/zxid/bus/ch/default/0bwY34lfu8gC-JYBp95Sve6J-1k 'test(1,4,1' len=69 rcpt(130)
FMT0 persist at /var/zxid/bus/ch/default/NUcO7ki8TAEXPBcoxMVFcpt9bGU 'test(2,3,9' len=68 rcpt(150)
FMT0 persist at /var/zxid/bus/ch/default/CPYfHWCTlAZ2xXwjTZR1E4tZsNE 'test(0,3,1' len=69 rcpt(142)
FMT0 persist at /var/zxid/bus/ch/default/Kndrkb3S6FrPMJl0izughpEpTOg 'test(1,4,9' len=68 rcpt(131)
FMT0 persist at /var/zxid/bus/ch/default/8tK0fYUtR4o7AzxZ0fFeNsXobKY 'test(2,3,8' len=68 rcpt(151)
FMT0 persist at /var/zxid/bus/ch/default/bSd3IDT7u88Cvoo1jZ10Ni3ezew 'test(0,3,1' len=69 rcpt(143)
FMT0 persist at /var/zxid/bus/ch/default/Qhp_Of0GOpOF8vpP2Aj9gEyXIW0 'test(1,4,8' len=68 rcpt(132)
FMT0 persist at /var/zxid/bus/ch/default/EdeOxC6R05d5DwQwCHVsScpi0r0 'test(2,3,7' len=68 rcpt(152)
FMT0 persist at /var/zxid/bus/ch/default/QQquQAuGY-7fEKgfNGkC6xAiwIg 'test(2,3,6' len=68 rcpt(153)
FMT0 persist at /var/zxid/bus/ch/default/eesgcOvAxrlynr6-fxBoFa3GUKY 'test(0,3,1' len=69 rcpt(144)
FMT0 persist at /var/zxid/bus/ch/default/OpksMa2YWAyTMifeXbMdhKTKLVk 'test(1,4,7' len=68 rcpt(133)
FMT0 persist at /var/zxid/bus/ch/default/iAgNlQITZ87zJNRoa7l6al1X4l0 'test(2,3,5' len=68 rcpt(154)
FMT0 persist at /var/zxid/bus/ch/default/5J_roIZRKAxccFqtg5QQbSCY-1o 'test(0,3,1' len=69 rcpt(145)
FMT0 persist at /var/zxid/bus/ch/default/g2QLJ9UumHnOfrV3cXJiOZ6slSg 'test(1,4,6' len=68 rcpt(134)
FMT0 persist at /var/zxid/bus/ch/default/eVL5LcS1waKRsDJk2sGHlx3da-Y 'test(2,3,4' len=68 rcpt(155)
FMT0 persist at /var/zxid/bus/ch/default/DajlJoeAOEzkVcBaVGJdJG5C0As 'test(0,3,1' len=69 rcpt(146)
FMT0 persist at /var/zxid/bus/ch/default/9NICAKD_fDO1Y8COqIus3RRlU2s 'test(1,4,5' len=68 rcpt(135)
FMT0 persist at /var/zxid/bus/ch/default/cK42Nnv3T7CNPHT4vxRMbyh2GYc 'test(2,3,3' len=68 rcpt(156)
FMT0 persist at /var/zxid/bus/ch/default/peSWQS_gkcaovQ7bqnNZ3kziDlc 'test(0,3,1' len=69 rcpt(147)
FMT0 persist at /var/zxid/bus/ch/default/3y8yXdgvTBGKZa97NDes0X7CMB8 'test(1,4,4' len=68 rcpt(136)
FMT0 persist at /var/zxid/bus/ch/default/EcroLM0xORxmWKAUH6FkzfufNSk 'test(1,4,3' len=68 rcpt(137)
FMT0 persist at /var/zxid/bus/ch/default/ZbnpxaZ-7v0FPHVYjTqEqdEJk0c 'test(2,3,2' len=68 rcpt(157)
FMT0 persist at /var/zxid/bus/ch/default/C6I33DNYUOiYsw-kfKsDc7xdaLo 'test(0,3,1' len=69 rcpt(148)
FMT0 persist at /var/zxid/bus/ch/default/efOmTYiDsjS3FU487jnzOoDqhqc 'test(1,4,2' len=68 rcpt(138)
FMT0 persist at /var/zxid/bus/ch/default/Zq9ci5ifNfXkh5jisAHsPLxKCog 'test(2,3,1' len=68 rcpt(158)
FMT0 persist at /var/zxid/bus/ch/default/7y9_Hb-guI4cnzN4AGdnSSkdkTw 'test(0,3,1' len=69 rcpt(149)
FMT0 persist at /var/zxid/bus/ch/default/ne-0vFIvYYKKBljSqtL73fkI9Nw 'test(1,4,1' len=68 rcpt(139)
FMT0 persist at /var/zxid/bus/ch/default/E5uf0gSn0S1IZs3HcPK3IlM3nok 'test(0,3,9' len=68 rcpt(150)
FMT0 persist at /var/zxid/bus/ch/default/3FNB4zqbFZUWzmnzkG7B1Tjbdwc 'test(0,3,8' len=68 rcpt(151)
FMT0 persist at /var/zxid/bus/ch/default/x5yO0eWJzMgh0dYkLSXpbEirFBk 'test(0,3,7' len=68 rcpt(152)
FMT0 persist at /var/zxid/bus/ch/default/Sn0McZLjFBvxWP9kfWXqrHecAR8 'test(2,2,2' len=69 rcpt(159)
FMT0 persist at /var/zxid/bus/ch/default/qZl-WhGojrYuYaIYZa1TkjClbPk 'test(1,3,2' len=69 rcpt(140)
FMT0 persist at /var/zxid/bus/ch/default/PRUJZa9qDjzgSsnUcEPcpuOcu8M 'test(0,3,6' len=68 rcpt(153)
FMT0 persist at /var/zxid/bus/ch/default/8dbHqPQz6CJ10N1FZ2UOys2lc9o 'test(2,2,1' len=69 rcpt(160)
FMT0 persist at /var/zxid/bus/ch/default/BNGf-NA3rUTF7sAQG1Yst_MqMlk 'test(1,3,1' len=69 rcpt(141)
FMT0 persist at /var/zxid/bus/ch/default/90byVNp9e4XLrsUzi0CKLSmd-C8 'test(0,3,5' len=68 rcpt(154)
FMT0 persist at /var/zxid/bus/ch/default/NERX7wfka_8aIVOeyeQq4TBSZq4 'test(2,2,1' len=69 rcpt(161)
FMT0 persist at /var/zxid/bus/ch/default/sRmSgtEVvQ4ds9IE82Gz2sQz1Ps 'test(1,3,1' len=69 rcpt(142)
FMT0 persist at /var/zxid/bus/ch/default/xO68vbHXoSvgQNziLLYcEknxRaI 'test(0,3,4' len=68 rcpt(155)
FMT0 persist at /var/zxid/bus/ch/default/wDZRXsqC81E-UKoGG0TzCHqGn_M 'test(2,2,1' len=69 rcpt(162)
FMT0 persist at /var/zxid/bus/ch/default/nH-U7zrNPYahRwBFx9K-rU1j8ek 'test(1,3,1' len=69 rcpt(143)
FMT0 persist at /var/zxid/bus/ch/default/xNhzjFVKKNoeiEb6YALE7nDoV9U 'test(0,3,3' len=68 rcpt(156)
FMT0 persist at /var/zxid/bus/ch/default/_iqqYPPE9bf3cpGX8PxpTPd69rg 'test(2,2,1' len=69 rcpt(163)
FMT0 persist at /var/zxid/bus/ch/default/P2pFpHIyNnO0zqzGk7jdV7wb2OY 'test(1,3,1' len=69 rcpt(144)
FMT0 persist at /var/zxid/bus/ch/default/IgvvczuzUxQYqT4NzZANjuKMhzI 'test(0,3,2' len=68 rcpt(157)
FMT0 persist at /var/zxid/bus/ch/default/t48xqm2Lj12E6FibnKDN74lYero 'test(2,2,1' len=69 rcpt(164)
FMT0 persist at /var/zxid/bus/ch/default/lJ0NqHIIyovlaOSQcvCHqcZ6l0o 'test(1,3,1' len=69 rcpt(145)
FMT0 persist at /var/zxid/bus/ch/default/JU18TNGN_EIQPrQqqdyAvmYi50Q 'test(0,3,1' len=68 rcpt(158)
FMT0 persist at /var/zxid/bus/ch/default/1ZQ1JnUBKfmvdFiCAn-txbG0fKI 'test(2,2,1' len=69 rcpt(165)
FMT0 persist at /var/zxid/bus/ch/default/E-kKA8X5NeOrkJRje64SrGeQkBI 'test(1,3,1' len=69 rcpt(146)
FMT0 persist at /var/zxid/bus/ch/default/fChM19LvaWJEmLTj3loF3ip-67M 'test(2,2,1' len=69 rcpt(166)
FMT0 persist at /var/zxid/bus/ch/default/ZRls3nHj46o6u1CZSJHT5aTbnhY 'test(1,3,1' len=69 rcpt(147)
FMT0 persist at /var/zxid/bus/ch/default/Lq9LZWPC-2uf_N3oBxfE4o5Z0WI 'test(2,2,1' len=69 rcpt(167)
FMT0 persist at /var/zxid/bus/ch/default/IAv4MpaSjU_awQM6mNb1URCG_xg 'test(1,3,1' len=69 rcpt(148)
FMT0 persist at /var/zxid/bus/ch/default/JRBOkJHu_23OiLig3u5wke4muYw 'test(2,2,1' len=69 rcpt(168)
FMT0 persist at /var/zxid/bus/ch/default/XupBCOKdVTis4ekAI177ENeOZFI 'test(0,2,2' len=69 rcpt(159)
FMT0 persist at /var/zxid/bus/ch/default/OrkYJIgxnqtdwDX3L7wBmF5pbNM 'test(1,3,1' len=69 rcpt(149)
FMT0 persist at /var/zxid/bus/ch/default/JlJhSAXCx2OxbLJ9MF6_Ds5Fg0g 'test(2,2,1' len=69 rcpt(169)
FMT0 persist at /var/zxid/bus/ch/default/ZX2Vnh_Nd20RhWcRLjCmva2yrgE 'test(2,2,9' len=68 rcpt(170)
FMT0 persist at /var/zxid/bus/ch/default/9sDXzf3brFmMwM9nVmyaZ7RnE5s 'test(0,2,1' len=69 rcpt(160)
FMT0 persist at /var/zxid/bus/ch/default/tr_nphmKkj0RrqCxI68XV0W74WQ 'test(1,3,1' len=69 rcpt(150)
FMT0 persist at /var/zxid/bus/ch/default/tyDoduHVPeEHqsk2NvPA1Ot3K8s 'test(2,2,8' len=68 rcpt(171)
FMT0 persist at /var/zxid/bus/ch/default/vLfENFz_xFAzRURu1e3tHcNviKY 'test(0,2,1' len=69 rcpt(161)
FMT0 persist at /var/zxid/bus/ch/default/RRwC-6fEWuj3GpA_MBt4JtdpkxU 'test(1,3,9' len=68 rcpt(151)
FMT0 persist at /var/zxid/bus/ch/default/BCFd-SGQzgqXjSqBZDiA6bNiK1Y 'test(2,2,7' len=68 rcpt(172)
FMT0 persist at /var/zxid/bus/ch/default/B1fEFInoeC01fkTY962jkeoDZDw 'test(0,2,1' len=69 rcpt(162)
FMT0 persist at /var/zxid/bus/ch/default/FH_uZ4o8nU1fu_Kk15AXVx5i5yE 'test(1,3,8' len=68 rcpt(152)
FMT0 persist at /var/zxid/bus/ch/default/L8ZNqK8YaB3asIn1EB3f5tszXts 'test(2,2,6' len=68 rcpt(173)
FMT0 persist at /var/zxid/bus/ch/default/sQROzKBff6ZZCHnAeS7Tus7PjsU 'test(0,2,1' len=69 rcpt(163)
FMT0 persist at /var/zxid/bus/ch/default/-7vBIRqN8t84l4TwYEnjSJNBRLw 'test(1,3,7' len=68 rcpt(153)
FMT0 persist at /var/zxid/bus/ch/default/OGD4r15chfM-OKwKJIWckGUuvNM 'test(2,2,5' len=68 rcpt(174)
FMT0 persist at /var/zxid/bus/ch/default/i-ogS8jPMzG3Dgi_OWAbk709Vm4 'test(0,2,1' len=69 rcpt(164)
FMT0 persist at /var/zxid/bus/ch/default/KtCqK8C8eun80nhiN-XIKNGXTJo 'test(1,3,6' len=68 rcpt(154)
FMT0 persist at /var/zxid/bus/ch/default/3taFQ-FTRIOySjc_7ynS1d_fAdM 'test(2,2,4' len=68 rcpt(175)
FMT0 persist at /var/zxid/bus/ch/default/P-vZ7DWdRE_xcKQgc7fcX2I32ok 'test(0,2,1' len=69 rcpt(165)
FMT0 persist at /var/zxid/bus/ch/default/mOhBwF_2rlGcl6NCXlqRyRmNPWE 'test(1,3,5' len=68 rcpt(155)
FMT0 persist at /var/zxid/bus/ch/default/iryhMG2PoHdnR2DNCRQEPeVTlrM 'test(2,2,3' len=68 rcpt(176)
FMT0 persist at /var/zxid/bus/ch/default/1DHvWM3DLLHqpFuFz_bOyDfattY 'test(0,2,1' len=69 rcpt(166)
FMT0 persist at /var/zxid/bus/ch/default/BPnEA56Hand7iGOJ8oqyMHdvzwc 'test(1,3,4' len=68 rcpt(156)
FMT0 persist at /var/zxid/bus/ch/default/0tGG6WvGHsQNjAho6T7Avk3Li_I 'test(2,2,2' len=68 rcpt(177)
FMT0 persist at /var/zxid/bus/ch/default/lrUHo5piYz1ELaGcveEsEM1rzsU 'test(0,2,1' len=69 rcpt(167)
FMT0 persist at /var/zxid/bus/ch/default/itOvstZcKUAZ4lrbByxqckmanSk 'test(1,3,3' len=68 rcpt(157)
FMT0 persist at /var/zxid/bus/ch/default/eAHI7340xG89yb6j5CmBKztIBkE 'test(2,2,1' len=68 rcpt(178)
FMT0 persist at /var/zxid/bus/ch/default/qLmY_WVI0qypYR6f2FX6CGz1X0Y 'test(0,2,1' len=69 rcpt(168)
FMT0 persist at /var/zxid/bus/ch/default/yDCKXnrslm-VAXgbFF7OpQdDxR4 'test(1,3,2' len=68 rcpt(158)
FMT0 persist at /var/zxid/bus/ch/default/gyk6q1fe5-Ylv3fi3GXF9EC1yWc 'test(0,2,1' len=69 rcpt(169)
FMT0 persist at /var/zxid/bus/ch/default/fDTcvhV2X1bVL7AIqHbVbgjgwB4 'test(1,3,1' len=68 rcpt(159)
FMT0 persist at /var/zxid/bus/ch/default/1mHPZlgSTLvkc2r5Tek0lMVLoFc 'test(0,2,9' len=68 rcpt(170)
FMT0 persist at /var/zxid/bus/ch/default/qnHvG7HmALNCCl9L7aCmZ4aIyBA 'test(0,2,8' len=68 rcpt(171)
FMT0 persist at /var/zxid/bus/ch/default/EnoJK4VywwVN6Yss1rKCreY1bYY 'test(2,1,2' len=69 rcpt(179)
FMT0 persist at /var/zxid/bus/ch/default/FIiZ-Ifh8tlQJFSsIMTBlrsBRzk 'test(0,2,7' len=68 rcpt(172)
FMT0 persist at /var/zxid/bus/ch/default/oJdE91HKqN0bsqyR74MeGNLr3lM 'test(2,1,1' len=69 rcpt(180)
FMT0 persist at /var/zxid/bus/ch/default/-zNG8-WQdSIQcDngbYE3kPZKh8o 'test(0,2,6' len=68 rcpt(173)
FMT0 persist at /var/zxid/bus/ch/default/vMnJ7e3keF0LfwZ-y_x0tWvPjI8 'test(1,2,2' len=69 rcpt(160)
FMT0 persist at /var/zxid/bus/ch/default/jxSCQcMiNN11Ci4DtJlVOBJx8vo 'test(2,1,1' len=69 rcpt(181)
FMT0 persist at /var/zxid/bus/ch/default/WkbHO8dNp2dBODBidL3dSeFY2bk 'test(0,2,5' len=68 rcpt(174)
FMT0 persist at /var/zxid/bus/ch/default/smxd_X5wA_HCHm7bdt5GsKnXzhI 'test(1,2,1' len=69 rcpt(161)
FMT0 persist at /var/zxid/bus/ch/default/E3h4V4B0OyuFg_qFb_pQ-ZlVODs 'test(2,1,1' len=69 rcpt(182)
FMT0 persist at /var/zxid/bus/ch/default/0lKd1tpZksRb5ZH2_SrBaKcEZ_U 'test(0,2,4' len=68 rcpt(175)
FMT0 persist at /var/zxid/bus/ch/default/p7WSHMgmLw2ptP8asOaivQzUBOM 'test(1,2,1' len=69 rcpt(162)
FMT0 persist at /var/zxid/bus/ch/default/8fh4xSwDya4dPkl2gFMAsA-0wwY 'test(2,1,1' len=69 rcpt(183)
FMT0 persist at /var/zxid/bus/ch/default/VFgHe2MHVwSSp-LB6qvPCrWjDJE 'test(0,2,3' len=68 rcpt(176)
FMT0 persist at /var/zxid/bus/ch/default/wN0S8YNLb4its9yphPtHxsF9TEQ 'test(1,2,1' len=69 rcpt(163)
FMT0 persist at /var/zxid/bus/ch/default/WJtpQ0b3hVqXnMwd5uQEORwlhX0 'test(2,1,1' len=69 rcpt(184)
FMT0 persist at /var/zxid/bus/ch/default/4HcxaycyG2cSULTmkS5si9n0TZM 'test(0,2,2' len=68 rcpt(177)
FMT0 persist at /var/zxid/bus/ch/default/C4aAM3IlnvkrG1T-0UJ-cogHSvE 'test(1,2,1' len=69 rcpt(164)
FMT0 persist at /var/zxid/bus/ch/default/x4uFm6_XqMih03yHSJbypuJ_mRw 'test(2,1,1' len=69 rcpt(185)
FMT0 persist at /var/zxid/bus/ch/default/5lqKwngeVVm4x9872j139sROExw 'test(0,2,1' len=68 rcpt(178)
FMT0 persist at /var/zxid/bus/ch/default/KNhkc426Lro9AdT2m7BK5nI92gk 'test(1,2,1' len=69 rcpt(165)
FMT0 persist at /var/zxid/bus/ch/default/FrsRCHv308ZIwQNzkE3-yUVWlzI 'test(2,1,1' len=69 rcpt(186)
FMT0 persist at /var/zxid/bus/ch/default/NK7HNOIgRWtSQ0kOUfAZxh0y6mU 'test(1,2,1' len=69 rcpt(166)
FMT0 persist at /var/zxid/bus/ch/default/zYyoyxbQkMus96iZ2O5hq_pQj_0 'test(2,1,1' len=69 rcpt(187)
FMT0 persist at /var/zxid/bus/ch/default/1w7Ipgq_gsaee1Vmj7Nb-wBC5Hk 'test(1,2,1' len=69 rcpt(167)
FMT0 persist at /var/zxid/bus/ch/default/7NKTo9nzt9OJvu_hyCINkt4nVWs 'test(2,1,1' len=69 rcpt(188)
FMT0 persist at /var/zxid/bus/ch/default/0u1AgOlxgsxwybs6RMi_pWFFGf0 'test(1,2,1' len=69 rcpt(168)
FMT0 persist at /var/zxid/bus/ch/default/86ANnxTujB8Az_y1-F_I1pb-kMU 'test(2,1,1' len=69 rcpt(189)
FMT0 persist at /var/zxid/bus/ch/default/5dcAwHU0ilBkiyYLk2yrGo8TtzI 'test(0,1,2' len=69 rcpt(179)
FMT0 persist at /var/zxid/bus/ch/default/0NAt6js-qBiErv_7hWrbccMzHpE 'test(1,2,1' len=69 rcpt(169)
FMT0 persist at /var/zxid/bus/ch/default/W-DB0oq7YZtqk1ZXVUo4zeCFpeA 'test(2,1,9' len=68 rcpt(190)
FMT0 persist at /var/zxid/bus/ch/default/nqNtkafCG2jwxqJ8InHXx7RNkqs 'test(0,1,1' len=69 rcpt(180)
FMT0 persist at /var/zxid/bus/ch/default/xdBf3W1-E9R0jUDj1D--BzpE85s 'test(1,2,1' len=69 rcpt(170)
FMT0 persist at /var/zxid/bus/ch/default/FZwLm4YUsbli4Gxkv3UdQ-T2QZQ 'test(2,1,8' len=68 rcpt(191)
FMT0 persist at /var/zxid/bus/ch/default/aJ17IuFiBt5KkhL3Egn0ujIau7I 'test(0,1,1' len=69 rcpt(181)
FMT0 persist at /var/zxid/bus/ch/default/HXHoNqoPCMzzptj2YYZ4reN6vMU 'test(1,2,9' len=68 rcpt(171)
FMT0 persist at /var/zxid/bus/ch/default/O_2KDrpcvSRLxjRx3Bgl71O2Sl4 'test(2,1,7' len=68 rcpt(192)
FMT0 persist at /var/zxid/bus/ch/default/S36RuzBJmtwk032qVj8VFjNT3kw 'test(0,1,1' len=69 rcpt(182)
FMT0 persist at /var/zxid/bus/ch/default/u2T4B37S7wAKzRfxg3BLaeODgmA 'test(1,2,8' len=68 rcpt(172)
FMT0 persist at /var/zxid/bus/ch/default/N8gAGbVe3O3IqiXOZYTYai94BWA 'test(2,1,6' len=68 rcpt(193)
FMT0 persist at /var/zxid/bus/ch/default/bf7EH25hDA-_FSWBohkSAb_6F1I 'test(0,1,1' len=69 rcpt(183)
FMT0 persist at /var/zxid/bus/ch/default/CZE0iAwaHId10bS7yDtr4YSFfko 'test(1,2,7' len=68 rcpt(173)
FMT0 persist at /var/zxid/bus/ch/default/4zDr7UZx1qi1AnSxp8vbmwpdhpQ 'test(2,1,5' len=68 rcpt(194)
FMT0 persist at /var/zxid/bus/ch/default/3ADA-3jVuaxV34KLHGYqZkgRzQY 'test(0,1,1' len=69 rcpt(184)
FMT0 persist at /var/zxid/bus/ch/default/Oeq26XTXSzbf-UkQRXLbXSue8JI 'test(1,2,6' len=68 rcpt(174)
FMT0 persist at /var/zxid/bus/ch/default/xQysrtgWNcLoLWb95Ow3pIMtDT4 'test(2,1,4' len=68 rcpt(195)
FMT0 persist at /var/zxid/bus/ch/default/qvHT0PqH_HQFHhjXwckn9iIffHQ 'test(0,1,1' len=69 rcpt(185)
FMT0 persist at /var/zxid/bus/ch/default/CHWACH38j0IZdNFpXvGmORlsoYA 'test(1,2,5' len=68 rcpt(175)
FMT0 persist at /var/zxid/bus/ch/default/Ph9MyLEqq8W89hFBmluwjXr00HA 'test(2,1,3' len=68 rcpt(196)
FMT0 persist at /var/zxid/bus/ch/default/9Cat6v3XSJtGCXAh3GSmj1ahRL8 'test(0,1,1' len=69 rcpt(186)
FMT0 persist at /var/zxid/bus/ch/default/g53s_WvwCESRTZbeu7TVbXGFpUY 'test(1,2,4' len=68 rcpt(176)
FMT0 persist at /var/zxid/bus/ch/default/os8rnlys4znBJF4p-ZcMlxDSKJo 'test(2,1,2' len=68 rcpt(197)
FMT0 persist at /var/zxid/bus/ch/default/g2kcWMgTTIPttd7Rgmvp5poJTYs 'test(0,1,1' len=69 rcpt(187)
FMT0 persist at /var/zxid/bus/ch/default/MZQ__amoknJzsoSm8Mxj_X55tX8 'test(1,2,3' len=68 rcpt(177)
FMT0 persist at /var/zxid/bus/ch/default/E1Hmu-jeg3cK6J_uH7XpETklIzw 'test(2,1,1' len=68 rcpt(198)
FMT0 persist at /var/zxid/bus/ch/default/IXIbbI94uOAso85Mr6HYG78iBl0 'test(0,1,1' len=69 rcpt(188)
FMT0 persist at /var/zxid/bus/ch/default/li85KTgWHaV0uZmdQZoDKfjaDMg 'test(1,2,2' len=68 rcpt(178)
FMT0 persist at /var/zxid/bus/ch/default/3Br0Bt4Cwqq9Qb0Tf1MFeHZKo3U 'test(0,1,1' len=69 rcpt(189)
FMT0 persist at /var/zxid/bus/ch/default/1SDWa4GGhDb5nOcmTgIlQ8XOAw8 'test(1,2,1' len=68 rcpt(179)
FMT0 persist at /var/zxid/bus/ch/default/pizOuLGp58QTkzKX2hMCXT4zyes 'test(0,1,9' len=68 rcpt(190)
FMT0 persist at /var/zxid/bus/ch/default/MgBhQS1JMRSGnpb1cSwhK3aU3Zg 'test(0,1,8' len=68 rcpt(191)
FMT0 persist at /var/zxid/bus/ch/default/M9-0Yd4TaGUpQ9sHtF8mWVxsB1I 'test(0,1,7' len=68 rcpt(192)
FMT0 persist at /var/zxid/bus/ch/default/MWgqWn8wMx0qsAaOfnpO0A3jWCs 'test(0,1,6' len=68 rcpt(193)
FMT0 persist at /var/zxid/bus/ch/default/M44RzL3fQjwi8JxLpnVi5aBCQ9s 'test(1,1,2' len=69 rcpt(180)
FMT0 persist at /var/zxid/bus/ch/default/0J08rTdOa8XduvL_V8l9oxXFpI8 'test(0,1,5' len=68 rcpt(194)
FMT0 persist at /var/zxid/bus/ch/default/dfY_KxN2Gd7oeAsNHtrBVV4a2JI 'test(1,1,1' len=69 rcpt(181)
FMT0 persist at /var/zxid/bus/ch/default/yEJVSQqzbnOL_nrrrgHa2AC5hNw 'test(0,1,4' len=68 rcpt(195)
FMT0 persist at /var/zxid/bus/ch/default/x4yJIZMyxtdKAB7Qjm5TvQKs89k 'test(1,1,1' len=69 rcpt(182)
FMT0 persist at /var/zxid/bus/ch/default/GksS1MmKb3NrqClCOBT7jE03E4I 'test(0,1,3' len=68 rcpt(196)
FMT0 persist at /var/zxid/bus/ch/default/hci4J4XPkksSs7irJc3pDh1DIt8 'test(1,1,1' len=69 rcpt(183)
FMT0 persist at /var/zxid/bus/ch/default/ehZTHvh-RjHXRPuhdFI0H9R1BOs 'test(0,1,2' len=68 rcpt(197)
FMT0 persist at /var/zxid/bus/ch/default/IqZXT5pUP6gDy1Nxmns9fyF6dmM 'test(1,1,1' len=69 rcpt(184)
FMT0 persist at /var/zxid/bus/ch/default/Sk8J6I_n8cRnMhcx-xDm0s7Q7qk 'test(0,1,1' len=68 rcpt(198)
FMT0 persist at /var/zxid/bus/ch/default/AkTAIYIZuskfBCk1i6E0z4bpsWc 'test(1,1,1' len=69 rcpt(185)
FMT0 persist at /var/zxid/bus/ch/default/Gfk38qzF7oedDFbv-WYEeOl2XJQ 'test(1,1,1' len=69 rcpt(186)
FMT0 persist at /var/zxid/bus/ch/default/pCrG0pJ5FkzSWx5AO83rnfq96G0 'test(1,1,1' len=69 rcpt(187)
FMT0 persist at /var/zxid/bus/ch/default/Vv36Siky27fOdclxwdtBnBRCWcg 'test(1,1,1' len=69 rcpt(188)
FMT0 persist at /var/zxid/bus/ch/default/vgFHM4GREBscR1W7O_LmyGf01eo 'test(1,1,1' len=69 rcpt(189)
FMT0 persist at /var/zxid/bus/ch/default/1IIp8PN9XAAutOGmh-nTN8gF1to 'test(1,1,1' len=69 rcpt(190)
FMT0 persist at /var/zxid/bus/ch/default/xufUGIZx4lAKmMy2vE9ykHY_hV0 'test(1,1,9' len=68 rcpt(191)
FMT0 persist at /var/zxid/bus/ch/default/XOuC99yODQq5ELAE0FGXoCv3vjQ 'test(1,1,8' len=68 rcpt(192)
FMT0 persist at /var/zxid/bus/ch/default/YA-YM6Ti1OHKsl0uF6EaN_qKhOI 'test(1,1,7' len=68 rcpt(193)
FMT0 persist at /var/zxid/bus/ch/default/i36rogxdDVgi178NOVnyhYwoHsU 'test(1,1,6' len=68 rcpt(194)
FMT0 persist at /var/zxid/bus/ch/default/y0uHPyzk6PCViWB08u4PizuPnd0 'test(1,1,5' len=68 rcpt(195)
FMT0 persist at /var/zxid/bus/ch/default/x_BNkRj1TFlrA_Fb0hbsDxWKBCw 'test(1,1,4' len=68 rcpt(196)
FMT0 persist at /var/zxid/bus/ch/default/m5VFq4rR-XftoDszAzAv6P1P-6A 'test(1,1,3' len=68 rcpt(197)
FMT0 persist at /var/zxid/bus/ch/default/9uM64JeA3wUOaRfAgZkImq0C3VM 'test(1,1,2' len=68 rcpt(198)
FMT0 persist at /var/zxid/bus/ch/default/yH8bOOLTe7JjzKRB81HF9_kmags 'test(1,1,1' len=68 rcpt(199)
shf_0x989ed28  // max_ios=30
-> io_0x989f250
  io_0x989f250 -> pdu_0xb730a268 [label=cur_pdu]; // fd=0x4
  io_0x989f250 -> null [label=reqs];
  io_0x989f250 -> null [label=pending];
  io_0x989f250 -> null [label=to_write_produce];
  io_0x989f250 -> null [label=to_write_consume];  // n_to_write=0
  io_0x989f250 -> null [label=in_write];
-> io_0x989f458
  io_0x989f458 -> pdu_0xb76c4208 [label=cur_pdu]; // fd=0x6
  io_0x989f458 -> null [label=reqs];
  io_0x989f458 -> null [label=pending];
  io_0x989f458 -> null [label=to_write_produce];
  io_0x989f458 -> null [label=to_write_consume];  // n_to_write=0
  io_0x989f458 -> null [label=in_write];
-> io_0x989f55c
  io_0x989f55c -> pdu_0xb76ca6c8 [label=cur_pdu]; // fd=0x7
  io_0x989f55c -> null [label=reqs];
  io_0x989f55c -> null [label=pending];
  io_0x989f55c -> null [label=to_write_produce];
  io_0x989f55c -> null [label=to_write_consume];  // n_to_write=0
  io_0x989f55c -> null [label=in_write];
-> io_0x989f660
  io_0x989f660 -> pdu_0xb75fb6a0 [label=cur_pdu]; // fd=0x8
  io_0x989f660  // reqs
    -> pdu_0xb76cb360  // (ZXCT)
    pdu_0xb76cb360 -> null [label=reals];
    pdu_0xb76cb360 -> null [label=synths];
    pdu_0xb76cb360 -> null [label=subresps];
[label=reqs];
  io_0x989f660 -> null [label=pending];
[label=pending];
  io_0x989f660 -> null [label=to_write_produce];
  io_0x989f660 -> null [label=to_write_consume];  // n_to_write=0
  io_0x989f660 -> null [label=in_write];
[label=ios];
shf_0x989ed28 -> null [label=todo_consume];
shf_0x989ed28   // free_pdus (color=4)
-> pdu_0xb76ce5c0 -> pdu_0xb76cf258 -> pdu_0xb76cfef0 -> pdu_0xb76d0b88 -> pdu_0xb76d1820 -> pdu_0xb76d24b8 -> pdu_0xb76d3150 -> pdu_0xb76d3de8 -> pdu_0xb76d4a80 -> pdu_0xb76d5718 -> pdu_0xb76d63b0 -> pdu_0xb76d7048 -> pdu_0xb76d7ce0 -> pdu_0xb76d8978 -> pdu_0xb76d9610 -> pdu_0xb76da2a8 -> pdu_0xb76daf40 -> pdu_0xb76dbbd8 -> pdu_0xb76dc870 -> pdu_0xb76dd508 -> pdu_0xb76de1a0 -> pdu_0xb76dee38 -> pdu_0xb76dfad0 -> pdu_0xb76e0768 -> pdu_0xb76e1400 -> pdu_0xb76e2098 -> pdu_0xb76e2d30 -> pdu_0xb76e39c8 -> pdu_0xb76e4660 -> pdu_0xb76e52f8 -> pdu_0xb76e5f90 -> pdu_0xb76e6c28 -> pdu_0xb76e78c0 -> pdu_0xb76e8558 -> pdu_0xb76e91f0 -> pdu_0xb76e9e88 -> pdu_0xb76eab20 -> pdu_0xb76eb7b8 -> pdu_0xb76ec450 -> pdu_0xb76ed0e8 -> pdu_0xb76edd80 -> pdu_0xb76eea18 -> pdu_0xb76ef6b0 -> pdu_0xb76f0348 -> pdu_0xb76f0fe0 -> pdu_0xb76f1c78 -> pdu_0xb76f2910 -> pdu_0xb76f35a8 -> pdu_0xb76f4240 -> pdu_0xb76f4ed8 -> pdu_0xb76f5b70 -> pdu_0xb76f6808 -> pdu_0xb76f74a0 -> pdu_0xb76f8138 -> pdu_0xb76f8dd0 -> pdu_0xb76f9a68 -> pdu_0xb76fa700 -> pdu_0xb76fb398 -> pdu_0xb76fc030 -> pdu_0xb76fccc8 -> pdu_0xb76fd960 -> pdu_0xb76fe5f8 -> pdu_0xb76ff290 -> pdu_0xb76fff28 -> pdu_0xb7700bc0 -> pdu_0xb7701858 -> pdu_0xb77024f0 -> pdu_0xb7703188 -> pdu_0xb7703e20 -> pdu_0xb7704ab8 -> pdu_0xb7705750 -> pdu_0xb77063e8 -> pdu_0xb7707080 -> pdu_0xb7707d18 -> pdu_0xb77089b0 -> pdu_0xb7709648 -> pdu_0xb770a2e0 -> pdu_0xb770af78 -> pdu_0xb770bc10 -> pdu_0xb770c8a8 -> pdu_0xb770d540 -> pdu_0xb770e1d8 -> pdu_0xb770ee70 -> pdu_0xb770fb08 -> pdu_0xb77107a0 -> pdu_0xb7711438 -> pdu_0xb77120d0 -> pdu_0xb7712d68 -> pdu_0xb7713a00 -> pdu_0xb7714698 -> pdu_0xb7715330 -> pdu_0xb7715fc8 -> pdu_0xb7716c60 -> pdu_0xb77178f8 -> pdu_0xb7718590 -> pdu_0xb7719228 -> pdu_0xb7719ec0 -> pdu_0xb771ab58 -> pdu_0xb771b7f0 -> pdu_0xb771c488 -> pdu_0xb771d120 -> pdu_0xb771ddb8 -> pdu_0xb771ea50 -> pdu_0xb771f6e8 -> pdu_0xb7720380 -> pdu_0xb7721018 -> pdu_0xb7721cb0 -> pdu_0xb7722948 -> pdu_0xb77235e0 -> pdu_0xb7724278 -> pdu_0xb7724f10 -> pdu_0xb7725ba8 -> pdu_0xb7726840 -> pdu_0xb77274d8 -> pdu_0xb7728170 -> pdu_0xb7728e08 -> pdu_0xb7729aa0 -> pdu_0xb772a738 -> pdu_0xb772b3d0 -> pdu_0xb772c068 -> pdu_0xb772cd00 -> pdu_0xb772d998 -> pdu_0xb772e630 -> pdu_0xb772f2c8 -> pdu_0xb772ff60 -> pdu_0xb7730bf8 -> pdu_0xb7731890 -> pdu_0xb7732528 -> pdu_0xb77331c0 -> pdu_0xb7733e58 -> pdu_0xb7734af0 -> pdu_0xb7735788 -> pdu_0xb7736420 -> pdu_0xb77370b8 -> pdu_0xb7737d50 -> pdu_0xb77389e8 -> pdu_0xb7739680 -> pdu_0xb773a318 -> pdu_0xb773afb0 -> pdu_0xb773bc48 -> pdu_0xb773c8e0 -> pdu_0xb773d578 -> pdu_0xb773e210 -> pdu_0xb773eea8 -> pdu_0xb773fb40 -> pdu_0xb77407d8 -> pdu_0xb7741470 -> pdu_0xb7742108 -> pdu_0xb7742da0 -> pdu_0xb7743a38 -> pdu_0xb77446d0 -> pdu_0xb7745368 -> pdu_0xb7746000 -> pdu_0xb7746c98 -> pdu_0xb7747930 -> pdu_0xb77485c8 -> pdu_0xb7749260 -> pdu_0xb7749ef8 -> pdu_0xb774ab90 -> pdu_0xb774b828 -> pdu_0xb774c4c0 -> pdu_0xb774d158 -> pdu_0xb774ddf0 -> pdu_0xb774ea88 -> pdu_0xb774f720 -> pdu_0xb77503b8 -> pdu_0xb7751050 -> pdu_0xb7751ce8 -> pdu_0xb7752980 -> pdu_0xb7753618 -> pdu_0xb77542b0 -> pdu_0xb7754f48 -> pdu_0xb7755be0 -> pdu_0xb7756878 -> pdu_0xb7757510 -> pdu_0xb77581a8 -> pdu_0xb7758e40 -> pdu_0xb7759ad8 -> pdu_0xb775a770 -> pdu_0xb775b408 -> pdu_0xb775c0a0 -> pdu_0xb775cd38 -> pdu_0xb775d9d0 -> pdu_0xb775e668 -> pdu_0xb775f300 -> pdu_0xb775ff98 -> pdu_0xb7760c30 -> pdu_0xb77618c8 -> pdu_0xb7762560 -> pdu_0xb77631f8 -> pdu_0xb7763e90 -> pdu_0xb7764b28 -> pdu_0xb77657c0 -> pdu_0xb7766458 -> pdu_0xb77670f0 -> pdu_0xb7767d88 -> pdu_0xb7768a20 -> pdu_0xb77696b8 -> pdu_0xb776a350 -> pdu_0xb776afe8 -> pdu_0xb776bc80 -> pdu_0xb776c918 -> pdu_0xb776d5b0 -> pdu_0xb776e248 -> pdu_0xb776eee0 -> pdu_0xb776fb78 -> pdu_0xb7770810 -> pdu_0xb77714a8 -> pdu_0xb7772140 -> pdu_0xb7772dd8 -> pdu_0xb7773a70 -> pdu_0xb7774708 -> pdu_0xb77753a0 -> pdu_0xb7776038 -> pdu_0xb7776cd0 -> pdu_0xb7777968 -> pdu_0xb7778600 -> pdu_0xb7779298 -> pdu_0xb7779f30 -> pdu_0xb777abc8 -> pdu_0xb777b860 -> pdu_0xb777c4f8 -> pdu_0xb777d190 -> pdu_0xb777de28 -> pdu_0xb777eac0 -> pdu_0xb777f758 -> pdu_0xb77803f0 -> pdu_0xb7781088 -> pdu_0xb7781d20 -> pdu_0xb77829b8 -> pdu_0xb7783650 -> pdu_0xb77842e8 -> pdu_0xb7784f80 -> pdu_0xb7785c18 -> pdu_0xb77868b0 -> pdu_0xb7787548 -> pdu_0xb77881e0 -> pdu_0xb7788e78 -> pdu_0xb7789b10 -> pdu_0xb778a7a8 -> pdu_0xb778b440 -> pdu_0xb778c0d8 -> pdu_0xb778cd70 -> pdu_0xb778da08 -> pdu_0xb778e6a0 -> pdu_0xb778f338 -> pdu_0xb778ffd0 -> pdu_0xb7790c68 -> pdu_0xb7791900 -> pdu_0xb7792598 -> pdu_0xb7793230 -> pdu_0xb7793ec8 -> pdu_0xb7794b60 -> pdu_0xb77957f8 -> pdu_0xb7796490 -> pdu_0xb7797128 -> pdu_0xb7797dc0 -> pdu_0xb7798a58 -> pdu_0xb77996f0 -> pdu_0xb779a388 -> pdu_0xb779b020 -> pdu_0xb779bcb8 -> pdu_0xb779c950 -> pdu_0xb779d5e8 -> pdu_0xb779e280 -> pdu_0xb779ef18 -> pdu_0xb779fbb0 -> pdu_0xb77a0848 -> pdu_0xb77a14e0 -> pdu_0xb77a2178 -> pdu_0xb77a2e10 [label=free_pdus];
Data structure dump 276
----------------------
hit_0xbff46888 [label="tid_b77a46c0"];
hit_0xbff46888  // free_pdus
-> pdu_0xb76cd928  // (CONN)
-> pdu_0xb76c5b38  // (ACK
)
[label=free_pdus];
Hit structure dump 2
======================
