FMT0 persist at /var/zxid/bus/ch/default/rYMt0RJQKPO-ncOXXx2S02Tt0jU 'test(0,10,' len=68 rcpt(0)
FMT0 persist at /var/zxid/bus/ch/default/GpybB_X0Qm4l6DB2-fTteUYQRHY 'test(1,10,' len=68 rcpt(0)
FMT0 persist at /var/zxid/bus/ch/default/Wk-ZDdAnB5LC4EjtU5k6HiBrD18 'test(5,10,' len=68 rcpt(0)
FMT0 persist at /var/zxid/bus/ch/default/cW58MOXLTPAh08n1Gchoo8_V2Rk 'test(2,10,' len=68 rcpt(0)
FMT0 persist at /var/zxid/bus/ch/default/TPU_Ni5hv32TA0BsQKmomnq22Zw 'test(9,10,' len=68 rcpt(0)
FMT0 persist at /var/zxid/bus/ch/default/kOFSSm7tDVsXhTndDhqVV0qLfwY 'test(8,10,' len=68 rcpt(0)
FMT0 persist at /var/zxid/bus/ch/default/pCua7TK4__XqRZ2zuIeUct8Nwjk 'test(7,10,' len=68 rcpt(0)
FMT0 persist at /var/zxid/bus/ch/default/H53fwHPkR9ORFKwsuKa38q3vLGI 'test(4,10,' len=68 rcpt(0)
FMT0 persist at /var/zxid/bus/ch/default/Hl5cI2iv2PS_6oYObkL_ti0K7HI 'test(3,10,' len=68 rcpt(0)
FMT0 persist at /var/zxid/bus/ch/default/7AotymLp_R3-yqo2sf1vJsfpBM8 'test(6,10,' len=68 rcpt(0)
FMT0 persist at /var/zxid/bus/ch/default/MC-3pOWKjl-ixdBFtNUMjNgk-AE 'test(1,10,' len=68 rcpt(1)
FMT0 persist at /var/zxid/bus/ch/default/9yO16P8-iK_vLT5EV43Pwu4JuLE 'test(0,10,' len=68 rcpt(1)
FMT0 persist at /var/zxid/bus/ch/default/uwJZcVJTIE1bGeIcmM9pG50CjYA 'test(5,10,' len=68 rcpt(1)
FMT0 persist at /var/zxid/bus/ch/default/-zGWkk0CXlxo5kU2A3IzkUlf71w 'test(4,10,' len=68 rcpt(1)
FMT0 persist at /var/zxid/bus/ch/default/MVAifbAuGi3PJWUigpu-W7Ys1gw 'test(7,10,' len=68 rcpt(1)
FMT0 persist at /var/zxid/bus/ch/default/HuN84pW7wcIbft5pHlRlP4xuF3M 'test(8,10,' len=68 rcpt(1)
FMT0 persist at /var/zxid/bus/ch/default/DIXE8NgEQAvR1OETJd-rpym0AlE 'test(9,10,' len=68 rcpt(1)
FMT0 persist at /var/zxid/bus/ch/default/zBh-IcbaaPLgbWIgyX6547zY_eo 'test(6,10,' len=68 rcpt(1)
FMT0 persist at /var/zxid/bus/ch/default/-MDomtiF1NII8clQb_t7GPDU8Vg 'test(3,10,' len=68 rcpt(1)
FMT0 persist at /var/zxid/bus/ch/default/MBQAyvJL6e5AacNqR8ERlreQ788 'test(2,10,' len=68 rcpt(1)
FMT0 persist at /var/zxid/bus/ch/default/288uZ_vdEMv_lO_LFZvAs2rilP4 'test(1,10,' len=68 rcpt(2)
FMT0 persist at /var/zxid/bus/ch/default/psTI2tNzBtDYlCwCI-8r0Cw7TUw 'test(0,10,' len=68 rcpt(2)
FMT0 persist at /var/zxid/bus/ch/default/3LZLNReDf_zWSlwbFPA70CPxXAU 'test(9,10,' len=68 rcpt(2)
FMT0 persist at /var/zxid/bus/ch/default/3IO0ebevencBDqduUNszsjEJeW8 'test(6,10,' len=68 rcpt(2)
FMT0 persist at /var/zxid/bus/ch/default/CUtxK0Ug7QiYtarpIR1tCW9oLMc 'test(7,10,' len=68 rcpt(2)
FMT0 persist at /var/zxid/bus/ch/default/RDG8RNnZ1bZsP_l5a58C5DX6r28 'test(5,10,' len=68 rcpt(2)
FMT0 persist at /var/zxid/bus/ch/default/9vsVmXt4bvaDes9HkE8NBgfbezU 'test(4,10,' len=68 rcpt(2)
FMT0 persist at /var/zxid/bus/ch/default/g1Gj7fbyhb74XJ3XyxUE827rbS4 'test(8,10,' len=68 rcpt(2)
FMT0 persist at /var/zxid/bus/ch/default/9-mzkGHk-QG2QXghhBE7ZItnu8Y 'test(2,10,' len=68 rcpt(2)
FMT0 persist at /var/zxid/bus/ch/default/Blw2Ixe4fn-o2h6jMYboNxQQ2h4 'test(3,10,' len=68 rcpt(2)
FMT0 persist at /var/zxid/bus/ch/default/CkCmElYiKKTq1Mz3yQpBKCAqGHc 'test(9,10,' len=68 rcpt(3)
FMT0 persist at /var/zxid/bus/ch/default/Ug2XJUJnUft6rhdkM3Lrnt9NAT8 'test(7,10,' len=68 rcpt(3)
FMT0 persist at /var/zxid/bus/ch/default/bsdiO7G8woPy8jx4Ggarclqr9fc 'test(2,10,' len=68 rcpt(3)
FMT0 persist at /var/zxid/bus/ch/default/kOaEO1PPU1xpMRziFJSt9MKNH_M 'test(5,10,' len=68 rcpt(3)
FMT0 persist at /var/zxid/bus/ch/default/CLctz3NtoK47rrNIIx6RyJozlqA 'test(4,10,' len=68 rcpt(3)
FMT0 persist at /var/zxid/bus/ch/default/gCMjnkcyRGudjdq0-XLnZM5MHv0 'test(1,10,' len=68 rcpt(3)
FMT0 persist at /var/zxid/bus/ch/default/Q3QAGn2tK3DvEa9lN4rGdr88aXA 'test(8,10,' len=68 rcpt(3)
FMT0 persist at /var/zxid/bus/ch/default/tkhTUJn5DqjTay9wfCCtgj4WsfU 'test(0,10,' len=68 rcpt(3)
FMT0 persist at /var/zxid/bus/ch/default/GXH0I1jOsx3UrDSFKxQPlwwbRis 'test(5,10,' len=68 rcpt(4)
FMT0 persist at /var/zxid/bus/ch/default/oJeYixR1sFXOz7asrtgEa1ri69A 'test(9,10,' len=68 rcpt(4)
FMT0 persist at /var/zxid/bus/ch/default/datHdGiQ758aQbrrLGXd_zDjbhs 'test(8,10,' len=68 rcpt(4)
FMT0 persist at /var/zxid/bus/ch/default/wuJR54Qs4SE63d7hSgTqSVOhupY 'test(3,10,' len=68 rcpt(3)
FMT0 persist at /var/zxid/bus/ch/default/tyegMkpAUzaWpB1-foBTVeqwdxw 'test(4,10,' len=68 rcpt(4)
FMT0 persist at /var/zxid/bus/ch/default/hK__JUkB0VRDbJz9w6_j-4t9SEE 'test(6,10,' len=68 rcpt(3)
FMT0 persist at /var/zxid/bus/ch/default/JYCrFEJmvnfBdJZ_Ws-SJ7UQAp4 'test(1,10,' len=68 rcpt(4)
FMT0 persist at /var/zxid/bus/ch/default/t8IVwobgVuyRwTEx2IJHGUL086Y 'test(7,10,' len=68 rcpt(4)
FMT0 persist at /var/zxid/bus/ch/default/BBZjMpKzBZjjzlsuboMaiS9GQlk 'test(1,10,' len=68 rcpt(5)
FMT0 persist at /var/zxid/bus/ch/default/XFT-su5hjhkJNWVXQbX3lcEMcJ4 'test(9,10,' len=68 rcpt(5)
FMT0 persist at /var/zxid/bus/ch/default/nAzkQJ6J6CHHWJBYO7GbgPStMk4 'test(0,10,' len=68 rcpt(4)
FMT0 persist at /var/zxid/bus/ch/default/7cgUKMT6X-3O5nM5gA9zEGDKiWw 'test(6,10,' len=68 rcpt(4)
FMT0 persist at /var/zxid/bus/ch/default/DgobDoR7gWOIPKXl3ba_ln3C_Vw 'test(2,10,' len=68 rcpt(4)
FMT0 persist at /var/zxid/bus/ch/default/XKZsyKA7PInWFVw9-h7zQCp6HGQ 'test(3,7,1' len=67 rcpt(4)
FMT0 persist at /var/zxid/bus/ch/default/cZi0iYQzeL8AU4Mw02xOCkl865o 'test(9,10,' len=68 rcpt(6)
FMT0 persist at /var/zxid/bus/ch/default/ffzZKgCiy_piYGPX7Qx6HZyFiC4 'test(0,10,' len=68 rcpt(5)
FMT0 persist at /var/zxid/bus/ch/default/cnRlxNUrRMNzMEGIUavyxZITwwA 'test(1,10,' len=68 rcpt(6)
FMT0 persist at /var/zxid/bus/ch/default/m67JGeic7-eSyFF3FWokkYDPB2k 'test(6,10,' len=68 rcpt(5)
FMT0 persist at /var/zxid/bus/ch/default/IovspttRhr1jz-19JJErx5KYYy4 'test(2,10,' len=68 rcpt(5)
FMT0 persist at /var/zxid/bus/ch/default/_DctuuZCd8ks_q_7tdW-p-2YlU0 'test(4,7,1' len=67 rcpt(5)
FMT0 persist at /var/zxid/bus/ch/default/_leUTjyyZllsyDB9bGicgIJaZMU 'test(8,7,1' len=67 rcpt(5)
FMT0 persist at /var/zxid/bus/ch/default/N4ph_gbmC9QCRCWD-VWaydwW0UY 'test(3,7,1' len=67 rcpt(5)
FMT0 persist at /var/zxid/bus/ch/default/MmZvQQ2_X9kxLqoStgjaswixhEQ 'test(9,10,' len=68 rcpt(7)
FMT0 persist at /var/zxid/bus/ch/default/aGmZGjTuYmdj94xkNrJwZpkbkR8 'test(7,7,1' len=67 rcpt(5)
FMT0 persist at /var/zxid/bus/ch/default/28cdzqUfCZkTNxfyQ11q6dr6VXs 'test(2,10,' len=68 rcpt(6)
FMT0 persist at /var/zxid/bus/ch/default/SOQPSbtZuwJBBRs8WBQnLcCtdM8 'test(6,10,' len=68 rcpt(6)
FMT0 persist at /var/zxid/bus/ch/default/NrI-Z78LlDr8J24qCcdC8E-9RQ8 'test(0,10,' len=68 rcpt(6)
FMT0 persist at /var/zxid/bus/ch/default/Vv0mJeGqfUo2zzHLynbV3lSI9Dc 'test(1,10,' len=68 rcpt(7)
FMT0 persist at /var/zxid/bus/ch/default/sq4Z-dqshqB3N5z5rmUF-DEnlXo 'test(4,7,1' len=67 rcpt(6)
FMT0 persist at /var/zxid/bus/ch/default/W52KhBQ_oN0vyUCRYXHvAk9pApY 'test(9,10,' len=68 rcpt(8)
FMT0 persist at /var/zxid/bus/ch/default/hgU82wQMIdYaKUF6doY2p7MPmuQ 'test(3,7,1' len=67 rcpt(6)
FMT0 persist at /var/zxid/bus/ch/default/cTgSq0YXhCTIeZ5JhzcrCwDwYWc 'test(2,10,' len=68 rcpt(7)
FMT0 persist at /var/zxid/bus/ch/default/j0o2GlghvA0lcVX8gVnov7ayyvc 'test(7,7,1' len=67 rcpt(6)
FMT0 persist at /var/zxid/bus/ch/default/nVyKDzXF4fC_5xfooMwzAAUjLao 'test(6,10,' len=68 rcpt(7)
FMT0 persist at /var/zxid/bus/ch/default/ZuzUWOLDVWLe1HDzMTU8TQb3GP4 'test(0,10,' len=68 rcpt(7)
FMT0 persist at /var/zxid/bus/ch/default/vYKT4HC_xUnlSk3_w-QgCnUoOL8 'test(8,7,1' len=67 rcpt(6)
FMT0 persist at /var/zxid/bus/ch/default/cegY49XkylJ8p_J0894GAol3zD8 'test(1,10,' len=68 rcpt(8)
FMT0 persist at /var/zxid/bus/ch/default/BVCplrRfXq7NK5UKWtXV8kV4vek 'test(7,7,1' len=67 rcpt(7)
FMT0 persist at /var/zxid/bus/ch/default/zrHkdYdK-PRF7eNpxu_7YOCGyMA 'test(9,10,' len=68 rcpt(9)
FMT0 persist at /var/zxid/bus/ch/default/pA5lbVR-uQbKx1BaDZFzqJUKYJs 'test(4,7,1' len=67 rcpt(7)
FMT0 persist at /var/zxid/bus/ch/default/B7qZlh73dmW6sqx0ZIGHOBmJLQs 'test(0,10,' len=68 rcpt(8)
FMT0 persist at /var/zxid/bus/ch/default/DtB59GfYeGO85Kl4CtKPzlvec7E 'test(2,10,' len=68 rcpt(8)
FMT0 persist at /var/zxid/bus/ch/default/FyF_EFjWjUHMv6DlP3T-ahHsIiM 'test(8,7,1' len=67 rcpt(7)
FMT0 persist at /var/zxid/bus/ch/default/DIaIwF8wGme8BftoAYq1tDz80Ew 'test(6,10,' len=68 rcpt(8)
FMT0 persist at /var/zxid/bus/ch/default/gyzq9eYznjwuxGsLcffsFTvk1Uo 'test(3,7,1' len=67 rcpt(7)
FMT0 persist at /var/zxid/bus/ch/default/mv5s4UPnJEOGxbCGgPZqMSeeTN0 'test(9,10,' len=69 rcpt(10)
FMT0 persist at /var/zxid/bus/ch/default/MDrsnMDiCYkLMNssnVLgyo1k_iI 'test(7,7,1' len=67 rcpt(8)
FMT0 persist at /var/zxid/bus/ch/default/mqXHkIc2gn9D9VkXTiBgSSdDoIY 'test(0,10,' len=68 rcpt(9)
FMT0 persist at /var/zxid/bus/ch/default/PsKB2My_UPe6uOQjpdxyeuHgNWE 'test(1,10,' len=68 rcpt(9)
FMT0 persist at /var/zxid/bus/ch/default/Bndhqbr3LMOwR-wiIVoHuSDURYU 'test(6,10,' len=68 rcpt(9)
FMT0 persist at /var/zxid/bus/ch/default/vCJWUqjMOkul3yy2fb92mbtvFVY 'test(2,10,' len=68 rcpt(9)
FMT0 persist at /var/zxid/bus/ch/default/KRxon1Vv87Bp3TzVX4-4Ho-DNP8 'test(4,7,1' len=67 rcpt(8)
FMT0 persist at /var/zxid/bus/ch/default/cR7yuQzBMF3cmq3c7qYXj6he8TA 'test(1,10,' len=69 rcpt(10)
FMT0 persist at /var/zxid/bus/ch/default/d4ydnROOTkRwyyxiKz7r0X9IO_Q 'test(6,10,' len=69 rcpt(10)
FMT0 persist at /var/zxid/bus/ch/default/e-6WnREMvrpiENfTL4PbaC0xfsQ 'test(3,7,8' len=66 rcpt(8)
FMT0 persist at /var/zxid/bus/ch/default/BNo4-kOv3PX-GrObp0ewWSGdWoI 'test(9,10,' len=68 rcpt(11)
FMT0 persist at /var/zxid/bus/ch/default/mFr681m3W5ikaPx9l63ZjRwKLdc 'test(2,10,' len=69 rcpt(10)
FMT0 persist at /var/zxid/bus/ch/default/L4I0x_ACsHXWNLcxL0Yg0Zrmr-Q 'test(8,7,1' len=67 rcpt(8)
FMT0 persist at /var/zxid/bus/ch/default/QxrxNmK2rvY9b_gUaHj5sVArGZ0 'test(0,10,' len=69 rcpt(10)
FMT0 persist at /var/zxid/bus/ch/default/w9wnoDTjvjsa492fitsYkWzWfv4 'test(4,7,1' len=67 rcpt(9)
FMT0 persist at /var/zxid/bus/ch/default/gdnc1l90ciHNEPWWbdzVMwLi0ok 'test(1,10,' len=68 rcpt(11)
FMT0 persist at /var/zxid/bus/ch/default/bLhw1Fdh42lZsyeSypaOYs15SJk 'test(7,7,3' len=66 rcpt(9)
FMT0 persist at /var/zxid/bus/ch/default/3EZ-8AgfGYncrMsIkUEwZIlJK2o 'test(0,10,' len=68 rcpt(11)
FMT0 persist at /var/zxid/bus/ch/default/krNZa3tcwsNmdOJ2ducP7At5hRk 'test(6,10,' len=68 rcpt(11)
FMT0 persist at /var/zxid/bus/ch/default/xnkHD3Zc5SFGsL3rzjjcVhgCaPA 'test(8,7,1' len=67 rcpt(9)
FMT0 persist at /var/zxid/bus/ch/default/7yiyveRMJcoRsu7ZiYtQQ8WIXxI 'test(4,7,9' len=67 rcpt(10)
FMT0 persist at /var/zxid/bus/ch/default/Q4cyC-GwRX6tkAeRYVcb5n1vO00 'test(2,10,' len=68 rcpt(11)
FMT0 persist at /var/zxid/bus/ch/default/5erNGQc5sQdLGAga7pDHGELhKpI 'test(3,7,7' len=66 rcpt(9)
FMT0 persist at /var/zxid/bus/ch/default/bTu_uKB3I1DCBFQJK2oG7_CGipg 'test(1,10,' len=68 rcpt(12)
FMT0 persist at /var/zxid/bus/ch/default/2d98ZilQ4VtgU6yoLKgrtmdMWfA 'test(9,10,' len=68 rcpt(12)
FMT0 persist at /var/zxid/bus/ch/default/zwlB-VtGtZxth2xf0tpULDhQokA 'test(0,10,' len=68 rcpt(12)
FMT0 persist at /var/zxid/bus/ch/default/5vCYBxP4ED0ZC_grvnR1BHR-V1g 'test(7,7,2' len=67 rcpt(10)
FMT0 persist at /var/zxid/bus/ch/default/SEg0wLc_P44NNMe57h4ECNTTdVM 'test(8,7,9' len=67 rcpt(10)
FMT0 persist at /var/zxid/bus/ch/default/OhYBQrqG7jpj-hRc7LYHcWjMHa8 'test(4,7,8' len=67 rcpt(11)
FMT0 persist at /var/zxid/bus/ch/default/8MeK4PIBv4XO3aswJsxxlyAyiFA 'test(3,7,6' len=67 rcpt(10)
FMT0 persist at /var/zxid/bus/ch/default/5nrZXjEqnI8grwHViNeQrt8GUQE 'test(1,10,' len=68 rcpt(13)
FMT0 persist at /var/zxid/bus/ch/default/Le6adotKWl-nQbV-mNM8BCLebjY 'test(2,10,' len=68 rcpt(12)
FMT0 persist at /var/zxid/bus/ch/default/fXGtiRG4EG_5CubeYuwGefRD3TA 'test(8,7,8' len=67 rcpt(11)
FMT0 persist at /var/zxid/bus/ch/default/QxIDHfy3r90CkjL2woAxfrMTuJ0 'test(0,10,' len=68 rcpt(13)
FMT0 persist at /var/zxid/bus/ch/default/aiCHKIHuw0YFhXwAj9YjPYSWHnw 'test(4,7,7' len=67 rcpt(12)
FMT0 persist at /var/zxid/bus/ch/default/EqmLnXXAGMrSJr9H7EW5WSDgXiQ 'test(3,7,5' len=67 rcpt(11)
FMT0 persist at /var/zxid/bus/ch/default/1hpBGYOJls-9vyiqmRYBnCp-CGk 'test(1,10,' len=68 rcpt(14)
FMT0 persist at /var/zxid/bus/ch/default/dEN7nSMjwCMtlmqw0a3ic559Bv4 'test(7,6,1' len=68 rcpt(11)
FMT0 persist at /var/zxid/bus/ch/default/w2lrJXbMT7mkpOkWoAEIaq5yAlM 'test(8,7,7' len=67 rcpt(12)
FMT0 persist at /var/zxid/bus/ch/default/FSjLWYaIJTRabCgqzJHKSDOveUg 'test(2,10,' len=68 rcpt(13)
FMT0 persist at /var/zxid/bus/ch/default/Al1oQRnxek-1nV1-W8lBXBM14xw 'test(7,6,1' len=68 rcpt(12)
FMT0 persist at /var/zxid/bus/ch/default/blbj19OgbRDfjLCcIytnrW165-o 'test(0,10,' len=68 rcpt(14)
FMT0 persist at /var/zxid/bus/ch/default/ZIkE3g5t7KdoJmgAfbMchT1bVaA 'test(6,8,1' len=68 rcpt(12)
FMT0 persist at /var/zxid/bus/ch/default/STwDDF3D2cGcJROl5hL0sLQgI7w 'test(8,7,6' len=67 rcpt(13)
FMT0 persist at /var/zxid/bus/ch/default/IB3nJlgxFPxcHZVqaY30hilJDoQ 'test(9,8,1' len=68 rcpt(13)
FMT0 persist at /var/zxid/bus/ch/default/xKKNRH2swUzf5cSDETbGKrKGZgo 'test(4,5,1' len=68 rcpt(13)
FMT0 persist at /var/zxid/bus/ch/default/hF27RbxBONcWAhC_9u9gtcy9O-8 'test(1,10,' len=68 rcpt(15)
FMT0 persist at /var/zxid/bus/ch/default/D_llFTh4uUb93SUG89L2pwr8xec 'test(0,10,' len=68 rcpt(15)
FMT0 persist at /var/zxid/bus/ch/default/y7HfmR2om9DxdgCeqa75wBuzN1c 'test(9,8,1' len=68 rcpt(14)
FMT0 persist at /var/zxid/bus/ch/default/2AJGmbe6Kkxa8zu9soDQl52njsE 'test(7,6,1' len=68 rcpt(13)
FMT0 persist at /var/zxid/bus/ch/default/I3EegKGcezs2pXryZuQB4Iah4l4 'test(4,5,1' len=68 rcpt(14)
FMT0 persist at /var/zxid/bus/ch/default/wTCWMo9PAXS6UaYLDxQVT_EiJPo 'test(3,5,1' len=68 rcpt(12)
FMT0 persist at /var/zxid/bus/ch/default/8qcUWoJhiYg3Hq8IhpigCNO3OnQ 'test(6,8,1' len=68 rcpt(13)
FMT0 persist at /var/zxid/bus/ch/default/GMyahLKGh3mxY39PPh7CGgxvDO8 'test(8,7,4' len=67 rcpt(14)
FMT0 persist at /var/zxid/bus/ch/default/elM7ajVgFsS16wEuRwX0zz3FJ4I 'test(2,10,' len=68 rcpt(14)
FMT0 persist at /var/zxid/bus/ch/default/c2QuGwraP3ySuVeeNMa-JGBYZZY 'test(1,10,' len=68 rcpt(16)
FMT0 persist at /var/zxid/bus/ch/default/-V6mVUivu5RrWc1f2EtzL3ZuDfc 'test(0,10,' len=68 rcpt(16)
FMT0 persist at /var/zxid/bus/ch/default/PRcisTr7QULQNGaJOdlj07lOqZc 'test(9,8,1' len=68 rcpt(15)
FMT0 persist at /var/zxid/bus/ch/default/HYZuLOUN0OpS4UXyRCm0H3ktNMI 'test(4,5,1' len=68 rcpt(15)
FMT0 persist at /var/zxid/bus/ch/default/ogGdVftR7hcT3omXi0wlpHpejHM 'test(7,6,1' len=68 rcpt(14)
FMT0 persist at /var/zxid/bus/ch/default/tskkTmtkM-jeqhqahdgYkso4K38 'test(3,5,1' len=68 rcpt(13)
FMT0 persist at /var/zxid/bus/ch/default/jx4gCcgRu8VU0aWc9jLprlHwb84 'test(8,7,3' len=67 rcpt(15)
FMT0 persist at /var/zxid/bus/ch/default/DQyfGgvRMB96GQQG_3HsnHRbre8 'test(1,10,' len=68 rcpt(17)
FMT0 persist at /var/zxid/bus/ch/default/xBoxdcrAwF4HDj5WmMCCFpGxc3U 'test(9,8,1' len=68 rcpt(16)
FMT0 persist at /var/zxid/bus/ch/default/lijPMARyN_Pc75jRJLpWlaC2vHc 'test(7,6,1' len=68 rcpt(15)
FMT0 persist at /var/zxid/bus/ch/default/U1IhrDdtIFyGCB4XIkTExe2IwG0 'test(4,5,1' len=68 rcpt(16)
FMT0 persist at /var/zxid/bus/ch/default/ECy6NmmrnDwAN9gsZH0tMewhjGM 'test(2,10,' len=68 rcpt(15)
FMT0 persist at /var/zxid/bus/ch/default/0W0dkgui5rQ_SFporQpKTjWtg0E 'test(9,8,1' len=68 rcpt(17)
FMT0 persist at /var/zxid/bus/ch/default/vrM3UwKNB81XZseCyT5OoQpfJsY 'test(0,10,' len=68 rcpt(17)
FMT0 persist at /var/zxid/bus/ch/default/PdXAJq0EuSL3VRq5CTlwEiDrusM 'test(1,9,2' len=68 rcpt(18)
FMT0 persist at /var/zxid/bus/ch/default/kDhv2Bpt4kpb8WE8Fxmr3zxRY7U 'test(6,8,1' len=68 rcpt(14)
FMT0 persist at /var/zxid/bus/ch/default/xOTsT0rwFRa8lo5IXAy3VtIiwGI 'test(7,6,1' len=68 rcpt(16)
FMT0 persist at /var/zxid/bus/ch/default/SFVtZSFEaW-dO0L4K0213VJk4OA 'test(4,5,1' len=68 rcpt(17)
FMT0 persist at /var/zxid/bus/ch/default/plW2-Lnh1-mrJZrGdysAM_Fqoss 'test(2,9,2' len=68 rcpt(16)
FMT0 persist at /var/zxid/bus/ch/default/x-uGsXeL780G6YJak_ZCpzOsdWA 'test(0,10,' len=68 rcpt(18)
FMT0 persist at /var/zxid/bus/ch/default/VcTkSqubYZKn92cv4oqMNTDn8QU 'test(9,8,1' len=68 rcpt(18)
FMT0 persist at /var/zxid/bus/ch/default/iAuIY4TW-18Xu71tUPbH34P2_Ic 'test(6,8,1' len=68 rcpt(15)
FMT0 persist at /var/zxid/bus/ch/default/sMulcokD-IDj0IUTKQDfptDIJNQ 'test(1,9,1' len=68 rcpt(19)
FMT0 persist at /var/zxid/bus/ch/default/SBbkzC3k2QdeRftkVtfYHsx6ecc 'test(2,9,1' len=68 rcpt(17)
FMT0 persist at /var/zxid/bus/ch/default/VvVZ2btDUMRSrS9R1y1a2AEaxMw 'test(6,5,1' len=67 rcpt(16)
FMT0 persist at /var/zxid/bus/ch/default/_fvO-nde7fvXXMP1eLS72JXSNrw 'test(4,5,1' len=68 rcpt(18)
FMT0 persist at /var/zxid/bus/ch/default/ISV_81YgwuxteJeG06FFYWfwCJI 'test(2,9,3' len=67 rcpt(18)
FMT0 persist at /var/zxid/bus/ch/default/hXI8rhRHPGcSEWEGVb2dWX0c7Zk 'test(0,5,1' len=68 rcpt(19)
FMT0 persist at /var/zxid/bus/ch/default/nvYtipj3Nd3W3xtmw9MqngyUUh0 'test(3,1,4' len=67 rcpt(14)
FMT0 persist at /var/zxid/bus/ch/default/cPNhwosd9j3b86LVVQhuk9zIOYk 'test(8,2,1' len=68 rcpt(16)
FMT0 persist at