FMT0 persist at /var/zxid/bus/ch/default/cW58MOXLTPAh08n1Gchoo8_V2Rk 'test(2,10,' len=68 rcpt(0)
FMT0 persist at /var/zxid/bus/ch/default/GpybB_X0Qm4l6DB2-fTteUYQRHY 'test(1,10,' len=68 rcpt(0)
FMT0 persist at /var/zxid/bus/ch/default/rYMt0RJQKPO-ncOXXx2S02Tt0jU 'test(0,10,' len=68 rcpt(0)
FMT0 persist at /var/zxid/bus/ch/default/9yO16P8-iK_vLT5EV43Pwu4JuLE 'test(0,10,' len=68 rcpt(1)
FMT0 persist at /var/zxid/bus/ch/default/MBQAyvJL6e5AacNqR8ERlreQ788 'test(2,10,' len=68 rcpt(1)
FMT0 persist at /var/zxid/bus/ch/default/MC-3pOWKjl-ixdBFtNUMjNgk-AE 'test(1,10,' len=68 rcpt(1)
FMT0 persist at /var/zxid/bus/ch/default/psTI2tNzBtDYlCwCI-8r0Cw7TUw 'test(0,10,' len=68 rcpt(2)
FMT0 persist at /var/zxid/bus/ch/default/9-mzkGHk-QG2QXghhBE7ZItnu8Y 'test(2,10,' len=68 rcpt(2)
FMT0 persist at /var/zxid/bus/ch/default/288uZ_vdEMv_lO_LFZvAs2rilP4 'test(1,10,' len=68 rcpt(2)
FMT0 persist at /var/zxid/bus/ch/default/bsdiO7G8woPy8jx4Ggarclqr9fc 'test(2,10,' len=68 rcpt(3)
FMT0 persist at /var/zxid/bus/ch/default/gCMjnkcyRGudjdq0-XLnZM5MHv0 'test(1,10,' len=68 rcpt(3)
FMT0 persist at /var/zxid/bus/ch/default/tkhTUJn5DqjTay9wfCCtgj4WsfU 'test(0,10,' len=68 rcpt(3)
FMT0 persist at /var/zxid/bus/ch/default/JYCrFEJmvnfBdJZ_Ws-SJ7UQAp4 'test(1,10,' len=68 rcpt(4)
FMT0 persist at /var/zxid/bus/ch/default/DgobDoR7gWOIPKXl3ba_ln3C_Vw 'test(2,10,' len=68 rcpt(4)
FMT0 persist at /var/zxid/bus/ch/default/nAzkQJ6J6CHHWJBYO7GbgPStMk4 'test(0,10,' len=68 rcpt(4)
FMT0 persist at /var/zxid/bus/ch/default/perk4FnChQ3twBSRFfw12wkDM28 'test(1,5,1' len=66 rcpt(5)
FMT0 persist at /var/zxid/bus/ch/default/_nTYN-vqgfNYplw2o86S5bH1YLA 'test(0,5,3' len=66 rcpt(5)
FMT0 persist at /var/zxid/bus/ch/default/IovspttRhr1jz-19JJErx5KYYy4 'test(2,10,' len=68 rcpt(5)
FMT0 persist at /var/zxid/bus/ch/default/1uyIBlFy9qsb1dzanxIlho7b06M 'test(2,10,' len=67 rcpt(6)
FMT0 persist at /var/zxid/bus/ch/default/BVyoFFRPvFZTX9XSLXYowt3z0dQ 'test(1,4,1' len=67 rcpt(6)
FMT0 persist at /var/zxid/bus/ch/default/j20nNGeT4LHKbP6neuGONKVhwMU 'test(0,5,2' len=66 rcpt(6)
