SUBS() got RECEIPT 0
foo bar

F
test(-1,10,16)
test(-1,10,15)
test(-1,10,13)
test(-1,10,11)
test(-1,10,7)
test(-1,10,5)
test(-1,9,20)
test(-1,9,15)
test(-1,9,10)
test(-1,9,8)
test(-1,9,7)
test(-1,9,3)
test(-1,9,1)
test(-1,8,4)
test(-1,7,19)
test(-1,6,20)
test(-1,6,15)
test(-1,6,1)
test(-1,5,19)
test(-1,5,17)
test(-1,5,14)
test(-1,4,7)
test(-1,3,8)
test(-1,2,9)
test(-1,2,4)
test(-1,2,3)
test(-1,2,2)
test(-1,2,1)
test(-1,1,20)
test(-1,1,19)
test(-1,1,18)
test(-1,1,17)
test(-1,1,16)
test(-1,1,15)
test(-1,1,14)
test(-1,1,13)
test(-1,1,12)
test(-1,1,11)
test(-1,1,10)
test(-1,1,9)
test(-1,1,8)
test(-1,1,7)
test(-1,1,6)
test(-1,1,5)
test(-1,1,4)
test(-1,1,3)
test(-1,1,2)
test(-1,1,1)
F
