FMT0 persist at /var/zxid/bus/ch/default/pCua7TK4__XqRZ2zuIeUct8Nwjk 'test(7,10,' len=68 rcpt(0)
FMT0 persist at /var/zxid/bus/ch/default/GpybB_X0Qm4l6DB2-fTteUYQRHY 'test(1,10,' len=68 rcpt(0)
FMT0 persist at /var/zxid/bus/ch/default/H53fwHPkR9ORFKwsuKa38q3vLGI 'test(4,10,' len=68 rcpt(0)
FMT0 persist at /var/zxid/bus/ch/default/Wk-ZDdAnB5LC4EjtU5k6HiBrD18 'test(5,10,' len=68 rcpt(0)
FMT0 persist at /var/zxid/bus/ch/default/7AotymLp_R3-yqo2sf1vJsfpBM8 'test(6,10,' len=68 rcpt(0)
FMT0 persist at /var/zxid/bus/ch/default/TPU_Ni5hv32TA0BsQKmomnq22Zw 'test(9,10,' len=68 rcpt(0)
FMT0 persist at /var/zxid/bus/ch/default/Hl5cI2iv2PS_6oYObkL_ti0K7HI 'test(3,10,' len=68 rcpt(0)
FMT0 persist at /var/zxid/bus/ch/default/rYMt0RJQKPO-ncOXXx2S02Tt0jU 'test(0,10,' len=68 rcpt(0)
FMT0 persist at /var/zxid/bus/ch/default/kOFSSm7tDVsXhTndDhqVV0qLfwY 'test(8,10,' len=68 rcpt(0)
FMT0 persist at /var/zxid/bus/ch/default/cW58MOXLTPAh08n1Gchoo8_V2Rk 'test(2,10,' len=68 rcpt(0)
FMT0 persist at /var/zxid/bus/ch/default/-zGWkk0CXlxo5kU2A3IzkUlf71w 'test(4,10,' len=68 rcpt(1)
FMT0 persist at /var/zxid/bus/ch/default/MC-3pOWKjl-ixdBFtNUMjNgk-AE 'test(1,10,' len=68 rcpt(1)
FMT0 persist at /var/zxid/bus/ch/default/MVAifbAuGi3PJWUigpu-W7Ys1gw 'test(7,10,' len=68 rcpt(1)
FMT0 persist at /var/zxid/bus/ch/default/uwJZcVJTIE1bGeIcmM9pG50CjYA 'test(5,10,' len=68 rcpt(1)
FMT0 persist at /var/zxid/bus/ch/default/DIXE8NgEQAvR1OETJd-rpym0AlE 'test(9,10,' len=68 rcpt(1)
FMT0 persist at /var/zxid/bus/ch/default/9yO16P8-iK_vLT5EV43Pwu4JuLE 'test(0,10,' len=68 rcpt(1)
FMT0 persist at /var/zxid/bus/ch/default/CUtxK0Ug7QiYtarpIR1tCW9oLMc 'test(7,10,' len=68 rcpt(2)
FMT0 persist at /var/zxid/bus/ch/default/zBh-IcbaaPLgbWIgyX6547zY_eo 'test(6,10,' len=68 rcpt(1)
FMT0 persist at /var/zxid/bus/ch/default/-MDomtiF1NII8clQb_t7GPDU8Vg 'test(3,10,' len=68 rcpt(1)
FMT0 persist at /var/zxid/bus/ch/default/MBQAyvJL6e5AacNqR8ERlreQ788 'test(2,10,' len=68 rcpt(1)
FMT0 persist at /var/zxid/bus/ch/default/HuN84pW7wcIbft5pHlRlP4xuF3M 'test(8,10,' len=68 rcpt(1)
FMT0 persist at /var/zxid/bus/ch/default/9vsVmXt4bvaDes9HkE8NBgfbezU 'test(4,10,' len=68 rcpt(2)
FMT0 persist at /var/zxid/bus/ch/default/288uZ_vdEMv_lO_LFZvAs2rilP4 'test(1,10,' len=68 rcpt(2)
FMT0 persist at /var/zxid/bus/ch/default/3IO0ebevencBDqduUNszsjEJeW8 'test(6,10,' len=68 rcpt(2)
FMT0 persist at /var/zxid/bus/ch/default/Ug2XJUJnUft6rhdkM3Lrnt9NAT8 'test(7,10,' len=68 rcpt(3)
FMT0 persist at /var/zxid/bus/ch/default/psTI2tNzBtDYlCwCI-8r0Cw7TUw 'test(0,10,' len=68 rcpt(2)
FMT0 persist at /var/zxid/bus/ch/default/3LZLNReDf_zWSlwbFPA70CPxXAU 'test(9,10,' len=68 rcpt(2)
FMT0 persist at /var/zxid/bus/ch/default/RDG8RNnZ1bZsP_l5a58C5DX6r28 'test(5,10,' len=68 rcpt(2)
FMT0 persist at /var/zxid/bus/ch/default/Blw2Ixe4fn-o2h6jMYboNxQQ2h4 'test(3,10,' len=68 rcpt(2)
FMT0 persist at /var/zxid/bus/ch/default/gCMjnkcyRGudjdq0-XLnZM5MHv0 'test(1,10,' len=68 rcpt(3)
FMT0 persist at /var/zxid/bus/ch/default/g1Gj7fbyhb74XJ3XyxUE827rbS4 'test(8,10,' len=68 rcpt(2)
FMT0 persist at /var/zxid/bus/ch/default/t8IVwobgVuyRwTEx2IJHGUL086Y 'test(7,10,' len=68 rcpt(4)
FMT0 persist at /var/zxid/bus/ch/default/hK__JUkB0VRDbJz9w6_j-4t9SEE 'test(6,10,' len=68 rcpt(3)
FMT0 persist at /var/zxid/bus/ch/default/9-mzkGHk-QG2QXghhBE7ZItnu8Y 'test(2,10,' len=68 rcpt(2)
FMT0 persist at /var/zxid/bus/ch/default/CLctz3NtoK47rrNIIx6RyJozlqA 'test(4,10,' len=68 rcpt(3)
FMT0 persist at /var/zxid/bus/ch/default/CkCmElYiKKTq1Mz3yQpBKCAqGHc 'test(9,10,' len=68 rcpt(3)
FMT0 persist at /var/zxid/bus/ch/default/kOaEO1PPU1xpMRziFJSt9MKNH_M 'test(5,10,' len=68 rcpt(3)
FMT0 persist at /var/zxid/bus/ch/default/tyegMkpAUzaWpB1-foBTVeqwdxw 'test(4,10,' len=68 rcpt(4)
FMT0 persist at /var/zxid/bus/ch/default/bsdiO7G8woPy8jx4Ggarclqr9fc 'test(2,10,' len=68 rcpt(3)
FMT0 persist at /var/zxid/bus/ch/default/wuJR54Qs4SE63d7hSgTqSVOhupY 'test(3,10,' len=68 rcpt(3)
FMT0 persist at /var/zxid/bus/ch/default/gs8Sf-DDxM62KVTttY-DGxwP474 'test(0,10,' len=68 rcpt(3)
FMT0 persist at /var/zxid/bus/ch/default/JYCrFEJmvnfBdJZ_Ws-SJ7UQAp4 'test(1,10,' len=68 rcpt(4)
FMT0 persist at /var/zxid/bus/ch/default/93ZWtCrOZb5hNDkDnThkbFbS9JA 'test(7,10,' len=68 rcpt(5)
FMT0 persist at /var/zxid/bus/ch/default/7cgUKMT6X-3O5nM5gA9zEGDKiWw 'test(6,10,' len=68 rcpt(4)
FMT0 persist at /var/zxid/bus/ch/default/Q3QAGn2tK3DvEa9lN4rGdr88aXA 'test(8,10,' len=68 rcpt(3)
FMT0 persist at /var/zxid/bus/ch/default/GXH0I1jOsx3UrDSFKxQPlwwbRis 'test(5,10,' len=68 rcpt(4)
FMT0 persist at /var/zxid/bus/ch/default/akJVow1ys8mpRGY8QbxS4ebP3dU 'test(3,10,' len=68 rcpt(4)
FMT0 persist at /var/zxid/bus/ch/default/m67JGeic7-eSyFF3FWokkYDPB2k 'test(6,10,' len=68 rcpt(5)
FMT0 persist at /var/zxid/bus/ch/default/dkMpJyhCfvT4eX9Br28eexSIdyE 'test(7,10,' len=68 rcpt(6)
FMT0 persist at /var/zxid/bus/ch/default/C94uInWY-v7YpSdce5hdk_VkqYE 'test(4,10,' len=68 rcpt(5)
FMT0 persist at /var/zxid/bus/ch/default/BBZjMpKzBZjjzlsuboMaiS9GQlk 'test(1,10,' len=68 rcpt(5)
FMT0 persist at /var/zxid/bus/ch/default/aORaO_AlYs_WD7k4q63WRP6XAR4 'test(0,10,' len=68 rcpt(4)
FMT0 persist at /var/zxid/bus/ch/default/vahWn0sX30WgNn_t7H3O9B0BdsY 'test(3,10,' len=68 rcpt(5)
FMT0 persist at /var/zxid/bus/ch/default/SOQPSbtZuwJBBRs8WBQnLcCtdM8 'test(6,10,' len=68 rcpt(6)
FMT0 persist at /var/zxid/bus/ch/default/bzx7Qdm_t3N_ORp-rbwSQRsYVSA 'test(5,10,' len=68 rcpt(5)
FMT0 persist at /var/zxid/bus/ch/default/PjpEJiZs0mTvbCfoSTd5BZZU2iY 'test(7,10,' len=68 rcpt(7)
FMT0 persist at /var/zxid/bus/ch/default/mq15SRfFm_ItK-cPTox8ss4aYhc 'test(4,10,' len=68 rcpt(6)
FMT0 persist at /var/zxid/bus/ch/default/cnRlxNUrRMNzMEGIUavyxZITwwA 'test(1,10,' len=68 rcpt(6)
FMT0 persist at /var/zxid/bus/ch/default/lX_VLzsxfZEdqX15AYphE5eH1qI 'test(0,10,' len=68 rcpt(5)
FMT0 persist at /var/zxid/bus/ch/default/pnZnh2tLdCQDB55a3svG1db4mN8 'test(9,10,' len=67 rcpt(4)
FMT0 persist at /var/zxid/bus/ch/default/nVyKDzXF4fC_5xfooMwzAAUjLao 'test(6,10,' len=68 rcpt(7)
FMT0 persist at /var/zxid/bus/ch/default/RgTvFeVjb2Io1HfMYyQ5QqAgT9U 'test(3,10,' len=68 rcpt(6)
FMT0 persist at /var/zxid/bus/ch/default/eccl_uF4HLv3jt3ttyJZe4BHctQ 'test(5,10,' len=68 rcpt(6)
FMT0 persist at /var/zxid/bus/ch/default/WYljcXsMr_Qzp5lhbRsgs4WOGmY 'test(0,10,' len=68 rcpt(6)
FMT0 persist at /var/zxid/bus/ch/default/Vv0mJeGqfUo2zzHLynbV3lSI9Dc 'test(1,10,' len=68 rcpt(7)
FMT0 persist at /var/zxid/bus/ch/default/9uL3KvrfJmb5PL2EWwNoJpACS-w 'test(7,10,' len=68 rcpt(8)
FMT0 persist at /var/zxid/bus/ch/default/prJlrXQJiJ5J5yJ72quYsDl6hfU 'test(9,10,' len=67 rcpt(5)
FMT0 persist at /var/zxid/bus/ch/default/c57EaTeuHYJAIxw330XNzyFQDgU 'test(4,10,' len=68 rcpt(7)
FMT0 persist at /var/zxid/bus/ch/default/DIaIwF8wGme8BftoAYq1tDz80Ew 'test(6,10,' len=68 rcpt(8)
FMT0 persist at /var/zxid/bus/ch/default/wbXTo_4bp4PUr5dEqZg6T3T0LZE 'test(8,10,' len=67 rcpt(4)
FMT0 persist at /var/zxid/bus/ch/default/n9mD__eg4PE4k-OB-nOzhEXMLKE 'test(3,10,' len=68 rcpt(7)
FMT0 persist at /var/zxid/bus/ch/default/L1gVvTR8ijDFoSD7OGFIVqPHDtA 'test(0,10,' len=68 rcpt(7)
FMT0 persist at /var/zxid/bus/ch/default/cegY49XkylJ8p_J0894GAol3zD8 'test(1,10,' len=68 rcpt(8)
FMT0 persist at /var/zxid/bus/ch/default/oMlLPpMCnaADB6L3KNc5U9go0Jo 'test(5,10,' len=68 rcpt(7)
FMT0 persist at /var/zxid/bus/ch/default/ykggABM5m0UFS-rkHLsjcpsxtsQ 'test(3,10,' len=68 rcpt(8)
FMT0 persist at /var/zxid/bus/ch/default/tvSUdHGfglnSAI43N-orYR2NlPc 'test(4,10,' len=68 rcpt(8)
FMT0 persist at /var/zxid/bus/ch/default/QoTJPeL6RCXEfbstfklRAsfeVVk 'test(9,10,' len=67 rcpt(6)
FMT0 persist at /var/zxid/bus/ch/default/Bndhqbr3LMOwR-wiIVoHuSDURYU 'test(6,10,' len=68 rcpt(9)
FMT0 persist at /var/zxid/bus/ch/default/l0RqUzRZW9r9DwCrngXsmj9I490 'test(7,10,' len=68 rcpt(9)
FMT0 persist at /var/zxid/bus/ch/default/PsKB2My_UPe6uOQjpdxyeuHgNWE 'test(1,10,' len=68 rcpt(9)
FMT0 persist at /var/zxid/bus/ch/default/fBeOBJ0YdcjUeNYgLhcBTGAATPU 'test(8,10,' len=67 rcpt(5)
FMT0 persist at /var/zxid/bus/ch/default/EJW1Okl_Pr1O-44lgBRH3br9jlQ 'test(5,10,' len=68 rcpt(8)
FMT0 persist at /var/zxid/bus/ch/default/I0MGSiLhjICVzwIWqXuys9BcJ0c 'test(9,10,' len=67 rcpt(7)
FMT0 persist at /var/zxid/bus/ch/default/tWAmmkewh8CqyD-v1HmmpPFJh74 'test(4,10,' len=68 rcpt(9)
FMT0 persist at /var/zxid/bus/ch/default/Otad91D_FWyXflrct6t4SwpyCLs 'test(3,10,' len=68 rcpt(9)
FMT0 persist at /var/zxid/bus/ch/default/dnBqWZHy4ayqS7ux9xsR7jdjdRo 'test(0,10,' len=68 rcpt(8)
FMT0 persist at /var/zxid/bus/ch/default/cR7yuQzBMF3cmq3c7qYXj6he8TA 'test(1,10,' len=69 rcpt(10)
FMT0 persist at /var/zxid/bus/ch/default/d4ydnROOTkRwyyxiKz7r0X9IO_Q 'test(6,10,' len=69 rcpt(10)
FMT0 persist at /var/zxid/bus/ch/default/iSqWqhrb-zM-IYzVWR4J3yFfqFo 'test(7,10,' len=69 rcpt(10)
FMT0 persist at /var/zxid/bus/ch/default/sL8XAMgUkYZ2U6tQkXAXEG1nkek 'test(4,10,' len=69 rcpt(10)
FMT0 persist at /var/zxid/bus/ch/default/SwTrrkvWxZjTBHp_kPdOc6tyfps 'test(3,10,' len=69 rcpt(10)
FMT0 persist at /var/zxid/bus/ch/default/HgG156IIjLpnR2ek0WWTKC3_PhQ 'test(9,10,' len=67 rcpt(8)
FMT0 persist at /var/zxid/bus/ch/default/xG6SgKup84FLKu6Ykyp7pkaU5gw 'test(8,10,' len=67 rcpt(6)
FMT0 persist at /var/zxid/bus/ch/default/zbyRAJpOodlSJ2hVFr2BfZy8ijM 'test(7,10,' len=68 rcpt(11)
FMT0 persist at /var/zxid/bus/ch/default/hOvmaZMw3r2r6irMu5fbUcLW0u0 'test(0,10,' len=67 rcpt(9)
FMT0 persist at /var/zxid/bus/ch/default/gdnc1l90ciHNEPWWbdzVMwLi0ok 'test(1,10,' len=68 rcpt(11)
FMT0 persist at /var/zxid/bus/ch/default/8ZIAhPf8V0djm0GnJ-gObjUVjuI 'test(5,10,' len=68 rcpt(9)
FMT0 persist at /var/zxid/bus/ch/default/HMqQMZBgS87qW1SP6q9nslzSsjk 'test(9,10,' len=67 rcpt(9)
FMT0 persist at /var/zxid/bus/ch/default/krNZa3tcwsNmdOJ2ducP7At5hRk 'test(6,10,' len=68 rcpt(11)
FMT0 persist at /var/zxid/bus/ch/default/AlZOxa-1BKa5J41sFmeZ6zdAqHI 'test(8,10,' len=67 rcpt(7)
FMT0 persist at /var/zxid/bus/ch/default/l8hV4pZB84tseq-rZT6iLCfezDc 'test(3,10,' len=68 rcpt(11)
FMT0 persist at /var/zxid/bus/ch/default/5fzEsSZx9qEmelB5WoXiNIXUIfc 'test(5,10,' len=69 rcpt(10)
FMT0 persist at /var/zxid/bus/ch/default/4aNiZS9YdKPaQZhlraZrq9j7XcQ 'test(4,10,' len=68 rcpt(11)
FMT0 persist at /var/zxid/bus/ch/default/gzQFJv_Wz7QMkJapGL5bVWE6szQ 'test(0,10,' len=68 rcpt(10)
FMT0 persist at /var/zxid/bus/ch/default/5XPDQZswHfu-dacOt8BX08lZT0k 'test(7,10,' len=68 rcpt(12)
FMT0 persist at /var/zxid/bus/ch/default/MuwZPxSTucKLhATMqthP-EJPRLI 'test(2,9,1' len=67 rcpt(4)
FMT0 persist at /var/zxid/bus/ch/default/bTu_uKB3I1DCBFQJK2oG7_CGipg 'test(1,10,' len=68 rcpt(12)
FMT0 persist at /var/zxid/bus/ch/default/1TcDUAq9U3S8ovHHSdlTXIMNZJs 'test(4,10,' len=68 rcpt(12)
FMT0 persist at /var/zxid/bus/ch/default/jUzA3qTv5H_9F781xc8h8DyFAjw 'test(3,10,' len=68 rcpt(12)
FMT0 persist at /var/zxid/bus/ch/default/tuByBpleLk6EkWXykzTGvKqd4Z0 'test(6,10,' len=68 rcpt(12)
FMT0 persist at /var/zxid/bus/ch/default/_X3eWWxkvrWmzwywxGhmGVVhUEo 'test(5,10,' len=68 rcpt(11)
FMT0 persist at /var/zxid/bus/ch/default/odKvqIH7HXwbTIB9z2gGPIM2HLs 'test(9,10,' len=68 rcpt(10)
FMT0 persist at /var/zxid/bus/ch/default/Rk6gByWoJy0z8n4Fj9grLDfC7Ts 'test(8,10,' len=67 rcpt(8)
FMT0 persist at /var/zxid/bus/ch/default/5nrZXjEqnI8grwHViNeQrt8GUQE 'test(1,10,' len=68 rcpt(13)
FMT0 persist at /var/zxid/bus/ch/default/pauX1cTD8yiLk7SVfosTqLVpPjA 'test(5,10,' len=68 rcpt(12)
FMT0 persist at /var/zxid/bus/ch/default/pNFwgX0Iw5UkJTb3SixWCKtBOrQ 'test(7,10,' len=68 rcpt(13)
FMT0 persist at /var/zxid/bus/ch/default/mH-nANB3TmCj34t1wxLRpJGodsk 'test(2,9,1' len=67 rcpt(5)
FMT0 persist at /var/zxid/bus/ch/default/6TAaTQMN9VswY55Xv-83-jhSzww 'test(4,10,' len=68 rcpt(13)
FMT0 persist at /var/zxid/bus/ch/default/ei-1p6NNUYMsD9B5Jw4kVuMExh4 'test(3,10,' len=68 rcpt(13)
FMT0 persist at /var/zxid/bus/ch/default/ikf2h32NYq5foInI944rToFoo6w 'test(8,10,' len=67 rcpt(9)
FMT0 persist at /var/zxid/bus/ch/default/cjGJkY7W_evS2P8p87nWIQ7i-TM 'test(6,10,' len=68 rcpt(13)
FMT0 persist at /var/zxid/bus/ch/default/AdWBzes6XH8KjxOUE5BMoyF2Ruk 'test(4,10,' len=68 rcpt(14)
FMT0 persist at /var/zxid/bus/ch/default/ekyAh3LF_nn_MvKczLWPzMG5EM4 'test(5,10,' len=68 rcpt(13)
FMT0 persist at /var/zxid/bus/ch/default/QqCEo4htL6-YcGSVn7eKtOPgVJU 'test(7,10,' len=68 rcpt(14)
FMT0 persist at /var/zxid/bus/ch/default/d_DqICLefZt-gxW1nF5xnA2a_dM 'test(9,9,2' len=68 rcpt(11)
FMT0 persist at /var/zxid/bus/ch/default/T19GaBssUxGi9CcxOK9ufVCcYnQ 'test(6,10,' len=68 rcpt(14)
FMT0 persist at /var/zxid/bus/ch/default/8adihN5cPVmYtM3JpFuvZKLcBrY 'test(8,10,' len=68 rcpt(10)
FMT0 persist at /var/zxid/bus/ch/default/xv_3_zUfm4rnUhm1m69bnOKDm-k 'test(2,9,1' len=67 rcpt(6)
FMT0 persist at /var/zxid/bus/ch/default/zT5UlcKuX0elPYpW0NFeVpytmLA 'test(0,10,' len=68 rcpt(11)
FMT0 persist at /var/zxid/bus/ch/default/GuIE9ovH5VDx1i7XMSHsBdc2vqg 'test(5,10,' len=68 rcpt(14)
FMT0 persist at /var/zxid/bus/ch/default/YK02LcDlhXIj-SgUQKRhkTcO5Cc 'test(7,10,' len=68 rcpt(15)
FMT0 persist at /var/zxid/bus/ch/default/Ck6iTy2EobjJAqb-uBZwe0SzAa0 'test(8,10,' len=68 rcpt(11)
FMT0 persist at /var/zxid/bus/ch/default/gzz6E7O83BO8kfujveIpLUSYTCk 'test(4,10,' len=68 rcpt(15)
FMT0 persist at /var/zxid/bus/ch/default/MD_LsVpgopcHzdXSPMS4CgObm6I 'test(9,9,1' len=68 rcpt(12)
FMT0 persist at /var/zxid/bus/ch/default/MzE0ebbEj8ymWxewqUm3uHSDgC4 'test(6,10,' len=68 rcpt(15)
FMT0 persist at /var/zxid/bus/ch/default/7P-1NVIaD8BEJDvr-gl-flYorJc 'test(1,10,' len=68 rcpt(14)
FMT0 persist at /var/zxid/bus/ch/default/L8d0lQwqivxvm4lS0iH0B4kEaOY 'test(2,9,1' len=67 rcpt(7)
FMT0 persist at /var/zxid/bus/ch/default/LV36MQ21-pFvhd4BA2Y_-YXYzn8 'test(3,10,' len=68 rcpt(14)
FMT0 persist at /var/zxid/bus/ch/default/vXfHGE_4EnPh4w88TK--A7FJjp0 'test(7,10,' len=68 rcpt(16)
FMT0 persist at /var/zxid/bus/ch/default/DmEweABVRTfT_tFrOxb9OtierX0 'test(6,10,' len=68 rcpt(16)
FMT0 persist at /var/zxid/bus/ch/default/qGoCaPlBfM8lhjMcxeLNS-jxvcg 'test(8,10,' len=68 rcpt(12)
FMT0 persist at /var/zxid/bus/ch/default/hZTGbHZpSrUR23w7uPq8xYtScMM 'test(4,10,' len=68 rcpt(16)
FMT0 persist at /var/zxid/bus/ch/default/_rTJs3WJbg3rhc_cFo7QDxd_iy4 'test(9,9,1' len=68 rcpt(13)
FMT0 persist at /var/zxid/bus/ch/default/RiolPpbt6QhMSV1ARvEnc8b1yHE 'test(1,10,' len=68 rcpt(15)
FMT0 persist at /var/zxid/bus/ch/default/vmPQDxthWudLSl23ZkbfSqczYoE 'test(0,10,' len=68 rcpt(12)
FMT0 persist at /var/zxid/bus/ch/default/KJAU0woh_KX09u6-Gx2ciMT_b4w 'test(5,10,' len=68 rcpt(15)
FMT0 persist at /var/zxid/bus/ch/default/qdPhyDEvwkp8yEnTDDUf98ae8-U 'test(2,9,1' len=67 rcpt(8)
FMT0 persist at /var/zxid/bus/ch/default/YoUQYGqxMjUFqIVWPxthvyzXUuA 'test(7,10,' len=68 rcpt(17)
FMT0 persist at /var/zxid/bus/ch/default/aTpm3Qnx4R6O9c-ZebrsZfgDKII 'test(6,10,' len=68 rcpt(17)
FMT0 persist at /var/zxid/bus/ch/default/5Wvamiyc04VurS9VI80vcS8YRwY 'test(4,10,' len=68 rcpt(17)
FMT0 persist at /var/zxid/bus/ch/default/RK2lCJvAo-PCxi-Ob2uDzvvLXi4 'test(3,10,' len=68 rcpt(15)
FMT0 persist at /var/zxid/bus/ch/default/0lb_EYhlOGwkuybslaj-xqSETyY 'test(1,10,' len=68 rcpt(16)
FMT0 persist at /var/zxid/bus/ch/default/Neqyyr9DyyA7PeKMz6z3VArBDvc 'test(4,10,' len=68 rcpt(18)
FMT0 persist at /var/zxid/bus/ch/default/caE9nt_5Qg_xg8xGtUikKZxiyC0 'test(5,10,' len=68 rcpt(16)
FMT0 persist at /var/zxid/bus/ch/default/pMIY3TsFUTgb50SFUPz_wwBrLJY 'test(7,10,' len=68 rcpt(18)
FMT0 persist at /var/zxid/bus/ch/default/Tr9gk1eXnotClTr3XIBsDRR5NKM 'test(0,10,' len=68 rcpt(13)
FMT0 persist at /var/zxid/bus/ch/default/5bvo0duW2yH_O_sbXw_krRedACc 'test(2,9,1' len=67 rcpt(9)
FMT0 persist at /var/zxid/bus/ch/default/Z-i7e1iylhVFJQB3QsLHzuV8cZI 'test(9,9,1' len=68 rcpt(14)
FMT0 persist at /var/zxid/bus/ch/default/AEpCHCTugX0LzQvldygQ7LYdldM 'test(6,10,' len=68 rcpt(18)
FMT0 persist at /var/zxid/bus/ch/default/Av-VHdajr6gnP3WmUCYN6QKLEX4 'test(1,10,' len=68 rcpt(17)
FMT0 persist at /var/zxid/bus/ch/default/-xJ4hbRNdKRN_S3farfQAhlV97I 'test(0,10,' len=68 rcpt(14)
FMT0 persist at /var/zxid/bus/ch/default/2YGjCyaxdo2nV0yUambad7bmQJo 'test(5,10,' len=68 rcpt(17)
FMT0 persist at /var/zxid/bus/ch/default/eG0N46jcIGzITcilWp34WJpuW-c 'test(2,9,1' len=68 rcpt(10)
FMT0 persist at /var/zxid/bus/ch/default/sV0YddQryK-vSxCxdMHtMZIfP8E 'test(7,10,' len=68 rcpt(19)
FMT0 persist at /var/zxid/bus/ch/default/T6m1-IZ_objTcEhsHhGfPqkdOh8 'test(3,10,' len=68 rcpt(16)
FMT0 persist at /var/zxid/bus/ch/default/P31hilTolnWxKcoRhsd8efR4Da0 'test(6,10,' len=68 rcpt(19)
FMT0 persist at /var/zxid/bus/ch/default/VclveBNyyAtn-SWOx-BaABRMfZ8 'test(9,9,1' len=68 rcpt(15)
FMT0 persist at /var/zxid/bus/ch/default/LIBM2Wpmsgq0qocz8-HJl6zCQ7Q 'test(0,9,2' len=68 rcpt(15)
FMT0 persist at /var/zxid/bus/ch/default/u8DEk3JLDIKHuiHh3Ghp1kgw-Eo 'test(1,10,' len=68 rcpt(18)
FMT0 persist at /var/zxid/bus/ch/default/UqPKQsvLZ2V-WcbNkfGUSEiIwaQ 'test(4,9,2' len=68 rcpt(19)
FMT0 persist at /var/zxid/bus/ch/default/zCvD2SsQ0tMPRPx88kf6c0Dkrnc 'test(8,9,1' len=68 rcpt(13)
FMT0 persist at /var/zxid/bus/ch/default/15eopMVdTF2YzjwmgfgG1lSA_x4 'test(2,9,9' len=67 rcpt(11)
FMT0 persist at /var/zxid/bus/ch/default/UIRe7NCy-nan0n6zPtX2ASwOjOY 'test(0,9,1' len=68 rcpt(16)
FMT0 persist at /var/zxid/bus/ch/default/3OErwl6cKmepuUwvpiQUXdqvuFI 'test(4,9,1' len=68 rcpt(20)
FMT0 persist at /var/zxid/bus/ch/default/C2bavIEfpGdJ9FU2Aifs2X11bnY 'test(9,9,1' len=68 rcpt(16)
FMT0 persist at /var/zxid/bus/ch/default/mZ-GydBuSorZQSGjGySN4PBAbKQ 'test(3,7,7' len=67 rcpt(17)
FMT0 persist at /var/zxid/bus/ch/default/srck9V4cdHwBHljbHn4chU4mzmU 'test(2,9,8' len=67 rcpt(12)
FMT0 persist at /var/zxid/bus/ch/default/PGBKP7pqGFZGqOENrBWMYjMRcLk 'test(8,9,1' len=68 rcpt(14)
FMT0 persist at /var/zxid/bus/ch/default/U5MIze92F4DQFYhyjNR_G3jOKnA 'test(1,10,' len=68 rcpt(19)
FMT0 persist at /var/zxid/bus/ch/default/9x5DalYvBZhBTKTH1RnVyiZ4MVk 'test(5,7,5' len=67 rcpt(18)
FMT0 persist at /var/zxid/bus/ch/default/gqMYUfwR3C-ByBhZaaX5b3ybyfM 'test(3,7,6' len=67 rcpt(18)
FMT0 persist at /var/zxid/bus/ch/default/wQpwROw89BgAi_r_7Bdlb4Z0k0Q 'test(9,9,1' len=68 rcpt(17)
FMT0 persist at /var/zxid/bus/ch/default/IUvJBgih5YjOCJQWIBnjVh8jqx4 'test(4,9,1' len=68 rcpt(21)
FMT0 persist at /var/zxid/bus/ch/default/IwTcMB2x9guMlJr4gCWMRffv7Y8 'test(0,9,1' len=68 rcpt(17)
FMT0 persist at /var/zxid/bus/ch/default/h08AT1ctTib9TLNfcia59Ka5T2A 'test(1,9,1' len=68 rcpt(20)
FMT0 persist at /var/zxid/bus/ch/default/yG4Q6GBZUyDuirMIqgxDIy9T3CE 'test(4,9,1' len=68 rcpt(22)
FMT0 persist at /var/zxid/bus/ch/default/Js-fweV9Yg6j9ynqQTSd-xfUj8k 'test(9,9,1' len=68 rcpt(18)
FMT0 persist at /var/zxid/bus/ch/default/9Azu7X1mYxUpZ00jnos0Mp4fr2U 'test(3,5,1' len=68 rcpt(19)
FMT0 persist at /var/zxid/bus/ch/default/urGypxY9KHFFS2N7W54sgKWU1K0 'test(5,7,4' len=67 rcpt(19)
FMT0 persist at /var/zxid/bus/ch/default/HqQ892Gx9qJcSJdB1gzZ7_wBK4U 'test(8,8,2' len=67 rcpt(15)
FMT0 persist at /var/zxid/bus/ch/default/cPf2R-j4jTpHSswpqn5-Si4DeYg 'test(0,9,1' len=68 rcpt(18)
FMT0 persist at /var/zxid/bus/ch/default/vsopVVY4ioOjigTXflxc7vQ1Agc 'test(1,9,1' len=68 rcpt(21)
FMT0 persist at /var/zxid/bus/ch/default/8RNbUYWDHgOH2qpjZAfUzXnXBqM 'test(7,5,7' len=67 rcpt(20)
FMT0 persist at /var/zxid/bus/ch/default/spYpih81Kv1KRjHAJ_7iaNPcxyE 'test(3,5,1' len=68 rcpt(21)
FMT0 persist at /var/zxid/bus/ch/default/Ksp-FVR4gXFIFRb4_FrE2j2UOTo 'test(3,5,1' len=68 rcpt(20)
FMT0 persist at /var/zxid/bus/ch/default/dxcHBIbem19zt0aPgLvKkuU3RB0 'test(2,7,1' len=68 rcpt(13)
FMT0 persist at /var/zxid/bus/ch/default/QiMoHH_4QxUIpc5u6Mef-WPqXdc 'test(8,8,1' len=67 rcpt(16)
FMT0 persist at /var/zxid/bus/ch/default/P02jLe2fxqemctBpozsMXwSsF28 'test(9,9,1' len=68 rcpt(19)
FMT0 persist at /var/zxid/bus/ch/default/QIJY1Uq5vBDOdT6EEnHpLPfK0SQ 'test(0,9,1' len=68 rcpt(19)
FMT0 persist at /var/zxid/bus/ch/default/T7CQZHBfZVrcIvSwn14c7Up0e9U 'test(7,5,6' len=67 rcpt(21)
FMT0 persist at /var/zxid/bus/ch/default/GPXTPJc3eikewj189yefa5wH6w8 'test(6,3,6' len=67 rcpt(20)
FMT0 persist at /var/zxid/bus/ch/default/eTsuljkS2iIFSK0YI2FpUXBmJxc 'test(2,7,9' len=67 rcpt(14)
FMT0 persist at /var/zxid/bus/ch/default/MDgBBVnd44XLmLmEL8CIUsy4cS4 'test(9,9,1' len=68 rcpt(20)
FMT0 persist at /var/zxid/bus/ch/default/pWqv5ohA84ABc--eLYg9soG7bT4 'test(8,6,2' len=67 rcpt(17)
FMT0 persist at /var/zxid/bus/ch/default/YoPG1JV9XcJcRTk6K7svo5oR22s 'test(0,9,1' len=68 rcpt(20)
FMT0 persist at /var/zxid/bus/ch/default/gSGUx1912XuKdMG4EZ0JqdH4Ctw 'test(4,7,1' len=68 rcpt(23)
FMT0 persist at /var/zxid/bus/ch/default/Y5TANmqyk9DHwTxbYMDuLpEEX84 'test(3,5,9' len=67 rcpt(22)
FMT0 persist at /var/zxid/bus/ch/default/UbO9oCjrk2nE663p9cGQI1h3zKU 'test(2,7,6' len=67 rcpt(15)
FMT0 persist at /var/zxid/bus/ch/default/vpfu0GOzEBp6Hv3uOvw8LXLkkkM 'test(6,3,5' len=67 rcpt(21)
FMT0 persist at /var/zxid/bus/ch/default/ZDVvabUYnLs-k2Af2cwTnm63HzM 'test(9,9,9' len=67 rcpt(21)
FMT0 persist at /var/zxid/bus/ch/default/gWuaxKw1IaivcxmDaQ2CSiwrwDk 'test(3,4,1' len=68 rcpt(23)
FMT0 persist at /var/zxid/bus/ch/default/iX2oBojEqdYrbqo8uJNFzp6qzNU 'test(4,7,1' len=68 rcpt(24)
FMT0 persist at /var/zxid/bus/ch/default/0LXTpLuFCiySKt653kbF-l4TZ00 'test(8,6,1' len=67 rcpt(18)
FMT0 persist at /var/zxid/bus/ch/default/R6NsO1DTFPZ3hCdxir6HAQY5Tw8 'test(1,6,1' len=68 rcpt(22)
FMT0 persist at /var/zxid/bus/ch/default/mCL1fMgsdE9XNq-4VdNgrn-JV1c 'test(6,3,4' len=67 rcpt(22)
FMT0 persist at /var/zxid/bus/ch/default/mpNudLrdtNsOqtHEVdRycOGljX8 'test(2,7,5' len=67 rcpt(16)
FMT0 persist at /var/zxid/bus/ch/default/u3LmTTjG44icM4TP7mCp0yUEwG8 'test(0,8,1' len=68 rcpt(21)
FMT0 persist at /var/zxid/bus/ch/default/dzBJu5PwIj2Ke6f8EphTzP2M6Jw 'test(3,4,9' len=67 rcpt(24)
FMT0 persist at /var/zxid/bus/ch/default/kDXlYA8QszV8Fgi0Aiqtemt4O9o 'test(1,6,1' len=68 rcpt(23)
FMT0 persist at /var/zxid/bus/ch/default/jr6SFY-1arVoOjc4MdGwxHtkdyc 'test(8,5,1' len=68 rcpt(19)
FMT0 persist at /var/zxid/bus/ch/default/7WfnUefxtTBvl814pT3dYdOdZYw 'test(5,1,1' len=68 rcpt(20)
FMT0 persist at /var/zxid/bus/ch/default/kU0HzXltunMxHD2S8zetd2pS5d0 'test(6,3,3' len=67 rcpt(23)
FMT0 persist at /var/zxid/bus/ch/default/xX48W9TsuRWA8wUSPGTo2G4tI2c 'test(6,2,7' len=67 rcpt(24)
FMT0 persist at /var/zxid/bus/ch/default/xnKS903EeK5sLfUGAPLrj0asccM 'test(8,5,1' len=68 rcpt(20)
FMT0 persist at /var/zxid/bus/ch/default/hRPoomnaV5gClDcvy6o3lllNcok 'test(0,8,1' len=68 rcpt(22)
FMT0 persist at /var/zxid/bus/ch/default/G5Cz1edqAA8_V9_zYvrw_mTbjNU 'test(5,1,1' len=68 rcpt(21)
FMT0 persist at /var/zxid/bus/ch/default/J2qPOtRnnDWA-jSd-FqU1nvagQw 'test(4,4,1' len=67 rcpt(25)
FMT0 persist at /var/zxid/bus/ch/default/Gvd8ipb-7-CWdIR4a-7Q1Rpq3Cg 'test(6,2,5' len=67 rcpt(26)
FMT0 persist at /var/zxid/bus/ch/default/RvorMY5Tc9o_UBOufyXTIJaypGg 'test(6,2,6' len=67 rcpt(25)
FMT0 persist at /var/zxid/bus/ch/default/RiodObHp8Ht8VOmv4sfklI2Bbpg 'test(9,5,7' len=67 rcpt(22)
FMT0 persist at /var/zxid/bus/ch/default/znYdlGI49gx8GRCG9zRRGSz3L3w 'test(4,3,1' len=68 rcpt(26)
FMT0 persist at /var/zxid/bus/ch/default/aWcfMlP_wT_l4MyRQtG3dCkiv3k 'test(0,5,1' len=68 rcpt(23)
FMT0 persist at /var/zxid/bus/ch/default/YLagAbvjIO3abgy77PztUEE9fd8 'test(6,2,4' len=67 rcpt(27)
FMT0 persist at /var/zxid/bus/ch/default/FrODdM-nmWEFx5Yn3b--d9s0lS8 'test(9,5,6' len=67 rcpt(23)
FMT0 persist at /var/zxid/bus/ch/default/Nrz-ZoQFbFcTtCZqEVdKCWfEedM 'test(4,3,1' len=68 rcpt(27)
FMT0 persist at /var/zxid/bus/ch/default/NKh1ECqlP2FxcdR5-MA2zuck7W8 'test(0,5,1' len=68 rcpt(24)
FMT0 persist at /var/zxid/bus/ch/default/am7M75Qz0MdSZTOLk4ifikfYCis 'test(0,5,6' len=67 rcpt(26)
FMT0 persist at /var/zxid/bus/ch/default/-LpEv77xdzsv1z1iL6ysIzj062o 'test(0,5,9' len=67 rcpt(25)
FMT0 persist at /var/zxid/bus/ch/default/Mk_SXojjmApXtSehM2r-NZbWWp8 'test(9,1,2' len=67 rcpt(24)
FMT0 persist at /var/zxid/bus/ch/default/dJgU4jLefIz2dWX_-NjRn63Ubp4 'test(0,5,5' len=67 rcpt(27)
