shf_0x9691438  // max_ios=11
-> io_0x96a92c0
  io_0x96a92c0 -> pdu_0x9694778 [label=cur_pdu]; // fd=0x4
  io_0x96a92c0 -> null [label=reqs];
  io_0x96a92c0 -> null [label=to_write_produce];
  io_0x96a92c0 -> null [label=to_write_consume];  // n_to_write=0
  io_0x96a92c0 -> null [label=in_write];
-> io_0x96a94a8
  io_0x96a94a8 -> pdu_0x969b8d0 [label=cur_pdu]; // fd=0x6
  io_0x96a94a8  // reqs
    -> pdu_0x9699fa0  // (ZXCT)
    pdu_0x9699fa0 -> null [label=reals];
    pdu_0x9699fa0 -> null [label=synths];
    pdu_0x9699fa0 -> null [label=subresps];
[label=reqs];
  io_0x96a94a8 -> null [label=to_write_produce];
  io_0x96a94a8 -> null [label=to_write_consume];  // n_to_write=0
  io_0x96a94a8 -> null [label=in_write];
[label=ios];
shf_0x9691438 -> null [label=todo_consume];
shf_0x9691438   // free_pdus (color=4)
-> pdu_0x969c568
-> pdu_0x969d200
-> pdu_0x969de98
-> pdu_0x969eb30
-> pdu_0x969f7c8
-> pdu_0x96a0460
-> pdu_0x96a10f8
-> pdu_0x96a1d90
-> pdu_0x96a2a28
-> pdu_0x96a36c0
-> pdu_0x96a4358
-> pdu_0x96a4ff0
-> pdu_0x96a5c88
-> pdu_0x96a6920
-> pdu_0x96a75b8
-> pdu_0x96a8250
[label=free_pdus];
Data structure dump 19
----------------------
hit_0x8f4035c [label="tid_8f40b70"];
hit_0x8f4035c -> null [label=free_pdus];
Hit structure dump 0
======================
hit_0xbfe5c394 [label="tid_b76eea30"];
hit_0xbfe5c394  // free_pdus
-> pdu_0x96960a8  // (STOM)
-> pdu_0x969ac38  // (CONN)
[label=free_pdus];
Hit structure dump 2
======================
hit_0x175835c [label="tid_1758b70"];
hit_0x175835c -> null [label=free_pdus];
Hit structure dump 0
======================
