FMT0 persist at /var/zxid/bus/ch/default/zvuWsewQqt-hYflrtXC9yYEWb8E 'foo bar' len=61 rcpt(0)
FMT0 persist at /var/zxid/bus/ch/default/JW8CltIg8QbpBEDWamF1SPZxDYk '' len=54 rcpt(0)
FMT0 persist at /var/zxid/bus/ch/default/bjZtT6SuxzOFHc1GLnoFdMdSbm0 'F' len=55 rcpt(0)
FMT0 persist at /var/zxid/bus/ch/default/3yaWfCFEuyz-HXA7_PY2lV-zfYg 'test(-1,10' len=69 rcpt(0)
FMT0 persist at /var/zxid/bus/ch/default/35OUqHeMdhRnPCsPBJH-BCvMKoU 'test(-1,10' len=69 rcpt(1)
FMT0 persist at /var/zxid/bus/ch/default/5IDVUvOLVmHmexymd4x9U4_fGiE 'test(-1,10' len=69 rcpt(2)
FMT0 persist at /var/zxid/bus/ch/default/2ILOd9iA9sXKvGjpSAQebLoq2qw 'test(-1,10' len=69 rcpt(3)
FMT0 persist at /var/zxid/bus/ch/default/5-UizDkcKov2nGMBR17-7VpVeQ8 'test(-1,10' len=69 rcpt(4)
FMT0 persist at /var/zxid/bus/ch/default/JP2s0dI6xNkX63n7ZkAjqUUU-RM 'test(-1,10' len=69 rcpt(5)
FMT0 persist at /var/zxid/bus/ch/default/uwFxZrtMSOtP5tVOS0qE62ExX1Y 'test(-1,10' len=69 rcpt(6)
FMT0 persist at /var/zxid/bus/ch/default/HOXHKXrNynLHrbxJ7ff7TUU_7D4 'test(-1,10' len=69 rcpt(7)
FMT0 persist at /var/zxid/bus/ch/default/Xk6XftlZus_9dohsr01EI54p0OU 'test(-1,10' len=69 rcpt(8)
FMT0 persist at /var/zxid/bus/ch/default/d8lbiMfQlvezKDfBsg9NlAqSQ-8 'test(-1,10' len=69 rcpt(9)
FMT0 persist at /var/zxid/bus/ch/default/JEnG2wwROfDNZ36Sc9PWrpIWSCk 'test(-1,10' len=70 rcpt(10)
FMT0 persist at /var/zxid/bus/ch/default/f5-vIEPUTox43OUX1nL-yg-OS3o 'test(-1,10' len=69 rcpt(11)
FMT0 persist at /var/zxid/bus/ch/default/ojkE2iuWTmkaGBMgZ9SDyFUapkc 'test(-1,10' len=69 rcpt(12)
FMT0 persist at /var/zxid/bus/ch/default/V9ZWdFF9Jzkkdi8HYyt2a2kcizw 'test(-1,10' len=69 rcpt(13)
FMT0 persist at /var/zxid/bus/ch/default/Re6LCQ0mlGRH_UFkdIjxX6u-LQw 'test(-1,10' len=69 rcpt(14)
FMT0 persist at /var/zxid/bus/ch/default/wVbDRlDK_mvYm4b968rnOQfkHHI 'test(-1,10' len=69 rcpt(15)
FMT0 persist at /var/zxid/bus/ch/default/FM4qmrnEhUOsYmWO4iymXkZbSdQ 'test(-1,10' len=69 rcpt(16)
FMT0 persist at /var/zxid/bus/ch/default/vUj8SZ2Js2gY9s43iRSugPbzY_M 'test(-1,10' len=69 rcpt(17)
FMT0 persist at /var/zxid/bus/ch/default/LFtciBs-W1RGhdIjBPJYgd2Y_Ag 'test(-1,10' len=69 rcpt(18)
FMT0 persist at /var/zxid/bus/ch/default/44YuNEl5ol5XEF8Zh5_8s6esUFU 'test(-1,10' len=69 rcpt(19)
FMT0 persist at /var/zxid/bus/ch/default/biYNQsjIZvP9Nzwnjyjuhv4lwNw 'test(-1,9,' len=69 rcpt(20)
FMT0 persist at /var/zxid/bus/ch/default/h3hZBocFbvmGiqNhz1YCT8s2hxU 'test(-1,9,' len=69 rcpt(21)
FMT0 persist at /var/zxid/bus/ch/default/5gjqBP2HG8Z1RF00jeIZFRZ5iP8 'test(-1,9,' len=69 rcpt(22)
FMT0 persist at /var/zxid/bus/ch/default/UrP8sCUgjN_SESLjVJfR6SBECwI 'test(-1,9,' len=69 rcpt(23)
FMT0 persist at /var/zxid/bus/ch/default/pM5fhVEqNf4aWOiA9gsH2KRJ_mw 'test(-1,9,' len=69 rcpt(24)
FMT0 persist at /var/zxid/bus/ch/default/rmWZsD9S-WqqPRbKdSDWNM-t9Ek 'test(-1,9,' len=69 rcpt(25)
FMT0 persist at /var/zxid/bus/ch/default/B0AY5AARAoRD6S9XHG7T1p7QWsU 'test(-1,9,' len=69 rcpt(26)
FMT0 persist at /var/zxid/bus/ch/default/IRcNzrDtvUVA7Yhte9B_1mJOvrw 'test(-1,9,' len=69 rcpt(27)
FMT0 persist at /var/zxid/bus/ch/default/BGxDDKGsUPzGm7yl51XEMy-omLQ 'test(-1,9,' len=69 rcpt(28)
FMT0 persist at /var/zxid/bus/ch/default/jizdvrPVXQnWw-R0kUc7qENVhnE 'test(-1,9,' len=69 rcpt(29)
FMT0 persist at /var/zxid/bus/ch/default/tcQ8k_GtGPAMHY3PywB7lL6xBnc 'test(-1,9,' len=69 rcpt(30)
FMT0 persist at /var/zxid/bus/ch/default/i46sMKPBfLtcHWSkFhTGc2Nc8kQ 'test(-1,9,' len=68 rcpt(31)
FMT0 persist at /var/zxid/bus/ch/default/3AvhHDlW7RkcvqVKSXhIdaUoGTk 'test(-1,9,' len=68 rcpt(32)
FMT0 persist at /var/zxid/bus/ch/default/GTMBriSVyCUZUEmVfto66XGANOY 'test(-1,9,' len=68 rcpt(33)
FMT0 persist at /var/zxid/bus/ch/default/5f2JBM5H7TbJcVBwsnqYWlBg79E 'test(-1,9,' len=68 rcpt(34)
FMT0 persist at /var/zxid/bus/ch/default/noC8r6nipKLfR-j-0MDrOUr2L5I 'test(-1,9,' len=68 rcpt(35)
FMT0 persist at /var/zxid/bus/ch/default/PJ0PYqJnQHHeAisAMh3PYZslkxE 'test(-1,9,' len=68 rcpt(36)
FMT0 persist at /var/zxid/bus/ch/default/LhdKzX6uoPPtYJQwFMBL7UIKQtk 'test(-1,9,' len=68 rcpt(37)
FMT0 persist at /var/zxid/bus/ch/default/HbNTqyQghBJBt_i6fTaQdWXt4KY 'test(-1,9,' len=68 rcpt(38)
FMT0 persist at /var/zxid/bus/ch/default/SKxkqUzpErNZwM2c7U0pMFDh0c4 'test(-1,9,' len=68 rcpt(39)
FMT0 persist at /var/zxid/bus/ch/default/xpoEGlyR1nkyvXxnCHzb0GgRsCE 'test(-1,8,' len=69 rcpt(40)
FMT0 persist at /var/zxid/bus/ch/default/Zx7ZADF9J7uUktK8G_oueVMy4yk 'test(-1,8,' len=69 rcpt(41)
FMT0 persist at /var/zxid/bus/ch/default/sygRWnccwQRr2AQ1zfsVMklfT84 'test(-1,8,' len=69 rcpt(42)
FMT0 persist at /var/zxid/bus/ch/default/5m_BqIcyk2BJNUtXHQIMYNUXIFo 'test(-1,8,' len=69 rcpt(43)
FMT0 persist at /var/zxid/bus/ch/default/xMQa1PT4u5FmEPw6EM-Wws1lZ0s 'test(-1,8,' len=69 rcpt(44)
FMT0 persist at /var/zxid/bus/ch/default/sGvPDob7wE6ipUB8SxBTFrmkbcE 'test(-1,8,' len=69 rcpt(45)
FMT0 persist at /var/zxid/bus/ch/default/b73GDEZG3wZzj46nzpa_UH-sLq4 'test(-1,8,' len=69 rcpt(46)
FMT0 persist at /var/zxid/bus/ch/default/BAeuXWqo5o9Ej8etSbq1DQ5Rv3I 'test(-1,8,' len=69 rcpt(47)
FMT0 persist at /var/zxid/bus/ch/default/hjmE7GEoQUmmohpqo_pONQxCF34 'test(-1,8,' len=69 rcpt(48)
FMT0 persist at /var/zxid/bus/ch/default/zsmlR76yE4Fc_5Ofewocfja4mC0 'test(-1,8,' len=69 rcpt(49)
FMT0 persist at /var/zxid/bus/ch/default/4jRn6jxY9H0YVQY-alhYYIS4cBw 'test(-1,8,' len=69 rcpt(50)
FMT0 persist at /var/zxid/bus/ch/default/gr2Ql0JSHTcodq5aCN2ucfTMAvA 'test(-1,8,' len=68 rcpt(51)
FMT0 persist at /var/zxid/bus/ch/default/Dzxy0ddog2lA-exFSCzWZAngWlU 'test(-1,8,' len=68 rcpt(52)
FMT0 persist at /var/zxid/bus/ch/default/_lVyJBdnThbixgJkb42dz9RrztU 'test(-1,8,' len=68 rcpt(53)
FMT0 persist at /var/zxid/bus/ch/default/cmo1BQDiCACNBslCiAZT2IALDr4 'test(-1,8,' len=68 rcpt(54)
FMT0 persist at /var/zxid/bus/ch/default/5Zo2NZ0QCoZ-S-6eogoWx5RHZpk 'test(-1,8,' len=68 rcpt(55)
FMT0 persist at /var/zxid/bus/ch/default/q94P0s15BB5p8tBEacLw716KkiA 'test(-1,8,' len=68 rcpt(56)
FMT0 persist at /var/zxid/bus/ch/default/Rfro0cQiPGPb28S6irOC673brYg 'test(-1,8,' len=68 rcpt(57)
FMT0 persist at /var/zxid/bus/ch/default/lYO4gnFogbILyL_cVlXIrceTLm4 'test(-1,8,' len=68 rcpt(58)
FMT0 persist at /var/zxid/bus/ch/default/xa-QRsnQfA6ua-ShNpVrZNeshS8 'test(-1,8,' len=68 rcpt(59)
FMT0 persist at /var/zxid/bus/ch/default/Xrai02IvSenif5Br4Rv0wfVdrt4 'test(-1,7,' len=69 rcpt(60)
FMT0 persist at /var/zxid/bus/ch/default/QybmwQtGwTTlRtF4w-TS57pHrC4 'test(-1,7,' len=69 rcpt(61)
FMT0 persist at /var/zxid/bus/ch/default/mnSnI6vuA3A9e6vGpNqbvtxbIZ8 'test(-1,7,' len=69 rcpt(62)
FMT0 persist at /var/zxid/bus/ch/default/KFZ4s5RYugEc3IEua9N_Hp2ItKU 'test(-1,7,' len=69 rcpt(63)
FMT0 persist at /var/zxid/bus/ch/default/qjo5peUNiqaWMjcnpmcYyEFRGd4 'test(-1,7,' len=69 rcpt(64)
FMT0 persist at /var/zxid/bus/ch/default/0bbqnrgthv5AtKu_jvHHPYm7590 'test(-1,7,' len=69 rcpt(65)
FMT0 persist at /var/zxid/bus/ch/default/_aKBUUZgxAl9SgDyl2Zf65wGG6c 'test(-1,7,' len=69 rcpt(66)
FMT0 persist at /var/zxid/bus/ch/default/R2fMaTmsxl4tZS1gc7Qw1y07OLU 'test(-1,7,' len=69 rcpt(67)
FMT0 persist at /var/zxid/bus/ch/default/lxvddNO8gejTqKyT0XFOli-OL2k 'test(-1,7,' len=69 rcpt(68)
FMT0 persist at /var/zxid/bus/ch/default/UPJIRTBI5b3IwFJCnGwzhSAU6IQ 'test(-1,7,' len=69 rcpt(69)
FMT0 persist at /var/zxid/bus/ch/default/mdRUqS9rLqvWsnU81ntSNFjwI_U 'test(-1,7,' len=69 rcpt(70)
FMT0 persist at /var/zxid/bus/ch/default/ZnIp0VWMCP0CJCs7GX9zlScNTBc 'test(-1,7,' len=68 rcpt(71)
FMT0 persist at /var/zxid/bus/ch/default/X4dMKJbhbgh1PtkPnI4AbkzzASw 'test(-1,7,' len=68 rcpt(72)
FMT0 persist at /var/zxid/bus/ch/default/BIgPNyPRYli3Qr00FokPKkeMppE 'test(-1,7,' len=68 rcpt(73)
FMT0 persist at /var/zxid/bus/ch/default/A72Y2GXCU-9HiColGacDQNnx5_8 'test(-1,7,' len=68 rcpt(74)
FMT0 persist at /var/zxid/bus/ch/default/6WQ2WpEs_2hyFX_gEZmjACP71yo 'test(-1,7,' len=68 rcpt(75)
FMT0 persist at /var/zxid/bus/ch/default/lAZgZXVL5hyZDVZqfbl5D0fzJZ8 'test(-1,7,' len=68 rcpt(76)
FMT0 persist at /var/zxid/bus/ch/default/9YzHqcq1sfNyX-X2edrFYnDmPyU 'test(-1,7,' len=68 rcpt(77)
FMT0 persist at /var/zxid/bus/ch/default/eCbQv63zhXmNdap_uyeyjWyj4NI 'test(-1,7,' len=68 rcpt(78)
FMT0 persist at /var/zxid/bus/ch/default/FNIl6PkbdCKgVxxYuTLSTtcpF5o 'test(-1,7,' len=68 rcpt(79)
FMT0 persist at /var/zxid/bus/ch/default/zFz96-EeVViEflesk-062FlJ8QI 'test(-1,6,' len=69 rcpt(80)
FMT0 persist at /var/zxid/bus/ch/default/L_94L33TUBQvlIXrYOUsr1snmRQ 'test(-1,6,' len=69 rcpt(81)
FMT0 persist at /var/zxid/bus/ch/default/KCd0IP0ciufPZSRirnCwZmDIT_s 'test(-1,6,' len=69 rcpt(82)
FMT0 persist at /var/zxid/bus/ch/default/2onfwo1c0_7pj2lnjO6ewz8wZOk 'test(-1,6,' len=69 rcpt(83)
FMT0 persist at /var/zxid/bus/ch/default/T4L06ew8DrPUQ3CJret-RiSX27E 'test(-1,6,' len=69 rcpt(84)
FMT0 persist at /var/zxid/bus/ch/default/xDsutRnnIKGE1CrryQpBQYgH4oM 'test(-1,6,' len=69 rcpt(85)
FMT0 persist at /var/zxid/bus/ch/default/LgMXt2uB51eevW9auOQ88kQgLBE 'test(-1,6,' len=69 rcpt(86)
FMT0 persist at /var/zxid/bus/ch/default/v6u1dhsBKL2DWpa6NMPS0wBgQX4 'test(-1,6,' len=69 rcpt(87)
FMT0 persist at /var/zxid/bus/ch/default/vmtVbSJWik1U47nXOobDhU7wTWw 'test(-1,6,' len=69 rcpt(88)
FMT0 persist at /var/zxid/bus/ch/default/ZBAQVh9FcYp-t6McIpUTuUTwJ-U 'test(-1,6,' len=69 rcpt(89)
FMT0 persist at /var/zxid/bus/ch/default/ZnbFy7OOeb1i-hZZxFOYkRZLp-A 'test(-1,6,' len=69 rcpt(90)
FMT0 persist at /var/zxid/bus/ch/default/as2YvT-clvCgw6VRIpgQqDgVqQQ 'test(-1,6,' len=68 rcpt(91)
FMT0 persist at /var/zxid/bus/ch/default/CW4WwI1aeMmO5TEAJBR4sRtuKsk 'test(-1,6,' len=68 rcpt(92)
FMT0 persist at /var/zxid/bus/ch/default/JIIEkXyRwx56USf_4BnSuwmKlq8 'test(-1,6,' len=68 rcpt(93)
FMT0 persist at /var/zxid/bus/ch/default/KbrXYSmoAefYSlwEpFDhfQsnAAI 'test(-1,6,' len=68 rcpt(94)
FMT0 persist at /var/zxid/bus/ch/default/z7aqiIO6jgRDEO5OoG2DCe6i2T4 'test(-1,6,' len=68 rcpt(95)
FMT0 persist at /var/zxid/bus/ch/default/yUor9OPr4yf3jz1O033siWjAe5Y 'test(-1,6,' len=68 rcpt(96)
FMT0 persist at /var/zxid/bus/ch/default/qDiOmcWTD8eZTXE2V1wW0eSLtZo 'test(-1,6,' len=68 rcpt(97)
FMT0 persist at /var/zxid/bus/ch/default/7Lp_dNKGd2X5rvTLIle5nYejfno 'test(-1,6,' len=68 rcpt(98)
FMT0 persist at /var/zxid/bus/ch/default/_h1K3bAjOElDanDaT-yAE9hszQ4 'test(-1,6,' len=68 rcpt(99)
FMT0 persist at /var/zxid/bus/ch/default/LZT1EP94F3I1NzGqs282TmNtlNo 'test(-1,5,' len=70 rcpt(100)
FMT0 persist at /var/zxid/bus/ch/default/cSQlYF0fm-8kZWfOFuXxjQhy94E 'test(-1,5,' len=70 rcpt(101)
FMT0 persist at /var/zxid/bus/ch/default/meonGQF1u0WY13PWMNF4qPHfCTI 'test(-1,5,' len=70 rcpt(102)
FMT0 persist at /var/zxid/bus/ch/default/FTdGIcbA3LAG92MOx_Y7nr2AqsA 'test(-1,5,' len=70 rcpt(103)
FMT0 persist at /var/zxid/bus/ch/default/DIkWvqvezNzkYiwZPr5_rmTgTDQ 'test(-1,5,' len=70 rcpt(104)
FMT0 persist at /var/zxid/bus/ch/default/Fg9AesBS7ivwYhnGRe4aZw9Viuc 'test(-1,5,' len=70 rcpt(105)
FMT0 persist at /var/zxid/bus/ch/default/bNtzrYqJ7kOWVZgena59dlEpJec 'test(-1,5,' len=70 rcpt(106)
FMT0 persist at /var/zxid/bus/ch/default/Eb2IKFgFW-gJJegOM2jCv1-xE0E 'test(-1,5,' len=70 rcpt(107)
FMT0 persist at /var/zxid/bus/ch/default/8cg3W2phukvptJE64BdZfdp52js 'test(-1,5,' len=70 rcpt(108)
FMT0 persist at /var/zxid/bus/ch/default/V6HDTfum143issWLtf_Gyyl-uRQ 'test(-1,5,' len=70 rcpt(109)
FMT0 persist at /var/zxid/bus/ch/default/pzIrdf0SbaD5rch1M7GSLBXphTE 'test(-1,5,' len=70 rcpt(110)
FMT0 persist at /var/zxid/bus/ch/default/TOKjnCzX5Lb95AU2cV93MLDLQHc 'test(-1,5,' len=69 rcpt(111)
FMT0 persist at /var/zxid/bus/ch/default/NgrG590cMHwcgmp4w-N0f0k3NCA 'test(-1,5,' len=69 rcpt(112)
FMT0 persist at /var/zxid/bus/ch/default/BpCue7sH096euy0lv0Vx6hVOag8 'test(-1,5,' len=69 rcpt(113)
FMT0 persist at /var/zxid/bus/ch/default/wwlYzZrv-UUw7RdjclZao8OcElQ 'test(-1,5,' len=69 rcpt(114)
FMT0 persist at /var/zxid/bus/ch/default/ja8NTCvOcy8XJeFu1PTPYRRmyvM 'test(-1,5,' len=69 rcpt(115)
FMT0 persist at /var/zxid/bus/ch/default/gvYB68K9UvdZbFf_1CvYcM_0FM8 'test(-1,5,' len=69 rcpt(116)
FMT0 persist at /var/zxid/bus/ch/default/0BRxlK2XOL7INWxuqtlDRvf-MxU 'test(-1,5,' len=69 rcpt(117)
FMT0 persist at /var/zxid/bus/ch/default/Wdz9pmEJgLJ3qeVzjSkF3vnSGkU 'test(-1,5,' len=69 rcpt(118)
FMT0 persist at /var/zxid/bus/ch/default/dk4rTd0d9tV4O8VjZylIcFPkrTA 'test(-1,5,' len=69 rcpt(119)
FMT0 persist at /var/zxid/bus/ch/default/W4jwsMZtvg_KHi-5UaLsd7CCokM 'test(-1,4,' len=70 rcpt(120)
FMT0 persist at /var/zxid/bus/ch/default/4jsA2lmzBzsnfcUfy1WEkIP1Xds 'test(-1,4,' len=70 rcpt(121)
FMT0 persist at /var/zxid/bus/ch/default/dfhu_C-cIOPVYg2iKuDNDn6J_yc 'test(-1,4,' len=70 rcpt(122)
FMT0 persist at /var/zxid/bus/ch/default/00BT2_Ui9mySoOX4HfhQ7A791FQ 'test(-1,4,' len=70 rcpt(123)
FMT0 persist at /var/zxid/bus/ch/default/nYS1dwS7lRG0B2RcNysJu7R9Q-Y 'test(-1,4,' len=70 rcpt(124)
FMT0 persist at /var/zxid/bus/ch/default/2hpVFDB2N_MPpDq8IbGER9zPu2w 'test(-1,4,' len=70 rcpt(125)
FMT0 persist at /var/zxid/bus/ch/default/LlNSq2WQi0fhnI49VzqscChqZVE 'test(-1,4,' len=70 rcpt(126)
FMT0 persist at /var/zxid/bus/ch/default/05s9jpPPgH0LiSh9w-ANhBcG-nE 'test(-1,4,' len=70 rcpt(127)
FMT0 persist at /var/zxid/bus/ch/default/K3bx9IXC2oquSq9VlbSuYUmisjg 'test(-1,4,' len=70 rcpt(128)
FMT0 persist at /var/zxid/bus/ch/default/Y9X0Oy_HcQrgwp_nBU5uwF_c3Bk 'test(-1,4,' len=70 rcpt(129)
FMT0 persist at /var/zxid/bus/ch/default/CkHmm6L0Mq6HtlSaqdn6H3KgKfM 'test(-1,4,' len=70 rcpt(130)
FMT0 persist at /var/zxid/bus/ch/default/ypRElrPQCfkTXw2ycoKxS7M2cQI 'test(-1,4,' len=69 rcpt(131)
FMT0 persist at /var/zxid/bus/ch/default/ZChCd0S-jDPdsFb7OR1MVgXs-C8 'test(-1,4,' len=69 rcpt(132)
FMT0 persist at /var/zxid/bus/ch/default/m-zNStWwgl0hhQbjBO4D6mzupo4 'test(-1,4,' len=69 rcpt(133)
FMT0 persist at /var/zxid/bus/ch/default/TOdjKcaamSiB0VWhgnYiRYbuZpY 'test(-1,4,' len=69 rcpt(134)
FMT0 persist at /var/zxid/bus/ch/default/hTR5iwb2Cgxbhi_DuvCJrKCWzRw 'test(-1,4,' len=69 rcpt(135)
FMT0 persist at /var/zxid/bus/ch/default/ZjFUVxV5CgKaOB-BccuQb2NnzTs 'test(-1,4,' len=69 rcpt(136)
FMT0 persist at /var/zxid/bus/ch/default/IRdq7XcDuNkJgNaTKClWEwvrEYU 'test(-1,4,' len=69 rcpt(137)
FMT0 persist at /var/zxid/bus/ch/default/Mn4bloiCsyIeB_WkArjqfhUOF3U 'test(-1,4,' len=69 rcpt(138)
FMT0 persist at /var/zxid/bus/ch/default/29UZMYJ99BAV2GMYdcBR1H1bbq0 'test(-1,4,' len=69 rcpt(139)
FMT0 persist at /var/zxid/bus/ch/default/UscZJTTrin-zp6C2V1EKAF8LDDE 'test(-1,3,' len=70 rcpt(140)
FMT0 persist at /var/zxid/bus/ch/default/z4RwGDKCu7bW4DgX_5tCj5ujfl8 'test(-1,3,' len=70 rcpt(141)
FMT0 persist at /var/zxid/bus/ch/default/0YVwjtB4MJA0PgehcIetmfLm5FU 'test(-1,3,' len=70 rcpt(142)
FMT0 persist at /var/zxid/bus/ch/default/TuIok8dpIoNEAKT3NK7HoQKy8Kg 'test(-1,3,' len=70 rcpt(143)
FMT0 persist at /var/zxid/bus/ch/default/W1YVGDnVjrNuQHd6PigcP2VNGiY 'test(-1,3,' len=70 rcpt(144)
FMT0 persist at /var/zxid/bus/ch/default/0BQJWxTmBGsiobu3zkJthgxd4wc 'test(-1,3,' len=70 rcpt(145)
FMT0 persist at /var/zxid/bus/ch/default/JaQSZrLGBP6cGmuJ6jM84ll0CU0 'test(-1,3,' len=70 rcpt(146)
FMT0 persist at /var/zxid/bus/ch/default/Z_XTFjsBsMLJXzVFdfdiQVkNY5I 'test(-1,3,' len=70 rcpt(147)
FMT0 persist at /var/zxid/bus/ch/default/hX-XXtfwOQnVRhlcZlAHMPlflIg 'test(-1,3,' len=70 rcpt(148)
FMT0 persist at /var/zxid/bus/ch/default/foz3BSwKX_AT-Q1XA1GyAR0tp9Y 'test(-1,3,' len=70 rcpt(149)
FMT0 persist at /var/zxid/bus/ch/default/SX5XfEEhrNjSCXgCfuCSi-rTO0o 'test(-1,3,' len=70 rcpt(150)
FMT0 persist at /var/zxid/bus/ch/default/ivDpH6Z_HHQiAATEgQRnMao_vTM 'test(-1,3,' len=69 rcpt(151)
FMT0 persist at /var/zxid/bus/ch/default/8dNhtKMPKQvX2DONhuAXFKjc97I 'test(-1,3,' len=69 rcpt(152)
FMT0 persist at /var/zxid/bus/ch/default/cAkKE-eDkcF6m2PWemz3Gw1OuH4 'test(-1,3,' len=69 rcpt(153)
FMT0 persist at /var/zxid/bus/ch/default/EbfQNnlK3X3RzHXyKby3NJrtiM0 'test(-1,3,' len=69 rcpt(154)
FMT0 persist at /var/zxid/bus/ch/default/N190LEzSPIux9aBO_irUmYKFQQo 'test(-1,3,' len=69 rcpt(155)
FMT0 persist at /var/zxid/bus/ch/default/S62rHOsQOAYlglszGN3A5cXsawo 'test(-1,3,' len=69 rcpt(156)
FMT0 persist at /var/zxid/bus/ch/default/J_Veqb3jIiDbWVBWbyB3LWvX3pQ 'test(-1,3,' len=69 rcpt(157)
FMT0 persist at /var/zxid/bus/ch/default/n1gsTaQYo1QlAN0mHMvsNAN0r6s 'test(-1,3,' len=69 rcpt(158)
FMT0 persist at /var/zxid/bus/ch/default/2aPxi95SpiyL_heNGwpNFr8IepQ 'test(-1,3,' len=69 rcpt(159)
FMT0 persist at /var/zxid/bus/ch/default/IehJYGmI1JUiTdxeoSf5AUIpS1g 'test(-1,2,' len=70 rcpt(160)
FMT0 persist at /var/zxid/bus/ch/default/GXzJSX-aw2S5J3SILIV7oFY12Xw 'test(-1,2,' len=70 rcpt(161)
FMT0 persist at /var/zxid/bus/ch/default/OVITqqRDqsEgWLZWMtqh_b-A5H0 'test(-1,2,' len=70 rcpt(162)
FMT0 persist at /var/zxid/bus/ch/default/zmX4tm_h9f2Gs6j-nvAq79shCec 'test(-1,2,' len=70 rcpt(163)
FMT0 persist at /var/zxid/bus/ch/default/M4ZJtVs3OBLo97CH8Xcw6Y_CLLw 'test(-1,2,' len=70 rcpt(164)
FMT0 persist at /var/zxid/bus/ch/default/FNTx1LzxYaVxAclHQlCH7X-XvBg 'test(-1,2,' len=70 rcpt(165)
FMT0 persist at /var/zxid/bus/ch/default/LNIiGVuBPlRuAnk4UZN9Nvjzi4I 'test(-1,2,' len=70 rcpt(166)
FMT0 persist at /var/zxid/bus/ch/default/eVrAjlWfNeJ4TJE8vKPKn2bWEl8 'test(-1,2,' len=70 rcpt(167)
FMT0 persist at /var/zxid/bus/ch/default/UiwTfv7jGrH8vME3s5H35PVGFVc 'test(-1,2,' len=70 rcpt(168)
FMT0 persist at /var/zxid/bus/ch/default/9z41Y0nA6sQc4paSHpzS6mlKxi4 'test(-1,2,' len=70 rcpt(169)
FMT0 persist at /var/zxid/bus/ch/default/CJoEkOA5pKW_haDaVzfDM5JKfWw 'test(-1,2,' len=70 rcpt(170)
FMT0 persist at /var/zxid/bus/ch/default/qWz7fHkE3YnqQTEJcy4AIA5sKaY 'test(-1,2,' len=69 rcpt(171)
FMT0 persist at /var/zxid/bus/ch/default/olnYjB4PxChY-pglI3gtzbq-vJo 'test(-1,2,' len=69 rcpt(172)
FMT0 persist at /var/zxid/bus/ch/default/fLAkyZYPWt6KOQoeomP-vKGPVN0 'test(-1,2,' len=69 rcpt(173)
FMT0 persist at /var/zxid/bus/ch/default/ohDSEgSk6ryf5PHMmfQHJKq-PFI 'test(-1,2,' len=69 rcpt(174)
FMT0 persist at /var/zxid/bus/ch/default/fPJFRyMvU6g8K7Hw3TvkR2OtocM 'test(-1,2,' len=69 rcpt(175)
FMT0 persist at /var/zxid/bus/ch/default/GGfLl6j_InTy5ytbDVs2ujcDlZw 'test(-1,2,' len=69 rcpt(176)
FMT0 persist at /var/zxid/bus/ch/default/7YxW2VaB5DpDkAz5trwp3Ax3wZI 'test(-1,2,' len=69 rcpt(177)
FMT0 persist at /var/zxid/bus/ch/default/BR9Ph-SeirIURiHt-qVU_ZteJlY 'test(-1,2,' len=69 rcpt(178)
FMT0 persist at /var/zxid/bus/ch/default/CAabkvyFRx0BKllrR-vcVGY54Ms 'test(-1,2,' len=69 rcpt(179)
FMT0 persist at /var/zxid/bus/ch/default/5JZfNr46_6qI7vhecLqw_ILHG_0 'test(-1,1,' len=70 rcpt(180)
FMT0 persist at /var/zxid/bus/ch/default/SGwxQ_FdT3A6ik5tNKbC5mvnzgM 'test(-1,1,' len=70 rcpt(181)
FMT0 persist at /var/zxid/bus/ch/default/Ia_CFrw1-zoHcg7S5QxyCQx-SU4 'test(-1,1,' len=70 rcpt(182)
FMT0 persist at /var/zxid/bus/ch/default/0ZbZgCo4g0vu5h28Ek9gw7Ytdjs 'test(-1,1,' len=70 rcpt(183)
FMT0 persist at /var/zxid/bus/ch/default/w-eykZu45fM_XvjDBOYUSF2FZM4 'test(-1,1,' len=70 rcpt(184)
FMT0 persist at /var/zxid/bus/ch/default/JyX63XJwQM7UYJSP5I4pIR0VmZk 'test(-1,1,' len=70 rcpt(185)
FMT0 persist at /var/zxid/bus/ch/default/NSJPenF9FjogbKEJw6ca26PS_YQ 'test(-1,1,' len=70 rcpt(186)
FMT0 persist at /var/zxid/bus/ch/default/wDLZVz5CSdJSrcKVQyrWNFdeBoM 'test(-1,1,' len=70 rcpt(187)
FMT0 persist at /var/zxid/bus/ch/default/81PyqnAeb_IbFBYE1OmhR657z8Y 'test(-1,1,' len=70 rcpt(188)
FMT0 persist at /var/zxid/bus/ch/default/5aMsniqYhZ3BaaGpzAx4KIsoMf0 'test(-1,1,' len=70 rcpt(189)
FMT0 persist at /var/zxid/bus/ch/default/DWbJHkKz6WiSupYaA3tL1rHHVrI 'test(-1,1,' len=70 rcpt(190)
FMT0 persist at /var/zxid/bus/ch/default/_QstI9txTGoLfzRpuSJMjECdseo 'test(-1,1,' len=69 rcpt(191)
FMT0 persist at /var/zxid/bus/ch/default/lkDhTw_AmwroUMna8wJmuPpPRco 'test(-1,1,' len=69 rcpt(192)
FMT0 persist at /var/zxid/bus/ch/default/eSJEWgmOM7T_qutlQzr2gNBviEc 'test(-1,1,' len=69 rcpt(193)
FMT0 persist at /var/zxid/bus/ch/default/zkm-zt2jLxp1Qm27FLBXXk1q5J8 'test(-1,1,' len=69 rcpt(194)
FMT0 persist at /var/zxid/bus/ch/default/60La3iNyMut5ik_JXt13n5LBDV0 'test(-1,1,' len=69 rcpt(195)
FMT0 persist at /var/zxid/bus/ch/default/Mimck2fMjz8BkutqZvW_8NPAm70 'test(-1,1,' len=69 rcpt(196)
FMT0 persist at /var/zxid/bus/ch/default/-mGfiZRtzEvudDjZueFqgkmWPDs 'test(-1,1,' len=69 rcpt(197)
FMT0 persist at /var/zxid/bus/ch/default/TK4nD0AlE09MVKvIziTJsooAlxQ 'test(-1,1,' len=69 rcpt(198)
FMT0 persist at /var/zxid/bus/ch/default/Vh27nmUo7GROgR2smUSy5U4yWnw 'test(-1,1,' len=69 rcpt(199)
FMT0 persist at /var/zxid/bus/ch/default/bjZtT6SuxzOFHc1GLnoFdMdSbm0 'F' len=55 rcpt(0)
shf_0x92b8d28  // max_ios=1000
-> io_0xb676b620
  io_0xb676b620 -> pdu_0xb67afb98 [label=cur_pdu]; // fd=0x6
  io_0xb676b620 -> null [label=reqs];
  io_0xb676b620 -> null [label=pending];
  io_0xb676b620 -> null [label=to_write_produce];
  io_0xb676b620 -> null [label=to_write_consume];  // n_to_write=0
  io_0xb676b620 -> null [label=in_write];
-> io_0xb676bb34
  io_0xb676bb34 -> pdu_0xb6bcdaa0 [label=cur_pdu]; // fd=0xb
  io_0xb676bb34 -> null [label=reqs];
  io_0xb676bb34 -> null [label=pending];
  io_0xb676bb34 -> null [label=to_write_produce];
  io_0xb676bb34 -> null [label=to_write_consume];  // n_to_write=0
  io_0xb676bb34 -> null [label=in_write];
-> io_0xb676bc38
  io_0xb676bc38 -> pdu_0xb6bcc170 [label=cur_pdu]; // fd=0xc
  io_0xb676bc38  // reqs
    -> pdu_0xb6bc8f10  // (ZXCT)
    pdu_0xb6bc8f10 -> null [label=reals];
    pdu_0xb6bc8f10 -> null [label=synths];
    pdu_0xb6bc8f10 -> null [label=subresps];
[label=reqs];
  io_0xb676bc38 -> null [label=pending];
[label=pending];
  io_0xb676bc38 -> null [label=to_write_produce];
  io_0xb676bc38 -> null [label=to_write_consume];  // n_to_write=0
  io_0xb676bc38 -> null [label=in_write];
[label=ios];
shf_0x92b8d28 -> null [label=todo_consume];
shf_0x92b8d28   // free_pdus (color=4)
-> pdu_0xb6bd4bf8 -> pdu_0xb6bd5890 -> pdu_0xb6bd6528 -> pdu_0xb6bd71c0 -> pdu_0xb6bd7e58 -> pdu_0xb6bd8af0 -> pdu_0xb6bd9788 -> pdu_0xb6bda420 -> pdu_0xb6bdb0b8 -> pdu_0xb6bdbd50 -> pdu_0xb6bdc9e8 -> pdu_0xb6bdd680 -> pdu_0xb6bde318 -> pdu_0xb6bdefb0 -> pdu_0xb6bdfc48 -> pdu_0xb6be08e0 -> pdu_0xb6be1578 -> pdu_0xb6be2210 -> pdu_0xb6be2ea8 -> pdu_0xb6be3b40 -> pdu_0xb6be47d8 -> pdu_0xb6be5470 -> pdu_0xb6be6108 -> pdu_0xb6be6da0 -> pdu_0xb6be7a38 -> pdu_0xb6be86d0 -> pdu_0xb6be9368 -> pdu_0xb6bea000 -> pdu_0xb6beac98 -> pdu_0xb6beb930 -> pdu_0xb6bec5c8 -> pdu_0xb6bed260 -> pdu_0xb6bedef8 -> pdu_0xb6beeb90 -> pdu_0xb6bef828 -> pdu_0xb6bf04c0 -> pdu_0xb6bf1158 -> pdu_0xb6bf1df0 -> pdu_0xb6bf2a88 -> pdu_0xb6bf3720 -> pdu_0xb6bf43b8 -> pdu_0xb6bf5050 -> pdu_0xb6bf5ce8 -> pdu_0xb6bf6980 -> pdu_0xb6bf7618 -> pdu_0xb6bf82b0 -> pdu_0xb6bf8f48 -> pdu_0xb6bf9be0 -> pdu_0xb6bfa878 -> pdu_0xb6bfb510 -> pdu_0xb6bfc1a8 -> pdu_0xb6bfce40 -> pdu_0xb6bfdad8 -> pdu_0xb6bfe770 -> pdu_0xb6bff408 -> pdu_0xb6c000a0 -> pdu_0xb6c00d38 -> pdu_0xb6c019d0 -> pdu_0xb6c02668 -> pdu_0xb6c03300 -> pdu_0xb6c03f98 -> pdu_0xb6c04c30 -> pdu_0xb6c058c8 -> pdu_0xb6c06560 -> pdu_0xb6c071f8 -> pdu_0xb6c07e90 -> pdu_0xb6c08b28 -> pdu_0xb6c097c0 -> pdu_0xb6c0a458 -> pdu_0xb6c0b0f0 -> pdu_0xb6c0bd88 -> pdu_0xb6c0ca20 -> pdu_0xb6c0d6b8 -> pdu_0xb6c0e350 -> pdu_0xb6c0efe8 -> pdu_0xb6c0fc80 -> pdu_0xb6c10918 -> pdu_0xb6c115b0 -> pdu_0xb6c12248 -> pdu_0xb6c12ee0 -> pdu_0xb6c13b78 -> pdu_0xb6c14810 -> pdu_0xb6c154a8 -> pdu_0xb6c16140 -> pdu_0xb6c16dd8 -> pdu_0xb6c17a70 -> pdu_0xb6c18708 -> pdu_0xb6c193a0 -> pdu_0xb6c1a038 -> pdu_0xb6c1acd0 -> pdu_0xb6c1b968 -> pdu_0xb6c1c600 -> pdu_0xb6c1d298 -> pdu_0xb6c1df30 -> pdu_0xb6c1ebc8 -> pdu_0xb6c1f860 -> pdu_0xb6c204f8 -> pdu_0xb6c21190 -> pdu_0xb6c21e28 -> pdu_0xb6c22ac0 -> pdu_0xb6c23758 -> pdu_0xb6c243f0 -> pdu_0xb6c25088 -> pdu_0xb6c25d20 -> pdu_0xb6c269b8 -> pdu_0xb6c27650 -> pdu_0xb6c282e8 -> pdu_0xb6c28f80 -> pdu_0xb6c29c18 -> pdu_0xb6c2a8b0 -> pdu_0xb6c2b548 -> pdu_0xb6c2c1e0 -> pdu_0xb6c2ce78 -> pdu_0xb6c2db10 -> pdu_0xb6c2e7a8 -> pdu_0xb6c2f440 -> pdu_0xb6c300d8 -> pdu_0xb6c30d70 -> pdu_0xb6c31a08 -> pdu_0xb6c326a0 -> pdu_0xb6c33338 -> pdu_0xb6c33fd0 -> pdu_0xb6c34c68 -> pdu_0xb6c35900 -> pdu_0xb6c36598 -> pdu_0xb6c37230 -> pdu_0xb6c37ec8 -> pdu_0xb6c38b60 -> pdu_0xb6c397f8 -> pdu_0xb6c3a490 -> pdu_0xb6c3b128 -> pdu_0xb6c3bdc0 -> pdu_0xb6c3ca58 -> pdu_0xb6c3d6f0 -> pdu_0xb6c3e388 -> pdu_0xb6c3f020 -> pdu_0xb6c3fcb8 -> pdu_0xb6c40950 -> pdu_0xb6c415e8 -> pdu_0xb6c42280 -> pdu_0xb6c42f18 -> pdu_0xb6c43bb0 -> pdu_0xb6c44848 -> pdu_0xb6c454e0 -> pdu_0xb6c46178 -> pdu_0xb6c46e10 -> pdu_0xb6c47aa8 -> pdu_0xb6c48740 -> pdu_0xb6c493d8 -> pdu_0xb6c4a070 -> pdu_0xb6c4ad08 -> pdu_0xb6c4b9a0 -> pdu_0xb6c4c638 -> pdu_0xb6c4d2d0 -> pdu_0xb6c4df68 -> pdu_0xb6c4ec00 -> pdu_0xb6c4f898 -> pdu_0xb6c50530 -> pdu_0xb6c511c8 -> pdu_0xb6c51e60 -> pdu_0xb6c52af8 -> pdu_0xb6c53790 -> pdu_0xb6c54428 -> pdu_0xb6c550c0 -> pdu_0xb6c55d58 -> pdu_0xb6c569f0 -> pdu_0xb6c57688 -> pdu_0xb6c58320 -> pdu_0xb6c58fb8 -> pdu_0xb6c59c50 -> pdu_0xb6c5a8e8 -> pdu_0xb6c5b580 -> pdu_0xb6c5c218 -> pdu_0xb6c5ceb0 -> pdu_0xb6c5db48 -> pdu_0xb6c5e7e0 -> pdu_0xb6c5f478 -> pdu_0xb6c60110 -> pdu_0xb6c60da8 -> pdu_0xb6c61a40 -> pdu_0xb6c626d8 -> pdu_0xb6c63370 -> pdu_0xb6c64008 -> pdu_0xb6c64ca0 -> pdu_0xb6c65938 -> pdu_0xb6c665d0 -> pdu_0xb6c67268 -> pdu_0xb6c67f00 -> pdu_0xb6c68b98 -> pdu_0xb6c69830 -> pdu_0xb6c6a4c8 -> pdu_0xb6c6b160 -> pdu_0xb6c6bdf8 -> pdu_0xb6c6ca90 -> pdu_0xb6c6d728 -> pdu_0xb6c6e3c0 -> pdu_0xb6c6f058 -> pdu_0xb6c6fcf0 -> pdu_0xb6c70988 -> pdu_0xb6c71620 -> pdu_0xb6c722b8 -> pdu_0xb6c72f50 -> pdu_0xb6c73be8 -> pdu_0xb6c74880 -> pdu_0xb6c75518 -> pdu_0xb6c761b0 -> pdu_0xb6c76e48 -> pdu_0xb6c77ae0 -> pdu_0xb6c78778 -> pdu_0xb6c79410 -> pdu_0xb6c7a0a8 -> pdu_0xb6c7ad40 -> pdu_0xb6c7b9d8 -> pdu_0xb6c7c670 -> pdu_0xb6c7d308 -> pdu_0xb6c7dfa0 -> pdu_0xb6c7ec38 -> pdu_0xb6c7f8d0 -> pdu_0xb6c80568 -> pdu_0xb6c81200 -> pdu_0xb6c81e98 -> pdu_0xb6c82b30 -> pdu_0xb6c837c8 -> pdu_0xb6c84460 -> pdu_0xb6c850f8 -> pdu_0xb6c85d90 -> pdu_0xb6c86a28 -> pdu_0xb6c876c0 -> pdu_0xb6c88358 -> pdu_0xb6c88ff0 -> pdu_0xb6c89c88 -> pdu_0xb6c8a920 -> pdu_0xb6c8b5b8 -> pdu_0xb6c8c250 -> pdu_0xb6c8cee8 -> pdu_0xb6c8db80 -> pdu_0xb6c8e818 -> pdu_0xb6c8f4b0 -> pdu_0xb6c90148 -> pdu_0xb6c90de0 -> pdu_0xb6c91a78 -> pdu_0xb6c92710 -> pdu_0xb6c933a8 -> pdu_0xb6c94040 -> pdu_0xb6c94cd8 -> pdu_0xb6c95970 -> pdu_0xb6c96608 -> pdu_0xb6c972a0 -> pdu_0xb6c97f38 -> pdu_0xb6c98bd0 -> pdu_0xb6c99868 -> pdu_0xb6c9a500 -> pdu_0xb6c9b198 -> pdu_0xb6c9be30 -> pdu_0xb6c9cac8 -> pdu_0xb6c9d760 -> pdu_0xb6c9e3f8 -> pdu_0xb6c9f090 -> pdu_0xb6c9fd28 -> pdu_0xb6ca09c0 -> pdu_0xb6ca1658 -> pdu_0xb6ca22f0 -> pdu_0xb6ca2f88 -> pdu_0xb6ca3c20 -> pdu_0xb6ca48b8 -> pdu_0xb6ca5550 -> pdu_0xb6ca61e8 -> pdu_0xb6ca6e80 -> pdu_0xb6ca7b18 -> pdu_0xb6ca87b0 -> pdu_0xb6ca9448 -> pdu_0xb6caa0e0 -> pdu_0xb6caad78 -> pdu_0xb6caba10 -> pdu_0xb6cac6a8 -> pdu_0xb6cad340 -> pdu_0xb6cadfd8 -> pdu_0xb6caec70 -> pdu_0xb6caf908 -> pdu_0xb6cb05a0 -> pdu_0xb6cb1238 -> pdu_0xb6cb1ed0 -> pdu_0xb6cb2b68 -> pdu_0xb6cb3800 -> pdu_0xb6cb4498 -> pdu_0xb6cb5130 -> pdu_0xb6cb5dc8 -> pdu_0xb6cb6a60 -> pdu_0xb6cb76f8 -> pdu_0xb6cb8390 -> pdu_0xb6cb9028 -> pdu_0xb6cb9cc0 -> pdu_0xb6cba958 -> pdu_0xb6cbb5f0 -> pdu_0xb6cbc288 -> pdu_0xb6cbcf20 -> pdu_0xb6cbdbb8 -> pdu_0xb6cbe850 -> pdu_0xb6cbf4e8 -> pdu_0xb6cc0180 -> pdu_0xb6cc0e18 -> pdu_0xb6cc1ab0 -> pdu_0xb6cc2748 -> pdu_0xb6cc33e0 -> pdu_0xb6cc4078 -> pdu_0xb6cc4d10 -> pdu_0xb6cc59a8 -> pdu_0xb6cc6640 -> pdu_0xb6cc72d8 -> pdu_0xb6cc7f70 -> pdu_0xb6cc8c08 -> pdu_0xb6cc98a0 -> pdu_0xb6cca538 -> pdu_0xb6ccb1d0 -> pdu_0xb6ccbe68 -> pdu_0xb6cccb00 -> pdu_0xb6ccd798 -> pdu_0xb6cce430 -> pdu_0xb6ccf0c8 -> pdu_0xb6ccfd60 -> pdu_0xb6cd09f8 -> pdu_0xb6cd1690 -> pdu_0xb6cd2328 -> pdu_0xb6cd2fc0 -> pdu_0xb6cd3c58 -> pdu_0xb6cd48f0 -> pdu_0xb6cd5588 -> pdu_0xb6cd6220 -> pdu_0xb6cd6eb8 -> pdu_0xb6cd7b50 -> pdu_0xb6cd87e8 -> pdu_0xb6cd9480 -> pdu_0xb6cda118 -> pdu_0xb6cdadb0 -> pdu_0xb6cdba48 -> pdu_0xb6cdc6e0 -> pdu_0xb6cdd378 -> pdu_0xb6cde010 -> pdu_0xb6cdeca8 -> pdu_0xb6cdf940 -> pdu_0xb6ce05d8 -> pdu_0xb6ce1270 -> pdu_0xb6ce1f08 -> pdu_0xb6ce2ba0 -> pdu_0xb6ce3838 -> pdu_0xb6ce44d0 -> pdu_0xb6ce5168 -> pdu_0xb6ce5e00 -> pdu_0xb6ce6a98 -> pdu_0xb6ce7730 -> pdu_0xb6ce83c8 -> pdu_0xb6ce9060 -> pdu_0xb6ce9cf8 -> pdu_0xb6cea990 -> pdu_0xb6ceb628 -> pdu_0xb6cec2c0 -> pdu_0xb6cecf58 -> pdu_0xb6cedbf0 -> pdu_0xb6cee888 -> pdu_0xb6cef520 -> pdu_0xb6cf01b8 -> pdu_0xb6cf0e50 -> pdu_0xb6cf1ae8 -> pdu_0xb6cf2780 -> pdu_0xb6cf3418 -> pdu_0xb6cf40b0 -> pdu_0xb6cf4d48 -> pdu_0xb6cf59e0 -> pdu_0xb6cf6678 -> pdu_0xb6cf7310 -> pdu_0xb6cf7fa8 -> pdu_0xb6cf8c40 -> pdu_0xb6cf98d8 -> pdu_0xb6cfa570 -> pdu_0xb6cfb208 -> pdu_0xb6cfbea0 -> pdu_0xb6cfcb38 -> pdu_0xb6cfd7d0 -> pdu_0xb6cfe468 -> pdu_0xb6cff100 -> pdu_0xb6cffd98 -> pdu_0xb6d00a30 -> pdu_0xb6d016c8 -> pdu_0xb6d02360 -> pdu_0xb6d02ff8 -> pdu_0xb6d03c90 -> pdu_0xb6d04928 -> pdu_0xb6d055c0 -> pdu_0xb6d06258 -> pdu_0xb6d06ef0 -> pdu_0xb6d07b88 -> pdu_0xb6d08820 -> pdu_0xb6d094b8 -> pdu_0xb6d0a150 -> pdu_0xb6d0ade8 -> pdu_0xb6d0ba80 -> pdu_0xb6d0c718 -> pdu_0xb6d0d3b0 -> pdu_0xb6d0e048 -> pdu_0xb6d0ece0 -> pdu_0xb6d0f978 -> pdu_0xb6d10610 -> pdu_0xb6d112a8 -> pdu_0xb6d11f40 -> pdu_0xb6d12bd8 -> pdu_0xb6d13870 -> pdu_0xb6d14508 -> pdu_0xb6d151a0 -> pdu_0xb6d15e38 -> pdu_0xb6d16ad0 -> pdu_0xb6d17768 -> pdu_0xb6d18400 -> pdu_0xb6d19098 -> pdu_0xb6d19d30 -> pdu_0xb6d1a9c8 -> pdu_0xb6d1b660 -> pdu_0xb6d1c2f8 -> pdu_0xb6d1cf90 -> pdu_0xb6d1dc28 -> pdu_0xb6d1e8c0 -> pdu_0xb6d1f558 -> pdu_0xb6d201f0 -> pdu_0xb6d20e88 -> pdu_0xb6d21b20 -> pdu_0xb6d227b8 -> pdu_0xb6d23450 -> pdu_0xb6d240e8 -> pdu_0xb6d24d80 -> pdu_0xb6d25a18 -> pdu_0xb6d266b0 -> pdu_0xb6d27348 -> pdu_0xb6d27fe0 -> pdu_0xb6d28c78 -> pdu_0xb6d29910 -> pdu_0xb6d2a5a8 -> pdu_0xb6d2b240 -> pdu_0xb6d2bed8 -> pdu_0xb6d2cb70 -> pdu_0xb6d2d808 -> pdu_0xb6d2e4a0 -> pdu_0xb6d2f138 -> pdu_0xb6d2fdd0 -> pdu_0xb6d30a68 -> pdu_0xb6d31700 -> pdu_0xb6d32398 -> pdu_0xb6d33030 -> pdu_0xb6d33cc8 -> pdu_0xb6d34960 -> pdu_0xb6d355f8 -> pdu_0xb6d36290 -> pdu_0xb6d36f28 -> pdu_0xb6d37bc0 -> pdu_0xb6d38858 -> pdu_0xb6d394f0 -> pdu_0xb6d3a188 -> pdu_0xb6d3ae20 -> pdu_0xb6d3bab8 -> pdu_0xb6d3c750 -> pdu_0xb6d3d3e8 -> pdu_0xb6d3e080 -> pdu_0xb6d3ed18 -> pdu_0xb6d3f9b0 -> pdu_0xb6d40648 -> pdu_0xb6d412e0 -> pdu_0xb6d41f78 -> pdu_0xb6d42c10 -> pdu_0xb6d438a8 -> pdu_0xb6d44540 -> pdu_0xb6d451d8 -> pdu_0xb6d45e70 -> pdu_0xb6d46b08 -> pdu_0xb6d477a0 -> pdu_0xb6d48438 -> pdu_0xb6d490d0 -> pdu_0xb6d49d68 -> pdu_0xb6d4aa00 -> pdu_0xb6d4b698 -> pdu_0xb6d4c330 -> pdu_0xb6d4cfc8 -> pdu_0xb6d4dc60 -> pdu_0xb6d4e8f8 -> pdu_0xb6d4f590 -> pdu_0xb6d50228 -> pdu_0xb6d50ec0 -> pdu_0xb6d51b58 -> pdu_0xb6d527f0 -> pdu_0xb6d53488 -> pdu_0xb6d54120 -> pdu_0xb6d54db8 -> pdu_0xb6d55a50 -> pdu_0xb6d566e8 -> pdu_0xb6d57380 -> pdu_0xb6d58018 -> pdu_0xb6d58cb0 -> pdu_0xb6d59948 -> pdu_0xb6d5a5e0 -> pdu_0xb6d5b278 -> pdu_0xb6d5bf10 -> pdu_0xb6d5cba8 -> pdu_0xb6d5d840 -> pdu_0xb6d5e4d8 -> pdu_0xb6d5f170 -> pdu_0xb6d5fe08 -> pdu_0xb6d60aa0 -> pdu_0xb6d61738 -> pdu_0xb6d623d0 -> pdu_0xb6d63068 -> pdu_0xb6d63d00 -> pdu_0xb6d64998 -> pdu_0xb6d65630 -> pdu_0xb6d662c8 -> pdu_0xb6d66f60 -> pdu_0xb6d67bf8 -> pdu_0xb6d68890 -> pdu_0xb6d69528 -> pdu_0xb6d6a1c0 -> pdu_0xb6d6ae58 -> pdu_0xb6d6baf0 -> pdu_0xb6d6c788 -> pdu_0xb6d6d420 -> pdu_0xb6d6e0b8 -> pdu_0xb6d6ed50 -> pdu_0xb6d6f9e8 -> pdu_0xb6d70680 -> pdu_0xb6d71318 -> pdu_0xb6d71fb0 -> pdu_0xb6d72c48 -> pdu_0xb6d738e0 -> pdu_0xb6d74578 -> pdu_0xb6d75210 -> pdu_0xb6d75ea8 -> pdu_0xb6d76b40 -> pdu_0xb6d777d8 -> pdu_0xb6d78470 -> pdu_0xb6d79108 -> pdu_0xb6d79da0 -> pdu_0xb6d7aa38 -> pdu_0xb6d7b6d0 -> pdu_0xb6d7c368 -> pdu_0xb6d7d000 -> pdu_0xb6d7dc98 -> pdu_0xb6d7e930 -> pdu_0xb6d7f5c8 -> pdu_0xb6d80260 -> pdu_0xb6d80ef8 -> pdu_0xb6d81b90 -> pdu_0xb6d82828 -> pdu_0xb6d834c0 -> pdu_0xb6d84158 -> pdu_0xb6d84df0 -> pdu_0xb6d85a88 -> pdu_0xb6d86720 -> pdu_0xb6d873b8 -> pdu_0xb6d88050 -> pdu_0xb6d88ce8 -> pdu_0xb6d89980 -> pdu_0xb6d8a618 -> pdu_0xb6d8b2b0 -> pdu_0xb6d8bf48 -> pdu_0xb6d8cbe0 -> pdu_0xb6d8d878 -> pdu_0xb6d8e510 -> pdu_0xb6d8f1a8 -> pdu_0xb6d8fe40 -> pdu_0xb6d90ad8 -> pdu_0xb6d91770 -> pdu_0xb6d92408 -> pdu_0xb6d930a0 -> pdu_0xb6d93d38 -> pdu_0xb6d949d0 -> pdu_0xb6d95668 -> pdu_0xb6d96300 -> pdu_0xb6d96f98 -> pdu_0xb6d97c30 -> pdu_0xb6d988c8 -> pdu_0xb6d99560 -> pdu_0xb6d9a1f8 -> pdu_0xb6d9ae90 -> pdu_0xb6d9bb28 -> pdu_0xb6d9c7c0 -> pdu_0xb6d9d458 -> pdu_0xb6d9e0f0 -> pdu_0xb6d9ed88 -> pdu_0xb6d9fa20 -> pdu_0xb6da06b8 -> pdu_0xb6da1350 -> pdu_0xb6da1fe8 -> pdu_0xb6da2c80 -> pdu_0xb6da3918 -> pdu_0xb6da45b0 -> pdu_0xb6da5248 -> pdu_0xb6da5ee0 -> pdu_0xb6da6b78 -> pdu_0xb6da7810 -> pdu_0xb6da84a8 -> pdu_0xb6da9140 -> pdu_0xb6da9dd8 -> pdu_0xb6daaa70 -> pdu_0xb6dab708 -> pdu_0xb6dac3a0 -> pdu_0xb6dad038 -> pdu_0xb6dadcd0 -> pdu_0xb6dae968 -> pdu_0xb6daf600 -> pdu_0xb6db0298 -> pdu_0xb6db0f30 -> pdu_0xb6db1bc8 -> pdu_0xb6db2860 -> pdu_0xb6db34f8 -> pdu_0xb6db4190 -> pdu_0xb6db4e28 -> pdu_0xb6db5ac0 -> pdu_0xb6db6758 -> pdu_0xb6db73f0 -> pdu_0xb6db8088 -> pdu_0xb6db8d20 -> pdu_0xb6db99b8 -> pdu_0xb6dba650 -> pdu_0xb6dbb2e8 -> pdu_0xb6dbbf80 -> pdu_0xb6dbcc18 -> pdu_0xb6dbd8b0 -> pdu_0xb6dbe548 -> pdu_0xb6dbf1e0 -> pdu_0xb6dbfe78 -> pdu_0xb6dc0b10 -> pdu_0xb6dc17a8 -> pdu_0xb6dc2440 -> pdu_0xb6dc30d8 -> pdu_0xb6dc3d70 -> pdu_0xb6dc4a08 -> pdu_0xb6dc56a0 -> pdu_0xb6dc6338 -> pdu_0xb6dc6fd0 -> pdu_0xb6dc7c68 -> pdu_0xb6dc8900 -> pdu_0xb6dc9598 -> pdu_0xb6dca230 -> pdu_0xb6dcaec8 -> pdu_0xb6dcbb60 -> pdu_0xb6dcc7f8 -> pdu_0xb6dcd490 -> pdu_0xb6dce128 -> pdu_0xb6dcedc0 -> pdu_0xb6dcfa58 -> pdu_0xb6dd06f0 -> pdu_0xb6dd1388 -> pdu_0xb6dd2020 -> pdu_0xb6dd2cb8 -> pdu_0xb6dd3950 -> pdu_0xb6dd45e8 -> pdu_0xb6dd5280 -> pdu_0xb6dd5f18 -> pdu_0xb6dd6bb0 -> pdu_0xb6dd7848 -> pdu_0xb6dd84e0 -> pdu_0xb6dd9178 -> pdu_0xb6dd9e10 -> pdu_0xb6ddaaa8 -> pdu_0xb6ddb740 -> pdu_0xb6ddc3d8 -> pdu_0xb6ddd070 -> pdu_0xb6dddd08 -> pdu_0xb6dde9a0 -> pdu_0xb6ddf638 -> pdu_0xb6de02d0 -> pdu_0xb6de0f68 -> pdu_0xb6de1c00 -> pdu_0xb6de2898 -> pdu_0xb6de3530 -> pdu_0xb6de41c8 -> pdu_0xb6de4e60 -> pdu_0xb6de5af8 -> pdu_0xb6de6790 -> pdu_0xb6de7428 -> pdu_0xb6de80c0 -> pdu_0xb6de8d58 -> pdu_0xb6de99f0 -> pdu_0xb6dea688 -> pdu_0xb6deb320 -> pdu_0xb6debfb8 -> pdu_0xb6decc50 -> pdu_0xb6ded8e8 -> pdu_0xb6dee580 -> pdu_0xb6def218 -> pdu_0xb6defeb0 -> pdu_0xb6df0b48 -> pdu_0xb6df17e0 -> pdu_0xb6df2478 -> pdu_0xb6df3110 -> pdu_0xb6df3da8 -> pdu_0xb6df4a40 -> pdu_0xb6df56d8 -> pdu_0xb6df6370 -> pdu_0xb6df7008 -> pdu_0xb6df7ca0 -> pdu_0xb6df8938 -> pdu_0xb6df95d0 -> pdu_0xb6dfa268 -> pdu_0xb6dfaf00 -> pdu_0xb6dfbb98 -> pdu_0xb6dfc830 -> pdu_0xb6dfd4c8 -> pdu_0xb6dfe160 -> pdu_0xb6dfedf8 -> pdu_0xb6dffa90 -> pdu_0xb6e00728 -> pdu_0xb6e013c0 -> pdu_0xb6e02058 -> pdu_0xb6e02cf0 -> pdu_0xb6e03988 -> pdu_0xb6e04620 -> pdu_0xb6e052b8 -> pdu_0xb6e05f50 -> pdu_0xb6e06be8 -> pdu_0xb6e07880 -> pdu_0xb6e08518 -> pdu_0xb6e091b0 -> pdu_0xb6e09e48 -> pdu_0xb6e0aae0 -> pdu_0xb6e0b778 -> pdu_0xb6e0c410 -> pdu_0xb6e0d0a8 -> pdu_0xb6e0dd40 -> pdu_0xb6e0e9d8 -> pdu_0xb6e0f670 -> pdu_0xb6e10308 -> pdu_0xb6e10fa0 -> pdu_0xb6e11c38 -> pdu_0xb6e128d0 -> pdu_0xb6e13568 -> pdu_0xb6e14200 -> pdu_0xb6e14e98 -> pdu_0xb6e15b30 -> pdu_0xb6e167c8 -> pdu_0xb6e17460 -> pdu_0xb6e180f8 -> pdu_0xb6e18d90 -> pdu_0xb6e19a28 -> pdu_0xb6e1a6c0 -> pdu_0xb6e1b358 -> pdu_0xb6e1bff0 -> pdu_0xb6e1cc88 -> pdu_0xb6e1d920 -> pdu_0xb6e1e5b8 -> pdu_0xb6e1f250 -> pdu_0xb6e1fee8 -> pdu_0xb6e20b80 -> pdu_0xb6e21818 -> pdu_0xb6e224b0 -> pdu_0xb6e23148 -> pdu_0xb6e23de0 -> pdu_0xb6e24a78 -> pdu_0xb6e25710 -> pdu_0xb6e263a8 -> pdu_0xb6e27040 -> pdu_0xb6e27cd8 -> pdu_0xb6e28970 -> pdu_0xb6e29608 -> pdu_0xb6e2a2a0 -> pdu_0xb6e2af38 -> pdu_0xb6e2bbd0 -> pdu_0xb6e2c868 -> pdu_0xb6e2d500 -> pdu_0xb6e2e198 -> pdu_0xb6e2ee30 -> pdu_0xb6e2fac8 -> pdu_0xb6e30760 -> pdu_0xb6e313f8 -> pdu_0xb6e32090 -> pdu_0xb6e32d28 -> pdu_0xb6e339c0 -> pdu_0xb6e34658 -> pdu_0xb6e352f0 -> pdu_0xb6e35f88 -> pdu_0xb6e36c20 -> pdu_0xb6e378b8 -> pdu_0xb6e38550 -> pdu_0xb6e391e8 -> pdu_0xb6e39e80 -> pdu_0xb6e3ab18 -> pdu_0xb6e3b7b0 -> pdu_0xb6e3c448 -> pdu_0xb6e3d0e0 -> pdu_0xb6e3dd78 -> pdu_0xb6e3ea10 -> pdu_0xb6e3f6a8 -> pdu_0xb6e40340 -> pdu_0xb6e40fd8 -> pdu_0xb6e41c70 -> pdu_0xb6e42908 -> pdu_0xb6e435a0 -> pdu_0xb6e44238 -> pdu_0xb6e44ed0 -> pdu_0xb6e45b68 -> pdu_0xb6e46800 -> pdu_0xb6e47498 -> pdu_0xb6e48130 -> pdu_0xb6e48dc8 -> pdu_0xb6e49a60 -> pdu_0xb6e4a6f8 -> pdu_0xb6e4b390 -> pdu_0xb6e4c028 -> pdu_0xb6e4ccc0 -> pdu_0xb6e4d958 -> pdu_0xb6e4e5f0 -> pdu_0xb6e4f288 -> pdu_0xb6e4ff20 -> pdu_0xb6e50bb8 -> pdu_0xb6e51850 -> pdu_0xb6e524e8 -> pdu_0xb6e53180 -> pdu_0xb6e53e18 -> pdu_0xb6e54ab0 -> pdu_0xb6e55748 -> pdu_0xb6e563e0 -> pdu_0xb6e57078 -> pdu_0xb6e57d10 -> pdu_0xb6e589a8 -> pdu_0xb6e59640 -> pdu_0xb6e5a2d8 -> pdu_0xb6e5af70 -> pdu_0xb6e5bc08 -> pdu_0xb6e5c8a0 -> pdu_0xb6e5d538 -> pdu_0xb6e5e1d0 -> pdu_0xb6e5ee68 -> pdu_0xb6e5fb00 -> pdu_0xb6e60798 -> pdu_0xb6e61430 -> pdu_0xb6e620c8 -> pdu_0xb6e62d60 -> pdu_0xb6e639f8 -> pdu_0xb6e64690 -> pdu_0xb6e65328 -> pdu_0xb6e65fc0 -> pdu_0xb6e66c58 -> pdu_0xb6e678f0 -> pdu_0xb6e68588 -> pdu_0xb6e69220 -> pdu_0xb6e69eb8 -> pdu_0xb6e6ab50 -> pdu_0xb6e6b7e8 -> pdu_0xb6e6c480 -> pdu_0xb6e6d118 -> pdu_0xb6e6ddb0 -> pdu_0xb6e6ea48 -> pdu_0xb6e6f6e0 -> pdu_0xb6e70378 -> pdu_0xb6e71010 -> pdu_0xb6e71ca8 -> pdu_0xb6e72940 -> pdu_0xb6e735d8 -> pdu_0xb6e74270 -> pdu_0xb6e74f08 -> pdu_0xb6e75ba0 -> pdu_0xb6e76838 -> pdu_0xb6e774d0 -> pdu_0xb6e78168 -> pdu_0xb6e78e00 -> pdu_0xb6e79a98 -> pdu_0xb6e7a730 -> pdu_0xb6e7b3c8 -> pdu_0xb6e7c060 -> pdu_0xb6e7ccf8 -> pdu_0xb6e7d990 -> pdu_0xb6e7e628 -> pdu_0xb6e7f2c0 -> pdu_0xb6e7ff58 -> pdu_0xb6e80bf0 -> pdu_0xb6e81888 -> pdu_0xb6e82520 -> pdu_0xb6e831b8 -> pdu_0xb6e83e50 -> pdu_0xb6e84ae8 -> pdu_0xb6e85780 -> pdu_0xb6e86418 -> pdu_0xb6e870b0 -> pdu_0xb6e87d48 -> pdu_0xb6e889e0 -> pdu_0xb6e89678 -> pdu_0xb6e8a310 -> pdu_0xb6e8afa8 -> pdu_0xb6e8bc40 -> pdu_0xb6e8c8d8 -> pdu_0xb6e8d570 -> pdu_0xb6e8e208 -> pdu_0xb6e8eea0 -> pdu_0xb6e8fb38 -> pdu_0xb6e907d0 -> pdu_0xb6e91468 -> pdu_0xb6e92100 -> pdu_0xb6e92d98 -> pdu_0xb6e93a30 -> pdu_0xb6e946c8 -> pdu_0xb6e95360 -> pdu_0xb6e95ff8 -> pdu_0xb6e96c90 -> pdu_0xb6e97928 -> pdu_0xb6e985c0 -> pdu_0xb6e99258 -> pdu_0xb6e99ef0 -> pdu_0xb6e9ab88 -> pdu_0xb6e9b820 -> pdu_0xb6e9c4b8 -> pdu_0xb6e9d150 -> pdu_0xb6e9dde8 -> pdu_0xb6e9ea80 -> pdu_0xb6e9f718 -> pdu_0xb6ea03b0 -> pdu_0xb6ea1048 -> pdu_0xb6ea1ce0 -> pdu_0xb6ea2978 -> pdu_0xb6ea3610 -> pdu_0xb6ea42a8 -> pdu_0xb6ea4f40 -> pdu_0xb6ea5bd8 -> pdu_0xb6ea6870 -> pdu_0xb6ea7508 -> pdu_0xb6ea81a0 -> pdu_0xb6ea8e38 -> pdu_0xb6ea9ad0 -> pdu_0xb6eaa768 -> pdu_0xb6eab400 -> pdu_0xb6eac098 -> pdu_0xb6eacd30 -> pdu_0xb6ead9c8 -> pdu_0xb6eae660 -> pdu_0xb6eaf2f8 -> pdu_0xb6eaff90 -> pdu_0xb6eb0c28 -> pdu_0xb6eb18c0 -> pdu_0xb6eb2558 -> pdu_0xb6eb31f0 -> pdu_0xb6eb3e88 -> pdu_0xb6eb4b20 -> pdu_0xb6eb57b8 -> pdu_0xb6eb6450 -> pdu_0xb6eb70e8 -> pdu_0xb6eb7d80 -> pdu_0xb6eb8a18 -> pdu_0xb6eb96b0 -> pdu_0xb6eba348 -> pdu_0xb6ebafe0 -> pdu_0xb6ebbc78 -> pdu_0xb6ebc910 -> pdu_0xb6ebd5a8 -> pdu_0xb6ebe240 -> pdu_0xb6ebeed8 -> pdu_0xb6ebfb70 -> pdu_0xb6ec0808 -> pdu_0xb6ec14a0 -> pdu_0xb6ec2138 -> pdu_0xb6ec2dd0 -> pdu_0xb6ec3a68 -> pdu_0xb6ec4700 -> pdu_0xb6ec5398 -> pdu_0xb6ec6030 -> pdu_0xb6ec6cc8 -> pdu_0xb6ec7960 -> pdu_0xb6ec85f8 -> pdu_0xb6ec9290 -> pdu_0xb6ec9f28 -> pdu_0xb6ecabc0 -> pdu_0xb6ecb858 -> pdu_0xb6ecc4f0 -> pdu_0xb6ecd188 -> pdu_0xb6ecde20 -> pdu_0xb6eceab8 -> pdu_0xb6ecf750 -> pdu_0xb6ed03e8 -> pdu_0xb6ed1080 -> pdu_0xb6ed1d18 -> pdu_0xb6ed29b0 -> pdu_0xb6ed3648 -> pdu_0xb6ed42e0 -> pdu_0xb6ed4f78 -> pdu_0xb6ed5c10 -> pdu_0xb6ed68a8 -> pdu_0xb6ed7540 -> pdu_0xb6ed81d8 -> pdu_0xb6ed8e70 -> pdu_0xb6ed9b08 -> pdu_0xb6eda7a0 -> pdu_0xb6edb438 -> pdu_0xb6edc0d0 -> pdu_0xb6edcd68 -> pdu_0xb6edda00 -> pdu_0xb6ede698 -> pdu_0xb6edf330 -> pdu_0xb6edffc8 -> pdu_0xb6ee0c60 -> pdu_0xb6ee18f8 -> pdu_0xb6ee2590 -> pdu_0xb6ee3228 -> pdu_0xb6ee3ec0 -> pdu_0xb6ee4b58 -> pdu_0xb6ee57f0 -> pdu_0xb6ee6488 -> pdu_0xb6ee7120 -> pdu_0xb6ee7db8 -> pdu_0xb6ee8a50 -> pdu_0xb6ee96e8 -> pdu_0xb6eea380 -> pdu_0xb6eeb018 -> pdu_0xb6eebcb0 -> pdu_0xb6eec948 -> pdu_0xb6eed5e0 -> pdu_0xb6eee278 -> pdu_0xb6eeef10 -> pdu_0xb6eefba8 -> pdu_0xb6ef0840 -> pdu_0xb6ef14d8 -> pdu_0xb6ef2170 -> pdu_0xb6ef2e08 -> pdu_0xb6ef3aa0 -> pdu_0xb6ef4738 -> pdu_0xb6ef53d0 -> pdu_0xb6ef6068 -> pdu_0xb6ef6d00 -> pdu_0xb6ef7998 -> pdu_0xb6ef8630 -> pdu_0xb6ef92c8 -> pdu_0xb6ef9f60 -> pdu_0xb6efabf8 -> pdu_0xb6efb890 -> pdu_0xb6efc528 -> pdu_0xb6efd1c0 -> pdu_0xb6efde58 -> pdu_0xb6efeaf0 -> pdu_0xb6eff788 -> pdu_0xb6f00420 -> pdu_0xb6f010b8 -> pdu_0xb6f01d50 -> pdu_0xb6f029e8 -> pdu_0xb6f03680 -> pdu_0xb6f04318 -> pdu_0xb6f04fb0 -> pdu_0xb6f05c48 -> pdu_0xb6f068e0 -> pdu_0xb6f07578 -> pdu_0xb6f08210 -> pdu_0xb6f08ea8 -> pdu_0xb6f09b40 -> pdu_0xb6f0a7d8 -> pdu_0xb6f0b470 -> pdu_0xb6f0c108 -> pdu_0xb6f0cda0 -> pdu_0xb6f0da38 -> pdu_0xb6f0e6d0 -> pdu_0xb6f0f368 -> pdu_0xb6f10000 -> pdu_0xb6f10c98 -> pdu_0xb6f11930 -> pdu_0xb6f125c8 -> pdu_0xb6f13260 -> pdu_0xb6f13ef8 -> pdu_0xb6f14b90 -> pdu_0xb6f15828 -> pdu_0xb6f164c0 -> pdu_0xb6f17158 -> pdu_0xb6f17df0 -> pdu_0xb6f18a88 -> pdu_0xb6f19720 -> pdu_0xb6f1a3b8 -> pdu_0xb6f1b050 -> pdu_0xb6f1bce8 -> pdu_0xb6f1c980 -> pdu_0xb6f1d618 -> pdu_0xb6f1e2b0 -> pdu_0xb6f1ef48 -> pdu_0xb6f1fbe0 -> pdu_0xb6f20878 -> pdu_0xb6f21510 -> pdu_0xb6f221a8 -> pdu_0xb6f22e40 -> pdu_0xb6f23ad8 -> pdu_0xb6f24770 -> pdu_0xb6f25408 -> pdu_0xb6f260a0 -> pdu_0xb6f26d38 -> pdu_0xb6f279d0 -> pdu_0xb6f28668 -> pdu_0xb6f29300 -> pdu_0xb6f29f98 -> pdu_0xb6f2ac30 -> pdu_0xb6f2b8c8 -> pdu_0xb6f2c560 -> pdu_0xb6f2d1f8 -> pdu_0xb6f2de90 -> pdu_0xb6f2eb28 -> pdu_0xb6f2f7c0 -> pdu_0xb6f30458 -> pdu_0xb6f310f0 -> pdu_0xb6f31d88 -> pdu_0xb6f32a20 -> pdu_0xb6f336b8 -> pdu_0xb6f34350 -> pdu_0xb6f34fe8 -> pdu_0xb6f35c80 -> pdu_0xb6f36918 -> pdu_0xb6f375b0 -> pdu_0xb6f38248 -> pdu_0xb6f38ee0 -> pdu_0xb6f39b78 -> pdu_0xb6f3a810 -> pdu_0xb6f3b4a8 -> pdu_0xb6f3c140 -> pdu_0xb6f3cdd8 -> pdu_0xb6f3da70 -> pdu_0xb6f3e708 -> pdu_0xb6f3f3a0 -> pdu_0xb6f40038 -> pdu_0xb6f40cd0 -> pdu_0xb6f41968 -> pdu_0xb6f42600 -> pdu_0xb6f43298 -> pdu_0xb6f43f30 -> pdu_0xb6f44bc8 -> pdu_0xb6f45860 -> pdu_0xb6f464f8 -> pdu_0xb6f47190 -> pdu_0xb6f47e28 -> pdu_0xb6f48ac0 -> pdu_0xb6f49758 -> pdu_0xb6f4a3f0 -> pdu_0xb6f4b088 -> pdu_0xb6f4bd20 -> pdu_0xb6f4c9b8 -> pdu_0xb6f4d650 -> pdu_0xb6f4e2e8 -> pdu_0xb6f4ef80 -> pdu_0xb6f4fc18 -> pdu_0xb6f508b0 -> pdu_0xb6f51548 -> pdu_0xb6f521e0 -> pdu_0xb6f52e78 -> pdu_0xb6f53b10 -> pdu_0xb6f547a8 -> pdu_0xb6f55440 -> pdu_0xb6f560d8 -> pdu_0xb6f56d70 -> pdu_0xb6f57a08 -> pdu_0xb6f586a0 -> pdu_0xb6f59338 -> pdu_0xb6f59fd0 -> pdu_0xb6f5ac68 -> pdu_0xb6f5b900 -> pdu_0xb6f5c598 -> pdu_0xb6f5d230 -> pdu_0xb6f5dec8 -> pdu_0xb6f5eb60 -> pdu_0xb6f5f7f8 -> pdu_0xb6f60490 -> pdu_0xb6f61128 -> pdu_0xb6f61dc0 -> pdu_0xb6f62a58 -> pdu_0xb6f636f0 -> pdu_0xb6f64388 -> pdu_0xb6f65020 -> pdu_0xb6f65cb8 -> pdu_0xb6f66950 -> pdu_0xb6f675e8 -> pdu_0xb6f68280 -> pdu_0xb6f68f18 -> pdu_0xb6f69bb0 -> pdu_0xb6f6a848 -> pdu_0xb6f6b4e0 -> pdu_0xb6f6c178 -> pdu_0xb6f6ce10 -> pdu_0xb6f6daa8 -> pdu_0xb6f6e740 -> pdu_0xb6f6f3d8 -> pdu_0xb6f70070 -> pdu_0xb6f70d08 -> pdu_0xb6f719a0 -> pdu_0xb6f72638 -> pdu_0xb6f732d0 -> pdu_0xb6f73f68 -> pdu_0xb6f74c00 -> pdu_0xb6f75898 -> pdu_0xb6f76530 -> pdu_0xb6f771c8 -> pdu_0xb6f77e60 -> pdu_0xb6f78af8 -> pdu_0xb6f79790 -> pdu_0xb6f7a428 -> pdu_0xb6f7b0c0 -> pdu_0xb6f7bd58 -> pdu_0xb6f7c9f0 -> pdu_0xb6f7d688 -> pdu_0xb6f7e320 -> pdu_0xb6f7efb8 -> pdu_0xb6f7fc50 -> pdu_0xb6f808e8 -> pdu_0xb6f81580 -> pdu_0xb6f82218 -> pdu_0xb6f82eb0 -> pdu_0xb6f83b48 -> pdu_0xb6f847e0 -> pdu_0xb6f85478 -> pdu_0xb6f86110 -> pdu_0xb6f86da8 -> pdu_0xb6f87a40 -> pdu_0xb6f886d8 -> pdu_0xb6f89370 -> pdu_0xb6f8a008 -> pdu_0xb6f8aca0 -> pdu_0xb6f8b938 -> pdu_0xb6f8c5d0 -> pdu_0xb6f8d268 -> pdu_0xb6f8df00 -> pdu_0xb6f8eb98 -> pdu_0xb6f8f830 -> pdu_0xb6f904c8 -> pdu_0xb6f91160 -> pdu_0xb6f91df8 -> pdu_0xb6f92a90 -> pdu_0xb6f93728 -> pdu_0xb6f943c0 -> pdu_0xb6f95058 -> pdu_0xb6f95cf0 -> pdu_0xb6f96988 -> pdu_0xb6f97620 -> pdu_0xb6f982b8 -> pdu_0xb6f98f50 -> pdu_0xb6f99be8 -> pdu_0xb6f9a880 -> pdu_0xb6f9b518 -> pdu_0xb6f9c1b0 -> pdu_0xb6f9ce48 -> pdu_0xb6f9dae0 -> pdu_0xb6f9e778 -> pdu_0xb6f9f410 -> pdu_0xb6fa00a8 -> pdu_0xb6fa0d40 -> pdu_0xb6fa19d8 -> pdu_0xb6fa2670 -> pdu_0xb6fa3308 -> pdu_0xb6fa3fa0 -> pdu_0xb6fa4c38 -> pdu_0xb6fa58d0 -> pdu_0xb6fa6568 -> pdu_0xb6fa7200 -> pdu_0xb6fa7e98 -> pdu_0xb6fa8b30 -> pdu_0xb6fa97c8 -> pdu_0xb6faa460 -> pdu_0xb6fab0f8 -> pdu_0xb6fabd90 -> pdu_0xb6faca28 -> pdu_0xb6fad6c0 -> pdu_0xb6fae358 -> pdu_0xb6faeff0 -> pdu_0xb6fafc88 -> pdu_0xb6fb0920 -> pdu_0xb6fb15b8 -> pdu_0xb6fb2250 -> pdu_0xb6fb2ee8 -> pdu_0xb6fb3b80 -> pdu_0xb6fb4818 -> pdu_0xb6fb54b0 -> pdu_0xb6fb6148 -> pdu_0xb6fb6de0 -> pdu_0xb6fb7a78 -> pdu_0xb6fb8710 -> pdu_0xb6fb93a8 -> pdu_0xb6fba040 -> pdu_0xb6fbacd8 -> pdu_0xb6fbb970 -> pdu_0xb6fbc608 -> pdu_0xb6fbd2a0 -> pdu_0xb6fbdf38 -> pdu_0xb6fbebd0 -> pdu_0xb6fbf868 -> pdu_0xb6fc0500 -> pdu_0xb6fc1198 -> pdu_0xb6fc1e30 -> pdu_0xb6fc2ac8 -> pdu_0xb6fc3760 -> pdu_0xb6fc43f8 -> pdu_0xb6fc5090 -> pdu_0xb6fc5d28 -> pdu_0xb6fc69c0 -> pdu_0xb6fc7658 -> pdu_0xb6fc82f0 -> pdu_0xb6fc8f88 -> pdu_0xb6fc9c20 -> pdu_0xb6fca8b8 -> pdu_0xb6fcb550 -> pdu_0xb6fcc1e8 -> pdu_0xb6fcce80 -> pdu_0xb6fcdb18 -> pdu_0xb6fce7b0 -> pdu_0xb6fcf448 -> pdu_0xb6fd00e0 -> pdu_0xb6fd0d78 -> pdu_0xb6fd1a10 -> pdu_0xb6fd26a8 -> pdu_0xb6fd3340 -> pdu_0xb6fd3fd8 -> pdu_0xb6fd4c70 -> pdu_0xb6fd5908 -> pdu_0xb6fd65a0 -> pdu_0xb6fd7238 -> pdu_0xb6fd7ed0 -> pdu_0xb6fd8b68 -> pdu_0xb6fd9800 -> pdu_0xb6fda498 -> pdu_0xb6fdb130 -> pdu_0xb6fdbdc8 -> pdu_0xb6fdca60 -> pdu_0xb6fdd6f8 -> pdu_0xb6fde390 -> pdu_0xb6fdf028 -> pdu_0xb6fdfcc0 -> pdu_0xb6fe0958 -> pdu_0xb6fe15f0 -> pdu_0xb6fe2288 -> pdu_0xb6fe2f20 -> pdu_0xb6fe3bb8 -> pdu_0xb6fe4850 -> pdu_0xb6fe54e8 -> pdu_0xb6fe6180 -> pdu_0xb6fe6e18 -> pdu_0xb6fe7ab0 -> pdu_0xb6fe8748 -> pdu_0xb6fe93e0 -> pdu_0xb6fea078 -> pdu_0xb6fead10 -> pdu_0xb6feb9a8 -> pdu_0xb6fec640 -> pdu_0xb6fed2d8 -> pdu_0xb6fedf70 -> pdu_0xb6feec08 -> pdu_0xb6fef8a0 -> pdu_0xb6ff0538 -> pdu_0xb6ff11d0 -> pdu_0xb6ff1e68 -> pdu_0xb6ff2b00 -> pdu_0xb6ff3798 -> pdu_0xb6ff4430 -> pdu_0xb6ff50c8 -> pdu_0xb6ff5d60 -> pdu_0xb6ff69f8 -> pdu_0xb6ff7690 -> pdu_0xb6ff8328 -> pdu_0xb6ff8fc0 -> pdu_0xb6ff9c58 -> pdu_0xb6ffa8f0 -> pdu_0xb6ffb588 -> pdu_0xb6ffc220 -> pdu_0xb6ffceb8 -> pdu_0xb6ffdb50 -> pdu_0xb6ffe7e8 -> pdu_0xb6fff480 -> pdu_0xb7000118 -> pdu_0xb7000db0 -> pdu_0xb7001a48 -> pdu_0xb70026e0 -> pdu_0xb7003378 -> pdu_0xb7004010 -> pdu_0xb7004ca8 -> pdu_0xb7005940 -> pdu_0xb70065d8 -> pdu_0xb7007270 -> pdu_0xb7007f08 -> pdu_0xb7008ba0 -> pdu_0xb7009838 -> pdu_0xb700a4d0 -> pdu_0xb700b168 -> pdu_0xb700be00 -> pdu_0xb700ca98 -> pdu_0xb700d730 -> pdu_0xb700e3c8 -> pdu_0xb700f060 -> pdu_0xb700fcf8 -> pdu_0xb7010990 -> pdu_0xb7011628 -> pdu_0xb70122c0 -> pdu_0xb7012f58 -> pdu_0xb7013bf0 -> pdu_0xb7014888 -> pdu_0xb7015520 -> pdu_0xb70161b8 -> pdu_0xb7016e50 -> pdu_0xb7017ae8 -> pdu_0xb7018780 -> pdu_0xb7019418 -> pdu_0xb701a0b0 -> pdu_0xb701ad48 -> pdu_0xb701b9e0 -> pdu_0xb701c678 -> pdu_0xb701d310 -> pdu_0xb701dfa8 -> pdu_0xb701ec40 -> pdu_0xb701f8d8 -> pdu_0xb7020570 -> pdu_0xb7021208 -> pdu_0xb7021ea0 -> pdu_0xb7022b38 -> pdu_0xb70237d0 -> pdu_0xb7024468 -> pdu_0xb7025100 -> pdu_0xb7025d98 -> pdu_0xb7026a30 -> pdu_0xb70276c8 -> pdu_0xb7028360 -> pdu_0xb7028ff8 -> pdu_0xb7029c90 -> pdu_0xb702a928 -> pdu_0xb702b5c0 -> pdu_0xb702c258 -> pdu_0xb702cef0 -> pdu_0xb702db88 -> pdu_0xb702e820 -> pdu_0xb702f4b8 -> pdu_0xb7030150 -> pdu_0xb7030de8 -> pdu_0xb7031a80 -> pdu_0xb7032718 -> pdu_0xb70333b0 -> pdu_0xb7034048 -> pdu_0xb7034ce0 -> pdu_0xb7035978 -> pdu_0xb7036610 -> pdu_0xb70372a8 -> pdu_0xb7037f40 -> pdu_0xb7038bd8 -> pdu_0xb7039870 -> pdu_0xb703a508 -> pdu_0xb703b1a0 -> pdu_0xb703be38 -> pdu_0xb703cad0 -> pdu_0xb703d768 -> pdu_0xb703e400 -> pdu_0xb703f098 -> pdu_0xb703fd30 -> pdu_0xb70409c8 -> pdu_0xb7041660 -> pdu_0xb70422f8 -> pdu_0xb7042f90 -> pdu_0xb7043c28 -> pdu_0xb70448c0 -> pdu_0xb7045558 -> pdu_0xb70461f0 -> pdu_0xb7046e88 -> pdu_0xb7047b20 -> pdu_0xb70487b8 -> pdu_0xb7049450 -> pdu_0xb704a0e8 -> pdu_0xb704ad80 -> pdu_0xb704ba18 -> pdu_0xb704c6b0 -> pdu_0xb704d348 -> pdu_0xb704dfe0 -> pdu_0xb704ec78 -> pdu_0xb704f910 -> pdu_0xb70505a8 -> pdu_0xb7051240 -> pdu_0xb7051ed8 -> pdu_0xb7052b70 -> pdu_0xb7053808 -> pdu_0xb70544a0 -> pdu_0xb7055138 -> pdu_0xb7055dd0 -> pdu_0xb7056a68 -> pdu_0xb7057700 -> pdu_0xb7058398 -> pdu_0xb7059030 -> pdu_0xb7059cc8 -> pdu_0xb705a960 -> pdu_0xb705b5f8 -> pdu_0xb705c290 -> pdu_0xb705cf28 -> pdu_0xb705dbc0 -> pdu_0xb705e858 -> pdu_0xb705f4f0 -> pdu_0xb7060188 -> pdu_0xb7060e20 -> pdu_0xb7061ab8 -> pdu_0xb7062750 -> pdu_0xb70633e8 -> pdu_0xb7064080 -> pdu_0xb7064d18 -> pdu_0xb70659b0 -> pdu_0xb7066648 -> pdu_0xb70672e0 -> pdu_0xb7067f78 -> pdu_0xb7068c10 -> pdu_0xb70698a8 -> pdu_0xb706a540 -> pdu_0xb706b1d8 -> pdu_0xb706be70 -> pdu_0xb706cb08 -> pdu_0xb706d7a0 -> pdu_0xb706e438 -> pdu_0xb706f0d0 -> pdu_0xb706fd68 -> pdu_0xb7070a00 -> pdu_0xb7071698 -> pdu_0xb7072330 -> pdu_0xb7072fc8 -> pdu_0xb7073c60 -> pdu_0xb70748f8 -> pdu_0xb7075590 -> pdu_0xb7076228 -> pdu_0xb7076ec0 -> pdu_0xb7077b58 -> pdu_0xb70787f0 -> pdu_0xb7079488 -> pdu_0xb707a120 -> pdu_0xb707adb8 -> pdu_0xb707ba50 -> pdu_0xb707c6e8 -> pdu_0xb707d380 -> pdu_0xb707e018 -> pdu_0xb707ecb0 -> pdu_0xb707f948 -> pdu_0xb70805e0 -> pdu_0xb7081278 -> pdu_0xb7081f10 -> pdu_0xb7082ba8 -> pdu_0xb7083840 -> pdu_0xb70844d8 -> pdu_0xb7085170 -> pdu_0xb7085e08 -> pdu_0xb7086aa0 -> pdu_0xb7087738 -> pdu_0xb70883d0 -> pdu_0xb7089068 -> pdu_0xb7089d00 -> pdu_0xb708a998 -> pdu_0xb708b630 -> pdu_0xb708c2c8 -> pdu_0xb708cf60 -> pdu_0xb708dbf8 -> pdu_0xb708e890 -> pdu_0xb708f528 -> pdu_0xb70901c0 -> pdu_0xb7090e58 -> pdu_0xb7091af0 -> pdu_0xb7092788 -> pdu_0xb7093420 -> pdu_0xb70940b8 -> pdu_0xb7094d50 -> pdu_0xb70959e8 -> pdu_0xb7096680 -> pdu_0xb7097318 -> pdu_0xb7097fb0 -> pdu_0xb7098c48 -> pdu_0xb70998e0 -> pdu_0xb709a578 -> pdu_0xb709b210 -> pdu_0xb709bea8 -> pdu_0xb709cb40 -> pdu_0xb709d7d8 -> pdu_0xb709e470 -> pdu_0xb709f108 -> pdu_0xb709fda0 -> pdu_0xb70a0a38 -> pdu_0xb70a16d0 -> pdu_0xb70a2368 -> pdu_0xb70a3000 -> pdu_0xb70a3c98 -> pdu_0xb70a4930 -> pdu_0xb70a55c8 -> pdu_0xb70a6260 -> pdu_0xb70a6ef8 -> pdu_0xb70a7b90 -> pdu_0xb70a8828 -> pdu_0xb70a94c0 -> pdu_0xb70aa158 -> pdu_0xb70aadf0 -> pdu_0xb70aba88 -> pdu_0xb70ac720 -> pdu_0xb70ad3b8 -> pdu_0xb70ae050 -> pdu_0xb70aece8 -> pdu_0xb70af980 -> pdu_0xb70b0618 -> pdu_0xb70b12b0 -> pdu_0xb70b1f48 -> pdu_0xb70b2be0 -> pdu_0xb70b3878 -> pdu_0xb70b4510 -> pdu_0xb70b51a8 -> pdu_0xb70b5e40 -> pdu_0xb70b6ad8 -> pdu_0xb70b7770 -> pdu_0xb70b8408 -> pdu_0xb70b90a0 -> pdu_0xb70b9d38 -> pdu_0xb70ba9d0 -> pdu_0xb70bb668 -> pdu_0xb70bc300 -> pdu_0xb70bcf98 -> pdu_0xb70bdc30 -> pdu_0xb70be8c8 -> pdu_0xb70bf560 -> pdu_0xb70c01f8 -> pdu_0xb70c0e90 -> pdu_0xb70c1b28 -> pdu_0xb70c27c0 -> pdu_0xb70c3458 -> pdu_0xb70c40f0 -> pdu_0xb70c4d88 -> pdu_0xb70c5a20 -> pdu_0xb70c66b8 -> pdu_0xb70c7350 -> pdu_0xb70c7fe8 -> pdu_0xb70c8c80 -> pdu_0xb70c9918 -> pdu_0xb70ca5b0 -> pdu_0xb70cb248 -> pdu_0xb70cbee0 -> pdu_0xb70ccb78 -> pdu_0xb70cd810 -> pdu_0xb70ce4a8 -> pdu_0xb70cf140 -> pdu_0xb70cfdd8 -> pdu_0xb70d0a70 -> pdu_0xb70d1708 -> pdu_0xb70d23a0 -> pdu_0xb70d3038 -> pdu_0xb70d3cd0 -> pdu_0xb70d4968 -> pdu_0xb70d5600 -> pdu_0xb70d6298 -> pdu_0xb70d6f30 -> pdu_0xb70d7bc8 -> pdu_0xb70d8860 -> pdu_0xb70d94f8 -> pdu_0xb70da190 -> pdu_0xb70dae28 -> pdu_0xb70dbac0 -> pdu_0xb70dc758 -> pdu_0xb70dd3f0 -> pdu_0xb70de088 -> pdu_0xb70ded20 -> pdu_0xb70df9b8 -> pdu_0xb70e0650 -> pdu_0xb70e12e8 -> pdu_0xb70e1f80 -> pdu_0xb70e2c18 -> pdu_0xb70e38b0 -> pdu_0xb70e4548 -> pdu_0xb70e51e0 -> pdu_0xb70e5e78 -> pdu_0xb70e6b10 -> pdu_0xb70e77a8 -> pdu_0xb70e8440 -> pdu_0xb70e90d8 -> pdu_0xb70e9d70 -> pdu_0xb70eaa08 -> pdu_0xb70eb6a0 -> pdu_0xb70ec338 -> pdu_0xb70ecfd0 -> pdu_0xb70edc68 -> pdu_0xb70ee900 -> pdu_0xb70ef598 -> pdu_0xb70f0230 -> pdu_0xb70f0ec8 -> pdu_0xb70f1b60 -> pdu_0xb70f27f8 -> pdu_0xb70f3490 -> pdu_0xb70f4128 -> pdu_0xb70f4dc0 -> pdu_0xb70f5a58 -> pdu_0xb70f66f0 -> pdu_0xb70f7388 -> pdu_0xb70f8020 -> pdu_0xb70f8cb8 -> pdu_0xb70f9950 -> pdu_0xb70fa5e8 -> pdu_0xb70fb280 -> pdu_0xb70fbf18 -> pdu_0xb70fcbb0 -> pdu_0xb70fd848 -> pdu_0xb70fe4e0 -> pdu_0xb70ff178 -> pdu_0xb70ffe10 -> pdu_0xb7100aa8 -> pdu_0xb7101740 -> pdu_0xb71023d8 -> pdu_0xb7103070 -> pdu_0xb7103d08 -> pdu_0xb71049a0 -> pdu_0xb7105638 -> pdu_0xb71062d0 -> pdu_0xb7106f68 -> pdu_0xb7107c00 -> pdu_0xb7108898 -> pdu_0xb7109530 -> pdu_0xb710a1c8 -> pdu_0xb710ae60 -> pdu_0xb710baf8 -> pdu_0xb710c790 -> pdu_0xb710d428 -> pdu_0xb710e0c0 -> pdu_0xb710ed58 -> pdu_0xb710f9f0 -> pdu_0xb7110688 -> pdu_0xb7111320 -> pdu_0xb7111fb8 -> pdu_0xb7112c50 -> pdu_0xb71138e8 -> pdu_0xb7114580 -> pdu_0xb7115218 -> pdu_0xb7115eb0 -> pdu_0xb7116b48 -> pdu_0xb71177e0 -> pdu_0xb7118478 -> pdu_0xb7119110 -> pdu_0xb7119da8 -> pdu_0xb711aa40 -> pdu_0xb711b6d8 -> pdu_0xb711c370 -> pdu_0xb711d008 -> pdu_0xb711dca0 -> pdu_0xb711e938 -> pdu_0xb711f5d0 -> pdu_0xb7120268 -> pdu_0xb7120f00 -> pdu_0xb7121b98 -> pdu_0xb7122830 -> pdu_0xb71234c8 -> pdu_0xb7124160 -> pdu_0xb7124df8 -> pdu_0xb7125a90 -> pdu_0xb7126728 -> pdu_0xb71273c0 -> pdu_0xb7128058 -> pdu_0xb7128cf0 -> pdu_0xb7129988 -> pdu_0xb712a620 -> pdu_0xb712b2b8 -> pdu_0xb712bf50 -> pdu_0xb712cbe8 -> pdu_0xb712d880 -> pdu_0xb712e518 -> pdu_0xb712f1b0 -> pdu_0xb712fe48 -> pdu_0xb7130ae0 -> pdu_0xb7131778 -> pdu_0xb7132410 -> pdu_0xb71330a8 -> pdu_0xb7133d40 -> pdu_0xb71349d8 -> pdu_0xb7135670 -> pdu_0xb7136308 -> pdu_0xb7136fa0 -> pdu_0xb7137c38 -> pdu_0xb71388d0 -> pdu_0xb7139568 -> pdu_0xb713a200 -> pdu_0xb713ae98 -> pdu_0xb713bb30 -> pdu_0xb713c7c8 -> pdu_0xb713d460 -> pdu_0xb713e0f8 -> pdu_0xb713ed90 -> pdu_0xb713fa28 -> pdu_0xb71406c0 -> pdu_0xb7141358 -> pdu_0xb7141ff0 -> pdu_0xb7142c88 -> pdu_0xb7143920 -> pdu_0xb71445b8 -> pdu_0xb7145250 -> pdu_0xb7145ee8 -> pdu_0xb7146b80 -> pdu_0xb7147818 -> pdu_0xb71484b0 -> pdu_0xb7149148 -> pdu_0xb7149de0 -> pdu_0xb714aa78 -> pdu_0xb714b710 -> pdu_0xb714c3a8 -> pdu_0xb714d040 -> pdu_0xb714dcd8 -> pdu_0xb714e970 -> pdu_0xb714f608 -> pdu_0xb71502a0 -> pdu_0xb7150f38 -> pdu_0xb7151bd0 -> pdu_0xb7152868 -> pdu_0xb7153500 -> pdu_0xb7154198 -> pdu_0xb7154e30 -> pdu_0xb7155ac8 -> pdu_0xb7156760 -> pdu_0xb71573f8 -> pdu_0xb7158090 -> pdu_0xb7158d28 -> pdu_0xb71599c0 -> pdu_0xb715a658 -> pdu_0xb715b2f0 -> pdu_0xb715bf88 -> pdu_0xb715cc20 -> pdu_0xb715d8b8 -> pdu_0xb715e550 -> pdu_0xb715f1e8 -> pdu_0xb715fe80 -> pdu_0xb7160b18 -> pdu_0xb71617b0 -> pdu_0xb7162448 -> pdu_0xb71630e0 -> pdu_0xb7163d78 -> pdu_0xb7164a10 -> pdu_0xb71656a8 -> pdu_0xb7166340 -> pdu_0xb7166fd8 -> pdu_0xb7167c70 -> pdu_0xb7168908 -> pdu_0xb71695a0 -> pdu_0xb716a238 -> pdu_0xb716aed0 -> pdu_0xb716bb68 -> pdu_0xb716c800 -> pdu_0xb716d498 -> pdu_0xb716e130 -> pdu_0xb716edc8 -> pdu_0xb716fa60 -> pdu_0xb71706f8 -> pdu_0xb7171390 -> pdu_0xb7172028 -> pdu_0xb7172cc0 -> pdu_0xb7173958 -> pdu_0xb71745f0 -> pdu_0xb7175288 -> pdu_0xb7175f20 -> pdu_0xb7176bb8 -> pdu_0xb7177850 -> pdu_0xb71784e8 -> pdu_0xb7179180 -> pdu_0xb7179e18 -> pdu_0xb717aab0 -> pdu_0xb717b748 -> pdu_0xb717c3e0 -> pdu_0xb717d078 -> pdu_0xb717dd10 -> pdu_0xb717e9a8 -> pdu_0xb717f640 -> pdu_0xb71802d8 -> pdu_0xb7180f70 -> pdu_0xb7181c08 -> pdu_0xb71828a0 -> pdu_0xb7183538 -> pdu_0xb71841d0 -> pdu_0xb7184e68 -> pdu_0xb7185b00 -> pdu_0xb7186798 -> pdu_0xb7187430 -> pdu_0xb71880c8 -> pdu_0xb7188d60 -> pdu_0xb71899f8 -> pdu_0xb718a690 -> pdu_0xb718b328 -> pdu_0xb718bfc0 -> pdu_0xb718cc58 -> pdu_0xb718d8f0 -> pdu_0xb718e588 -> pdu_0xb718f220 -> pdu_0xb718feb8 -> pdu_0xb7190b50 -> pdu_0xb71917e8 -> pdu_0xb7192480 -> pdu_0xb7193118 -> pdu_0xb7193db0 -> pdu_0xb7194a48 -> pdu_0xb71956e0 -> pdu_0xb7196378 -> pdu_0xb7197010 -> pdu_0xb7197ca8 -> pdu_0xb7198940 -> pdu_0xb71995d8 -> pdu_0xb719a270 -> pdu_0xb719af08 -> pdu_0xb719bba0 -> pdu_0xb719c838 -> pdu_0xb719d4d0 -> pdu_0xb719e168 -> pdu_0xb719ee00 -> pdu_0xb719fa98 -> pdu_0xb71a0730 -> pdu_0xb71a13c8 -> pdu_0xb71a2060 -> pdu_0xb71a2cf8 -> pdu_0xb71a3990 -> pdu_0xb71a4628 -> pdu_0xb71a52c0 -> pdu_0xb71a5f58 -> pdu_0xb71a6bf0 -> pdu_0xb71a7888 -> pdu_0xb71a8520 -> pdu_0xb71a91b8 -> pdu_0xb71a9e50 -> pdu_0xb71aaae8 -> pdu_0xb71ab780 -> pdu_0xb71ac418 -> pdu_0xb71ad0b0 -> pdu_0xb71add48 -> pdu_0xb71ae9e0 -> pdu_0xb71af678 -> pdu_0xb71b0310 -> pdu_0xb71b0fa8 -> pdu_0xb71b1c40 -> pdu_0xb71b28d8 -> pdu_0xb71b3570 -> pdu_0xb71b4208 -> pdu_0xb71b4ea0 -> pdu_0xb71b5b38 -> pdu_0xb71b67d0 -> pdu_0xb71b7468 -> pdu_0xb71b8100 -> pdu_0xb71b8d98 -> pdu_0xb71b9a30 -> pdu_0xb71ba6c8 -> pdu_0xb71bb360 -> pdu_0xb71bbff8 -> pdu_0xb71bcc90 -> pdu_0xb71bd928 -> pdu_0xb71be5c0 -> pdu_0xb71bf258 -> pdu_0xb71bfef0 -> pdu_0xb71c0b88 -> pdu_0xb71c1820 -> pdu_0xb71c24b8 -> pdu_0xb71c3150 -> pdu_0xb71c3de8 -> pdu_0xb71c4a80 -> pdu_0xb71c5718 -> pdu_0xb71c63b0 -> pdu_0xb71c7048 -> pdu_0xb71c7ce0 -> pdu_0xb71c8978 -> pdu_0xb71c9610 -> pdu_0xb71ca2a8 -> pdu_0xb71caf40 -> pdu_0xb71cbbd8 -> pdu_0xb71cc870 -> pdu_0xb71cd508 -> pdu_0xb71ce1a0 -> pdu_0xb71cee38 -> pdu_0xb71cfad0 -> pdu_0xb71d0768 -> pdu_0xb71d1400 -> pdu_0xb71d2098 -> pdu_0xb71d2d30 -> pdu_0xb71d39c8 -> pdu_0xb71d4660 -> pdu_0xb71d52f8 -> pdu_0xb71d5f90 -> pdu_0xb71d6c28 -> pdu_0xb71d78c0 -> pdu_0xb71d8558 -> pdu_0xb71d91f0 -> pdu_0xb71d9e88 -> pdu_0xb71dab20 -> pdu_0xb71db7b8 -> pdu_0xb71dc450 -> pdu_0xb71dd0e8 -> pdu_0xb71ddd80 -> pdu_0xb71dea18 -> pdu_0xb71df6b0 -> pdu_0xb71e0348 -> pdu_0xb71e0fe0 -> pdu_0xb71e1c78 -> pdu_0xb71e2910 -> pdu_0xb71e35a8 -> pdu_0xb71e4240 -> pdu_0xb71e4ed8 -> pdu_0xb71e5b70 -> pdu_0xb71e6808 -> pdu_0xb71e74a0 -> pdu_0xb71e8138 -> pdu_0xb71e8dd0 -> pdu_0xb71e9a68 -> pdu_0xb71ea700 -> pdu_0xb71eb398 -> pdu_0xb71ec030 -> pdu_0xb71eccc8 -> pdu_0xb71ed960 -> pdu_0xb71ee5f8 -> pdu_0xb71ef290 -> pdu_0xb71eff28 -> pdu_0xb71f0bc0 -> pdu_0xb71f1858 -> pdu_0xb71f24f0 -> pdu_0xb71f3188 -> pdu_0xb71f3e20 -> pdu_0xb71f4ab8 -> pdu_0xb71f5750 -> pdu_0xb71f63e8 -> pdu_0xb71f7080 -> pdu_0xb71f7d18 -> pdu_0xb71f89b0 -> pdu_0xb71f9648 -> pdu_0xb71fa2e0 -> pdu_0xb71faf78 -> pdu_0xb71fbc10 -> pdu_0xb71fc8a8 -> pdu_0xb71fd540 -> pdu_0xb71fe1d8 -> pdu_0xb71fee70 -> pdu_0xb71ffb08 -> pdu_0xb72007a0 -> pdu_0xb7201438 -> pdu_0xb72020d0 -> pdu_0xb7202d68 -> pdu_0xb7203a00 -> pdu_0xb7204698 -> pdu_0xb7205330 -> pdu_0xb7205fc8 -> pdu_0xb7206c60 -> pdu_0xb72078f8 -> pdu_0xb7208590 -> pdu_0xb7209228 -> pdu_0xb7209ec0 -> pdu_0xb720ab58 -> pdu_0xb720b7f0 -> pdu_0xb720c488 -> pdu_0xb720d120 -> pdu_0xb720ddb8 -> pdu_0xb720ea50 -> pdu_0xb720f6e8 -> pdu_0xb7210380 -> pdu_0xb7211018 -> pdu_0xb7211cb0 -> pdu_0xb7212948 -> pdu_0xb72135e0 -> pdu_0xb7214278 -> pdu_0xb7214f10 -> pdu_0xb7215ba8 -> pdu_0xb7216840 -> pdu_0xb72174d8 -> pdu_0xb7218170 -> pdu_0xb7218e08 -> pdu_0xb7219aa0 -> pdu_0xb721a738 -> pdu_0xb721b3d0 -> pdu_0xb721c068 -> pdu_0xb721cd00 -> pdu_0xb721d998 -> pdu_0xb721e630 -> pdu_0xb721f2c8 -> pdu_0xb721ff60 -> pdu_0xb7220bf8 -> pdu_0xb7221890 -> pdu_0xb7222528 -> pdu_0xb72231c0 -> pdu_0xb7223e58 -> pdu_0xb7224af0 -> pdu_0xb7225788 -> pdu_0xb7226420 -> pdu_0xb72270b8 -> pdu_0xb7227d50 -> pdu_0xb72289e8 -> pdu_0xb7229680 -> pdu_0xb722a318 -> pdu_0xb722afb0 -> pdu_0xb722bc48 -> pdu_0xb722c8e0 -> pdu_0xb722d578 -> pdu_0xb722e210 -> pdu_0xb722eea8 -> pdu_0xb722fb40 -> pdu_0xb72307d8 -> pdu_0xb7231470 -> pdu_0xb7232108 -> pdu_0xb7232da0 -> pdu_0xb7233a38 -> pdu_0xb72346d0 -> pdu_0xb7235368 -> pdu_0xb7236000 -> pdu_0xb7236c98 -> pdu_0xb7237930 -> pdu_0xb72385c8 -> pdu_0xb7239260 -> pdu_0xb7239ef8 -> pdu_0xb723ab90 -> pdu_0xb723b828 -> pdu_0xb723c4c0 -> pdu_0xb723d158 -> pdu_0xb723ddf0 -> pdu_0xb723ea88 -> pdu_0xb723f720 -> pdu_0xb72403b8 -> pdu_0xb7241050 -> pdu_0xb7241ce8 -> pdu_0xb7242980 -> pdu_0xb7243618 -> pdu_0xb72442b0 -> pdu_0xb7244f48 -> pdu_0xb7245be0 -> pdu_0xb7246878 -> pdu_0xb7247510 -> pdu_0xb72481a8 -> pdu_0xb7248e40 -> pdu_0xb7249ad8 -> pdu_0xb724a770 -> pdu_0xb724b408 -> pdu_0xb724c0a0 -> pdu_0xb724cd38 -> pdu_0xb724d9d0 -> pdu_0xb724e668 -> pdu_0xb724f300 -> pdu_0xb724ff98 -> pdu_0xb7250c30 -> pdu_0xb72518c8 -> pdu_0xb7252560 -> pdu_0xb72531f8 -> pdu_0xb7253e90 -> pdu_0xb7254b28 -> pdu_0xb72557c0 -> pdu_0xb7256458 -> pdu_0xb72570f0 -> pdu_0xb7257d88 -> pdu_0xb7258a20 -> pdu_0xb72596b8 -> pdu_0xb725a350 -> pdu_0xb725afe8 -> pdu_0xb725bc80 -> pdu_0xb725c918 -> pdu_0xb725d5b0 -> pdu_0xb725e248 -> pdu_0xb725eee0 -> pdu_0xb725fb78 -> pdu_0xb7260810 -> pdu_0xb72614a8 -> pdu_0xb7262140 -> pdu_0xb7262dd8 -> pdu_0xb7263a70 -> pdu_0xb7264708 -> pdu_0xb72653a0 -> pdu_0xb7266038 -> pdu_0xb7266cd0 -> pdu_0xb7267968 -> pdu_0xb7268600 -> pdu_0xb7269298 -> pdu_0xb7269f30 -> pdu_0xb726abc8 -> pdu_0xb726b860 -> pdu_0xb726c4f8 -> pdu_0xb726d190 -> pdu_0xb726de28 -> pdu_0xb726eac0 -> pdu_0xb726f758 -> pdu_0xb72703f0 -> pdu_0xb7271088 -> pdu_0xb7271d20 -> pdu_0xb72729b8 -> pdu_0xb7273650 -> pdu_0xb72742e8 -> pdu_0xb7274f80 -> pdu_0xb7275c18 -> pdu_0xb72768b0 -> pdu_0xb7277548 -> pdu_0xb72781e0 -> pdu_0xb7278e78 -> pdu_0xb7279b10 -> pdu_0xb727a7a8 -> pdu_0xb727b440 -> pdu_0xb727c0d8 -> pdu_0xb727cd70 -> pdu_0xb727da08 -> pdu_0xb727e6a0 -> pdu_0xb727f338 -> pdu_0xb727ffd0 -> pdu_0xb7280c68 -> pdu_0xb7281900 -> pdu_0xb7282598 -> pdu_0xb7283230 -> pdu_0xb7283ec8 -> pdu_0xb7284b60 -> pdu_0xb72857f8 -> pdu_0xb7286490 -> pdu_0xb7287128 -> pdu_0xb7287dc0 -> pdu_0xb7288a58 -> pdu_0xb72896f0 -> pdu_0xb728a388 -> pdu_0xb728b020 -> pdu_0xb728bcb8 -> pdu_0xb728c950 -> pdu_0xb728d5e8 -> pdu_0xb728e280 -> pdu_0xb728ef18 -> pdu_0xb728fbb0 -> pdu_0xb7290848 -> pdu_0xb72914e0 -> pdu_0xb7292178 -> pdu_0xb7292e10 -> pdu_0xb7293aa8 -> pdu_0xb7294740 -> pdu_0xb72953d8 -> pdu_0xb7296070 -> pdu_0xb7296d08 -> pdu_0xb72979a0 -> pdu_0xb7298638 -> pdu_0xb72992d0 -> pdu_0xb7299f68 -> pdu_0xb729ac00 -> pdu_0xb729b898 -> pdu_0xb729c530 -> pdu_0xb729d1c8 -> pdu_0xb729de60 -> pdu_0xb729eaf8 -> pdu_0xb729f790 -> pdu_0xb72a0428 -> pdu_0xb72a10c0 -> pdu_0xb72a1d58 -> pdu_0xb72a29f0 -> pdu_0xb72a3688 -> pdu_0xb72a4320 -> pdu_0xb72a4fb8 -> pdu_0xb72a5c50 -> pdu_0xb72a68e8 -> pdu_0xb72a7580 -> pdu_0xb72a8218 -> pdu_0xb72a8eb0 -> pdu_0xb72a9b48 -> pdu_0xb72aa7e0 -> pdu_0xb72ab478 -> pdu_0xb72ac110 -> pdu_0xb72acda8 -> pdu_0xb72ada40 -> pdu_0xb72ae6d8 -> pdu_0xb72af370 -> pdu_0xb72b0008 -> pdu_0xb72b0ca0 -> pdu_0xb72b1938 -> pdu_0xb72b25d0 -> pdu_0xb72b3268 -> pdu_0xb72b3f00 -> pdu_0xb72b4b98 -> pdu_0xb72b5830 -> pdu_0xb72b64c8 -> pdu_0xb72b7160 -> pdu_0xb72b7df8 -> pdu_0xb72b8a90 -> pdu_0xb72b9728 -> pdu_0xb72ba3c0 -> pdu_0xb72bb058 -> pdu_0xb72bbcf0 -> pdu_0xb72bc988 -> pdu_0xb72bd620 -> pdu_0xb72be2b8 -> pdu_0xb72bef50 -> pdu_0xb72bfbe8 -> pdu_0xb72c0880 -> pdu_0xb72c1518 -> pdu_0xb72c21b0 -> pdu_0xb72c2e48 -> pdu_0xb72c3ae0 -> pdu_0xb72c4778 -> pdu_0xb72c5410 -> pdu_0xb72c60a8 -> pdu_0xb72c6d40 -> pdu_0xb72c79d8 -> pdu_0xb72c8670 -> pdu_0xb72c9308 -> pdu_0xb72c9fa0 -> pdu_0xb72cac38 -> pdu_0xb72cb8d0 -> pdu_0xb72cc568 -> pdu_0xb72cd200 -> pdu_0xb72cde98 -> pdu_0xb72ceb30 -> pdu_0xb72cf7c8 -> pdu_0xb72d0460 -> pdu_0xb72d10f8 -> pdu_0xb72d1d90 -> pdu_0xb72d2a28 -> pdu_0xb72d36c0 -> pdu_0xb72d4358 -> pdu_0xb72d4ff0 -> pdu_0xb72d5c88 -> pdu_0xb72d6920 -> pdu_0xb72d75b8 -> pdu_0xb72d8250 -> pdu_0xb72d8ee8 -> pdu_0xb72d9b80 -> pdu_0xb72da818 -> pdu_0xb72db4b0 -> pdu_0xb72dc148 -> pdu_0xb72dcde0 -> pdu_0xb72dda78 -> pdu_0xb72de710 -> pdu_0xb72df3a8 -> pdu_0xb72e0040 -> pdu_0xb72e0cd8 -> pdu_0xb72e1970 -> pdu_0xb72e2608 -> pdu_0xb72e32a0 -> pdu_0xb72e3f38 -> pdu_0xb72e4bd0 -> pdu_0xb72e5868 -> pdu_0xb72e6500 -> pdu_0xb72e7198 -> pdu_0xb72e7e30 -> pdu_0xb72e8ac8 -> pdu_0xb72e9760 -> pdu_0xb72ea3f8 -> pdu_0xb72eb090 -> pdu_0xb72ebd28 -> pdu_0xb72ec9c0 -> pdu_0xb72ed658 -> pdu_0xb72ee2f0 -> pdu_0xb72eef88 -> pdu_0xb72efc20 -> pdu_0xb72f08b8 -> pdu_0xb72f1550 -> pdu_0xb72f21e8 -> pdu_0xb72f2e80 -> pdu_0xb72f3b18 -> pdu_0xb72f47b0 -> pdu_0xb72f5448 -> pdu_0xb72f60e0 -> pdu_0xb72f6d78 -> pdu_0xb72f7a10 -> pdu_0xb72f86a8 -> pdu_0xb72f9340 -> pdu_0xb72f9fd8 -> pdu_0xb72fac70 -> pdu_0xb72fb908 -> pdu_0xb72fc5a0 -> pdu_0xb72fd238 -> pdu_0xb72fded0 -> pdu_0xb72feb68 -> pdu_0xb72ff800 -> pdu_0xb7300498 -> pdu_0xb7301130 -> pdu_0xb7301dc8 -> pdu_0xb7302a60 -> pdu_0xb73036f8 -> pdu_0xb7304390 -> pdu_0xb7305028 -> pdu_0xb7305cc0 -> pdu_0xb7306958 -> pdu_0xb73075f0 -> pdu_0xb7308288 -> pdu_0xb7308f20 -> pdu_0xb7309bb8 -> pdu_0xb730a850 -> pdu_0xb730b4e8 -> pdu_0xb730c180 -> pdu_0xb730ce18 -> pdu_0xb730dab0 -> pdu_0xb730e748 -> pdu_0xb730f3e0 -> pdu_0xb7310078 -> pdu_0xb7310d10 -> pdu_0xb73119a8 -> pdu_0xb7312640 -> pdu_0xb73132d8 -> pdu_0xb7313f70 -> pdu_0xb7314c08 -> pdu_0xb73158a0 -> pdu_0xb7316538 -> pdu_0xb73171d0 -> pdu_0xb7317e68 -> pdu_0xb7318b00 -> pdu_0xb7319798 -> pdu_0xb731a430 -> pdu_0xb731b0c8 -> pdu_0xb731bd60 -> pdu_0xb731c9f8 -> pdu_0xb731d690 -> pdu_0xb731e328 -> pdu_0xb731efc0 -> pdu_0xb731fc58 -> pdu_0xb73208f0 -> pdu_0xb7321588 -> pdu_0xb7322220 -> pdu_0xb7322eb8 -> pdu_0xb7323b50 -> pdu_0xb73247e8 -> pdu_0xb7325480 -> pdu_0xb7326118 -> pdu_0xb7326db0 -> pdu_0xb7327a48 -> pdu_0xb73286e0 -> pdu_0xb7329378 -> pdu_0xb732a010 -> pdu_0xb732aca8 -> pdu_0xb732b940 -> pdu_0xb732c5d8 -> pdu_0xb732d270 -> pdu_0xb732df08 -> pdu_0xb732eba0 -> pdu_0xb732f838 -> pdu_0xb73304d0 -> pdu_0xb7331168 -> pdu_0xb7331e00 -> pdu_0xb7332a98 -> pdu_0xb7333730 -> pdu_0xb73343c8 -> pdu_0xb7335060 -> pdu_0xb7335cf8 -> pdu_0xb7336990 -> pdu_0xb7337628 -> pdu_0xb73382c0 -> pdu_0xb7338f58 -> pdu_0xb7339bf0 -> pdu_0xb733a888 -> pdu_0xb733b520 -> pdu_0xb733c1b8 -> pdu_0xb733ce50 -> pdu_0xb733dae8 -> pdu_0xb733e780 -> pdu_0xb733f418 -> pdu_0xb73400b0 -> pdu_0xb7340d48 -> pdu_0xb73419e0 -> pdu_0xb7342678 -> pdu_0xb7343310 -> pdu_0xb7343fa8 -> pdu_0xb7344c40 -> pdu_0xb73458d8 -> pdu_0xb7346570 -> pdu_0xb7347208 -> pdu_0xb7347ea0 -> pdu_0xb7348b38 -> pdu_0xb73497d0 -> pdu_0xb734a468 -> pdu_0xb734b100 -> pdu_0xb734bd98 -> pdu_0xb734ca30 -> pdu_0xb734d6c8 -> pdu_0xb734e360 -> pdu_0xb734eff8 -> pdu_0xb734fc90 -> pdu_0xb7350928 -> pdu_0xb73515c0 -> pdu_0xb7352258 -> pdu_0xb7352ef0 -> pdu_0xb7353b88 -> pdu_0xb7354820 -> pdu_0xb73554b8 -> pdu_0xb7356150 -> pdu_0xb7356de8 -> pdu_0xb7357a80 -> pdu_0xb7358718 -> pdu_0xb73593b0 -> pdu_0xb735a048 -> pdu_0xb735ace0 -> pdu_0xb735b978 -> pdu_0xb735c610 -> pdu_0xb735d2a8 -> pdu_0xb735df40 -> pdu_0xb735ebd8 -> pdu_0xb735f870 -> pdu_0xb7360508 -> pdu_0xb73611a0 -> pdu_0xb7361e38 -> pdu_0xb7362ad0 -> pdu_0xb7363768 -> pdu_0xb7364400 -> pdu_0xb7365098 -> pdu_0xb7365d30 -> pdu_0xb73669c8 -> pdu_0xb7367660 -> pdu_0xb73682f8 -> pdu_0xb7368f90 -> pdu_0xb7369c28 -> pdu_0xb736a8c0 -> pdu_0xb736b558 -> pdu_0xb736c1f0 -> pdu_0xb736ce88 -> pdu_0xb736db20 -> pdu_0xb736e7b8 -> pdu_0xb736f450 -> pdu_0xb73700e8 -> pdu_0xb7370d80 -> pdu_0xb7371a18 -> pdu_0xb73726b0 -> pdu_0xb7373348 -> pdu_0xb7373fe0 -> pdu_0xb7374c78 -> pdu_0xb7375910 -> pdu_0xb73765a8 -> pdu_0xb7377240 -> pdu_0xb7377ed8 -> pdu_0xb7378b70 -> pdu_0xb7379808 -> pdu_0xb737a4a0 -> pdu_0xb737b138 -> pdu_0xb737bdd0 -> pdu_0xb737ca68 -> pdu_0xb737d700 -> pdu_0xb737e398 -> pdu_0xb737f030 -> pdu_0xb737fcc8 -> pdu_0xb7380960 -> pdu_0xb73815f8 -> pdu_0xb7382290 -> pdu_0xb7382f28 -> pdu_0xb7383bc0 -> pdu_0xb7384858 -> pdu_0xb73854f0 -> pdu_0xb7386188 -> pdu_0xb7386e20 -> pdu_0xb7387ab8 -> pdu_0xb7388750 -> pdu_0xb73893e8 -> pdu_0xb738a080 -> pdu_0xb738ad18 -> pdu_0xb738b9b0 -> pdu_0xb738c648 -> pdu_0xb738d2e0 -> pdu_0xb738df78 -> pdu_0xb738ec10 -> pdu_0xb738f8a8 -> pdu_0xb7390540 -> pdu_0xb73911d8 -> pdu_0xb7391e70 -> pdu_0xb7392b08 -> pdu_0xb73937a0 -> pdu_0xb7394438 -> pdu_0xb73950d0 -> pdu_0xb7395d68 -> pdu_0xb7396a00 -> pdu_0xb7397698 -> pdu_0xb7398330 -> pdu_0xb7398fc8 -> pdu_0xb7399c60 -> pdu_0xb739a8f8 -> pdu_0xb739b590 -> pdu_0xb739c228 -> pdu_0xb739cec0 -> pdu_0xb739db58 -> pdu_0xb739e7f0 -> pdu_0xb739f488 -> pdu_0xb73a0120 -> pdu_0xb73a0db8 -> pdu_0xb73a1a50 -> pdu_0xb73a26e8 -> pdu_0xb73a3380 -> pdu_0xb73a4018 -> pdu_0xb73a4cb0 -> pdu_0xb73a5948 -> pdu_0xb73a65e0 -> pdu_0xb73a7278 -> pdu_0xb73a7f10 -> pdu_0xb73a8ba8 -> pdu_0xb73a9840 -> pdu_0xb73aa4d8 -> pdu_0xb73ab170 -> pdu_0xb73abe08 -> pdu_0xb73acaa0 -> pdu_0xb73ad738 -> pdu_0xb73ae3d0 -> pdu_0xb73af068 -> pdu_0xb73afd00 -> pdu_0xb73b0998 -> pdu_0xb73b1630 -> pdu_0xb73b22c8 -> pdu_0xb73b2f60 -> pdu_0xb73b3bf8 -> pdu_0xb73b4890 -> pdu_0xb73b5528 -> pdu_0xb73b61c0 -> pdu_0xb73b6e58 -> pdu_0xb73b7af0 -> pdu_0xb73b8788 -> pdu_0xb73b9420 -> pdu_0xb73ba0b8 -> pdu_0xb73bad50 -> pdu_0xb73bb9e8 -> pdu_0xb73bc680 -> pdu_0xb73bd318 -> pdu_0xb73bdfb0 -> pdu_0xb73bec48 -> pdu_0xb73bf8e0 -> pdu_0xb73c0578 -> pdu_0xb73c1210 -> pdu_0xb73c1ea8 -> pdu_0xb73c2b40 -> pdu_0xb73c37d8 -> pdu_0xb73c4470 -> pdu_0xb73c5108 -> pdu_0xb73c5da0 -> pdu_0xb73c6a38 -> pdu_0xb73c76d0 -> pdu_0xb73c8368 -> pdu_0xb73c9000 -> pdu_0xb73c9c98 -> pdu_0xb73ca930 -> pdu_0xb73cb5c8 -> pdu_0xb73cc260 -> pdu_0xb73ccef8 -> pdu_0xb73cdb90 -> pdu_0xb73ce828 -> pdu_0xb73cf4c0 -> pdu_0xb73d0158 -> pdu_0xb73d0df0 -> pdu_0xb73d1a88 -> pdu_0xb73d2720 -> pdu_0xb73d33b8 -> pdu_0xb73d4050 -> pdu_0xb73d4ce8 -> pdu_0xb73d5980 -> pdu_0xb73d6618 -> pdu_0xb73d72b0 -> pdu_0xb73d7f48 -> pdu_0xb73d8be0 -> pdu_0xb73d9878 -> pdu_0xb73da510 -> pdu_0xb73db1a8 -> pdu_0xb73dbe40 -> pdu_0xb73dcad8 -> pdu_0xb73dd770 -> pdu_0xb73de408 -> pdu_0xb73df0a0 -> pdu_0xb73dfd38 -> pdu_0xb73e09d0 -> pdu_0xb73e1668 -> pdu_0xb73e2300 -> pdu_0xb73e2f98 -> pdu_0xb73e3c30 -> pdu_0xb73e48c8 -> pdu_0xb73e5560 -> pdu_0xb73e61f8 -> pdu_0xb73e6e90 -> pdu_0xb73e7b28 -> pdu_0xb73e87c0 -> pdu_0xb73e9458 -> pdu_0xb73ea0f0 -> pdu_0xb73ead88 -> pdu_0xb73eba20 -> pdu_0xb73ec6b8 -> pdu_0xb73ed350 -> pdu_0xb73edfe8 -> pdu_0xb73eec80 -> pdu_0xb73ef918 -> pdu_0xb73f05b0 -> pdu_0xb73f1248 -> pdu_0xb73f1ee0 -> pdu_0xb73f2b78 -> pdu_0xb73f3810 -> pdu_0xb73f44a8 -> pdu_0xb73f5140 -> pdu_0xb73f5dd8 -> pdu_0xb73f6a70 -> pdu_0xb73f7708 -> pdu_0xb73f83a0 -> pdu_0xb73f9038 -> pdu_0xb73f9cd0 -> pdu_0xb73fa968 -> pdu_0xb73fb600 -> pdu_0xb73fc298 -> pdu_0xb73fcf30 -> pdu_0xb73fdbc8 -> pdu_0xb73fe860 -> pdu_0xb73ff4f8 -> pdu_0xb7400190 -> pdu_0xb7400e28 -> pdu_0xb7401ac0 -> pdu_0xb7402758 -> pdu_0xb74033f0 -> pdu_0xb7404088 -> pdu_0xb7404d20 -> pdu_0xb74059b8 -> pdu_0xb7406650 -> pdu_0xb74072e8 -> pdu_0xb7407f80 -> pdu_0xb7408c18 -> pdu_0xb74098b0 -> pdu_0xb740a548 -> pdu_0xb740b1e0 -> pdu_0xb740be78 -> pdu_0xb740cb10 -> pdu_0xb740d7a8 -> pdu_0xb740e440 -> pdu_0xb740f0d8 -> pdu_0xb740fd70 -> pdu_0xb7410a08 -> pdu_0xb74116a0 -> pdu_0xb7412338 -> pdu_0xb7412fd0 -> pdu_0xb7413c68 -> pdu_0xb7414900 -> pdu_0xb7415598 -> pdu_0xb7416230 -> pdu_0xb7416ec8 -> pdu_0xb7417b60 -> pdu_0xb74187f8 -> pdu_0xb7419490 -> pdu_0xb741a128 -> pdu_0xb741adc0 -> pdu_0xb741ba58 -> pdu_0xb741c6f0 -> pdu_0xb741d388 -> pdu_0xb741e020 -> pdu_0xb741ecb8 -> pdu_0xb741f950 -> pdu_0xb74205e8 -> pdu_0xb7421280 -> pdu_0xb7421f18 -> pdu_0xb7422bb0 -> pdu_0xb7423848 -> pdu_0xb74244e0 -> pdu_0xb7425178 -> pdu_0xb7425e10 -> pdu_0xb7426aa8 -> pdu_0xb7427740 -> pdu_0xb74283d8 -> pdu_0xb7429070 -> pdu_0xb7429d08 -> pdu_0xb742a9a0 -> pdu_0xb742b638 -> pdu_0xb742c2d0 -> pdu_0xb742cf68 -> pdu_0xb742dc00 -> pdu_0xb742e898 -> pdu_0xb742f530 -> pdu_0xb74301c8 -> pdu_0xb7430e60 -> pdu_0xb7431af8 -> pdu_0xb7432790 -> pdu_0xb7433428 -> pdu_0xb74340c0 -> pdu_0xb7434d58 -> pdu_0xb74359f0 -> pdu_0xb7436688 -> pdu_0xb7437320 -> pdu_0xb7437fb8 -> pdu_0xb7438c50 -> pdu_0xb74398e8 -> pdu_0xb743a580 -> pdu_0xb743b218 -> pdu_0xb743beb0 -> pdu_0xb743cb48 -> pdu_0xb743d7e0 -> pdu_0xb743e478 -> pdu_0xb743f110 -> pdu_0xb743fda8 -> pdu_0xb7440a40 -> pdu_0xb74416d8 -> pdu_0xb7442370 -> pdu_0xb7443008 -> pdu_0xb7443ca0 -> pdu_0xb7444938 -> pdu_0xb74455d0 -> pdu_0xb7446268 -> pdu_0xb7446f00 -> pdu_0xb7447b98 -> pdu_0xb7448830 -> pdu_0xb74494c8 -> pdu_0xb744a160 -> pdu_0xb744adf8 -> pdu_0xb744ba90 -> pdu_0xb744c728 -> pdu_0xb744d3c0 -> pdu_0xb744e058 -> pdu_0xb744ecf0 -> pdu_0xb744f988 -> pdu_0xb7450620 -> pdu_0xb74512b8 -> pdu_0xb7451f50 -> pdu_0xb7452be8 -> pdu_0xb7453880 -> pdu_0xb7454518 -> pdu_0xb74551b0 -> pdu_0xb7455e48 -> pdu_0xb7456ae0 -> pdu_0xb7457778 -> pdu_0xb7458410 -> pdu_0xb74590a8 -> pdu_0xb7459d40 -> pdu_0xb745a9d8 -> pdu_0xb745b670 -> pdu_0xb745c308 -> pdu_0xb745cfa0 -> pdu_0xb745dc38 -> pdu_0xb745e8d0 -> pdu_0xb745f568 -> pdu_0xb7460200 -> pdu_0xb7460e98 -> pdu_0xb7461b30 -> pdu_0xb74627c8 -> pdu_0xb7463460 -> pdu_0xb74640f8 -> pdu_0xb7464d90 -> pdu_0xb7465a28 -> pdu_0xb74666c0 -> pdu_0xb7467358 -> pdu_0xb7467ff0 -> pdu_0xb7468c88 -> pdu_0xb7469920 -> pdu_0xb746a5b8 -> pdu_0xb746b250 -> pdu_0xb746bee8 -> pdu_0xb746cb80 -> pdu_0xb746d818 -> pdu_0xb746e4b0 -> pdu_0xb746f148 -> pdu_0xb746fde0 -> pdu_0xb7470a78 -> pdu_0xb7471710 -> pdu_0xb74723a8 -> pdu_0xb7473040 -> pdu_0xb7473cd8 -> pdu_0xb7474970 -> pdu_0xb7475608 -> pdu_0xb74762a0 -> pdu_0xb7476f38 -> pdu_0xb7477bd0 -> pdu_0xb7478868 -> pdu_0xb7479500 -> pdu_0xb747a198 -> pdu_0xb747ae30 -> pdu_0xb747bac8 -> pdu_0xb747c760 -> pdu_0xb747d3f8 -> pdu_0xb747e090 -> pdu_0xb747ed28 -> pdu_0xb747f9c0 -> pdu_0xb7480658 -> pdu_0xb74812f0 -> pdu_0xb7481f88 -> pdu_0xb7482c20 -> pdu_0xb74838b8 -> pdu_0xb7484550 -> pdu_0xb74851e8 -> pdu_0xb7485e80 -> pdu_0xb7486b18 -> pdu_0xb74877b0 -> pdu_0xb7488448 -> pdu_0xb74890e0 -> pdu_0xb7489d78 -> pdu_0xb748aa10 -> pdu_0xb748b6a8 -> pdu_0xb748c340 -> pdu_0xb748cfd8 -> pdu_0xb748dc70 -> pdu_0xb748e908 -> pdu_0xb748f5a0 -> pdu_0xb7490238 -> pdu_0xb7490ed0 -> pdu_0xb7491b68 -> pdu_0xb7492800 -> pdu_0xb7493498 -> pdu_0xb7494130 -> pdu_0xb7494dc8 -> pdu_0xb7495a60 -> pdu_0xb74966f8 -> pdu_0xb7497390 -> pdu_0xb7498028 -> pdu_0xb7498cc0 -> pdu_0xb7499958 -> pdu_0xb749a5f0 -> pdu_0xb749b288 -> pdu_0xb749bf20 -> pdu_0xb749cbb8 -> pdu_0xb749d850 -> pdu_0xb749e4e8 -> pdu_0xb749f180 -> pdu_0xb749fe18 -> pdu_0xb74a0ab0 -> pdu_0xb74a1748 -> pdu_0xb74a23e0 -> pdu_0xb74a3078 -> pdu_0xb74a3d10 -> pdu_0xb74a49a8 -> pdu_0xb74a5640 -> pdu_0xb74a62d8 -> pdu_0xb74a6f70 -> pdu_0xb74a7c08 -> pdu_0xb74a88a0 -> pdu_0xb74a9538 -> pdu_0xb74aa1d0 -> pdu_0xb74aae68 -> pdu_0xb74abb00 -> pdu_0xb74ac798 -> pdu_0xb74ad430 -> pdu_0xb74ae0c8 -> pdu_0xb74aed60 -> pdu_0xb74af9f8 -> pdu_0xb74b0690 -> pdu_0xb74b1328 -> pdu_0xb74b1fc0 -> pdu_0xb74b2c58 -> pdu_0xb74b38f0 -> pdu_0xb74b4588 -> pdu_0xb74b5220 -> pdu_0xb74b5eb8 -> pdu_0xb74b6b50 -> pdu_0xb74b77e8 -> pdu_0xb74b8480 -> pdu_0xb74b9118 -> pdu_0xb74b9db0 -> pdu_0xb74baa48 -> pdu_0xb74bb6e0 -> pdu_0xb74bc378 -> pdu_0xb74bd010 -> pdu_0xb74bdca8 -> pdu_0xb74be940 -> pdu_0xb74bf5d8 -> pdu_0xb74c0270 -> pdu_0xb74c0f08 -> pdu_0xb74c1ba0 -> pdu_0xb74c2838 -> pdu_0xb74c34d0 -> pdu_0xb74c4168 -> pdu_0xb74c4e00 -> pdu_0xb74c5a98 -> pdu_0xb74c6730 -> pdu_0xb74c73c8 -> pdu_0xb74c8060 -> pdu_0xb74c8cf8 -> pdu_0xb74c9990 -> pdu_0xb74ca628 -> pdu_0xb74cb2c0 -> pdu_0xb74cbf58 -> pdu_0xb74ccbf0 -> pdu_0xb74cd888 -> pdu_0xb74ce520 -> pdu_0xb74cf1b8 -> pdu_0xb74cfe50 -> pdu_0xb74d0ae8 -> pdu_0xb74d1780 -> pdu_0xb74d2418 -> pdu_0xb74d30b0 -> pdu_0xb74d3d48 -> pdu_0xb74d49e0 -> pdu_0xb74d5678 -> pdu_0xb74d6310 -> pdu_0xb74d6fa8 -> pdu_0xb74d7c40 -> pdu_0xb74d88d8 -> pdu_0xb74d9570 -> pdu_0xb74da208 -> pdu_0xb74daea0 -> pdu_0xb74dbb38 -> pdu_0xb74dc7d0 -> pdu_0xb74dd468 -> pdu_0xb74de100 -> pdu_0xb74ded98 -> pdu_0xb74dfa30 -> pdu_0xb74e06c8 -> pdu_0xb74e1360 -> pdu_0xb74e1ff8 -> pdu_0xb74e2c90 -> pdu_0xb74e3928 -> pdu_0xb74e45c0 -> pdu_0xb74e5258 -> pdu_0xb74e5ef0 -> pdu_0xb74e6b88 -> pdu_0xb74e7820 -> pdu_0xb74e84b8 -> pdu_0xb74e9150 -> pdu_0xb74e9de8 -> pdu_0xb74eaa80 -> pdu_0xb74eb718 -> pdu_0xb74ec3b0 -> pdu_0xb74ed048 -> pdu_0xb74edce0 -> pdu_0xb74ee978 -> pdu_0xb74ef610 -> pdu_0xb74f02a8 -> pdu_0xb74f0f40 -> pdu_0xb74f1bd8 -> pdu_0xb74f2870 -> pdu_0xb74f3508 -> pdu_0xb74f41a0 -> pdu_0xb74f4e38 -> pdu_0xb74f5ad0 -> pdu_0xb74f6768 -> pdu_0xb74f7400 -> pdu_0xb74f8098 -> pdu_0xb74f8d30 -> pdu_0xb74f99c8 -> pdu_0xb74fa660 -> pdu_0xb74fb2f8 -> pdu_0xb74fbf90 -> pdu_0xb74fcc28 -> pdu_0xb74fd8c0 -> pdu_0xb74fe558 -> pdu_0xb74ff1f0 -> pdu_0xb74ffe88 -> pdu_0xb7500b20 -> pdu_0xb75017b8 -> pdu_0xb7502450 -> pdu_0xb75030e8 -> pdu_0xb7503d80 -> pdu_0xb7504a18 -> pdu_0xb75056b0 -> pdu_0xb7506348 -> pdu_0xb7506fe0 -> pdu_0xb7507c78 -> pdu_0xb7508910 -> pdu_0xb75095a8 -> pdu_0xb750a240 -> pdu_0xb750aed8 -> pdu_0xb750bb70 -> pdu_0xb750c808 -> pdu_0xb750d4a0 -> pdu_0xb750e138 -> pdu_0xb750edd0 -> pdu_0xb750fa68 -> pdu_0xb7510700 -> pdu_0xb7511398 -> pdu_0xb7512030 -> pdu_0xb7512cc8 -> pdu_0xb7513960 -> pdu_0xb75145f8 -> pdu_0xb7515290 -> pdu_0xb7515f28 -> pdu_0xb7516bc0 -> pdu_0xb7517858 -> pdu_0xb75184f0 -> pdu_0xb7519188 -> pdu_0xb7519e20 -> pdu_0xb751aab8 -> pdu_0xb751b750 -> pdu_0xb751c3e8 -> pdu_0xb751d080 -> pdu_0xb751dd18 -> pdu_0xb751e9b0 -> pdu_0xb751f648 -> pdu_0xb75202e0 -> pdu_0xb7520f78 -> pdu_0xb7521c10 -> pdu_0xb75228a8 -> pdu_0xb7523540 -> pdu_0xb75241d8 -> pdu_0xb7524e70 -> pdu_0xb7525b08 -> pdu_0xb75267a0 -> pdu_0xb7527438 -> pdu_0xb75280d0 -> pdu_0xb7528d68 -> pdu_0xb7529a00 -> pdu_0xb752a698 -> pdu_0xb752b330 -> pdu_0xb752bfc8 -> pdu_0xb752cc60 -> pdu_0xb752d8f8 -> pdu_0xb752e590 -> pdu_0xb752f228 -> pdu_0xb752fec0 -> pdu_0xb7530b58 -> pdu_0xb75317f0 -> pdu_0xb7532488 -> pdu_0xb7533120 -> pdu_0xb7533db8 -> pdu_0xb7534a50 -> pdu_0xb75356e8 -> pdu_0xb7536380 -> pdu_0xb7537018 -> pdu_0xb7537cb0 -> pdu_0xb7538948 -> pdu_0xb75395e0 -> pdu_0xb753a278 -> pdu_0xb753af10 -> pdu_0xb753bba8 -> pdu_0xb753c840 -> pdu_0xb753d4d8 -> pdu_0xb753e170 -> pdu_0xb753ee08 -> pdu_0xb753faa0 -> pdu_0xb7540738 -> pdu_0xb75413d0 -> pdu_0xb7542068 -> pdu_0xb7542d00 -> pdu_0xb7543998 -> pdu_0xb7544630 -> pdu_0xb75452c8 -> pdu_0xb7545f60 -> pdu_0xb7546bf8 -> pdu_0xb7547890 -> pdu_0xb7548528 -> pdu_0xb75491c0 -> pdu_0xb7549e58 -> pdu_0xb754aaf0 -> pdu_0xb754b788 -> pdu_0xb754c420 -> pdu_0xb754d0b8 -> pdu_0xb754dd50 -> pdu_0xb754e9e8 -> pdu_0xb754f680 -> pdu_0xb7550318 -> pdu_0xb7550fb0 -> pdu_0xb7551c48 -> pdu_0xb75528e0 -> pdu_0xb7553578 -> pdu_0xb7554210 -> pdu_0xb7554ea8 -> pdu_0xb7555b40 -> pdu_0xb75567d8 -> pdu_0xb7557470 -> pdu_0xb7558108 -> pdu_0xb7558da0 -> pdu_0xb7559a38 -> pdu_0xb755a6d0 -> pdu_0xb755b368 -> pdu_0xb755c000 -> pdu_0xb755cc98 -> pdu_0xb755d930 -> pdu_0xb755e5c8 -> pdu_0xb755f260 -> pdu_0xb755fef8 -> pdu_0xb7560b90 -> pdu_0xb7561828 -> pdu_0xb75624c0 -> pdu_0xb7563158 -> pdu_0xb7563df0 -> pdu_0xb7564a88 -> pdu_0xb7565720 -> pdu_0xb75663b8 -> pdu_0xb7567050 -> pdu_0xb7567ce8 -> pdu_0xb7568980 -> pdu_0xb7569618 -> pdu_0xb756a2b0 -> pdu_0xb756af48 -> pdu_0xb756bbe0 -> pdu_0xb756c878 -> pdu_0xb756d510 -> pdu_0xb756e1a8 -> pdu_0xb756ee40 -> pdu_0xb756fad8 -> pdu_0xb7570770 -> pdu_0xb7571408 -> pdu_0xb75720a0 -> pdu_0xb7572d38 -> pdu_0xb75739d0 -> pdu_0xb7574668 -> pdu_0xb7575300 -> pdu_0xb7575f98 -> pdu_0xb7576c30 -> pdu_0xb75778c8 -> pdu_0xb7578560 -> pdu_0xb75791f8 -> pdu_0xb7579e90 -> pdu_0xb757ab28 -> pdu_0xb757b7c0 -> pdu_0xb757c458 -> pdu_0xb757d0f0 -> pdu_0xb757dd88 -> pdu_0xb757ea20 -> pdu_0xb757f6b8 -> pdu_0xb7580350 -> pdu_0xb7580fe8 -> pdu_0xb7581c80 -> pdu_0xb7582918 -> pdu_0xb75835b0 -> pdu_0xb7584248 -> pdu_0xb7584ee0 -> pdu_0xb7585b78 -> pdu_0xb7586810 -> pdu_0xb75874a8 -> pdu_0xb7588140 -> pdu_0xb7588dd8 -> pdu_0xb7589a70 -> pdu_0xb758a708 -> pdu_0xb758b3a0 -> pdu_0xb758c038 -> pdu_0xb758ccd0 -> pdu_0xb758d968 -> pdu_0xb758e600 -> pdu_0xb758f298 -> pdu_0xb758ff30 -> pdu_0xb7590bc8 -> pdu_0xb7591860 -> pdu_0xb75924f8 -> pdu_0xb7593190 -> pdu_0xb7593e28 -> pdu_0xb7594ac0 -> pdu_0xb7595758 -> pdu_0xb75963f0 -> pdu_0xb7597088 -> pdu_0xb7597d20 -> pdu_0xb75989b8 -> pdu_0xb7599650 -> pdu_0xb759a2e8 -> pdu_0xb759af80 -> pdu_0xb759bc18 -> pdu_0xb759c8b0 -> pdu_0xb759d548 -> pdu_0xb759e1e0 -> pdu_0xb759ee78 -> pdu_0xb759fb10 -> pdu_0xb75a07a8 -> pdu_0xb75a1440 -> pdu_0xb75a20d8 -> pdu_0xb75a2d70 -> pdu_0xb75a3a08 -> pdu_0xb75a46a0 -> pdu_0xb75a5338 -> pdu_0xb75a5fd0 -> pdu_0xb75a6c68 -> pdu_0xb75a7900 -> pdu_0xb75a8598 -> pdu_0xb75a9230 -> pdu_0xb75a9ec8 -> pdu_0xb75aab60 -> pdu_0xb75ab7f8 -> pdu_0xb75ac490 -> pdu_0xb75ad128 -> pdu_0xb75addc0 -> pdu_0xb75aea58 -> pdu_0xb75af6f0 -> pdu_0xb75b0388 -> pdu_0xb75b1020 -> pdu_0xb75b1cb8 -> pdu_0xb75b2950 -> pdu_0xb75b35e8 -> pdu_0xb75b4280 -> pdu_0xb75b4f18 -> pdu_0xb75b5bb0 -> pdu_0xb75b6848 -> pdu_0xb75b74e0 -> pdu_0xb75b8178 -> pdu_0xb75b8e10 -> pdu_0xb75b9aa8 -> pdu_0xb75ba740 -> pdu_0xb75bb3d8 -> pdu_0xb75bc070 -> pdu_0xb75bcd08 -> pdu_0xb75bd9a0 -> pdu_0xb75be638 -> pdu_0xb75bf2d0 -> pdu_0xb75bff68 -> pdu_0xb75c0c00 -> pdu_0xb75c1898 -> pdu_0xb75c2530 -> pdu_0xb75c31c8 -> pdu_0xb75c3e60 -> pdu_0xb75c4af8 -> pdu_0xb75c5790 -> pdu_0xb75c6428 -> pdu_0xb75c70c0 -> pdu_0xb75c7d58 -> pdu_0xb75c89f0 -> pdu_0xb75c9688 -> pdu_0xb75ca320 -> pdu_0xb75cafb8 -> pdu_0xb75cbc50 -> pdu_0xb75cc8e8 -> pdu_0xb75cd580 -> pdu_0xb75ce218 -> pdu_0xb75ceeb0 -> pdu_0xb75cfb48 -> pdu_0xb75d07e0 -> pdu_0xb75d1478 -> pdu_0xb75d2110 -> pdu_0xb75d2da8 -> pdu_0xb75d3a40 -> pdu_0xb75d46d8 -> pdu_0xb75d5370 -> pdu_0xb75d6008 -> pdu_0xb75d6ca0 -> pdu_0xb75d7938 -> pdu_0xb75d85d0 -> pdu_0xb75d9268 -> pdu_0xb75d9f00 -> pdu_0xb75dab98 -> pdu_0xb75db830 -> pdu_0xb75dc4c8 -> pdu_0xb75dd160 -> pdu_0xb75dddf8 -> pdu_0xb75dea90 -> pdu_0xb75df728 -> pdu_0xb75e03c0 -> pdu_0xb75e1058 -> pdu_0xb75e1cf0 -> pdu_0xb75e2988 -> pdu_0xb75e3620 -> pdu_0xb75e42b8 -> pdu_0xb75e4f50 -> pdu_0xb75e5be8 -> pdu_0xb75e6880 -> pdu_0xb75e7518 -> pdu_0xb75e81b0 -> pdu_0xb75e8e48 -> pdu_0xb75e9ae0 -> pdu_0xb75ea778 -> pdu_0xb75eb410 -> pdu_0xb75ec0a8 -> pdu_0xb75ecd40 -> pdu_0xb75ed9d8 -> pdu_0xb75ee670 -> pdu_0xb75ef308 -> pdu_0xb75effa0 -> pdu_0xb75f0c38 -> pdu_0xb75f18d0 -> pdu_0xb75f2568 -> pdu_0xb75f3200 -> pdu_0xb75f3e98 -> pdu_0xb75f4b30 -> pdu_0xb75f57c8 -> pdu_0xb75f6460 -> pdu_0xb75f70f8 -> pdu_0xb75f7d90 -> pdu_0xb75f8a28 -> pdu_0xb75f96c0 -> pdu_0xb75fa358 -> pdu_0xb75faff0 -> pdu_0xb75fbc88 -> pdu_0xb75fc920 -> pdu_0xb75fd5b8 -> pdu_0xb75fe250 -> pdu_0xb75feee8 -> pdu_0xb75ffb80 -> pdu_0xb7600818 -> pdu_0xb76014b0 -> pdu_0xb7602148 -> pdu_0xb7602de0 -> pdu_0xb7603a78 -> pdu_0xb7604710 -> pdu_0xb76053a8 -> pdu_0xb7606040 -> pdu_0xb7606cd8 -> pdu_0xb7607970 -> pdu_0xb7608608 -> pdu_0xb76092a0 -> pdu_0xb7609f38 -> pdu_0xb760abd0 -> pdu_0xb760b868 -> pdu_0xb760c500 -> pdu_0xb760d198 -> pdu_0xb760de30 -> pdu_0xb760eac8 -> pdu_0xb760f760 -> pdu_0xb76103f8 -> pdu_0xb7611090 -> pdu_0xb7611d28 -> pdu_0xb76129c0 -> pdu_0xb7613658 -> pdu_0xb76142f0 -> pdu_0xb7614f88 -> pdu_0xb7615c20 -> pdu_0xb76168b8 -> pdu_0xb7617550 -> pdu_0xb76181e8 -> pdu_0xb7618e80 -> pdu_0xb7619b18 -> pdu_0xb761a7b0 -> pdu_0xb761b448 -> pdu_0xb761c0e0 -> pdu_0xb761cd78 -> pdu_0xb761da10 -> pdu_0xb761e6a8 -> pdu_0xb761f340 -> pdu_0xb761ffd8 -> pdu_0xb7620c70 -> pdu_0xb7621908 -> pdu_0xb76225a0 -> pdu_0xb7623238 -> pdu_0xb7623ed0 -> pdu_0xb7624b68 -> pdu_0xb7625800 -> pdu_0xb7626498 -> pdu_0xb7627130 -> pdu_0xb7627dc8 -> pdu_0xb7628a60 -> pdu_0xb76296f8 -> pdu_0xb762a390 -> pdu_0xb762b028 -> pdu_0xb762bcc0 -> pdu_0xb762c958 -> pdu_0xb762d5f0 -> pdu_0xb762e288 -> pdu_0xb762ef20 -> pdu_0xb762fbb8 -> pdu_0xb7630850 -> pdu_0xb76314e8 -> pdu_0xb7632180 -> pdu_0xb7632e18 -> pdu_0xb7633ab0 -> pdu_0xb7634748 -> pdu_0xb76353e0 -> pdu_0xb7636078 -> pdu_0xb7636d10 -> pdu_0xb76379a8 -> pdu_0xb7638640 -> pdu_0xb76392d8 -> pdu_0xb7639f70 -> pdu_0xb763ac08 -> pdu_0xb763b8a0 -> pdu_0xb763c538 -> pdu_0xb763d1d0 -> pdu_0xb763de68 -> pdu_0xb763eb00 -> pdu_0xb763f798 -> pdu_0xb7640430 -> pdu_0xb76410c8 -> pdu_0xb7641d60 -> pdu_0xb76429f8 -> pdu_0xb7643690 -> pdu_0xb7644328 -> pdu_0xb7644fc0 -> pdu_0xb7645c58 -> pdu_0xb76468f0 -> pdu_0xb7647588 -> pdu_0xb7648220 -> pdu_0xb7648eb8 -> pdu_0xb7649b50 -> pdu_0xb764a7e8 -> pdu_0xb764b480 -> pdu_0xb764c118 -> pdu_0xb764cdb0 -> pdu_0xb764da48 -> pdu_0xb764e6e0 -> pdu_0xb764f378 -> pdu_0xb7650010 -> pdu_0xb7650ca8 -> pdu_0xb7651940 -> pdu_0xb76525d8 -> pdu_0xb7653270 -> pdu_0xb7653f08 -> pdu_0xb7654ba0 -> pdu_0xb7655838 -> pdu_0xb76564d0 -> pdu_0xb7657168 -> pdu_0xb7657e00 -> pdu_0xb7658a98 -> pdu_0xb7659730 -> pdu_0xb765a3c8 -> pdu_0xb765b060 -> pdu_0xb765bcf8 -> pdu_0xb765c990 -> pdu_0xb765d628 -> pdu_0xb765e2c0 -> pdu_0xb765ef58 -> pdu_0xb765fbf0 -> pdu_0xb7660888 -> pdu_0xb7661520 -> pdu_0xb76621b8 -> pdu_0xb7662e50 -> pdu_0xb7663ae8 -> pdu_0xb7664780 -> pdu_0xb7665418 -> pdu_0xb76660b0 -> pdu_0xb7666d48 -> pdu_0xb76679e0 -> pdu_0xb7668678 -> pdu_0xb7669310 -> pdu_0xb7669fa8 -> pdu_0xb766ac40 -> pdu_0xb766b8d8 -> pdu_0xb766c570 -> pdu_0xb766d208 -> pdu_0xb766dea0 -> pdu_0xb766eb38 -> pdu_0xb766f7d0 -> pdu_0xb7670468 -> pdu_0xb7671100 -> pdu_0xb7671d98 -> pdu_0xb7672a30 -> pdu_0xb76736c8 -> pdu_0xb7674360 -> pdu_0xb7674ff8 -> pdu_0xb7675c90 -> pdu_0xb7676928 -> pdu_0xb76775c0 -> pdu_0xb7678258 -> pdu_0xb7678ef0 -> pdu_0xb7679b88 -> pdu_0xb767a820 -> pdu_0xb767b4b8 -> pdu_0xb767c150 -> pdu_0xb767cde8 -> pdu_0xb767da80 -> pdu_0xb767e718 -> pdu_0xb767f3b0 -> pdu_0xb7680048 -> pdu_0xb7680ce0 -> pdu_0xb7681978 -> pdu_0xb7682610 -> pdu_0xb76832a8 -> pdu_0xb7683f40 -> pdu_0xb7684bd8 -> pdu_0xb7685870 -> pdu_0xb7686508 -> pdu_0xb76871a0 -> pdu_0xb7687e38 -> pdu_0xb7688ad0 -> pdu_0xb7689768 -> pdu_0xb768a400 -> pdu_0xb768b098 -> pdu_0xb768bd30 -> pdu_0xb768c9c8 -> pdu_0xb768d660 -> pdu_0xb768e2f8 -> pdu_0xb768ef90 -> pdu_0xb768fc28 -> pdu_0xb76908c0 -> pdu_0xb7691558 -> pdu_0xb76921f0 -> pdu_0xb7692e88 -> pdu_0xb7693b20 -> pdu_0xb76947b8 -> pdu_0xb7695450 -> pdu_0xb76960e8 -> pdu_0xb7696d80 -> pdu_0xb7697a18 -> pdu_0xb76986b0 -> pdu_0xb7699348 -> pdu_0xb7699fe0 -> pdu_0xb769ac78 -> pdu_0xb769b910 -> pdu_0xb769c5a8 -> pdu_0xb769d240 -> pdu_0xb769ded8 -> pdu_0xb769eb70 -> pdu_0xb769f808 -> pdu_0xb76a04a0 -> pdu_0xb76a1138 -> pdu_0xb76a1dd0 -> pdu_0xb76a2a68 -> pdu_0xb76a3700 -> pdu_0xb76a4398 -> pdu_0xb76a5030 -> pdu_0xb76a5cc8 -> pdu_0xb76a6960 -> pdu_0xb76a75f8 -> pdu_0xb76a8290 -> pdu_0xb76a8f28 -> pdu_0xb76a9bc0 -> pdu_0xb76aa858 -> pdu_0xb76ab4f0 -> pdu_0xb76ac188 -> pdu_0xb76ace20 -> pdu_0xb76adab8 -> pdu_0xb76ae750 -> pdu_0xb76af3e8 -> pdu_0xb76b0080 -> pdu_0xb76b0d18 -> pdu_0xb76b19b0 -> pdu_0xb76b2648 -> pdu_0xb76b32e0 -> pdu_0xb76b3f78 -> pdu_0xb76b4c10 -> pdu_0xb76b58a8 -> pdu_0xb76b6540 -> pdu_0xb76b71d8 -> pdu_0xb76b7e70 -> pdu_0xb76b8b08 -> pdu_0xb76b97a0 -> pdu_0xb76ba438 -> pdu_0xb76bb0d0 -> pdu_0xb76bbd68 -> pdu_0xb76bca00 -> pdu_0xb76bd698 -> pdu_0xb76be330 -> pdu_0xb76befc8 -> pdu_0xb76bfc60 -> pdu_0xb76c08f8 -> pdu_0xb76c1590 -> pdu_0xb76c2228 -> pdu_0xb76c2ec0 -> pdu_0xb76c3b58 -> pdu_0xb76c47f0 -> pdu_0xb76c5488 -> pdu_0xb76c6120 -> pdu_0xb76c6db8 -> pdu_0xb76c7a50 -> pdu_0xb76c86e8 -> pdu_0xb76c9380 -> pdu_0xb76ca018 -> pdu_0xb76cacb0 -> pdu_0xb76cb948 -> pdu_0xb76cc5e0 -> pdu_0xb76cd278 -> pdu_0xb76cdf10 -> pdu_0xb76ceba8 -> pdu_0xb76cf840 -> pdu_0xb76d04d8 -> pdu_0xb76d1170 -> pdu_0xb76d1e08 -> pdu_0xb76d2aa0 -> pdu_0xb76d3738 -> pdu_0xb76d43d0 -> pdu_0xb76d5068 -> pdu_0xb76d5d00 -> pdu_0xb76d6998 -> pdu_0xb76d7630 -> pdu_0xb76d82c8 -> pdu_0xb76d8f60 -> pdu_0xb76d9bf8 -> pdu_0xb76da890 -> pdu_0xb76db528 -> pdu_0xb76dc1c0 -> pdu_0xb76dce58 -> pdu_0xb76ddaf0 -> pdu_0xb76de788 -> pdu_0xb76df420 -> pdu_0xb76e00b8 -> pdu_0xb76e0d50 -> pdu_0xb76e19e8 -> pdu_0xb76e2680 -> pdu_0xb76e3318 -> pdu_0xb76e3fb0 -> pdu_0xb76e4c48 -> pdu_0xb76e58e0 -> pdu_0xb76e6578 -> pdu_0xb76e7210 -> pdu_0xb76e7ea8 -> pdu_0xb76e8b40 -> pdu_0xb76e97d8 -> pdu_0xb76ea470 -> pdu_0xb76eb108 -> pdu_0xb76ebda0 -> pdu_0xb76eca38 -> pdu_0xb76ed6d0 -> pdu_0xb76ee368 -> pdu_0xb76ef000 -> pdu_0xb76efc98 -> pdu_0xb76f0930 -> pdu_0xb76f15c8 -> pdu_0xb76f2260 -> pdu_0xb76f2ef8 -> pdu_0xb76f3b90 -> pdu_0xb76f4828 -> pdu_0xb76f54c0 -> pdu_0xb76f6158 -> pdu_0xb76f6df0 -> pdu_0xb76f7a88 -> pdu_0xb76f8720 -> pdu_0xb76f93b8 -> pdu_0xb76fa050 -> pdu_0xb76face8 -> pdu_0xb76fb980 -> pdu_0xb76fc618 -> pdu_0xb76fd2b0 -> pdu_0xb76fdf48 -> pdu_0xb76febe0 -> pdu_0xb76ff878 -> pdu_0xb7700510 -> pdu_0xb77011a8 -> pdu_0xb7701e40 -> pdu_0xb7702ad8 -> pdu_0xb7703770 -> pdu_0xb7704408 -> pdu_0xb77050a0 -> pdu_0xb7705d38 -> pdu_0xb77069d0 -> pdu_0xb7707668 -> pdu_0xb7708300 -> pdu_0xb7708f98 -> pdu_0xb7709c30 [label=free_pdus];
Data structure dump 3650
----------------------
hit_0x3fea370 [label="tid_3feab70"];
hit_0x3fea370  // free_pdus
-> pdu_0xb6babd18  // (SEND)
-> pdu_0xb6bcf3d0  // (ACK
)
-> pdu_0xb6bd0068  // (RECE)
[label=free_pdus];
Hit structure dump 3
======================
hit_0xbfc2d058 [label="tid_b770b6c0"];
hit_0xbfc2d058  // free_pdus
-> pdu_0xb6bd2630  // (CONN)
[label=free_pdus];
Hit structure dump 1
======================
hit_0x37e9370 [label="tid_37e9b70"];
hit_0x37e9370  // free_pdus
-> pdu_0xb6bc9ba8  // (ACK
)
-> pdu_0xb6bac9b0  // (ACK
)
[label=free_pdus];
Hit structure dump 2
======================
hit_0x2fe8370 [label="tid_2fe8b70"];
hit_0x2fe8370  // free_pdus
-> pdu_0xb6bcb4d8  // (SEND)
-> pdu_0xb6bd0d00  // (RECE)
[label=free_pdus];
Hit structure dump 2
======================
hit_0x6fd5370 [label="tid_6fd5b70"];
hit_0x6fd5370  // free_pdus
-> pdu_0xb6bc0488  // (CONN)
[label=free_pdus];
Hit structure dump 1
======================
hit_0x49ba370 [label="tid_49bab70"];
hit_0x49ba370  // free_pdus
-> pdu_0xb6ba25f8  // (SEND)
-> pdu_0xb6bc1db8  // (ACK
)
[label=free_pdus];
Hit structure dump 2
======================
hit_0x1fe6370 [label="tid_1fe6b70"];
hit_0x1fe6370  // free_pdus
-> pdu_0xb6bc5018  // (SEND)
-> pdu_0xb6bb47a0  // (ACK
)
-> pdu_0xb6bc8278  // (ACK
)
-> pdu_0xb6bc36e8  // (ACK
)
-> pdu_0xb6ba8ab8  // (ACK
)
[label=free_pdus];
Hit structure dump 5
======================
hit_0x27e7370 [label="tid_27e7b70"];
hit_0x27e7370  // free_pdus
-> pdu_0xb6ba7e20  // (SEND)
-> pdu_0xb6b821a0  // (RECE)
-> pdu_0xb6bbd228  // (ACK
)
-> pdu_0xb6baa3e8  // (ACK
)
-> pdu_0xb6b95c78  // (ACK
)
-> pdu_0xb6baef78  // (RECE)
[label=free_pdus];
Hit structure dump 6
======================
hit_0x589b370 [label="tid_589bb70"];
hit_0x589b370  // free_pdus
-> pdu_0xb6bc1120  // (SEND)
-> pdu_0xb6bcce08  // (RECE)
[label=free_pdus];
Hit structure dump 2
======================
hit_0x17e5370 [label="tid_17e5b70"];
hit_0x17e5370  // free_pdus
-> pdu_0xb6bd1998  // (SEND)
-> pdu_0xb6bd3f60  // (RECE)
[label=free_pdus];
Hit structure dump 2
======================
