FMT0 persist at /var/zxid/bus/ch/default/zvuWsewQqt-hYflrtXC9yYEWb8E 'foo bar' len=61 rcpt(0)
FMT0 persist at /var/zxid/bus/ch/default/JW8CltIg8QbpBEDWamF1SPZxDYk '' len=54 rcpt(0)
FMT0 persist at /var/zxid/bus/ch/default/bjZtT6SuxzOFHc1GLnoFdMdSbm0 'F' len=55 rcpt(0)
FMT0 persist at /var/zxid/bus/ch/default/3yaWfCFEuyz-HXA7_PY2lV-zfYg 'test(-1,10' len=69 rcpt(0)
FMT0 persist at /var/zxid/bus/ch/default/35OUqHeMdhRnPCsPBJH-BCvMKoU 'test(-1,10' len=69 rcpt(1)
FMT0 persist at /var/zxid/bus/ch/default/5IDVUvOLVmHmexymd4x9U4_fGiE 'test(-1,10' len=69 rcpt(2)
FMT0 persist at /var/zxid/bus/ch/default/2ILOd9iA9sXKvGjpSAQebLoq2qw 'test(-1,10' len=69 rcpt(3)
FMT0 persist at /var/zxid/bus/ch/default/5-UizDkcKov2nGMBR17-7VpVeQ8 'test(-1,10' len=69 rcpt(4)
FMT0 persist at /var/zxid/bus/ch/default/JP2s0dI6xNkX63n7ZkAjqUUU-RM 'test(-1,10' len=69 rcpt(5)
FMT0 persist at /var/zxid/bus/ch/default/uwFxZrtMSOtP5tVOS0qE62ExX1Y 'test(-1,10' len=69 rcpt(6)
FMT0 persist at /var/zxid/bus/ch/default/HOXHKXrNynLHrbxJ7ff7TUU_7D4 'test(-1,10' len=69 rcpt(7)
FMT0 persist at /var/zxid/bus/ch/default/Xk6XftlZus_9dohsr01EI54p0OU 'test(-1,10' len=69 rcpt(8)
FMT0 persist at /var/zxid/bus/ch/default/d8lbiMfQlvezKDfBsg9NlAqSQ-8 'test(-1,10' len=69 rcpt(9)
FMT0 persist at /var/zxid/bus/ch/default/JEnG2wwROfDNZ36Sc9PWrpIWSCk 'test(-1,10' len=70 rcpt(10)
FMT0 persist at /var/zxid/bus/ch/default/f5-vIEPUTox43OUX1nL-yg-OS3o 'test(-1,10' len=69 rcpt(11)
FMT0 persist at /var/zxid/bus/ch/default/ojkE2iuWTmkaGBMgZ9SDyFUapkc 'test(-1,10' len=69 rcpt(12)
FMT0 persist at /var/zxid/bus/ch/default/V9ZWdFF9Jzkkdi8HYyt2a2kcizw 'test(-1,10' len=69 rcpt(13)
FMT0 persist at /var/zxid/bus/ch/default/Re6LCQ0mlGRH_UFkdIjxX6u-LQw 'test(-1,10' len=69 rcpt(14)
FMT0 persist at /var/zxid/bus/ch/default/wVbDRlDK_mvYm4b968rnOQfkHHI 'test(-1,10' len=69 rcpt(15)
FMT0 persist at /var/zxid/bus/ch/default/FM4qmrnEhUOsYmWO4iymXkZbSdQ 'test(-1,10' len=69 rcpt(16)
FMT0 persist at /var/zxid/bus/ch/default/vUj8SZ2Js2gY9s43iRSugPbzY_M 'test(-1,10' len=69 rcpt(17)
FMT0 persist at /var/zxid/bus/ch/default/LFtciBs-W1RGhdIjBPJYgd2Y_Ag 'test(-1,10' len=69 rcpt(18)
FMT0 persist at /var/zxid/bus/ch/default/44YuNEl5ol5XEF8Zh5_8s6esUFU 'test(-1,10' len=69 rcpt(19)
FMT0 persist at /var/zxid/bus/ch/default/biYNQsjIZvP9Nzwnjyjuhv4lwNw 'test(-1,9,' len=69 rcpt(20)
FMT0 persist at /var/zxid/bus/ch/default/h3hZBocFbvmGiqNhz1YCT8s2hxU 'test(-1,9,' len=69 rcpt(21)
FMT0 persist at /var/zxid/bus/ch/default/5gjqBP2HG8Z1RF00jeIZFRZ5iP8 'test(-1,9,' len=69 rcpt(22)
FMT0 persist at /var/zxid/bus/ch/default/UrP8sCUgjN_SESLjVJfR6SBECwI 'test(-1,9,' len=69 rcpt(23)
FMT0 persist at /var/zxid/bus/ch/default/pM5fhVEqNf4aWOiA9gsH2KRJ_mw 'test(-1,9,' len=69 rcpt(24)
FMT0 persist at /var/zxid/bus/ch/default/rmWZsD9S-WqqPRbKdSDWNM-t9Ek 'test(-1,9,' len=69 rcpt(25)
FMT0 persist at /var/zxid/bus/ch/default/B0AY5AARAoRD6S9XHG7T1p7QWsU 'test(-1,9,' len=69 rcpt(26)
FMT0 persist at /var/zxid/bus/ch/default/IRcNzrDtvUVA7Yhte9B_1mJOvrw 'test(-1,9,' len=69 rcpt(27)
FMT0 persist at /var/zxid/bus/ch/default/BGxDDKGsUPzGm7yl51XEMy-omLQ 'test(-1,9,' len=69 rcpt(28)
FMT0 persist at /var/zxid/bus/ch/default/jizdvrPVXQnWw-R0kUc7qENVhnE 'test(-1,9,' len=69 rcpt(29)
FMT0 persist at /var/zxid/bus/ch/default/tcQ8k_GtGPAMHY3PywB7lL6xBnc 'test(-1,9,' len=69 rcpt(30)
FMT0 persist at /var/zxid/bus/ch/default/i46sMKPBfLtcHWSkFhTGc2Nc8kQ 'test(-1,9,' len=68 rcpt(31)
FMT0 persist at /var/zxid/bus/ch/default/3AvhHDlW7RkcvqVKSXhIdaUoGTk 'test(-1,9,' len=68 rcpt(32)
FMT0 persist at /var/zxid/bus/ch/default/GTMBriSVyCUZUEmVfto66XGANOY 'test(-1,9,' len=68 rcpt(33)
FMT0 persist at /var/zxid/bus/ch/default/5f2JBM5H7TbJcVBwsnqYWlBg79E 'test(-1,9,' len=68 rcpt(34)
FMT0 persist at /var/zxid/bus/ch/default/noC8r6nipKLfR-j-0MDrOUr2L5I 'test(-1,9,' len=68 rcpt(35)
FMT0 persist at /var/zxid/bus/ch/default/PJ0PYqJnQHHeAisAMh3PYZslkxE 'test(-1,9,' len=68 rcpt(36)
FMT0 persist at /var/zxid/bus/ch/default/LhdKzX6uoPPtYJQwFMBL7UIKQtk 'test(-1,9,' len=68 rcpt(37)
FMT0 persist at /var/zxid/bus/ch/default/HbNTqyQghBJBt_i6fTaQdWXt4KY 'test(-1,9,' len=68 rcpt(38)
FMT0 persist at /var/zxid/bus/ch/default/SKxkqUzpErNZwM2c7U0pMFDh0c4 'test(-1,9,' len=68 rcpt(39)
FMT0 persist at /var/zxid/bus/ch/default/xpoEGlyR1nkyvXxnCHzb0GgRsCE 'test(-1,8,' len=69 rcpt(40)
FMT0 persist at /var/zxid/bus/ch/default/Zx7ZADF9J7uUktK8G_oueVMy4yk 'test(-1,8,' len=69 rcpt(41)
FMT0 persist at /var/zxid/bus/ch/default/sygRWnccwQRr2AQ1zfsVMklfT84 'test(-1,8,' len=69 rcpt(42)
FMT0 persist at /var/zxid/bus/ch/default/5m_BqIcyk2BJNUtXHQIMYNUXIFo 'test(-1,8,' len=69 rcpt(43)
FMT0 persist at /var/zxid/bus/ch/default/xMQa1PT4u5FmEPw6EM-Wws1lZ0s 'test(-1,8,' len=69 rcpt(44)
FMT0 persist at /var/zxid/bus/ch/default/sGvPDob7wE6ipUB8SxBTFrmkbcE 'test(-1,8,' len=69 rcpt(45)
FMT0 persist at /var/zxid/bus/ch/default/b73GDEZG3wZzj46nzpa_UH-sLq4 'test(-1,8,' len=69 rcpt(46)
FMT0 persist at /var/zxid/bus/ch/default/BAeuXWqo5o9Ej8etSbq1DQ5Rv3I 'test(-1,8,' len=69 rcpt(47)
FMT0 persist at /var/zxid/bus/ch/default/hjmE7GEoQUmmohpqo_pONQxCF34 'test(-1,8,' len=69 rcpt(48)
FMT0 persist at /var/zxid/bus/ch/default/zsmlR76yE4Fc_5Ofewocfja4mC0 'test(-1,8,' len=69 rcpt(49)
FMT0 persist at /var/zxid/bus/ch/default/4jRn6jxY9H0YVQY-alhYYIS4cBw 'test(-1,8,' len=69 rcpt(50)
FMT0 persist at /var/zxid/bus/ch/default/gr2Ql0JSHTcodq5aCN2ucfTMAvA 'test(-1,8,' len=68 rcpt(51)
FMT0 persist at /var/zxid/bus/ch/default/Dzxy0ddog2lA-exFSCzWZAngWlU 'test(-1,8,' len=68 rcpt(52)
FMT0 persist at /var/zxid/bus/ch/default/_lVyJBdnThbixgJkb42dz9RrztU 'test(-1,8,' len=68 rcpt(53)
FMT0 persist at /var/zxid/bus/ch/default/cmo1BQDiCACNBslCiAZT2IALDr4 'test(-1,8,' len=68 rcpt(54)
FMT0 persist at /var/zxid/bus/ch/default/5Zo2NZ0QCoZ-S-6eogoWx5RHZpk 'test(-1,8,' len=68 rcpt(55)
FMT0 persist at /var/zxid/bus/ch/default/q94P0s15BB5p8tBEacLw716KkiA 'test(-1,8,' len=68 rcpt(56)
FMT0 persist at /var/zxid/bus/ch/default/Rfro0cQiPGPb28S6irOC673brYg 'test(-1,8,' len=68 rcpt(57)
FMT0 persist at /var/zxid/bus/ch/default/lYO4gnFogbILyL_cVlXIrceTLm4 'test(-1,8,' len=68 rcpt(58)
FMT0 persist at /var/zxid/bus/ch/default/xa-QRsnQfA6ua-ShNpVrZNeshS8 'test(-1,8,' len=68 rcpt(59)
FMT0 persist at /var/zxid/bus/ch/default/Xrai02IvSenif5Br4Rv0wfVdrt4 'test(-1,7,' len=69 rcpt(60)
FMT0 persist at /var/zxid/bus/ch/default/QybmwQtGwTTlRtF4w-TS57pHrC4 'test(-1,7,' len=69 rcpt(61)
FMT0 persist at /var/zxid/bus/ch/default/mnSnI6vuA3A9e6vGpNqbvtxbIZ8 'test(-1,7,' len=69 rcpt(62)
FMT0 persist at /var/zxid/bus/ch/default/KFZ4s5RYugEc3IEua9N_Hp2ItKU 'test(-1,7,' len=69 rcpt(63)
FMT0 persist at /var/zxid/bus/ch/default/qjo5peUNiqaWMjcnpmcYyEFRGd4 'test(-1,7,' len=69 rcpt(64)
FMT0 persist at /var/zxid/bus/ch/default/0bbqnrgthv5AtKu_jvHHPYm7590 'test(-1,7,' len=69 rcpt(65)
FMT0 persist at /var/zxid/bus/ch/default/_aKBUUZgxAl9SgDyl2Zf65wGG6c 'test(-1,7,' len=69 rcpt(66)
FMT0 persist at /var/zxid/bus/ch/default/R2fMaTmsxl4tZS1gc7Qw1y07OLU 'test(-1,7,' len=69 rcpt(67)
FMT0 persist at /var/zxid/bus/ch/default/lxvddNO8gejTqKyT0XFOli-OL2k 'test(-1,7,' len=69 rcpt(68)
FMT0 persist at /var/zxid/bus/ch/default/UPJIRTBI5b3IwFJCnGwzhSAU6IQ 'test(-1,7,' len=69 rcpt(69)
FMT0 persist at /var/zxid/bus/ch/default/mdRUqS9rLqvWsnU81ntSNFjwI_U 'test(-1,7,' len=69 rcpt(70)
FMT0 persist at /var/zxid/bus/ch/default/ZnIp0VWMCP0CJCs7GX9zlScNTBc 'test(-1,7,' len=68 rcpt(71)
FMT0 persist at /var/zxid/bus/ch/default/X4dMKJbhbgh1PtkPnI4AbkzzASw 'test(-1,7,' len=68 rcpt(72)
FMT0 persist at /var/zxid/bus/ch/default/BIgPNyPRYli3Qr00FokPKkeMppE 'test(-1,7,' len=68 rcpt(73)
FMT0 persist at /var/zxid/bus/ch/default/A72Y2GXCU-9HiColGacDQNnx5_8 'test(-1,7,' len=68 rcpt(74)
FMT0 persist at /var/zxid/bus/ch/default/6WQ2WpEs_2hyFX_gEZmjACP71yo 'test(-1,7,' len=68 rcpt(75)
FMT0 persist at /var/zxid/bus/ch/default/lAZgZXVL5hyZDVZqfbl5D0fzJZ8 'test(-1,7,' len=68 rcpt(76)
FMT0 persist at /var/zxid/bus/ch/default/9YzHqcq1sfNyX-X2edrFYnDmPyU 'test(-1,7,' len=68 rcpt(77)
FMT0 persist at /var/zxid/bus/ch/default/eCbQv63zhXmNdap_uyeyjWyj4NI 'test(-1,7,' len=68 rcpt(78)
FMT0 persist at /var/zxid/bus/ch/default/FNIl6PkbdCKgVxxYuTLSTtcpF5o 'test(-1,7,' len=68 rcpt(79)
FMT0 persist at /var/zxid/bus/ch/default/zFz96-EeVViEflesk-062FlJ8QI 'test(-1,6,' len=69 rcpt(80)
FMT0 persist at /var/zxid/bus/ch/default/L_94L33TUBQvlIXrYOUsr1snmRQ 'test(-1,6,' len=69 rcpt(81)
FMT0 persist at /var/zxid/bus/ch/default/KCd0IP0ciufPZSRirnCwZmDIT_s 'test(-1,6,' len=69 rcpt(82)
FMT0 persist at /var/zxid/bus/ch/default/2onfwo1c0_7pj2lnjO6ewz8wZOk 'test(-1,6,' len=69 rcpt(83)
FMT0 persist at /var/zxid/bus/ch/default/T4L06ew8DrPUQ3CJret-RiSX27E 'test(-1,6,' len=69 rcpt(84)
FMT0 persist at /var/zxid/bus/ch/default/xDsutRnnIKGE1CrryQpBQYgH4oM 'test(-1,6,' len=69 rcpt(85)
FMT0 persist at /var/zxid/bus/ch/default/LgMXt2uB51eevW9auOQ88kQgLBE 'test(-1,6,' len=69 rcpt(86)
FMT0 persist at /var/zxid/bus/ch/default/v6u1dhsBKL2DWpa6NMPS0wBgQX4 'test(-1,6,' len=69 rcpt(87)
FMT0 persist at /var/zxid/bus/ch/default/vmtVbSJWik1U47nXOobDhU7wTWw 'test(-1,6,' len=69 rcpt(88)
FMT0 persist at /var/zxid/bus/ch/default/ZBAQVh9FcYp-t6McIpUTuUTwJ-U 'test(-1,6,' len=69 rcpt(89)
FMT0 persist at /var/zxid/bus/ch/default/ZnbFy7OOeb1i-hZZxFOYkRZLp-A 'test(-1,6,' len=69 rcpt(90)
FMT0 persist at /var/zxid/bus/ch/default/as2YvT-clvCgw6VRIpgQqDgVqQQ 'test(-1,6,' len=68 rcpt(91)
FMT0 persist at /var/zxid/bus/ch/default/CW4WwI1aeMmO5TEAJBR4sRtuKsk 'test(-1,6,' len=68 rcpt(92)
FMT0 persist at /var/zxid/bus/ch/default/JIIEkXyRwx56USf_4BnSuwmKlq8 'test(-1,6,' len=68 rcpt(93)
FMT0 persist at /var/zxid/bus/ch/default/KbrXYSmoAefYSlwEpFDhfQsnAAI 'test(-1,6,' len=68 rcpt(94)
FMT0 persist at /var/zxid/bus/ch/default/z7aqiIO6jgRDEO5OoG2DCe6i2T4 'test(-1,6,' len=68 rcpt(95)
FMT0 persist at /var/zxid/bus/ch/default/yUor9OPr4yf3jz1O033siWjAe5Y 'test(-1,6,' len=68 rcpt(96)
FMT0 persist at /var/zxid/bus/ch/default/qDiOmcWTD8eZTXE2V1wW0eSLtZo 'test(-1,6,' len=68 rcpt(97)
FMT0 persist at /var/zxid/bus/ch/default/7Lp_dNKGd2X5rvTLIle5nYejfno 'test(-1,6,' len=68 rcpt(98)
FMT0 persist at /var/zxid/bus/ch/default/_h1K3bAjOElDanDaT-yAE9hszQ4 'test(-1,6,' len=68 rcpt(99)
FMT0 persist at /var/zxid/bus/ch/default/LZT1EP94F3I1NzGqs282TmNtlNo 'test(-1,5,' len=70 rcpt(100)
FMT0 persist at /var/zxid/bus/ch/default/cSQlYF0fm-8kZWfOFuXxjQhy94E 'test(-1,5,' len=70 rcpt(101)
FMT0 persist at /var/zxid/bus/ch/default/meonGQF1u0WY13PWMNF4qPHfCTI 'test(-1,5,' len=70 rcpt(102)
FMT0 persist at /var/zxid/bus/ch/default/FTdGIcbA3LAG92MOx_Y7nr2AqsA 'test(-1,5,' len=70 rcpt(103)
FMT0 persist at /var/zxid/bus/ch/default/DIkWvqvezNzkYiwZPr5_rmTgTDQ 'test(-1,5,' len=70 rcpt(104)
FMT0 persist at /var/zxid/bus/ch/default/Fg9AesBS7ivwYhnGRe4aZw9Viuc 'test(-1,5,' len=70 rcpt(105)
FMT0 persist at /var/zxid/bus/ch/default/bNtzrYqJ7kOWVZgena59dlEpJec 'test(-1,5,' len=70 rcpt(106)
FMT0 persist at /var/zxid/bus/ch/default/Eb2IKFgFW-gJJegOM2jCv1-xE0E 'test(-1,5,' len=70 rcpt(107)
FMT0 persist at /var/zxid/bus/ch/default/8cg3W2phukvptJE64BdZfdp52js 'test(-1,5,' len=70 rcpt(108)
FMT0 persist at /var/zxid/bus/ch/default/V6HDTfum143issWLtf_Gyyl-uRQ 'test(-1,5,' len=70 rcpt(109)
FMT0 persist at /var/zxid/bus/ch/default/pzIrdf0SbaD5rch1M7GSLBXphTE 'test(-1,5,' len=70 rcpt(110)
FMT0 persist at /var/zxid/bus/ch/default/TOKjnCzX5Lb95AU2cV93MLDLQHc 'test(-1,5,' len=69 rcpt(111)
FMT0 persist at /var/zxid/bus/ch/default/NgrG590cMHwcgmp4w-N0f0k3NCA 'test(-1,5,' len=69 rcpt(112)
FMT0 persist at /var/zxid/bus/ch/default/BpCue7sH096euy0lv0Vx6hVOag8 'test(-1,5,' len=69 rcpt(113)
FMT0 persist at /var/zxid/bus/ch/default/wwlYzZrv-UUw7RdjclZao8OcElQ 'test(-1,5,' len=69 rcpt(114)
FMT0 persist at /var/zxid/bus/ch/default/ja8NTCvOcy8XJeFu1PTPYRRmyvM 'test(-1,5,' len=69 rcpt(115)
FMT0 persist at /var/zxid/bus/ch/default/gvYB68K9UvdZbFf_1CvYcM_0FM8 'test(-1,5,' len=69 rcpt(116)
FMT0 persist at /var/zxid/bus/ch/default/0BRxlK2XOL7INWxuqtlDRvf-MxU 'test(-1,5,' len=69 rcpt(117)
FMT0 persist at /var/zxid/bus/ch/default/Wdz9pmEJgLJ3qeVzjSkF3vnSGkU 'test(-1,5,' len=69 rcpt(118)
FMT0 persist at /var/zxid/bus/ch/default/dk4rTd0d9tV4O8VjZylIcFPkrTA 'test(-1,5,' len=69 rcpt(119)
FMT0 persist at /var/zxid/bus/ch/default/W4jwsMZtvg_KHi-5UaLsd7CCokM 'test(-1,4,' len=70 rcpt(120)
FMT0 persist at /var/zxid/bus/ch/default/4jsA2lmzBzsnfcUfy1WEkIP1Xds 'test(-1,4,' len=70 rcpt(121)
FMT0 persist at /var/zxid/bus/ch/default/dfhu_C-cIOPVYg2iKuDNDn6J_yc 'test(-1,4,' len=70 rcpt(122)
FMT0 persist at /var/zxid/bus/ch/default/00BT2_Ui9mySoOX4HfhQ7A791FQ 'test(-1,4,' len=70 rcpt(123)
FMT0 persist at /var/zxid/bus/ch/default/nYS1dwS7lRG0B2RcNysJu7R9Q-Y 'test(-1,4,' len=70 rcpt(124)
FMT0 persist at /var/zxid/bus/ch/default/2hpVFDB2N_MPpDq8IbGER9zPu2w 'test(-1,4,' len=70 rcpt(125)
FMT0 persist at /var/zxid/bus/ch/default/LlNSq2WQi0fhnI49VzqscChqZVE 'test(-1,4,' len=70 rcpt(126)
FMT0 persist at /var/zxid/bus/ch/default/05s9jpPPgH0LiSh9w-ANhBcG-nE 'test(-1,4,' len=70 rcpt(127)
FMT0 persist at /var/zxid/bus/ch/default/K3bx9IXC2oquSq9VlbSuYUmisjg 'test(-1,4,' len=70 rcpt(128)
FMT0 persist at /var/zxid/bus/ch/default/Y9X0Oy_HcQrgwp_nBU5uwF_c3Bk 'test(-1,4,' len=70 rcpt(129)
FMT0 persist at /var/zxid/bus/ch/default/CkHmm6L0Mq6HtlSaqdn6H3KgKfM 'test(-1,4,' len=70 rcpt(130)
FMT0 persist at /var/zxid/bus/ch/default/ypRElrPQCfkTXw2ycoKxS7M2cQI 'test(-1,4,' len=69 rcpt(131)
FMT0 persist at /var/zxid/bus/ch/default/ZChCd0S-jDPdsFb7OR1MVgXs-C8 'test(-1,4,' len=69 rcpt(132)
FMT0 persist at /var/zxid/bus/ch/default/m-zNStWwgl0hhQbjBO4D6mzupo4 'test(-1,4,' len=69 rcpt(133)
FMT0 persist at /var/zxid/bus/ch/default/TOdjKcaamSiB0VWhgnYiRYbuZpY 'test(-1,4,' len=69 rcpt(134)
FMT0 persist at /var/zxid/bus/ch/default/hTR5iwb2Cgxbhi_DuvCJrKCWzRw 'test(-1,4,' len=69 rcpt(135)
FMT0 persist at /var/zxid/bus/ch/default/ZjFUVxV5CgKaOB-BccuQb2NnzTs 'test(-1,4,' len=69 rcpt(136)
FMT0 persist at /var/zxid/bus/ch/default/IRdq7XcDuNkJgNaTKClWEwvrEYU 'test(-1,4,' len=69 rcpt(137)
FMT0 persist at /var/zxid/bus/ch/default/Mn4bloiCsyIeB_WkArjqfhUOF3U 'test(-1,4,' len=69 rcpt(138)
FMT0 persist at /var/zxid/bus/ch/default/29UZMYJ99BAV2GMYdcBR1H1bbq0 'test(-1,4,' len=69 rcpt(139)
FMT0 persist at /var/zxid/bus/ch/default/UscZJTTrin-zp6C2V1EKAF8LDDE 'test(-1,3,' len=70 rcpt(140)
FMT0 persist at /var/zxid/bus/ch/default/z4RwGDKCu7bW4DgX_5tCj5ujfl8 'test(-1,3,' len=70 rcpt(141)
FMT0 persist at /var/zxid/bus/ch/default/0YVwjtB4MJA0PgehcIetmfLm5FU 'test(-1,3,' len=70 rcpt(142)
FMT0 persist at /var/zxid/bus/ch/default/TuIok8dpIoNEAKT3NK7HoQKy8Kg 'test(-1,3,' len=70 rcpt(143)
FMT0 persist at /var/zxid/bus/ch/default/W1YVGDnVjrNuQHd6PigcP2VNGiY 'test(-1,3,' len=70 rcpt(144)
FMT0 persist at /var/zxid/bus/ch/default/0BQJWxTmBGsiobu3zkJthgxd4wc 'test(-1,3,' len=70 rcpt(145)
FMT0 persist at /var/zxid/bus/ch/default/JaQSZrLGBP6cGmuJ6jM84ll0CU0 'test(-1,3,' len=70 rcpt(146)
FMT0 persist at /var/zxid/bus/ch/default/Z_XTFjsBsMLJXzVFdfdiQVkNY5I 'test(-1,3,' len=70 rcpt(147)
FMT0 persist at /var/zxid/bus/ch/default/hX-XXtfwOQnVRhlcZlAHMPlflIg 'test(-1,3,' len=70 rcpt(148)
FMT0 persist at /var/zxid/bus/ch/default/foz3BSwKX_AT-Q1XA1GyAR0tp9Y 'test(-1,3,' len=70 rcpt(149)
FMT0 persist at /var/zxid/bus/ch/default/SX5XfEEhrNjSCXgCfuCSi-rTO0o 'test(-1,3,' len=70 rcpt(150)
FMT0 persist at /var/zxid/bus/ch/default/ivDpH6Z_HHQiAATEgQRnMao_vTM 'test(-1,3,' len=69 rcpt(151)
FMT0 persist at /var/zxid/bus/ch/default/8dNhtKMPKQvX2DONhuAXFKjc97I 'test(-1,3,' len=69 rcpt(152)
FMT0 persist at /var/zxid/bus/ch/default/cAkKE-eDkcF6m2PWemz3Gw1OuH4 'test(-1,3,' len=69 rcpt(153)
FMT0 persist at /var/zxid/bus/ch/default/EbfQNnlK3X3RzHXyKby3NJrtiM0 'test(-1,3,' len=69 rcpt(154)
FMT0 persist at /var/zxid/bus/ch/default/N190LEzSPIux9aBO_irUmYKFQQo 'test(-1,3,' len=69 rcpt(155)
FMT0 persist at /var/zxid/bus/ch/default/S62rHOsQOAYlglszGN3A5cXsawo 'test(-1,3,' len=69 rcpt(156)
FMT0 persist at /var/zxid/bus/ch/default/J_Veqb3jIiDbWVBWbyB3LWvX3pQ 'test(-1,3,' len=69 rcpt(157)
FMT0 persist at /var/zxid/bus/ch/default/n1gsTaQYo1QlAN0mHMvsNAN0r6s 'test(-1,3,' len=69 rcpt(158)
FMT0 persist at /var/zxid/bus/ch/default/2aPxi95SpiyL_heNGwpNFr8IepQ 'test(-1,3,' len=69 rcpt(159)
FMT0 persist at /var/zxid/bus/ch/default/IehJYGmI1JUiTdxeoSf5AUIpS1g 'test(-1,2,' len=70 rcpt(160)
FMT0 persist at /var/zxid/bus/ch/default/GXzJSX-aw2S5J3SILIV7oFY12Xw 'test(-1,2,' len=70 rcpt(161)
FMT0 persist at /var/zxid/bus/ch/default/OVITqqRDqsEgWLZWMtqh_b-A5H0 'test(-1,2,' len=70 rcpt(162)
FMT0 persist at /var/zxid/bus/ch/default/zmX4tm_h9f2Gs6j-nvAq79shCec 'test(-1,2,' len=70 rcpt(163)
FMT0 persist at /var/zxid/bus/ch/default/M4ZJtVs3OBLo97CH8Xcw6Y_CLLw 'test(-1,2,' len=70 rcpt(164)
FMT0 persist at /var/zxid/bus/ch/default/FNTx1LzxYaVxAclHQlCH7X-XvBg 'test(-1,2,' len=70 rcpt(165)
FMT0 persist at /var/zxid/bus/ch/default/LNIiGVuBPlRuAnk4UZN9Nvjzi4I 'test(-1,2,' len=70 rcpt(166)
FMT0 persist at /var/zxid/bus/ch/default/eVrAjlWfNeJ4TJE8vKPKn2bWEl8 'test(-1,2,' len=70 rcpt(167)
FMT0 persist at /var/zxid/bus/ch/default/UiwTfv7jGrH8vME3s5H35PVGFVc 'test(-1,2,' len=70 rcpt(168)
FMT0 persist at /var/zxid/bus/ch/default/9z41Y0nA6sQc4paSHpzS6mlKxi4 'test(-1,2,' len=70 rcpt(169)
FMT0 persist at /var/zxid/bus/ch/default/CJoEkOA5pKW_haDaVzfDM5JKfWw 'test(-1,2,' len=70 rcpt(170)
FMT0 persist at /var/zxid/bus/ch/default/qWz7fHkE3YnqQTEJcy4AIA5sKaY 'test(-1,2,' len=69 rcpt(171)
FMT0 persist at /var/zxid/bus/ch/default/olnYjB4PxChY-pglI3gtzbq-vJo 'test(-1,2,' len=69 rcpt(172)
FMT0 persist at /var/zxid/bus/ch/default/fLAkyZYPWt6KOQoeomP-vKGPVN0 'test(-1,2,' len=69 rcpt(173)
FMT0 persist at /var/zxid/bus/ch/default/ohDSEgSk6ryf5PHMmfQHJKq-PFI 'test(-1,2,' len=69 rcpt(174)
FMT0 persist at /var/zxid/bus/ch/default/fPJFRyMvU6g8K7Hw3TvkR2OtocM 'test(-1,2,' len=69 rcpt(175)
FMT0 persist at /var/zxid/bus/ch/default/GGfLl6j_InTy5ytbDVs2ujcDlZw 'test(-1,2,' len=69 rcpt(176)
FMT0 persist at /var/zxid/bus/ch/default/7YxW2VaB5DpDkAz5trwp3Ax3wZI 'test(-1,2,' len=69 rcpt(177)
FMT0 persist at /var/zxid/bus/ch/default/BR9Ph-SeirIURiHt-qVU_ZteJlY 'test(-1,2,' len=69 rcpt(178)
FMT0 persist at /var/zxid/bus/ch/default/CAabkvyFRx0BKllrR-vcVGY54Ms 'test(-1,2,' len=69 rcpt(179)
FMT0 persist at /var/zxid/bus/ch/default/5JZfNr46_6qI7vhecLqw_ILHG_0 'test(-1,1,' len=70 rcpt(180)
FMT0 persist at /var/zxid/bus/ch/default/SGwxQ_FdT3A6ik5tNKbC5mvnzgM 'test(-1,1,' len=70 rcpt(181)
FMT0 persist at /var/zxid/bus/ch/default/Ia_CFrw1-zoHcg7S5QxyCQx-SU4 'test(-1,1,' len=70 rcpt(182)
FMT0 persist at /var/zxid/bus/ch/default/0ZbZgCo4g0vu5h28Ek9gw7Ytdjs 'test(-1,1,' len=70 rcpt(183)
FMT0 persist at /var/zxid/bus/ch/default/w-eykZu45fM_XvjDBOYUSF2FZM4 'test(-1,1,' len=70 rcpt(184)
FMT0 persist at /var/zxid/bus/ch/default/JyX63XJwQM7UYJSP5I4pIR0VmZk 'test(-1,1,' len=70 rcpt(185)
FMT0 persist at /var/zxid/bus/ch/default/NSJPenF9FjogbKEJw6ca26PS_YQ 'test(-1,1,' len=70 rcpt(186)
FMT0 persist at /var/zxid/bus/ch/default/wDLZVz5CSdJSrcKVQyrWNFdeBoM 'test(-1,1,' len=70 rcpt(187)
FMT0 persist at /var/zxid/bus/ch/default/81PyqnAeb_IbFBYE1OmhR657z8Y 'test(-1,1,' len=70 rcpt(188)
FMT0 persist at /var/zxid/bus/ch/default/5aMsniqYhZ3BaaGpzAx4KIsoMf0 'test(-1,1,' len=70 rcpt(189)
FMT0 persist at /var/zxid/bus/ch/default/DWbJHkKz6WiSupYaA3tL1rHHVrI 'test(-1,1,' len=70 rcpt(190)
FMT0 persist at /var/zxid/bus/ch/default/_QstI9txTGoLfzRpuSJMjECdseo 'test(-1,1,' len=69 rcpt(191)
FMT0 persist at /var/zxid/bus/ch/default/lkDhTw_AmwroUMna8wJmuPpPRco 'test(-1,1,' len=69 rcpt(192)
FMT0 persist at /var/zxid/bus/ch/default/eSJEWgmOM7T_qutlQzr2gNBviEc 'test(-1,1,' len=69 rcpt(193)
FMT0 persist at /var/zxid/bus/ch/default/zkm-zt2jLxp1Qm27FLBXXk1q5J8 'test(-1,1,' len=69 rcpt(194)
FMT0 persist at /var/zxid/bus/ch/default/60La3iNyMut5ik_JXt13n5LBDV0 'test(-1,1,' len=69 rcpt(195)
FMT0 persist at /var/zxid/bus/ch/default/Mimck2fMjz8BkutqZvW_8NPAm70 'test(-1,1,' len=69 rcpt(196)
FMT0 persist at /var/zxid/bus/ch/default/-mGfiZRtzEvudDjZueFqgkmWPDs 'test(-1,1,' len=69 rcpt(197)
FMT0 persist at /var/zxid/bus/ch/default/TK4nD0AlE09MVKvIziTJsooAlxQ 'test(-1,1,' len=69 rcpt(198)
FMT0 persist at /var/zxid/bus/ch/default/Vh27nmUo7GROgR2smUSy5U4yWnw 'test(-1,1,' len=69 rcpt(199)
FMT0 persist at /var/zxid/bus/ch/default/bjZtT6SuxzOFHc1GLnoFdMdSbm0 'F' len=55 rcpt(0)
shf_0xa20e400  // max_ios=1000
-> io_0x110418
  io_0x110418 -> pdu_0xd09268 [label=cur_pdu]; // fd=0x4
  io_0x110418 -> null [label=reqs];
  io_0x110418 -> null [label=pending];
  io_0x110418 -> null [label=to_write_produce];
  io_0x110418 -> null [label=to_write_consume];  // n_to_write=0
  io_0x110418 -> null [label=in_write];
-> io_0x110620
  io_0x110620 -> pdu_0x115ef98 [label=cur_pdu]; // fd=0x6
  io_0x110620 -> null [label=reqs];
  io_0x110620 -> null [label=pending];
  io_0x110620 -> null [label=to_write_produce];
  io_0x110620 -> null [label=to_write_consume];  // n_to_write=0
  io_0x110620 -> null [label=in_write];
-> io_0x110724
  io_0x110724 -> pdu_0x115b0a0 [label=cur_pdu]; // fd=0x7
  io_0x110724  // reqs
    -> pdu_0x1161560  // (ZXCT)
    pdu_0x1161560 -> null [label=reals];
    pdu_0x1161560 -> null [label=synths];
    pdu_0x1161560 -> null [label=subresps];
[label=reqs];
  io_0x110724 -> null [label=pending];
[label=pending];
  io_0x110724 -> null [label=to_write_produce];
  io_0x110724 -> null [label=to_write_consume];  // n_to_write=0
  io_0x110724 -> null [label=in_write];
-> io_0x110828
  io_0x110828 -> pdu_0x115e300 [label=cur_pdu]; // fd=0x8
  io_0x110828 -> null [label=reqs];
  io_0x110828  // pending
    -> pdu_0x11608c8  // (MESS)
    pdu_0x11608c8 -> null [label=reals];
    pdu_0x11608c8 -> null [label=synths];
    pdu_0x11608c8 -> null [label=subresps];
  io_0x110828 -> null [label=to_write_produce];
  io_0x110828 -> null [label=to_write_consume];  // n_to_write=0
  io_0x110828 -> null [label=in_write];
[label=ios];
shf_0xa20e400 -> null [label=todo_consume];
shf_0xa20e400   // free_pdus (color=4)
-> pdu_0x1162e90 -> pdu_0x1163b28 -> pdu_0x11647c0 -> pdu_0x1165458 -> pdu_0x11660f0 -> pdu_0x1166d88 -> pdu_0x1167a20 -> pdu_0x11686b8 -> pdu_0x1169350 -> pdu_0x1169fe8 -> pdu_0x116ac80 -> pdu_0x116b918 -> pdu_0x116c5b0 -> pdu_0x116d248 -> pdu_0x116dee0 -> pdu_0x116eb78 -> pdu_0x116f810 -> pdu_0x11704a8 -> pdu_0x1171140 -> pdu_0x1171dd8 -> pdu_0x1172a70 -> pdu_0x1173708 -> pdu_0x11743a0 -> pdu_0x1175038 -> pdu_0x1175cd0 -> pdu_0x1176968 -> pdu_0x1177600 -> pdu_0x1178298 -> pdu_0x1178f30 -> pdu_0x1179bc8 -> pdu_0x117a860 -> pdu_0x117b4f8 -> pdu_0x117c190 -> pdu_0x117ce28 -> pdu_0x117dac0 -> pdu_0x117e758 -> pdu_0x117f3f0 -> pdu_0x1180088 -> pdu_0x1180d20 -> pdu_0x11819b8 -> pdu_0x1182650 -> pdu_0x11832e8 -> pdu_0x1183f80 -> pdu_0x1184c18 -> pdu_0x11858b0 -> pdu_0x1186548 -> pdu_0x11871e0 -> pdu_0x1187e78 -> pdu_0x1188b10 -> pdu_0x11897a8 -> pdu_0x118a440 -> pdu_0x118b0d8 -> pdu_0x118bd70 -> pdu_0x118ca08 -> pdu_0x118d6a0 -> pdu_0x118e338 -> pdu_0x118efd0 -> pdu_0x118fc68 -> pdu_0x1190900 -> pdu_0x1191598 -> pdu_0x1192230 -> pdu_0x1192ec8 -> pdu_0x1193b60 -> pdu_0x11947f8 -> pdu_0x1195490 -> pdu_0x1196128 -> pdu_0x1196dc0 -> pdu_0x1197a58 -> pdu_0x11986f0 -> pdu_0x1199388 -> pdu_0x119a020 -> pdu_0x119acb8 -> pdu_0x119b950 -> pdu_0x119c5e8 -> pdu_0x119d280 -> pdu_0x119df18 -> pdu_0x119ebb0 -> pdu_0x119f848 -> pdu_0x11a04e0 -> pdu_0x11a1178 -> pdu_0x11a1e10 -> pdu_0x11a2aa8 -> pdu_0x11a3740 -> pdu_0x11a43d8 -> pdu_0x11a5070 -> pdu_0x11a5d08 -> pdu_0x11a69a0 -> pdu_0x11a7638 -> pdu_0x11a82d0 -> pdu_0x11a8f68 -> pdu_0x11a9c00 -> pdu_0x11aa898 -> pdu_0x11ab530 -> pdu_0x11ac1c8 -> pdu_0x11ace60 -> pdu_0x11adaf8 -> pdu_0x11ae790 -> pdu_0x11af428 -> pdu_0x11b00c0 -> pdu_0x11b0d58 -> pdu_0x11b19f0 -> pdu_0x11b2688 -> pdu_0x11b3320 -> pdu_0x11b3fb8 -> pdu_0x11b4c50 -> pdu_0x11b58e8 -> pdu_0x11b6580 -> pdu_0x11b7218 -> pdu_0x11b7eb0 -> pdu_0x11b8b48 -> pdu_0x11b97e0 -> pdu_0x11ba478 -> pdu_0x11bb110 -> pdu_0x11bbda8 -> pdu_0x11bca40 -> pdu_0x11bd6d8 -> pdu_0x11be370 -> pdu_0x11bf008 -> pdu_0x11bfca0 -> pdu_0x11c0938 -> pdu_0x11c15d0 -> pdu_0x11c2268 -> pdu_0x11c2f00 -> pdu_0x11c3b98 -> pdu_0x11c4830 -> pdu_0x11c54c8 -> pdu_0x11c6160 -> pdu_0x11c6df8 -> pdu_0x11c7a90 -> pdu_0x11c8728 -> pdu_0x11c93c0 -> pdu_0x11ca058 -> pdu_0x11cacf0 -> pdu_0x11cb988 -> pdu_0x11cc620 -> pdu_0x11cd2b8 -> pdu_0x11cdf50 -> pdu_0x11cebe8 -> pdu_0x11cf880 -> pdu_0x11d0518 -> pdu_0x11d11b0 -> pdu_0x11d1e48 -> pdu_0x11d2ae0 -> pdu_0x11d3778 -> pdu_0x11d4410 -> pdu_0x11d50a8 -> pdu_0x11d5d40 -> pdu_0x11d69d8 -> pdu_0x11d7670 -> pdu_0x11d8308 -> pdu_0x11d8fa0 -> pdu_0x11d9c38 -> pdu_0x11da8d0 -> pdu_0x11db568 -> pdu_0x11dc200 -> pdu_0x11dce98 -> pdu_0x11ddb30 -> pdu_0x11de7c8 -> pdu_0x11df460 -> pdu_0x11e00f8 -> pdu_0x11e0d90 -> pdu_0x11e1a28 -> pdu_0x11e26c0 -> pdu_0x11e3358 -> pdu_0x11e3ff0 -> pdu_0x11e4c88 -> pdu_0x11e5920 -> pdu_0x11e65b8 -> pdu_0x11e7250 -> pdu_0x11e7ee8 -> pdu_0x11e8b80 -> pdu_0x11e9818 -> pdu_0x11ea4b0 -> pdu_0x11eb148 -> pdu_0x11ebde0 -> pdu_0x11eca78 -> pdu_0x11ed710 -> pdu_0x11ee3a8 -> pdu_0x11ef040 -> pdu_0x11efcd8 -> pdu_0x11f0970 -> pdu_0x11f1608 -> pdu_0x11f22a0 -> pdu_0x11f2f38 -> pdu_0x11f3bd0 -> pdu_0x11f4868 -> pdu_0x11f5500 -> pdu_0x11f6198 -> pdu_0x11f6e30 -> pdu_0x11f7ac8 -> pdu_0x11f8760 -> pdu_0x11f93f8 -> pdu_0x11fa090 -> pdu_0x11fad28 -> pdu_0x11fb9c0 -> pdu_0x11fc658 -> pdu_0x11fd2f0 -> pdu_0x11fdf88 -> pdu_0x11fec20 -> pdu_0x11ff8b8 -> pdu_0x1200550 -> pdu_0x12011e8 -> pdu_0x1201e80 -> pdu_0x1202b18 -> pdu_0x12037b0 -> pdu_0x1204448 -> pdu_0x12050e0 -> pdu_0x1205d78 -> pdu_0x1206a10 -> pdu_0x12076a8 -> pdu_0x1208340 -> pdu_0x1208fd8 -> pdu_0x1209c70 -> pdu_0x120a908 -> pdu_0x120b5a0 -> pdu_0x120c238 -> pdu_0x120ced0 -> pdu_0x120db68 -> pdu_0x120e800 -> pdu_0x120f498 -> pdu_0x1210130 -> pdu_0x1210dc8 -> pdu_0x1211a60 -> pdu_0x12126f8 -> pdu_0x1213390 -> pdu_0x1214028 -> pdu_0x1214cc0 -> pdu_0x1215958 -> pdu_0x12165f0 -> pdu_0x1217288 -> pdu_0x1217f20 -> pdu_0x1218bb8 -> pdu_0x1219850 -> pdu_0x121a4e8 -> pdu_0x121b180 -> pdu_0x121be18 -> pdu_0x121cab0 -> pdu_0x121d748 -> pdu_0x121e3e0 -> pdu_0x121f078 -> pdu_0x121fd10 -> pdu_0x12209a8 -> pdu_0x1221640 -> pdu_0x12222d8 -> pdu_0x1222f70 -> pdu_0x1223c08 -> pdu_0x12248a0 -> pdu_0x1225538 -> pdu_0x12261d0 -> pdu_0x1226e68 -> pdu_0x1227b00 -> pdu_0x1228798 -> pdu_0x1229430 -> pdu_0x122a0c8 -> pdu_0x122ad60 -> pdu_0x122b9f8 -> pdu_0x122c690 -> pdu_0x122d328 -> pdu_0x122dfc0 -> pdu_0x122ec58 -> pdu_0x122f8f0 -> pdu_0x1230588 -> pdu_0x1231220 -> pdu_0x1231eb8 -> pdu_0x1232b50 -> pdu_0x12337e8 -> pdu_0x1234480 -> pdu_0x1235118 -> pdu_0x1235db0 -> pdu_0x1236a48 -> pdu_0x12376e0 -> pdu_0x1238378 -> pdu_0x1239010 -> pdu_0x1239ca8 -> pdu_0x123a940 -> pdu_0x123b5d8 -> pdu_0x123c270 -> pdu_0x123cf08 -> pdu_0x123dba0 -> pdu_0x123e838 -> pdu_0x123f4d0 -> pdu_0x1240168 -> pdu_0x1240e00 -> pdu_0x1241a98 -> pdu_0x1242730 -> pdu_0x12433c8 -> pdu_0x1244060 -> pdu_0x1244cf8 -> pdu_0x1245990 -> pdu_0x1246628 -> pdu_0x12472c0 -> pdu_0x1247f58 -> pdu_0x1248bf0 -> pdu_0x1249888 -> pdu_0x124a520 -> pdu_0x124b1b8 -> pdu_0x124be50 -> pdu_0x124cae8 -> pdu_0x124d780 -> pdu_0x124e418 -> pdu_0x124f0b0 -> pdu_0x124fd48 -> pdu_0x12509e0 -> pdu_0x1251678 -> pdu_0x1252310 -> pdu_0x1252fa8 -> pdu_0x1253c40 -> pdu_0x12548d8 -> pdu_0x1255570 -> pdu_0x1256208 -> pdu_0x1256ea0 -> pdu_0x1257b38 -> pdu_0x12587d0 -> pdu_0x1259468 -> pdu_0x125a100 -> pdu_0x125ad98 -> pdu_0x125ba30 -> pdu_0x125c6c8 -> pdu_0x125d360 -> pdu_0x125dff8 -> pdu_0x125ec90 -> pdu_0x125f928 -> pdu_0x12605c0 -> pdu_0x1261258 -> pdu_0x1261ef0 -> pdu_0x1262b88 -> pdu_0x1263820 -> pdu_0x12644b8 -> pdu_0x1265150 -> pdu_0x1265de8 -> pdu_0x1266a80 -> pdu_0x1267718 -> pdu_0x12683b0 -> pdu_0x1269048 -> pdu_0x1269ce0 -> pdu_0x126a978 -> pdu_0x126b610 -> pdu_0x126c2a8 -> pdu_0x126cf40 -> pdu_0x126dbd8 -> pdu_0x126e870 -> pdu_0x126f508 -> pdu_0x12701a0 -> pdu_0x1270e38 -> pdu_0x1271ad0 -> pdu_0x1272768 -> pdu_0x1273400 -> pdu_0x1274098 -> pdu_0x1274d30 -> pdu_0x12759c8 -> pdu_0x1276660 -> pdu_0x12772f8 -> pdu_0x1277f90 -> pdu_0x1278c28 -> pdu_0x12798c0 -> pdu_0x127a558 -> pdu_0x127b1f0 -> pdu_0x127be88 -> pdu_0x127cb20 -> pdu_0x127d7b8 -> pdu_0x127e450 -> pdu_0x127f0e8 -> pdu_0x127fd80 -> pdu_0x1280a18 -> pdu_0x12816b0 -> pdu_0x1282348 -> pdu_0x1282fe0 -> pdu_0x1283c78 -> pdu_0x1284910 -> pdu_0x12855a8 -> pdu_0x1286240 -> pdu_0x1286ed8 -> pdu_0x1287b70 -> pdu_0x1288808 -> pdu_0x12894a0 -> pdu_0x128a138 -> pdu_0x128add0 -> pdu_0x128ba68 -> pdu_0x128c700 -> pdu_0x128d398 -> pdu_0x128e030 -> pdu_0x128ecc8 -> pdu_0x128f960 -> pdu_0x12905f8 -> pdu_0x1291290 -> pdu_0x1291f28 -> pdu_0x1292bc0 -> pdu_0x1293858 -> pdu_0x12944f0 -> pdu_0x1295188 -> pdu_0x1295e20 -> pdu_0x1296ab8 -> pdu_0x1297750 -> pdu_0x12983e8 -> pdu_0x1299080 -> pdu_0x1299d18 -> pdu_0x129a9b0 -> pdu_0x129b648 -> pdu_0x129c2e0 -> pdu_0x129cf78 -> pdu_0x129dc10 -> pdu_0x129e8a8 -> pdu_0x129f540 -> pdu_0x12a01d8 -> pdu_0x12a0e70 -> pdu_0x12a1b08 -> pdu_0x12a27a0 -> pdu_0x12a3438 -> pdu_0x12a40d0 -> pdu_0x12a4d68 -> pdu_0x12a5a00 -> pdu_0x12a6698 -> pdu_0x12a7330 -> pdu_0x12a7fc8 -> pdu_0x12a8c60 -> pdu_0x12a98f8 -> pdu_0x12aa590 -> pdu_0x12ab228 -> pdu_0x12abec0 -> pdu_0x12acb58 -> pdu_0x12ad7f0 -> pdu_0x12ae488 -> pdu_0x12af120 -> pdu_0x12afdb8 -> pdu_0x12b0a50 -> pdu_0x12b16e8 -> pdu_0x12b2380 -> pdu_0x12b3018 -> pdu_0x12b3cb0 -> pdu_0x12b4948 -> pdu_0x12b55e0 -> pdu_0x12b6278 -> pdu_0x12b6f10 -> pdu_0x12b7ba8 -> pdu_0x12b8840 -> pdu_0x12b94d8 -> pdu_0x12ba170 -> pdu_0x12bae08 -> pdu_0x12bbaa0 -> pdu_0x12bc738 -> pdu_0x12bd3d0 -> pdu_0x12be068 -> pdu_0x12bed00 -> pdu_0x12bf998 -> pdu_0x12c0630 -> pdu_0x12c12c8 -> pdu_0x12c1f60 -> pdu_0x12c2bf8 -> pdu_0x12c3890 -> pdu_0x12c4528 -> pdu_0x12c51c0 -> pdu_0x12c5e58 -> pdu_0x12c6af0 -> pdu_0x12c7788 -> pdu_0x12c8420 -> pdu_0x12c90b8 -> pdu_0x12c9d50 -> pdu_0x12ca9e8 -> pdu_0x12cb680 -> pdu_0x12cc318 -> pdu_0x12ccfb0 -> pdu_0x12cdc48 -> pdu_0x12ce8e0 -> pdu_0x12cf578 -> pdu_0x12d0210 -> pdu_0x12d0ea8 -> pdu_0x12d1b40 -> pdu_0x12d27d8 -> pdu_0x12d3470 -> pdu_0x12d4108 -> pdu_0x12d4da0 -> pdu_0x12d5a38 -> pdu_0x12d66d0 -> pdu_0x12d7368 -> pdu_0x12d8000 -> pdu_0x12d8c98 -> pdu_0x12d9930 -> pdu_0x12da5c8 -> pdu_0x12db260 -> pdu_0x12dbef8 -> pdu_0x12dcb90 -> pdu_0x12dd828 -> pdu_0x12de4c0 -> pdu_0x12df158 -> pdu_0x12dfdf0 -> pdu_0x12e0a88 -> pdu_0x12e1720 -> pdu_0x12e23b8 -> pdu_0x12e3050 -> pdu_0x12e3ce8 -> pdu_0x12e4980 -> pdu_0x12e5618 -> pdu_0x12e62b0 -> pdu_0x12e6f48 -> pdu_0x12e7be0 -> pdu_0x12e8878 -> pdu_0x12e9510 -> pdu_0x12ea1a8 -> pdu_0x12eae40 -> pdu_0x12ebad8 -> pdu_0x12ec770 -> pdu_0x12ed408 -> pdu_0x12ee0a0 -> pdu_0x12eed38 -> pdu_0x12ef9d0 -> pdu_0x12f0668 -> pdu_0x12f1300 -> pdu_0x12f1f98 -> pdu_0x12f2c30 -> pdu_0x12f38c8 -> pdu_0x12f4560 -> pdu_0x12f51f8 -> pdu_0x12f5e90 -> pdu_0x12f6b28 -> pdu_0x12f77c0 -> pdu_0x12f8458 -> pdu_0x12f90f0 -> pdu_0x12f9d88 -> pdu_0x12faa20 -> pdu_0x12fb6b8 -> pdu_0x12fc350 -> pdu_0x12fcfe8 -> pdu_0x12fdc80 -> pdu_0x12fe918 -> pdu_0x12ff5b0 -> pdu_0x1300248 -> pdu_0x1300ee0 -> pdu_0x1301b78 -> pdu_0x1302810 -> pdu_0x13034a8 -> pdu_0x1304140 -> pdu_0x1304dd8 -> pdu_0x1305a70 -> pdu_0x1306708 -> pdu_0x13073a0 -> pdu_0x1308038 -> pdu_0x1308cd0 -> pdu_0x1309968 -> pdu_0x130a600 -> pdu_0x130b298 -> pdu_0x130bf30 -> pdu_0x130cbc8 -> pdu_0x130d860 -> pdu_0x130e4f8 -> pdu_0x130f190 -> pdu_0x130fe28 -> pdu_0x1310ac0 -> pdu_0x1311758 -> pdu_0x13123f0 -> pdu_0x1313088 -> pdu_0x1313d20 -> pdu_0x13149b8 -> pdu_0x1315650 -> pdu_0x13162e8 -> pdu_0x1316f80 -> pdu_0x1317c18 -> pdu_0x13188b0 -> pdu_0x1319548 -> pdu_0x131a1e0 -> pdu_0x131ae78 -> pdu_0x131bb10 -> pdu_0x131c7a8 -> pdu_0x131d440 -> pdu_0x131e0d8 -> pdu_0x131ed70 -> pdu_0x131fa08 -> pdu_0x13206a0 -> pdu_0x1321338 -> pdu_0x1321fd0 -> pdu_0x1322c68 -> pdu_0x1323900 -> pdu_0x1324598 -> pdu_0x1325230 -> pdu_0x1325ec8 -> pdu_0x1326b60 -> pdu_0x13277f8 -> pdu_0x1328490 -> pdu_0x1329128 -> pdu_0x1329dc0 -> pdu_0x132aa58 -> pdu_0x132b6f0 -> pdu_0x132c388 -> pdu_0x132d020 -> pdu_0x132dcb8 -> pdu_0x132e950 -> pdu_0x132f5e8 -> pdu_0x1330280 -> pdu_0x1330f18 -> pdu_0x1331bb0 -> pdu_0x1332848 -> pdu_0x13334e0 -> pdu_0x1334178 -> pdu_0x1334e10 -> pdu_0x1335aa8 -> pdu_0x1336740 -> pdu_0x13373d8 -> pdu_0x1338070 -> pdu_0x1338d08 -> pdu_0x13399a0 -> pdu_0x133a638 -> pdu_0x133b2d0 -> pdu_0x133bf68 -> pdu_0x133cc00 -> pdu_0x133d898 -> pdu_0x133e530 -> pdu_0x133f1c8 -> pdu_0x133fe60 -> pdu_0x1340af8 -> pdu_0x1341790 -> pdu_0x1342428 -> pdu_0x13430c0 -> pdu_0x1343d58 -> pdu_0x13449f0 -> pdu_0x1345688 -> pdu_0x1346320 -> pdu_0x1346fb8 -> pdu_0x1347c50 -> pdu_0x13488e8 -> pdu_0x1349580 -> pdu_0x134a218 -> pdu_0x134aeb0 -> pdu_0x134bb48 -> pdu_0x134c7e0 -> pdu_0x134d478 -> pdu_0x134e110 -> pdu_0x134eda8 -> pdu_0x134fa40 -> pdu_0x13506d8 -> pdu_0x1351370 -> pdu_0x1352008 -> pdu_0x1352ca0 -> pdu_0x1353938 -> pdu_0x13545d0 -> pdu_0x1355268 -> pdu_0x1355f00 -> pdu_0x1356b98 -> pdu_0x1357830 -> pdu_0x13584c8 -> pdu_0x1359160 -> pdu_0x1359df8 -> pdu_0x135aa90 -> pdu_0x135b728 -> pdu_0x135c3c0 -> pdu_0x135d058 -> pdu_0x135dcf0 -> pdu_0x135e988 -> pdu_0x135f620 -> pdu_0x13602b8 -> pdu_0x1360f50 -> pdu_0x1361be8 -> pdu_0x1362880 -> pdu_0x1363518 -> pdu_0x13641b0 -> pdu_0x1364e48 -> pdu_0x1365ae0 -> pdu_0x1366778 -> pdu_0x1367410 -> pdu_0x13680a8 -> pdu_0x1368d40 -> pdu_0x13699d8 -> pdu_0x136a670 -> pdu_0x136b308 -> pdu_0x136bfa0 -> pdu_0x136cc38 -> pdu_0x136d8d0 -> pdu_0x136e568 -> pdu_0x136f200 -> pdu_0x136fe98 -> pdu_0x1370b30 -> pdu_0x13717c8 -> pdu_0x1372460 -> pdu_0x13730f8 -> pdu_0x1373d90 -> pdu_0x1374a28 -> pdu_0x13756c0 -> pdu_0x1376358 -> pdu_0x1376ff0 -> pdu_0x1377c88 -> pdu_0x1378920 -> pdu_0x13795b8 -> pdu_0x137a250 -> pdu_0x137aee8 -> pdu_0x137bb80 -> pdu_0x137c818 -> pdu_0x137d4b0 -> pdu_0x137e148 -> pdu_0x137ede0 -> pdu_0x137fa78 -> pdu_0x1380710 -> pdu_0x13813a8 -> pdu_0x1382040 -> pdu_0x1382cd8 -> pdu_0x1383970 -> pdu_0x1384608 -> pdu_0x13852a0 -> pdu_0x1385f38 -> pdu_0x1386bd0 -> pdu_0x1387868 -> pdu_0x1388500 -> pdu_0x1389198 -> pdu_0x1389e30 -> pdu_0x138aac8 -> pdu_0x138b760 -> pdu_0x138c3f8 -> pdu_0x138d090 -> pdu_0x138dd28 -> pdu_0x138e9c0 -> pdu_0x138f658 -> pdu_0x13902f0 -> pdu_0x1390f88 -> pdu_0x1391c20 -> pdu_0x13928b8 -> pdu_0x1393550 -> pdu_0x13941e8 -> pdu_0x1394e80 -> pdu_0x1395b18 -> pdu_0x13967b0 -> pdu_0x1397448 -> pdu_0x13980e0 -> pdu_0x1398d78 -> pdu_0x1399a10 -> pdu_0x139a6a8 -> pdu_0x139b340 -> pdu_0x139bfd8 -> pdu_0x139cc70 -> pdu_0x139d908 -> pdu_0x139e5a0 -> pdu_0x139f238 -> pdu_0x139fed0 -> pdu_0x13a0b68 -> pdu_0x13a1800 -> pdu_0x13a2498 -> pdu_0x13a3130 -> pdu_0x13a3dc8 -> pdu_0x13a4a60 -> pdu_0x13a56f8 -> pdu_0x13a6390 -> pdu_0x13a7028 -> pdu_0x13a7cc0 -> pdu_0x13a8958 -> pdu_0x13a95f0 -> pdu_0x13aa288 -> pdu_0x13aaf20 -> pdu_0x13abbb8 -> pdu_0x13ac850 -> pdu_0x13ad4e8 -> pdu_0x13ae180 -> pdu_0x13aee18 -> pdu_0x13afab0 -> pdu_0x13b0748 -> pdu_0x13b13e0 -> pdu_0x13b2078 -> pdu_0x13b2d10 -> pdu_0x13b39a8 -> pdu_0x13b4640 -> pdu_0x13b52d8 -> pdu_0x13b5f70 -> pdu_0x13b6c08 -> pdu_0x13b78a0 -> pdu_0x13b8538 -> pdu_0x13b91d0 -> pdu_0x13b9e68 -> pdu_0x13bab00 -> pdu_0x13bb798 -> pdu_0x13bc430 -> pdu_0x13bd0c8 -> pdu_0x13bdd60 -> pdu_0x13be9f8 -> pdu_0x13bf690 -> pdu_0x13c0328 -> pdu_0x13c0fc0 -> pdu_0x13c1c58 -> pdu_0x13c28f0 -> pdu_0x13c3588 -> pdu_0x13c4220 -> pdu_0x13c4eb8 -> pdu_0x13c5b50 -> pdu_0x13c67e8 -> pdu_0x13c7480 -> pdu_0x13c8118 -> pdu_0x13c8db0 -> pdu_0x13c9a48 -> pdu_0x13ca6e0 -> pdu_0x13cb378 -> pdu_0x13cc010 -> pdu_0x13ccca8 -> pdu_0x13cd940 -> pdu_0x13ce5d8 -> pdu_0x13cf270 -> pdu_0x13cff08 -> pdu_0x13d0ba0 -> pdu_0x13d1838 -> pdu_0x13d24d0 -> pdu_0x13d3168 -> pdu_0x13d3e00 -> pdu_0x13d4a98 -> pdu_0x13d5730 -> pdu_0x13d63c8 -> pdu_0x13d7060 -> pdu_0x13d7cf8 -> pdu_0x13d8990 -> pdu_0x13d9628 -> pdu_0x13da2c0 -> pdu_0x13daf58 -> pdu_0x13dbbf0 -> pdu_0x13dc888 -> pdu_0x13dd520 -> pdu_0x13de1b8 -> pdu_0x13dee50 -> pdu_0x13dfae8 -> pdu_0x13e0780 -> pdu_0x13e1418 -> pdu_0x13e20b0 -> pdu_0x13e2d48 -> pdu_0x13e39e0 -> pdu_0x13e4678 -> pdu_0x13e5310 -> pdu_0x13e5fa8 -> pdu_0x13e6c40 -> pdu_0x13e78d8 -> pdu_0x13e8570 -> pdu_0x13e9208 -> pdu_0x13e9ea0 -> pdu_0x13eab38 -> pdu_0x13eb7d0 -> pdu_0x13ec468 -> pdu_0x13ed100 -> pdu_0x13edd98 -> pdu_0x13eea30 -> pdu_0x13ef6c8 -> pdu_0x13f0360 -> pdu_0x13f0ff8 -> pdu_0x13f1c90 -> pdu_0x13f2928 -> pdu_0x13f35c0 -> pdu_0x13f4258 -> pdu_0x13f4ef0 -> pdu_0x13f5b88 -> pdu_0x13f6820 -> pdu_0x13f74b8 -> pdu_0x13f8150 -> pdu_0x13f8de8 -> pdu_0x13f9a80 -> pdu_0x13fa718 -> pdu_0x13fb3b0 -> pdu_0x13fc048 -> pdu_0x13fcce0 -> pdu_0x13fd978 -> pdu_0x13fe610 -> pdu_0x13ff2a8 -> pdu_0x13fff40 -> pdu_0x1400bd8 -> pdu_0x1401870 -> pdu_0x1402508 -> pdu_0x14031a0 -> pdu_0x1403e38 -> pdu_0x1404ad0 -> pdu_0x1405768 -> pdu_0x1406400 -> pdu_0x1407098 -> pdu_0x1407d30 -> pdu_0x14089c8 -> pdu_0x1409660 -> pdu_0x140a2f8 -> pdu_0x140af90 -> pdu_0x140bc28 -> pdu_0x140c8c0 -> pdu_0x140d558 -> pdu_0x140e1f0 -> pdu_0x140ee88 -> pdu_0x140fb20 -> pdu_0x14107b8 -> pdu_0x1411450 -> pdu_0x14120e8 -> pdu_0x1412d80 -> pdu_0x1413a18 -> pdu_0x14146b0 -> pdu_0x1415348 -> pdu_0x1415fe0 -> pdu_0x1416c78 -> pdu_0x1417910 -> pdu_0x14185a8 -> pdu_0x1419240 -> pdu_0x1419ed8 -> pdu_0x141ab70 -> pdu_0x141b808 -> pdu_0x141c4a0 -> pdu_0x141d138 -> pdu_0x141ddd0 -> pdu_0x141ea68 -> pdu_0x141f700 -> pdu_0x1420398 -> pdu_0x1421030 -> pdu_0x1421cc8 -> pdu_0x1422960 -> pdu_0x14235f8 -> pdu_0x1424290 -> pdu_0x1424f28 -> pdu_0x1425bc0 -> pdu_0x1426858 -> pdu_0x14274f0 -> pdu_0x1428188 -> pdu_0x1428e20 -> pdu_0x1429ab8 -> pdu_0x142a750 -> pdu_0x142b3e8 -> pdu_0x142c080 -> pdu_0x142cd18 -> pdu_0x142d9b0 -> pdu_0x142e648 -> pdu_0x142f2e0 -> pdu_0x142ff78 -> pdu_0x1430c10 -> pdu_0x14318a8 -> pdu_0x1432540 -> pdu_0x14331d8 -> pdu_0x1433e70 -> pdu_0x1434b08 -> pdu_0x14357a0 -> pdu_0x1436438 -> pdu_0x14370d0 -> pdu_0x1437d68 -> pdu_0x1438a00 -> pdu_0x1439698 -> pdu_0x143a330 -> pdu_0x143afc8 -> pdu_0x143bc60 -> pdu_0x143c8f8 -> pdu_0x143d590 -> pdu_0x143e228 -> pdu_0x143eec0 -> pdu_0x143fb58 -> pdu_0x14407f0 -> pdu_0x1441488 -> pdu_0x1442120 -> pdu_0x1442db8 -> pdu_0x1443a50 -> pdu_0x14446e8 -> pdu_0x1445380 -> pdu_0x1446018 -> pdu_0x1446cb0 -> pdu_0x1447948 -> pdu_0x14485e0 -> pdu_0x1449278 -> pdu_0x1449f10 -> pdu_0x144aba8 -> pdu_0x144b840 -> pdu_0x144c4d8 -> pdu_0x144d170 -> pdu_0x144de08 -> pdu_0x144eaa0 -> pdu_0x144f738 -> pdu_0x14503d0 -> pdu_0x1451068 -> pdu_0x1451d00 -> pdu_0x1452998 -> pdu_0x1453630 -> pdu_0x14542c8 -> pdu_0x1454f60 -> pdu_0x1455bf8 -> pdu_0x1456890 -> pdu_0x1457528 -> pdu_0x14581c0 -> pdu_0x1458e58 -> pdu_0x1459af0 -> pdu_0x145a788 -> pdu_0x145b420 -> pdu_0x145c0b8 -> pdu_0x145cd50 -> pdu_0x145d9e8 -> pdu_0x145e680 -> pdu_0x145f318 -> pdu_0x145ffb0 -> pdu_0x1460c48 -> pdu_0x14618e0 -> pdu_0x1462578 -> pdu_0x1463210 -> pdu_0x1463ea8 -> pdu_0x1464b40 -> pdu_0x14657d8 -> pdu_0x1466470 -> pdu_0x1467108 -> pdu_0x1467da0 -> pdu_0x1468a38 -> pdu_0x14696d0 -> pdu_0x146a368 -> pdu_0x146b000 -> pdu_0x146bc98 -> pdu_0x146c930 -> pdu_0x146d5c8 -> pdu_0x146e260 -> pdu_0x146eef8 -> pdu_0x146fb90 -> pdu_0x1470828 -> pdu_0x14714c0 -> pdu_0x1472158 -> pdu_0x1472df0 -> pdu_0x1473a88 -> pdu_0x1474720 -> pdu_0x14753b8 -> pdu_0x1476050 -> pdu_0x1476ce8 -> pdu_0x1477980 -> pdu_0x1478618 -> pdu_0x14792b0 -> pdu_0x1479f48 -> pdu_0x147abe0 -> pdu_0x147b878 -> pdu_0x147c510 -> pdu_0x147d1a8 -> pdu_0x147de40 -> pdu_0x147ead8 -> pdu_0x147f770 -> pdu_0x1480408 -> pdu_0x14810a0 -> pdu_0x1481d38 -> pdu_0x14829d0 -> pdu_0x1483668 -> pdu_0x1484300 -> pdu_0x1484f98 -> pdu_0x1485c30 -> pdu_0x14868c8 -> pdu_0x1487560 -> pdu_0x14881f8 -> pdu_0x1488e90 -> pdu_0x1489b28 -> pdu_0x148a7c0 -> pdu_0x148b458 -> pdu_0x148c0f0 -> pdu_0x148cd88 -> pdu_0x148da20 -> pdu_0x148e6b8 -> pdu_0x148f350 -> pdu_0x148ffe8 -> pdu_0x1490c80 -> pdu_0x1491918 -> pdu_0x14925b0 -> pdu_0x1493248 -> pdu_0x1493ee0 -> pdu_0x1494b78 -> pdu_0x1495810 -> pdu_0x14964a8 -> pdu_0x1497140 -> pdu_0x1497dd8 -> pdu_0x1498a70 -> pdu_0x1499708 -> pdu_0x149a3a0 -> pdu_0x149b038 -> pdu_0x149bcd0 -> pdu_0x149c968 -> pdu_0x149d600 -> pdu_0x149e298 -> pdu_0x149ef30 -> pdu_0x149fbc8 -> pdu_0x14a0860 -> pdu_0x14a14f8 -> pdu_0x14a2190 -> pdu_0x14a2e28 -> pdu_0x14a3ac0 -> pdu_0x14a4758 -> pdu_0x14a53f0 -> pdu_0x14a6088 -> pdu_0x14a6d20 -> pdu_0x14a79b8 -> pdu_0x14a8650 -> pdu_0x14a92e8 -> pdu_0x14a9f80 -> pdu_0x14aac18 -> pdu_0x14ab8b0 -> pdu_0x14ac548 -> pdu_0x14ad1e0 -> pdu_0x14ade78 -> pdu_0x14aeb10 -> pdu_0x14af7a8 -> pdu_0x14b0440 -> pdu_0x14b10d8 -> pdu_0x14b1d70 -> pdu_0x14b2a08 -> pdu_0x14b36a0 -> pdu_0x14b4338 -> pdu_0x14b4fd0 -> pdu_0x14b5c68 -> pdu_0x14b6900 -> pdu_0x14b7598 -> pdu_0x14b8230 -> pdu_0x14b8ec8 -> pdu_0x14b9b60 -> pdu_0x14ba7f8 -> pdu_0x14bb490 -> pdu_0x14bc128 -> pdu_0x14bcdc0 -> pdu_0x14bda58 -> pdu_0x14be6f0 -> pdu_0x14bf388 -> pdu_0x14c0020 -> pdu_0x14c0cb8 -> pdu_0x14c1950 -> pdu_0x14c25e8 -> pdu_0x14c3280 -> pdu_0x14c3f18 -> pdu_0x14c4bb0 -> pdu_0x14c5848 -> pdu_0x14c64e0 -> pdu_0x14c7178 -> pdu_0x14c7e10 -> pdu_0x14c8aa8 -> pdu_0x14c9740 -> pdu_0x14ca3d8 -> pdu_0x14cb070 -> pdu_0x14cbd08 -> pdu_0x14cc9a0 -> pdu_0x14cd638 -> pdu_0x14ce2d0 -> pdu_0x14cef68 -> pdu_0x14cfc00 -> pdu_0x14d0898 -> pdu_0x14d1530 -> pdu_0x14d21c8 -> pdu_0x14d2e60 -> pdu_0x14d3af8 -> pdu_0x14d4790 -> pdu_0x14d5428 -> pdu_0x14d60c0 -> pdu_0x14d6d58 -> pdu_0x14d79f0 -> pdu_0x14d8688 -> pdu_0x14d9320 -> pdu_0x14d9fb8 -> pdu_0x14dac50 -> pdu_0x14db8e8 -> pdu_0x14dc580 -> pdu_0x14dd218 -> pdu_0x14ddeb0 -> pdu_0x14deb48 -> pdu_0x14df7e0 -> pdu_0x14e0478 -> pdu_0x14e1110 -> pdu_0x14e1da8 -> pdu_0x14e2a40 -> pdu_0x14e36d8 -> pdu_0x14e4370 -> pdu_0x14e5008 -> pdu_0x14e5ca0 -> pdu_0x14e6938 -> pdu_0x14e75d0 -> pdu_0x14e8268 -> pdu_0x14e8f00 -> pdu_0x14e9b98 -> pdu_0x14ea830 -> pdu_0x14eb4c8 -> pdu_0x14ec160 -> pdu_0x14ecdf8 -> pdu_0x14eda90 -> pdu_0x14ee728 -> pdu_0x14ef3c0 -> pdu_0x14f0058 -> pdu_0x14f0cf0 -> pdu_0x14f1988 -> pdu_0x14f2620 -> pdu_0x14f32b8 -> pdu_0x14f3f50 -> pdu_0x14f4be8 -> pdu_0x14f5880 -> pdu_0x14f6518 -> pdu_0x14f71b0 -> pdu_0x14f7e48 -> pdu_0x14f8ae0 -> pdu_0x14f9778 -> pdu_0x14fa410 -> pdu_0x14fb0a8 -> pdu_0x14fbd40 -> pdu_0x14fc9d8 -> pdu_0x14fd670 -> pdu_0x14fe308 -> pdu_0x14fefa0 -> pdu_0x14ffc38 -> pdu_0x15008d0 -> pdu_0x1501568 -> pdu_0x1502200 -> pdu_0x1502e98 -> pdu_0x1503b30 -> pdu_0x15047c8 -> pdu_0x1505460 -> pdu_0x15060f8 -> pdu_0x1506d90 -> pdu_0x1507a28 -> pdu_0x15086c0 -> pdu_0x1509358 -> pdu_0x1509ff0 -> pdu_0x150ac88 -> pdu_0x150b920 -> pdu_0x150c5b8 -> pdu_0x150d250 -> pdu_0x150dee8 -> pdu_0x150eb80 -> pdu_0x150f818 -> pdu_0x15104b0 -> pdu_0x1511148 -> pdu_0x1511de0 -> pdu_0x1512a78 -> pdu_0x1513710 -> pdu_0x15143a8 -> pdu_0x1515040 -> pdu_0x1515cd8 -> pdu_0x1516970 -> pdu_0x1517608 -> pdu_0x15182a0 -> pdu_0x1518f38 -> pdu_0x1519bd0 -> pdu_0x151a868 -> pdu_0x151b500 -> pdu_0x151c198 -> pdu_0x151ce30 -> pdu_0x151dac8 -> pdu_0x151e760 -> pdu_0x151f3f8 -> pdu_0x1520090 -> pdu_0x1520d28 -> pdu_0x15219c0 -> pdu_0x1522658 -> pdu_0x15232f0 -> pdu_0x1523f88 -> pdu_0x1524c20 -> pdu_0x15258b8 -> pdu_0x1526550 -> pdu_0x15271e8 -> pdu_0x1527e80 -> pdu_0x1528b18 -> pdu_0x15297b0 -> pdu_0x152a448 -> pdu_0x152b0e0 -> pdu_0x152bd78 -> pdu_0x152ca10 -> pdu_0x152d6a8 -> pdu_0x152e340 -> pdu_0x152efd8 -> pdu_0x152fc70 -> pdu_0x1530908 -> pdu_0x15315a0 -> pdu_0x1532238 -> pdu_0x1532ed0 -> pdu_0x1533b68 -> pdu_0x1534800 -> pdu_0x1535498 -> pdu_0x1536130 -> pdu_0x1536dc8 -> pdu_0x1537a60 -> pdu_0x15386f8 -> pdu_0x1539390 -> pdu_0x153a028 -> pdu_0x153acc0 -> pdu_0x153b958 -> pdu_0x153c5f0 -> pdu_0x153d288 -> pdu_0x153df20 -> pdu_0x153ebb8 -> pdu_0x153f850 -> pdu_0x15404e8 -> pdu_0x1541180 -> pdu_0x1541e18 -> pdu_0x1542ab0 -> pdu_0x1543748 -> pdu_0x15443e0 -> pdu_0x1545078 -> pdu_0x1545d10 -> pdu_0x15469a8 -> pdu_0x1547640 -> pdu_0x15482d8 -> pdu_0x1548f70 -> pdu_0x1549c08 -> pdu_0x154a8a0 -> pdu_0x154b538 -> pdu_0x154c1d0 -> pdu_0x154ce68 -> pdu_0x154db00 -> pdu_0x154e798 -> pdu_0x154f430 -> pdu_0x15500c8 -> pdu_0x1550d60 -> pdu_0x15519f8 -> pdu_0x1552690 -> pdu_0x1553328 -> pdu_0x1553fc0 -> pdu_0x1554c58 -> pdu_0x15558f0 -> pdu_0x1556588 -> pdu_0x1557220 -> pdu_0x1557eb8 -> pdu_0x1558b50 -> pdu_0x15597e8 -> pdu_0x155a480 -> pdu_0x155b118 -> pdu_0x155bdb0 -> pdu_0x155ca48 -> pdu_0x155d6e0 -> pdu_0x155e378 -> pdu_0x155f010 -> pdu_0x155fca8 -> pdu_0x1560940 -> pdu_0x15615d8 -> pdu_0x1562270 -> pdu_0x1562f08 -> pdu_0x1563ba0 -> pdu_0x1564838 -> pdu_0x15654d0 -> pdu_0x1566168 -> pdu_0x1566e00 -> pdu_0x1567a98 -> pdu_0x1568730 -> pdu_0x15693c8 -> pdu_0x156a060 -> pdu_0x156acf8 -> pdu_0x156b990 -> pdu_0x156c628 -> pdu_0x156d2c0 -> pdu_0x156df58 -> pdu_0x156ebf0 -> pdu_0x156f888 -> pdu_0x1570520 -> pdu_0x15711b8 -> pdu_0x1571e50 -> pdu_0x1572ae8 -> pdu_0x1573780 -> pdu_0x1574418 -> pdu_0x15750b0 -> pdu_0x1575d48 -> pdu_0x15769e0 -> pdu_0x1577678 -> pdu_0x1578310 -> pdu_0x1578fa8 -> pdu_0x1579c40 -> pdu_0x157a8d8 -> pdu_0x157b570 -> pdu_0x157c208 -> pdu_0x157cea0 -> pdu_0x157db38 -> pdu_0x157e7d0 -> pdu_0x157f468 -> pdu_0x1580100 -> pdu_0x1580d98 -> pdu_0x1581a30 -> pdu_0x15826c8 -> pdu_0x1583360 -> pdu_0x1583ff8 -> pdu_0x1584c90 -> pdu_0x1585928 -> pdu_0x15865c0 -> pdu_0x1587258 -> pdu_0x1587ef0 -> pdu_0x1588b88 -> pdu_0x1589820 -> pdu_0x158a4b8 -> pdu_0x158b150 -> pdu_0x158bde8 -> pdu_0x158ca80 -> pdu_0x158d718 -> pdu_0x158e3b0 -> pdu_0x158f048 -> pdu_0x158fce0 -> pdu_0x1590978 -> pdu_0x1591610 -> pdu_0x15922a8 -> pdu_0x1592f40 -> pdu_0x1593bd8 -> pdu_0x1594870 -> pdu_0x1595508 -> pdu_0x15961a0 -> pdu_0x1596e38 -> pdu_0x1597ad0 -> pdu_0x1598768 -> pdu_0x1599400 -> pdu_0x159a098 -> pdu_0x159ad30 -> pdu_0x159b9c8 -> pdu_0x159c660 -> pdu_0x159d2f8 -> pdu_0x159df90 -> pdu_0x159ec28 -> pdu_0x159f8c0 -> pdu_0x15a0558 -> pdu_0x15a11f0 -> pdu_0x15a1e88 -> pdu_0x15a2b20 -> pdu_0x15a37b8 -> pdu_0x15a4450 -> pdu_0x15a50e8 -> pdu_0x15a5d80 -> pdu_0x15a6a18 -> pdu_0x15a76b0 -> pdu_0x15a8348 -> pdu_0x15a8fe0 -> pdu_0x15a9c78 -> pdu_0x15aa910 -> pdu_0x15ab5a8 -> pdu_0x15ac240 -> pdu_0x15aced8 -> pdu_0x15adb70 -> pdu_0x15ae808 -> pdu_0x15af4a0 -> pdu_0x15b0138 -> pdu_0x15b0dd0 -> pdu_0x15b1a68 -> pdu_0x15b2700 -> pdu_0x15b3398 -> pdu_0x15b4030 -> pdu_0x15b4cc8 -> pdu_0x15b5960 -> pdu_0x15b65f8 -> pdu_0x15b7290 -> pdu_0x15b7f28 -> pdu_0x15b8bc0 -> pdu_0x15b9858 -> pdu_0x15ba4f0 -> pdu_0x15bb188 -> pdu_0x15bbe20 -> pdu_0x15bcab8 -> pdu_0x15bd750 -> pdu_0x15be3e8 -> pdu_0x15bf080 -> pdu_0x15bfd18 -> pdu_0x15c09b0 -> pdu_0x15c1648 -> pdu_0x15c22e0 -> pdu_0x15c2f78 -> pdu_0x15c3c10 -> pdu_0x15c48a8 -> pdu_0x15c5540 -> pdu_0x15c61d8 -> pdu_0x15c6e70 -> pdu_0x15c7b08 -> pdu_0x15c87a0 -> pdu_0x15c9438 -> pdu_0x15ca0d0 -> pdu_0x15cad68 -> pdu_0x15cba00 -> pdu_0x15cc698 -> pdu_0x15cd330 -> pdu_0x15cdfc8 -> pdu_0x15cec60 -> pdu_0x15cf8f8 -> pdu_0x15d0590 -> pdu_0x15d1228 -> pdu_0x15d1ec0 -> pdu_0x15d2b58 -> pdu_0x15d37f0 -> pdu_0x15d4488 -> pdu_0x15d5120 -> pdu_0x15d5db8 -> pdu_0x15d6a50 -> pdu_0x15d76e8 -> pdu_0x15d8380 -> pdu_0x15d9018 -> pdu_0x15d9cb0 -> pdu_0x15da948 -> pdu_0x15db5e0 -> pdu_0x15dc278 -> pdu_0x15dcf10 -> pdu_0x15ddba8 -> pdu_0x15de840 -> pdu_0x15df4d8 -> pdu_0x15e0170 -> pdu_0x15e0e08 -> pdu_0x15e1aa0 -> pdu_0x15e2738 -> pdu_0x15e33d0 -> pdu_0x15e4068 -> pdu_0x15e4d00 -> pdu_0x15e5998 -> pdu_0x15e6630 -> pdu_0x15e72c8 -> pdu_0x15e7f60 -> pdu_0x15e8bf8 -> pdu_0x15e9890 -> pdu_0x15ea528 -> pdu_0x15eb1c0 -> pdu_0x15ebe58 -> pdu_0x15ecaf0 -> pdu_0x15ed788 -> pdu_0x15ee420 -> pdu_0x15ef0b8 -> pdu_0x15efd50 -> pdu_0x15f09e8 -> pdu_0x15f1680 -> pdu_0x15f2318 -> pdu_0x15f2fb0 -> pdu_0x15f3c48 -> pdu_0x15f48e0 -> pdu_0x15f5578 -> pdu_0x15f6210 -> pdu_0x15f6ea8 -> pdu_0x15f7b40 -> pdu_0x15f87d8 -> pdu_0x15f9470 -> pdu_0x15fa108 -> pdu_0x15fada0 -> pdu_0x15fba38 -> pdu_0x15fc6d0 -> pdu_0x15fd368 -> pdu_0x15fe000 -> pdu_0x15fec98 -> pdu_0x15ff930 -> pdu_0x16005c8 -> pdu_0x1601260 -> pdu_0x1601ef8 -> pdu_0x1602b90 -> pdu_0x1603828 -> pdu_0x16044c0 -> pdu_0x1605158 -> pdu_0x1605df0 -> pdu_0x1606a88 -> pdu_0x1607720 -> pdu_0x16083b8 -> pdu_0x1609050 -> pdu_0x1609ce8 -> pdu_0x160a980 -> pdu_0x160b618 -> pdu_0x160c2b0 -> pdu_0x160cf48 -> pdu_0x160dbe0 -> pdu_0x160e878 -> pdu_0x160f510 -> pdu_0x16101a8 -> pdu_0x1610e40 -> pdu_0x1611ad8 -> pdu_0x1612770 -> pdu_0x1613408 -> pdu_0x16140a0 -> pdu_0x1614d38 -> pdu_0x16159d0 -> pdu_0x1616668 -> pdu_0x1617300 -> pdu_0x1617f98 -> pdu_0x1618c30 -> pdu_0x16198c8 -> pdu_0x161a560 -> pdu_0x161b1f8 -> pdu_0x161be90 -> pdu_0x161cb28 -> pdu_0x161d7c0 -> pdu_0x161e458 -> pdu_0x161f0f0 -> pdu_0x161fd88 -> pdu_0x1620a20 -> pdu_0x16216b8 -> pdu_0x1622350 -> pdu_0x1622fe8 -> pdu_0x1623c80 -> pdu_0x1624918 -> pdu_0x16255b0 -> pdu_0x1626248 -> pdu_0x1626ee0 -> pdu_0x1627b78 -> pdu_0x1628810 -> pdu_0x16294a8 -> pdu_0x162a140 -> pdu_0x162add8 -> pdu_0x162ba70 -> pdu_0x162c708 -> pdu_0x162d3a0 -> pdu_0x162e038 -> pdu_0x162ecd0 -> pdu_0x162f968 -> pdu_0x1630600 -> pdu_0x1631298 -> pdu_0x1631f30 -> pdu_0x1632bc8 -> pdu_0x1633860 -> pdu_0x16344f8 -> pdu_0x1635190 -> pdu_0x1635e28 -> pdu_0x1636ac0 -> pdu_0x1637758 -> pdu_0x16383f0 -> pdu_0x1639088 -> pdu_0x1639d20 -> pdu_0x163a9b8 -> pdu_0x163b650 -> pdu_0x163c2e8 -> pdu_0x163cf80 -> pdu_0x163dc18 -> pdu_0x163e8b0 -> pdu_0x163f548 -> pdu_0x16401e0 -> pdu_0x1640e78 -> pdu_0x1641b10 -> pdu_0x16427a8 -> pdu_0x1643440 -> pdu_0x16440d8 -> pdu_0x1644d70 -> pdu_0x1645a08 -> pdu_0x16466a0 -> pdu_0x1647338 -> pdu_0x1647fd0 -> pdu_0x1648c68 -> pdu_0x1649900 -> pdu_0x164a598 -> pdu_0x164b230 -> pdu_0x164bec8 -> pdu_0x164cb60 -> pdu_0x164d7f8 -> pdu_0x164e490 -> pdu_0x164f128 -> pdu_0x164fdc0 -> pdu_0x1650a58 -> pdu_0x16516f0 -> pdu_0x1652388 -> pdu_0x1653020 -> pdu_0x1653cb8 -> pdu_0x1654950 -> pdu_0x16555e8 -> pdu_0x1656280 -> pdu_0x1656f18 -> pdu_0x1657bb0 -> pdu_0x1658848 -> pdu_0x16594e0 -> pdu_0x165a178 -> pdu_0x165ae10 -> pdu_0x165baa8 -> pdu_0x165c740 -> pdu_0x165d3d8 -> pdu_0x165e070 -> pdu_0x165ed08 -> pdu_0x165f9a0 -> pdu_0x1660638 -> pdu_0x16612d0 -> pdu_0x1661f68 -> pdu_0x1662c00 -> pdu_0x1663898 -> pdu_0x1664530 -> pdu_0x16651c8 -> pdu_0x1665e60 -> pdu_0x1666af8 -> pdu_0x1667790 -> pdu_0x1668428 -> pdu_0x16690c0 -> pdu_0x1669d58 -> pdu_0x166a9f0 -> pdu_0x166b688 -> pdu_0x166c320 -> pdu_0x166cfb8 -> pdu_0x166dc50 -> pdu_0x166e8e8 -> pdu_0x166f580 -> pdu_0x1670218 -> pdu_0x1670eb0 -> pdu_0x1671b48 -> pdu_0x16727e0 -> pdu_0x1673478 -> pdu_0x1674110 -> pdu_0x1674da8 -> pdu_0x1675a40 -> pdu_0x16766d8 -> pdu_0x1677370 -> pdu_0x1678008 -> pdu_0x1678ca0 -> pdu_0x1679938 -> pdu_0x167a5d0 -> pdu_0x167b268 -> pdu_0x167bf00 -> pdu_0x167cb98 -> pdu_0x167d830 -> pdu_0x167e4c8 -> pdu_0x167f160 -> pdu_0x167fdf8 -> pdu_0x1680a90 -> pdu_0x1681728 -> pdu_0x16823c0 -> pdu_0x1683058 -> pdu_0x1683cf0 -> pdu_0x1684988 -> pdu_0x1685620 -> pdu_0x16862b8 -> pdu_0x1686f50 -> pdu_0x1687be8 -> pdu_0x1688880 -> pdu_0x1689518 -> pdu_0x168a1b0 -> pdu_0x168ae48 -> pdu_0x168bae0 -> pdu_0x168c778 -> pdu_0x168d410 -> pdu_0x168e0a8 -> pdu_0x168ed40 -> pdu_0x168f9d8 -> pdu_0x1690670 -> pdu_0x1691308 -> pdu_0x1691fa0 -> pdu_0x1692c38 -> pdu_0x16938d0 -> pdu_0x1694568 -> pdu_0x1695200 -> pdu_0x1695e98 -> pdu_0x1696b30 -> pdu_0x16977c8 -> pdu_0x1698460 -> pdu_0x16990f8 -> pdu_0x1699d90 -> pdu_0x169aa28 -> pdu_0x169b6c0 -> pdu_0x169c358 -> pdu_0x169cff0 -> pdu_0x169dc88 -> pdu_0x169e920 -> pdu_0x169f5b8 -> pdu_0x16a0250 -> pdu_0x16a0ee8 -> pdu_0x16a1b80 -> pdu_0x16a2818 -> pdu_0x16a34b0 -> pdu_0x16a4148 -> pdu_0x16a4de0 -> pdu_0x16a5a78 -> pdu_0x16a6710 -> pdu_0x16a73a8 -> pdu_0x16a8040 -> pdu_0x16a8cd8 -> pdu_0x16a9970 -> pdu_0x16aa608 -> pdu_0x16ab2a0 -> pdu_0x16abf38 -> pdu_0x16acbd0 -> pdu_0x16ad868 -> pdu_0x16ae500 -> pdu_0x16af198 -> pdu_0x16afe30 -> pdu_0x16b0ac8 -> pdu_0x16b1760 -> pdu_0x16b23f8 -> pdu_0x16b3090 -> pdu_0x16b3d28 -> pdu_0x16b49c0 -> pdu_0x16b5658 -> pdu_0x16b62f0 -> pdu_0x16b6f88 -> pdu_0x16b7c20 -> pdu_0x16b88b8 -> pdu_0x16b9550 -> pdu_0x16ba1e8 -> pdu_0x16bae80 -> pdu_0x16bbb18 -> pdu_0x16bc7b0 -> pdu_0x16bd448 -> pdu_0x16be0e0 -> pdu_0x16bed78 -> pdu_0x16bfa10 -> pdu_0x16c06a8 -> pdu_0x16c1340 -> pdu_0x16c1fd8 -> pdu_0x16c2c70 -> pdu_0x16c3908 -> pdu_0x16c45a0 -> pdu_0x16c5238 -> pdu_0x16c5ed0 -> pdu_0x16c6b68 -> pdu_0x16c7800 -> pdu_0x16c8498 -> pdu_0x16c9130 -> pdu_0x16c9dc8 -> pdu_0x16caa60 -> pdu_0x16cb6f8 -> pdu_0x16cc390 -> pdu_0x16cd028 -> pdu_0x16cdcc0 -> pdu_0x16ce958 -> pdu_0x16cf5f0 -> pdu_0x16d0288 -> pdu_0x16d0f20 -> pdu_0x16d1bb8 -> pdu_0x16d2850 -> pdu_0x16d34e8 -> pdu_0x16d4180 -> pdu_0x16d4e18 -> pdu_0x16d5ab0 -> pdu_0x16d6748 -> pdu_0x16d73e0 -> pdu_0x16d8078 -> pdu_0x16d8d10 -> pdu_0x16d99a8 -> pdu_0x16da640 -> pdu_0x16db2d8 -> pdu_0x16dbf70 -> pdu_0x16dcc08 -> pdu_0x16dd8a0 -> pdu_0x16de538 -> pdu_0x16df1d0 -> pdu_0x16dfe68 -> pdu_0x16e0b00 -> pdu_0x16e1798 -> pdu_0x16e2430 -> pdu_0x16e30c8 -> pdu_0x16e3d60 -> pdu_0x16e49f8 -> pdu_0x16e5690 -> pdu_0x16e6328 -> pdu_0x16e6fc0 -> pdu_0x16e7c58 -> pdu_0x16e88f0 -> pdu_0x16e9588 -> pdu_0x16ea220 -> pdu_0x16eaeb8 -> pdu_0x16ebb50 -> pdu_0x16ec7e8 -> pdu_0x16ed480 -> pdu_0x16ee118 -> pdu_0x16eedb0 -> pdu_0x16efa48 -> pdu_0x16f06e0 -> pdu_0x16f1378 -> pdu_0x16f2010 -> pdu_0x16f2ca8 -> pdu_0x16f3940 -> pdu_0x16f45d8 -> pdu_0x16f5270 -> pdu_0x16f5f08 -> pdu_0x16f6ba0 -> pdu_0x16f7838 -> pdu_0x16f84d0 -> pdu_0x16f9168 -> pdu_0x16f9e00 -> pdu_0x16faa98 -> pdu_0x16fb730 -> pdu_0x16fc3c8 -> pdu_0x16fd060 -> pdu_0x16fdcf8 -> pdu_0x16fe990 -> pdu_0x16ff628 -> pdu_0x17002c0 -> pdu_0x1700f58 -> pdu_0x1701bf0 -> pdu_0x1702888 -> pdu_0x1703520 -> pdu_0x17041b8 -> pdu_0x1704e50 -> pdu_0x1705ae8 -> pdu_0x1706780 -> pdu_0x1707418 -> pdu_0x17080b0 -> pdu_0x1708d48 -> pdu_0x17099e0 -> pdu_0x170a678 -> pdu_0x170b310 -> pdu_0x170bfa8 -> pdu_0x170cc40 -> pdu_0x170d8d8 -> pdu_0x170e570 -> pdu_0x170f208 -> pdu_0x170fea0 -> pdu_0x1710b38 -> pdu_0x17117d0 -> pdu_0x1712468 -> pdu_0x1713100 -> pdu_0x1713d98 -> pdu_0x1714a30 -> pdu_0x17156c8 -> pdu_0x1716360 -> pdu_0x1716ff8 -> pdu_0x1717c90 -> pdu_0x1718928 -> pdu_0x17195c0 -> pdu_0x171a258 -> pdu_0x171aef0 -> pdu_0x171bb88 -> pdu_0x171c820 -> pdu_0x171d4b8 -> pdu_0x171e150 -> pdu_0x171ede8 -> pdu_0x171fa80 -> pdu_0x1720718 -> pdu_0x17213b0 -> pdu_0x1722048 -> pdu_0x1722ce0 -> pdu_0x1723978 -> pdu_0x1724610 -> pdu_0x17252a8 -> pdu_0x1725f40 -> pdu_0x1726bd8 -> pdu_0x1727870 -> pdu_0x1728508 -> pdu_0x17291a0 -> pdu_0x1729e38 -> pdu_0x172aad0 -> pdu_0x172b768 -> pdu_0x172c400 -> pdu_0x172d098 -> pdu_0x172dd30 -> pdu_0x172e9c8 -> pdu_0x172f660 -> pdu_0x17302f8 -> pdu_0x1730f90 -> pdu_0x1731c28 -> pdu_0x17328c0 -> pdu_0x1733558 -> pdu_0x17341f0 -> pdu_0x1734e88 -> pdu_0x1735b20 -> pdu_0x17367b8 -> pdu_0x1737450 -> pdu_0x17380e8 -> pdu_0x1738d80 -> pdu_0x1739a18 -> pdu_0x173a6b0 -> pdu_0x173b348 -> pdu_0x173bfe0 -> pdu_0x173cc78 -> pdu_0x173d910 -> pdu_0x173e5a8 -> pdu_0x173f240 -> pdu_0x173fed8 -> pdu_0x1740b70 -> pdu_0x1741808 -> pdu_0x17424a0 -> pdu_0x1743138 -> pdu_0x1743dd0 -> pdu_0x1744a68 -> pdu_0x1745700 -> pdu_0x1746398 -> pdu_0x1747030 -> pdu_0x1747cc8 -> pdu_0x1748960 -> pdu_0x17495f8 -> pdu_0x174a290 -> pdu_0x174af28 -> pdu_0x174bbc0 -> pdu_0x174c858 -> pdu_0x174d4f0 -> pdu_0x174e188 -> pdu_0x174ee20 -> pdu_0x174fab8 -> pdu_0x1750750 -> pdu_0x17513e8 -> pdu_0x1752080 -> pdu_0x1752d18 -> pdu_0x17539b0 -> pdu_0x1754648 -> pdu_0x17552e0 -> pdu_0x1755f78 -> pdu_0x1756c10 -> pdu_0x17578a8 -> pdu_0x1758540 -> pdu_0x17591d8 -> pdu_0x1759e70 -> pdu_0x175ab08 -> pdu_0x175b7a0 -> pdu_0x175c438 -> pdu_0x175d0d0 -> pdu_0x175dd68 -> pdu_0x175ea00 -> pdu_0x175f698 -> pdu_0x1760330 -> pdu_0x1760fc8 -> pdu_0x1761c60 -> pdu_0x17628f8 -> pdu_0x1763590 -> pdu_0x1764228 -> pdu_0x1764ec0 -> pdu_0x1765b58 -> pdu_0x17667f0 -> pdu_0x1767488 -> pdu_0x1768120 -> pdu_0x1768db8 -> pdu_0x1769a50 -> pdu_0x176a6e8 -> pdu_0x176b380 -> pdu_0x176c018 -> pdu_0x176ccb0 -> pdu_0x176d948 -> pdu_0x176e5e0 -> pdu_0x176f278 -> pdu_0x176ff10 -> pdu_0x1770ba8 -> pdu_0x1771840 -> pdu_0x17724d8 -> pdu_0x1773170 -> pdu_0x1773e08 -> pdu_0x1774aa0 -> pdu_0x1775738 -> pdu_0x17763d0 -> pdu_0x1777068 -> pdu_0x1777d00 -> pdu_0x1778998 -> pdu_0x1779630 -> pdu_0x177a2c8 -> pdu_0x177af60 -> pdu_0x177bbf8 -> pdu_0x177c890 -> pdu_0x177d528 -> pdu_0x177e1c0 -> pdu_0x177ee58 -> pdu_0x177faf0 -> pdu_0x1780788 -> pdu_0x1781420 -> pdu_0x17820b8 -> pdu_0x1782d50 -> pdu_0x17839e8 -> pdu_0x1784680 -> pdu_0x1785318 -> pdu_0x1785fb0 -> pdu_0x1786c48 -> pdu_0x17878e0 -> pdu_0x1788578 -> pdu_0x1789210 -> pdu_0x1789ea8 -> pdu_0x178ab40 -> pdu_0x178b7d8 -> pdu_0x178c470 -> pdu_0x178d108 -> pdu_0x178dda0 -> pdu_0x178ea38 -> pdu_0x178f6d0 -> pdu_0x1790368 -> pdu_0x1791000 -> pdu_0x1791c98 -> pdu_0x1792930 -> pdu_0x17935c8 -> pdu_0x1794260 -> pdu_0x1794ef8 -> pdu_0x1795b90 -> pdu_0x1796828 -> pdu_0x17974c0 -> pdu_0x1798158 -> pdu_0x1798df0 -> pdu_0x1799a88 -> pdu_0x179a720 -> pdu_0x179b3b8 -> pdu_0x179c050 -> pdu_0x179cce8 -> pdu_0x179d980 -> pdu_0x179e618 -> pdu_0x179f2b0 -> pdu_0x179ff48 -> pdu_0x17a0be0 -> pdu_0x17a1878 -> pdu_0x17a2510 -> pdu_0x17a31a8 -> pdu_0x17a3e40 -> pdu_0x17a4ad8 -> pdu_0x17a5770 -> pdu_0x17a6408 -> pdu_0x17a70a0 -> pdu_0x17a7d38 -> pdu_0x17a89d0 -> pdu_0x17a9668 -> pdu_0x17aa300 -> pdu_0x17aaf98 -> pdu_0x17abc30 -> pdu_0x17ac8c8 -> pdu_0x17ad560 -> pdu_0x17ae1f8 -> pdu_0x17aee90 -> pdu_0x17afb28 -> pdu_0x17b07c0 -> pdu_0x17b1458 -> pdu_0x17b20f0 -> pdu_0x17b2d88 -> pdu_0x17b3a20 -> pdu_0x17b46b8 -> pdu_0x17b5350 -> pdu_0x17b5fe8 -> pdu_0x17b6c80 -> pdu_0x17b7918 -> pdu_0x17b85b0 -> pdu_0x17b9248 -> pdu_0x17b9ee0 -> pdu_0x17bab78 -> pdu_0x17bb810 -> pdu_0x17bc4a8 -> pdu_0x17bd140 -> pdu_0x17bddd8 -> pdu_0x17bea70 -> pdu_0x17bf708 -> pdu_0x17c03a0 -> pdu_0x17c1038 -> pdu_0x17c1cd0 -> pdu_0x17c2968 -> pdu_0x17c3600 -> pdu_0x17c4298 -> pdu_0x17c4f30 -> pdu_0x17c5bc8 -> pdu_0x17c6860 -> pdu_0x17c74f8 -> pdu_0x17c8190 -> pdu_0x17c8e28 -> pdu_0x17c9ac0 -> pdu_0x17ca758 -> pdu_0x17cb3f0 -> pdu_0x17cc088 -> pdu_0x17ccd20 -> pdu_0x17cd9b8 -> pdu_0x17ce650 -> pdu_0x17cf2e8 -> pdu_0x17cff80 -> pdu_0x17d0c18 -> pdu_0x17d18b0 -> pdu_0x17d2548 -> pdu_0x17d31e0 -> pdu_0x17d3e78 -> pdu_0x17d4b10 -> pdu_0x17d57a8 -> pdu_0x17d6440 -> pdu_0x17d70d8 -> pdu_0x17d7d70 -> pdu_0x17d8a08 -> pdu_0x17d96a0 -> pdu_0x17da338 -> pdu_0x17dafd0 -> pdu_0x17dbc68 -> pdu_0x17dc900 -> pdu_0x17dd598 -> pdu_0x17de230 -> pdu_0x17deec8 -> pdu_0x17dfb60 -> pdu_0x17e07f8 -> pdu_0x17e1490 -> pdu_0x17e2128 -> pdu_0x17e2dc0 -> pdu_0x17e3a58 -> pdu_0x17e46f0 -> pdu_0x17e5388 -> pdu_0x17e6020 -> pdu_0x17e6cb8 -> pdu_0x17e7950 -> pdu_0x17e85e8 -> pdu_0x17e9280 -> pdu_0x17e9f18 -> pdu_0x17eabb0 -> pdu_0x17eb848 -> pdu_0x17ec4e0 -> pdu_0x17ed178 -> pdu_0x17ede10 -> pdu_0x17eeaa8 -> pdu_0x17ef740 -> pdu_0x17f03d8 -> pdu_0x17f1070 -> pdu_0x17f1d08 -> pdu_0x17f29a0 -> pdu_0x17f3638 -> pdu_0x17f42d0 -> pdu_0x17f4f68 -> pdu_0x17f5c00 -> pdu_0x17f6898 -> pdu_0x17f7530 -> pdu_0x17f81c8 -> pdu_0x17f8e60 -> pdu_0x17f9af8 -> pdu_0x17fa790 -> pdu_0x17fb428 -> pdu_0x17fc0c0 -> pdu_0x17fcd58 -> pdu_0x17fd9f0 -> pdu_0x17fe688 -> pdu_0x17ff320 -> pdu_0x17fffb8 -> pdu_0x1800c50 -> pdu_0x18018e8 -> pdu_0x1802580 -> pdu_0x1803218 -> pdu_0x1803eb0 -> pdu_0x1804b48 -> pdu_0x18057e0 -> pdu_0x1806478 -> pdu_0x1807110 -> pdu_0x1807da8 -> pdu_0x1808a40 -> pdu_0x18096d8 -> pdu_0x180a370 -> pdu_0x180b008 -> pdu_0x180bca0 -> pdu_0x180c938 -> pdu_0x180d5d0 -> pdu_0x180e268 -> pdu_0x180ef00 -> pdu_0x180fb98 -> pdu_0x1810830 -> pdu_0x18114c8 -> pdu_0x1812160 -> pdu_0x1812df8 -> pdu_0x1813a90 -> pdu_0x1814728 -> pdu_0x18153c0 -> pdu_0x1816058 -> pdu_0x1816cf0 -> pdu_0x1817988 -> pdu_0x1818620 -> pdu_0x18192b8 -> pdu_0x1819f50 -> pdu_0x181abe8 -> pdu_0x181b880 -> pdu_0x181c518 -> pdu_0x181d1b0 -> pdu_0x181de48 -> pdu_0x181eae0 -> pdu_0x181f778 -> pdu_0x1820410 -> pdu_0x18210a8 -> pdu_0x1821d40 -> pdu_0x18229d8 -> pdu_0x1823670 -> pdu_0x1824308 -> pdu_0x1824fa0 -> pdu_0x1825c38 -> pdu_0x18268d0 -> pdu_0x1827568 -> pdu_0x1828200 -> pdu_0x1828e98 -> pdu_0x1829b30 -> pdu_0x182a7c8 -> pdu_0x182b460 -> pdu_0x182c0f8 -> pdu_0x182cd90 -> pdu_0x182da28 -> pdu_0x182e6c0 -> pdu_0x182f358 -> pdu_0x182fff0 -> pdu_0x1830c88 -> pdu_0x1831920 -> pdu_0x18325b8 -> pdu_0x1833250 -> pdu_0x1833ee8 -> pdu_0x1834b80 -> pdu_0x1835818 -> pdu_0x18364b0 -> pdu_0x1837148 -> pdu_0x1837de0 -> pdu_0x1838a78 -> pdu_0x1839710 -> pdu_0x183a3a8 -> pdu_0x183b040 -> pdu_0x183bcd8 -> pdu_0x183c970 -> pdu_0x183d608 -> pdu_0x183e2a0 -> pdu_0x183ef38 -> pdu_0x183fbd0 -> pdu_0x1840868 -> pdu_0x1841500 -> pdu_0x1842198 -> pdu_0x1842e30 -> pdu_0x1843ac8 -> pdu_0x1844760 -> pdu_0x18453f8 -> pdu_0x1846090 -> pdu_0x1846d28 -> pdu_0x18479c0 -> pdu_0x1848658 -> pdu_0x18492f0 -> pdu_0x1849f88 -> pdu_0x184ac20 -> pdu_0x184b8b8 -> pdu_0x184c550 -> pdu_0x184d1e8 -> pdu_0x184de80 -> pdu_0x184eb18 -> pdu_0x184f7b0 -> pdu_0x1850448 -> pdu_0x18510e0 -> pdu_0x1851d78 -> pdu_0x1852a10 -> pdu_0x18536a8 -> pdu_0x1854340 -> pdu_0x1854fd8 -> pdu_0x1855c70 -> pdu_0x1856908 -> pdu_0x18575a0 -> pdu_0x1858238 -> pdu_0x1858ed0 -> pdu_0x1859b68 -> pdu_0x185a800 -> pdu_0x185b498 -> pdu_0x185c130 -> pdu_0x185cdc8 -> pdu_0x185da60 -> pdu_0x185e6f8 -> pdu_0x185f390 -> pdu_0x1860028 -> pdu_0x1860cc0 -> pdu_0x1861958 -> pdu_0x18625f0 -> pdu_0x1863288 -> pdu_0x1863f20 -> pdu_0x1864bb8 -> pdu_0x1865850 -> pdu_0x18664e8 -> pdu_0x1867180 -> pdu_0x1867e18 -> pdu_0x1868ab0 -> pdu_0x1869748 -> pdu_0x186a3e0 -> pdu_0x186b078 -> pdu_0x186bd10 -> pdu_0x186c9a8 -> pdu_0x186d640 -> pdu_0x186e2d8 -> pdu_0x186ef70 -> pdu_0x186fc08 -> pdu_0x18708a0 -> pdu_0x1871538 -> pdu_0x18721d0 -> pdu_0x1872e68 -> pdu_0x1873b00 -> pdu_0x1874798 -> pdu_0x1875430 -> pdu_0x18760c8 -> pdu_0x1876d60 -> pdu_0x18779f8 -> pdu_0x1878690 -> pdu_0x1879328 -> pdu_0x1879fc0 -> pdu_0x187ac58 -> pdu_0x187b8f0 -> pdu_0x187c588 -> pdu_0x187d220 -> pdu_0x187deb8 -> pdu_0x187eb50 -> pdu_0x187f7e8 -> pdu_0x1880480 -> pdu_0x1881118 -> pdu_0x1881db0 -> pdu_0x1882a48 -> pdu_0x18836e0 -> pdu_0x1884378 -> pdu_0x1885010 -> pdu_0x1885ca8 -> pdu_0x1886940 -> pdu_0x18875d8 -> pdu_0x1888270 -> pdu_0x1888f08 -> pdu_0x1889ba0 -> pdu_0x188a838 -> pdu_0x188b4d0 -> pdu_0x188c168 -> pdu_0x188ce00 -> pdu_0x188da98 -> pdu_0x188e730 -> pdu_0x188f3c8 -> pdu_0x1890060 -> pdu_0x1890cf8 -> pdu_0x1891990 -> pdu_0x1892628 -> pdu_0x18932c0 -> pdu_0x1893f58 -> pdu_0x1894bf0 -> pdu_0x1895888 -> pdu_0x1896520 -> pdu_0x18971b8 -> pdu_0x1897e50 -> pdu_0x1898ae8 -> pdu_0x1899780 -> pdu_0x189a418 -> pdu_0x189b0b0 -> pdu_0x189bd48 -> pdu_0x189c9e0 -> pdu_0x189d678 -> pdu_0x189e310 -> pdu_0x189efa8 -> pdu_0x189fc40 -> pdu_0x18a08d8 -> pdu_0x18a1570 -> pdu_0x18a2208 -> pdu_0x18a2ea0 -> pdu_0x18a3b38 -> pdu_0x18a47d0 -> pdu_0x18a5468 -> pdu_0x18a6100 -> pdu_0x18a6d98 -> pdu_0x18a7a30 -> pdu_0x18a86c8 -> pdu_0x18a9360 -> pdu_0x18a9ff8 -> pdu_0x18aac90 -> pdu_0x18ab928 -> pdu_0x18ac5c0 -> pdu_0x18ad258 -> pdu_0x18adef0 -> pdu_0x18aeb88 -> pdu_0x18af820 -> pdu_0x18b04b8 -> pdu_0x18b1150 -> pdu_0x18b1de8 -> pdu_0x18b2a80 -> pdu_0x18b3718 -> pdu_0x18b43b0 -> pdu_0x18b5048 -> pdu_0x18b5ce0 -> pdu_0x18b6978 -> pdu_0x18b7610 -> pdu_0x18b82a8 -> pdu_0x18b8f40 -> pdu_0x18b9bd8 -> pdu_0x18ba870 -> pdu_0x18bb508 -> pdu_0x18bc1a0 -> pdu_0x18bce38 -> pdu_0x18bdad0 -> pdu_0x18be768 -> pdu_0x18bf400 -> pdu_0x18c0098 -> pdu_0x18c0d30 -> pdu_0x18c19c8 -> pdu_0x18c2660 -> pdu_0x18c32f8 -> pdu_0x18c3f90 -> pdu_0x18c4c28 -> pdu_0x18c58c0 -> pdu_0x18c6558 -> pdu_0x18c71f0 -> pdu_0x18c7e88 -> pdu_0x18c8b20 -> pdu_0x18c97b8 -> pdu_0x18ca450 -> pdu_0x18cb0e8 -> pdu_0x18cbd80 -> pdu_0x18cca18 -> pdu_0x18cd6b0 -> pdu_0x18ce348 -> pdu_0x18cefe0 -> pdu_0x18cfc78 -> pdu_0x18d0910 -> pdu_0x18d15a8 -> pdu_0x18d2240 -> pdu_0x18d2ed8 -> pdu_0x18d3b70 -> pdu_0x18d4808 -> pdu_0x18d54a0 -> pdu_0x18d6138 -> pdu_0x18d6dd0 -> pdu_0x18d7a68 -> pdu_0x18d8700 -> pdu_0x18d9398 -> pdu_0x18da030 -> pdu_0x18dacc8 -> pdu_0x18db960 -> pdu_0x18dc5f8 -> pdu_0x18dd290 -> pdu_0x18ddf28 -> pdu_0x18debc0 -> pdu_0x18df858 -> pdu_0x18e04f0 -> pdu_0x18e1188 -> pdu_0x18e1e20 -> pdu_0x18e2ab8 -> pdu_0x18e3750 -> pdu_0x18e43e8 -> pdu_0x18e5080 -> pdu_0x18e5d18 -> pdu_0x18e69b0 -> pdu_0x18e7648 -> pdu_0x18e82e0 -> pdu_0x18e8f78 -> pdu_0x18e9c10 -> pdu_0x18ea8a8 -> pdu_0x18eb540 -> pdu_0x18ec1d8 -> pdu_0x18ece70 -> pdu_0x18edb08 -> pdu_0x18ee7a0 -> pdu_0x18ef438 -> pdu_0x18f00d0 -> pdu_0x18f0d68 -> pdu_0x18f1a00 -> pdu_0x18f2698 -> pdu_0x18f3330 -> pdu_0x18f3fc8 -> pdu_0x18f4c60 -> pdu_0x18f58f8 -> pdu_0x18f6590 -> pdu_0x18f7228 -> pdu_0x18f7ec0 -> pdu_0x18f8b58 -> pdu_0x18f97f0 -> pdu_0x18fa488 -> pdu_0x18fb120 -> pdu_0x18fbdb8 -> pdu_0x18fca50 -> pdu_0x18fd6e8 -> pdu_0x18fe380 -> pdu_0x18ff018 -> pdu_0x18ffcb0 -> pdu_0x1900948 -> pdu_0x19015e0 -> pdu_0x1902278 -> pdu_0x1902f10 -> pdu_0x1903ba8 -> pdu_0x1904840 -> pdu_0x19054d8 -> pdu_0x1906170 -> pdu_0x1906e08 -> pdu_0x1907aa0 -> pdu_0x1908738 -> pdu_0x19093d0 -> pdu_0x190a068 -> pdu_0x190ad00 -> pdu_0x190b998 -> pdu_0x190c630 -> pdu_0x190d2c8 -> pdu_0x190df60 -> pdu_0x190ebf8 -> pdu_0x190f890 -> pdu_0x1910528 -> pdu_0x19111c0 -> pdu_0x1911e58 -> pdu_0x1912af0 -> pdu_0x1913788 -> pdu_0x1914420 -> pdu_0x19150b8 -> pdu_0x1915d50 -> pdu_0x19169e8 -> pdu_0x1917680 -> pdu_0x1918318 -> pdu_0x1918fb0 -> pdu_0x1919c48 -> pdu_0x191a8e0 -> pdu_0x191b578 -> pdu_0x191c210 -> pdu_0x191cea8 -> pdu_0x191db40 -> pdu_0x191e7d8 -> pdu_0x191f470 -> pdu_0x1920108 -> pdu_0x1920da0 -> pdu_0x1921a38 -> pdu_0x19226d0 -> pdu_0x1923368 -> pdu_0x1924000 -> pdu_0x1924c98 -> pdu_0x1925930 -> pdu_0x19265c8 -> pdu_0x1927260 -> pdu_0x1927ef8 -> pdu_0x1928b90 -> pdu_0x1929828 -> pdu_0x192a4c0 -> pdu_0x192b158 -> pdu_0x192bdf0 -> pdu_0x192ca88 -> pdu_0x192d720 -> pdu_0x192e3b8 -> pdu_0x192f050 -> pdu_0x192fce8 -> pdu_0x1930980 -> pdu_0x1931618 -> pdu_0x19322b0 -> pdu_0x1932f48 -> pdu_0x1933be0 -> pdu_0x1934878 -> pdu_0x1935510 -> pdu_0x19361a8 -> pdu_0x1936e40 -> pdu_0x1937ad8 -> pdu_0x1938770 -> pdu_0x1939408 -> pdu_0x193a0a0 -> pdu_0x193ad38 -> pdu_0x193b9d0 -> pdu_0x193c668 -> pdu_0x193d300 -> pdu_0x193df98 -> pdu_0x193ec30 -> pdu_0x193f8c8 -> pdu_0x1940560 -> pdu_0x19411f8 -> pdu_0x1941e90 -> pdu_0x1942b28 -> pdu_0x19437c0 -> pdu_0x1944458 -> pdu_0x19450f0 -> pdu_0x1945d88 -> pdu_0x1946a20 -> pdu_0x19476b8 -> pdu_0x1948350 -> pdu_0x1948fe8 -> pdu_0x1949c80 -> pdu_0x194a918 -> pdu_0x194b5b0 -> pdu_0x194c248 -> pdu_0x194cee0 -> pdu_0x194db78 -> pdu_0x194e810 -> pdu_0x194f4a8 -> pdu_0x1950140 -> pdu_0x1950dd8 -> pdu_0x1951a70 -> pdu_0x1952708 -> pdu_0x19533a0 -> pdu_0x1954038 -> pdu_0x1954cd0 -> pdu_0x1955968 -> pdu_0x1956600 -> pdu_0x1957298 -> pdu_0x1957f30 -> pdu_0x1958bc8 -> pdu_0x1959860 -> pdu_0x195a4f8 -> pdu_0x195b190 -> pdu_0x195be28 -> pdu_0x195cac0 -> pdu_0x195d758 -> pdu_0x195e3f0 -> pdu_0x195f088 -> pdu_0x195fd20 -> pdu_0x19609b8 -> pdu_0x1961650 -> pdu_0x19622e8 -> pdu_0x1962f80 -> pdu_0x1963c18 -> pdu_0x19648b0 -> pdu_0x1965548 -> pdu_0x19661e0 -> pdu_0x1966e78 -> pdu_0x1967b10 -> pdu_0x19687a8 -> pdu_0x1969440 -> pdu_0x196a0d8 -> pdu_0x196ad70 -> pdu_0x196ba08 -> pdu_0x196c6a0 -> pdu_0x196d338 -> pdu_0x196dfd0 -> pdu_0x196ec68 -> pdu_0x196f900 -> pdu_0x1970598 -> pdu_0x1971230 -> pdu_0x1971ec8 -> pdu_0x1972b60 -> pdu_0x19737f8 -> pdu_0x1974490 -> pdu_0x1975128 -> pdu_0x1975dc0 -> pdu_0x1976a58 -> pdu_0x19776f0 -> pdu_0x1978388 -> pdu_0x1979020 -> pdu_0x1979cb8 -> pdu_0x197a950 -> pdu_0x197b5e8 -> pdu_0x197c280 -> pdu_0x197cf18 -> pdu_0x197dbb0 -> pdu_0x197e848 -> pdu_0x197f4e0 -> pdu_0x1980178 -> pdu_0x1980e10 -> pdu_0x1981aa8 -> pdu_0x1982740 -> pdu_0x19833d8 -> pdu_0x1984070 -> pdu_0x1984d08 -> pdu_0x19859a0 -> pdu_0x1986638 -> pdu_0x19872d0 -> pdu_0x1987f68 -> pdu_0x1988c00 -> pdu_0x1989898 -> pdu_0x198a530 -> pdu_0x198b1c8 -> pdu_0x198be60 -> pdu_0x198caf8 -> pdu_0x198d790 -> pdu_0x198e428 -> pdu_0x198f0c0 -> pdu_0x198fd58 -> pdu_0x19909f0 -> pdu_0x1991688 -> pdu_0x1992320 -> pdu_0x1992fb8 -> pdu_0x1993c50 -> pdu_0x19948e8 -> pdu_0x1995580 -> pdu_0x1996218 -> pdu_0x1996eb0 -> pdu_0x1997b48 -> pdu_0x19987e0 -> pdu_0x1999478 -> pdu_0x199a110 -> pdu_0x199ada8 -> pdu_0x199ba40 -> pdu_0x199c6d8 -> pdu_0x199d370 -> pdu_0x199e008 -> pdu_0x199eca0 -> pdu_0x199f938 -> pdu_0x19a05d0 -> pdu_0x19a1268 -> pdu_0x19a1f00 -> pdu_0x19a2b98 -> pdu_0x19a3830 -> pdu_0x19a44c8 -> pdu_0x19a5160 -> pdu_0x19a5df8 -> pdu_0x19a6a90 -> pdu_0x19a7728 -> pdu_0x19a83c0 -> pdu_0x19a9058 -> pdu_0x19a9cf0 -> pdu_0x19aa988 -> pdu_0x19ab620 -> pdu_0x19ac2b8 -> pdu_0x19acf50 -> pdu_0x19adbe8 -> pdu_0x19ae880 -> pdu_0x19af518 -> pdu_0x19b01b0 -> pdu_0x19b0e48 -> pdu_0x19b1ae0 -> pdu_0x19b2778 -> pdu_0x19b3410 -> pdu_0x19b40a8 -> pdu_0x19b4d40 -> pdu_0x19b59d8 -> pdu_0x19b6670 -> pdu_0x19b7308 -> pdu_0x19b7fa0 -> pdu_0x19b8c38 -> pdu_0x19b98d0 -> pdu_0x19ba568 -> pdu_0x19bb200 -> pdu_0x19bbe98 -> pdu_0x19bcb30 -> pdu_0x19bd7c8 -> pdu_0x19be460 -> pdu_0x19bf0f8 -> pdu_0x19bfd90 -> pdu_0x19c0a28 -> pdu_0x19c16c0 -> pdu_0x19c2358 -> pdu_0x19c2ff0 -> pdu_0x19c3c88 -> pdu_0x19c4920 -> pdu_0x19c55b8 -> pdu_0x19c6250 -> pdu_0x19c6ee8 -> pdu_0x19c7b80 -> pdu_0x19c8818 -> pdu_0x19c94b0 -> pdu_0x19ca148 -> pdu_0x19cade0 -> pdu_0x19cba78 -> pdu_0x19cc710 -> pdu_0x19cd3a8 -> pdu_0x19ce040 -> pdu_0x19cecd8 -> pdu_0x19cf970 -> pdu_0x19d0608 -> pdu_0x19d12a0 -> pdu_0x19d1f38 -> pdu_0x19d2bd0 -> pdu_0x19d3868 -> pdu_0x19d4500 -> pdu_0x19d5198 -> pdu_0x19d5e30 -> pdu_0x19d6ac8 -> pdu_0x19d7760 -> pdu_0x19d83f8 -> pdu_0x19d9090 -> pdu_0x19d9d28 -> pdu_0x19da9c0 -> pdu_0x19db658 -> pdu_0x19dc2f0 -> pdu_0x19dcf88 -> pdu_0x19ddc20 -> pdu_0x19de8b8 -> pdu_0x19df550 -> pdu_0x19e01e8 -> pdu_0x19e0e80 -> pdu_0x19e1b18 -> pdu_0x19e27b0 -> pdu_0x19e3448 -> pdu_0x19e40e0 -> pdu_0x19e4d78 -> pdu_0x19e5a10 -> pdu_0x19e66a8 -> pdu_0x19e7340 -> pdu_0x19e7fd8 -> pdu_0x19e8c70 -> pdu_0x19e9908 -> pdu_0x19ea5a0 -> pdu_0x19eb238 -> pdu_0x19ebed0 -> pdu_0x19ecb68 -> pdu_0x19ed800 -> pdu_0x19ee498 -> pdu_0x19ef130 -> pdu_0x19efdc8 -> pdu_0x19f0a60 -> pdu_0x19f16f8 -> pdu_0x19f2390 -> pdu_0x19f3028 -> pdu_0x19f3cc0 -> pdu_0x19f4958 -> pdu_0x19f55f0 -> pdu_0x19f6288 -> pdu_0x19f6f20 -> pdu_0x19f7bb8 -> pdu_0x19f8850 -> pdu_0x19f94e8 -> pdu_0x19fa180 -> pdu_0x19fae18 -> pdu_0x19fbab0 -> pdu_0x19fc748 -> pdu_0x19fd3e0 -> pdu_0x19fe078 -> pdu_0x19fed10 -> pdu_0x19ff9a8 -> pdu_0x1a00640 -> pdu_0x1a012d8 -> pdu_0x1a01f70 -> pdu_0x1a02c08 -> pdu_0x1a038a0 -> pdu_0x1a04538 -> pdu_0x1a051d0 -> pdu_0x1a05e68 -> pdu_0x1a06b00 -> pdu_0x1a07798 -> pdu_0x1a08430 -> pdu_0x1a090c8 -> pdu_0x1a09d60 -> pdu_0x1a0a9f8 -> pdu_0x1a0b690 -> pdu_0x1a0c328 -> pdu_0x1a0cfc0 -> pdu_0x1a0dc58 -> pdu_0x1a0e8f0 -> pdu_0x1a0f588 -> pdu_0x1a10220 -> pdu_0x1a10eb8 -> pdu_0x1a11b50 -> pdu_0x1a127e8 -> pdu_0x1a13480 -> pdu_0x1a14118 -> pdu_0x1a14db0 -> pdu_0x1a15a48 -> pdu_0x1a166e0 -> pdu_0x1a17378 -> pdu_0x1a18010 -> pdu_0x1a18ca8 -> pdu_0x1a19940 -> pdu_0x1a1a5d8 -> pdu_0x1a1b270 -> pdu_0x1a1bf08 -> pdu_0x1a1cba0 -> pdu_0x1a1d838 -> pdu_0x1a1e4d0 -> pdu_0x1a1f168 -> pdu_0x1a1fe00 -> pdu_0x1a20a98 -> pdu_0x1a21730 -> pdu_0x1a223c8 -> pdu_0x1a23060 -> pdu_0x1a23cf8 -> pdu_0x1a24990 -> pdu_0x1a25628 -> pdu_0x1a262c0 -> pdu_0x1a26f58 -> pdu_0x1a27bf0 -> pdu_0x1a28888 -> pdu_0x1a29520 -> pdu_0x1a2a1b8 -> pdu_0x1a2ae50 -> pdu_0x1a2bae8 -> pdu_0x1a2c780 -> pdu_0x1a2d418 -> pdu_0x1a2e0b0 -> pdu_0x1a2ed48 -> pdu_0x1a2f9e0 -> pdu_0x1a30678 -> pdu_0x1a31310 -> pdu_0x1a31fa8 -> pdu_0x1a32c40 -> pdu_0x1a338d8 -> pdu_0x1a34570 -> pdu_0x1a35208 -> pdu_0x1a35ea0 -> pdu_0x1a36b38 -> pdu_0x1a377d0 -> pdu_0x1a38468 -> pdu_0x1a39100 -> pdu_0x1a39d98 -> pdu_0x1a3aa30 -> pdu_0x1a3b6c8 -> pdu_0x1a3c360 -> pdu_0x1a3cff8 -> pdu_0x1a3dc90 -> pdu_0x1a3e928 -> pdu_0x1a3f5c0 -> pdu_0x1a40258 -> pdu_0x1a40ef0 -> pdu_0x1a41b88 -> pdu_0x1a42820 -> pdu_0x1a434b8 -> pdu_0x1a44150 -> pdu_0x1a44de8 -> pdu_0x1a45a80 -> pdu_0x1a46718 -> pdu_0x1a473b0 -> pdu_0x1a48048 -> pdu_0x1a48ce0 -> pdu_0x1a49978 -> pdu_0x1a4a610 -> pdu_0x1a4b2a8 -> pdu_0x1a4bf40 -> pdu_0x1a4cbd8 -> pdu_0x1a4d870 -> pdu_0x1a4e508 -> pdu_0x1a4f1a0 -> pdu_0x1a4fe38 -> pdu_0x1a50ad0 -> pdu_0x1a51768 -> pdu_0x1a52400 -> pdu_0x1a53098 -> pdu_0x1a53d30 -> pdu_0x1a549c8 -> pdu_0x1a55660 -> pdu_0x1a562f8 -> pdu_0x1a56f90 -> pdu_0x1a57c28 -> pdu_0x1a588c0 -> pdu_0x1a59558 -> pdu_0x1a5a1f0 -> pdu_0x1a5ae88 -> pdu_0x1a5bb20 -> pdu_0x1a5c7b8 -> pdu_0x1a5d450 -> pdu_0x1a5e0e8 -> pdu_0x1a5ed80 -> pdu_0x1a5fa18 -> pdu_0x1a606b0 -> pdu_0x1a61348 -> pdu_0x1a61fe0 -> pdu_0x1a62c78 -> pdu_0x1a63910 -> pdu_0x1a645a8 -> pdu_0x1a65240 -> pdu_0x1a65ed8 -> pdu_0x1a66b70 -> pdu_0x1a67808 -> pdu_0x1a684a0 -> pdu_0x1a69138 -> pdu_0x1a69dd0 -> pdu_0x1a6aa68 -> pdu_0x1a6b700 -> pdu_0x1a6c398 -> pdu_0x1a6d030 -> pdu_0x1a6dcc8 -> pdu_0x1a6e960 -> pdu_0x1a6f5f8 -> pdu_0x1a70290 -> pdu_0x1a70f28 -> pdu_0x1a71bc0 -> pdu_0x1a72858 -> pdu_0x1a734f0 -> pdu_0x1a74188 -> pdu_0x1a74e20 -> pdu_0x1a75ab8 -> pdu_0x1a76750 -> pdu_0x1a773e8 -> pdu_0x1a78080 -> pdu_0x1a78d18 -> pdu_0x1a799b0 -> pdu_0x1a7a648 -> pdu_0x1a7b2e0 -> pdu_0x1a7bf78 -> pdu_0x1a7cc10 -> pdu_0x1a7d8a8 -> pdu_0x1a7e540 -> pdu_0x1a7f1d8 -> pdu_0x1a7fe70 -> pdu_0x1a80b08 -> pdu_0x1a817a0 -> pdu_0x1a82438 -> pdu_0x1a830d0 -> pdu_0x1a83d68 -> pdu_0x1a84a00 -> pdu_0x1a85698 -> pdu_0x1a86330 -> pdu_0x1a86fc8 -> pdu_0x1a87c60 -> pdu_0x1a888f8 -> pdu_0x1a89590 -> pdu_0x1a8a228 -> pdu_0x1a8aec0 -> pdu_0x1a8bb58 -> pdu_0x1a8c7f0 -> pdu_0x1a8d488 -> pdu_0x1a8e120 -> pdu_0x1a8edb8 -> pdu_0x1a8fa50 -> pdu_0x1a906e8 -> pdu_0x1a91380 -> pdu_0x1a92018 -> pdu_0x1a92cb0 -> pdu_0x1a93948 -> pdu_0x1a945e0 -> pdu_0x1a95278 -> pdu_0x1a95f10 -> pdu_0x1a96ba8 -> pdu_0x1a97840 -> pdu_0x1a984d8 -> pdu_0x1a99170 -> pdu_0x1a99e08 -> pdu_0x1a9aaa0 -> pdu_0x1a9b738 -> pdu_0x1a9c3d0 -> pdu_0x1a9d068 -> pdu_0x1a9dd00 -> pdu_0x1a9e998 -> pdu_0x1a9f630 -> pdu_0x1aa02c8 -> pdu_0x1aa0f60 -> pdu_0x1aa1bf8 -> pdu_0x1aa2890 -> pdu_0x1aa3528 -> pdu_0x1aa41c0 -> pdu_0x1aa4e58 -> pdu_0x1aa5af0 -> pdu_0x1aa6788 -> pdu_0x1aa7420 -> pdu_0x1aa80b8 -> pdu_0x1aa8d50 -> pdu_0x1aa99e8 -> pdu_0x1aaa680 -> pdu_0x1aab318 -> pdu_0x1aabfb0 -> pdu_0x1aacc48 -> pdu_0x1aad8e0 -> pdu_0x1aae578 -> pdu_0x1aaf210 -> pdu_0x1aafea8 -> pdu_0x1ab0b40 -> pdu_0x1ab17d8 -> pdu_0x1ab2470 -> pdu_0x1ab3108 -> pdu_0x1ab3da0 -> pdu_0x1ab4a38 -> pdu_0x1ab56d0 -> pdu_0x1ab6368 -> pdu_0x1ab7000 -> pdu_0x1ab7c98 -> pdu_0x1ab8930 -> pdu_0x1ab95c8 -> pdu_0x1aba260 -> pdu_0x1abaef8 -> pdu_0x1abbb90 -> pdu_0x1abc828 -> pdu_0x1abd4c0 -> pdu_0x1abe158 -> pdu_0x1abedf0 -> pdu_0x1abfa88 -> pdu_0x1ac0720 -> pdu_0x1ac13b8 -> pdu_0x1ac2050 -> pdu_0x1ac2ce8 -> pdu_0x1ac3980 -> pdu_0x1ac4618 -> pdu_0x1ac52b0 -> pdu_0x1ac5f48 -> pdu_0x1ac6be0 -> pdu_0x1ac7878 -> pdu_0x1ac8510 -> pdu_0x1ac91a8 -> pdu_0x1ac9e40 -> pdu_0x1acaad8 -> pdu_0x1acb770 -> pdu_0x1acc408 -> pdu_0x1acd0a0 -> pdu_0x1acdd38 -> pdu_0x1ace9d0 -> pdu_0x1acf668 -> pdu_0x1ad0300 -> pdu_0x1ad0f98 -> pdu_0x1ad1c30 -> pdu_0x1ad28c8 -> pdu_0x1ad3560 -> pdu_0x1ad41f8 -> pdu_0x1ad4e90 -> pdu_0x1ad5b28 -> pdu_0x1ad67c0 -> pdu_0x1ad7458 -> pdu_0x1ad80f0 -> pdu_0x1ad8d88 -> pdu_0x1ad9a20 -> pdu_0x1ada6b8 -> pdu_0x1adb350 -> pdu_0x1adbfe8 -> pdu_0x1adcc80 -> pdu_0x1add918 -> pdu_0x1ade5b0 -> pdu_0x1adf248 -> pdu_0x1adfee0 -> pdu_0x1ae0b78 -> pdu_0x1ae1810 -> pdu_0x1ae24a8 -> pdu_0x1ae3140 -> pdu_0x1ae3dd8 -> pdu_0x1ae4a70 -> pdu_0x1ae5708 -> pdu_0x1ae63a0 -> pdu_0x1ae7038 -> pdu_0x1ae7cd0 -> pdu_0x1ae8968 -> pdu_0x1ae9600 -> pdu_0x1aea298 -> pdu_0x1aeaf30 -> pdu_0x1aebbc8 -> pdu_0x1aec860 -> pdu_0x1aed4f8 -> pdu_0x1aee190 -> pdu_0x1aeee28 -> pdu_0x1aefac0 -> pdu_0x1af0758 -> pdu_0x1af13f0 -> pdu_0x1af2088 -> pdu_0x1af2d20 -> pdu_0x1af39b8 -> pdu_0x1af4650 -> pdu_0x1af52e8 -> pdu_0x1af5f80 -> pdu_0x1af6c18 -> pdu_0x1af78b0 -> pdu_0x1af8548 -> pdu_0x1af91e0 -> pdu_0x1af9e78 -> pdu_0x1afab10 -> pdu_0x1afb7a8 -> pdu_0x1afc440 -> pdu_0x1afd0d8 -> pdu_0x1afdd70 -> pdu_0x1afea08 -> pdu_0x1aff6a0 -> pdu_0x1b00338 -> pdu_0x1b00fd0 -> pdu_0x1b01c68 -> pdu_0x1b02900 -> pdu_0x1b03598 -> pdu_0x1b04230 -> pdu_0x1b04ec8 -> pdu_0x1b05b60 -> pdu_0x1b067f8 -> pdu_0x1b07490 -> pdu_0x1b08128 -> pdu_0x1b08dc0 -> pdu_0x1b09a58 -> pdu_0x1b0a6f0 -> pdu_0x1b0b388 -> pdu_0x1b0c020 -> pdu_0x1b0ccb8 -> pdu_0x1b0d950 -> pdu_0x1b0e5e8 -> pdu_0x1b0f280 -> pdu_0x1b0ff18 -> pdu_0x1b10bb0 -> pdu_0x1b11848 -> pdu_0x1b124e0 -> pdu_0x1b13178 -> pdu_0x1b13e10 -> pdu_0x1b14aa8 -> pdu_0x1b15740 -> pdu_0x1b163d8 -> pdu_0x1b17070 -> pdu_0x1b17d08 -> pdu_0x1b189a0 -> pdu_0x1b19638 -> pdu_0x1b1a2d0 -> pdu_0x1b1af68 -> pdu_0x1b1bc00 -> pdu_0x1b1c898 -> pdu_0x1b1d530 -> pdu_0x1b1e1c8 -> pdu_0x1b1ee60 -> pdu_0x1b1faf8 -> pdu_0x1b20790 -> pdu_0x1b21428 -> pdu_0x1b220c0 -> pdu_0x1b22d58 -> pdu_0x1b239f0 -> pdu_0x1b24688 -> pdu_0x1b25320 -> pdu_0x1b25fb8 -> pdu_0x1b26c50 -> pdu_0x1b278e8 -> pdu_0x1b28580 -> pdu_0x1b29218 -> pdu_0x1b29eb0 -> pdu_0x1b2ab48 -> pdu_0x1b2b7e0 -> pdu_0x1b2c478 -> pdu_0x1b2d110 -> pdu_0x1b2dda8 -> pdu_0x1b2ea40 -> pdu_0x1b2f6d8 -> pdu_0x1b30370 -> pdu_0x1b31008 -> pdu_0x1b31ca0 -> pdu_0x1b32938 -> pdu_0x1b335d0 -> pdu_0x1b34268 -> pdu_0x1b34f00 -> pdu_0x1b35b98 -> pdu_0x1b36830 -> pdu_0x1b374c8 -> pdu_0x1b38160 -> pdu_0x1b38df8 -> pdu_0x1b39a90 -> pdu_0x1b3a728 -> pdu_0x1b3b3c0 -> pdu_0x1b3c058 -> pdu_0x1b3ccf0 -> pdu_0x1b3d988 -> pdu_0x1b3e620 -> pdu_0x1b3f2b8 -> pdu_0x1b3ff50 -> pdu_0x1b40be8 -> pdu_0x1b41880 -> pdu_0x1b42518 -> pdu_0x1b431b0 -> pdu_0x1b43e48 -> pdu_0x1b44ae0 -> pdu_0x1b45778 -> pdu_0x1b46410 -> pdu_0x1b470a8 -> pdu_0x1b47d40 -> pdu_0x1b489d8 -> pdu_0x1b49670 -> pdu_0x1b4a308 -> pdu_0x1b4afa0 -> pdu_0x1b4bc38 -> pdu_0x1b4c8d0 -> pdu_0x1b4d568 -> pdu_0x1b4e200 -> pdu_0x1b4ee98 -> pdu_0x1b4fb30 -> pdu_0x1b507c8 -> pdu_0x1b51460 -> pdu_0x1b520f8 -> pdu_0x1b52d90 -> pdu_0x1b53a28 -> pdu_0x1b546c0 -> pdu_0x1b55358 -> pdu_0x1b55ff0 -> pdu_0x1b56c88 -> pdu_0x1b57920 -> pdu_0x1b585b8 -> pdu_0x1b59250 -> pdu_0x1b59ee8 -> pdu_0x1b5ab80 -> pdu_0x1b5b818 -> pdu_0x1b5c4b0 -> pdu_0x1b5d148 -> pdu_0x1b5dde0 -> pdu_0x1b5ea78 -> pdu_0x1b5f710 -> pdu_0x1b603a8 -> pdu_0x1b61040 -> pdu_0x1b61cd8 -> pdu_0x1b62970 -> pdu_0x1b63608 -> pdu_0x1b642a0 -> pdu_0x1b64f38 -> pdu_0x1b65bd0 -> pdu_0x1b66868 -> pdu_0x1b67500 -> pdu_0x1b68198 -> pdu_0x1b68e30 -> pdu_0x1b69ac8 -> pdu_0x1b6a760 -> pdu_0x1b6b3f8 -> pdu_0x1b6c090 -> pdu_0x1b6cd28 -> pdu_0x1b6d9c0 -> pdu_0x1b6e658 -> pdu_0x1b6f2f0 -> pdu_0x1b6ff88 -> pdu_0x1b70c20 -> pdu_0x1b718b8 -> pdu_0x1b72550 -> pdu_0x1b731e8 -> pdu_0x1b73e80 -> pdu_0x1b74b18 -> pdu_0x1b757b0 -> pdu_0x1b76448 -> pdu_0x1b770e0 -> pdu_0x1b77d78 -> pdu_0x1b78a10 -> pdu_0x1b796a8 -> pdu_0x1b7a340 -> pdu_0x1b7afd8 -> pdu_0x1b7bc70 -> pdu_0x1b7c908 -> pdu_0x1b7d5a0 -> pdu_0x1b7e238 -> pdu_0x1b7eed0 -> pdu_0x1b7fb68 -> pdu_0x1b80800 -> pdu_0x1b81498 -> pdu_0x1b82130 -> pdu_0x1b82dc8 -> pdu_0x1b83a60 -> pdu_0x1b846f8 -> pdu_0x1b85390 -> pdu_0x1b86028 -> pdu_0x1b86cc0 -> pdu_0x1b87958 -> pdu_0x1b885f0 -> pdu_0x1b89288 -> pdu_0x1b89f20 -> pdu_0x1b8abb8 -> pdu_0x1b8b850 -> pdu_0x1b8c4e8 -> pdu_0x1b8d180 -> pdu_0x1b8de18 -> pdu_0x1b8eab0 -> pdu_0x1b8f748 -> pdu_0x1b903e0 -> pdu_0x1b91078 -> pdu_0x1b91d10 -> pdu_0x1b929a8 -> pdu_0x1b93640 -> pdu_0x1b942d8 -> pdu_0x1b94f70 -> pdu_0x1b95c08 -> pdu_0x1b968a0 -> pdu_0x1b97538 -> pdu_0x1b981d0 -> pdu_0x1b98e68 -> pdu_0x1b99b00 -> pdu_0x1b9a798 -> pdu_0x1b9b430 -> pdu_0x1b9c0c8 -> pdu_0x1b9cd60 -> pdu_0x1b9d9f8 -> pdu_0x1b9e690 -> pdu_0x1b9f328 -> pdu_0x1b9ffc0 -> pdu_0x1ba0c58 -> pdu_0x1ba18f0 -> pdu_0x1ba2588 -> pdu_0x1ba3220 -> pdu_0x1ba3eb8 -> pdu_0x1ba4b50 -> pdu_0x1ba57e8 -> pdu_0x1ba6480 -> pdu_0x1ba7118 -> pdu_0x1ba7db0 -> pdu_0x1ba8a48 -> pdu_0x1ba96e0 -> pdu_0x1baa378 -> pdu_0x1bab010 -> pdu_0x1babca8 -> pdu_0x1bac940 -> pdu_0x1bad5d8 -> pdu_0x1bae270 -> pdu_0x1baef08 -> pdu_0x1bafba0 -> pdu_0x1bb0838 -> pdu_0x1bb14d0 -> pdu_0x1bb2168 -> pdu_0x1bb2e00 -> pdu_0x1bb3a98 -> pdu_0x1bb4730 -> pdu_0x1bb53c8 -> pdu_0x1bb6060 -> pdu_0x1bb6cf8 -> pdu_0x1bb7990 -> pdu_0x1bb8628 -> pdu_0x1bb92c0 -> pdu_0x1bb9f58 -> pdu_0x1bbabf0 -> pdu_0x1bbb888 -> pdu_0x1bbc520 -> pdu_0x1bbd1b8 -> pdu_0x1bbde50 -> pdu_0x1bbeae8 -> pdu_0x1bbf780 -> pdu_0x1bc0418 -> pdu_0x1bc10b0 -> pdu_0x1bc1d48 -> pdu_0x1bc29e0 -> pdu_0x1bc3678 -> pdu_0x1bc4310 -> pdu_0x1bc4fa8 -> pdu_0x1bc5c40 -> pdu_0x1bc68d8 -> pdu_0x1bc7570 -> pdu_0x1bc8208 -> pdu_0x1bc8ea0 -> pdu_0x1bc9b38 -> pdu_0x1bca7d0 -> pdu_0x1bcb468 -> pdu_0x1bcc100 -> pdu_0x1bccd98 -> pdu_0x1bcda30 -> pdu_0x1bce6c8 -> pdu_0x1bcf360 -> pdu_0x1bcfff8 -> pdu_0x1bd0c90 -> pdu_0x1bd1928 -> pdu_0x1bd25c0 -> pdu_0x1bd3258 -> pdu_0x1bd3ef0 -> pdu_0x1bd4b88 -> pdu_0x1bd5820 -> pdu_0x1bd64b8 -> pdu_0x1bd7150 -> pdu_0x1bd7de8 -> pdu_0x1bd8a80 -> pdu_0x1bd9718 -> pdu_0x1bda3b0 -> pdu_0x1bdb048 -> pdu_0x1bdbce0 -> pdu_0x1bdc978 -> pdu_0x1bdd610 -> pdu_0x1bde2a8 -> pdu_0x1bdef40 -> pdu_0x1bdfbd8 -> pdu_0x1be0870 -> pdu_0x1be1508 -> pdu_0x1be21a0 -> pdu_0x1be2e38 -> pdu_0x1be3ad0 -> pdu_0x1be4768 -> pdu_0x1be5400 -> pdu_0x1be6098 -> pdu_0x1be6d30 -> pdu_0x1be79c8 -> pdu_0x1be8660 -> pdu_0x1be92f8 -> pdu_0x1be9f90 -> pdu_0x1beac28 -> pdu_0x1beb8c0 -> pdu_0x1bec558 -> pdu_0x1bed1f0 -> pdu_0x1bede88 -> pdu_0x1beeb20 -> pdu_0x1bef7b8 -> pdu_0x1bf0450 -> pdu_0x1bf10e8 -> pdu_0x1bf1d80 -> pdu_0x1bf2a18 -> pdu_0x1bf36b0 -> pdu_0x1bf4348 -> pdu_0x1bf4fe0 -> pdu_0x1bf5c78 -> pdu_0x1bf6910 -> pdu_0x1bf75a8 -> pdu_0x1bf8240 -> pdu_0x1bf8ed8 -> pdu_0x1bf9b70 -> pdu_0x1bfa808 -> pdu_0x1bfb4a0 -> pdu_0x1bfc138 -> pdu_0x1bfcdd0 -> pdu_0x1bfda68 -> pdu_0x1bfe700 -> pdu_0x1bff398 -> pdu_0x1c00030 -> pdu_0x1c00cc8 -> pdu_0x1c01960 -> pdu_0x1c025f8 -> pdu_0x1c03290 -> pdu_0x1c03f28 -> pdu_0x1c04bc0 -> pdu_0x1c05858 -> pdu_0x1c064f0 -> pdu_0x1c07188 -> pdu_0x1c07e20 -> pdu_0x1c08ab8 -> pdu_0x1c09750 -> pdu_0x1c0a3e8 -> pdu_0x1c0b080 -> pdu_0x1c0bd18 -> pdu_0x1c0c9b0 -> pdu_0x1c0d648 -> pdu_0x1c0e2e0 -> pdu_0x1c0ef78 -> pdu_0x1c0fc10 -> pdu_0x1c108a8 -> pdu_0x1c11540 -> pdu_0x1c121d8 -> pdu_0x1c12e70 -> pdu_0x1c13b08 -> pdu_0x1c147a0 -> pdu_0x1c15438 -> pdu_0x1c160d0 -> pdu_0x1c16d68 -> pdu_0x1c17a00 -> pdu_0x1c18698 -> pdu_0x1c19330 -> pdu_0x1c19fc8 -> pdu_0x1c1ac60 -> pdu_0x1c1b8f8 -> pdu_0x1c1c590 -> pdu_0x1c1d228 -> pdu_0x1c1dec0 -> pdu_0x1c1eb58 -> pdu_0x1c1f7f0 -> pdu_0x1c20488 -> pdu_0x1c21120 -> pdu_0x1c21db8 -> pdu_0x1c22a50 -> pdu_0x1c236e8 -> pdu_0x1c24380 -> pdu_0x1c25018 -> pdu_0x1c25cb0 -> pdu_0x1c26948 -> pdu_0x1c275e0 -> pdu_0x1c28278 -> pdu_0x1c28f10 -> pdu_0x1c29ba8 -> pdu_0x1c2a840 -> pdu_0x1c2b4d8 -> pdu_0x1c2c170 -> pdu_0x1c2ce08 -> pdu_0x1c2daa0 -> pdu_0x1c2e738 -> pdu_0x1c2f3d0 -> pdu_0x1c30068 -> pdu_0x1c30d00 -> pdu_0x1c31998 -> pdu_0x1c32630 -> pdu_0x1c332c8 -> pdu_0x1c33f60 -> pdu_0x1c34bf8 -> pdu_0x1c35890 -> pdu_0x1c36528 -> pdu_0x1c371c0 -> pdu_0x1c37e58 -> pdu_0x1c38af0 -> pdu_0x1c39788 -> pdu_0x1c3a420 -> pdu_0x1c3b0b8 -> pdu_0x1c3bd50 -> pdu_0x1c3c9e8 -> pdu_0x1c3d680 -> pdu_0x1c3e318 -> pdu_0x1c3efb0 -> pdu_0x1c3fc48 -> pdu_0x1c408e0 -> pdu_0x1c41578 -> pdu_0x1c42210 -> pdu_0x1c42ea8 -> pdu_0x1c43b40 -> pdu_0x1c447d8 -> pdu_0x1c45470 -> pdu_0x1c46108 -> pdu_0x1c46da0 -> pdu_0x1c47a38 -> pdu_0x1c486d0 -> pdu_0x1c49368 -> pdu_0x1c4a000 -> pdu_0x1c4ac98 -> pdu_0x1c4b930 -> pdu_0x1c4c5c8 -> pdu_0x1c4d260 -> pdu_0x1c4def8 -> pdu_0x1c4eb90 -> pdu_0x1c4f828 -> pdu_0x1c504c0 -> pdu_0x1c51158 -> pdu_0x1c51df0 -> pdu_0x1c52a88 -> pdu_0x1c53720 -> pdu_0x1c543b8 -> pdu_0x1c55050 -> pdu_0x1c55ce8 -> pdu_0x1c56980 -> pdu_0x1c57618 -> pdu_0x1c582b0 -> pdu_0x1c58f48 -> pdu_0x1c59be0 -> pdu_0x1c5a878 -> pdu_0x1c5b510 -> pdu_0x1c5c1a8 -> pdu_0x1c5ce40 -> pdu_0x1c5dad8 -> pdu_0x1c5e770 -> pdu_0x1c5f408 -> pdu_0x1c600a0 -> pdu_0x1c60d38 -> pdu_0x1c619d0 -> pdu_0x1c62668 -> pdu_0x1c63300 -> pdu_0x1c63f98 -> pdu_0x1c64c30 [label=free_pdus];
Data structure dump 3587
----------------------
hit_0x950200 [label="tid_950b70"];
hit_0x950200  // free_pdus
-> pdu_0x11621f8  // (CONN)
[label=free_pdus];
Hit structure dump 1
======================
hit_0xbfc1b228 [label="tid_a1f2830"];
hit_0xbfc1b228  // free_pdus
-> pdu_0x115bd38  // (ACK
)
-> pdu_0x115d668  // (ACK
)
-> pdu_0x1149b90  // (ACK
)
-> pdu_0x1158ad8  // (ACK
)
-> pdu_0x1151980  // (ACK
)
[label=free_pdus];
Hit structure dump 5
======================
