FMT0 persist at /var/zxid/bus/ch/default/zvuWsewQqt-hYflrtXC9yYEWb8E 'foo bar' len=61 rcpt(0)
FMT0 persist at /var/zxid/bus/ch/default/JW8CltIg8QbpBEDWamF1SPZxDYk '' len=54 rcpt(0)
FMT0 persist at /var/zxid/bus/ch/default/bjZtT6SuxzOFHc1GLnoFdMdSbm0 'F' len=55 rcpt(0)
FMT0 persist at /var/zxid/bus/ch/default/3yaWfCFEuyz-HXA7_PY2lV-zfYg 'test(-1,10' len=69 rcpt(0)
FMT0 persist at /var/zxid/bus/ch/default/35OUqHeMdhRnPCsPBJH-BCvMKoU 'test(-1,10' len=69 rcpt(1)
FMT0 persist at /var/zxid/bus/ch/default/5IDVUvOLVmHmexymd4x9U4_fGiE 'test(-1,10' len=69 rcpt(2)
FMT0 persist at /var/zxid/bus/ch/default/2ILOd9iA9sXKvGjpSAQebLoq2qw 'test(-1,10' len=69 rcpt(3)
FMT0 persist at /var/zxid/bus/ch/default/5-UizDkcKov2nGMBR17-7VpVeQ8 'test(-1,10' len=69 rcpt(4)
FMT0 persist at /var/zxid/bus/ch/default/JP2s0dI6xNkX63n7ZkAjqUUU-RM 'test(-1,10' len=69 rcpt(5)
FMT0 persist at /var/zxid/bus/ch/default/uwFxZrtMSOtP5tVOS0qE62ExX1Y 'test(-1,10' len=69 rcpt(6)
FMT0 persist at /var/zxid/bus/ch/default/HOXHKXrNynLHrbxJ7ff7TUU_7D4 'test(-1,10' len=69 rcpt(7)
FMT0 persist at /var/zxid/bus/ch/default/Xk6XftlZus_9dohsr01EI54p0OU 'test(-1,10' len=69 rcpt(8)
FMT0 persist at /var/zxid/bus/ch/default/d8lbiMfQlvezKDfBsg9NlAqSQ-8 'test(-1,10' len=69 rcpt(9)
FMT0 persist at /var/zxid/bus/ch/default/JEnG2wwROfDNZ36Sc9PWrpIWSCk 'test(-1,10' len=70 rcpt(10)
FMT0 persist at /var/zxid/bus/ch/default/f5-vIEPUTox43OUX1nL-yg-OS3o 'test(-1,10' len=69 rcpt(11)
FMT0 persist at /var/zxid/bus/ch/default/ojkE2iuWTmkaGBMgZ9SDyFUapkc 'test(-1,10' len=69 rcpt(12)
FMT0 persist at /var/zxid/bus/ch/default/V9ZWdFF9Jzkkdi8HYyt2a2kcizw 'test(-1,10' len=69 rcpt(13)
FMT0 persist at /var/zxid/bus/ch/default/Re6LCQ0mlGRH_UFkdIjxX6u-LQw 'test(-1,10' len=69 rcpt(14)
FMT0 persist at /var/zxid/bus/ch/default/wVbDRlDK_mvYm4b968rnOQfkHHI 'test(-1,10' len=69 rcpt(15)
FMT0 persist at /var/zxid/bus/ch/default/FM4qmrnEhUOsYmWO4iymXkZbSdQ 'test(-1,10' len=69 rcpt(16)
FMT0 persist at /var/zxid/bus/ch/default/vUj8SZ2Js2gY9s43iRSugPbzY_M 'test(-1,10' len=69 rcpt(17)
FMT0 persist at /var/zxid/bus/ch/default/LFtciBs-W1RGhdIjBPJYgd2Y_Ag 'test(-1,10' len=69 rcpt(18)
FMT0 persist at /var/zxid/bus/ch/default/44YuNEl5ol5XEF8Zh5_8s6esUFU 'test(-1,10' len=69 rcpt(19)
FMT0 persist at /var/zxid/bus/ch/default/biYNQsjIZvP9Nzwnjyjuhv4lwNw 'test(-1,9,' len=69 rcpt(20)
FMT0 persist at /var/zxid/bus/ch/default/h3hZBocFbvmGiqNhz1YCT8s2hxU 'test(-1,9,' len=69 rcpt(21)
FMT0 persist at /var/zxid/bus/ch/default/5gjqBP2HG8Z1RF00jeIZFRZ5iP8 'test(-1,9,' len=69 rcpt(22)
FMT0 persist at /var/zxid/bus/ch/default/UrP8sCUgjN_SESLjVJfR6SBECwI 'test(-1,9,' len=69 rcpt(23)
FMT0 persist at /var/zxid/bus/ch/default/pM5fhVEqNf4aWOiA9gsH2KRJ_mw 'test(-1,9,' len=69 rcpt(24)
FMT0 persist at /var/zxid/bus/ch/default/rmWZsD9S-WqqPRbKdSDWNM-t9Ek 'test(-1,9,' len=69 rcpt(25)
FMT0 persist at /var/zxid/bus/ch/default/B0AY5AARAoRD6S9XHG7T1p7QWsU 'test(-1,9,' len=69 rcpt(26)
FMT0 persist at /var/zxid/bus/ch/default/IRcNzrDtvUVA7Yhte9B_1mJOvrw 'test(-1,9,' len=69 rcpt(27)
FMT0 persist at /var/zxid/bus/ch/default/BGxDDKGsUPzGm7yl51XEMy-omLQ 'test(-1,9,' len=69 rcpt(28)
FMT0 persist at /var/zxid/bus/ch/default/jizdvrPVXQnWw-R0kUc7qENVhnE 'test(-1,9,' len=69 rcpt(29)
FMT0 persist at /var/zxid/bus/ch/default/tcQ8k_GtGPAMHY3PywB7lL6xBnc 'test(-1,9,' len=69 rcpt(30)
FMT0 persist at /var/zxid/bus/ch/default/i46sMKPBfLtcHWSkFhTGc2Nc8kQ 'test(-1,9,' len=68 rcpt(31)
FMT0 persist at /var/zxid/bus/ch/default/3AvhHDlW7RkcvqVKSXhIdaUoGTk 'test(-1,9,' len=68 rcpt(32)
FMT0 persist at /var/zxid/bus/ch/default/GTMBriSVyCUZUEmVfto66XGANOY 'test(-1,9,' len=68 rcpt(33)
FMT0 persist at /var/zxid/bus/ch/default/5f2JBM5H7TbJcVBwsnqYWlBg79E 'test(-1,9,' len=68 rcpt(34)
FMT0 persist at /var/zxid/bus/ch/default/noC8r6nipKLfR-j-0MDrOUr2L5I 'test(-1,9,' len=68 rcpt(35)
FMT0 persist at /var/zxid/bus/ch/default/PJ0PYqJnQHHeAisAMh3PYZslkxE 'test(-1,9,' len=68 rcpt(36)
FMT0 persist at /var/zxid/bus/ch/default/LhdKzX6uoPPtYJQwFMBL7UIKQtk 'test(-1,9,' len=68 rcpt(37)
FMT0 persist at /var/zxid/bus/ch/default/HbNTqyQghBJBt_i6fTaQdWXt4KY 'test(-1,9,' len=68 rcpt(38)
FMT0 persist at /var/zxid/bus/ch/default/SKxkqUzpErNZwM2c7U0pMFDh0c4 'test(-1,9,' len=68 rcpt(39)
FMT0 persist at /var/zxid/bus/ch/default/xpoEGlyR1nkyvXxnCHzb0GgRsCE 'test(-1,8,' len=69 rcpt(40)
FMT0 persist at /var/zxid/bus/ch/default/Zx7ZADF9J7uUktK8G_oueVMy4yk 'test(-1,8,' len=69 rcpt(41)
FMT0 persist at /var/zxid/bus/ch/default/sygRWnccwQRr2AQ1zfsVMklfT84 'test(-1,8,' len=69 rcpt(42)
FMT0 persist at /var/zxid/bus/ch/default/5m_BqIcyk2BJNUtXHQIMYNUXIFo 'test(-1,8,' len=69 rcpt(43)
FMT0 persist at /var/zxid/bus/ch/default/xMQa1PT4u5FmEPw6EM-Wws1lZ0s 'test(-1,8,' len=69 rcpt(44)
FMT0 persist at /var/zxid/bus/ch/default/sGvPDob7wE6ipUB8SxBTFrmkbcE 'test(-1,8,' len=69 rcpt(45)
FMT0 persist at /var/zxid/bus/ch/default/b73GDEZG3wZzj46nzpa_UH-sLq4 'test(-1,8,' len=69 rcpt(46)
FMT0 persist at /var/zxid/bus/ch/default/BAeuXWqo5o9Ej8etSbq1DQ5Rv3I 'test(-1,8,' len=69 rcpt(47)
FMT0 persist at /var/zxid/bus/ch/default/hjmE7GEoQUmmohpqo_pONQxCF34 'test(-1,8,' len=69 rcpt(48)
FMT0 persist at /var/zxid/bus/ch/default/zsmlR76yE4Fc_5Ofewocfja4mC0 'test(-1,8,' len=69 rcpt(49)
FMT0 persist at /var/zxid/bus/ch/default/4jRn6jxY9H0YVQY-alhYYIS4cBw 'test(-1,8,' len=69 rcpt(50)
FMT0 persist at /var/zxid/bus/ch/default/gr2Ql0JSHTcodq5aCN2ucfTMAvA 'test(-1,8,' len=68 rcpt(51)
FMT0 persist at /var/zxid/bus/ch/default/Dzxy0ddog2lA-exFSCzWZAngWlU 'test(-1,8,' len=68 rcpt(52)
FMT0 persist at /var/zxid/bus/ch/default/_lVyJBdnThbixgJkb42dz9RrztU 'test(-1,8,' len=68 rcpt(53)
FMT0 persist at /var/zxid/bus/ch/default/cmo1BQDiCACNBslCiAZT2IALDr4 'test(-1,8,' len=68 rcpt(54)
FMT0 persist at /var/zxid/bus/ch/default/5Zo2NZ0QCoZ-S-6eogoWx5RHZpk 'test(-1,8,' len=68 rcpt(55)
FMT0 persist at /var/zxid/bus/ch/default/q94P0s15BB5p8tBEacLw716KkiA 'test(-1,8,' len=68 rcpt(56)
FMT0 persist at /var/zxid/bus/ch/default/Rfro0cQiPGPb28S6irOC673brYg 'test(-1,8,' len=68 rcpt(57)
FMT0 persist at /var/zxid/bus/ch/default/lYO4gnFogbILyL_cVlXIrceTLm4 'test(-1,8,' len=68 rcpt(58)
FMT0 persist at /var/zxid/bus/ch/default/xa-QRsnQfA6ua-ShNpVrZNeshS8 'test(-1,8,' len=68 rcpt(59)
FMT0 persist at /var/zxid/bus/ch/default/Xrai02IvSenif5Br4Rv0wfVdrt4 'test(-1,7,' len=69 rcpt(60)
FMT0 persist at /var/zxid/bus/ch/default/QybmwQtGwTTlRtF4w-TS57pHrC4 'test(-1,7,' len=69 rcpt(61)
FMT0 persist at /var/zxid/bus/ch/default/mnSnI6vuA3A9e6vGpNqbvtxbIZ8 'test(-1,7,' len=69 rcpt(62)
FMT0 persist at /var/zxid/bus/ch/default/KFZ4s5RYugEc3IEua9N_Hp2ItKU 'test(-1,7,' len=69 rcpt(63)
FMT0 persist at /var/zxid/bus/ch/default/qjo5peUNiqaWMjcnpmcYyEFRGd4 'test(-1,7,' len=69 rcpt(64)
FMT0 persist at /var/zxid/bus/ch/default/0bbqnrgthv5AtKu_jvHHPYm7590 'test(-1,7,' len=69 rcpt(65)
FMT0 persist at /var/zxid/bus/ch/default/_aKBUUZgxAl9SgDyl2Zf65wGG6c 'test(-1,7,' len=69 rcpt(66)
FMT0 persist at /var/zxid/bus/ch/default/R2fMaTmsxl4tZS1gc7Qw1y07OLU 'test(-1,7,' len=69 rcpt(67)
FMT0 persist at /var/zxid/bus/ch/default/lxvddNO8gejTqKyT0XFOli-OL2k 'test(-1,7,' len=69 rcpt(68)
FMT0 persist at /var/zxid/bus/ch/default/UPJIRTBI5b3IwFJCnGwzhSAU6IQ 'test(-1,7,' len=69 rcpt(69)
FMT0 persist at /var/zxid/bus/ch/default/mdRUqS9rLqvWsnU81ntSNFjwI_U 'test(-1,7,' len=69 rcpt(70)
FMT0 persist at /var/zxid/bus/ch/default/ZnIp0VWMCP0CJCs7GX9zlScNTBc 'test(-1,7,' len=68 rcpt(71)
FMT0 persist at /var/zxid/bus/ch/default/X4dMKJbhbgh1PtkPnI4AbkzzASw 'test(-1,7,' len=68 rcpt(72)
FMT0 persist at /var/zxid/bus/ch/default/BIgPNyPRYli3Qr00FokPKkeMppE 'test(-1,7,' len=68 rcpt(73)
FMT0 persist at /var/zxid/bus/ch/default/A72Y2GXCU-9HiColGacDQNnx5_8 'test(-1,7,' len=68 rcpt(74)
FMT0 persist at /var/zxid/bus/ch/default/6WQ2WpEs_2hyFX_gEZmjACP71yo 'test(-1,7,' len=68 rcpt(75)
FMT0 persist at /var/zxid/bus/ch/default/lAZgZXVL5hyZDVZqfbl5D0fzJZ8 'test(-1,7,' len=68 rcpt(76)
FMT0 persist at /var/zxid/bus/ch/default/9YzHqcq1sfNyX-X2edrFYnDmPyU 'test(-1,7,' len=68 rcpt(77)
FMT0 persist at /var/zxid/bus/ch/default/eCbQv63zhXmNdap_uyeyjWyj4NI 'test(-1,7,' len=68 rcpt(78)
FMT0 persist at /var/zxid/bus/ch/default/FNIl6PkbdCKgVxxYuTLSTtcpF5o 'test(-1,7,' len=68 rcpt(79)
FMT0 persist at /var/zxid/bus/ch/default/zFz96-EeVViEflesk-062FlJ8QI 'test(-1,6,' len=69 rcpt(80)
FMT0 persist at /var/zxid/bus/ch/default/L_94L33TUBQvlIXrYOUsr1snmRQ 'test(-1,6,' len=69 rcpt(81)
FMT0 persist at /var/zxid/bus/ch/default/KCd0IP0ciufPZSRirnCwZmDIT_s 'test(-1,6,' len=69 rcpt(82)
FMT0 persist at /var/zxid/bus/ch/default/2onfwo1c0_7pj2lnjO6ewz8wZOk 'test(-1,6,' len=69 rcpt(83)
FMT0 persist at /var/zxid/bus/ch/default/T4L06ew8DrPUQ3CJret-RiSX27E 'test(-1,6,' len=69 rcpt(84)
FMT0 persist at /var/zxid/bus/ch/default/xDsutRnnIKGE1CrryQpBQYgH4oM 'test(-1,6,' len=69 rcpt(85)
FMT0 persist at /var/zxid/bus/ch/default/LgMXt2uB51eevW9auOQ88kQgLBE 'test(-1,6,' len=69 rcpt(86)
FMT0 persist at /var/zxid/bus/ch/default/v6u1dhsBKL2DWpa6NMPS0wBgQX4 'test(-1,6,' len=69 rcpt(87)
FMT0 persist at /var/zxid/bus/ch/default/vmtVbSJWik1U47nXOobDhU7wTWw 'test(-1,6,' len=69 rcpt(88)
FMT0 persist at /var/zxid/bus/ch/default/ZBAQVh9FcYp-t6McIpUTuUTwJ-U 'test(-1,6,' len=69 rcpt(89)
FMT0 persist at /var/zxid/bus/ch/default/ZnbFy7OOeb1i-hZZxFOYkRZLp-A 'test(-1,6,' len=69 rcpt(90)
FMT0 persist at /var/zxid/bus/ch/default/as2YvT-clvCgw6VRIpgQqDgVqQQ 'test(-1,6,' len=68 rcpt(91)
FMT0 persist at /var/zxid/bus/ch/default/CW4WwI1aeMmO5TEAJBR4sRtuKsk 'test(-1,6,' len=68 rcpt(92)
FMT0 persist at /var/zxid/bus/ch/default/JIIEkXyRwx56USf_4BnSuwmKlq8 'test(-1,6,' len=68 rcpt(93)
FMT0 persist at /var/zxid/bus/ch/default/KbrXYSmoAefYSlwEpFDhfQsnAAI 'test(-1,6,' len=68 rcpt(94)
FMT0 persist at /var/zxid/bus/ch/default/z7aqiIO6jgRDEO5OoG2DCe6i2T4 'test(-1,6,' len=68 rcpt(95)
FMT0 persist at /var/zxid/bus/ch/default/yUor9OPr4yf3jz1O033siWjAe5Y 'test(-1,6,' len=68 rcpt(96)
FMT0 persist at /var/zxid/bus/ch/default/qDiOmcWTD8eZTXE2V1wW0eSLtZo 'test(-1,6,' len=68 rcpt(97)
FMT0 persist at /var/zxid/bus/ch/default/7Lp_dNKGd2X5rvTLIle5nYejfno 'test(-1,6,' len=68 rcpt(98)
FMT0 persist at /var/zxid/bus/ch/default/_h1K3bAjOElDanDaT-yAE9hszQ4 'test(-1,6,' len=68 rcpt(99)
FMT0 persist at /var/zxid/bus/ch/default/LZT1EP94F3I1NzGqs282TmNtlNo 'test(-1,5,' len=70 rcpt(100)
FMT0 persist at /var/zxid/bus/ch/default/cSQlYF0fm-8kZWfOFuXxjQhy94E 'test(-1,5,' len=70 rcpt(101)
FMT0 persist at /var/zxid/bus/ch/default/meonGQF1u0WY13PWMNF4qPHfCTI 'test(-1,5,' len=70 rcpt(102)
FMT0 persist at /var/zxid/bus/ch/default/FTdGIcbA3LAG92MOx_Y7nr2AqsA 'test(-1,5,' len=70 rcpt(103)
FMT0 persist at /var/zxid/bus/ch/default/DIkWvqvezNzkYiwZPr5_rmTgTDQ 'test(-1,5,' len=70 rcpt(104)
FMT0 persist at /var/zxid/bus/ch/default/Fg9AesBS7ivwYhnGRe4aZw9Viuc 'test(-1,5,' len=70 rcpt(105)
FMT0 persist at /var/zxid/bus/ch/default/bNtzrYqJ7kOWVZgena59dlEpJec 'test(-1,5,' len=70 rcpt(106)
FMT0 persist at /var/zxid/bus/ch/default/Eb2IKFgFW-gJJegOM2jCv1-xE0E 'test(-1,5,' len=70 rcpt(107)
FMT0 persist at /var/zxid/bus/ch/default/8cg3W2phukvptJE64BdZfdp52js 'test(-1,5,' len=70 rcpt(108)
FMT0 persist at /var/zxid/bus/ch/default/V6HDTfum143issWLtf_Gyyl-uRQ 'test(-1,5,' len=70 rcpt(109)
FMT0 persist at /var/zxid/bus/ch/default/pzIrdf0SbaD5rch1M7GSLBXphTE 'test(-1,5,' len=70 rcpt(110)
FMT0 persist at /var/zxid/bus/ch/default/TOKjnCzX5Lb95AU2cV93MLDLQHc 'test(-1,5,' len=69 rcpt(111)
FMT0 persist at /var/zxid/bus/ch/default/NgrG590cMHwcgmp4w-N0f0k3NCA 'test(-1,5,' len=69 rcpt(112)
FMT0 persist at /var/zxid/bus/ch/default/BpCue7sH096euy0lv0Vx6hVOag8 'test(-1,5,' len=69 rcpt(113)
FMT0 persist at /var/zxid/bus/ch/default/wwlYzZrv-UUw7RdjclZao8OcElQ 'test(-1,5,' len=69 rcpt(114)
FMT0 persist at /var/zxid/bus/ch/default/ja8NTCvOcy8XJeFu1PTPYRRmyvM 'test(-1,5,' len=69 rcpt(115)
FMT0 persist at /var/zxid/bus/ch/default/gvYB68K9UvdZbFf_1CvYcM_0FM8 'test(-1,5,' len=69 rcpt(116)
FMT0 persist at /var/zxid/bus/ch/default/0BRxlK2XOL7INWxuqtlDRvf-MxU 'test(-1,5,' len=69 rcpt(117)
FMT0 persist at /var/zxid/bus/ch/default/Wdz9pmEJgLJ3qeVzjSkF3vnSGkU 'test(-1,5,' len=69 rcpt(118)
FMT0 persist at /var/zxid/bus/ch/default/dk4rTd0d9tV4O8VjZylIcFPkrTA 'test(-1,5,' len=69 rcpt(119)
FMT0 persist at /var/zxid/bus/ch/default/W4jwsMZtvg_KHi-5UaLsd7CCokM 'test(-1,4,' len=70 rcpt(120)
FMT0 persist at /var/zxid/bus/ch/default/4jsA2lmzBzsnfcUfy1WEkIP1Xds 'test(-1,4,' len=70 rcpt(121)
FMT0 persist at /var/zxid/bus/ch/default/dfhu_C-cIOPVYg2iKuDNDn6J_yc 'test(-1,4,' len=70 rcpt(122)
FMT0 persist at /var/zxid/bus/ch/default/00BT2_Ui9mySoOX4HfhQ7A791FQ 'test(-1,4,' len=70 rcpt(123)
FMT0 persist at /var/zxid/bus/ch/default/nYS1dwS7lRG0B2RcNysJu7R9Q-Y 'test(-1,4,' len=70 rcpt(124)
FMT0 persist at /var/zxid/bus/ch/default/2hpVFDB2N_MPpDq8IbGER9zPu2w 'test(-1,4,' len=70 rcpt(125)
FMT0 persist at /var/zxid/bus/ch/default/LlNSq2WQi0fhnI49VzqscChqZVE 'test(-1,4,' len=70 rcpt(126)
FMT0 persist at /var/zxid/bus/ch/default/05s9jpPPgH0LiSh9w-ANhBcG-nE 'test(-1,4,' len=70 rcpt(127)
FMT0 persist at /var/zxid/bus/ch/default/K3bx9IXC2oquSq9VlbSuYUmisjg 'test(-1,4,' len=70 rcpt(128)
FMT0 persist at /var/zxid/bus/ch/default/Y9X0Oy_HcQrgwp_nBU5uwF_c3Bk 'test(-1,4,' len=70 rcpt(129)
FMT0 persist at /var/zxid/bus/ch/default/CkHmm6L0Mq6HtlSaqdn6H3KgKfM 'test(-1,4,' len=70 rcpt(130)
FMT0 persist at /var/zxid/bus/ch/default/ypRElrPQCfkTXw2ycoKxS7M2cQI 'test(-1,4,' len=69 rcpt(131)
FMT0 persist at /var/zxid/bus/ch/default/ZChCd0S-jDPdsFb7OR1MVgXs-C8 'test(-1,4,' len=69 rcpt(132)
FMT0 persist at /var/zxid/bus/ch/default/m-zNStWwgl0hhQbjBO4D6mzupo4 'test(-1,4,' len=69 rcpt(133)
FMT0 persist at /var/zxid/bus/ch/default/TOdjKcaamSiB0VWhgnYiRYbuZpY 'test(-1,4,' len=69 rcpt(134)
FMT0 persist at /var/zxid/bus/ch/default/hTR5iwb2Cgxbhi_DuvCJrKCWzRw 'test(-1,4,' len=69 rcpt(135)
FMT0 persist at /var/zxid/bus/ch/default/ZjFUVxV5CgKaOB-BccuQb2NnzTs 'test(-1,4,' len=69 rcpt(136)
FMT0 persist at /var/zxid/bus/ch/default/IRdq7XcDuNkJgNaTKClWEwvrEYU 'test(-1,4,' len=69 rcpt(137)
FMT0 persist at /var/zxid/bus/ch/default/Mn4bloiCsyIeB_WkArjqfhUOF3U 'test(-1,4,' len=69 rcpt(138)
FMT0 persist at /var/zxid/bus/ch/default/29UZMYJ99BAV2GMYdcBR1H1bbq0 'test(-1,4,' len=69 rcpt(139)
FMT0 persist at /var/zxid/bus/ch/default/UscZJTTrin-zp6C2V1EKAF8LDDE 'test(-1,3,' len=70 rcpt(140)
FMT0 persist at /var/zxid/bus/ch/default/z4RwGDKCu7bW4DgX_5tCj5ujfl8 'test(-1,3,' len=70 rcpt(141)
FMT0 persist at /var/zxid/bus/ch/default/0YVwjtB4MJA0PgehcIetmfLm5FU 'test(-1,3,' len=70 rcpt(142)
FMT0 persist at /var/zxid/bus/ch/default/TuIok8dpIoNEAKT3NK7HoQKy8Kg 'test(-1,3,' len=70 rcpt(143)
FMT0 persist at /var/zxid/bus/ch/default/W1YVGDnVjrNuQHd6PigcP2VNGiY 'test(-1,3,' len=70 rcpt(144)
FMT0 persist at /var/zxid/bus/ch/default/0BQJWxTmBGsiobu3zkJthgxd4wc 'test(-1,3,' len=70 rcpt(145)
FMT0 persist at /var/zxid/bus/ch/default/JaQSZrLGBP6cGmuJ6jM84ll0CU0 'test(-1,3,' len=70 rcpt(146)
FMT0 persist at /var/zxid/bus/ch/default/Z_XTFjsBsMLJXzVFdfdiQVkNY5I 'test(-1,3,' len=70 rcpt(147)
FMT0 persist at /var/zxid/bus/ch/default/hX-XXtfwOQnVRhlcZlAHMPlflIg 'test(-1,3,' len=70 rcpt(148)
FMT0 persist at /var/zxid/bus/ch/default/foz3BSwKX_AT-Q1XA1GyAR0tp9Y 'test(-1,3,' len=70 rcpt(149)
FMT0 persist at /var/zxid/bus/ch/default/SX5XfEEhrNjSCXgCfuCSi-rTO0o 'test(-1,3,' len=70 rcpt(150)
FMT0 persist at /var/zxid/bus/ch/default/ivDpH6Z_HHQiAATEgQRnMao_vTM 'test(-1,3,' len=69 rcpt(151)
FMT0 persist at /var/zxid/bus/ch/default/8dNhtKMPKQvX2DONhuAXFKjc97I 'test(-1,3,' len=69 rcpt(152)
FMT0 persist at /var/zxid/bus/ch/default/cAkKE-eDkcF6m2PWemz3Gw1OuH4 'test(-1,3,' len=69 rcpt(153)
FMT0 persist at /var/zxid/bus/ch/default/EbfQNnlK3X3RzHXyKby3NJrtiM0 'test(-1,3,' len=69 rcpt(154)
FMT0 persist at /var/zxid/bus/ch/default/N190LEzSPIux9aBO_irUmYKFQQo 'test(-1,3,' len=69 rcpt(155)
FMT0 persist at /var/zxid/bus/ch/default/S62rHOsQOAYlglszGN3A5cXsawo 'test(-1,3,' len=69 rcpt(156)
FMT0 persist at /var/zxid/bus/ch/default/J_Veqb3jIiDbWVBWbyB3LWvX3pQ 'test(-1,3,' len=69 rcpt(157)
FMT0 persist at /var/zxid/bus/ch/default/n1gsTaQYo1QlAN0mHMvsNAN0r6s 'test(-1,3,' len=69 rcpt(158)
FMT0 persist at /var/zxid/bus/ch/default/2aPxi95SpiyL_heNGwpNFr8IepQ 'test(-1,3,' len=69 rcpt(159)
FMT0 persist at /var/zxid/bus/ch/default/IehJYGmI1JUiTdxeoSf5AUIpS1g 'test(-1,2,' len=70 rcpt(160)
FMT0 persist at /var/zxid/bus/ch/default/GXzJSX-aw2S5J3SILIV7oFY12Xw 'test(-1,2,' len=70 rcpt(161)
FMT0 persist at /var/zxid/bus/ch/default/OVITqqRDqsEgWLZWMtqh_b-A5H0 'test(-1,2,' len=70 rcpt(162)
FMT0 persist at /var/zxid/bus/ch/default/zmX4tm_h9f2Gs6j-nvAq79shCec 'test(-1,2,' len=70 rcpt(163)
FMT0 persist at /var/zxid/bus/ch/default/M4ZJtVs3OBLo97CH8Xcw6Y_CLLw 'test(-1,2,' len=70 rcpt(164)
FMT0 persist at /var/zxid/bus/ch/default/FNTx1LzxYaVxAclHQlCH7X-XvBg 'test(-1,2,' len=70 rcpt(165)
FMT0 persist at /var/zxid/bus/ch/default/LNIiGVuBPlRuAnk4UZN9Nvjzi4I 'test(-1,2,' len=70 rcpt(166)
FMT0 persist at /var/zxid/bus/ch/default/eVrAjlWfNeJ4TJE8vKPKn2bWEl8 'test(-1,2,' len=70 rcpt(167)
FMT0 persist at /var/zxid/bus/ch/default/UiwTfv7jGrH8vME3s5H35PVGFVc 'test(-1,2,' len=70 rcpt(168)
FMT0 persist at /var/zxid/bus/ch/default/9z41Y0nA6sQc4paSHpzS6mlKxi4 'test(-1,2,' len=70 rcpt(169)
FMT0 persist at /var/zxid/bus/ch/default/CJoEkOA5pKW_haDaVzfDM5JKfWw 'test(-1,2,' len=70 rcpt(170)
FMT0 persist at /var/zxid/bus/ch/default/qWz7fHkE3YnqQTEJcy4AIA5sKaY 'test(-1,2,' len=69 rcpt(171)
FMT0 persist at /var/zxid/bus/ch/default/olnYjB4PxChY-pglI3gtzbq-vJo 'test(-1,2,' len=69 rcpt(172)
FMT0 persist at /var/zxid/bus/ch/default/fLAkyZYPWt6KOQoeomP-vKGPVN0 'test(-1,2,' len=69 rcpt(173)
FMT0 persist at /var/zxid/bus/ch/default/ohDSEgSk6ryf5PHMmfQHJKq-PFI 'test(-1,2,' len=69 rcpt(174)
FMT0 persist at /var/zxid/bus/ch/default/fPJFRyMvU6g8K7Hw3TvkR2OtocM 'test(-1,2,' len=69 rcpt(175)
FMT0 persist at /var/zxid/bus/ch/default/GGfLl6j_InTy5ytbDVs2ujcDlZw 'test(-1,2,' len=69 rcpt(176)
FMT0 persist at /var/zxid/bus/ch/default/7YxW2VaB5DpDkAz5trwp3Ax3wZI 'test(-1,2,' len=69 rcpt(177)
FMT0 persist at /var/zxid/bus/ch/default/BR9Ph-SeirIURiHt-qVU_ZteJlY 'test(-1,2,' len=69 rcpt(178)
FMT0 persist at /var/zxid/bus/ch/default/CAabkvyFRx0BKllrR-vcVGY54Ms 'test(-1,2,' len=69 rcpt(179)
FMT0 persist at /var/zxid/bus/ch/default/5JZfNr46_6qI7vhecLqw_ILHG_0 'test(-1,1,' len=70 rcpt(180)
FMT0 persist at /var/zxid/bus/ch/default/SGwxQ_FdT3A6ik5tNKbC5mvnzgM 'test(-1,1,' len=70 rcpt(181)
FMT0 persist at /var/zxid/bus/ch/default/Ia_CFrw1-zoHcg7S5QxyCQx-SU4 'test(-1,1,' len=70 rcpt(182)
FMT0 persist at /var/zxid/bus/ch/default/0ZbZgCo4g0vu5h28Ek9gw7Ytdjs 'test(-1,1,' len=70 rcpt(183)
FMT0 persist at /var/zxid/bus/ch/default/w-eykZu45fM_XvjDBOYUSF2FZM4 'test(-1,1,' len=70 rcpt(184)
FMT0 persist at /var/zxid/bus/ch/default/JyX63XJwQM7UYJSP5I4pIR0VmZk 'test(-1,1,' len=70 rcpt(185)
FMT0 persist at /var/zxid/bus/ch/default/NSJPenF9FjogbKEJw6ca26PS_YQ 'test(-1,1,' len=70 rcpt(186)
FMT0 persist at /var/zxid/bus/ch/default/wDLZVz5CSdJSrcKVQyrWNFdeBoM 'test(-1,1,' len=70 rcpt(187)
FMT0 persist at /var/zxid/bus/ch/default/81PyqnAeb_IbFBYE1OmhR657z8Y 'test(-1,1,' len=70 rcpt(188)
FMT0 persist at /var/zxid/bus/ch/default/5aMsniqYhZ3BaaGpzAx4KIsoMf0 'test(-1,1,' len=70 rcpt(189)
FMT0 persist at /var/zxid/bus/ch/default/DWbJHkKz6WiSupYaA3tL1rHHVrI 'test(-1,1,' len=70 rcpt(190)
FMT0 persist at /var/zxid/bus/ch/default/_QstI9txTGoLfzRpuSJMjECdseo 'test(-1,1,' len=69 rcpt(191)
FMT0 persist at /var/zxid/bus/ch/default/lkDhTw_AmwroUMna8wJmuPpPRco 'test(-1,1,' len=69 rcpt(192)
FMT0 persist at /var/zxid/bus/ch/default/eSJEWgmOM7T_qutlQzr2gNBviEc 'test(-1,1,' len=69 rcpt(193)
FMT0 persist at /var/zxid/bus/ch/default/zkm-zt2jLxp1Qm27FLBXXk1q5J8 'test(-1,1,' len=69 rcpt(194)
FMT0 persist at /var/zxid/bus/ch/default/60La3iNyMut5ik_JXt13n5LBDV0 'test(-1,1,' len=69 rcpt(195)
FMT0 persist at /var/zxid/bus/ch/default/Mimck2fMjz8BkutqZvW_8NPAm70 'test(-1,1,' len=69 rcpt(196)
FMT0 persist at /var/zxid/bus/ch/default/-mGfiZRtzEvudDjZueFqgkmWPDs 'test(-1,1,' len=69 rcpt(197)
FMT0 persist at /var/zxid/bus/ch/default/TK4nD0AlE09MVKvIziTJsooAlxQ 'test(-1,1,' len=69 rcpt(198)
FMT0 persist at /var/zxid/bus/ch/default/Vh27nmUo7GROgR2smUSy5U4yWnw 'test(-1,1,' len=69 rcpt(199)
FMT0 persist at /var/zxid/bus/ch/default/bjZtT6SuxzOFHc1GLnoFdMdSbm0 'F' len=55 rcpt(0)
shf_0x9695d28  // max_ios=1000
-> io_0xb6844418
  io_0xb6844418 -> pdu_0xb6887268 [label=cur_pdu]; // fd=0x4
  io_0xb6844418 -> null [label=reqs];
  io_0xb6844418 -> null [label=pending];
  io_0xb6844418 -> null [label=to_write_produce];
  io_0xb6844418 -> null [label=to_write_consume];  // n_to_write=0
  io_0xb6844418 -> null [label=in_write];
-> io_0xb6844620
  io_0xb6844620 -> pdu_0xb6cd9d38 [label=cur_pdu]; // fd=0x6
  io_0xb6844620 -> null [label=reqs];
  io_0xb6844620  // pending
    -> pdu_0xb6c49c90  // (MESS)
    pdu_0xb6c49c90 -> null [label=reals];
    pdu_0xb6c49c90 -> null [label=synths];
    pdu_0xb6c49c90 -> null [label=subresps];
  io_0xb6844620 -> null [label=to_write_produce];
  io_0xb6844620 -> null [label=to_write_consume];  // n_to_write=0
  io_0xb6844620 -> null [label=in_write];
-> io_0xb6844724
  io_0xb6844724 -> pdu_0xb6c81ab8 [label=cur_pdu]; // fd=0x7
  io_0xb6844724  // reqs
    -> pdu_0xb6cd8408  // (ZXCT)
    pdu_0xb6cd8408 -> null [label=reals];
    pdu_0xb6cd8408 -> null [label=synths];
    pdu_0xb6cd8408 -> null [label=subresps];
[label=reqs];
  io_0xb6844724 -> null [label=pending];
[label=pending];
  io_0xb6844724 -> null [label=to_write_produce];
  io_0xb6844724 -> null [label=to_write_consume];  // n_to_write=0
  io_0xb6844724 -> null [label=in_write];
-> io_0xb6844828
  io_0xb6844828 -> pdu_0xb6c898a8 [label=cur_pdu]; // fd=0x8
  io_0xb6844828 -> null [label=reqs];
  io_0xb6844828  // pending
    -> pdu_0xb6cdb668  // (MESS)
    pdu_0xb6cdb668 -> null [label=reals];
    pdu_0xb6cdb668 -> null [label=synths];
    pdu_0xb6cdb668 -> null [label=subresps];
  io_0xb6844828 -> null [label=to_write_produce];
  io_0xb6844828 -> null [label=to_write_consume];  // n_to_write=0
  io_0xb6844828 -> null [label=in_write];
[label=ios];
shf_0x9695d28 -> null [label=todo_consume];
shf_0x9695d28   // free_pdus (color=4)
-> pdu_0xb6cddc30 -> pdu_0xb6cde8c8 -> pdu_0xb6cdf560 -> pdu_0xb6ce01f8 -> pdu_0xb6ce0e90 -> pdu_0xb6ce1b28 -> pdu_0xb6ce27c0 -> pdu_0xb6ce3458 -> pdu_0xb6ce40f0 -> pdu_0xb6ce4d88 -> pdu_0xb6ce5a20 -> pdu_0xb6ce66b8 -> pdu_0xb6ce7350 -> pdu_0xb6ce7fe8 -> pdu_0xb6ce8c80 -> pdu_0xb6ce9918 -> pdu_0xb6cea5b0 -> pdu_0xb6ceb248 -> pdu_0xb6cebee0 -> pdu_0xb6cecb78 -> pdu_0xb6ced810 -> pdu_0xb6cee4a8 -> pdu_0xb6cef140 -> pdu_0xb6cefdd8 -> pdu_0xb6cf0a70 -> pdu_0xb6cf1708 -> pdu_0xb6cf23a0 -> pdu_0xb6cf3038 -> pdu_0xb6cf3cd0 -> pdu_0xb6cf4968 -> pdu_0xb6cf5600 -> pdu_0xb6cf6298 -> pdu_0xb6cf6f30 -> pdu_0xb6cf7bc8 -> pdu_0xb6cf8860 -> pdu_0xb6cf94f8 -> pdu_0xb6cfa190 -> pdu_0xb6cfae28 -> pdu_0xb6cfbac0 -> pdu_0xb6cfc758 -> pdu_0xb6cfd3f0 -> pdu_0xb6cfe088 -> pdu_0xb6cfed20 -> pdu_0xb6cff9b8 -> pdu_0xb6d00650 -> pdu_0xb6d012e8 -> pdu_0xb6d01f80 -> pdu_0xb6d02c18 -> pdu_0xb6d038b0 -> pdu_0xb6d04548 -> pdu_0xb6d051e0 -> pdu_0xb6d05e78 -> pdu_0xb6d06b10 -> pdu_0xb6d077a8 -> pdu_0xb6d08440 -> pdu_0xb6d090d8 -> pdu_0xb6d09d70 -> pdu_0xb6d0aa08 -> pdu_0xb6d0b6a0 -> pdu_0xb6d0c338 -> pdu_0xb6d0cfd0 -> pdu_0xb6d0dc68 -> pdu_0xb6d0e900 -> pdu_0xb6d0f598 -> pdu_0xb6d10230 -> pdu_0xb6d10ec8 -> pdu_0xb6d11b60 -> pdu_0xb6d127f8 -> pdu_0xb6d13490 -> pdu_0xb6d14128 -> pdu_0xb6d14dc0 -> pdu_0xb6d15a58 -> pdu_0xb6d166f0 -> pdu_0xb6d17388 -> pdu_0xb6d18020 -> pdu_0xb6d18cb8 -> pdu_0xb6d19950 -> pdu_0xb6d1a5e8 -> pdu_0xb6d1b280 -> pdu_0xb6d1bf18 -> pdu_0xb6d1cbb0 -> pdu_0xb6d1d848 -> pdu_0xb6d1e4e0 -> pdu_0xb6d1f178 -> pdu_0xb6d1fe10 -> pdu_0xb6d20aa8 -> pdu_0xb6d21740 -> pdu_0xb6d223d8 -> pdu_0xb6d23070 -> pdu_0xb6d23d08 -> pdu_0xb6d249a0 -> pdu_0xb6d25638 -> pdu_0xb6d262d0 -> pdu_0xb6d26f68 -> pdu_0xb6d27c00 -> pdu_0xb6d28898 -> pdu_0xb6d29530 -> pdu_0xb6d2a1c8 -> pdu_0xb6d2ae60 -> pdu_0xb6d2baf8 -> pdu_0xb6d2c790 -> pdu_0xb6d2d428 -> pdu_0xb6d2e0c0 -> pdu_0xb6d2ed58 -> pdu_0xb6d2f9f0 -> pdu_0xb6d30688 -> pdu_0xb6d31320 -> pdu_0xb6d31fb8 -> pdu_0xb6d32c50 -> pdu_0xb6d338e8 -> pdu_0xb6d34580 -> pdu_0xb6d35218 -> pdu_0xb6d35eb0 -> pdu_0xb6d36b48 -> pdu_0xb6d377e0 -> pdu_0xb6d38478 -> pdu_0xb6d39110 -> pdu_0xb6d39da8 -> pdu_0xb6d3aa40 -> pdu_0xb6d3b6d8 -> pdu_0xb6d3c370 -> pdu_0xb6d3d008 -> pdu_0xb6d3dca0 -> pdu_0xb6d3e938 -> pdu_0xb6d3f5d0 -> pdu_0xb6d40268 -> pdu_0xb6d40f00 -> pdu_0xb6d41b98 -> pdu_0xb6d42830 -> pdu_0xb6d434c8 -> pdu_0xb6d44160 -> pdu_0xb6d44df8 -> pdu_0xb6d45a90 -> pdu_0xb6d46728 -> pdu_0xb6d473c0 -> pdu_0xb6d48058 -> pdu_0xb6d48cf0 -> pdu_0xb6d49988 -> pdu_0xb6d4a620 -> pdu_0xb6d4b2b8 -> pdu_0xb6d4bf50 -> pdu_0xb6d4cbe8 -> pdu_0xb6d4d880 -> pdu_0xb6d4e518 -> pdu_0xb6d4f1b0 -> pdu_0xb6d4fe48 -> pdu_0xb6d50ae0 -> pdu_0xb6d51778 -> pdu_0xb6d52410 -> pdu_0xb6d530a8 -> pdu_0xb6d53d40 -> pdu_0xb6d549d8 -> pdu_0xb6d55670 -> pdu_0xb6d56308 -> pdu_0xb6d56fa0 -> pdu_0xb6d57c38 -> pdu_0xb6d588d0 -> pdu_0xb6d59568 -> pdu_0xb6d5a200 -> pdu_0xb6d5ae98 -> pdu_0xb6d5bb30 -> pdu_0xb6d5c7c8 -> pdu_0xb6d5d460 -> pdu_0xb6d5e0f8 -> pdu_0xb6d5ed90 -> pdu_0xb6d5fa28 -> pdu_0xb6d606c0 -> pdu_0xb6d61358 -> pdu_0xb6d61ff0 -> pdu_0xb6d62c88 -> pdu_0xb6d63920 -> pdu_0xb6d645b8 -> pdu_0xb6d65250 -> pdu_0xb6d65ee8 -> pdu_0xb6d66b80 -> pdu_0xb6d67818 -> pdu_0xb6d684b0 -> pdu_0xb6d69148 -> pdu_0xb6d69de0 -> pdu_0xb6d6aa78 -> pdu_0xb6d6b710 -> pdu_0xb6d6c3a8 -> pdu_0xb6d6d040 -> pdu_0xb6d6dcd8 -> pdu_0xb6d6e970 -> pdu_0xb6d6f608 -> pdu_0xb6d702a0 -> pdu_0xb6d70f38 -> pdu_0xb6d71bd0 -> pdu_0xb6d72868 -> pdu_0xb6d73500 -> pdu_0xb6d74198 -> pdu_0xb6d74e30 -> pdu_0xb6d75ac8 -> pdu_0xb6d76760 -> pdu_0xb6d773f8 -> pdu_0xb6d78090 -> pdu_0xb6d78d28 -> pdu_0xb6d799c0 -> pdu_0xb6d7a658 -> pdu_0xb6d7b2f0 -> pdu_0xb6d7bf88 -> pdu_0xb6d7cc20 -> pdu_0xb6d7d8b8 -> pdu_0xb6d7e550 -> pdu_0xb6d7f1e8 -> pdu_0xb6d7fe80 -> pdu_0xb6d80b18 -> pdu_0xb6d817b0 -> pdu_0xb6d82448 -> pdu_0xb6d830e0 -> pdu_0xb6d83d78 -> pdu_0xb6d84a10 -> pdu_0xb6d856a8 -> pdu_0xb6d86340 -> pdu_0xb6d86fd8 -> pdu_0xb6d87c70 -> pdu_0xb6d88908 -> pdu_0xb6d895a0 -> pdu_0xb6d8a238 -> pdu_0xb6d8aed0 -> pdu_0xb6d8bb68 -> pdu_0xb6d8c800 -> pdu_0xb6d8d498 -> pdu_0xb6d8e130 -> pdu_0xb6d8edc8 -> pdu_0xb6d8fa60 -> pdu_0xb6d906f8 -> pdu_0xb6d91390 -> pdu_0xb6d92028 -> pdu_0xb6d92cc0 -> pdu_0xb6d93958 -> pdu_0xb6d945f0 -> pdu_0xb6d95288 -> pdu_0xb6d95f20 -> pdu_0xb6d96bb8 -> pdu_0xb6d97850 -> pdu_0xb6d984e8 -> pdu_0xb6d99180 -> pdu_0xb6d99e18 -> pdu_0xb6d9aab0 -> pdu_0xb6d9b748 -> pdu_0xb6d9c3e0 -> pdu_0xb6d9d078 -> pdu_0xb6d9dd10 -> pdu_0xb6d9e9a8 -> pdu_0xb6d9f640 -> pdu_0xb6da02d8 -> pdu_0xb6da0f70 -> pdu_0xb6da1c08 -> pdu_0xb6da28a0 -> pdu_0xb6da3538 -> pdu_0xb6da41d0 -> pdu_0xb6da4e68 -> pdu_0xb6da5b00 -> pdu_0xb6da6798 -> pdu_0xb6da7430 -> pdu_0xb6da80c8 -> pdu_0xb6da8d60 -> pdu_0xb6da99f8 -> pdu_0xb6daa690 -> pdu_0xb6dab328 -> pdu_0xb6dabfc0 -> pdu_0xb6dacc58 -> pdu_0xb6dad8f0 -> pdu_0xb6dae588 -> pdu_0xb6daf220 -> pdu_0xb6dafeb8 -> pdu_0xb6db0b50 -> pdu_0xb6db17e8 -> pdu_0xb6db2480 -> pdu_0xb6db3118 -> pdu_0xb6db3db0 -> pdu_0xb6db4a48 -> pdu_0xb6db56e0 -> pdu_0xb6db6378 -> pdu_0xb6db7010 -> pdu_0xb6db7ca8 -> pdu_0xb6db8940 -> pdu_0xb6db95d8 -> pdu_0xb6dba270 -> pdu_0xb6dbaf08 -> pdu_0xb6dbbba0 -> pdu_0xb6dbc838 -> pdu_0xb6dbd4d0 -> pdu_0xb6dbe168 -> pdu_0xb6dbee00 -> pdu_0xb6dbfa98 -> pdu_0xb6dc0730 -> pdu_0xb6dc13c8 -> pdu_0xb6dc2060 -> pdu_0xb6dc2cf8 -> pdu_0xb6dc3990 -> pdu_0xb6dc4628 -> pdu_0xb6dc52c0 -> pdu_0xb6dc5f58 -> pdu_0xb6dc6bf0 -> pdu_0xb6dc7888 -> pdu_0xb6dc8520 -> pdu_0xb6dc91b8 -> pdu_0xb6dc9e50 -> pdu_0xb6dcaae8 -> pdu_0xb6dcb780 -> pdu_0xb6dcc418 -> pdu_0xb6dcd0b0 -> pdu_0xb6dcdd48 -> pdu_0xb6dce9e0 -> pdu_0xb6dcf678 -> pdu_0xb6dd0310 -> pdu_0xb6dd0fa8 -> pdu_0xb6dd1c40 -> pdu_0xb6dd28d8 -> pdu_0xb6dd3570 -> pdu_0xb6dd4208 -> pdu_0xb6dd4ea0 -> pdu_0xb6dd5b38 -> pdu_0xb6dd67d0 -> pdu_0xb6dd7468 -> pdu_0xb6dd8100 -> pdu_0xb6dd8d98 -> pdu_0xb6dd9a30 -> pdu_0xb6dda6c8 -> pdu_0xb6ddb360 -> pdu_0xb6ddbff8 -> pdu_0xb6ddcc90 -> pdu_0xb6ddd928 -> pdu_0xb6dde5c0 -> pdu_0xb6ddf258 -> pdu_0xb6ddfef0 -> pdu_0xb6de0b88 -> pdu_0xb6de1820 -> pdu_0xb6de24b8 -> pdu_0xb6de3150 -> pdu_0xb6de3de8 -> pdu_0xb6de4a80 -> pdu_0xb6de5718 -> pdu_0xb6de63b0 -> pdu_0xb6de7048 -> pdu_0xb6de7ce0 -> pdu_0xb6de8978 -> pdu_0xb6de9610 -> pdu_0xb6dea2a8 -> pdu_0xb6deaf40 -> pdu_0xb6debbd8 -> pdu_0xb6dec870 -> pdu_0xb6ded508 -> pdu_0xb6dee1a0 -> pdu_0xb6deee38 -> pdu_0xb6defad0 -> pdu_0xb6df0768 -> pdu_0xb6df1400 -> pdu_0xb6df2098 -> pdu_0xb6df2d30 -> pdu_0xb6df39c8 -> pdu_0xb6df4660 -> pdu_0xb6df52f8 -> pdu_0xb6df5f90 -> pdu_0xb6df6c28 -> pdu_0xb6df78c0 -> pdu_0xb6df8558 -> pdu_0xb6df91f0 -> pdu_0xb6df9e88 -> pdu_0xb6dfab20 -> pdu_0xb6dfb7b8 -> pdu_0xb6dfc450 -> pdu_0xb6dfd0e8 -> pdu_0xb6dfdd80 -> pdu_0xb6dfea18 -> pdu_0xb6dff6b0 -> pdu_0xb6e00348 -> pdu_0xb6e00fe0 -> pdu_0xb6e01c78 -> pdu_0xb6e02910 -> pdu_0xb6e035a8 -> pdu_0xb6e04240 -> pdu_0xb6e04ed8 -> pdu_0xb6e05b70 -> pdu_0xb6e06808 -> pdu_0xb6e074a0 -> pdu_0xb6e08138 -> pdu_0xb6e08dd0 -> pdu_0xb6e09a68 -> pdu_0xb6e0a700 -> pdu_0xb6e0b398 -> pdu_0xb6e0c030 -> pdu_0xb6e0ccc8 -> pdu_0xb6e0d960 -> pdu_0xb6e0e5f8 -> pdu_0xb6e0f290 -> pdu_0xb6e0ff28 -> pdu_0xb6e10bc0 -> pdu_0xb6e11858 -> pdu_0xb6e124f0 -> pdu_0xb6e13188 -> pdu_0xb6e13e20 -> pdu_0xb6e14ab8 -> pdu_0xb6e15750 -> pdu_0xb6e163e8 -> pdu_0xb6e17080 -> pdu_0xb6e17d18 -> pdu_0xb6e189b0 -> pdu_0xb6e19648 -> pdu_0xb6e1a2e0 -> pdu_0xb6e1af78 -> pdu_0xb6e1bc10 -> pdu_0xb6e1c8a8 -> pdu_0xb6e1d540 -> pdu_0xb6e1e1d8 -> pdu_0xb6e1ee70 -> pdu_0xb6e1fb08 -> pdu_0xb6e207a0 -> pdu_0xb6e21438 -> pdu_0xb6e220d0 -> pdu_0xb6e22d68 -> pdu_0xb6e23a00 -> pdu_0xb6e24698 -> pdu_0xb6e25330 -> pdu_0xb6e25fc8 -> pdu_0xb6e26c60 -> pdu_0xb6e278f8 -> pdu_0xb6e28590 -> pdu_0xb6e29228 -> pdu_0xb6e29ec0 -> pdu_0xb6e2ab58 -> pdu_0xb6e2b7f0 -> pdu_0xb6e2c488 -> pdu_0xb6e2d120 -> pdu_0xb6e2ddb8 -> pdu_0xb6e2ea50 -> pdu_0xb6e2f6e8 -> pdu_0xb6e30380 -> pdu_0xb6e31018 -> pdu_0xb6e31cb0 -> pdu_0xb6e32948 -> pdu_0xb6e335e0 -> pdu_0xb6e34278 -> pdu_0xb6e34f10 -> pdu_0xb6e35ba8 -> pdu_0xb6e36840 -> pdu_0xb6e374d8 -> pdu_0xb6e38170 -> pdu_0xb6e38e08 -> pdu_0xb6e39aa0 -> pdu_0xb6e3a738 -> pdu_0xb6e3b3d0 -> pdu_0xb6e3c068 -> pdu_0xb6e3cd00 -> pdu_0xb6e3d998 -> pdu_0xb6e3e630 -> pdu_0xb6e3f2c8 -> pdu_0xb6e3ff60 -> pdu_0xb6e40bf8 -> pdu_0xb6e41890 -> pdu_0xb6e42528 -> pdu_0xb6e431c0 -> pdu_0xb6e43e58 -> pdu_0xb6e44af0 -> pdu_0xb6e45788 -> pdu_0xb6e46420 -> pdu_0xb6e470b8 -> pdu_0xb6e47d50 -> pdu_0xb6e489e8 -> pdu_0xb6e49680 -> pdu_0xb6e4a318 -> pdu_0xb6e4afb0 -> pdu_0xb6e4bc48 -> pdu_0xb6e4c8e0 -> pdu_0xb6e4d578 -> pdu_0xb6e4e210 -> pdu_0xb6e4eea8 -> pdu_0xb6e4fb40 -> pdu_0xb6e507d8 -> pdu_0xb6e51470 -> pdu_0xb6e52108 -> pdu_0xb6e52da0 -> pdu_0xb6e53a38 -> pdu_0xb6e546d0 -> pdu_0xb6e55368 -> pdu_0xb6e56000 -> pdu_0xb6e56c98 -> pdu_0xb6e57930 -> pdu_0xb6e585c8 -> pdu_0xb6e59260 -> pdu_0xb6e59ef8 -> pdu_0xb6e5ab90 -> pdu_0xb6e5b828 -> pdu_0xb6e5c4c0 -> pdu_0xb6e5d158 -> pdu_0xb6e5ddf0 -> pdu_0xb6e5ea88 -> pdu_0xb6e5f720 -> pdu_0xb6e603b8 -> pdu_0xb6e61050 -> pdu_0xb6e61ce8 -> pdu_0xb6e62980 -> pdu_0xb6e63618 -> pdu_0xb6e642b0 -> pdu_0xb6e64f48 -> pdu_0xb6e65be0 -> pdu_0xb6e66878 -> pdu_0xb6e67510 -> pdu_0xb6e681a8 -> pdu_0xb6e68e40 -> pdu_0xb6e69ad8 -> pdu_0xb6e6a770 -> pdu_0xb6e6b408 -> pdu_0xb6e6c0a0 -> pdu_0xb6e6cd38 -> pdu_0xb6e6d9d0 -> pdu_0xb6e6e668 -> pdu_0xb6e6f300 -> pdu_0xb6e6ff98 -> pdu_0xb6e70c30 -> pdu_0xb6e718c8 -> pdu_0xb6e72560 -> pdu_0xb6e731f8 -> pdu_0xb6e73e90 -> pdu_0xb6e74b28 -> pdu_0xb6e757c0 -> pdu_0xb6e76458 -> pdu_0xb6e770f0 -> pdu_0xb6e77d88 -> pdu_0xb6e78a20 -> pdu_0xb6e796b8 -> pdu_0xb6e7a350 -> pdu_0xb6e7afe8 -> pdu_0xb6e7bc80 -> pdu_0xb6e7c918 -> pdu_0xb6e7d5b0 -> pdu_0xb6e7e248 -> pdu_0xb6e7eee0 -> pdu_0xb6e7fb78 -> pdu_0xb6e80810 -> pdu_0xb6e814a8 -> pdu_0xb6e82140 -> pdu_0xb6e82dd8 -> pdu_0xb6e83a70 -> pdu_0xb6e84708 -> pdu_0xb6e853a0 -> pdu_0xb6e86038 -> pdu_0xb6e86cd0 -> pdu_0xb6e87968 -> pdu_0xb6e88600 -> pdu_0xb6e89298 -> pdu_0xb6e89f30 -> pdu_0xb6e8abc8 -> pdu_0xb6e8b860 -> pdu_0xb6e8c4f8 -> pdu_0xb6e8d190 -> pdu_0xb6e8de28 -> pdu_0xb6e8eac0 -> pdu_0xb6e8f758 -> pdu_0xb6e903f0 -> pdu_0xb6e91088 -> pdu_0xb6e91d20 -> pdu_0xb6e929b8 -> pdu_0xb6e93650 -> pdu_0xb6e942e8 -> pdu_0xb6e94f80 -> pdu_0xb6e95c18 -> pdu_0xb6e968b0 -> pdu_0xb6e97548 -> pdu_0xb6e981e0 -> pdu_0xb6e98e78 -> pdu_0xb6e99b10 -> pdu_0xb6e9a7a8 -> pdu_0xb6e9b440 -> pdu_0xb6e9c0d8 -> pdu_0xb6e9cd70 -> pdu_0xb6e9da08 -> pdu_0xb6e9e6a0 -> pdu_0xb6e9f338 -> pdu_0xb6e9ffd0 -> pdu_0xb6ea0c68 -> pdu_0xb6ea1900 -> pdu_0xb6ea2598 -> pdu_0xb6ea3230 -> pdu_0xb6ea3ec8 -> pdu_0xb6ea4b60 -> pdu_0xb6ea57f8 -> pdu_0xb6ea6490 -> pdu_0xb6ea7128 -> pdu_0xb6ea7dc0 -> pdu_0xb6ea8a58 -> pdu_0xb6ea96f0 -> pdu_0xb6eaa388 -> pdu_0xb6eab020 -> pdu_0xb6eabcb8 -> pdu_0xb6eac950 -> pdu_0xb6ead5e8 -> pdu_0xb6eae280 -> pdu_0xb6eaef18 -> pdu_0xb6eafbb0 -> pdu_0xb6eb0848 -> pdu_0xb6eb14e0 -> pdu_0xb6eb2178 -> pdu_0xb6eb2e10 -> pdu_0xb6eb3aa8 -> pdu_0xb6eb4740 -> pdu_0xb6eb53d8 -> pdu_0xb6eb6070 -> pdu_0xb6eb6d08 -> pdu_0xb6eb79a0 -> pdu_0xb6eb8638 -> pdu_0xb6eb92d0 -> pdu_0xb6eb9f68 -> pdu_0xb6ebac00 -> pdu_0xb6ebb898 -> pdu_0xb6ebc530 -> pdu_0xb6ebd1c8 -> pdu_0xb6ebde60 -> pdu_0xb6ebeaf8 -> pdu_0xb6ebf790 -> pdu_0xb6ec0428 -> pdu_0xb6ec10c0 -> pdu_0xb6ec1d58 -> pdu_0xb6ec29f0 -> pdu_0xb6ec3688 -> pdu_0xb6ec4320 -> pdu_0xb6ec4fb8 -> pdu_0xb6ec5c50 -> pdu_0xb6ec68e8 -> pdu_0xb6ec7580 -> pdu_0xb6ec8218 -> pdu_0xb6ec8eb0 -> pdu_0xb6ec9b48 -> pdu_0xb6eca7e0 -> pdu_0xb6ecb478 -> pdu_0xb6ecc110 -> pdu_0xb6eccda8 -> pdu_0xb6ecda40 -> pdu_0xb6ece6d8 -> pdu_0xb6ecf370 -> pdu_0xb6ed0008 -> pdu_0xb6ed0ca0 -> pdu_0xb6ed1938 -> pdu_0xb6ed25d0 -> pdu_0xb6ed3268 -> pdu_0xb6ed3f00 -> pdu_0xb6ed4b98 -> pdu_0xb6ed5830 -> pdu_0xb6ed64c8 -> pdu_0xb6ed7160 -> pdu_0xb6ed7df8 -> pdu_0xb6ed8a90 -> pdu_0xb6ed9728 -> pdu_0xb6eda3c0 -> pdu_0xb6edb058 -> pdu_0xb6edbcf0 -> pdu_0xb6edc988 -> pdu_0xb6edd620 -> pdu_0xb6ede2b8 -> pdu_0xb6edef50 -> pdu_0xb6edfbe8 -> pdu_0xb6ee0880 -> pdu_0xb6ee1518 -> pdu_0xb6ee21b0 -> pdu_0xb6ee2e48 -> pdu_0xb6ee3ae0 -> pdu_0xb6ee4778 -> pdu_0xb6ee5410 -> pdu_0xb6ee60a8 -> pdu_0xb6ee6d40 -> pdu_0xb6ee79d8 -> pdu_0xb6ee8670 -> pdu_0xb6ee9308 -> pdu_0xb6ee9fa0 -> pdu_0xb6eeac38 -> pdu_0xb6eeb8d0 -> pdu_0xb6eec568 -> pdu_0xb6eed200 -> pdu_0xb6eede98 -> pdu_0xb6eeeb30 -> pdu_0xb6eef7c8 -> pdu_0xb6ef0460 -> pdu_0xb6ef10f8 -> pdu_0xb6ef1d90 -> pdu_0xb6ef2a28 -> pdu_0xb6ef36c0 -> pdu_0xb6ef4358 -> pdu_0xb6ef4ff0 -> pdu_0xb6ef5c88 -> pdu_0xb6ef6920 -> pdu_0xb6ef75b8 -> pdu_0xb6ef8250 -> pdu_0xb6ef8ee8 -> pdu_0xb6ef9b80 -> pdu_0xb6efa818 -> pdu_0xb6efb4b0 -> pdu_0xb6efc148 -> pdu_0xb6efcde0 -> pdu_0xb6efda78 -> pdu_0xb6efe710 -> pdu_0xb6eff3a8 -> pdu_0xb6f00040 -> pdu_0xb6f00cd8 -> pdu_0xb6f01970 -> pdu_0xb6f02608 -> pdu_0xb6f032a0 -> pdu_0xb6f03f38 -> pdu_0xb6f04bd0 -> pdu_0xb6f05868 -> pdu_0xb6f06500 -> pdu_0xb6f07198 -> pdu_0xb6f07e30 -> pdu_0xb6f08ac8 -> pdu_0xb6f09760 -> pdu_0xb6f0a3f8 -> pdu_0xb6f0b090 -> pdu_0xb6f0bd28 -> pdu_0xb6f0c9c0 -> pdu_0xb6f0d658 -> pdu_0xb6f0e2f0 -> pdu_0xb6f0ef88 -> pdu_0xb6f0fc20 -> pdu_0xb6f108b8 -> pdu_0xb6f11550 -> pdu_0xb6f121e8 -> pdu_0xb6f12e80 -> pdu_0xb6f13b18 -> pdu_0xb6f147b0 -> pdu_0xb6f15448 -> pdu_0xb6f160e0 -> pdu_0xb6f16d78 -> pdu_0xb6f17a10 -> pdu_0xb6f186a8 -> pdu_0xb6f19340 -> pdu_0xb6f19fd8 -> pdu_0xb6f1ac70 -> pdu_0xb6f1b908 -> pdu_0xb6f1c5a0 -> pdu_0xb6f1d238 -> pdu_0xb6f1ded0 -> pdu_0xb6f1eb68 -> pdu_0xb6f1f800 -> pdu_0xb6f20498 -> pdu_0xb6f21130 -> pdu_0xb6f21dc8 -> pdu_0xb6f22a60 -> pdu_0xb6f236f8 -> pdu_0xb6f24390 -> pdu_0xb6f25028 -> pdu_0xb6f25cc0 -> pdu_0xb6f26958 -> pdu_0xb6f275f0 -> pdu_0xb6f28288 -> pdu_0xb6f28f20 -> pdu_0xb6f29bb8 -> pdu_0xb6f2a850 -> pdu_0xb6f2b4e8 -> pdu_0xb6f2c180 -> pdu_0xb6f2ce18 -> pdu_0xb6f2dab0 -> pdu_0xb6f2e748 -> pdu_0xb6f2f3e0 -> pdu_0xb6f30078 -> pdu_0xb6f30d10 -> pdu_0xb6f319a8 -> pdu_0xb6f32640 -> pdu_0xb6f332d8 -> pdu_0xb6f33f70 -> pdu_0xb6f34c08 -> pdu_0xb6f358a0 -> pdu_0xb6f36538 -> pdu_0xb6f371d0 -> pdu_0xb6f37e68 -> pdu_0xb6f38b00 -> pdu_0xb6f39798 -> pdu_0xb6f3a430 -> pdu_0xb6f3b0c8 -> pdu_0xb6f3bd60 -> pdu_0xb6f3c9f8 -> pdu_0xb6f3d690 -> pdu_0xb6f3e328 -> pdu_0xb6f3efc0 -> pdu_0xb6f3fc58 -> pdu_0xb6f408f0 -> pdu_0xb6f41588 -> pdu_0xb6f42220 -> pdu_0xb6f42eb8 -> pdu_0xb6f43b50 -> pdu_0xb6f447e8 -> pdu_0xb6f45480 -> pdu_0xb6f46118 -> pdu_0xb6f46db0 -> pdu_0xb6f47a48 -> pdu_0xb6f486e0 -> pdu_0xb6f49378 -> pdu_0xb6f4a010 -> pdu_0xb6f4aca8 -> pdu_0xb6f4b940 -> pdu_0xb6f4c5d8 -> pdu_0xb6f4d270 -> pdu_0xb6f4df08 -> pdu_0xb6f4eba0 -> pdu_0xb6f4f838 -> pdu_0xb6f504d0 -> pdu_0xb6f51168 -> pdu_0xb6f51e00 -> pdu_0xb6f52a98 -> pdu_0xb6f53730 -> pdu_0xb6f543c8 -> pdu_0xb6f55060 -> pdu_0xb6f55cf8 -> pdu_0xb6f56990 -> pdu_0xb6f57628 -> pdu_0xb6f582c0 -> pdu_0xb6f58f58 -> pdu_0xb6f59bf0 -> pdu_0xb6f5a888 -> pdu_0xb6f5b520 -> pdu_0xb6f5c1b8 -> pdu_0xb6f5ce50 -> pdu_0xb6f5dae8 -> pdu_0xb6f5e780 -> pdu_0xb6f5f418 -> pdu_0xb6f600b0 -> pdu_0xb6f60d48 -> pdu_0xb6f619e0 -> pdu_0xb6f62678 -> pdu_0xb6f63310 -> pdu_0xb6f63fa8 -> pdu_0xb6f64c40 -> pdu_0xb6f658d8 -> pdu_0xb6f66570 -> pdu_0xb6f67208 -> pdu_0xb6f67ea0 -> pdu_0xb6f68b38 -> pdu_0xb6f697d0 -> pdu_0xb6f6a468 -> pdu_0xb6f6b100 -> pdu_0xb6f6bd98 -> pdu_0xb6f6ca30 -> pdu_0xb6f6d6c8 -> pdu_0xb6f6e360 -> pdu_0xb6f6eff8 -> pdu_0xb6f6fc90 -> pdu_0xb6f70928 -> pdu_0xb6f715c0 -> pdu_0xb6f72258 -> pdu_0xb6f72ef0 -> pdu_0xb6f73b88 -> pdu_0xb6f74820 -> pdu_0xb6f754b8 -> pdu_0xb6f76150 -> pdu_0xb6f76de8 -> pdu_0xb6f77a80 -> pdu_0xb6f78718 -> pdu_0xb6f793b0 -> pdu_0xb6f7a048 -> pdu_0xb6f7ace0 -> pdu_0xb6f7b978 -> pdu_0xb6f7c610 -> pdu_0xb6f7d2a8 -> pdu_0xb6f7df40 -> pdu_0xb6f7ebd8 -> pdu_0xb6f7f870 -> pdu_0xb6f80508 -> pdu_0xb6f811a0 -> pdu_0xb6f81e38 -> pdu_0xb6f82ad0 -> pdu_0xb6f83768 -> pdu_0xb6f84400 -> pdu_0xb6f85098 -> pdu_0xb6f85d30 -> pdu_0xb6f869c8 -> pdu_0xb6f87660 -> pdu_0xb6f882f8 -> pdu_0xb6f88f90 -> pdu_0xb6f89c28 -> pdu_0xb6f8a8c0 -> pdu_0xb6f8b558 -> pdu_0xb6f8c1f0 -> pdu_0xb6f8ce88 -> pdu_0xb6f8db20 -> pdu_0xb6f8e7b8 -> pdu_0xb6f8f450 -> pdu_0xb6f900e8 -> pdu_0xb6f90d80 -> pdu_0xb6f91a18 -> pdu_0xb6f926b0 -> pdu_0xb6f93348 -> pdu_0xb6f93fe0 -> pdu_0xb6f94c78 -> pdu_0xb6f95910 -> pdu_0xb6f965a8 -> pdu_0xb6f97240 -> pdu_0xb6f97ed8 -> pdu_0xb6f98b70 -> pdu_0xb6f99808 -> pdu_0xb6f9a4a0 -> pdu_0xb6f9b138 -> pdu_0xb6f9bdd0 -> pdu_0xb6f9ca68 -> pdu_0xb6f9d700 -> pdu_0xb6f9e398 -> pdu_0xb6f9f030 -> pdu_0xb6f9fcc8 -> pdu_0xb6fa0960 -> pdu_0xb6fa15f8 -> pdu_0xb6fa2290 -> pdu_0xb6fa2f28 -> pdu_0xb6fa3bc0 -> pdu_0xb6fa4858 -> pdu_0xb6fa54f0 -> pdu_0xb6fa6188 -> pdu_0xb6fa6e20 -> pdu_0xb6fa7ab8 -> pdu_0xb6fa8750 -> pdu_0xb6fa93e8 -> pdu_0xb6faa080 -> pdu_0xb6faad18 -> pdu_0xb6fab9b0 -> pdu_0xb6fac648 -> pdu_0xb6fad2e0 -> pdu_0xb6fadf78 -> pdu_0xb6faec10 -> pdu_0xb6faf8a8 -> pdu_0xb6fb0540 -> pdu_0xb6fb11d8 -> pdu_0xb6fb1e70 -> pdu_0xb6fb2b08 -> pdu_0xb6fb37a0 -> pdu_0xb6fb4438 -> pdu_0xb6fb50d0 -> pdu_0xb6fb5d68 -> pdu_0xb6fb6a00 -> pdu_0xb6fb7698 -> pdu_0xb6fb8330 -> pdu_0xb6fb8fc8 -> pdu_0xb6fb9c60 -> pdu_0xb6fba8f8 -> pdu_0xb6fbb590 -> pdu_0xb6fbc228 -> pdu_0xb6fbcec0 -> pdu_0xb6fbdb58 -> pdu_0xb6fbe7f0 -> pdu_0xb6fbf488 -> pdu_0xb6fc0120 -> pdu_0xb6fc0db8 -> pdu_0xb6fc1a50 -> pdu_0xb6fc26e8 -> pdu_0xb6fc3380 -> pdu_0xb6fc4018 -> pdu_0xb6fc4cb0 -> pdu_0xb6fc5948 -> pdu_0xb6fc65e0 -> pdu_0xb6fc7278 -> pdu_0xb6fc7f10 -> pdu_0xb6fc8ba8 -> pdu_0xb6fc9840 -> pdu_0xb6fca4d8 -> pdu_0xb6fcb170 -> pdu_0xb6fcbe08 -> pdu_0xb6fccaa0 -> pdu_0xb6fcd738 -> pdu_0xb6fce3d0 -> pdu_0xb6fcf068 -> pdu_0xb6fcfd00 -> pdu_0xb6fd0998 -> pdu_0xb6fd1630 -> pdu_0xb6fd22c8 -> pdu_0xb6fd2f60 -> pdu_0xb6fd3bf8 -> pdu_0xb6fd4890 -> pdu_0xb6fd5528 -> pdu_0xb6fd61c0 -> pdu_0xb6fd6e58 -> pdu_0xb6fd7af0 -> pdu_0xb6fd8788 -> pdu_0xb6fd9420 -> pdu_0xb6fda0b8 -> pdu_0xb6fdad50 -> pdu_0xb6fdb9e8 -> pdu_0xb6fdc680 -> pdu_0xb6fdd318 -> pdu_0xb6fddfb0 -> pdu_0xb6fdec48 -> pdu_0xb6fdf8e0 -> pdu_0xb6fe0578 -> pdu_0xb6fe1210 -> pdu_0xb6fe1ea8 -> pdu_0xb6fe2b40 -> pdu_0xb6fe37d8 -> pdu_0xb6fe4470 -> pdu_0xb6fe5108 -> pdu_0xb6fe5da0 -> pdu_0xb6fe6a38 -> pdu_0xb6fe76d0 -> pdu_0xb6fe8368 -> pdu_0xb6fe9000 -> pdu_0xb6fe9c98 -> pdu_0xb6fea930 -> pdu_0xb6feb5c8 -> pdu_0xb6fec260 -> pdu_0xb6fecef8 -> pdu_0xb6fedb90 -> pdu_0xb6fee828 -> pdu_0xb6fef4c0 -> pdu_0xb6ff0158 -> pdu_0xb6ff0df0 -> pdu_0xb6ff1a88 -> pdu_0xb6ff2720 -> pdu_0xb6ff33b8 -> pdu_0xb6ff4050 -> pdu_0xb6ff4ce8 -> pdu_0xb6ff5980 -> pdu_0xb6ff6618 -> pdu_0xb6ff72b0 -> pdu_0xb6ff7f48 -> pdu_0xb6ff8be0 -> pdu_0xb6ff9878 -> pdu_0xb6ffa510 -> pdu_0xb6ffb1a8 -> pdu_0xb6ffbe40 -> pdu_0xb6ffcad8 -> pdu_0xb6ffd770 -> pdu_0xb6ffe408 -> pdu_0xb6fff0a0 -> pdu_0xb6fffd38 -> pdu_0xb70009d0 -> pdu_0xb7001668 -> pdu_0xb7002300 -> pdu_0xb7002f98 -> pdu_0xb7003c30 -> pdu_0xb70048c8 -> pdu_0xb7005560 -> pdu_0xb70061f8 -> pdu_0xb7006e90 -> pdu_0xb7007b28 -> pdu_0xb70087c0 -> pdu_0xb7009458 -> pdu_0xb700a0f0 -> pdu_0xb700ad88 -> pdu_0xb700ba20 -> pdu_0xb700c6b8 -> pdu_0xb700d350 -> pdu_0xb700dfe8 -> pdu_0xb700ec80 -> pdu_0xb700f918 -> pdu_0xb70105b0 -> pdu_0xb7011248 -> pdu_0xb7011ee0 -> pdu_0xb7012b78 -> pdu_0xb7013810 -> pdu_0xb70144a8 -> pdu_0xb7015140 -> pdu_0xb7015dd8 -> pdu_0xb7016a70 -> pdu_0xb7017708 -> pdu_0xb70183a0 -> pdu_0xb7019038 -> pdu_0xb7019cd0 -> pdu_0xb701a968 -> pdu_0xb701b600 -> pdu_0xb701c298 -> pdu_0xb701cf30 -> pdu_0xb701dbc8 -> pdu_0xb701e860 -> pdu_0xb701f4f8 -> pdu_0xb7020190 -> pdu_0xb7020e28 -> pdu_0xb7021ac0 -> pdu_0xb7022758 -> pdu_0xb70233f0 -> pdu_0xb7024088 -> pdu_0xb7024d20 -> pdu_0xb70259b8 -> pdu_0xb7026650 -> pdu_0xb70272e8 -> pdu_0xb7027f80 -> pdu_0xb7028c18 -> pdu_0xb70298b0 -> pdu_0xb702a548 -> pdu_0xb702b1e0 -> pdu_0xb702be78 -> pdu_0xb702cb10 -> pdu_0xb702d7a8 -> pdu_0xb702e440 -> pdu_0xb702f0d8 -> pdu_0xb702fd70 -> pdu_0xb7030a08 -> pdu_0xb70316a0 -> pdu_0xb7032338 -> pdu_0xb7032fd0 -> pdu_0xb7033c68 -> pdu_0xb7034900 -> pdu_0xb7035598 -> pdu_0xb7036230 -> pdu_0xb7036ec8 -> pdu_0xb7037b60 -> pdu_0xb70387f8 -> pdu_0xb7039490 -> pdu_0xb703a128 -> pdu_0xb703adc0 -> pdu_0xb703ba58 -> pdu_0xb703c6f0 -> pdu_0xb703d388 -> pdu_0xb703e020 -> pdu_0xb703ecb8 -> pdu_0xb703f950 -> pdu_0xb70405e8 -> pdu_0xb7041280 -> pdu_0xb7041f18 -> pdu_0xb7042bb0 -> pdu_0xb7043848 -> pdu_0xb70444e0 -> pdu_0xb7045178 -> pdu_0xb7045e10 -> pdu_0xb7046aa8 -> pdu_0xb7047740 -> pdu_0xb70483d8 -> pdu_0xb7049070 -> pdu_0xb7049d08 -> pdu_0xb704a9a0 -> pdu_0xb704b638 -> pdu_0xb704c2d0 -> pdu_0xb704cf68 -> pdu_0xb704dc00 -> pdu_0xb704e898 -> pdu_0xb704f530 -> pdu_0xb70501c8 -> pdu_0xb7050e60 -> pdu_0xb7051af8 -> pdu_0xb7052790 -> pdu_0xb7053428 -> pdu_0xb70540c0 -> pdu_0xb7054d58 -> pdu_0xb70559f0 -> pdu_0xb7056688 -> pdu_0xb7057320 -> pdu_0xb7057fb8 -> pdu_0xb7058c50 -> pdu_0xb70598e8 -> pdu_0xb705a580 -> pdu_0xb705b218 -> pdu_0xb705beb0 -> pdu_0xb705cb48 -> pdu_0xb705d7e0 -> pdu_0xb705e478 -> pdu_0xb705f110 -> pdu_0xb705fda8 -> pdu_0xb7060a40 -> pdu_0xb70616d8 -> pdu_0xb7062370 -> pdu_0xb7063008 -> pdu_0xb7063ca0 -> pdu_0xb7064938 -> pdu_0xb70655d0 -> pdu_0xb7066268 -> pdu_0xb7066f00 -> pdu_0xb7067b98 -> pdu_0xb7068830 -> pdu_0xb70694c8 -> pdu_0xb706a160 -> pdu_0xb706adf8 -> pdu_0xb706ba90 -> pdu_0xb706c728 -> pdu_0xb706d3c0 -> pdu_0xb706e058 -> pdu_0xb706ecf0 -> pdu_0xb706f988 -> pdu_0xb7070620 -> pdu_0xb70712b8 -> pdu_0xb7071f50 -> pdu_0xb7072be8 -> pdu_0xb7073880 -> pdu_0xb7074518 -> pdu_0xb70751b0 -> pdu_0xb7075e48 -> pdu_0xb7076ae0 -> pdu_0xb7077778 -> pdu_0xb7078410 -> pdu_0xb70790a8 -> pdu_0xb7079d40 -> pdu_0xb707a9d8 -> pdu_0xb707b670 -> pdu_0xb707c308 -> pdu_0xb707cfa0 -> pdu_0xb707dc38 -> pdu_0xb707e8d0 -> pdu_0xb707f568 -> pdu_0xb7080200 -> pdu_0xb7080e98 -> pdu_0xb7081b30 -> pdu_0xb70827c8 -> pdu_0xb7083460 -> pdu_0xb70840f8 -> pdu_0xb7084d90 -> pdu_0xb7085a28 -> pdu_0xb70866c0 -> pdu_0xb7087358 -> pdu_0xb7087ff0 -> pdu_0xb7088c88 -> pdu_0xb7089920 -> pdu_0xb708a5b8 -> pdu_0xb708b250 -> pdu_0xb708bee8 -> pdu_0xb708cb80 -> pdu_0xb708d818 -> pdu_0xb708e4b0 -> pdu_0xb708f148 -> pdu_0xb708fde0 -> pdu_0xb7090a78 -> pdu_0xb7091710 -> pdu_0xb70923a8 -> pdu_0xb7093040 -> pdu_0xb7093cd8 -> pdu_0xb7094970 -> pdu_0xb7095608 -> pdu_0xb70962a0 -> pdu_0xb7096f38 -> pdu_0xb7097bd0 -> pdu_0xb7098868 -> pdu_0xb7099500 -> pdu_0xb709a198 -> pdu_0xb709ae30 -> pdu_0xb709bac8 -> pdu_0xb709c760 -> pdu_0xb709d3f8 -> pdu_0xb709e090 -> pdu_0xb709ed28 -> pdu_0xb709f9c0 -> pdu_0xb70a0658 -> pdu_0xb70a12f0 -> pdu_0xb70a1f88 -> pdu_0xb70a2c20 -> pdu_0xb70a38b8 -> pdu_0xb70a4550 -> pdu_0xb70a51e8 -> pdu_0xb70a5e80 -> pdu_0xb70a6b18 -> pdu_0xb70a77b0 -> pdu_0xb70a8448 -> pdu_0xb70a90e0 -> pdu_0xb70a9d78 -> pdu_0xb70aaa10 -> pdu_0xb70ab6a8 -> pdu_0xb70ac340 -> pdu_0xb70acfd8 -> pdu_0xb70adc70 -> pdu_0xb70ae908 -> pdu_0xb70af5a0 -> pdu_0xb70b0238 -> pdu_0xb70b0ed0 -> pdu_0xb70b1b68 -> pdu_0xb70b2800 -> pdu_0xb70b3498 -> pdu_0xb70b4130 -> pdu_0xb70b4dc8 -> pdu_0xb70b5a60 -> pdu_0xb70b66f8 -> pdu_0xb70b7390 -> pdu_0xb70b8028 -> pdu_0xb70b8cc0 -> pdu_0xb70b9958 -> pdu_0xb70ba5f0 -> pdu_0xb70bb288 -> pdu_0xb70bbf20 -> pdu_0xb70bcbb8 -> pdu_0xb70bd850 -> pdu_0xb70be4e8 -> pdu_0xb70bf180 -> pdu_0xb70bfe18 -> pdu_0xb70c0ab0 -> pdu_0xb70c1748 -> pdu_0xb70c23e0 -> pdu_0xb70c3078 -> pdu_0xb70c3d10 -> pdu_0xb70c49a8 -> pdu_0xb70c5640 -> pdu_0xb70c62d8 -> pdu_0xb70c6f70 -> pdu_0xb70c7c08 -> pdu_0xb70c88a0 -> pdu_0xb70c9538 -> pdu_0xb70ca1d0 -> pdu_0xb70cae68 -> pdu_0xb70cbb00 -> pdu_0xb70cc798 -> pdu_0xb70cd430 -> pdu_0xb70ce0c8 -> pdu_0xb70ced60 -> pdu_0xb70cf9f8 -> pdu_0xb70d0690 -> pdu_0xb70d1328 -> pdu_0xb70d1fc0 -> pdu_0xb70d2c58 -> pdu_0xb70d38f0 -> pdu_0xb70d4588 -> pdu_0xb70d5220 -> pdu_0xb70d5eb8 -> pdu_0xb70d6b50 -> pdu_0xb70d77e8 -> pdu_0xb70d8480 -> pdu_0xb70d9118 -> pdu_0xb70d9db0 -> pdu_0xb70daa48 -> pdu_0xb70db6e0 -> pdu_0xb70dc378 -> pdu_0xb70dd010 -> pdu_0xb70ddca8 -> pdu_0xb70de940 -> pdu_0xb70df5d8 -> pdu_0xb70e0270 -> pdu_0xb70e0f08 -> pdu_0xb70e1ba0 -> pdu_0xb70e2838 -> pdu_0xb70e34d0 -> pdu_0xb70e4168 -> pdu_0xb70e4e00 -> pdu_0xb70e5a98 -> pdu_0xb70e6730 -> pdu_0xb70e73c8 -> pdu_0xb70e8060 -> pdu_0xb70e8cf8 -> pdu_0xb70e9990 -> pdu_0xb70ea628 -> pdu_0xb70eb2c0 -> pdu_0xb70ebf58 -> pdu_0xb70ecbf0 -> pdu_0xb70ed888 -> pdu_0xb70ee520 -> pdu_0xb70ef1b8 -> pdu_0xb70efe50 -> pdu_0xb70f0ae8 -> pdu_0xb70f1780 -> pdu_0xb70f2418 -> pdu_0xb70f30b0 -> pdu_0xb70f3d48 -> pdu_0xb70f49e0 -> pdu_0xb70f5678 -> pdu_0xb70f6310 -> pdu_0xb70f6fa8 -> pdu_0xb70f7c40 -> pdu_0xb70f88d8 -> pdu_0xb70f9570 -> pdu_0xb70fa208 -> pdu_0xb70faea0 -> pdu_0xb70fbb38 -> pdu_0xb70fc7d0 -> pdu_0xb70fd468 -> pdu_0xb70fe100 -> pdu_0xb70fed98 -> pdu_0xb70ffa30 -> pdu_0xb71006c8 -> pdu_0xb7101360 -> pdu_0xb7101ff8 -> pdu_0xb7102c90 -> pdu_0xb7103928 -> pdu_0xb71045c0 -> pdu_0xb7105258 -> pdu_0xb7105ef0 -> pdu_0xb7106b88 -> pdu_0xb7107820 -> pdu_0xb71084b8 -> pdu_0xb7109150 -> pdu_0xb7109de8 -> pdu_0xb710aa80 -> pdu_0xb710b718 -> pdu_0xb710c3b0 -> pdu_0xb710d048 -> pdu_0xb710dce0 -> pdu_0xb710e978 -> pdu_0xb710f610 -> pdu_0xb71102a8 -> pdu_0xb7110f40 -> pdu_0xb7111bd8 -> pdu_0xb7112870 -> pdu_0xb7113508 -> pdu_0xb71141a0 -> pdu_0xb7114e38 -> pdu_0xb7115ad0 -> pdu_0xb7116768 -> pdu_0xb7117400 -> pdu_0xb7118098 -> pdu_0xb7118d30 -> pdu_0xb71199c8 -> pdu_0xb711a660 -> pdu_0xb711b2f8 -> pdu_0xb711bf90 -> pdu_0xb711cc28 -> pdu_0xb711d8c0 -> pdu_0xb711e558 -> pdu_0xb711f1f0 -> pdu_0xb711fe88 -> pdu_0xb7120b20 -> pdu_0xb71217b8 -> pdu_0xb7122450 -> pdu_0xb71230e8 -> pdu_0xb7123d80 -> pdu_0xb7124a18 -> pdu_0xb71256b0 -> pdu_0xb7126348 -> pdu_0xb7126fe0 -> pdu_0xb7127c78 -> pdu_0xb7128910 -> pdu_0xb71295a8 -> pdu_0xb712a240 -> pdu_0xb712aed8 -> pdu_0xb712bb70 -> pdu_0xb712c808 -> pdu_0xb712d4a0 -> pdu_0xb712e138 -> pdu_0xb712edd0 -> pdu_0xb712fa68 -> pdu_0xb7130700 -> pdu_0xb7131398 -> pdu_0xb7132030 -> pdu_0xb7132cc8 -> pdu_0xb7133960 -> pdu_0xb71345f8 -> pdu_0xb7135290 -> pdu_0xb7135f28 -> pdu_0xb7136bc0 -> pdu_0xb7137858 -> pdu_0xb71384f0 -> pdu_0xb7139188 -> pdu_0xb7139e20 -> pdu_0xb713aab8 -> pdu_0xb713b750 -> pdu_0xb713c3e8 -> pdu_0xb713d080 -> pdu_0xb713dd18 -> pdu_0xb713e9b0 -> pdu_0xb713f648 -> pdu_0xb71402e0 -> pdu_0xb7140f78 -> pdu_0xb7141c10 -> pdu_0xb71428a8 -> pdu_0xb7143540 -> pdu_0xb71441d8 -> pdu_0xb7144e70 -> pdu_0xb7145b08 -> pdu_0xb71467a0 -> pdu_0xb7147438 -> pdu_0xb71480d0 -> pdu_0xb7148d68 -> pdu_0xb7149a00 -> pdu_0xb714a698 -> pdu_0xb714b330 -> pdu_0xb714bfc8 -> pdu_0xb714cc60 -> pdu_0xb714d8f8 -> pdu_0xb714e590 -> pdu_0xb714f228 -> pdu_0xb714fec0 -> pdu_0xb7150b58 -> pdu_0xb71517f0 -> pdu_0xb7152488 -> pdu_0xb7153120 -> pdu_0xb7153db8 -> pdu_0xb7154a50 -> pdu_0xb71556e8 -> pdu_0xb7156380 -> pdu_0xb7157018 -> pdu_0xb7157cb0 -> pdu_0xb7158948 -> pdu_0xb71595e0 -> pdu_0xb715a278 -> pdu_0xb715af10 -> pdu_0xb715bba8 -> pdu_0xb715c840 -> pdu_0xb715d4d8 -> pdu_0xb715e170 -> pdu_0xb715ee08 -> pdu_0xb715faa0 -> pdu_0xb7160738 -> pdu_0xb71613d0 -> pdu_0xb7162068 -> pdu_0xb7162d00 -> pdu_0xb7163998 -> pdu_0xb7164630 -> pdu_0xb71652c8 -> pdu_0xb7165f60 -> pdu_0xb7166bf8 -> pdu_0xb7167890 -> pdu_0xb7168528 -> pdu_0xb71691c0 -> pdu_0xb7169e58 -> pdu_0xb716aaf0 -> pdu_0xb716b788 -> pdu_0xb716c420 -> pdu_0xb716d0b8 -> pdu_0xb716dd50 -> pdu_0xb716e9e8 -> pdu_0xb716f680 -> pdu_0xb7170318 -> pdu_0xb7170fb0 -> pdu_0xb7171c48 -> pdu_0xb71728e0 -> pdu_0xb7173578 -> pdu_0xb7174210 -> pdu_0xb7174ea8 -> pdu_0xb7175b40 -> pdu_0xb71767d8 -> pdu_0xb7177470 -> pdu_0xb7178108 -> pdu_0xb7178da0 -> pdu_0xb7179a38 -> pdu_0xb717a6d0 -> pdu_0xb717b368 -> pdu_0xb717c000 -> pdu_0xb717cc98 -> pdu_0xb717d930 -> pdu_0xb717e5c8 -> pdu_0xb717f260 -> pdu_0xb717fef8 -> pdu_0xb7180b90 -> pdu_0xb7181828 -> pdu_0xb71824c0 -> pdu_0xb7183158 -> pdu_0xb7183df0 -> pdu_0xb7184a88 -> pdu_0xb7185720 -> pdu_0xb71863b8 -> pdu_0xb7187050 -> pdu_0xb7187ce8 -> pdu_0xb7188980 -> pdu_0xb7189618 -> pdu_0xb718a2b0 -> pdu_0xb718af48 -> pdu_0xb718bbe0 -> pdu_0xb718c878 -> pdu_0xb718d510 -> pdu_0xb718e1a8 -> pdu_0xb718ee40 -> pdu_0xb718fad8 -> pdu_0xb7190770 -> pdu_0xb7191408 -> pdu_0xb71920a0 -> pdu_0xb7192d38 -> pdu_0xb71939d0 -> pdu_0xb7194668 -> pdu_0xb7195300 -> pdu_0xb7195f98 -> pdu_0xb7196c30 -> pdu_0xb71978c8 -> pdu_0xb7198560 -> pdu_0xb71991f8 -> pdu_0xb7199e90 -> pdu_0xb719ab28 -> pdu_0xb719b7c0 -> pdu_0xb719c458 -> pdu_0xb719d0f0 -> pdu_0xb719dd88 -> pdu_0xb719ea20 -> pdu_0xb719f6b8 -> pdu_0xb71a0350 -> pdu_0xb71a0fe8 -> pdu_0xb71a1c80 -> pdu_0xb71a2918 -> pdu_0xb71a35b0 -> pdu_0xb71a4248 -> pdu_0xb71a4ee0 -> pdu_0xb71a5b78 -> pdu_0xb71a6810 -> pdu_0xb71a74a8 -> pdu_0xb71a8140 -> pdu_0xb71a8dd8 -> pdu_0xb71a9a70 -> pdu_0xb71aa708 -> pdu_0xb71ab3a0 -> pdu_0xb71ac038 -> pdu_0xb71accd0 -> pdu_0xb71ad968 -> pdu_0xb71ae600 -> pdu_0xb71af298 -> pdu_0xb71aff30 -> pdu_0xb71b0bc8 -> pdu_0xb71b1860 -> pdu_0xb71b24f8 -> pdu_0xb71b3190 -> pdu_0xb71b3e28 -> pdu_0xb71b4ac0 -> pdu_0xb71b5758 -> pdu_0xb71b63f0 -> pdu_0xb71b7088 -> pdu_0xb71b7d20 -> pdu_0xb71b89b8 -> pdu_0xb71b9650 -> pdu_0xb71ba2e8 -> pdu_0xb71baf80 -> pdu_0xb71bbc18 -> pdu_0xb71bc8b0 -> pdu_0xb71bd548 -> pdu_0xb71be1e0 -> pdu_0xb71bee78 -> pdu_0xb71bfb10 -> pdu_0xb71c07a8 -> pdu_0xb71c1440 -> pdu_0xb71c20d8 -> pdu_0xb71c2d70 -> pdu_0xb71c3a08 -> pdu_0xb71c46a0 -> pdu_0xb71c5338 -> pdu_0xb71c5fd0 -> pdu_0xb71c6c68 -> pdu_0xb71c7900 -> pdu_0xb71c8598 -> pdu_0xb71c9230 -> pdu_0xb71c9ec8 -> pdu_0xb71cab60 -> pdu_0xb71cb7f8 -> pdu_0xb71cc490 -> pdu_0xb71cd128 -> pdu_0xb71cddc0 -> pdu_0xb71cea58 -> pdu_0xb71cf6f0 -> pdu_0xb71d0388 -> pdu_0xb71d1020 -> pdu_0xb71d1cb8 -> pdu_0xb71d2950 -> pdu_0xb71d35e8 -> pdu_0xb71d4280 -> pdu_0xb71d4f18 -> pdu_0xb71d5bb0 -> pdu_0xb71d6848 -> pdu_0xb71d74e0 -> pdu_0xb71d8178 -> pdu_0xb71d8e10 -> pdu_0xb71d9aa8 -> pdu_0xb71da740 -> pdu_0xb71db3d8 -> pdu_0xb71dc070 -> pdu_0xb71dcd08 -> pdu_0xb71dd9a0 -> pdu_0xb71de638 -> pdu_0xb71df2d0 -> pdu_0xb71dff68 -> pdu_0xb71e0c00 -> pdu_0xb71e1898 -> pdu_0xb71e2530 -> pdu_0xb71e31c8 -> pdu_0xb71e3e60 -> pdu_0xb71e4af8 -> pdu_0xb71e5790 -> pdu_0xb71e6428 -> pdu_0xb71e70c0 -> pdu_0xb71e7d58 -> pdu_0xb71e89f0 -> pdu_0xb71e9688 -> pdu_0xb71ea320 -> pdu_0xb71eafb8 -> pdu_0xb71ebc50 -> pdu_0xb71ec8e8 -> pdu_0xb71ed580 -> pdu_0xb71ee218 -> pdu_0xb71eeeb0 -> pdu_0xb71efb48 -> pdu_0xb71f07e0 -> pdu_0xb71f1478 -> pdu_0xb71f2110 -> pdu_0xb71f2da8 -> pdu_0xb71f3a40 -> pdu_0xb71f46d8 -> pdu_0xb71f5370 -> pdu_0xb71f6008 -> pdu_0xb71f6ca0 -> pdu_0xb71f7938 -> pdu_0xb71f85d0 -> pdu_0xb71f9268 -> pdu_0xb71f9f00 -> pdu_0xb71fab98 -> pdu_0xb71fb830 -> pdu_0xb71fc4c8 -> pdu_0xb71fd160 -> pdu_0xb71fddf8 -> pdu_0xb71fea90 -> pdu_0xb71ff728 -> pdu_0xb72003c0 -> pdu_0xb7201058 -> pdu_0xb7201cf0 -> pdu_0xb7202988 -> pdu_0xb7203620 -> pdu_0xb72042b8 -> pdu_0xb7204f50 -> pdu_0xb7205be8 -> pdu_0xb7206880 -> pdu_0xb7207518 -> pdu_0xb72081b0 -> pdu_0xb7208e48 -> pdu_0xb7209ae0 -> pdu_0xb720a778 -> pdu_0xb720b410 -> pdu_0xb720c0a8 -> pdu_0xb720cd40 -> pdu_0xb720d9d8 -> pdu_0xb720e670 -> pdu_0xb720f308 -> pdu_0xb720ffa0 -> pdu_0xb7210c38 -> pdu_0xb72118d0 -> pdu_0xb7212568 -> pdu_0xb7213200 -> pdu_0xb7213e98 -> pdu_0xb7214b30 -> pdu_0xb72157c8 -> pdu_0xb7216460 -> pdu_0xb72170f8 -> pdu_0xb7217d90 -> pdu_0xb7218a28 -> pdu_0xb72196c0 -> pdu_0xb721a358 -> pdu_0xb721aff0 -> pdu_0xb721bc88 -> pdu_0xb721c920 -> pdu_0xb721d5b8 -> pdu_0xb721e250 -> pdu_0xb721eee8 -> pdu_0xb721fb80 -> pdu_0xb7220818 -> pdu_0xb72214b0 -> pdu_0xb7222148 -> pdu_0xb7222de0 -> pdu_0xb7223a78 -> pdu_0xb7224710 -> pdu_0xb72253a8 -> pdu_0xb7226040 -> pdu_0xb7226cd8 -> pdu_0xb7227970 -> pdu_0xb7228608 -> pdu_0xb72292a0 -> pdu_0xb7229f38 -> pdu_0xb722abd0 -> pdu_0xb722b868 -> pdu_0xb722c500 -> pdu_0xb722d198 -> pdu_0xb722de30 -> pdu_0xb722eac8 -> pdu_0xb722f760 -> pdu_0xb72303f8 -> pdu_0xb7231090 -> pdu_0xb7231d28 -> pdu_0xb72329c0 -> pdu_0xb7233658 -> pdu_0xb72342f0 -> pdu_0xb7234f88 -> pdu_0xb7235c20 -> pdu_0xb72368b8 -> pdu_0xb7237550 -> pdu_0xb72381e8 -> pdu_0xb7238e80 -> pdu_0xb7239b18 -> pdu_0xb723a7b0 -> pdu_0xb723b448 -> pdu_0xb723c0e0 -> pdu_0xb723cd78 -> pdu_0xb723da10 -> pdu_0xb723e6a8 -> pdu_0xb723f340 -> pdu_0xb723ffd8 -> pdu_0xb7240c70 -> pdu_0xb7241908 -> pdu_0xb72425a0 -> pdu_0xb7243238 -> pdu_0xb7243ed0 -> pdu_0xb7244b68 -> pdu_0xb7245800 -> pdu_0xb7246498 -> pdu_0xb7247130 -> pdu_0xb7247dc8 -> pdu_0xb7248a60 -> pdu_0xb72496f8 -> pdu_0xb724a390 -> pdu_0xb724b028 -> pdu_0xb724bcc0 -> pdu_0xb724c958 -> pdu_0xb724d5f0 -> pdu_0xb724e288 -> pdu_0xb724ef20 -> pdu_0xb724fbb8 -> pdu_0xb7250850 -> pdu_0xb72514e8 -> pdu_0xb7252180 -> pdu_0xb7252e18 -> pdu_0xb7253ab0 -> pdu_0xb7254748 -> pdu_0xb72553e0 -> pdu_0xb7256078 -> pdu_0xb7256d10 -> pdu_0xb72579a8 -> pdu_0xb7258640 -> pdu_0xb72592d8 -> pdu_0xb7259f70 -> pdu_0xb725ac08 -> pdu_0xb725b8a0 -> pdu_0xb725c538 -> pdu_0xb725d1d0 -> pdu_0xb725de68 -> pdu_0xb725eb00 -> pdu_0xb725f798 -> pdu_0xb7260430 -> pdu_0xb72610c8 -> pdu_0xb7261d60 -> pdu_0xb72629f8 -> pdu_0xb7263690 -> pdu_0xb7264328 -> pdu_0xb7264fc0 -> pdu_0xb7265c58 -> pdu_0xb72668f0 -> pdu_0xb7267588 -> pdu_0xb7268220 -> pdu_0xb7268eb8 -> pdu_0xb7269b50 -> pdu_0xb726a7e8 -> pdu_0xb726b480 -> pdu_0xb726c118 -> pdu_0xb726cdb0 -> pdu_0xb726da48 -> pdu_0xb726e6e0 -> pdu_0xb726f378 -> pdu_0xb7270010 -> pdu_0xb7270ca8 -> pdu_0xb7271940 -> pdu_0xb72725d8 -> pdu_0xb7273270 -> pdu_0xb7273f08 -> pdu_0xb7274ba0 -> pdu_0xb7275838 -> pdu_0xb72764d0 -> pdu_0xb7277168 -> pdu_0xb7277e00 -> pdu_0xb7278a98 -> pdu_0xb7279730 -> pdu_0xb727a3c8 -> pdu_0xb727b060 -> pdu_0xb727bcf8 -> pdu_0xb727c990 -> pdu_0xb727d628 -> pdu_0xb727e2c0 -> pdu_0xb727ef58 -> pdu_0xb727fbf0 -> pdu_0xb7280888 -> pdu_0xb7281520 -> pdu_0xb72821b8 -> pdu_0xb7282e50 -> pdu_0xb7283ae8 -> pdu_0xb7284780 -> pdu_0xb7285418 -> pdu_0xb72860b0 -> pdu_0xb7286d48 -> pdu_0xb72879e0 -> pdu_0xb7288678 -> pdu_0xb7289310 -> pdu_0xb7289fa8 -> pdu_0xb728ac40 -> pdu_0xb728b8d8 -> pdu_0xb728c570 -> pdu_0xb728d208 -> pdu_0xb728dea0 -> pdu_0xb728eb38 -> pdu_0xb728f7d0 -> pdu_0xb7290468 -> pdu_0xb7291100 -> pdu_0xb7291d98 -> pdu_0xb7292a30 -> pdu_0xb72936c8 -> pdu_0xb7294360 -> pdu_0xb7294ff8 -> pdu_0xb7295c90 -> pdu_0xb7296928 -> pdu_0xb72975c0 -> pdu_0xb7298258 -> pdu_0xb7298ef0 -> pdu_0xb7299b88 -> pdu_0xb729a820 -> pdu_0xb729b4b8 -> pdu_0xb729c150 -> pdu_0xb729cde8 -> pdu_0xb729da80 -> pdu_0xb729e718 -> pdu_0xb729f3b0 -> pdu_0xb72a0048 -> pdu_0xb72a0ce0 -> pdu_0xb72a1978 -> pdu_0xb72a2610 -> pdu_0xb72a32a8 -> pdu_0xb72a3f40 -> pdu_0xb72a4bd8 -> pdu_0xb72a5870 -> pdu_0xb72a6508 -> pdu_0xb72a71a0 -> pdu_0xb72a7e38 -> pdu_0xb72a8ad0 -> pdu_0xb72a9768 -> pdu_0xb72aa400 -> pdu_0xb72ab098 -> pdu_0xb72abd30 -> pdu_0xb72ac9c8 -> pdu_0xb72ad660 -> pdu_0xb72ae2f8 -> pdu_0xb72aef90 -> pdu_0xb72afc28 -> pdu_0xb72b08c0 -> pdu_0xb72b1558 -> pdu_0xb72b21f0 -> pdu_0xb72b2e88 -> pdu_0xb72b3b20 -> pdu_0xb72b47b8 -> pdu_0xb72b5450 -> pdu_0xb72b60e8 -> pdu_0xb72b6d80 -> pdu_0xb72b7a18 -> pdu_0xb72b86b0 -> pdu_0xb72b9348 -> pdu_0xb72b9fe0 -> pdu_0xb72bac78 -> pdu_0xb72bb910 -> pdu_0xb72bc5a8 -> pdu_0xb72bd240 -> pdu_0xb72bded8 -> pdu_0xb72beb70 -> pdu_0xb72bf808 -> pdu_0xb72c04a0 -> pdu_0xb72c1138 -> pdu_0xb72c1dd0 -> pdu_0xb72c2a68 -> pdu_0xb72c3700 -> pdu_0xb72c4398 -> pdu_0xb72c5030 -> pdu_0xb72c5cc8 -> pdu_0xb72c6960 -> pdu_0xb72c75f8 -> pdu_0xb72c8290 -> pdu_0xb72c8f28 -> pdu_0xb72c9bc0 -> pdu_0xb72ca858 -> pdu_0xb72cb4f0 -> pdu_0xb72cc188 -> pdu_0xb72cce20 -> pdu_0xb72cdab8 -> pdu_0xb72ce750 -> pdu_0xb72cf3e8 -> pdu_0xb72d0080 -> pdu_0xb72d0d18 -> pdu_0xb72d19b0 -> pdu_0xb72d2648 -> pdu_0xb72d32e0 -> pdu_0xb72d3f78 -> pdu_0xb72d4c10 -> pdu_0xb72d58a8 -> pdu_0xb72d6540 -> pdu_0xb72d71d8 -> pdu_0xb72d7e70 -> pdu_0xb72d8b08 -> pdu_0xb72d97a0 -> pdu_0xb72da438 -> pdu_0xb72db0d0 -> pdu_0xb72dbd68 -> pdu_0xb72dca00 -> pdu_0xb72dd698 -> pdu_0xb72de330 -> pdu_0xb72defc8 -> pdu_0xb72dfc60 -> pdu_0xb72e08f8 -> pdu_0xb72e1590 -> pdu_0xb72e2228 -> pdu_0xb72e2ec0 -> pdu_0xb72e3b58 -> pdu_0xb72e47f0 -> pdu_0xb72e5488 -> pdu_0xb72e6120 -> pdu_0xb72e6db8 -> pdu_0xb72e7a50 -> pdu_0xb72e86e8 -> pdu_0xb72e9380 -> pdu_0xb72ea018 -> pdu_0xb72eacb0 -> pdu_0xb72eb948 -> pdu_0xb72ec5e0 -> pdu_0xb72ed278 -> pdu_0xb72edf10 -> pdu_0xb72eeba8 -> pdu_0xb72ef840 -> pdu_0xb72f04d8 -> pdu_0xb72f1170 -> pdu_0xb72f1e08 -> pdu_0xb72f2aa0 -> pdu_0xb72f3738 -> pdu_0xb72f43d0 -> pdu_0xb72f5068 -> pdu_0xb72f5d00 -> pdu_0xb72f6998 -> pdu_0xb72f7630 -> pdu_0xb72f82c8 -> pdu_0xb72f8f60 -> pdu_0xb72f9bf8 -> pdu_0xb72fa890 -> pdu_0xb72fb528 -> pdu_0xb72fc1c0 -> pdu_0xb72fce58 -> pdu_0xb72fdaf0 -> pdu_0xb72fe788 -> pdu_0xb72ff420 -> pdu_0xb73000b8 -> pdu_0xb7300d50 -> pdu_0xb73019e8 -> pdu_0xb7302680 -> pdu_0xb7303318 -> pdu_0xb7303fb0 -> pdu_0xb7304c48 -> pdu_0xb73058e0 -> pdu_0xb7306578 -> pdu_0xb7307210 -> pdu_0xb7307ea8 -> pdu_0xb7308b40 -> pdu_0xb73097d8 -> pdu_0xb730a470 -> pdu_0xb730b108 -> pdu_0xb730bda0 -> pdu_0xb730ca38 -> pdu_0xb730d6d0 -> pdu_0xb730e368 -> pdu_0xb730f000 -> pdu_0xb730fc98 -> pdu_0xb7310930 -> pdu_0xb73115c8 -> pdu_0xb7312260 -> pdu_0xb7312ef8 -> pdu_0xb7313b90 -> pdu_0xb7314828 -> pdu_0xb73154c0 -> pdu_0xb7316158 -> pdu_0xb7316df0 -> pdu_0xb7317a88 -> pdu_0xb7318720 -> pdu_0xb73193b8 -> pdu_0xb731a050 -> pdu_0xb731ace8 -> pdu_0xb731b980 -> pdu_0xb731c618 -> pdu_0xb731d2b0 -> pdu_0xb731df48 -> pdu_0xb731ebe0 -> pdu_0xb731f878 -> pdu_0xb7320510 -> pdu_0xb73211a8 -> pdu_0xb7321e40 -> pdu_0xb7322ad8 -> pdu_0xb7323770 -> pdu_0xb7324408 -> pdu_0xb73250a0 -> pdu_0xb7325d38 -> pdu_0xb73269d0 -> pdu_0xb7327668 -> pdu_0xb7328300 -> pdu_0xb7328f98 -> pdu_0xb7329c30 -> pdu_0xb732a8c8 -> pdu_0xb732b560 -> pdu_0xb732c1f8 -> pdu_0xb732ce90 -> pdu_0xb732db28 -> pdu_0xb732e7c0 -> pdu_0xb732f458 -> pdu_0xb73300f0 -> pdu_0xb7330d88 -> pdu_0xb7331a20 -> pdu_0xb73326b8 -> pdu_0xb7333350 -> pdu_0xb7333fe8 -> pdu_0xb7334c80 -> pdu_0xb7335918 -> pdu_0xb73365b0 -> pdu_0xb7337248 -> pdu_0xb7337ee0 -> pdu_0xb7338b78 -> pdu_0xb7339810 -> pdu_0xb733a4a8 -> pdu_0xb733b140 -> pdu_0xb733bdd8 -> pdu_0xb733ca70 -> pdu_0xb733d708 -> pdu_0xb733e3a0 -> pdu_0xb733f038 -> pdu_0xb733fcd0 -> pdu_0xb7340968 -> pdu_0xb7341600 -> pdu_0xb7342298 -> pdu_0xb7342f30 -> pdu_0xb7343bc8 -> pdu_0xb7344860 -> pdu_0xb73454f8 -> pdu_0xb7346190 -> pdu_0xb7346e28 -> pdu_0xb7347ac0 -> pdu_0xb7348758 -> pdu_0xb73493f0 -> pdu_0xb734a088 -> pdu_0xb734ad20 -> pdu_0xb734b9b8 -> pdu_0xb734c650 -> pdu_0xb734d2e8 -> pdu_0xb734df80 -> pdu_0xb734ec18 -> pdu_0xb734f8b0 -> pdu_0xb7350548 -> pdu_0xb73511e0 -> pdu_0xb7351e78 -> pdu_0xb7352b10 -> pdu_0xb73537a8 -> pdu_0xb7354440 -> pdu_0xb73550d8 -> pdu_0xb7355d70 -> pdu_0xb7356a08 -> pdu_0xb73576a0 -> pdu_0xb7358338 -> pdu_0xb7358fd0 -> pdu_0xb7359c68 -> pdu_0xb735a900 -> pdu_0xb735b598 -> pdu_0xb735c230 -> pdu_0xb735cec8 -> pdu_0xb735db60 -> pdu_0xb735e7f8 -> pdu_0xb735f490 -> pdu_0xb7360128 -> pdu_0xb7360dc0 -> pdu_0xb7361a58 -> pdu_0xb73626f0 -> pdu_0xb7363388 -> pdu_0xb7364020 -> pdu_0xb7364cb8 -> pdu_0xb7365950 -> pdu_0xb73665e8 -> pdu_0xb7367280 -> pdu_0xb7367f18 -> pdu_0xb7368bb0 -> pdu_0xb7369848 -> pdu_0xb736a4e0 -> pdu_0xb736b178 -> pdu_0xb736be10 -> pdu_0xb736caa8 -> pdu_0xb736d740 -> pdu_0xb736e3d8 -> pdu_0xb736f070 -> pdu_0xb736fd08 -> pdu_0xb73709a0 -> pdu_0xb7371638 -> pdu_0xb73722d0 -> pdu_0xb7372f68 -> pdu_0xb7373c00 -> pdu_0xb7374898 -> pdu_0xb7375530 -> pdu_0xb73761c8 -> pdu_0xb7376e60 -> pdu_0xb7377af8 -> pdu_0xb7378790 -> pdu_0xb7379428 -> pdu_0xb737a0c0 -> pdu_0xb737ad58 -> pdu_0xb737b9f0 -> pdu_0xb737c688 -> pdu_0xb737d320 -> pdu_0xb737dfb8 -> pdu_0xb737ec50 -> pdu_0xb737f8e8 -> pdu_0xb7380580 -> pdu_0xb7381218 -> pdu_0xb7381eb0 -> pdu_0xb7382b48 -> pdu_0xb73837e0 -> pdu_0xb7384478 -> pdu_0xb7385110 -> pdu_0xb7385da8 -> pdu_0xb7386a40 -> pdu_0xb73876d8 -> pdu_0xb7388370 -> pdu_0xb7389008 -> pdu_0xb7389ca0 -> pdu_0xb738a938 -> pdu_0xb738b5d0 -> pdu_0xb738c268 -> pdu_0xb738cf00 -> pdu_0xb738db98 -> pdu_0xb738e830 -> pdu_0xb738f4c8 -> pdu_0xb7390160 -> pdu_0xb7390df8 -> pdu_0xb7391a90 -> pdu_0xb7392728 -> pdu_0xb73933c0 -> pdu_0xb7394058 -> pdu_0xb7394cf0 -> pdu_0xb7395988 -> pdu_0xb7396620 -> pdu_0xb73972b8 -> pdu_0xb7397f50 -> pdu_0xb7398be8 -> pdu_0xb7399880 -> pdu_0xb739a518 -> pdu_0xb739b1b0 -> pdu_0xb739be48 -> pdu_0xb739cae0 -> pdu_0xb739d778 -> pdu_0xb739e410 -> pdu_0xb739f0a8 -> pdu_0xb739fd40 -> pdu_0xb73a09d8 -> pdu_0xb73a1670 -> pdu_0xb73a2308 -> pdu_0xb73a2fa0 -> pdu_0xb73a3c38 -> pdu_0xb73a48d0 -> pdu_0xb73a5568 -> pdu_0xb73a6200 -> pdu_0xb73a6e98 -> pdu_0xb73a7b30 -> pdu_0xb73a87c8 -> pdu_0xb73a9460 -> pdu_0xb73aa0f8 -> pdu_0xb73aad90 -> pdu_0xb73aba28 -> pdu_0xb73ac6c0 -> pdu_0xb73ad358 -> pdu_0xb73adff0 -> pdu_0xb73aec88 -> pdu_0xb73af920 -> pdu_0xb73b05b8 -> pdu_0xb73b1250 -> pdu_0xb73b1ee8 -> pdu_0xb73b2b80 -> pdu_0xb73b3818 -> pdu_0xb73b44b0 -> pdu_0xb73b5148 -> pdu_0xb73b5de0 -> pdu_0xb73b6a78 -> pdu_0xb73b7710 -> pdu_0xb73b83a8 -> pdu_0xb73b9040 -> pdu_0xb73b9cd8 -> pdu_0xb73ba970 -> pdu_0xb73bb608 -> pdu_0xb73bc2a0 -> pdu_0xb73bcf38 -> pdu_0xb73bdbd0 -> pdu_0xb73be868 -> pdu_0xb73bf500 -> pdu_0xb73c0198 -> pdu_0xb73c0e30 -> pdu_0xb73c1ac8 -> pdu_0xb73c2760 -> pdu_0xb73c33f8 -> pdu_0xb73c4090 -> pdu_0xb73c4d28 -> pdu_0xb73c59c0 -> pdu_0xb73c6658 -> pdu_0xb73c72f0 -> pdu_0xb73c7f88 -> pdu_0xb73c8c20 -> pdu_0xb73c98b8 -> pdu_0xb73ca550 -> pdu_0xb73cb1e8 -> pdu_0xb73cbe80 -> pdu_0xb73ccb18 -> pdu_0xb73cd7b0 -> pdu_0xb73ce448 -> pdu_0xb73cf0e0 -> pdu_0xb73cfd78 -> pdu_0xb73d0a10 -> pdu_0xb73d16a8 -> pdu_0xb73d2340 -> pdu_0xb73d2fd8 -> pdu_0xb73d3c70 -> pdu_0xb73d4908 -> pdu_0xb73d55a0 -> pdu_0xb73d6238 -> pdu_0xb73d6ed0 -> pdu_0xb73d7b68 -> pdu_0xb73d8800 -> pdu_0xb73d9498 -> pdu_0xb73da130 -> pdu_0xb73dadc8 -> pdu_0xb73dba60 -> pdu_0xb73dc6f8 -> pdu_0xb73dd390 -> pdu_0xb73de028 -> pdu_0xb73decc0 -> pdu_0xb73df958 -> pdu_0xb73e05f0 -> pdu_0xb73e1288 -> pdu_0xb73e1f20 -> pdu_0xb73e2bb8 -> pdu_0xb73e3850 -> pdu_0xb73e44e8 -> pdu_0xb73e5180 -> pdu_0xb73e5e18 -> pdu_0xb73e6ab0 -> pdu_0xb73e7748 -> pdu_0xb73e83e0 -> pdu_0xb73e9078 -> pdu_0xb73e9d10 -> pdu_0xb73ea9a8 -> pdu_0xb73eb640 -> pdu_0xb73ec2d8 -> pdu_0xb73ecf70 -> pdu_0xb73edc08 -> pdu_0xb73ee8a0 -> pdu_0xb73ef538 -> pdu_0xb73f01d0 -> pdu_0xb73f0e68 -> pdu_0xb73f1b00 -> pdu_0xb73f2798 -> pdu_0xb73f3430 -> pdu_0xb73f40c8 -> pdu_0xb73f4d60 -> pdu_0xb73f59f8 -> pdu_0xb73f6690 -> pdu_0xb73f7328 -> pdu_0xb73f7fc0 -> pdu_0xb73f8c58 -> pdu_0xb73f98f0 -> pdu_0xb73fa588 -> pdu_0xb73fb220 -> pdu_0xb73fbeb8 -> pdu_0xb73fcb50 -> pdu_0xb73fd7e8 -> pdu_0xb73fe480 -> pdu_0xb73ff118 -> pdu_0xb73ffdb0 -> pdu_0xb7400a48 -> pdu_0xb74016e0 -> pdu_0xb7402378 -> pdu_0xb7403010 -> pdu_0xb7403ca8 -> pdu_0xb7404940 -> pdu_0xb74055d8 -> pdu_0xb7406270 -> pdu_0xb7406f08 -> pdu_0xb7407ba0 -> pdu_0xb7408838 -> pdu_0xb74094d0 -> pdu_0xb740a168 -> pdu_0xb740ae00 -> pdu_0xb740ba98 -> pdu_0xb740c730 -> pdu_0xb740d3c8 -> pdu_0xb740e060 -> pdu_0xb740ecf8 -> pdu_0xb740f990 -> pdu_0xb7410628 -> pdu_0xb74112c0 -> pdu_0xb7411f58 -> pdu_0xb7412bf0 -> pdu_0xb7413888 -> pdu_0xb7414520 -> pdu_0xb74151b8 -> pdu_0xb7415e50 -> pdu_0xb7416ae8 -> pdu_0xb7417780 -> pdu_0xb7418418 -> pdu_0xb74190b0 -> pdu_0xb7419d48 -> pdu_0xb741a9e0 -> pdu_0xb741b678 -> pdu_0xb741c310 -> pdu_0xb741cfa8 -> pdu_0xb741dc40 -> pdu_0xb741e8d8 -> pdu_0xb741f570 -> pdu_0xb7420208 -> pdu_0xb7420ea0 -> pdu_0xb7421b38 -> pdu_0xb74227d0 -> pdu_0xb7423468 -> pdu_0xb7424100 -> pdu_0xb7424d98 -> pdu_0xb7425a30 -> pdu_0xb74266c8 -> pdu_0xb7427360 -> pdu_0xb7427ff8 -> pdu_0xb7428c90 -> pdu_0xb7429928 -> pdu_0xb742a5c0 -> pdu_0xb742b258 -> pdu_0xb742bef0 -> pdu_0xb742cb88 -> pdu_0xb742d820 -> pdu_0xb742e4b8 -> pdu_0xb742f150 -> pdu_0xb742fde8 -> pdu_0xb7430a80 -> pdu_0xb7431718 -> pdu_0xb74323b0 -> pdu_0xb7433048 -> pdu_0xb7433ce0 -> pdu_0xb7434978 -> pdu_0xb7435610 -> pdu_0xb74362a8 -> pdu_0xb7436f40 -> pdu_0xb7437bd8 -> pdu_0xb7438870 -> pdu_0xb7439508 -> pdu_0xb743a1a0 -> pdu_0xb743ae38 -> pdu_0xb743bad0 -> pdu_0xb743c768 -> pdu_0xb743d400 -> pdu_0xb743e098 -> pdu_0xb743ed30 -> pdu_0xb743f9c8 -> pdu_0xb7440660 -> pdu_0xb74412f8 -> pdu_0xb7441f90 -> pdu_0xb7442c28 -> pdu_0xb74438c0 -> pdu_0xb7444558 -> pdu_0xb74451f0 -> pdu_0xb7445e88 -> pdu_0xb7446b20 -> pdu_0xb74477b8 -> pdu_0xb7448450 -> pdu_0xb74490e8 -> pdu_0xb7449d80 -> pdu_0xb744aa18 -> pdu_0xb744b6b0 -> pdu_0xb744c348 -> pdu_0xb744cfe0 -> pdu_0xb744dc78 -> pdu_0xb744e910 -> pdu_0xb744f5a8 -> pdu_0xb7450240 -> pdu_0xb7450ed8 -> pdu_0xb7451b70 -> pdu_0xb7452808 -> pdu_0xb74534a0 -> pdu_0xb7454138 -> pdu_0xb7454dd0 -> pdu_0xb7455a68 -> pdu_0xb7456700 -> pdu_0xb7457398 -> pdu_0xb7458030 -> pdu_0xb7458cc8 -> pdu_0xb7459960 -> pdu_0xb745a5f8 -> pdu_0xb745b290 -> pdu_0xb745bf28 -> pdu_0xb745cbc0 -> pdu_0xb745d858 -> pdu_0xb745e4f0 -> pdu_0xb745f188 -> pdu_0xb745fe20 -> pdu_0xb7460ab8 -> pdu_0xb7461750 -> pdu_0xb74623e8 -> pdu_0xb7463080 -> pdu_0xb7463d18 -> pdu_0xb74649b0 -> pdu_0xb7465648 -> pdu_0xb74662e0 -> pdu_0xb7466f78 -> pdu_0xb7467c10 -> pdu_0xb74688a8 -> pdu_0xb7469540 -> pdu_0xb746a1d8 -> pdu_0xb746ae70 -> pdu_0xb746bb08 -> pdu_0xb746c7a0 -> pdu_0xb746d438 -> pdu_0xb746e0d0 -> pdu_0xb746ed68 -> pdu_0xb746fa00 -> pdu_0xb7470698 -> pdu_0xb7471330 -> pdu_0xb7471fc8 -> pdu_0xb7472c60 -> pdu_0xb74738f8 -> pdu_0xb7474590 -> pdu_0xb7475228 -> pdu_0xb7475ec0 -> pdu_0xb7476b58 -> pdu_0xb74777f0 -> pdu_0xb7478488 -> pdu_0xb7479120 -> pdu_0xb7479db8 -> pdu_0xb747aa50 -> pdu_0xb747b6e8 -> pdu_0xb747c380 -> pdu_0xb747d018 -> pdu_0xb747dcb0 -> pdu_0xb747e948 -> pdu_0xb747f5e0 -> pdu_0xb7480278 -> pdu_0xb7480f10 -> pdu_0xb7481ba8 -> pdu_0xb7482840 -> pdu_0xb74834d8 -> pdu_0xb7484170 -> pdu_0xb7484e08 -> pdu_0xb7485aa0 -> pdu_0xb7486738 -> pdu_0xb74873d0 -> pdu_0xb7488068 -> pdu_0xb7488d00 -> pdu_0xb7489998 -> pdu_0xb748a630 -> pdu_0xb748b2c8 -> pdu_0xb748bf60 -> pdu_0xb748cbf8 -> pdu_0xb748d890 -> pdu_0xb748e528 -> pdu_0xb748f1c0 -> pdu_0xb748fe58 -> pdu_0xb7490af0 -> pdu_0xb7491788 -> pdu_0xb7492420 -> pdu_0xb74930b8 -> pdu_0xb7493d50 -> pdu_0xb74949e8 -> pdu_0xb7495680 -> pdu_0xb7496318 -> pdu_0xb7496fb0 -> pdu_0xb7497c48 -> pdu_0xb74988e0 -> pdu_0xb7499578 -> pdu_0xb749a210 -> pdu_0xb749aea8 -> pdu_0xb749bb40 -> pdu_0xb749c7d8 -> pdu_0xb749d470 -> pdu_0xb749e108 -> pdu_0xb749eda0 -> pdu_0xb749fa38 -> pdu_0xb74a06d0 -> pdu_0xb74a1368 -> pdu_0xb74a2000 -> pdu_0xb74a2c98 -> pdu_0xb74a3930 -> pdu_0xb74a45c8 -> pdu_0xb74a5260 -> pdu_0xb74a5ef8 -> pdu_0xb74a6b90 -> pdu_0xb74a7828 -> pdu_0xb74a84c0 -> pdu_0xb74a9158 -> pdu_0xb74a9df0 -> pdu_0xb74aaa88 -> pdu_0xb74ab720 -> pdu_0xb74ac3b8 -> pdu_0xb74ad050 -> pdu_0xb74adce8 -> pdu_0xb74ae980 -> pdu_0xb74af618 -> pdu_0xb74b02b0 -> pdu_0xb74b0f48 -> pdu_0xb74b1be0 -> pdu_0xb74b2878 -> pdu_0xb74b3510 -> pdu_0xb74b41a8 -> pdu_0xb74b4e40 -> pdu_0xb74b5ad8 -> pdu_0xb74b6770 -> pdu_0xb74b7408 -> pdu_0xb74b80a0 -> pdu_0xb74b8d38 -> pdu_0xb74b99d0 -> pdu_0xb74ba668 -> pdu_0xb74bb300 -> pdu_0xb74bbf98 -> pdu_0xb74bcc30 -> pdu_0xb74bd8c8 -> pdu_0xb74be560 -> pdu_0xb74bf1f8 -> pdu_0xb74bfe90 -> pdu_0xb74c0b28 -> pdu_0xb74c17c0 -> pdu_0xb74c2458 -> pdu_0xb74c30f0 -> pdu_0xb74c3d88 -> pdu_0xb74c4a20 -> pdu_0xb74c56b8 -> pdu_0xb74c6350 -> pdu_0xb74c6fe8 -> pdu_0xb74c7c80 -> pdu_0xb74c8918 -> pdu_0xb74c95b0 -> pdu_0xb74ca248 -> pdu_0xb74caee0 -> pdu_0xb74cbb78 -> pdu_0xb74cc810 -> pdu_0xb74cd4a8 -> pdu_0xb74ce140 -> pdu_0xb74cedd8 -> pdu_0xb74cfa70 -> pdu_0xb74d0708 -> pdu_0xb74d13a0 -> pdu_0xb74d2038 -> pdu_0xb74d2cd0 -> pdu_0xb74d3968 -> pdu_0xb74d4600 -> pdu_0xb74d5298 -> pdu_0xb74d5f30 -> pdu_0xb74d6bc8 -> pdu_0xb74d7860 -> pdu_0xb74d84f8 -> pdu_0xb74d9190 -> pdu_0xb74d9e28 -> pdu_0xb74daac0 -> pdu_0xb74db758 -> pdu_0xb74dc3f0 -> pdu_0xb74dd088 -> pdu_0xb74ddd20 -> pdu_0xb74de9b8 -> pdu_0xb74df650 -> pdu_0xb74e02e8 -> pdu_0xb74e0f80 -> pdu_0xb74e1c18 -> pdu_0xb74e28b0 -> pdu_0xb74e3548 -> pdu_0xb74e41e0 -> pdu_0xb74e4e78 -> pdu_0xb74e5b10 -> pdu_0xb74e67a8 -> pdu_0xb74e7440 -> pdu_0xb74e80d8 -> pdu_0xb74e8d70 -> pdu_0xb74e9a08 -> pdu_0xb74ea6a0 -> pdu_0xb74eb338 -> pdu_0xb74ebfd0 -> pdu_0xb74ecc68 -> pdu_0xb74ed900 -> pdu_0xb74ee598 -> pdu_0xb74ef230 -> pdu_0xb74efec8 -> pdu_0xb74f0b60 -> pdu_0xb74f17f8 -> pdu_0xb74f2490 -> pdu_0xb74f3128 -> pdu_0xb74f3dc0 -> pdu_0xb74f4a58 -> pdu_0xb74f56f0 -> pdu_0xb74f6388 -> pdu_0xb74f7020 -> pdu_0xb74f7cb8 -> pdu_0xb74f8950 -> pdu_0xb74f95e8 -> pdu_0xb74fa280 -> pdu_0xb74faf18 -> pdu_0xb74fbbb0 -> pdu_0xb74fc848 -> pdu_0xb74fd4e0 -> pdu_0xb74fe178 -> pdu_0xb74fee10 -> pdu_0xb74ffaa8 -> pdu_0xb7500740 -> pdu_0xb75013d8 -> pdu_0xb7502070 -> pdu_0xb7502d08 -> pdu_0xb75039a0 -> pdu_0xb7504638 -> pdu_0xb75052d0 -> pdu_0xb7505f68 -> pdu_0xb7506c00 -> pdu_0xb7507898 -> pdu_0xb7508530 -> pdu_0xb75091c8 -> pdu_0xb7509e60 -> pdu_0xb750aaf8 -> pdu_0xb750b790 -> pdu_0xb750c428 -> pdu_0xb750d0c0 -> pdu_0xb750dd58 -> pdu_0xb750e9f0 -> pdu_0xb750f688 -> pdu_0xb7510320 -> pdu_0xb7510fb8 -> pdu_0xb7511c50 -> pdu_0xb75128e8 -> pdu_0xb7513580 -> pdu_0xb7514218 -> pdu_0xb7514eb0 -> pdu_0xb7515b48 -> pdu_0xb75167e0 -> pdu_0xb7517478 -> pdu_0xb7518110 -> pdu_0xb7518da8 -> pdu_0xb7519a40 -> pdu_0xb751a6d8 -> pdu_0xb751b370 -> pdu_0xb751c008 -> pdu_0xb751cca0 -> pdu_0xb751d938 -> pdu_0xb751e5d0 -> pdu_0xb751f268 -> pdu_0xb751ff00 -> pdu_0xb7520b98 -> pdu_0xb7521830 -> pdu_0xb75224c8 -> pdu_0xb7523160 -> pdu_0xb7523df8 -> pdu_0xb7524a90 -> pdu_0xb7525728 -> pdu_0xb75263c0 -> pdu_0xb7527058 -> pdu_0xb7527cf0 -> pdu_0xb7528988 -> pdu_0xb7529620 -> pdu_0xb752a2b8 -> pdu_0xb752af50 -> pdu_0xb752bbe8 -> pdu_0xb752c880 -> pdu_0xb752d518 -> pdu_0xb752e1b0 -> pdu_0xb752ee48 -> pdu_0xb752fae0 -> pdu_0xb7530778 -> pdu_0xb7531410 -> pdu_0xb75320a8 -> pdu_0xb7532d40 -> pdu_0xb75339d8 -> pdu_0xb7534670 -> pdu_0xb7535308 -> pdu_0xb7535fa0 -> pdu_0xb7536c38 -> pdu_0xb75378d0 -> pdu_0xb7538568 -> pdu_0xb7539200 -> pdu_0xb7539e98 -> pdu_0xb753ab30 -> pdu_0xb753b7c8 -> pdu_0xb753c460 -> pdu_0xb753d0f8 -> pdu_0xb753dd90 -> pdu_0xb753ea28 -> pdu_0xb753f6c0 -> pdu_0xb7540358 -> pdu_0xb7540ff0 -> pdu_0xb7541c88 -> pdu_0xb7542920 -> pdu_0xb75435b8 -> pdu_0xb7544250 -> pdu_0xb7544ee8 -> pdu_0xb7545b80 -> pdu_0xb7546818 -> pdu_0xb75474b0 -> pdu_0xb7548148 -> pdu_0xb7548de0 -> pdu_0xb7549a78 -> pdu_0xb754a710 -> pdu_0xb754b3a8 -> pdu_0xb754c040 -> pdu_0xb754ccd8 -> pdu_0xb754d970 -> pdu_0xb754e608 -> pdu_0xb754f2a0 -> pdu_0xb754ff38 -> pdu_0xb7550bd0 -> pdu_0xb7551868 -> pdu_0xb7552500 -> pdu_0xb7553198 -> pdu_0xb7553e30 -> pdu_0xb7554ac8 -> pdu_0xb7555760 -> pdu_0xb75563f8 -> pdu_0xb7557090 -> pdu_0xb7557d28 -> pdu_0xb75589c0 -> pdu_0xb7559658 -> pdu_0xb755a2f0 -> pdu_0xb755af88 -> pdu_0xb755bc20 -> pdu_0xb755c8b8 -> pdu_0xb755d550 -> pdu_0xb755e1e8 -> pdu_0xb755ee80 -> pdu_0xb755fb18 -> pdu_0xb75607b0 -> pdu_0xb7561448 -> pdu_0xb75620e0 -> pdu_0xb7562d78 -> pdu_0xb7563a10 -> pdu_0xb75646a8 -> pdu_0xb7565340 -> pdu_0xb7565fd8 -> pdu_0xb7566c70 -> pdu_0xb7567908 -> pdu_0xb75685a0 -> pdu_0xb7569238 -> pdu_0xb7569ed0 -> pdu_0xb756ab68 -> pdu_0xb756b800 -> pdu_0xb756c498 -> pdu_0xb756d130 -> pdu_0xb756ddc8 -> pdu_0xb756ea60 -> pdu_0xb756f6f8 -> pdu_0xb7570390 -> pdu_0xb7571028 -> pdu_0xb7571cc0 -> pdu_0xb7572958 -> pdu_0xb75735f0 -> pdu_0xb7574288 -> pdu_0xb7574f20 -> pdu_0xb7575bb8 -> pdu_0xb7576850 -> pdu_0xb75774e8 -> pdu_0xb7578180 -> pdu_0xb7578e18 -> pdu_0xb7579ab0 -> pdu_0xb757a748 -> pdu_0xb757b3e0 -> pdu_0xb757c078 -> pdu_0xb757cd10 -> pdu_0xb757d9a8 -> pdu_0xb757e640 -> pdu_0xb757f2d8 -> pdu_0xb757ff70 -> pdu_0xb7580c08 -> pdu_0xb75818a0 -> pdu_0xb7582538 -> pdu_0xb75831d0 -> pdu_0xb7583e68 -> pdu_0xb7584b00 -> pdu_0xb7585798 -> pdu_0xb7586430 -> pdu_0xb75870c8 -> pdu_0xb7587d60 -> pdu_0xb75889f8 -> pdu_0xb7589690 -> pdu_0xb758a328 -> pdu_0xb758afc0 -> pdu_0xb758bc58 -> pdu_0xb758c8f0 -> pdu_0xb758d588 -> pdu_0xb758e220 -> pdu_0xb758eeb8 -> pdu_0xb758fb50 -> pdu_0xb75907e8 -> pdu_0xb7591480 -> pdu_0xb7592118 -> pdu_0xb7592db0 -> pdu_0xb7593a48 -> pdu_0xb75946e0 -> pdu_0xb7595378 -> pdu_0xb7596010 -> pdu_0xb7596ca8 -> pdu_0xb7597940 -> pdu_0xb75985d8 -> pdu_0xb7599270 -> pdu_0xb7599f08 -> pdu_0xb759aba0 -> pdu_0xb759b838 -> pdu_0xb759c4d0 -> pdu_0xb759d168 -> pdu_0xb759de00 -> pdu_0xb759ea98 -> pdu_0xb759f730 -> pdu_0xb75a03c8 -> pdu_0xb75a1060 -> pdu_0xb75a1cf8 -> pdu_0xb75a2990 -> pdu_0xb75a3628 -> pdu_0xb75a42c0 -> pdu_0xb75a4f58 -> pdu_0xb75a5bf0 -> pdu_0xb75a6888 -> pdu_0xb75a7520 -> pdu_0xb75a81b8 -> pdu_0xb75a8e50 -> pdu_0xb75a9ae8 -> pdu_0xb75aa780 -> pdu_0xb75ab418 -> pdu_0xb75ac0b0 -> pdu_0xb75acd48 -> pdu_0xb75ad9e0 -> pdu_0xb75ae678 -> pdu_0xb75af310 -> pdu_0xb75affa8 -> pdu_0xb75b0c40 -> pdu_0xb75b18d8 -> pdu_0xb75b2570 -> pdu_0xb75b3208 -> pdu_0xb75b3ea0 -> pdu_0xb75b4b38 -> pdu_0xb75b57d0 -> pdu_0xb75b6468 -> pdu_0xb75b7100 -> pdu_0xb75b7d98 -> pdu_0xb75b8a30 -> pdu_0xb75b96c8 -> pdu_0xb75ba360 -> pdu_0xb75baff8 -> pdu_0xb75bbc90 -> pdu_0xb75bc928 -> pdu_0xb75bd5c0 -> pdu_0xb75be258 -> pdu_0xb75beef0 -> pdu_0xb75bfb88 -> pdu_0xb75c0820 -> pdu_0xb75c14b8 -> pdu_0xb75c2150 -> pdu_0xb75c2de8 -> pdu_0xb75c3a80 -> pdu_0xb75c4718 -> pdu_0xb75c53b0 -> pdu_0xb75c6048 -> pdu_0xb75c6ce0 -> pdu_0xb75c7978 -> pdu_0xb75c8610 -> pdu_0xb75c92a8 -> pdu_0xb75c9f40 -> pdu_0xb75cabd8 -> pdu_0xb75cb870 -> pdu_0xb75cc508 -> pdu_0xb75cd1a0 -> pdu_0xb75cde38 -> pdu_0xb75cead0 -> pdu_0xb75cf768 -> pdu_0xb75d0400 -> pdu_0xb75d1098 -> pdu_0xb75d1d30 -> pdu_0xb75d29c8 -> pdu_0xb75d3660 -> pdu_0xb75d42f8 -> pdu_0xb75d4f90 -> pdu_0xb75d5c28 -> pdu_0xb75d68c0 -> pdu_0xb75d7558 -> pdu_0xb75d81f0 -> pdu_0xb75d8e88 -> pdu_0xb75d9b20 -> pdu_0xb75da7b8 -> pdu_0xb75db450 -> pdu_0xb75dc0e8 -> pdu_0xb75dcd80 -> pdu_0xb75dda18 -> pdu_0xb75de6b0 -> pdu_0xb75df348 -> pdu_0xb75dffe0 -> pdu_0xb75e0c78 -> pdu_0xb75e1910 -> pdu_0xb75e25a8 -> pdu_0xb75e3240 -> pdu_0xb75e3ed8 -> pdu_0xb75e4b70 -> pdu_0xb75e5808 -> pdu_0xb75e64a0 -> pdu_0xb75e7138 -> pdu_0xb75e7dd0 -> pdu_0xb75e8a68 -> pdu_0xb75e9700 -> pdu_0xb75ea398 -> pdu_0xb75eb030 -> pdu_0xb75ebcc8 -> pdu_0xb75ec960 -> pdu_0xb75ed5f8 -> pdu_0xb75ee290 -> pdu_0xb75eef28 -> pdu_0xb75efbc0 -> pdu_0xb75f0858 -> pdu_0xb75f14f0 -> pdu_0xb75f2188 -> pdu_0xb75f2e20 -> pdu_0xb75f3ab8 -> pdu_0xb75f4750 -> pdu_0xb75f53e8 -> pdu_0xb75f6080 -> pdu_0xb75f6d18 -> pdu_0xb75f79b0 -> pdu_0xb75f8648 -> pdu_0xb75f92e0 -> pdu_0xb75f9f78 -> pdu_0xb75fac10 -> pdu_0xb75fb8a8 -> pdu_0xb75fc540 -> pdu_0xb75fd1d8 -> pdu_0xb75fde70 -> pdu_0xb75feb08 -> pdu_0xb75ff7a0 -> pdu_0xb7600438 -> pdu_0xb76010d0 -> pdu_0xb7601d68 -> pdu_0xb7602a00 -> pdu_0xb7603698 -> pdu_0xb7604330 -> pdu_0xb7604fc8 -> pdu_0xb7605c60 -> pdu_0xb76068f8 -> pdu_0xb7607590 -> pdu_0xb7608228 -> pdu_0xb7608ec0 -> pdu_0xb7609b58 -> pdu_0xb760a7f0 -> pdu_0xb760b488 -> pdu_0xb760c120 -> pdu_0xb760cdb8 -> pdu_0xb760da50 -> pdu_0xb760e6e8 -> pdu_0xb760f380 -> pdu_0xb7610018 -> pdu_0xb7610cb0 -> pdu_0xb7611948 -> pdu_0xb76125e0 -> pdu_0xb7613278 -> pdu_0xb7613f10 -> pdu_0xb7614ba8 -> pdu_0xb7615840 -> pdu_0xb76164d8 -> pdu_0xb7617170 -> pdu_0xb7617e08 -> pdu_0xb7618aa0 -> pdu_0xb7619738 -> pdu_0xb761a3d0 -> pdu_0xb761b068 -> pdu_0xb761bd00 -> pdu_0xb761c998 -> pdu_0xb761d630 -> pdu_0xb761e2c8 -> pdu_0xb761ef60 -> pdu_0xb761fbf8 -> pdu_0xb7620890 -> pdu_0xb7621528 -> pdu_0xb76221c0 -> pdu_0xb7622e58 -> pdu_0xb7623af0 -> pdu_0xb7624788 -> pdu_0xb7625420 -> pdu_0xb76260b8 -> pdu_0xb7626d50 -> pdu_0xb76279e8 -> pdu_0xb7628680 -> pdu_0xb7629318 -> pdu_0xb7629fb0 -> pdu_0xb762ac48 -> pdu_0xb762b8e0 -> pdu_0xb762c578 -> pdu_0xb762d210 -> pdu_0xb762dea8 -> pdu_0xb762eb40 -> pdu_0xb762f7d8 -> pdu_0xb7630470 -> pdu_0xb7631108 -> pdu_0xb7631da0 -> pdu_0xb7632a38 -> pdu_0xb76336d0 -> pdu_0xb7634368 -> pdu_0xb7635000 -> pdu_0xb7635c98 -> pdu_0xb7636930 -> pdu_0xb76375c8 -> pdu_0xb7638260 -> pdu_0xb7638ef8 -> pdu_0xb7639b90 -> pdu_0xb763a828 -> pdu_0xb763b4c0 -> pdu_0xb763c158 -> pdu_0xb763cdf0 -> pdu_0xb763da88 -> pdu_0xb763e720 -> pdu_0xb763f3b8 -> pdu_0xb7640050 -> pdu_0xb7640ce8 -> pdu_0xb7641980 -> pdu_0xb7642618 -> pdu_0xb76432b0 -> pdu_0xb7643f48 -> pdu_0xb7644be0 -> pdu_0xb7645878 -> pdu_0xb7646510 -> pdu_0xb76471a8 -> pdu_0xb7647e40 -> pdu_0xb7648ad8 -> pdu_0xb7649770 -> pdu_0xb764a408 -> pdu_0xb764b0a0 -> pdu_0xb764bd38 -> pdu_0xb764c9d0 -> pdu_0xb764d668 -> pdu_0xb764e300 -> pdu_0xb764ef98 -> pdu_0xb764fc30 -> pdu_0xb76508c8 -> pdu_0xb7651560 -> pdu_0xb76521f8 -> pdu_0xb7652e90 -> pdu_0xb7653b28 -> pdu_0xb76547c0 -> pdu_0xb7655458 -> pdu_0xb76560f0 -> pdu_0xb7656d88 -> pdu_0xb7657a20 -> pdu_0xb76586b8 -> pdu_0xb7659350 -> pdu_0xb7659fe8 -> pdu_0xb765ac80 -> pdu_0xb765b918 -> pdu_0xb765c5b0 -> pdu_0xb765d248 -> pdu_0xb765dee0 -> pdu_0xb765eb78 -> pdu_0xb765f810 -> pdu_0xb76604a8 -> pdu_0xb7661140 -> pdu_0xb7661dd8 -> pdu_0xb7662a70 -> pdu_0xb7663708 -> pdu_0xb76643a0 -> pdu_0xb7665038 -> pdu_0xb7665cd0 -> pdu_0xb7666968 -> pdu_0xb7667600 -> pdu_0xb7668298 -> pdu_0xb7668f30 -> pdu_0xb7669bc8 -> pdu_0xb766a860 -> pdu_0xb766b4f8 -> pdu_0xb766c190 -> pdu_0xb766ce28 -> pdu_0xb766dac0 -> pdu_0xb766e758 -> pdu_0xb766f3f0 -> pdu_0xb7670088 -> pdu_0xb7670d20 -> pdu_0xb76719b8 -> pdu_0xb7672650 -> pdu_0xb76732e8 -> pdu_0xb7673f80 -> pdu_0xb7674c18 -> pdu_0xb76758b0 -> pdu_0xb7676548 -> pdu_0xb76771e0 -> pdu_0xb7677e78 -> pdu_0xb7678b10 -> pdu_0xb76797a8 -> pdu_0xb767a440 -> pdu_0xb767b0d8 -> pdu_0xb767bd70 -> pdu_0xb767ca08 -> pdu_0xb767d6a0 -> pdu_0xb767e338 -> pdu_0xb767efd0 -> pdu_0xb767fc68 -> pdu_0xb7680900 -> pdu_0xb7681598 -> pdu_0xb7682230 -> pdu_0xb7682ec8 -> pdu_0xb7683b60 -> pdu_0xb76847f8 -> pdu_0xb7685490 -> pdu_0xb7686128 -> pdu_0xb7686dc0 -> pdu_0xb7687a58 -> pdu_0xb76886f0 -> pdu_0xb7689388 -> pdu_0xb768a020 -> pdu_0xb768acb8 -> pdu_0xb768b950 -> pdu_0xb768c5e8 -> pdu_0xb768d280 -> pdu_0xb768df18 -> pdu_0xb768ebb0 -> pdu_0xb768f848 -> pdu_0xb76904e0 -> pdu_0xb7691178 -> pdu_0xb7691e10 -> pdu_0xb7692aa8 -> pdu_0xb7693740 -> pdu_0xb76943d8 -> pdu_0xb7695070 -> pdu_0xb7695d08 -> pdu_0xb76969a0 -> pdu_0xb7697638 -> pdu_0xb76982d0 -> pdu_0xb7698f68 -> pdu_0xb7699c00 -> pdu_0xb769a898 -> pdu_0xb769b530 -> pdu_0xb769c1c8 -> pdu_0xb769ce60 -> pdu_0xb769daf8 -> pdu_0xb769e790 -> pdu_0xb769f428 -> pdu_0xb76a00c0 -> pdu_0xb76a0d58 -> pdu_0xb76a19f0 -> pdu_0xb76a2688 -> pdu_0xb76a3320 -> pdu_0xb76a3fb8 -> pdu_0xb76a4c50 -> pdu_0xb76a58e8 -> pdu_0xb76a6580 -> pdu_0xb76a7218 -> pdu_0xb76a7eb0 -> pdu_0xb76a8b48 -> pdu_0xb76a97e0 -> pdu_0xb76aa478 -> pdu_0xb76ab110 -> pdu_0xb76abda8 -> pdu_0xb76aca40 -> pdu_0xb76ad6d8 -> pdu_0xb76ae370 -> pdu_0xb76af008 -> pdu_0xb76afca0 -> pdu_0xb76b0938 -> pdu_0xb76b15d0 -> pdu_0xb76b2268 -> pdu_0xb76b2f00 -> pdu_0xb76b3b98 -> pdu_0xb76b4830 -> pdu_0xb76b54c8 -> pdu_0xb76b6160 -> pdu_0xb76b6df8 -> pdu_0xb76b7a90 -> pdu_0xb76b8728 -> pdu_0xb76b93c0 -> pdu_0xb76ba058 -> pdu_0xb76bacf0 -> pdu_0xb76bb988 -> pdu_0xb76bc620 -> pdu_0xb76bd2b8 -> pdu_0xb76bdf50 -> pdu_0xb76bebe8 -> pdu_0xb76bf880 -> pdu_0xb76c0518 -> pdu_0xb76c11b0 -> pdu_0xb76c1e48 -> pdu_0xb76c2ae0 -> pdu_0xb76c3778 -> pdu_0xb76c4410 -> pdu_0xb76c50a8 -> pdu_0xb76c5d40 -> pdu_0xb76c69d8 -> pdu_0xb76c7670 -> pdu_0xb76c8308 -> pdu_0xb76c8fa0 -> pdu_0xb76c9c38 -> pdu_0xb76ca8d0 -> pdu_0xb76cb568 -> pdu_0xb76cc200 -> pdu_0xb76cce98 -> pdu_0xb76cdb30 -> pdu_0xb76ce7c8 -> pdu_0xb76cf460 -> pdu_0xb76d00f8 -> pdu_0xb76d0d90 -> pdu_0xb76d1a28 -> pdu_0xb76d26c0 -> pdu_0xb76d3358 -> pdu_0xb76d3ff0 -> pdu_0xb76d4c88 -> pdu_0xb76d5920 -> pdu_0xb76d65b8 -> pdu_0xb76d7250 -> pdu_0xb76d7ee8 -> pdu_0xb76d8b80 -> pdu_0xb76d9818 -> pdu_0xb76da4b0 -> pdu_0xb76db148 -> pdu_0xb76dbde0 -> pdu_0xb76dca78 -> pdu_0xb76dd710 -> pdu_0xb76de3a8 -> pdu_0xb76df040 -> pdu_0xb76dfcd8 -> pdu_0xb76e0970 -> pdu_0xb76e1608 -> pdu_0xb76e22a0 -> pdu_0xb76e2f38 -> pdu_0xb76e3bd0 -> pdu_0xb76e4868 -> pdu_0xb76e5500 -> pdu_0xb76e6198 -> pdu_0xb76e6e30 -> pdu_0xb76e7ac8 -> pdu_0xb76e8760 -> pdu_0xb76e93f8 -> pdu_0xb76ea090 -> pdu_0xb76ead28 -> pdu_0xb76eb9c0 -> pdu_0xb76ec658 -> pdu_0xb76ed2f0 -> pdu_0xb76edf88 -> pdu_0xb76eec20 -> pdu_0xb76ef8b8 -> pdu_0xb76f0550 -> pdu_0xb76f11e8 -> pdu_0xb76f1e80 -> pdu_0xb76f2b18 -> pdu_0xb76f37b0 -> pdu_0xb76f4448 -> pdu_0xb76f50e0 -> pdu_0xb76f5d78 -> pdu_0xb76f6a10 -> pdu_0xb76f76a8 -> pdu_0xb76f8340 -> pdu_0xb76f8fd8 -> pdu_0xb76f9c70 -> pdu_0xb76fa908 -> pdu_0xb76fb5a0 -> pdu_0xb76fc238 -> pdu_0xb76fced0 -> pdu_0xb76fdb68 -> pdu_0xb76fe800 -> pdu_0xb76ff498 -> pdu_0xb7700130 -> pdu_0xb7700dc8 -> pdu_0xb7701a60 -> pdu_0xb77026f8 -> pdu_0xb7703390 -> pdu_0xb7704028 -> pdu_0xb7704cc0 -> pdu_0xb7705958 -> pdu_0xb77065f0 -> pdu_0xb7707288 -> pdu_0xb7707f20 -> pdu_0xb7708bb8 -> pdu_0xb7709850 -> pdu_0xb770a4e8 -> pdu_0xb770b180 -> pdu_0xb770be18 -> pdu_0xb770cab0 -> pdu_0xb770d748 -> pdu_0xb770e3e0 -> pdu_0xb770f078 -> pdu_0xb770fd10 -> pdu_0xb77109a8 -> pdu_0xb7711640 -> pdu_0xb77122d8 -> pdu_0xb7712f70 -> pdu_0xb7713c08 -> pdu_0xb77148a0 -> pdu_0xb7715538 -> pdu_0xb77161d0 -> pdu_0xb7716e68 -> pdu_0xb7717b00 -> pdu_0xb7718798 -> pdu_0xb7719430 -> pdu_0xb771a0c8 -> pdu_0xb771ad60 -> pdu_0xb771b9f8 -> pdu_0xb771c690 -> pdu_0xb771d328 -> pdu_0xb771dfc0 -> pdu_0xb771ec58 -> pdu_0xb771f8f0 -> pdu_0xb7720588 -> pdu_0xb7721220 -> pdu_0xb7721eb8 -> pdu_0xb7722b50 -> pdu_0xb77237e8 -> pdu_0xb7724480 -> pdu_0xb7725118 -> pdu_0xb7725db0 -> pdu_0xb7726a48 -> pdu_0xb77276e0 -> pdu_0xb7728378 -> pdu_0xb7729010 -> pdu_0xb7729ca8 -> pdu_0xb772a940 -> pdu_0xb772b5d8 -> pdu_0xb772c270 -> pdu_0xb772cf08 -> pdu_0xb772dba0 -> pdu_0xb772e838 -> pdu_0xb772f4d0 -> pdu_0xb7730168 -> pdu_0xb7730e00 -> pdu_0xb7731a98 -> pdu_0xb7732730 -> pdu_0xb77333c8 -> pdu_0xb7734060 -> pdu_0xb7734cf8 -> pdu_0xb7735990 -> pdu_0xb7736628 -> pdu_0xb77372c0 -> pdu_0xb7737f58 -> pdu_0xb7738bf0 -> pdu_0xb7739888 -> pdu_0xb773a520 -> pdu_0xb773b1b8 -> pdu_0xb773be50 -> pdu_0xb773cae8 -> pdu_0xb773d780 -> pdu_0xb773e418 -> pdu_0xb773f0b0 -> pdu_0xb773fd48 -> pdu_0xb77409e0 -> pdu_0xb7741678 -> pdu_0xb7742310 -> pdu_0xb7742fa8 -> pdu_0xb7743c40 -> pdu_0xb77448d8 -> pdu_0xb7745570 -> pdu_0xb7746208 -> pdu_0xb7746ea0 -> pdu_0xb7747b38 -> pdu_0xb77487d0 -> pdu_0xb7749468 -> pdu_0xb774a100 -> pdu_0xb774ad98 -> pdu_0xb774ba30 -> pdu_0xb774c6c8 -> pdu_0xb774d360 -> pdu_0xb774dff8 -> pdu_0xb774ec90 -> pdu_0xb774f928 -> pdu_0xb77505c0 -> pdu_0xb7751258 -> pdu_0xb7751ef0 -> pdu_0xb7752b88 -> pdu_0xb7753820 -> pdu_0xb77544b8 -> pdu_0xb7755150 -> pdu_0xb7755de8 -> pdu_0xb7756a80 -> pdu_0xb7757718 -> pdu_0xb77583b0 -> pdu_0xb7759048 -> pdu_0xb7759ce0 -> pdu_0xb775a978 -> pdu_0xb775b610 -> pdu_0xb775c2a8 -> pdu_0xb775cf40 -> pdu_0xb775dbd8 -> pdu_0xb775e870 -> pdu_0xb775f508 -> pdu_0xb77601a0 -> pdu_0xb7760e38 -> pdu_0xb7761ad0 -> pdu_0xb7762768 -> pdu_0xb7763400 -> pdu_0xb7764098 -> pdu_0xb7764d30 -> pdu_0xb77659c8 -> pdu_0xb7766660 -> pdu_0xb77672f8 -> pdu_0xb7767f90 -> pdu_0xb7768c28 -> pdu_0xb77698c0 -> pdu_0xb776a558 -> pdu_0xb776b1f0 -> pdu_0xb776be88 -> pdu_0xb776cb20 -> pdu_0xb776d7b8 -> pdu_0xb776e450 -> pdu_0xb776f0e8 -> pdu_0xb776fd80 -> pdu_0xb7770a18 -> pdu_0xb77716b0 -> pdu_0xb7772348 -> pdu_0xb7772fe0 -> pdu_0xb7773c78 -> pdu_0xb7774910 -> pdu_0xb77755a8 -> pdu_0xb7776240 -> pdu_0xb7776ed8 -> pdu_0xb7777b70 -> pdu_0xb7778808 -> pdu_0xb77794a0 -> pdu_0xb777a138 -> pdu_0xb777add0 -> pdu_0xb777ba68 -> pdu_0xb777c700 -> pdu_0xb777d398 -> pdu_0xb777e030 -> pdu_0xb777ecc8 -> pdu_0xb777f960 -> pdu_0xb77805f8 -> pdu_0xb7781290 -> pdu_0xb7781f28 -> pdu_0xb7782bc0 -> pdu_0xb7783858 -> pdu_0xb77844f0 -> pdu_0xb7785188 -> pdu_0xb7785e20 -> pdu_0xb7786ab8 -> pdu_0xb7787750 -> pdu_0xb77883e8 -> pdu_0xb7789080 -> pdu_0xb7789d18 -> pdu_0xb778a9b0 -> pdu_0xb778b648 -> pdu_0xb778c2e0 -> pdu_0xb778cf78 -> pdu_0xb778dc10 -> pdu_0xb778e8a8 -> pdu_0xb778f540 -> pdu_0xb77901d8 -> pdu_0xb7790e70 -> pdu_0xb7791b08 -> pdu_0xb77927a0 -> pdu_0xb7793438 -> pdu_0xb77940d0 -> pdu_0xb7794d68 -> pdu_0xb7795a00 -> pdu_0xb7796698 -> pdu_0xb7797330 -> pdu_0xb7797fc8 -> pdu_0xb7798c60 -> pdu_0xb77998f8 -> pdu_0xb779a590 -> pdu_0xb779b228 -> pdu_0xb779bec0 -> pdu_0xb779cb58 -> pdu_0xb779d7f0 -> pdu_0xb779e488 -> pdu_0xb779f120 -> pdu_0xb779fdb8 -> pdu_0xb77a0a50 -> pdu_0xb77a16e8 -> pdu_0xb77a2380 -> pdu_0xb77a3018 -> pdu_0xb77a3cb0 -> pdu_0xb77a4948 -> pdu_0xb77a55e0 -> pdu_0xb77a6278 -> pdu_0xb77a6f10 -> pdu_0xb77a7ba8 -> pdu_0xb77a8840 -> pdu_0xb77a94d8 -> pdu_0xb77aa170 -> pdu_0xb77aae08 -> pdu_0xb77abaa0 -> pdu_0xb77ac738 -> pdu_0xb77ad3d0 -> pdu_0xb77ae068 -> pdu_0xb77aed00 -> pdu_0xb77af998 -> pdu_0xb77b0630 -> pdu_0xb77b12c8 -> pdu_0xb77b1f60 -> pdu_0xb77b2bf8 -> pdu_0xb77b3890 -> pdu_0xb77b4528 -> pdu_0xb77b51c0 -> pdu_0xb77b5e58 -> pdu_0xb77b6af0 -> pdu_0xb77b7788 -> pdu_0xb77b8420 -> pdu_0xb77b90b8 -> pdu_0xb77b9d50 -> pdu_0xb77ba9e8 -> pdu_0xb77bb680 -> pdu_0xb77bc318 -> pdu_0xb77bcfb0 -> pdu_0xb77bdc48 -> pdu_0xb77be8e0 -> pdu_0xb77bf578 -> pdu_0xb77c0210 -> pdu_0xb77c0ea8 -> pdu_0xb77c1b40 -> pdu_0xb77c27d8 -> pdu_0xb77c3470 -> pdu_0xb77c4108 -> pdu_0xb77c4da0 -> pdu_0xb77c5a38 -> pdu_0xb77c66d0 -> pdu_0xb77c7368 -> pdu_0xb77c8000 -> pdu_0xb77c8c98 -> pdu_0xb77c9930 -> pdu_0xb77ca5c8 -> pdu_0xb77cb260 -> pdu_0xb77cbef8 -> pdu_0xb77ccb90 -> pdu_0xb77cd828 -> pdu_0xb77ce4c0 -> pdu_0xb77cf158 -> pdu_0xb77cfdf0 -> pdu_0xb77d0a88 -> pdu_0xb77d1720 -> pdu_0xb77d23b8 -> pdu_0xb77d3050 -> pdu_0xb77d3ce8 -> pdu_0xb77d4980 -> pdu_0xb77d5618 -> pdu_0xb77d62b0 -> pdu_0xb77d6f48 -> pdu_0xb77d7be0 -> pdu_0xb77d8878 -> pdu_0xb77d9510 -> pdu_0xb77da1a8 -> pdu_0xb77dae40 -> pdu_0xb77dbad8 -> pdu_0xb77dc770 -> pdu_0xb77dd408 -> pdu_0xb77de0a0 -> pdu_0xb77ded38 -> pdu_0xb77df9d0 -> pdu_0xb77e0668 -> pdu_0xb77e1300 -> pdu_0xb77e1f98 -> pdu_0xb77e2c30 [label=free_pdus];
Data structure dump 3592
----------------------
hit_0x174f370 [label="tid_174fb70"];
hit_0x174f370  // free_pdus
-> pdu_0xb6cdc300  // (CONN)
[label=free_pdus];
Hit structure dump 1
======================
hit_0xbfb4a208 [label="tid_b77e46c0"];
hit_0xbfb4a208  // free_pdus
-> pdu_0xb6c80e20  // (DISC)
-> pdu_0xb6cdcf98  // (RECE)
[label=free_pdus];
Hit structure dump 2
======================
