SEND(test(0,10,20)) got RECEIPT 0
SEND(test(0,10,19)) got RECEIPT 1
SEND(test(0,10,18)) got RECEIPT 2
SEND(test(0,10,17)) got RECEIPT 3
SEND(test(0,10,16)) got RECEIPT 4
SEND(test(0,10,15)) got RECEIPT 5
SEND(test(0,10,14)) got RECEIPT 6
SEND(test(0,10,13)) got RECEIPT 7
SEND(test(0,10,12)) got RECEIPT 8
SEND(test(0,10,11)) got RECEIPT 9
SEND(test(0,10,10)) got RECEIPT 10
SEND(test(0,10,9)) got RECEIPT 11
SEND(test(0,10,8)) got RECEIPT 12
SEND(test(0,10,7)) got RECEIPT 13
SEND(test(0,10,6)) got RECEIPT 14
SEND(test(0,10,5)) got RECEIPT 15
SEND(test(0,10,4)) got RECEIPT 16
SEND(test(0,10,3)) got RECEIPT 17
SEND(test(0,10,2)) got RECEIPT 18
SEND(test(0,10,1)) got RECEIPT 19
SEND(test(0,9,20)) got RECEIPT 20
SEND(test(0,9,19)) got RECEIPT 21
SEND(test(0,9,18)) got RECEIPT 22
SEND(test(0,9,17)) got RECEIPT 23
SEND(test(0,9,16)) got RECEIPT 24
SEND(test(0,9,15)) got RECEIPT 25
SEND(test(0,9,14)) got RECEIPT 26
SEND(test(0,9,13)) got RECEIPT 27
SEND(test(0,9,12)) got RECEIPT 28
SEND(test(0,9,11)) got RECEIPT 29
SEND(test(0,9,10)) got RECEIPT 30
SEND(test(0,9,9)) got RECEIPT 31
SEND(test(0,9,8)) got RECEIPT 32
SEND(test(0,9,7)) got RECEIPT 33
SEND(test(0,9,6)) got RECEIPT 34
SEND(test(0,9,5)) got RECEIPT 35
SEND(test(0,9,4)) got RECEIPT 36
SEND(test(0,9,3)) got RECEIPT 37
SEND(test(0,9,2)) got RECEIPT 38
SEND(test(0,9,1)) got RECEIPT 39
SEND(test(0,8,20)) got RECEIPT 40
SEND(test(0,8,19)) got RECEIPT 41
SEND(test(0,8,18)) got RECEIPT 42
SEND(test(0,8,17)) got RECEIPT 43
SEND(test(0,8,16)) got RECEIPT 44
SEND(test(0,8,15)) got RECEIPT 45
SEND(test(0,8,14)) got RECEIPT 46
SEND(test(0,8,13)) got RECEIPT 47
SEND(test(0,8,12)) got RECEIPT 48
SEND(test(0,8,11)) got RECEIPT 49
SEND(test(0,8,10)) got RECEIPT 50
SEND(test(0,8,9)) got RECEIPT 51
SEND(test(0,8,8)) got RECEIPT 52
SEND(test(0,8,7)) got RECEIPT 53
SEND(test(0,8,6)) got RECEIPT 54
SEND(test(0,8,5)) got RECEIPT 55
SEND(test(0,8,4)) got RECEIPT 56
SEND(test(0,8,3)) got RECEIPT 57
SEND(test(0,8,2)) got RECEIPT 58
SEND(test(0,8,1)) got RECEIPT 59
SEND(test(0,7,20)) got RECEIPT 60
SEND(test(0,7,19)) got RECEIPT 61
SEND(test(0,7,18)) got RECEIPT 62
SEND(test(0,7,17)) got RECEIPT 63
SEND(test(0,7,16)) got RECEIPT 64
SEND(test(0,7,15)) got RECEIPT 65
SEND(test(0,7,14)) got RECEIPT 66
SEND(test(0,7,13)) got RECEIPT 67
SEND(test(0,7,12)) got RECEIPT 68
SEND(test(0,7,11)) got RECEIPT 69
SEND(test(0,7,10)) got RECEIPT 70
SEND(test(0,7,9)) got RECEIPT 71
SEND(test(0,7,8)) got RECEIPT 72
SEND(test(0,7,7)) got RECEIPT 73
SEND(test(0,7,6)) got RECEIPT 74
SEND(test(0,7,5)) got RECEIPT 75
SEND(test(0,7,4)) got RECEIPT 76
SEND(test(0,7,3)) got RECEIPT 77
SEND(test(0,7,2)) got RECEIPT 78
SEND(test(0,7,1)) got RECEIPT 79
SEND(test(0,6,20)) got RECEIPT 80
SEND(test(0,6,19)) got RECEIPT 81
SEND(test(0,6,18)) got RECEIPT 82
SEND(test(0,6,17)) got RECEIPT 83
SEND(test(0,6,16)) got RECEIPT 84
SEND(test(0,6,15)) got RECEIPT 85
SEND(test(0,6,14)) got RECEIPT 86
SEND(test(0,6,13)) got RECEIPT 87
SEND(test(0,6,12)) got RECEIPT 88
SEND(test(0,6,11)) got RECEIPT 89
SEND(test(0,6,10)) got RECEIPT 90
SEND(test(0,6,9)) got RECEIPT 91
SEND(test(0,6,8)) got RECEIPT 92
SEND(test(0,6,7)) got RECEIPT 93
SEND(test(0,6,6)) got RECEIPT 94
SEND(test(0,6,5)) got RECEIPT 95
SEND(test(0,6,4)) got RECEIPT 96
SEND(test(0,6,3)) got RECEIPT 97
SEND(test(0,6,2)) got RECEIPT 98
SEND(test(0,6,1)) got RECEIPT 99
SEND(test(0,5,20)) got RECEIPT 100
SEND(test(0,5,19)) got RECEIPT 101
SEND(test(0,5,18)) got RECEIPT 102
SEND(test(0,5,17)) got RECEIPT 103
SEND(test(0,5,16)) got RECEIPT 104
SEND(test(0,5,15)) got RECEIPT 105
SEND(test(0,5,14)) got RECEIPT 106
SEND(test(0,5,13)) got RECEIPT 107
SEND(test(0,5,12)) got RECEIPT 108
SEND(test(0,5,11)) got RECEIPT 109
SEND(test(0,5,10)) got RECEIPT 110
SEND(test(0,5,9)) got RECEIPT 111
SEND(test(0,5,8)) got RECEIPT 112
SEND(test(0,5,7)) got RECEIPT 113
SEND(test(0,5,6)) got RECEIPT 114
SEND(test(0,5,5)) got RECEIPT 115
SEND(test(0,5,4)) got RECEIPT 116
SEND(test(0,5,3)) got RECEIPT 117
SEND(test(0,5,2)) got RECEIPT 118
SEND(test(0,5,1)) got RECEIPT 119
SEND(test(0,4,20)) got RECEIPT 120
SEND(SEND(test(2,10,20)) got RECEIPT 0
SEND(test(2,10,19)) got RECEIPT 1
SEND(test(2,10,18)) got RECEIPT 2
SEND(test(2,10,17)) got RECEIPT 3
SEND(test(2,10,16)) got RECEIPT 4
SEND(test(2,10,15)) got RECEIPT 5
SEND(test(2,10,14)) got RECEIPT 6
SEND(test(2,10,13)) got RECEIPT 7
SEND(test(2,10,12)) got RECEIPT 8
SEND(test(2,10,11)) got RECEIPT 9
SEND(test(2,10,10)) got RECEIPT 10
SEND(test(2,10,9)) got RECEIPT 11
SEND(test(2,10,8)) got RECEIPT 12
SEND(test(2,10,7)) got RECEIPT 13
SEND(test(2,10,6)) got RECEIPT 14
SEND(test(2,10,5)) got RECEIPT 15
SEND(test(2,10,4)) got RECEIPT 16
SEND(test(2,10,3)) got RECEIPT 17
SEND(test(2,10,2)) got RECEIPT 18
SEND(test(2,10,1)) got RECEIPT 19
SEND(test(2,9,20)) got RECEIPT 20
SEND(test(2,9,19)) got RECEIPT 21
SEND(test(2,9,18)) got RECEIPT 22
SEND(test(2,9,17)) got RECEIPT 23
SEND(test(2,9,16)) got RECEIPT 24
SEND(test(2,9,15)) got RECEIPT 25
SEND(test(2,9,14)) got RECEIPT 26
SEND(test(2,9,13)) got RECEIPT 27
SEND(test(2,9,12)) got RECEIPT 28
SEND(test(2,9,11)) got RECEIPT 29
SEND(test(2,9,10)) got RECEIPT 30
SEND(test(2,9,9)) got RECEIPT 31
SEND(test(2,9,8)) got RECEIPT 32
SEND(test(2,9,7)) got RECEIPT 33
SEND(test(2,9,6)) got RECEIPT 34
SEND(test(2,9,5)) got RECEIPT 35
SEND(test(2,9,4)) got RECEIPT 36
SEND(test(2,9,3)) got RECEIPT 37
SEND(test(2,9,2)) got RECEIPT 38
SEND(test(2,9,1)) got RECEIPT 39
SEND(test(2,8,20)) got RECEIPT 40
SEND(test(2,8,19)) got RECEIPT 41
SEND(test(2,8,18)) got RECEIPT 42
SEND(test(2,8,17)) got RECEIPT 43
SEND(test(2,8,16)) got RECEIPT 44
SEND(test(2,8,15)) got RECEIPT 45
SEND(test(2,8,14)) got RECEIPT 46
SEND(test(2,8,13)) got RECEIPT 47
SEND(test(2,8,12)) got RECEIPT 48
SEND(test(2,8,11)) got RECEIPT 49
SEND(test(2,8,10)) got RECEIPT 50
SEND(test(2,8,9)) got RECEIPT 51
SEND(test(2,8,8)) got RECEIPT 52
SEND(test(2,8,7)) got RECEIPT 53
SEND(test(2,8,6)) got RECEIPT 54
SEND(test(2,8,5)) got RECEIPT 55
SEND(test(2,8,4)) got RECEIPT 56
SEND(test(2,8,3)) got RECEIPT 57
SEND(test(2,8,2)) got RECEIPT 58
SEND(test(2,8,1)) got RECEIPT 59
SEND(test(2,7,20)) got RECEIPT 60
SEND(test(2,7,19)) got RECEIPT 61
SEND(test(2,7,18)) got RECEIPT 62
SEND(test(2,7,17)) got RECEIPT 63
SEND(test(2,7,16)) got RECEIPT 64
SEND(test(2,7,15)) got RECEIPT 65
SEND(test(2,7,14)) got RECEIPT 66
SEND(test(2,7,13)) got RECEIPT 67
SEND(test(2,7,12)) got RECEIPT 68
SEND(test(2,7,11)) got RECEIPT 69
SEND(test(2,7,10)) got RECEIPT 70
SEND(test(2,7,9)) got RECEIPT 71
SEND(test(2,7,8)) got RECEIPT 72
SEND(test(2,7,7)) got RECEIPT 73
SEND(test(2,7,6)) got RECEIPT 74
SEND(test(2,7,5)) got RECEIPT 75
SEND(test(2,7,4)) got RECEIPT 76
SEND(test(2,7,3)) got RECEIPT 77
SEND(test(2,7,2)) got RECEIPT 78
SEND(test(2,7,1)) got RECEIPT 79
SEND(test(2,6,20)) got RECEIPT 80
SEND(test(2,6,19)) got RECEIPT 81
SEND(test(2,6,18)) got RECEIPT 82
SEND(test(2,6,17)) got RECEIPT 83
SEND(test(2,6,16)) got RECEIPT 84
SEND(test(2,6,15)) got RECEIPT 85
SEND(test(2,6,14)) got RECEIPT 86
SEND(test(2,6,13)) got RECEIPT 87
SEND(test(2,6,12)) got RECEIPT 88
SEND(test(2,6,11)) got RECEIPT 89
SEND(test(2,6,10)) got RECEIPT 90
SEND(test(2,6,9)) got RECEIPT 91
SEND(test(2,6,8)) got RECEIPT 92
SEND(test(2,6,7)) got RECEIPT 93
SEND(test(2,6,6)) got RECEIPT 94
SEND(test(2,6,5)) got RECEIPT 95
SEND(test(2,6,4)) got RECEIPT 96
SEND(test(2,6,3)) got RECEIPT 97
SEND(test(2,6,2)) got RECEIPT 98
SEND(test(2,6,1)) got RECEIPT 99
SEND(test(2,5,20)) got RECEIPT 100
SEND(test(2,5,19)) got RECEIPT 101
SEND(test(2,5,18)) got RECEIPT 102
SEND(test(2,5,17)) got RECEIPT 103
SEND(test(2,5,16)) got RECEIPT 104
SEND(test(2,5,15)) got RECEIPT 105
SEND(test(2,5,14)) got RECEIPT 106
SEND(test(2,5,13)) got RECEIPT 107
SEND(test(2,5,12)) got RECEIPT 108
SEND(test(2,5,11)) got RECEIPT 109
SEND(test(2,5,10)) got RECEIPT 110
SEND(test(2,5,9)) got RECEIPT 111
SEND(test(2,5,8)) got RECEIPT 112
SEND(test(2,5,7)) got RECEIPT 113
SEND(test(2,5,6)) got RECEIPT 114
SEND(test(2,5,5)) got RECEIPT 115
SEND(test(2,5,4)) got RECEIPT 116
SEND(test(2,5,3)) got RECEIPT 117
SEND(test(2,5,2)) got RECEIPT 118
SEND(test(2,5,1)) got RECEIPT 119
SEND(test(2,4,20)) got RECEIPT 120
SEND(SEND(test(1,10,20)) got RECEIPT 0
SEND(test(1,10,19)) got RECEIPT 1
SEND(test(1,10,18)) got RECEIPT 2
SEND(test(1,10,17)) got RECEIPT 3
SEND(test(1,10,16)) got RECEIPT 4
SEND(test(1,10,15)) got RECEIPT 5
SEND(test(1,10,14)) got RECEIPT 6
SEND(test(1,10,13)) got RECEIPT 7
SEND(test(1,10,12)) got RECEIPT 8
SEND(test(1,10,11)) got RECEIPT 9
SEND(test(1,10,10)) got RECEIPT 10
SEND(test(1,10,9)) got RECEIPT 11
SEND(test(1,10,8)) got RECEIPT 12
SEND(test(1,10,7)) got RECEIPT 13
SEND(test(1,10,6)) got RECEIPT 14
SEND(test(1,10,5)) got RECEIPT 15
SEND(test(1,10,4)) got RECEIPT 16
SEND(test(1,10,3)) got RECEIPT 17
SEND(test(1,10,2)) got RECEIPT 18
SEND(test(1,10,1)) got RECEIPT 19
SEND(test(1,9,20)) got RECEIPT 20
SEND(test(1,9,19)) got RECEIPT 21
SEND(test(1,9,18)) got RECEIPT 22
SEND(test(1,9,17)) got RECEIPT 23
SEND(test(1,9,16)) got RECEIPT 24
SEND(test(1,9,15)) got RECEIPT 25
SEND(test(1,9,14)) got RECEIPT 26
SEND(test(1,9,13)) got RECEIPT 27
SEND(test(1,9,12)) got RECEIPT 28
SEND(test(1,9,11)) got RECEIPT 29
SEND(test(1,9,10)) got RECEIPT 30
SEND(test(1,9,9)) got RECEIPT 31
SEND(test(1,9,8)) got RECEIPT 32
SEND(test(1,9,7)) got RECEIPT 33
SEND(test(1,9,6)) got RECEIPT 34
SEND(test(1,9,5)) got RECEIPT 35
SEND(test(1,9,4)) got RECEIPT 36
SEND(test(1,9,3)) got RECEIPT 37
SEND(test(1,9,2)) got RECEIPT 38
SEND(test(1,9,1)) got RECEIPT 39
SEND(test(1,8,20)) got RECEIPT 40
SEND(test(1,8,19)) got RECEIPT 41
SEND(test(1,8,18)) got RECEIPT 42
SEND(test(1,8,17)) got RECEIPT 43
SEND(test(1,8,16)) got RECEIPT 44
SEND(test(1,8,15)) got RECEIPT 45
SEND(test(1,8,14)) got RECEIPT 46
SEND(test(1,8,13)) got RECEIPT 47
SEND(test(1,8,12)) got RECEIPT 48
SEND(test(1,8,11)) got RECEIPT 49
SEND(test(1,8,10)) got RECEIPT 50
SEND(test(1,8,9)) got RECEIPT 51
SEND(test(1,8,8)) got RECEIPT 52
SEND(test(1,8,7)) got RECEIPT 53
SEND(test(1,8,6)) got RECEIPT 54
SEND(test(1,8,5)) got RECEIPT 55
SEND(test(1,8,4)) got RECEIPT 56
SEND(test(1,8,3)) got RECEIPT 57
SEND(test(1,8,2)) got RECEIPT 58
SEND(test(1,8,1)) got RECEIPT 59
SEND(test(1,7,20)) got RECEIPT 60
SEND(test(1,7,19)) got RECEIPT 61
SEND(test(1,7,18)) got RECEIPT 62
SEND(test(1,7,17)) got RECEIPT 63
SEND(test(1,7,16)) got RECEIPT 64
SEND(test(1,7,15)) got RECEIPT 65
SEND(test(1,7,14)) got RECEIPT 66
SEND(test(1,7,13)) got RECEIPT 67
SEND(test(1,7,12)) got RECEIPT 68
SEND(test(1,7,11)) got RECEIPT 69
SEND(test(1,7,10)) got RECEIPT 70
SEND(test(1,7,9)) got RECEIPT 71
SEND(test(1,7,8)) got RECEIPT 72
SEND(test(1,7,7)) got RECEIPT 73
SEND(test(1,7,6)) got RECEIPT 74
SEND(test(1,7,5)) got RECEIPT 75
SEND(test(1,7,4)) got RECEIPT 76
SEND(test(1,7,3)) got RECEIPT 77
SEND(test(1,7,2)) got RECEIPT 78
SEND(test(1,7,1)) got RECEIPT 79
SEND(test(1,6,20)) got RECEIPT 80
SEND(test(1,6,19)) got RECEIPT 81
SEND(test(1,6,18)) got RECEIPT 82
SEND(test(1,6,17)) got RECEIPT 83
SEND(test(1,6,16)) got RECEIPT 84
SEND(test(1,6,15)) got RECEIPT 85
SEND(test(1,6,14)) got RECEIPT 86
SEND(test(1,6,13)) got RECEIPT 87
SEND(test(1,6,12)) got RECEIPT 88
SEND(test(1,6,11)) got RECEIPT 89
SEND(test(1,6,10)) got RECEIPT 90
SEND(test(1,6,9)) got RECEIPT 91
SEND(test(1,6,8)) got RECEIPT 92
SEND(test(1,6,7)) got RECEIPT 93
SEND(test(1,6,6)) got RECEIPT 94
SEND(test(1,6,5)) got RECEIPT 95
SEND(test(1,6,4)) got RECEIPT 96
SEND(test(1,6,3)) got RECEIPT 97
SEND(test(1,6,2)) got RECEIPT 98
SEND(test(1,6,1)) got RECEIPT 99
SEND(test(1,5,20)) got RECEIPT 100
SEND(test(1,5,19)) got RECEIPT 101
SEND(test(1,5,18)) got RECEIPT 102
SEND(test(1,5,17)) got RECEIPT 103
SEND(test(1,5,16)) got RECEIPT 104
SEND(test(1,5,15)) got RECEIPT 105
SEND(test(1,5,14)) got RECEIPT 106
SEND(test(1,5,13)) got RECEIPT 107
SEND(test(1,5,12)) got RECEIPT 108
SEND(test(1,5,11)) got RECEIPT 109
SEND(test(1,5,10)) got RECEIPT 110
SEND(test(1,5,9)) got RECEIPT 111
SEND(test(1,5,8)) got RECEIPT 112
SEND(test(1,5,7)) got RECEIPT 113
SEND(test(1,5,6)) got RECEIPT 114
SEND(test(1,5,5)) got RECEIPT 115
SEND(test(1,5,4)) got RECEIPT 116
SEND(test(1,5,3)) got RECEIPT 117
SEND(test(1,5,2)) got RECEIPT 118
SEND(test(1,5,1)) got RECEIPT 119
SEND(test(1,4,20)) got RECEIPT 120
SEND(test(0,4,19)) got RECEIPT 121
SEND(test(0,4,18)) got RECEIPT 122
SEND(test(0,4,17)) got RECEIPT 123
SEND(test(0,4,16)) got RECEIPT 124
SEND(test(0,4,15)) got RECEIPT 125
SEND(test(0,4,14)) got RECEIPT 126
SEND(test(0,4,13)) got RECEIPT 127
SEND(test(0,4,12)) got RECEIPT 128
SEND(test(0,4,11)) got RECEIPT 129
SEND(test(0,4,10)) got RECEIPT 130
SEND(test(0,4,9)) got RECEIPT 131
SEND(test(0,4,8)) got RECEIPT 132
SEND(test(0,4,7)) got RECEIPT 133
SEND(test(0,4,6)) got RECEIPT 134
SEND(test(0,4,5)) got RECEIPT 135
SEND(test(0,4,4)) got RECEIPT 136
SEND(test(0,4,3)) got RECEIPT 137
SEND(test(0,4,2)) got RECEIPT 138
SEND(test(0,4,1)) got RECEIPT 139
SEND(test(0,3,20)) got RECEIPT 140
SEND(test(0,3,19)) got RECEIPT 141
SEND(test(0,3,18)) got RECEIPT 142
SEND(test(0,3,17)) got RECEIPT 143
SEND(test(0,3,16)) got RECEIPT 144
SEND(test(0,3,15)) got RECEIPT 145
SEND(test(0,3,14)) got RECEIPT 146
SEND(test(0,3,13)) got RECEIPT 147
SEND(test(0,3,12)) got RECEIPT 148
SEND(test(0,3,11)) got RECEIPT 149
SEND(test(0,3,10)) got RECEIPT 150
SEND(test(0,3,9)) got RECEIPT 151
SEND(test(0,3,8)) got RECEIPT 152
SEND(test(0,3,7)) got RECEIPT 153
SEND(test(0,3,6)) got RECEIPT 154
SEND(test(0,3,5)) got RECEIPT 155
SEND(test(0,3,4)) got RECEIPT 156
SEND(test(0,3,3)) got RECEIPT 157
SEND(test(0,3,2)) got RECEIPT 158
SEND(test(0,3,1)) got RECEIPT 159
SEND(test(0,2,20)) got RECEIPT 160
SEND(test(0,2,19)) got RECEIPT 161
SEND(test(0,2,18)) got RECEIPT 162
SEND(test(0,2,17)) got RECEIPT 163
SEND(test(0,2,16)) got RECEIPT 164
SEND(test(0,2,15)) got RECEIPT 165
SEND(test(0,2,14)) got RECEIPT 166
SEND(test(0,2,13)) got RECEIPT 167
SEND(test(0,2,12)) got RECEIPT 168
SEND(test(0,2,11)) got RECEIPT 169
SEND(test(0,2,10)) got RECEIPT 170
SEND(test(0,2,9)) got RECEIPT 171
SEND(test(0,2,8)) got RECEIPT 172
SEND(test(0,2,7)) got RECEIPT 173
SEND(test(0,2,6)) got RECEIPT 174
SEND(test(0,2,5)) got RECEIPT 175
SEND(test(0,2,4)) got RECEIPT 176
SEND(test(0,2,3)) got RECEIPT 177
SEND(test(0,2,2)) got RECEIPT 178
SEND(test(0,2,1)) got RECEIPT 179
SEND(test(0,1,20)) got RECEIPT 180
SEND(test(0,1,19)) got RECEIPT 181
SEND(test(0,1,18)) got RECEIPT 182
SEND(test(0,1,17)) got RECEIPT 183
SEND(test(0,1,16)) got RECEIPT 184
SEND(test(0,1,15)) got RECEIPT 185
SEND(test(0,1,14)) got RECEIPT 186
SEND(test(0,1,13)) got RECEIPT 187
SEND(test(0,1,12)) got RECEIPT 188
SEND(test(0,1,11)) got RECEIPT 189
SEND(test(0,1,10)) got RECEIPT 190
SEND(test(0,1,9)) got RECEIPT 191
SEND(test(0,1,8)) got RECEIPT 192
SEND(test(0,1,7)) got RECEIPT 193
SEND(test(0,1,6)) got RECEIPT 194
SEND(test(0,1,5)) got RECEIPT 195
SEND(test(0,1,4)) got RECEIPT 196
SEND(test(0,1,3)) got RECEIPT 197
SEND(test(0,1,2)) got RECEIPT 198
SEND(test(0,1,1)) got RECEIPT 199
test(2,4,19)) got RECEIPT 121
SEND(test(2,4,18)) got RECEIPT 122
SEND(test(2,4,17)) got RECEIPT 123
SEND(test(2,4,16)) got RECEIPT 124
SEND(test(2,4,15)) got RECEIPT 125
SEND(test(2,4,14)) got RECEIPT 126
SEND(test(2,4,13)) got RECEIPT 127
SEND(test(2,4,12)) got RECEIPT 128
SEND(test(2,4,11)) got RECEIPT 129
SEND(test(2,4,10)) got RECEIPT 130
SEND(test(2,4,9)) got RECEIPT 131
SEND(test(2,4,8)) got RECEIPT 132
SEND(test(2,4,7)) got RECEIPT 133
SEND(test(2,4,6)) got RECEIPT 134
SEND(test(2,4,5)) got RECEIPT 135
SEND(test(2,4,4)) got RECEIPT 136
SEND(test(2,4,3)) got RECEIPT 137
SEND(test(2,4,2)) got RECEIPT 138
SEND(test(2,4,1)) got RECEIPT 139
SEND(test(2,3,20)) got RECEIPT 140
SEND(test(2,3,19)) got RECEIPT 141
SEND(test(2,3,18)) got RECEIPT 142
SEND(test(2,3,17)) got RECEIPT 143
SEND(test(2,3,16)) got RECEIPT 144
SEND(test(2,3,15)) got RECEIPT 145
SEND(test(2,3,14)) got RECEIPT 146
SEND(test(2,3,13)) got RECEIPT 147
SEND(test(2,3,12)) got RECEIPT 148
SEND(test(2,3,11)) got RECEIPT 149
SEND(test(2,3,10)) got RECEIPT 150
SEND(test(2,3,9)) got RECEIPT 151
SEND(test(2,3,8)) got RECEIPT 152
SEND(test(2,3,7)) got RECEIPT 153
SEND(test(2,3,6)) got RECEIPT 154
SEND(test(2,3,5)) got RECEIPT 155
SEND(test(2,3,4)) got RECEIPT 156
SEND(test(2,3,3)) got RECEIPT 157
SEND(test(2,3,2)) got RECEIPT 158
SEND(test(2,3,1)) got RECEIPT 159
SEND(test(2,2,20)) got RECEIPT 160
SEND(test(2,2,19)) got RECEIPT 161
SEND(test(2,2,18)) got RECEIPT 162
SEND(test(2,2,17)) got RECEIPT 163
SEND(test(2,2,16)) got RECEIPT 164
SEND(test(2,2,15)) got RECEIPT 165
SEND(test(2,2,14)) got RECEIPT 166
SEND(test(2,2,13)) got RECEIPT 167
SEND(test(2,2,12)) got RECEIPT 168
SEND(test(2,2,11)) got RECEIPT 169
SEND(test(2,2,10)) got RECEIPT 170
SEND(test(2,2,9)) got RECEIPT 171
SEND(test(2,2,8)) got RECEIPT 172
SEND(test(2,2,7)) got RECEIPT 173
SEND(test(2,2,6)) got RECEIPT 174
SEND(test(2,2,5)) got RECEIPT 175
SEND(test(2,2,4)) got RECEIPT 176
SEND(test(2,2,3)) got RECEIPT 177
SEND(test(2,2,2)) got RECEIPT 178
SEND(test(2,2,1)) got RECEIPT 179
SEND(test(2,1,20)) got RECEIPT 180
SEND(test(2,1,19)) got RECEIPT 181
SEND(test(2,1,18)) got RECEIPT 182
SEND(test(2,1,17)) got RECEIPT 183
SEND(test(2,1,16)) got RECEIPT 184
SEND(test(2,1,15)) got RECEIPT 185
SEND(test(2,1,14)) got RECEIPT 186
SEND(test(2,1,13)) got RECEIPT 187
SEND(test(2,1,12)) got RECEIPT 188
SEND(test(2,1,11)) got RECEIPT 189
SEND(test(2,1,10)) got RECEIPT 190
SEND(test(2,1,9)) got RECEIPT 191
SEND(test(2,1,8)) got RECEIPT 192
SEND(test(2,1,7)) got RECEIPT 193
SEND(test(2,1,6)) got RECEIPT 194
SEND(test(2,1,5)) got RECEIPT 195
SEND(test(2,1,4)) got RECEIPT 196
SEND(test(2,1,3)) got RECEIPT 197
SEND(test(2,1,2)) got RECEIPT 198
SEND(test(2,1,1)) got RECEIPT 199
test(1,4,19)) got RECEIPT 121
SEND(test(1,4,18)) got RECEIPT 122
SEND(test(1,4,17)) got RECEIPT 123
SEND(test(1,4,16)) got RECEIPT 124
SEND(test(1,4,15)) got RECEIPT 125
SEND(test(1,4,14)) got RECEIPT 126
SEND(test(1,4,13)) got RECEIPT 127
SEND(test(1,4,12)) got RECEIPT 128
SEND(test(1,4,11)) got RECEIPT 129
SEND(test(1,4,10)) got RECEIPT 130
SEND(test(1,4,9)) got RECEIPT 131
SEND(test(1,4,8)) got RECEIPT 132
SEND(test(1,4,7)) got RECEIPT 133
SEND(test(1,4,6)) got RECEIPT 134
SEND(test(1,4,5)) got RECEIPT 135
SEND(test(1,4,4)) got RECEIPT 136
SEND(test(1,4,3)) got RECEIPT 137
SEND(test(1,4,2)) got RECEIPT 138
SEND(test(1,4,1)) got RECEIPT 139
SEND(test(1,3,20)) got RECEIPT 140
SEND(test(1,3,19)) got RECEIPT 141
SEND(test(1,3,18)) got RECEIPT 142
SEND(test(1,3,17)) got RECEIPT 143
SEND(test(1,3,16)) got RECEIPT 144
SEND(test(1,3,15)) got RECEIPT 145
SEND(test(1,3,14)) got RECEIPT 146
SEND(test(1,3,13)) got RECEIPT 147
SEND(test(1,3,12)) got RECEIPT 148
SEND(test(1,3,11)) got RECEIPT 149
SEND(test(1,3,10)) got RECEIPT 150
SEND(test(1,3,9)) got RECEIPT 151
SEND(test(1,3,8)) got RECEIPT 152
SEND(test(1,3,7)) got RECEIPT 153
SEND(test(1,3,6)) got RECEIPT 154
SEND(test(1,3,5)) got RECEIPT 155
SEND(test(1,3,4)) got RECEIPT 156
SEND(test(1,3,3)) got RECEIPT 157
SEND(test(1,3,2)) got RECEIPT 158
SEND(test(1,3,1)) got RECEIPT 159
SEND(test(1,2,20)) got RECEIPT 160
SEND(test(1,2,19)) got RECEIPT 161
SEND(test(1,2,18)) got RECEIPT 162
SEND(test(1,2,17)) got RECEIPT 163
SEND(test(1,2,16)) got RECEIPT 164
SEND(test(1,2,15)) got RECEIPT 165
SEND(test(1,2,14)) got RECEIPT 166
SEND(test(1,2,13)) got RECEIPT 167
SEND(test(1,2,12)) got RECEIPT 168
SEND(test(1,2,11)) got RECEIPT 169
SEND(test(1,2,10)) got RECEIPT 170
SEND(test(1,2,9)) got RECEIPT 171
SEND(test(1,2,8)) got RECEIPT 172
SEND(test(1,2,7)) got RECEIPT 173
SEND(test(1,2,6)) got RECEIPT 174
SEND(test(1,2,5)) got RECEIPT 175
SEND(test(1,2,4)) got RECEIPT 176
SEND(test(1,2,3)) got RECEIPT 177
SEND(test(1,2,2)) got RECEIPT 178
SEND(test(1,2,1)) got RECEIPT 179
SEND(test(1,1,20)) got RECEIPT 180
SEND(test(1,1,19)) got RECEIPT 181
SEND(test(1,1,18)) got RECEIPT 182
SEND(test(1,1,17)) got RECEIPT 183
SEND(test(1,1,16)) got RECEIPT 184
SEND(test(1,1,15)) got RECEIPT 185
SEND(test(1,1,14)) got RECEIPT 186
SEND(test(1,1,13)) got RECEIPT 187
SEND(test(1,1,12)) got RECEIPT 188
SEND(test(1,1,11)) got RECEIPT 189
SEND(test(1,1,10)) got RECEIPT 190
SEND(test(1,1,9)) got RECEIPT 191
SEND(test(1,1,8)) got RECEIPT 192
SEND(test(1,1,7)) got RECEIPT 193
SEND(test(1,1,6)) got RECEIPT 194
SEND(test(1,1,5)) got RECEIPT 195
SEND(test(1,1,4)) got RECEIPT 196
SEND(test(1,1,3)) got RECEIPT 197
SEND(test(1,1,2)) got RECEIPT 198
SEND(test(1,1,1)) got RECEIPT 199
