Apr 2, 2011 5:12:01 PM org.apache.catalina.core.AprLifecycleListener lifecycleEvent
INFO: The Apache Tomcat Native library which allows optimal performance in production environments was not found on the java.library.path: /apps/java/j2sdk1.4.2/jre/lib/i386/client:/apps/java/j2sdk1.4.2/jre/lib/i386:/apps/java/j2sdk1.4.2/jre/../lib/i386:/home/sampo/zxid/zxidjava:/apps/lib:/apps/lib:/usr/lib:/lib
Apr 2, 2011 5:12:01 PM org.apache.coyote.http11.Http11BaseProtocol init
INFO: Initializing Coyote HTTP/1.1 on http-8080
Apr 2, 2011 5:12:01 PM org.apache.catalina.startup.Catalina load
INFO: Initialization processed in 1775 ms
Apr 2, 2011 5:12:01 PM org.apache.catalina.core.StandardService start
INFO: Starting service Catalina
Apr 2, 2011 5:12:01 PM org.apache.catalina.core.StandardEngine start
INFO: Starting Servlet Engine: Apache Tomcat/5.5.20
Apr 2, 2011 5:12:01 PM org.apache.catalina.core.StandardHost start
INFO: XML validation disabled
Apr 2, 2011 5:12:03 PM org.apache.catalina.startup.HostConfig deployWAR
INFO: Deploying web application archive axis2.war
Apr 2, 2011 5:12:15 PM org.apache.catalina.core.AprLifecycleListener lifecycleEvent
INFO: The Apache Tomcat Native library which allows optimal performance in production environments was not found on the java.library.path: /apps/java/j2sdk1.4.2/jre/lib/i386/client:/apps/java/j2sdk1.4.2/jre/lib/i386:/apps/java/j2sdk1.4.2/jre/../lib/i386:/home/sampo/zxid/zxidjava:/apps/lib:/apps/lib:/usr/lib:/lib
Apr 2, 2011 5:12:15 PM org.apache.coyote.http11.Http11BaseProtocol init
INFO: Initializing Coyote HTTP/1.1 on http-8080
Apr 2, 2011 5:12:15 PM org.apache.catalina.startup.Catalina load
INFO: Initialization processed in 1637 ms
Apr 2, 2011 5:12:16 PM org.apache.catalina.core.StandardService start
INFO: Starting service Catalina
Apr 2, 2011 5:12:16 PM org.apache.catalina.core.StandardEngine start
INFO: Starting Servlet Engine: Apache Tomcat/5.5.20
Apr 2, 2011 5:12:16 PM org.apache.catalina.core.StandardHost start
INFO: XML validation disabled
Apr 2, 2011 5:12:17 PM org.apache.catalina.startup.HostConfig deployWAR
INFO: Deploying web application archive axis2.war
Apr 2, 2011 5:12:22 PM org.apache.coyote.http11.Http11BaseProtocol start
INFO: Starting Coyote HTTP/1.1 on http-8080
Apr 2, 2011 5:12:22 PM org.apache.jk.common.ChannelSocket init
INFO: JK: ajp13 listening on /0.0.0.0:8009
Apr 2, 2011 5:12:22 PM org.apache.jk.server.JkMain start
INFO: Jk running ID=0 time=0/69  config=null
Apr 2, 2011 5:12:22 PM org.apache.catalina.storeconfig.StoreLoader load
INFO: Find registry server-registry.xml at classpath resource
Apr 2, 2011 5:12:22 PM org.apache.catalina.startup.Catalina start
INFO: Server startup in 7166 ms
